[2024-10-06T00:48:00.940+0000] {processor.py:157} INFO - Started process (PID=25773) to work on /opt/airflow/dags/data_ingestion_gcs_dag.py
[2024-10-06T00:48:00.941+0000] {processor.py:829} INFO - Processing file /opt/airflow/dags/data_ingestion_gcs_dag.py for tasks to queue
[2024-10-06T00:48:00.943+0000] {logging_mixin.py:154} INFO - [2024-10-06T00:48:00.943+0000] {dagbag.py:536} INFO - Filling up the DagBag from /opt/airflow/dags/data_ingestion_gcs_dag.py
[2024-10-06T00:48:00.958+0000] {processor.py:839} INFO - DAG(s) dict_keys(['data_ingestion_gcs_dag']) retrieved from /opt/airflow/dags/data_ingestion_gcs_dag.py
[2024-10-06T00:48:01.019+0000] {logging_mixin.py:154} INFO - [2024-10-06T00:48:01.019+0000] {dag.py:2941} INFO - Sync 1 DAGs
[2024-10-06T00:48:01.044+0000] {processor.py:179} INFO - Processing /opt/airflow/dags/data_ingestion_gcs_dag.py took 0.107 seconds
[2024-10-06T00:59:18.092+0000] {processor.py:157} INFO - Started process (PID=25827) to work on /opt/airflow/dags/data_ingestion_gcs_dag.py
[2024-10-06T00:59:18.093+0000] {processor.py:829} INFO - Processing file /opt/airflow/dags/data_ingestion_gcs_dag.py for tasks to queue
[2024-10-06T00:59:18.094+0000] {logging_mixin.py:154} INFO - [2024-10-06T00:59:18.094+0000] {dagbag.py:536} INFO - Filling up the DagBag from /opt/airflow/dags/data_ingestion_gcs_dag.py
[2024-10-06T00:59:18.107+0000] {processor.py:839} INFO - DAG(s) dict_keys(['data_ingestion_gcs_dag']) retrieved from /opt/airflow/dags/data_ingestion_gcs_dag.py
[2024-10-06T00:59:18.116+0000] {logging_mixin.py:154} INFO - [2024-10-06T00:59:18.116+0000] {dag.py:2941} INFO - Sync 1 DAGs
[2024-10-06T00:59:18.126+0000] {logging_mixin.py:154} INFO - [2024-10-06T00:59:18.126+0000] {dag.py:3722} INFO - Setting next_dagrun for data_ingestion_gcs_dag to 2024-10-06T00:00:00+00:00, run_after=2024-10-07T00:00:00+00:00
[2024-10-06T00:59:18.132+0000] {processor.py:179} INFO - Processing /opt/airflow/dags/data_ingestion_gcs_dag.py took 0.042 seconds
[2024-10-06T02:12:19.176+0000] {processor.py:157} INFO - Started process (PID=25881) to work on /opt/airflow/dags/data_ingestion_gcs_dag.py
[2024-10-06T02:12:19.176+0000] {processor.py:829} INFO - Processing file /opt/airflow/dags/data_ingestion_gcs_dag.py for tasks to queue
[2024-10-06T02:12:19.178+0000] {logging_mixin.py:154} INFO - [2024-10-06T02:12:19.178+0000] {dagbag.py:536} INFO - Filling up the DagBag from /opt/airflow/dags/data_ingestion_gcs_dag.py
[2024-10-06T02:12:19.190+0000] {processor.py:839} INFO - DAG(s) dict_keys(['data_ingestion_gcs_dag']) retrieved from /opt/airflow/dags/data_ingestion_gcs_dag.py
[2024-10-06T02:12:19.199+0000] {logging_mixin.py:154} INFO - [2024-10-06T02:12:19.199+0000] {dag.py:2941} INFO - Sync 1 DAGs
[2024-10-06T02:12:19.209+0000] {logging_mixin.py:154} INFO - [2024-10-06T02:12:19.209+0000] {dag.py:3722} INFO - Setting next_dagrun for data_ingestion_gcs_dag to 2024-10-06T00:00:00+00:00, run_after=2024-10-07T00:00:00+00:00
[2024-10-06T02:12:19.216+0000] {processor.py:179} INFO - Processing /opt/airflow/dags/data_ingestion_gcs_dag.py took 0.042 seconds
[2024-10-06T02:48:45.798+0000] {processor.py:157} INFO - Started process (PID=25935) to work on /opt/airflow/dags/data_ingestion_gcs_dag.py
[2024-10-06T02:48:45.799+0000] {processor.py:829} INFO - Processing file /opt/airflow/dags/data_ingestion_gcs_dag.py for tasks to queue
[2024-10-06T02:48:45.801+0000] {logging_mixin.py:154} INFO - [2024-10-06T02:48:45.801+0000] {dagbag.py:536} INFO - Filling up the DagBag from /opt/airflow/dags/data_ingestion_gcs_dag.py
[2024-10-06T02:48:45.819+0000] {processor.py:839} INFO - DAG(s) dict_keys(['data_ingestion_gcs_dag']) retrieved from /opt/airflow/dags/data_ingestion_gcs_dag.py
[2024-10-06T02:48:45.828+0000] {logging_mixin.py:154} INFO - [2024-10-06T02:48:45.828+0000] {dag.py:2941} INFO - Sync 1 DAGs
[2024-10-06T02:48:45.840+0000] {logging_mixin.py:154} INFO - [2024-10-06T02:48:45.840+0000] {dag.py:3722} INFO - Setting next_dagrun for data_ingestion_gcs_dag to 2024-10-06T00:00:00+00:00, run_after=2024-10-07T00:00:00+00:00
[2024-10-06T02:48:45.847+0000] {processor.py:179} INFO - Processing /opt/airflow/dags/data_ingestion_gcs_dag.py took 0.051 seconds
[2024-10-06T03:19:21.836+0000] {processor.py:157} INFO - Started process (PID=25989) to work on /opt/airflow/dags/data_ingestion_gcs_dag.py
[2024-10-06T03:19:21.836+0000] {processor.py:829} INFO - Processing file /opt/airflow/dags/data_ingestion_gcs_dag.py for tasks to queue
[2024-10-06T03:19:21.838+0000] {logging_mixin.py:154} INFO - [2024-10-06T03:19:21.838+0000] {dagbag.py:536} INFO - Filling up the DagBag from /opt/airflow/dags/data_ingestion_gcs_dag.py
[2024-10-06T03:19:21.852+0000] {processor.py:839} INFO - DAG(s) dict_keys(['data_ingestion_gcs_dag']) retrieved from /opt/airflow/dags/data_ingestion_gcs_dag.py
[2024-10-06T03:19:21.860+0000] {logging_mixin.py:154} INFO - [2024-10-06T03:19:21.860+0000] {dag.py:2941} INFO - Sync 1 DAGs
[2024-10-06T03:19:21.870+0000] {logging_mixin.py:154} INFO - [2024-10-06T03:19:21.870+0000] {dag.py:3722} INFO - Setting next_dagrun for data_ingestion_gcs_dag to 2024-10-06T00:00:00+00:00, run_after=2024-10-07T00:00:00+00:00
[2024-10-06T03:19:21.878+0000] {processor.py:179} INFO - Processing /opt/airflow/dags/data_ingestion_gcs_dag.py took 0.045 seconds
[2024-10-06T04:34:55.549+0000] {processor.py:157} INFO - Started process (PID=26043) to work on /opt/airflow/dags/data_ingestion_gcs_dag.py
[2024-10-06T04:34:55.550+0000] {processor.py:829} INFO - Processing file /opt/airflow/dags/data_ingestion_gcs_dag.py for tasks to queue
[2024-10-06T04:34:55.553+0000] {logging_mixin.py:154} INFO - [2024-10-06T04:34:55.553+0000] {dagbag.py:536} INFO - Filling up the DagBag from /opt/airflow/dags/data_ingestion_gcs_dag.py
[2024-10-06T04:34:55.569+0000] {processor.py:839} INFO - DAG(s) dict_keys(['data_ingestion_gcs_dag']) retrieved from /opt/airflow/dags/data_ingestion_gcs_dag.py
[2024-10-06T04:34:55.581+0000] {logging_mixin.py:154} INFO - [2024-10-06T04:34:55.581+0000] {dag.py:2941} INFO - Sync 1 DAGs
[2024-10-06T04:34:55.593+0000] {logging_mixin.py:154} INFO - [2024-10-06T04:34:55.593+0000] {dag.py:3722} INFO - Setting next_dagrun for data_ingestion_gcs_dag to 2024-10-06T00:00:00+00:00, run_after=2024-10-07T00:00:00+00:00
[2024-10-06T04:34:55.602+0000] {processor.py:179} INFO - Processing /opt/airflow/dags/data_ingestion_gcs_dag.py took 0.055 seconds
[2024-10-06T05:54:00.457+0000] {processor.py:157} INFO - Started process (PID=26097) to work on /opt/airflow/dags/data_ingestion_gcs_dag.py
[2024-10-06T05:54:00.458+0000] {processor.py:829} INFO - Processing file /opt/airflow/dags/data_ingestion_gcs_dag.py for tasks to queue
[2024-10-06T05:54:00.460+0000] {logging_mixin.py:154} INFO - [2024-10-06T05:54:00.460+0000] {dagbag.py:536} INFO - Filling up the DagBag from /opt/airflow/dags/data_ingestion_gcs_dag.py
[2024-10-06T05:54:00.475+0000] {processor.py:839} INFO - DAG(s) dict_keys(['data_ingestion_gcs_dag']) retrieved from /opt/airflow/dags/data_ingestion_gcs_dag.py
[2024-10-06T05:54:00.485+0000] {logging_mixin.py:154} INFO - [2024-10-06T05:54:00.485+0000] {dag.py:2941} INFO - Sync 1 DAGs
[2024-10-06T05:54:00.495+0000] {logging_mixin.py:154} INFO - [2024-10-06T05:54:00.495+0000] {dag.py:3722} INFO - Setting next_dagrun for data_ingestion_gcs_dag to 2024-10-06T00:00:00+00:00, run_after=2024-10-07T00:00:00+00:00
[2024-10-06T05:54:00.503+0000] {processor.py:179} INFO - Processing /opt/airflow/dags/data_ingestion_gcs_dag.py took 0.048 seconds
[2024-10-06T06:41:06.244+0000] {processor.py:157} INFO - Started process (PID=26151) to work on /opt/airflow/dags/data_ingestion_gcs_dag.py
[2024-10-06T06:41:06.247+0000] {processor.py:829} INFO - Processing file /opt/airflow/dags/data_ingestion_gcs_dag.py for tasks to queue
[2024-10-06T06:41:06.248+0000] {logging_mixin.py:154} INFO - [2024-10-06T06:41:06.248+0000] {dagbag.py:536} INFO - Filling up the DagBag from /opt/airflow/dags/data_ingestion_gcs_dag.py
[2024-10-06T06:41:06.264+0000] {processor.py:839} INFO - DAG(s) dict_keys(['data_ingestion_gcs_dag']) retrieved from /opt/airflow/dags/data_ingestion_gcs_dag.py
[2024-10-06T06:41:06.273+0000] {logging_mixin.py:154} INFO - [2024-10-06T06:41:06.273+0000] {dag.py:2941} INFO - Sync 1 DAGs
[2024-10-06T06:41:06.283+0000] {logging_mixin.py:154} INFO - [2024-10-06T06:41:06.283+0000] {dag.py:3722} INFO - Setting next_dagrun for data_ingestion_gcs_dag to 2024-10-06T00:00:00+00:00, run_after=2024-10-07T00:00:00+00:00
[2024-10-06T06:41:06.289+0000] {processor.py:179} INFO - Processing /opt/airflow/dags/data_ingestion_gcs_dag.py took 0.048 seconds
[2024-10-06T08:19:28.866+0000] {processor.py:157} INFO - Started process (PID=26205) to work on /opt/airflow/dags/data_ingestion_gcs_dag.py
[2024-10-06T08:19:28.867+0000] {processor.py:829} INFO - Processing file /opt/airflow/dags/data_ingestion_gcs_dag.py for tasks to queue
[2024-10-06T08:19:28.868+0000] {logging_mixin.py:154} INFO - [2024-10-06T08:19:28.868+0000] {dagbag.py:536} INFO - Filling up the DagBag from /opt/airflow/dags/data_ingestion_gcs_dag.py
[2024-10-06T08:19:28.881+0000] {processor.py:839} INFO - DAG(s) dict_keys(['data_ingestion_gcs_dag']) retrieved from /opt/airflow/dags/data_ingestion_gcs_dag.py
[2024-10-06T08:19:28.889+0000] {logging_mixin.py:154} INFO - [2024-10-06T08:19:28.889+0000] {dag.py:2941} INFO - Sync 1 DAGs
[2024-10-06T08:19:28.899+0000] {logging_mixin.py:154} INFO - [2024-10-06T08:19:28.899+0000] {dag.py:3722} INFO - Setting next_dagrun for data_ingestion_gcs_dag to 2024-10-06T00:00:00+00:00, run_after=2024-10-07T00:00:00+00:00
[2024-10-06T08:19:28.905+0000] {processor.py:179} INFO - Processing /opt/airflow/dags/data_ingestion_gcs_dag.py took 0.041 seconds
[2024-10-06T09:31:44.894+0000] {processor.py:157} INFO - Started process (PID=26259) to work on /opt/airflow/dags/data_ingestion_gcs_dag.py
[2024-10-06T09:31:44.895+0000] {processor.py:829} INFO - Processing file /opt/airflow/dags/data_ingestion_gcs_dag.py for tasks to queue
[2024-10-06T09:31:44.897+0000] {logging_mixin.py:154} INFO - [2024-10-06T09:31:44.897+0000] {dagbag.py:536} INFO - Filling up the DagBag from /opt/airflow/dags/data_ingestion_gcs_dag.py
[2024-10-06T09:31:44.913+0000] {processor.py:839} INFO - DAG(s) dict_keys(['data_ingestion_gcs_dag']) retrieved from /opt/airflow/dags/data_ingestion_gcs_dag.py
[2024-10-06T09:31:44.926+0000] {logging_mixin.py:154} INFO - [2024-10-06T09:31:44.926+0000] {dag.py:2941} INFO - Sync 1 DAGs
[2024-10-06T09:31:44.940+0000] {logging_mixin.py:154} INFO - [2024-10-06T09:31:44.940+0000] {dag.py:3722} INFO - Setting next_dagrun for data_ingestion_gcs_dag to 2024-10-06T00:00:00+00:00, run_after=2024-10-07T00:00:00+00:00
[2024-10-06T09:31:44.949+0000] {processor.py:179} INFO - Processing /opt/airflow/dags/data_ingestion_gcs_dag.py took 0.057 seconds
[2024-10-06T10:45:24.527+0000] {processor.py:157} INFO - Started process (PID=26313) to work on /opt/airflow/dags/data_ingestion_gcs_dag.py
[2024-10-06T10:45:24.528+0000] {processor.py:829} INFO - Processing file /opt/airflow/dags/data_ingestion_gcs_dag.py for tasks to queue
[2024-10-06T10:45:24.529+0000] {logging_mixin.py:154} INFO - [2024-10-06T10:45:24.529+0000] {dagbag.py:536} INFO - Filling up the DagBag from /opt/airflow/dags/data_ingestion_gcs_dag.py
[2024-10-06T10:45:24.542+0000] {processor.py:839} INFO - DAG(s) dict_keys(['data_ingestion_gcs_dag']) retrieved from /opt/airflow/dags/data_ingestion_gcs_dag.py
[2024-10-06T10:45:24.551+0000] {logging_mixin.py:154} INFO - [2024-10-06T10:45:24.551+0000] {dag.py:2941} INFO - Sync 1 DAGs
[2024-10-06T10:45:24.560+0000] {logging_mixin.py:154} INFO - [2024-10-06T10:45:24.560+0000] {dag.py:3722} INFO - Setting next_dagrun for data_ingestion_gcs_dag to 2024-10-06T00:00:00+00:00, run_after=2024-10-07T00:00:00+00:00
[2024-10-06T10:45:24.568+0000] {processor.py:179} INFO - Processing /opt/airflow/dags/data_ingestion_gcs_dag.py took 0.043 seconds
[2024-10-06T11:46:24.780+0000] {processor.py:157} INFO - Started process (PID=26367) to work on /opt/airflow/dags/data_ingestion_gcs_dag.py
[2024-10-06T11:46:24.781+0000] {processor.py:829} INFO - Processing file /opt/airflow/dags/data_ingestion_gcs_dag.py for tasks to queue
[2024-10-06T11:46:24.783+0000] {logging_mixin.py:154} INFO - [2024-10-06T11:46:24.783+0000] {dagbag.py:536} INFO - Filling up the DagBag from /opt/airflow/dags/data_ingestion_gcs_dag.py
[2024-10-06T11:46:24.798+0000] {processor.py:839} INFO - DAG(s) dict_keys(['data_ingestion_gcs_dag']) retrieved from /opt/airflow/dags/data_ingestion_gcs_dag.py
[2024-10-06T11:46:24.810+0000] {logging_mixin.py:154} INFO - [2024-10-06T11:46:24.810+0000] {dag.py:2941} INFO - Sync 1 DAGs
[2024-10-06T11:46:24.822+0000] {logging_mixin.py:154} INFO - [2024-10-06T11:46:24.822+0000] {dag.py:3722} INFO - Setting next_dagrun for data_ingestion_gcs_dag to 2024-10-06T00:00:00+00:00, run_after=2024-10-07T00:00:00+00:00
[2024-10-06T11:46:24.832+0000] {processor.py:179} INFO - Processing /opt/airflow/dags/data_ingestion_gcs_dag.py took 0.054 seconds
[2024-10-06T12:33:56.662+0000] {processor.py:157} INFO - Started process (PID=26421) to work on /opt/airflow/dags/data_ingestion_gcs_dag.py
[2024-10-06T12:33:56.664+0000] {processor.py:829} INFO - Processing file /opt/airflow/dags/data_ingestion_gcs_dag.py for tasks to queue
[2024-10-06T12:33:56.666+0000] {logging_mixin.py:154} INFO - [2024-10-06T12:33:56.666+0000] {dagbag.py:536} INFO - Filling up the DagBag from /opt/airflow/dags/data_ingestion_gcs_dag.py
[2024-10-06T12:33:56.682+0000] {processor.py:839} INFO - DAG(s) dict_keys(['data_ingestion_gcs_dag']) retrieved from /opt/airflow/dags/data_ingestion_gcs_dag.py
[2024-10-06T12:33:56.693+0000] {logging_mixin.py:154} INFO - [2024-10-06T12:33:56.693+0000] {dag.py:2941} INFO - Sync 1 DAGs
[2024-10-06T12:33:56.704+0000] {logging_mixin.py:154} INFO - [2024-10-06T12:33:56.704+0000] {dag.py:3722} INFO - Setting next_dagrun for data_ingestion_gcs_dag to 2024-10-06T00:00:00+00:00, run_after=2024-10-07T00:00:00+00:00
[2024-10-06T12:33:56.713+0000] {processor.py:179} INFO - Processing /opt/airflow/dags/data_ingestion_gcs_dag.py took 0.053 seconds
[2024-10-06T13:17:26.840+0000] {processor.py:157} INFO - Started process (PID=26475) to work on /opt/airflow/dags/data_ingestion_gcs_dag.py
[2024-10-06T13:17:26.841+0000] {processor.py:829} INFO - Processing file /opt/airflow/dags/data_ingestion_gcs_dag.py for tasks to queue
[2024-10-06T13:17:26.842+0000] {logging_mixin.py:154} INFO - [2024-10-06T13:17:26.842+0000] {dagbag.py:536} INFO - Filling up the DagBag from /opt/airflow/dags/data_ingestion_gcs_dag.py
[2024-10-06T13:17:26.854+0000] {processor.py:839} INFO - DAG(s) dict_keys(['data_ingestion_gcs_dag']) retrieved from /opt/airflow/dags/data_ingestion_gcs_dag.py
[2024-10-06T13:17:27.128+0000] {logging_mixin.py:154} INFO - [2024-10-06T13:17:27.128+0000] {dag.py:2941} INFO - Sync 1 DAGs
[2024-10-06T13:17:27.147+0000] {logging_mixin.py:154} INFO - [2024-10-06T13:17:27.146+0000] {dag.py:3722} INFO - Setting next_dagrun for data_ingestion_gcs_dag to 2024-10-06T00:00:00+00:00, run_after=2024-10-07T00:00:00+00:00
[2024-10-06T13:17:27.233+0000] {processor.py:179} INFO - Processing /opt/airflow/dags/data_ingestion_gcs_dag.py took 0.395 seconds
[2024-10-06T14:49:25.697+0000] {processor.py:157} INFO - Started process (PID=26529) to work on /opt/airflow/dags/data_ingestion_gcs_dag.py
[2024-10-06T14:49:25.697+0000] {processor.py:829} INFO - Processing file /opt/airflow/dags/data_ingestion_gcs_dag.py for tasks to queue
[2024-10-06T14:49:25.700+0000] {logging_mixin.py:154} INFO - [2024-10-06T14:49:25.699+0000] {dagbag.py:536} INFO - Filling up the DagBag from /opt/airflow/dags/data_ingestion_gcs_dag.py
[2024-10-06T14:49:25.715+0000] {processor.py:839} INFO - DAG(s) dict_keys(['data_ingestion_gcs_dag']) retrieved from /opt/airflow/dags/data_ingestion_gcs_dag.py
[2024-10-06T14:49:25.728+0000] {logging_mixin.py:154} INFO - [2024-10-06T14:49:25.728+0000] {dag.py:2941} INFO - Sync 1 DAGs
[2024-10-06T14:49:25.742+0000] {logging_mixin.py:154} INFO - [2024-10-06T14:49:25.742+0000] {dag.py:3722} INFO - Setting next_dagrun for data_ingestion_gcs_dag to 2024-10-06T00:00:00+00:00, run_after=2024-10-07T00:00:00+00:00
[2024-10-06T14:49:25.753+0000] {processor.py:179} INFO - Processing /opt/airflow/dags/data_ingestion_gcs_dag.py took 0.059 seconds
[2024-10-06T15:50:29.904+0000] {processor.py:157} INFO - Started process (PID=26583) to work on /opt/airflow/dags/data_ingestion_gcs_dag.py
[2024-10-06T15:50:29.905+0000] {processor.py:829} INFO - Processing file /opt/airflow/dags/data_ingestion_gcs_dag.py for tasks to queue
[2024-10-06T15:50:29.906+0000] {logging_mixin.py:154} INFO - [2024-10-06T15:50:29.906+0000] {dagbag.py:536} INFO - Filling up the DagBag from /opt/airflow/dags/data_ingestion_gcs_dag.py
[2024-10-06T15:50:29.919+0000] {processor.py:839} INFO - DAG(s) dict_keys(['data_ingestion_gcs_dag']) retrieved from /opt/airflow/dags/data_ingestion_gcs_dag.py
[2024-10-06T15:50:29.927+0000] {logging_mixin.py:154} INFO - [2024-10-06T15:50:29.927+0000] {dag.py:2941} INFO - Sync 1 DAGs
[2024-10-06T15:50:29.938+0000] {logging_mixin.py:154} INFO - [2024-10-06T15:50:29.937+0000] {dag.py:3722} INFO - Setting next_dagrun for data_ingestion_gcs_dag to 2024-10-06T00:00:00+00:00, run_after=2024-10-07T00:00:00+00:00
[2024-10-06T15:50:29.944+0000] {processor.py:179} INFO - Processing /opt/airflow/dags/data_ingestion_gcs_dag.py took 0.043 seconds
[2024-10-06T16:11:22.399+0000] {processor.py:157} INFO - Started process (PID=26637) to work on /opt/airflow/dags/data_ingestion_gcs_dag.py
[2024-10-06T16:11:22.400+0000] {processor.py:829} INFO - Processing file /opt/airflow/dags/data_ingestion_gcs_dag.py for tasks to queue
[2024-10-06T16:11:22.402+0000] {logging_mixin.py:154} INFO - [2024-10-06T16:11:22.402+0000] {dagbag.py:536} INFO - Filling up the DagBag from /opt/airflow/dags/data_ingestion_gcs_dag.py
[2024-10-06T16:11:22.418+0000] {processor.py:839} INFO - DAG(s) dict_keys(['data_ingestion_gcs_dag']) retrieved from /opt/airflow/dags/data_ingestion_gcs_dag.py
[2024-10-06T16:11:22.432+0000] {logging_mixin.py:154} INFO - [2024-10-06T16:11:22.431+0000] {dag.py:2941} INFO - Sync 1 DAGs
[2024-10-06T16:11:22.444+0000] {logging_mixin.py:154} INFO - [2024-10-06T16:11:22.444+0000] {dag.py:3722} INFO - Setting next_dagrun for data_ingestion_gcs_dag to 2024-10-06T00:00:00+00:00, run_after=2024-10-07T00:00:00+00:00
[2024-10-06T16:11:22.456+0000] {processor.py:179} INFO - Processing /opt/airflow/dags/data_ingestion_gcs_dag.py took 0.059 seconds
[2024-10-06T16:16:59.865+0000] {processor.py:157} INFO - Started process (PID=26691) to work on /opt/airflow/dags/data_ingestion_gcs_dag.py
[2024-10-06T16:16:59.866+0000] {processor.py:829} INFO - Processing file /opt/airflow/dags/data_ingestion_gcs_dag.py for tasks to queue
[2024-10-06T16:16:59.868+0000] {logging_mixin.py:154} INFO - [2024-10-06T16:16:59.868+0000] {dagbag.py:536} INFO - Filling up the DagBag from /opt/airflow/dags/data_ingestion_gcs_dag.py
[2024-10-06T16:16:59.882+0000] {processor.py:839} INFO - DAG(s) dict_keys(['data_ingestion_gcs_dag']) retrieved from /opt/airflow/dags/data_ingestion_gcs_dag.py
[2024-10-06T16:16:59.892+0000] {logging_mixin.py:154} INFO - [2024-10-06T16:16:59.891+0000] {dag.py:2941} INFO - Sync 1 DAGs
[2024-10-06T16:16:59.904+0000] {logging_mixin.py:154} INFO - [2024-10-06T16:16:59.904+0000] {dag.py:3722} INFO - Setting next_dagrun for data_ingestion_gcs_dag to 2024-10-06T00:00:00+00:00, run_after=2024-10-07T00:00:00+00:00
[2024-10-06T16:16:59.914+0000] {processor.py:179} INFO - Processing /opt/airflow/dags/data_ingestion_gcs_dag.py took 0.050 seconds
[2024-10-06T17:25:36.777+0000] {processor.py:157} INFO - Started process (PID=26745) to work on /opt/airflow/dags/data_ingestion_gcs_dag.py
[2024-10-06T17:25:36.778+0000] {processor.py:829} INFO - Processing file /opt/airflow/dags/data_ingestion_gcs_dag.py for tasks to queue
[2024-10-06T17:25:36.780+0000] {logging_mixin.py:154} INFO - [2024-10-06T17:25:36.780+0000] {dagbag.py:536} INFO - Filling up the DagBag from /opt/airflow/dags/data_ingestion_gcs_dag.py
[2024-10-06T17:25:36.795+0000] {processor.py:839} INFO - DAG(s) dict_keys(['data_ingestion_gcs_dag']) retrieved from /opt/airflow/dags/data_ingestion_gcs_dag.py
[2024-10-06T17:25:36.805+0000] {logging_mixin.py:154} INFO - [2024-10-06T17:25:36.805+0000] {dag.py:2941} INFO - Sync 1 DAGs
[2024-10-06T17:25:36.819+0000] {logging_mixin.py:154} INFO - [2024-10-06T17:25:36.819+0000] {dag.py:3722} INFO - Setting next_dagrun for data_ingestion_gcs_dag to 2024-10-06T00:00:00+00:00, run_after=2024-10-07T00:00:00+00:00
[2024-10-06T17:25:36.829+0000] {processor.py:179} INFO - Processing /opt/airflow/dags/data_ingestion_gcs_dag.py took 0.054 seconds
[2024-10-06T17:48:09.265+0000] {processor.py:157} INFO - Started process (PID=26799) to work on /opt/airflow/dags/data_ingestion_gcs_dag.py
[2024-10-06T17:48:09.266+0000] {processor.py:829} INFO - Processing file /opt/airflow/dags/data_ingestion_gcs_dag.py for tasks to queue
[2024-10-06T17:48:09.268+0000] {logging_mixin.py:154} INFO - [2024-10-06T17:48:09.267+0000] {dagbag.py:536} INFO - Filling up the DagBag from /opt/airflow/dags/data_ingestion_gcs_dag.py
[2024-10-06T17:48:09.281+0000] {processor.py:839} INFO - DAG(s) dict_keys(['data_ingestion_gcs_dag']) retrieved from /opt/airflow/dags/data_ingestion_gcs_dag.py
[2024-10-06T17:48:09.290+0000] {logging_mixin.py:154} INFO - [2024-10-06T17:48:09.290+0000] {dag.py:2941} INFO - Sync 1 DAGs
[2024-10-06T17:48:09.300+0000] {logging_mixin.py:154} INFO - [2024-10-06T17:48:09.300+0000] {dag.py:3722} INFO - Setting next_dagrun for data_ingestion_gcs_dag to 2024-10-06T00:00:00+00:00, run_after=2024-10-07T00:00:00+00:00
[2024-10-06T17:48:09.307+0000] {processor.py:179} INFO - Processing /opt/airflow/dags/data_ingestion_gcs_dag.py took 0.044 seconds
[2024-10-06T18:17:57.582+0000] {processor.py:157} INFO - Started process (PID=26853) to work on /opt/airflow/dags/data_ingestion_gcs_dag.py
[2024-10-06T18:17:57.582+0000] {processor.py:829} INFO - Processing file /opt/airflow/dags/data_ingestion_gcs_dag.py for tasks to queue
[2024-10-06T18:17:57.584+0000] {logging_mixin.py:154} INFO - [2024-10-06T18:17:57.584+0000] {dagbag.py:536} INFO - Filling up the DagBag from /opt/airflow/dags/data_ingestion_gcs_dag.py
[2024-10-06T18:17:57.596+0000] {processor.py:839} INFO - DAG(s) dict_keys(['data_ingestion_gcs_dag']) retrieved from /opt/airflow/dags/data_ingestion_gcs_dag.py
[2024-10-06T18:17:57.605+0000] {logging_mixin.py:154} INFO - [2024-10-06T18:17:57.605+0000] {dag.py:2941} INFO - Sync 1 DAGs
[2024-10-06T18:17:57.617+0000] {logging_mixin.py:154} INFO - [2024-10-06T18:17:57.616+0000] {dag.py:3722} INFO - Setting next_dagrun for data_ingestion_gcs_dag to 2024-10-06T00:00:00+00:00, run_after=2024-10-07T00:00:00+00:00
[2024-10-06T18:17:57.624+0000] {processor.py:179} INFO - Processing /opt/airflow/dags/data_ingestion_gcs_dag.py took 0.044 seconds
[2024-10-06T19:43:22.085+0000] {processor.py:157} INFO - Started process (PID=26907) to work on /opt/airflow/dags/data_ingestion_gcs_dag.py
[2024-10-06T19:43:22.086+0000] {processor.py:829} INFO - Processing file /opt/airflow/dags/data_ingestion_gcs_dag.py for tasks to queue
[2024-10-06T19:43:22.088+0000] {logging_mixin.py:154} INFO - [2024-10-06T19:43:22.087+0000] {dagbag.py:536} INFO - Filling up the DagBag from /opt/airflow/dags/data_ingestion_gcs_dag.py
[2024-10-06T19:43:22.102+0000] {processor.py:839} INFO - DAG(s) dict_keys(['data_ingestion_gcs_dag']) retrieved from /opt/airflow/dags/data_ingestion_gcs_dag.py
[2024-10-06T19:43:22.112+0000] {logging_mixin.py:154} INFO - [2024-10-06T19:43:22.111+0000] {dag.py:2941} INFO - Sync 1 DAGs
[2024-10-06T19:43:22.122+0000] {logging_mixin.py:154} INFO - [2024-10-06T19:43:22.122+0000] {dag.py:3722} INFO - Setting next_dagrun for data_ingestion_gcs_dag to 2024-10-06T00:00:00+00:00, run_after=2024-10-07T00:00:00+00:00
[2024-10-06T19:43:22.129+0000] {processor.py:179} INFO - Processing /opt/airflow/dags/data_ingestion_gcs_dag.py took 0.047 seconds
[2024-10-06T20:31:09.315+0000] {processor.py:157} INFO - Started process (PID=26961) to work on /opt/airflow/dags/data_ingestion_gcs_dag.py
[2024-10-06T20:31:09.315+0000] {processor.py:829} INFO - Processing file /opt/airflow/dags/data_ingestion_gcs_dag.py for tasks to queue
[2024-10-06T20:31:09.317+0000] {logging_mixin.py:154} INFO - [2024-10-06T20:31:09.317+0000] {dagbag.py:536} INFO - Filling up the DagBag from /opt/airflow/dags/data_ingestion_gcs_dag.py
[2024-10-06T20:31:09.330+0000] {processor.py:839} INFO - DAG(s) dict_keys(['data_ingestion_gcs_dag']) retrieved from /opt/airflow/dags/data_ingestion_gcs_dag.py
[2024-10-06T20:31:09.338+0000] {logging_mixin.py:154} INFO - [2024-10-06T20:31:09.338+0000] {dag.py:2941} INFO - Sync 1 DAGs
[2024-10-06T20:31:09.347+0000] {logging_mixin.py:154} INFO - [2024-10-06T20:31:09.347+0000] {dag.py:3722} INFO - Setting next_dagrun for data_ingestion_gcs_dag to 2024-10-06T00:00:00+00:00, run_after=2024-10-07T00:00:00+00:00
[2024-10-06T20:31:09.354+0000] {processor.py:179} INFO - Processing /opt/airflow/dags/data_ingestion_gcs_dag.py took 0.041 seconds
[2024-10-06T20:40:14.182+0000] {processor.py:157} INFO - Started process (PID=27015) to work on /opt/airflow/dags/data_ingestion_gcs_dag.py
[2024-10-06T20:40:14.183+0000] {processor.py:829} INFO - Processing file /opt/airflow/dags/data_ingestion_gcs_dag.py for tasks to queue
[2024-10-06T20:40:14.186+0000] {logging_mixin.py:154} INFO - [2024-10-06T20:40:14.185+0000] {dagbag.py:536} INFO - Filling up the DagBag from /opt/airflow/dags/data_ingestion_gcs_dag.py
[2024-10-06T20:40:14.205+0000] {processor.py:839} INFO - DAG(s) dict_keys(['data_ingestion_gcs_dag']) retrieved from /opt/airflow/dags/data_ingestion_gcs_dag.py
[2024-10-06T20:40:14.216+0000] {logging_mixin.py:154} INFO - [2024-10-06T20:40:14.216+0000] {dag.py:2941} INFO - Sync 1 DAGs
[2024-10-06T20:40:14.228+0000] {logging_mixin.py:154} INFO - [2024-10-06T20:40:14.228+0000] {dag.py:3722} INFO - Setting next_dagrun for data_ingestion_gcs_dag to 2024-10-06T00:00:00+00:00, run_after=2024-10-07T00:00:00+00:00
[2024-10-06T20:40:14.280+0000] {processor.py:179} INFO - Processing /opt/airflow/dags/data_ingestion_gcs_dag.py took 0.103 seconds
[2024-10-06T20:43:24.599+0000] {processor.py:157} INFO - Started process (PID=27069) to work on /opt/airflow/dags/data_ingestion_gcs_dag.py
[2024-10-06T20:43:24.600+0000] {processor.py:829} INFO - Processing file /opt/airflow/dags/data_ingestion_gcs_dag.py for tasks to queue
[2024-10-06T20:43:24.602+0000] {logging_mixin.py:154} INFO - [2024-10-06T20:43:24.602+0000] {dagbag.py:536} INFO - Filling up the DagBag from /opt/airflow/dags/data_ingestion_gcs_dag.py
[2024-10-06T20:43:24.618+0000] {processor.py:839} INFO - DAG(s) dict_keys(['data_ingestion_gcs_dag']) retrieved from /opt/airflow/dags/data_ingestion_gcs_dag.py
[2024-10-06T20:43:24.629+0000] {logging_mixin.py:154} INFO - [2024-10-06T20:43:24.629+0000] {dag.py:2941} INFO - Sync 1 DAGs
[2024-10-06T20:43:24.642+0000] {logging_mixin.py:154} INFO - [2024-10-06T20:43:24.642+0000] {dag.py:3722} INFO - Setting next_dagrun for data_ingestion_gcs_dag to 2024-10-06T00:00:00+00:00, run_after=2024-10-07T00:00:00+00:00
[2024-10-06T20:43:24.651+0000] {processor.py:179} INFO - Processing /opt/airflow/dags/data_ingestion_gcs_dag.py took 0.054 seconds
[2024-10-06T21:12:02.666+0000] {processor.py:157} INFO - Started process (PID=27123) to work on /opt/airflow/dags/data_ingestion_gcs_dag.py
[2024-10-06T21:12:02.667+0000] {processor.py:829} INFO - Processing file /opt/airflow/dags/data_ingestion_gcs_dag.py for tasks to queue
[2024-10-06T21:12:02.669+0000] {logging_mixin.py:154} INFO - [2024-10-06T21:12:02.669+0000] {dagbag.py:536} INFO - Filling up the DagBag from /opt/airflow/dags/data_ingestion_gcs_dag.py
[2024-10-06T21:12:02.686+0000] {processor.py:839} INFO - DAG(s) dict_keys(['data_ingestion_gcs_dag']) retrieved from /opt/airflow/dags/data_ingestion_gcs_dag.py
[2024-10-06T21:12:02.700+0000] {logging_mixin.py:154} INFO - [2024-10-06T21:12:02.700+0000] {dag.py:2941} INFO - Sync 1 DAGs
[2024-10-06T21:12:02.714+0000] {logging_mixin.py:154} INFO - [2024-10-06T21:12:02.714+0000] {dag.py:3722} INFO - Setting next_dagrun for data_ingestion_gcs_dag to 2024-10-06T00:00:00+00:00, run_after=2024-10-07T00:00:00+00:00
[2024-10-06T21:12:02.725+0000] {processor.py:179} INFO - Processing /opt/airflow/dags/data_ingestion_gcs_dag.py took 0.062 seconds
[2024-10-06T21:13:25.628+0000] {processor.py:157} INFO - Started process (PID=27177) to work on /opt/airflow/dags/data_ingestion_gcs_dag.py
[2024-10-06T21:13:25.629+0000] {processor.py:829} INFO - Processing file /opt/airflow/dags/data_ingestion_gcs_dag.py for tasks to queue
[2024-10-06T21:13:25.631+0000] {logging_mixin.py:154} INFO - [2024-10-06T21:13:25.631+0000] {dagbag.py:536} INFO - Filling up the DagBag from /opt/airflow/dags/data_ingestion_gcs_dag.py
[2024-10-06T21:13:25.647+0000] {processor.py:839} INFO - DAG(s) dict_keys(['data_ingestion_gcs_dag']) retrieved from /opt/airflow/dags/data_ingestion_gcs_dag.py
[2024-10-06T21:13:25.657+0000] {logging_mixin.py:154} INFO - [2024-10-06T21:13:25.656+0000] {dag.py:2941} INFO - Sync 1 DAGs
[2024-10-06T21:13:25.667+0000] {logging_mixin.py:154} INFO - [2024-10-06T21:13:25.667+0000] {dag.py:3722} INFO - Setting next_dagrun for data_ingestion_gcs_dag to 2024-10-06T00:00:00+00:00, run_after=2024-10-07T00:00:00+00:00
[2024-10-06T21:13:25.675+0000] {processor.py:179} INFO - Processing /opt/airflow/dags/data_ingestion_gcs_dag.py took 0.051 seconds
[2024-10-06T21:23:59.777+0000] {processor.py:157} INFO - Started process (PID=27231) to work on /opt/airflow/dags/data_ingestion_gcs_dag.py
[2024-10-06T21:23:59.778+0000] {processor.py:829} INFO - Processing file /opt/airflow/dags/data_ingestion_gcs_dag.py for tasks to queue
[2024-10-06T21:23:59.779+0000] {logging_mixin.py:154} INFO - [2024-10-06T21:23:59.779+0000] {dagbag.py:536} INFO - Filling up the DagBag from /opt/airflow/dags/data_ingestion_gcs_dag.py
[2024-10-06T21:23:59.790+0000] {processor.py:839} INFO - DAG(s) dict_keys(['data_ingestion_gcs_dag']) retrieved from /opt/airflow/dags/data_ingestion_gcs_dag.py
[2024-10-06T21:23:59.797+0000] {logging_mixin.py:154} INFO - [2024-10-06T21:23:59.797+0000] {dag.py:2941} INFO - Sync 1 DAGs
[2024-10-06T21:23:59.806+0000] {logging_mixin.py:154} INFO - [2024-10-06T21:23:59.806+0000] {dag.py:3722} INFO - Setting next_dagrun for data_ingestion_gcs_dag to 2024-10-06T00:00:00+00:00, run_after=2024-10-07T00:00:00+00:00
[2024-10-06T21:23:59.813+0000] {processor.py:179} INFO - Processing /opt/airflow/dags/data_ingestion_gcs_dag.py took 0.038 seconds
[2024-10-06T22:02:21.374+0000] {processor.py:157} INFO - Started process (PID=27285) to work on /opt/airflow/dags/data_ingestion_gcs_dag.py
[2024-10-06T22:02:21.375+0000] {processor.py:829} INFO - Processing file /opt/airflow/dags/data_ingestion_gcs_dag.py for tasks to queue
[2024-10-06T22:02:21.377+0000] {logging_mixin.py:154} INFO - [2024-10-06T22:02:21.377+0000] {dagbag.py:536} INFO - Filling up the DagBag from /opt/airflow/dags/data_ingestion_gcs_dag.py
[2024-10-06T22:02:21.394+0000] {processor.py:839} INFO - DAG(s) dict_keys(['data_ingestion_gcs_dag']) retrieved from /opt/airflow/dags/data_ingestion_gcs_dag.py
[2024-10-06T22:02:21.411+0000] {logging_mixin.py:154} INFO - [2024-10-06T22:02:21.410+0000] {dag.py:2941} INFO - Sync 1 DAGs
[2024-10-06T22:02:21.426+0000] {logging_mixin.py:154} INFO - [2024-10-06T22:02:21.426+0000] {dag.py:3722} INFO - Setting next_dagrun for data_ingestion_gcs_dag to 2024-10-06T00:00:00+00:00, run_after=2024-10-07T00:00:00+00:00
[2024-10-06T22:02:21.440+0000] {processor.py:179} INFO - Processing /opt/airflow/dags/data_ingestion_gcs_dag.py took 0.068 seconds
[2024-10-06T22:28:54.359+0000] {processor.py:157} INFO - Started process (PID=27339) to work on /opt/airflow/dags/data_ingestion_gcs_dag.py
[2024-10-06T22:28:54.361+0000] {processor.py:829} INFO - Processing file /opt/airflow/dags/data_ingestion_gcs_dag.py for tasks to queue
[2024-10-06T22:28:54.364+0000] {logging_mixin.py:154} INFO - [2024-10-06T22:28:54.363+0000] {dagbag.py:536} INFO - Filling up the DagBag from /opt/airflow/dags/data_ingestion_gcs_dag.py
[2024-10-06T22:28:54.388+0000] {processor.py:839} INFO - DAG(s) dict_keys(['data_ingestion_gcs_dag']) retrieved from /opt/airflow/dags/data_ingestion_gcs_dag.py
[2024-10-06T22:28:54.402+0000] {logging_mixin.py:154} INFO - [2024-10-06T22:28:54.402+0000] {dag.py:2941} INFO - Sync 1 DAGs
[2024-10-06T22:28:54.414+0000] {logging_mixin.py:154} INFO - [2024-10-06T22:28:54.414+0000] {dag.py:3722} INFO - Setting next_dagrun for data_ingestion_gcs_dag to 2024-10-06T00:00:00+00:00, run_after=2024-10-07T00:00:00+00:00
[2024-10-06T22:28:54.424+0000] {processor.py:179} INFO - Processing /opt/airflow/dags/data_ingestion_gcs_dag.py took 0.068 seconds
[2024-10-06T22:59:43.751+0000] {processor.py:157} INFO - Started process (PID=27393) to work on /opt/airflow/dags/data_ingestion_gcs_dag.py
[2024-10-06T22:59:43.751+0000] {processor.py:829} INFO - Processing file /opt/airflow/dags/data_ingestion_gcs_dag.py for tasks to queue
[2024-10-06T22:59:43.753+0000] {logging_mixin.py:154} INFO - [2024-10-06T22:59:43.753+0000] {dagbag.py:536} INFO - Filling up the DagBag from /opt/airflow/dags/data_ingestion_gcs_dag.py
[2024-10-06T22:59:43.766+0000] {processor.py:839} INFO - DAG(s) dict_keys(['data_ingestion_gcs_dag']) retrieved from /opt/airflow/dags/data_ingestion_gcs_dag.py
[2024-10-06T22:59:43.776+0000] {logging_mixin.py:154} INFO - [2024-10-06T22:59:43.776+0000] {dag.py:2941} INFO - Sync 1 DAGs
[2024-10-06T22:59:43.788+0000] {logging_mixin.py:154} INFO - [2024-10-06T22:59:43.788+0000] {dag.py:3722} INFO - Setting next_dagrun for data_ingestion_gcs_dag to 2024-10-06T00:00:00+00:00, run_after=2024-10-07T00:00:00+00:00
[2024-10-06T22:59:43.796+0000] {processor.py:179} INFO - Processing /opt/airflow/dags/data_ingestion_gcs_dag.py took 0.048 seconds
[2024-10-06T23:00:14.654+0000] {processor.py:157} INFO - Started process (PID=27447) to work on /opt/airflow/dags/data_ingestion_gcs_dag.py
[2024-10-06T23:00:14.655+0000] {processor.py:829} INFO - Processing file /opt/airflow/dags/data_ingestion_gcs_dag.py for tasks to queue
[2024-10-06T23:00:14.657+0000] {logging_mixin.py:154} INFO - [2024-10-06T23:00:14.657+0000] {dagbag.py:536} INFO - Filling up the DagBag from /opt/airflow/dags/data_ingestion_gcs_dag.py
[2024-10-06T23:00:14.677+0000] {processor.py:839} INFO - DAG(s) dict_keys(['data_ingestion_gcs_dag']) retrieved from /opt/airflow/dags/data_ingestion_gcs_dag.py
[2024-10-06T23:00:14.688+0000] {logging_mixin.py:154} INFO - [2024-10-06T23:00:14.688+0000] {dag.py:2941} INFO - Sync 1 DAGs
[2024-10-06T23:00:14.701+0000] {logging_mixin.py:154} INFO - [2024-10-06T23:00:14.701+0000] {dag.py:3722} INFO - Setting next_dagrun for data_ingestion_gcs_dag to 2024-10-06T00:00:00+00:00, run_after=2024-10-07T00:00:00+00:00
[2024-10-06T23:00:14.708+0000] {processor.py:179} INFO - Processing /opt/airflow/dags/data_ingestion_gcs_dag.py took 0.058 seconds
[2024-10-06T23:00:45.579+0000] {processor.py:157} INFO - Started process (PID=27501) to work on /opt/airflow/dags/data_ingestion_gcs_dag.py
[2024-10-06T23:00:45.580+0000] {processor.py:829} INFO - Processing file /opt/airflow/dags/data_ingestion_gcs_dag.py for tasks to queue
[2024-10-06T23:00:45.582+0000] {logging_mixin.py:154} INFO - [2024-10-06T23:00:45.582+0000] {dagbag.py:536} INFO - Filling up the DagBag from /opt/airflow/dags/data_ingestion_gcs_dag.py
[2024-10-06T23:00:45.598+0000] {processor.py:839} INFO - DAG(s) dict_keys(['data_ingestion_gcs_dag']) retrieved from /opt/airflow/dags/data_ingestion_gcs_dag.py
[2024-10-06T23:00:45.608+0000] {logging_mixin.py:154} INFO - [2024-10-06T23:00:45.608+0000] {dag.py:2941} INFO - Sync 1 DAGs
[2024-10-06T23:00:45.619+0000] {logging_mixin.py:154} INFO - [2024-10-06T23:00:45.619+0000] {dag.py:3722} INFO - Setting next_dagrun for data_ingestion_gcs_dag to 2024-10-06T00:00:00+00:00, run_after=2024-10-07T00:00:00+00:00
[2024-10-06T23:00:45.626+0000] {processor.py:179} INFO - Processing /opt/airflow/dags/data_ingestion_gcs_dag.py took 0.050 seconds
[2024-10-06T23:01:16.161+0000] {processor.py:157} INFO - Started process (PID=27555) to work on /opt/airflow/dags/data_ingestion_gcs_dag.py
[2024-10-06T23:01:16.162+0000] {processor.py:829} INFO - Processing file /opt/airflow/dags/data_ingestion_gcs_dag.py for tasks to queue
[2024-10-06T23:01:16.164+0000] {logging_mixin.py:154} INFO - [2024-10-06T23:01:16.164+0000] {dagbag.py:536} INFO - Filling up the DagBag from /opt/airflow/dags/data_ingestion_gcs_dag.py
[2024-10-06T23:01:16.180+0000] {processor.py:839} INFO - DAG(s) dict_keys(['data_ingestion_gcs_dag']) retrieved from /opt/airflow/dags/data_ingestion_gcs_dag.py
[2024-10-06T23:01:16.190+0000] {logging_mixin.py:154} INFO - [2024-10-06T23:01:16.190+0000] {dag.py:2941} INFO - Sync 1 DAGs
[2024-10-06T23:01:16.201+0000] {logging_mixin.py:154} INFO - [2024-10-06T23:01:16.201+0000] {dag.py:3722} INFO - Setting next_dagrun for data_ingestion_gcs_dag to 2024-10-06T00:00:00+00:00, run_after=2024-10-07T00:00:00+00:00
[2024-10-06T23:01:16.209+0000] {processor.py:179} INFO - Processing /opt/airflow/dags/data_ingestion_gcs_dag.py took 0.052 seconds
[2024-10-06T23:01:46.686+0000] {processor.py:157} INFO - Started process (PID=27609) to work on /opt/airflow/dags/data_ingestion_gcs_dag.py
[2024-10-06T23:01:46.687+0000] {processor.py:829} INFO - Processing file /opt/airflow/dags/data_ingestion_gcs_dag.py for tasks to queue
[2024-10-06T23:01:46.690+0000] {logging_mixin.py:154} INFO - [2024-10-06T23:01:46.689+0000] {dagbag.py:536} INFO - Filling up the DagBag from /opt/airflow/dags/data_ingestion_gcs_dag.py
[2024-10-06T23:01:46.705+0000] {processor.py:839} INFO - DAG(s) dict_keys(['data_ingestion_gcs_dag']) retrieved from /opt/airflow/dags/data_ingestion_gcs_dag.py
[2024-10-06T23:01:46.715+0000] {logging_mixin.py:154} INFO - [2024-10-06T23:01:46.715+0000] {dag.py:2941} INFO - Sync 1 DAGs
[2024-10-06T23:01:46.726+0000] {logging_mixin.py:154} INFO - [2024-10-06T23:01:46.726+0000] {dag.py:3722} INFO - Setting next_dagrun for data_ingestion_gcs_dag to 2024-10-06T00:00:00+00:00, run_after=2024-10-07T00:00:00+00:00
[2024-10-06T23:01:46.735+0000] {processor.py:179} INFO - Processing /opt/airflow/dags/data_ingestion_gcs_dag.py took 0.052 seconds
[2024-10-06T23:02:17.098+0000] {processor.py:157} INFO - Started process (PID=27663) to work on /opt/airflow/dags/data_ingestion_gcs_dag.py
[2024-10-06T23:02:17.099+0000] {processor.py:829} INFO - Processing file /opt/airflow/dags/data_ingestion_gcs_dag.py for tasks to queue
[2024-10-06T23:02:17.102+0000] {logging_mixin.py:154} INFO - [2024-10-06T23:02:17.101+0000] {dagbag.py:536} INFO - Filling up the DagBag from /opt/airflow/dags/data_ingestion_gcs_dag.py
[2024-10-06T23:02:17.118+0000] {processor.py:839} INFO - DAG(s) dict_keys(['data_ingestion_gcs_dag']) retrieved from /opt/airflow/dags/data_ingestion_gcs_dag.py
[2024-10-06T23:02:17.128+0000] {logging_mixin.py:154} INFO - [2024-10-06T23:02:17.127+0000] {dag.py:2941} INFO - Sync 1 DAGs
[2024-10-06T23:02:17.138+0000] {logging_mixin.py:154} INFO - [2024-10-06T23:02:17.138+0000] {dag.py:3722} INFO - Setting next_dagrun for data_ingestion_gcs_dag to 2024-10-06T00:00:00+00:00, run_after=2024-10-07T00:00:00+00:00
[2024-10-06T23:02:17.145+0000] {processor.py:179} INFO - Processing /opt/airflow/dags/data_ingestion_gcs_dag.py took 0.051 seconds
[2024-10-06T23:02:47.503+0000] {processor.py:157} INFO - Started process (PID=27717) to work on /opt/airflow/dags/data_ingestion_gcs_dag.py
[2024-10-06T23:02:47.504+0000] {processor.py:829} INFO - Processing file /opt/airflow/dags/data_ingestion_gcs_dag.py for tasks to queue
[2024-10-06T23:02:47.507+0000] {logging_mixin.py:154} INFO - [2024-10-06T23:02:47.507+0000] {dagbag.py:536} INFO - Filling up the DagBag from /opt/airflow/dags/data_ingestion_gcs_dag.py
[2024-10-06T23:02:47.525+0000] {processor.py:839} INFO - DAG(s) dict_keys(['data_ingestion_gcs_dag']) retrieved from /opt/airflow/dags/data_ingestion_gcs_dag.py
[2024-10-06T23:02:47.535+0000] {logging_mixin.py:154} INFO - [2024-10-06T23:02:47.535+0000] {dag.py:2941} INFO - Sync 1 DAGs
[2024-10-06T23:02:47.546+0000] {logging_mixin.py:154} INFO - [2024-10-06T23:02:47.546+0000] {dag.py:3722} INFO - Setting next_dagrun for data_ingestion_gcs_dag to 2024-10-06T00:00:00+00:00, run_after=2024-10-07T00:00:00+00:00
[2024-10-06T23:02:47.553+0000] {processor.py:179} INFO - Processing /opt/airflow/dags/data_ingestion_gcs_dag.py took 0.054 seconds
[2024-10-06T23:03:17.921+0000] {processor.py:157} INFO - Started process (PID=27771) to work on /opt/airflow/dags/data_ingestion_gcs_dag.py
[2024-10-06T23:03:17.922+0000] {processor.py:829} INFO - Processing file /opt/airflow/dags/data_ingestion_gcs_dag.py for tasks to queue
[2024-10-06T23:03:17.924+0000] {logging_mixin.py:154} INFO - [2024-10-06T23:03:17.924+0000] {dagbag.py:536} INFO - Filling up the DagBag from /opt/airflow/dags/data_ingestion_gcs_dag.py
[2024-10-06T23:03:17.939+0000] {processor.py:839} INFO - DAG(s) dict_keys(['data_ingestion_gcs_dag']) retrieved from /opt/airflow/dags/data_ingestion_gcs_dag.py
[2024-10-06T23:03:17.949+0000] {logging_mixin.py:154} INFO - [2024-10-06T23:03:17.949+0000] {dag.py:2941} INFO - Sync 1 DAGs
[2024-10-06T23:03:17.959+0000] {logging_mixin.py:154} INFO - [2024-10-06T23:03:17.959+0000] {dag.py:3722} INFO - Setting next_dagrun for data_ingestion_gcs_dag to 2024-10-06T00:00:00+00:00, run_after=2024-10-07T00:00:00+00:00
[2024-10-06T23:03:17.966+0000] {processor.py:179} INFO - Processing /opt/airflow/dags/data_ingestion_gcs_dag.py took 0.049 seconds
[2024-10-06T23:03:48.401+0000] {processor.py:157} INFO - Started process (PID=27825) to work on /opt/airflow/dags/data_ingestion_gcs_dag.py
[2024-10-06T23:03:48.402+0000] {processor.py:829} INFO - Processing file /opt/airflow/dags/data_ingestion_gcs_dag.py for tasks to queue
[2024-10-06T23:03:48.405+0000] {logging_mixin.py:154} INFO - [2024-10-06T23:03:48.404+0000] {dagbag.py:536} INFO - Filling up the DagBag from /opt/airflow/dags/data_ingestion_gcs_dag.py
[2024-10-06T23:03:48.422+0000] {processor.py:839} INFO - DAG(s) dict_keys(['data_ingestion_gcs_dag']) retrieved from /opt/airflow/dags/data_ingestion_gcs_dag.py
[2024-10-06T23:03:48.431+0000] {logging_mixin.py:154} INFO - [2024-10-06T23:03:48.431+0000] {dag.py:2941} INFO - Sync 1 DAGs
[2024-10-06T23:03:48.442+0000] {logging_mixin.py:154} INFO - [2024-10-06T23:03:48.442+0000] {dag.py:3722} INFO - Setting next_dagrun for data_ingestion_gcs_dag to 2024-10-06T00:00:00+00:00, run_after=2024-10-07T00:00:00+00:00
[2024-10-06T23:03:48.449+0000] {processor.py:179} INFO - Processing /opt/airflow/dags/data_ingestion_gcs_dag.py took 0.053 seconds
[2024-10-06T23:04:18.840+0000] {processor.py:157} INFO - Started process (PID=27879) to work on /opt/airflow/dags/data_ingestion_gcs_dag.py
[2024-10-06T23:04:18.841+0000] {processor.py:829} INFO - Processing file /opt/airflow/dags/data_ingestion_gcs_dag.py for tasks to queue
[2024-10-06T23:04:18.843+0000] {logging_mixin.py:154} INFO - [2024-10-06T23:04:18.843+0000] {dagbag.py:536} INFO - Filling up the DagBag from /opt/airflow/dags/data_ingestion_gcs_dag.py
[2024-10-06T23:04:18.859+0000] {processor.py:839} INFO - DAG(s) dict_keys(['data_ingestion_gcs_dag']) retrieved from /opt/airflow/dags/data_ingestion_gcs_dag.py
[2024-10-06T23:04:18.868+0000] {logging_mixin.py:154} INFO - [2024-10-06T23:04:18.868+0000] {dag.py:2941} INFO - Sync 1 DAGs
[2024-10-06T23:04:18.879+0000] {logging_mixin.py:154} INFO - [2024-10-06T23:04:18.879+0000] {dag.py:3722} INFO - Setting next_dagrun for data_ingestion_gcs_dag to 2024-10-06T00:00:00+00:00, run_after=2024-10-07T00:00:00+00:00
[2024-10-06T23:04:18.886+0000] {processor.py:179} INFO - Processing /opt/airflow/dags/data_ingestion_gcs_dag.py took 0.051 seconds
[2024-10-06T23:04:49.296+0000] {processor.py:157} INFO - Started process (PID=27933) to work on /opt/airflow/dags/data_ingestion_gcs_dag.py
[2024-10-06T23:04:49.297+0000] {processor.py:829} INFO - Processing file /opt/airflow/dags/data_ingestion_gcs_dag.py for tasks to queue
[2024-10-06T23:04:49.299+0000] {logging_mixin.py:154} INFO - [2024-10-06T23:04:49.299+0000] {dagbag.py:536} INFO - Filling up the DagBag from /opt/airflow/dags/data_ingestion_gcs_dag.py
[2024-10-06T23:04:49.315+0000] {processor.py:839} INFO - DAG(s) dict_keys(['data_ingestion_gcs_dag']) retrieved from /opt/airflow/dags/data_ingestion_gcs_dag.py
[2024-10-06T23:04:49.324+0000] {logging_mixin.py:154} INFO - [2024-10-06T23:04:49.324+0000] {dag.py:2941} INFO - Sync 1 DAGs
[2024-10-06T23:04:49.335+0000] {logging_mixin.py:154} INFO - [2024-10-06T23:04:49.334+0000] {dag.py:3722} INFO - Setting next_dagrun for data_ingestion_gcs_dag to 2024-10-06T00:00:00+00:00, run_after=2024-10-07T00:00:00+00:00
[2024-10-06T23:04:49.342+0000] {processor.py:179} INFO - Processing /opt/airflow/dags/data_ingestion_gcs_dag.py took 0.049 seconds
[2024-10-06T23:05:19.665+0000] {processor.py:157} INFO - Started process (PID=27987) to work on /opt/airflow/dags/data_ingestion_gcs_dag.py
[2024-10-06T23:05:19.665+0000] {processor.py:829} INFO - Processing file /opt/airflow/dags/data_ingestion_gcs_dag.py for tasks to queue
[2024-10-06T23:05:19.667+0000] {logging_mixin.py:154} INFO - [2024-10-06T23:05:19.667+0000] {dagbag.py:536} INFO - Filling up the DagBag from /opt/airflow/dags/data_ingestion_gcs_dag.py
[2024-10-06T23:05:19.678+0000] {processor.py:839} INFO - DAG(s) dict_keys(['data_ingestion_gcs_dag']) retrieved from /opt/airflow/dags/data_ingestion_gcs_dag.py
[2024-10-06T23:05:19.686+0000] {logging_mixin.py:154} INFO - [2024-10-06T23:05:19.686+0000] {dag.py:2941} INFO - Sync 1 DAGs
[2024-10-06T23:05:19.696+0000] {logging_mixin.py:154} INFO - [2024-10-06T23:05:19.696+0000] {dag.py:3722} INFO - Setting next_dagrun for data_ingestion_gcs_dag to 2024-10-06T00:00:00+00:00, run_after=2024-10-07T00:00:00+00:00
[2024-10-06T23:05:19.702+0000] {processor.py:179} INFO - Processing /opt/airflow/dags/data_ingestion_gcs_dag.py took 0.040 seconds
[2024-10-06T23:05:50.094+0000] {processor.py:157} INFO - Started process (PID=28041) to work on /opt/airflow/dags/data_ingestion_gcs_dag.py
[2024-10-06T23:05:50.095+0000] {processor.py:829} INFO - Processing file /opt/airflow/dags/data_ingestion_gcs_dag.py for tasks to queue
[2024-10-06T23:05:50.097+0000] {logging_mixin.py:154} INFO - [2024-10-06T23:05:50.097+0000] {dagbag.py:536} INFO - Filling up the DagBag from /opt/airflow/dags/data_ingestion_gcs_dag.py
[2024-10-06T23:05:50.113+0000] {processor.py:839} INFO - DAG(s) dict_keys(['data_ingestion_gcs_dag']) retrieved from /opt/airflow/dags/data_ingestion_gcs_dag.py
[2024-10-06T23:05:50.122+0000] {logging_mixin.py:154} INFO - [2024-10-06T23:05:50.122+0000] {dag.py:2941} INFO - Sync 1 DAGs
[2024-10-06T23:05:50.133+0000] {logging_mixin.py:154} INFO - [2024-10-06T23:05:50.133+0000] {dag.py:3722} INFO - Setting next_dagrun for data_ingestion_gcs_dag to 2024-10-06T00:00:00+00:00, run_after=2024-10-07T00:00:00+00:00
[2024-10-06T23:05:50.140+0000] {processor.py:179} INFO - Processing /opt/airflow/dags/data_ingestion_gcs_dag.py took 0.050 seconds
[2024-10-06T23:06:20.535+0000] {processor.py:157} INFO - Started process (PID=28095) to work on /opt/airflow/dags/data_ingestion_gcs_dag.py
[2024-10-06T23:06:20.536+0000] {processor.py:829} INFO - Processing file /opt/airflow/dags/data_ingestion_gcs_dag.py for tasks to queue
[2024-10-06T23:06:20.539+0000] {logging_mixin.py:154} INFO - [2024-10-06T23:06:20.539+0000] {dagbag.py:536} INFO - Filling up the DagBag from /opt/airflow/dags/data_ingestion_gcs_dag.py
[2024-10-06T23:06:20.555+0000] {processor.py:839} INFO - DAG(s) dict_keys(['data_ingestion_gcs_dag']) retrieved from /opt/airflow/dags/data_ingestion_gcs_dag.py
[2024-10-06T23:06:20.564+0000] {logging_mixin.py:154} INFO - [2024-10-06T23:06:20.564+0000] {dag.py:2941} INFO - Sync 1 DAGs
[2024-10-06T23:06:20.575+0000] {logging_mixin.py:154} INFO - [2024-10-06T23:06:20.575+0000] {dag.py:3722} INFO - Setting next_dagrun for data_ingestion_gcs_dag to 2024-10-06T00:00:00+00:00, run_after=2024-10-07T00:00:00+00:00
[2024-10-06T23:06:20.583+0000] {processor.py:179} INFO - Processing /opt/airflow/dags/data_ingestion_gcs_dag.py took 0.051 seconds
[2024-10-06T23:06:50.951+0000] {processor.py:157} INFO - Started process (PID=28149) to work on /opt/airflow/dags/data_ingestion_gcs_dag.py
[2024-10-06T23:06:50.952+0000] {processor.py:829} INFO - Processing file /opt/airflow/dags/data_ingestion_gcs_dag.py for tasks to queue
[2024-10-06T23:06:50.954+0000] {logging_mixin.py:154} INFO - [2024-10-06T23:06:50.954+0000] {dagbag.py:536} INFO - Filling up the DagBag from /opt/airflow/dags/data_ingestion_gcs_dag.py
[2024-10-06T23:06:50.969+0000] {processor.py:839} INFO - DAG(s) dict_keys(['data_ingestion_gcs_dag']) retrieved from /opt/airflow/dags/data_ingestion_gcs_dag.py
[2024-10-06T23:06:50.979+0000] {logging_mixin.py:154} INFO - [2024-10-06T23:06:50.979+0000] {dag.py:2941} INFO - Sync 1 DAGs
[2024-10-06T23:06:50.989+0000] {logging_mixin.py:154} INFO - [2024-10-06T23:06:50.989+0000] {dag.py:3722} INFO - Setting next_dagrun for data_ingestion_gcs_dag to 2024-10-06T00:00:00+00:00, run_after=2024-10-07T00:00:00+00:00
[2024-10-06T23:06:50.997+0000] {processor.py:179} INFO - Processing /opt/airflow/dags/data_ingestion_gcs_dag.py took 0.049 seconds
[2024-10-06T23:07:21.378+0000] {processor.py:157} INFO - Started process (PID=28203) to work on /opt/airflow/dags/data_ingestion_gcs_dag.py
[2024-10-06T23:07:21.379+0000] {processor.py:829} INFO - Processing file /opt/airflow/dags/data_ingestion_gcs_dag.py for tasks to queue
[2024-10-06T23:07:21.381+0000] {logging_mixin.py:154} INFO - [2024-10-06T23:07:21.381+0000] {dagbag.py:536} INFO - Filling up the DagBag from /opt/airflow/dags/data_ingestion_gcs_dag.py
[2024-10-06T23:07:21.397+0000] {processor.py:839} INFO - DAG(s) dict_keys(['data_ingestion_gcs_dag']) retrieved from /opt/airflow/dags/data_ingestion_gcs_dag.py
[2024-10-06T23:07:21.407+0000] {logging_mixin.py:154} INFO - [2024-10-06T23:07:21.407+0000] {dag.py:2941} INFO - Sync 1 DAGs
[2024-10-06T23:07:21.417+0000] {logging_mixin.py:154} INFO - [2024-10-06T23:07:21.417+0000] {dag.py:3722} INFO - Setting next_dagrun for data_ingestion_gcs_dag to 2024-10-06T00:00:00+00:00, run_after=2024-10-07T00:00:00+00:00
[2024-10-06T23:07:21.424+0000] {processor.py:179} INFO - Processing /opt/airflow/dags/data_ingestion_gcs_dag.py took 0.050 seconds
[2024-10-06T23:07:51.861+0000] {processor.py:157} INFO - Started process (PID=28257) to work on /opt/airflow/dags/data_ingestion_gcs_dag.py
[2024-10-06T23:07:51.862+0000] {processor.py:829} INFO - Processing file /opt/airflow/dags/data_ingestion_gcs_dag.py for tasks to queue
[2024-10-06T23:07:51.865+0000] {logging_mixin.py:154} INFO - [2024-10-06T23:07:51.864+0000] {dagbag.py:536} INFO - Filling up the DagBag from /opt/airflow/dags/data_ingestion_gcs_dag.py
[2024-10-06T23:07:51.880+0000] {processor.py:839} INFO - DAG(s) dict_keys(['data_ingestion_gcs_dag']) retrieved from /opt/airflow/dags/data_ingestion_gcs_dag.py
[2024-10-06T23:07:51.889+0000] {logging_mixin.py:154} INFO - [2024-10-06T23:07:51.889+0000] {dag.py:2941} INFO - Sync 1 DAGs
[2024-10-06T23:07:51.900+0000] {logging_mixin.py:154} INFO - [2024-10-06T23:07:51.900+0000] {dag.py:3722} INFO - Setting next_dagrun for data_ingestion_gcs_dag to 2024-10-06T00:00:00+00:00, run_after=2024-10-07T00:00:00+00:00
[2024-10-06T23:07:51.908+0000] {processor.py:179} INFO - Processing /opt/airflow/dags/data_ingestion_gcs_dag.py took 0.050 seconds
[2024-10-06T23:08:22.221+0000] {processor.py:157} INFO - Started process (PID=28311) to work on /opt/airflow/dags/data_ingestion_gcs_dag.py
[2024-10-06T23:08:22.222+0000] {processor.py:829} INFO - Processing file /opt/airflow/dags/data_ingestion_gcs_dag.py for tasks to queue
[2024-10-06T23:08:22.224+0000] {logging_mixin.py:154} INFO - [2024-10-06T23:08:22.224+0000] {dagbag.py:536} INFO - Filling up the DagBag from /opt/airflow/dags/data_ingestion_gcs_dag.py
[2024-10-06T23:08:22.240+0000] {processor.py:839} INFO - DAG(s) dict_keys(['data_ingestion_gcs_dag']) retrieved from /opt/airflow/dags/data_ingestion_gcs_dag.py
[2024-10-06T23:08:22.249+0000] {logging_mixin.py:154} INFO - [2024-10-06T23:08:22.249+0000] {dag.py:2941} INFO - Sync 1 DAGs
[2024-10-06T23:08:22.260+0000] {logging_mixin.py:154} INFO - [2024-10-06T23:08:22.259+0000] {dag.py:3722} INFO - Setting next_dagrun for data_ingestion_gcs_dag to 2024-10-06T00:00:00+00:00, run_after=2024-10-07T00:00:00+00:00
[2024-10-06T23:08:22.267+0000] {processor.py:179} INFO - Processing /opt/airflow/dags/data_ingestion_gcs_dag.py took 0.050 seconds
[2024-10-06T23:08:52.651+0000] {processor.py:157} INFO - Started process (PID=28365) to work on /opt/airflow/dags/data_ingestion_gcs_dag.py
[2024-10-06T23:08:52.652+0000] {processor.py:829} INFO - Processing file /opt/airflow/dags/data_ingestion_gcs_dag.py for tasks to queue
[2024-10-06T23:08:52.655+0000] {logging_mixin.py:154} INFO - [2024-10-06T23:08:52.655+0000] {dagbag.py:536} INFO - Filling up the DagBag from /opt/airflow/dags/data_ingestion_gcs_dag.py
[2024-10-06T23:08:52.672+0000] {processor.py:839} INFO - DAG(s) dict_keys(['data_ingestion_gcs_dag']) retrieved from /opt/airflow/dags/data_ingestion_gcs_dag.py
[2024-10-06T23:08:52.682+0000] {logging_mixin.py:154} INFO - [2024-10-06T23:08:52.682+0000] {dag.py:2941} INFO - Sync 1 DAGs
[2024-10-06T23:08:52.692+0000] {logging_mixin.py:154} INFO - [2024-10-06T23:08:52.692+0000] {dag.py:3722} INFO - Setting next_dagrun for data_ingestion_gcs_dag to 2024-10-06T00:00:00+00:00, run_after=2024-10-07T00:00:00+00:00
[2024-10-06T23:08:52.699+0000] {processor.py:179} INFO - Processing /opt/airflow/dags/data_ingestion_gcs_dag.py took 0.052 seconds
[2024-10-06T23:09:23.052+0000] {processor.py:157} INFO - Started process (PID=28425) to work on /opt/airflow/dags/data_ingestion_gcs_dag.py
[2024-10-06T23:09:23.052+0000] {processor.py:829} INFO - Processing file /opt/airflow/dags/data_ingestion_gcs_dag.py for tasks to queue
[2024-10-06T23:09:23.054+0000] {logging_mixin.py:154} INFO - [2024-10-06T23:09:23.054+0000] {dagbag.py:536} INFO - Filling up the DagBag from /opt/airflow/dags/data_ingestion_gcs_dag.py
[2024-10-06T23:09:23.068+0000] {processor.py:839} INFO - DAG(s) dict_keys(['data_ingestion_gcs_dag']) retrieved from /opt/airflow/dags/data_ingestion_gcs_dag.py
[2024-10-06T23:09:23.077+0000] {logging_mixin.py:154} INFO - [2024-10-06T23:09:23.077+0000] {dag.py:2941} INFO - Sync 1 DAGs
[2024-10-06T23:09:23.087+0000] {logging_mixin.py:154} INFO - [2024-10-06T23:09:23.086+0000] {dag.py:3722} INFO - Setting next_dagrun for data_ingestion_gcs_dag to 2024-10-06T00:00:00+00:00, run_after=2024-10-07T00:00:00+00:00
[2024-10-06T23:09:23.094+0000] {processor.py:179} INFO - Processing /opt/airflow/dags/data_ingestion_gcs_dag.py took 0.045 seconds
[2024-10-06T23:09:53.499+0000] {processor.py:157} INFO - Started process (PID=28480) to work on /opt/airflow/dags/data_ingestion_gcs_dag.py
[2024-10-06T23:09:53.499+0000] {processor.py:829} INFO - Processing file /opt/airflow/dags/data_ingestion_gcs_dag.py for tasks to queue
[2024-10-06T23:09:53.501+0000] {logging_mixin.py:154} INFO - [2024-10-06T23:09:53.500+0000] {dagbag.py:536} INFO - Filling up the DagBag from /opt/airflow/dags/data_ingestion_gcs_dag.py
[2024-10-06T23:09:53.516+0000] {processor.py:839} INFO - DAG(s) dict_keys(['data_ingestion_gcs_dag']) retrieved from /opt/airflow/dags/data_ingestion_gcs_dag.py
[2024-10-06T23:09:53.526+0000] {logging_mixin.py:154} INFO - [2024-10-06T23:09:53.525+0000] {dag.py:2941} INFO - Sync 1 DAGs
[2024-10-06T23:09:53.537+0000] {logging_mixin.py:154} INFO - [2024-10-06T23:09:53.537+0000] {dag.py:3722} INFO - Setting next_dagrun for data_ingestion_gcs_dag to 2024-10-06T00:00:00+00:00, run_after=2024-10-07T00:00:00+00:00
[2024-10-06T23:09:53.544+0000] {processor.py:179} INFO - Processing /opt/airflow/dags/data_ingestion_gcs_dag.py took 0.047 seconds
[2024-10-06T23:10:23.954+0000] {processor.py:157} INFO - Started process (PID=28534) to work on /opt/airflow/dags/data_ingestion_gcs_dag.py
[2024-10-06T23:10:23.955+0000] {processor.py:829} INFO - Processing file /opt/airflow/dags/data_ingestion_gcs_dag.py for tasks to queue
[2024-10-06T23:10:23.958+0000] {logging_mixin.py:154} INFO - [2024-10-06T23:10:23.958+0000] {dagbag.py:536} INFO - Filling up the DagBag from /opt/airflow/dags/data_ingestion_gcs_dag.py
[2024-10-06T23:10:23.973+0000] {processor.py:839} INFO - DAG(s) dict_keys(['data_ingestion_gcs_dag']) retrieved from /opt/airflow/dags/data_ingestion_gcs_dag.py
[2024-10-06T23:10:23.983+0000] {logging_mixin.py:154} INFO - [2024-10-06T23:10:23.983+0000] {dag.py:2941} INFO - Sync 1 DAGs
[2024-10-06T23:10:23.994+0000] {logging_mixin.py:154} INFO - [2024-10-06T23:10:23.994+0000] {dag.py:3722} INFO - Setting next_dagrun for data_ingestion_gcs_dag to 2024-10-06T00:00:00+00:00, run_after=2024-10-07T00:00:00+00:00
[2024-10-06T23:10:24.002+0000] {processor.py:179} INFO - Processing /opt/airflow/dags/data_ingestion_gcs_dag.py took 0.051 seconds
[2024-10-06T23:10:54.372+0000] {processor.py:157} INFO - Started process (PID=28588) to work on /opt/airflow/dags/data_ingestion_gcs_dag.py
[2024-10-06T23:10:54.373+0000] {processor.py:829} INFO - Processing file /opt/airflow/dags/data_ingestion_gcs_dag.py for tasks to queue
[2024-10-06T23:10:54.375+0000] {logging_mixin.py:154} INFO - [2024-10-06T23:10:54.374+0000] {dagbag.py:536} INFO - Filling up the DagBag from /opt/airflow/dags/data_ingestion_gcs_dag.py
[2024-10-06T23:10:54.390+0000] {processor.py:839} INFO - DAG(s) dict_keys(['data_ingestion_gcs_dag']) retrieved from /opt/airflow/dags/data_ingestion_gcs_dag.py
[2024-10-06T23:10:54.399+0000] {logging_mixin.py:154} INFO - [2024-10-06T23:10:54.399+0000] {dag.py:2941} INFO - Sync 1 DAGs
[2024-10-06T23:10:54.410+0000] {logging_mixin.py:154} INFO - [2024-10-06T23:10:54.410+0000] {dag.py:3722} INFO - Setting next_dagrun for data_ingestion_gcs_dag to 2024-10-06T00:00:00+00:00, run_after=2024-10-07T00:00:00+00:00
[2024-10-06T23:10:54.417+0000] {processor.py:179} INFO - Processing /opt/airflow/dags/data_ingestion_gcs_dag.py took 0.048 seconds
[2024-10-06T23:11:24.757+0000] {processor.py:157} INFO - Started process (PID=28642) to work on /opt/airflow/dags/data_ingestion_gcs_dag.py
[2024-10-06T23:11:24.758+0000] {processor.py:829} INFO - Processing file /opt/airflow/dags/data_ingestion_gcs_dag.py for tasks to queue
[2024-10-06T23:11:24.761+0000] {logging_mixin.py:154} INFO - [2024-10-06T23:11:24.761+0000] {dagbag.py:536} INFO - Filling up the DagBag from /opt/airflow/dags/data_ingestion_gcs_dag.py
[2024-10-06T23:11:24.779+0000] {processor.py:839} INFO - DAG(s) dict_keys(['data_ingestion_gcs_dag']) retrieved from /opt/airflow/dags/data_ingestion_gcs_dag.py
[2024-10-06T23:11:24.790+0000] {logging_mixin.py:154} INFO - [2024-10-06T23:11:24.790+0000] {dag.py:2941} INFO - Sync 1 DAGs
[2024-10-06T23:11:24.803+0000] {logging_mixin.py:154} INFO - [2024-10-06T23:11:24.803+0000] {dag.py:3722} INFO - Setting next_dagrun for data_ingestion_gcs_dag to 2024-10-06T00:00:00+00:00, run_after=2024-10-07T00:00:00+00:00
[2024-10-06T23:11:24.811+0000] {processor.py:179} INFO - Processing /opt/airflow/dags/data_ingestion_gcs_dag.py took 0.057 seconds
[2024-10-06T23:11:55.238+0000] {processor.py:157} INFO - Started process (PID=28696) to work on /opt/airflow/dags/data_ingestion_gcs_dag.py
[2024-10-06T23:11:55.239+0000] {processor.py:829} INFO - Processing file /opt/airflow/dags/data_ingestion_gcs_dag.py for tasks to queue
[2024-10-06T23:11:55.241+0000] {logging_mixin.py:154} INFO - [2024-10-06T23:11:55.241+0000] {dagbag.py:536} INFO - Filling up the DagBag from /opt/airflow/dags/data_ingestion_gcs_dag.py
[2024-10-06T23:11:55.256+0000] {processor.py:839} INFO - DAG(s) dict_keys(['data_ingestion_gcs_dag']) retrieved from /opt/airflow/dags/data_ingestion_gcs_dag.py
[2024-10-06T23:11:55.265+0000] {logging_mixin.py:154} INFO - [2024-10-06T23:11:55.265+0000] {dag.py:2941} INFO - Sync 1 DAGs
[2024-10-06T23:11:55.278+0000] {logging_mixin.py:154} INFO - [2024-10-06T23:11:55.278+0000] {dag.py:3722} INFO - Setting next_dagrun for data_ingestion_gcs_dag to 2024-10-06T00:00:00+00:00, run_after=2024-10-07T00:00:00+00:00
[2024-10-06T23:11:55.286+0000] {processor.py:179} INFO - Processing /opt/airflow/dags/data_ingestion_gcs_dag.py took 0.051 seconds
[2024-10-06T23:12:25.742+0000] {processor.py:157} INFO - Started process (PID=28750) to work on /opt/airflow/dags/data_ingestion_gcs_dag.py
[2024-10-06T23:12:25.743+0000] {processor.py:829} INFO - Processing file /opt/airflow/dags/data_ingestion_gcs_dag.py for tasks to queue
[2024-10-06T23:12:25.746+0000] {logging_mixin.py:154} INFO - [2024-10-06T23:12:25.746+0000] {dagbag.py:536} INFO - Filling up the DagBag from /opt/airflow/dags/data_ingestion_gcs_dag.py
[2024-10-06T23:12:25.762+0000] {processor.py:839} INFO - DAG(s) dict_keys(['data_ingestion_gcs_dag']) retrieved from /opt/airflow/dags/data_ingestion_gcs_dag.py
[2024-10-06T23:12:25.772+0000] {logging_mixin.py:154} INFO - [2024-10-06T23:12:25.772+0000] {dag.py:2941} INFO - Sync 1 DAGs
[2024-10-06T23:12:25.783+0000] {logging_mixin.py:154} INFO - [2024-10-06T23:12:25.783+0000] {dag.py:3722} INFO - Setting next_dagrun for data_ingestion_gcs_dag to 2024-10-06T00:00:00+00:00, run_after=2024-10-07T00:00:00+00:00
[2024-10-06T23:12:25.790+0000] {processor.py:179} INFO - Processing /opt/airflow/dags/data_ingestion_gcs_dag.py took 0.052 seconds
[2024-10-06T23:12:56.131+0000] {processor.py:157} INFO - Started process (PID=28804) to work on /opt/airflow/dags/data_ingestion_gcs_dag.py
[2024-10-06T23:12:56.132+0000] {processor.py:829} INFO - Processing file /opt/airflow/dags/data_ingestion_gcs_dag.py for tasks to queue
[2024-10-06T23:12:56.134+0000] {logging_mixin.py:154} INFO - [2024-10-06T23:12:56.134+0000] {dagbag.py:536} INFO - Filling up the DagBag from /opt/airflow/dags/data_ingestion_gcs_dag.py
[2024-10-06T23:12:56.149+0000] {processor.py:839} INFO - DAG(s) dict_keys(['data_ingestion_gcs_dag']) retrieved from /opt/airflow/dags/data_ingestion_gcs_dag.py
[2024-10-06T23:12:56.159+0000] {logging_mixin.py:154} INFO - [2024-10-06T23:12:56.159+0000] {dag.py:2941} INFO - Sync 1 DAGs
[2024-10-06T23:12:56.169+0000] {logging_mixin.py:154} INFO - [2024-10-06T23:12:56.169+0000] {dag.py:3722} INFO - Setting next_dagrun for data_ingestion_gcs_dag to 2024-10-06T00:00:00+00:00, run_after=2024-10-07T00:00:00+00:00
[2024-10-06T23:12:56.176+0000] {processor.py:179} INFO - Processing /opt/airflow/dags/data_ingestion_gcs_dag.py took 0.049 seconds
[2024-10-06T23:13:26.662+0000] {processor.py:157} INFO - Started process (PID=28858) to work on /opt/airflow/dags/data_ingestion_gcs_dag.py
[2024-10-06T23:13:26.663+0000] {processor.py:829} INFO - Processing file /opt/airflow/dags/data_ingestion_gcs_dag.py for tasks to queue
[2024-10-06T23:13:26.666+0000] {logging_mixin.py:154} INFO - [2024-10-06T23:13:26.666+0000] {dagbag.py:536} INFO - Filling up the DagBag from /opt/airflow/dags/data_ingestion_gcs_dag.py
[2024-10-06T23:13:26.682+0000] {processor.py:839} INFO - DAG(s) dict_keys(['data_ingestion_gcs_dag']) retrieved from /opt/airflow/dags/data_ingestion_gcs_dag.py
[2024-10-06T23:13:26.691+0000] {logging_mixin.py:154} INFO - [2024-10-06T23:13:26.691+0000] {dag.py:2941} INFO - Sync 1 DAGs
[2024-10-06T23:13:26.702+0000] {logging_mixin.py:154} INFO - [2024-10-06T23:13:26.702+0000] {dag.py:3722} INFO - Setting next_dagrun for data_ingestion_gcs_dag to 2024-10-06T00:00:00+00:00, run_after=2024-10-07T00:00:00+00:00
[2024-10-06T23:13:26.709+0000] {processor.py:179} INFO - Processing /opt/airflow/dags/data_ingestion_gcs_dag.py took 0.051 seconds
[2024-10-06T23:13:57.044+0000] {processor.py:157} INFO - Started process (PID=28912) to work on /opt/airflow/dags/data_ingestion_gcs_dag.py
[2024-10-06T23:13:57.045+0000] {processor.py:829} INFO - Processing file /opt/airflow/dags/data_ingestion_gcs_dag.py for tasks to queue
[2024-10-06T23:13:57.047+0000] {logging_mixin.py:154} INFO - [2024-10-06T23:13:57.047+0000] {dagbag.py:536} INFO - Filling up the DagBag from /opt/airflow/dags/data_ingestion_gcs_dag.py
[2024-10-06T23:13:57.063+0000] {processor.py:839} INFO - DAG(s) dict_keys(['data_ingestion_gcs_dag']) retrieved from /opt/airflow/dags/data_ingestion_gcs_dag.py
[2024-10-06T23:13:57.073+0000] {logging_mixin.py:154} INFO - [2024-10-06T23:13:57.073+0000] {dag.py:2941} INFO - Sync 1 DAGs
[2024-10-06T23:13:57.084+0000] {logging_mixin.py:154} INFO - [2024-10-06T23:13:57.084+0000] {dag.py:3722} INFO - Setting next_dagrun for data_ingestion_gcs_dag to 2024-10-06T00:00:00+00:00, run_after=2024-10-07T00:00:00+00:00
[2024-10-06T23:13:57.091+0000] {processor.py:179} INFO - Processing /opt/airflow/dags/data_ingestion_gcs_dag.py took 0.051 seconds
[2024-10-06T23:14:27.577+0000] {processor.py:157} INFO - Started process (PID=28966) to work on /opt/airflow/dags/data_ingestion_gcs_dag.py
[2024-10-06T23:14:27.578+0000] {processor.py:829} INFO - Processing file /opt/airflow/dags/data_ingestion_gcs_dag.py for tasks to queue
[2024-10-06T23:14:27.579+0000] {logging_mixin.py:154} INFO - [2024-10-06T23:14:27.579+0000] {dagbag.py:536} INFO - Filling up the DagBag from /opt/airflow/dags/data_ingestion_gcs_dag.py
[2024-10-06T23:14:27.595+0000] {processor.py:839} INFO - DAG(s) dict_keys(['data_ingestion_gcs_dag']) retrieved from /opt/airflow/dags/data_ingestion_gcs_dag.py
[2024-10-06T23:14:27.605+0000] {logging_mixin.py:154} INFO - [2024-10-06T23:14:27.605+0000] {dag.py:2941} INFO - Sync 1 DAGs
[2024-10-06T23:14:27.616+0000] {logging_mixin.py:154} INFO - [2024-10-06T23:14:27.616+0000] {dag.py:3722} INFO - Setting next_dagrun for data_ingestion_gcs_dag to 2024-10-06T00:00:00+00:00, run_after=2024-10-07T00:00:00+00:00
[2024-10-06T23:14:27.623+0000] {processor.py:179} INFO - Processing /opt/airflow/dags/data_ingestion_gcs_dag.py took 0.050 seconds
[2024-10-06T23:14:58.090+0000] {processor.py:157} INFO - Started process (PID=29020) to work on /opt/airflow/dags/data_ingestion_gcs_dag.py
[2024-10-06T23:14:58.092+0000] {processor.py:829} INFO - Processing file /opt/airflow/dags/data_ingestion_gcs_dag.py for tasks to queue
[2024-10-06T23:14:58.094+0000] {logging_mixin.py:154} INFO - [2024-10-06T23:14:58.094+0000] {dagbag.py:536} INFO - Filling up the DagBag from /opt/airflow/dags/data_ingestion_gcs_dag.py
[2024-10-06T23:14:58.110+0000] {processor.py:839} INFO - DAG(s) dict_keys(['data_ingestion_gcs_dag']) retrieved from /opt/airflow/dags/data_ingestion_gcs_dag.py
[2024-10-06T23:14:58.121+0000] {logging_mixin.py:154} INFO - [2024-10-06T23:14:58.121+0000] {dag.py:2941} INFO - Sync 1 DAGs
[2024-10-06T23:14:58.131+0000] {logging_mixin.py:154} INFO - [2024-10-06T23:14:58.131+0000] {dag.py:3722} INFO - Setting next_dagrun for data_ingestion_gcs_dag to 2024-10-06T00:00:00+00:00, run_after=2024-10-07T00:00:00+00:00
[2024-10-06T23:14:58.138+0000] {processor.py:179} INFO - Processing /opt/airflow/dags/data_ingestion_gcs_dag.py took 0.052 seconds
[2024-10-06T23:15:28.441+0000] {processor.py:157} INFO - Started process (PID=29074) to work on /opt/airflow/dags/data_ingestion_gcs_dag.py
[2024-10-06T23:15:28.442+0000] {processor.py:829} INFO - Processing file /opt/airflow/dags/data_ingestion_gcs_dag.py for tasks to queue
[2024-10-06T23:15:28.443+0000] {logging_mixin.py:154} INFO - [2024-10-06T23:15:28.443+0000] {dagbag.py:536} INFO - Filling up the DagBag from /opt/airflow/dags/data_ingestion_gcs_dag.py
[2024-10-06T23:15:28.460+0000] {processor.py:839} INFO - DAG(s) dict_keys(['data_ingestion_gcs_dag']) retrieved from /opt/airflow/dags/data_ingestion_gcs_dag.py
[2024-10-06T23:15:28.469+0000] {logging_mixin.py:154} INFO - [2024-10-06T23:15:28.469+0000] {dag.py:2941} INFO - Sync 1 DAGs
[2024-10-06T23:15:28.480+0000] {logging_mixin.py:154} INFO - [2024-10-06T23:15:28.480+0000] {dag.py:3722} INFO - Setting next_dagrun for data_ingestion_gcs_dag to 2024-10-06T00:00:00+00:00, run_after=2024-10-07T00:00:00+00:00
[2024-10-06T23:15:28.487+0000] {processor.py:179} INFO - Processing /opt/airflow/dags/data_ingestion_gcs_dag.py took 0.050 seconds
[2024-10-06T23:54:55.498+0000] {processor.py:157} INFO - Started process (PID=29121) to work on /opt/airflow/dags/data_ingestion_gcs_dag.py
[2024-10-06T23:54:55.499+0000] {processor.py:829} INFO - Processing file /opt/airflow/dags/data_ingestion_gcs_dag.py for tasks to queue
[2024-10-06T23:54:55.500+0000] {logging_mixin.py:154} INFO - [2024-10-06T23:54:55.500+0000] {dagbag.py:536} INFO - Filling up the DagBag from /opt/airflow/dags/data_ingestion_gcs_dag.py
[2024-10-06T23:54:55.511+0000] {processor.py:839} INFO - DAG(s) dict_keys(['data_ingestion_gcs_dag']) retrieved from /opt/airflow/dags/data_ingestion_gcs_dag.py
[2024-10-06T23:54:55.520+0000] {logging_mixin.py:154} INFO - [2024-10-06T23:54:55.520+0000] {dag.py:2941} INFO - Sync 1 DAGs
[2024-10-06T23:54:55.533+0000] {logging_mixin.py:154} INFO - [2024-10-06T23:54:55.533+0000] {dag.py:3722} INFO - Setting next_dagrun for data_ingestion_gcs_dag to 2024-10-06T00:00:00+00:00, run_after=2024-10-07T00:00:00+00:00
[2024-10-06T23:54:55.540+0000] {processor.py:179} INFO - Processing /opt/airflow/dags/data_ingestion_gcs_dag.py took 0.044 seconds
