[2024-10-31T15:52:09.156+0000] {taskinstance.py:1159} INFO - Dependencies all met for dep_context=non-requeueable deps ti=<TaskInstance: green_data_ingestion_gcs_dag.download_dataset_task manual__2024-10-31T15:50:24.811044+00:00 [queued]>
[2024-10-31T15:52:09.158+0000] {taskinstance.py:1159} INFO - Dependencies all met for dep_context=requeueable deps ti=<TaskInstance: green_data_ingestion_gcs_dag.download_dataset_task manual__2024-10-31T15:50:24.811044+00:00 [queued]>
[2024-10-31T15:52:09.158+0000] {taskinstance.py:1361} INFO - Starting attempt 1 of 2
[2024-10-31T15:52:09.162+0000] {taskinstance.py:1382} INFO - Executing <Task(PythonOperator): download_dataset_task> on 2024-10-31 15:50:24.811044+00:00
[2024-10-31T15:52:09.164+0000] {standard_task_runner.py:57} INFO - Started process 479 to run task
[2024-10-31T15:52:09.166+0000] {standard_task_runner.py:84} INFO - Running: ['***', 'tasks', 'run', 'green_data_ingestion_gcs_dag', 'download_dataset_task', 'manual__2024-10-31T15:50:24.811044+00:00', '--job-id', '14', '--raw', '--subdir', 'DAGS_FOLDER/green_data_ingestion_gcs_dag.py', '--cfg-path', '/tmp/tmpk_aqhdke']
[2024-10-31T15:52:09.166+0000] {standard_task_runner.py:85} INFO - Job 14: Subtask download_dataset_task
[2024-10-31T15:52:09.181+0000] {task_command.py:416} INFO - Running <TaskInstance: green_data_ingestion_gcs_dag.download_dataset_task manual__2024-10-31T15:50:24.811044+00:00 [running]> on host ca61c58ec0c8
[2024-10-31T15:52:09.206+0000] {taskinstance.py:1662} INFO - Exporting env vars: AIRFLOW_CTX_DAG_OWNER='***' AIRFLOW_CTX_DAG_ID='green_data_ingestion_gcs_dag' AIRFLOW_CTX_TASK_ID='download_dataset_task' AIRFLOW_CTX_EXECUTION_DATE='2024-10-31T15:50:24.811044+00:00' AIRFLOW_CTX_TRY_NUMBER='1' AIRFLOW_CTX_DAG_RUN_ID='manual__2024-10-31T15:50:24.811044+00:00'
[2024-10-31T15:52:09.207+0000] {logging_mixin.py:154} INFO - Requesting URL: https://d37ci6vzurychx.cloudfront.net/trip-data/green_tripdata_2022-01.parquet
[2024-10-31T15:52:09.659+0000] {logging_mixin.py:154} INFO - Requesting URL: https://d37ci6vzurychx.cloudfront.net/trip-data/green_tripdata_2022-02.parquet
[2024-10-31T15:52:10.180+0000] {logging_mixin.py:154} INFO - Requesting URL: https://d37ci6vzurychx.cloudfront.net/trip-data/green_tripdata_2022-03.parquet
[2024-10-31T15:52:10.660+0000] {logging_mixin.py:154} INFO - Requesting URL: https://d37ci6vzurychx.cloudfront.net/trip-data/green_tripdata_2022-04.parquet
[2024-10-31T15:52:11.057+0000] {logging_mixin.py:154} INFO - Requesting URL: https://d37ci6vzurychx.cloudfront.net/trip-data/green_tripdata_2022-05.parquet
[2024-10-31T15:52:11.521+0000] {logging_mixin.py:154} INFO - Requesting URL: https://d37ci6vzurychx.cloudfront.net/trip-data/green_tripdata_2022-06.parquet
[2024-10-31T15:52:11.920+0000] {logging_mixin.py:154} INFO - Requesting URL: https://d37ci6vzurychx.cloudfront.net/trip-data/green_tripdata_2022-07.parquet
[2024-10-31T15:52:12.330+0000] {logging_mixin.py:154} INFO - Requesting URL: https://d37ci6vzurychx.cloudfront.net/trip-data/green_tripdata_2022-08.parquet
[2024-10-31T15:52:12.758+0000] {logging_mixin.py:154} INFO - Requesting URL: https://d37ci6vzurychx.cloudfront.net/trip-data/green_tripdata_2022-09.parquet
[2024-10-31T15:52:13.139+0000] {logging_mixin.py:154} INFO - Requesting URL: https://d37ci6vzurychx.cloudfront.net/trip-data/green_tripdata_2022-10.parquet
[2024-10-31T15:52:13.463+0000] {logging_mixin.py:154} INFO - Requesting URL: https://d37ci6vzurychx.cloudfront.net/trip-data/green_tripdata_2022-11.parquet
[2024-10-31T15:52:13.824+0000] {logging_mixin.py:154} INFO - Requesting URL: https://d37ci6vzurychx.cloudfront.net/trip-data/green_tripdata_2022-12.parquet
[2024-10-31T15:52:14.214+0000] {python.py:194} INFO - Done. Returned value was: None
[2024-10-31T15:52:14.219+0000] {taskinstance.py:1400} INFO - Marking task as SUCCESS. dag_id=green_data_ingestion_gcs_dag, task_id=download_dataset_task, execution_date=20241031T155024, start_date=20241031T155209, end_date=20241031T155214
[2024-10-31T15:52:14.230+0000] {local_task_job_runner.py:228} INFO - Task exited with return code 0
[2024-10-31T15:52:14.242+0000] {taskinstance.py:2778} INFO - 1 downstream tasks scheduled from follow-on schedule check
