[2024-10-31T15:32:42.326+0000] {taskinstance.py:1159} INFO - Dependencies all met for dep_context=non-requeueable deps ti=<TaskInstance: yellow_data_ingestion_gcs_dag.download_dataset_task scheduled__2024-10-30T00:00:00+00:00 [queued]>
[2024-10-31T15:32:42.328+0000] {taskinstance.py:1159} INFO - Dependencies all met for dep_context=requeueable deps ti=<TaskInstance: yellow_data_ingestion_gcs_dag.download_dataset_task scheduled__2024-10-30T00:00:00+00:00 [queued]>
[2024-10-31T15:32:42.329+0000] {taskinstance.py:1361} INFO - Starting attempt 1 of 2
[2024-10-31T15:32:42.333+0000] {taskinstance.py:1382} INFO - Executing <Task(PythonOperator): download_dataset_task> on 2024-10-30 00:00:00+00:00
[2024-10-31T15:32:42.335+0000] {standard_task_runner.py:57} INFO - Started process 88 to run task
[2024-10-31T15:32:42.336+0000] {standard_task_runner.py:84} INFO - Running: ['***', 'tasks', 'run', 'yellow_data_ingestion_gcs_dag', 'download_dataset_task', 'scheduled__2024-10-30T00:00:00+00:00', '--job-id', '2', '--raw', '--subdir', 'DAGS_FOLDER/yellow_data_ingestion_gcs_dag.py', '--cfg-path', '/tmp/tmpmn45ozxw']
[2024-10-31T15:32:42.337+0000] {standard_task_runner.py:85} INFO - Job 2: Subtask download_dataset_task
[2024-10-31T15:32:42.353+0000] {task_command.py:416} INFO - Running <TaskInstance: yellow_data_ingestion_gcs_dag.download_dataset_task scheduled__2024-10-30T00:00:00+00:00 [running]> on host ca61c58ec0c8
[2024-10-31T15:32:42.378+0000] {taskinstance.py:1662} INFO - Exporting env vars: AIRFLOW_CTX_DAG_OWNER='***' AIRFLOW_CTX_DAG_ID='yellow_data_ingestion_gcs_dag' AIRFLOW_CTX_TASK_ID='download_dataset_task' AIRFLOW_CTX_EXECUTION_DATE='2024-10-30T00:00:00+00:00' AIRFLOW_CTX_TRY_NUMBER='1' AIRFLOW_CTX_DAG_RUN_ID='scheduled__2024-10-30T00:00:00+00:00'
[2024-10-31T15:32:42.380+0000] {logging_mixin.py:154} INFO - Requesting URL: https://d37ci6vzurychx.cloudfront.net/trip-data/yellow_tripdata_2022-01.parquet
[2024-10-31T15:32:47.628+0000] {logging_mixin.py:154} INFO - Requesting URL: https://d37ci6vzurychx.cloudfront.net/trip-data/yellow_tripdata_2022-02.parquet
[2024-10-31T15:32:53.042+0000] {logging_mixin.py:154} INFO - Requesting URL: https://d37ci6vzurychx.cloudfront.net/trip-data/yellow_tripdata_2022-03.parquet
[2024-10-31T15:33:07.589+0000] {logging_mixin.py:154} INFO - Requesting URL: https://d37ci6vzurychx.cloudfront.net/trip-data/yellow_tripdata_2022-04.parquet
[2024-10-31T15:33:23.224+0000] {logging_mixin.py:154} INFO - Requesting URL: https://d37ci6vzurychx.cloudfront.net/trip-data/yellow_tripdata_2022-05.parquet
[2024-10-31T15:33:29.742+0000] {logging_mixin.py:154} INFO - Requesting URL: https://d37ci6vzurychx.cloudfront.net/trip-data/yellow_tripdata_2022-06.parquet
[2024-10-31T15:33:44.648+0000] {logging_mixin.py:154} INFO - Requesting URL: https://d37ci6vzurychx.cloudfront.net/trip-data/yellow_tripdata_2022-07.parquet
[2024-10-31T15:33:56.731+0000] {logging_mixin.py:154} INFO - Requesting URL: https://d37ci6vzurychx.cloudfront.net/trip-data/yellow_tripdata_2022-08.parquet
[2024-10-31T15:34:08.205+0000] {logging_mixin.py:154} INFO - Requesting URL: https://d37ci6vzurychx.cloudfront.net/trip-data/yellow_tripdata_2022-09.parquet
[2024-10-31T15:34:13.528+0000] {logging_mixin.py:154} INFO - Requesting URL: https://d37ci6vzurychx.cloudfront.net/trip-data/yellow_tripdata_2022-10.parquet
[2024-10-31T15:34:19.386+0000] {logging_mixin.py:154} INFO - Requesting URL: https://d37ci6vzurychx.cloudfront.net/trip-data/yellow_tripdata_2022-11.parquet
[2024-10-31T15:34:33.442+0000] {logging_mixin.py:154} INFO - Requesting URL: https://d37ci6vzurychx.cloudfront.net/trip-data/yellow_tripdata_2022-12.parquet
[2024-10-31T15:34:45.610+0000] {python.py:194} INFO - Done. Returned value was: None
[2024-10-31T15:34:45.614+0000] {taskinstance.py:1400} INFO - Marking task as SUCCESS. dag_id=yellow_data_ingestion_gcs_dag, task_id=download_dataset_task, execution_date=20241030T000000, start_date=20241031T153242, end_date=20241031T153445
[2024-10-31T15:34:45.663+0000] {local_task_job_runner.py:228} INFO - Task exited with return code 0
[2024-10-31T15:34:45.673+0000] {taskinstance.py:2778} INFO - 1 downstream tasks scheduled from follow-on schedule check
