[2024-10-15T21:55:14.956+0000] {taskinstance.py:1159} INFO - Dependencies all met for dep_context=non-requeueable deps ti=<TaskInstance: yellow_data_ingestion_gcs_dag.download_dataset_task manual__2024-10-15T21:32:17.303425+00:00 [queued]>
[2024-10-15T21:55:14.959+0000] {taskinstance.py:1159} INFO - Dependencies all met for dep_context=requeueable deps ti=<TaskInstance: yellow_data_ingestion_gcs_dag.download_dataset_task manual__2024-10-15T21:32:17.303425+00:00 [queued]>
[2024-10-15T21:55:14.959+0000] {taskinstance.py:1361} INFO - Starting attempt 3 of 3
[2024-10-15T21:55:14.964+0000] {taskinstance.py:1382} INFO - Executing <Task(PythonOperator): download_dataset_task> on 2024-10-15 21:32:17.303425+00:00
[2024-10-15T21:55:14.966+0000] {standard_task_runner.py:57} INFO - Started process 201 to run task
[2024-10-15T21:55:14.967+0000] {standard_task_runner.py:84} INFO - Running: ['***', 'tasks', 'run', 'yellow_data_ingestion_gcs_dag', 'download_dataset_task', 'manual__2024-10-15T21:32:17.303425+00:00', '--job-id', '81', '--raw', '--subdir', 'DAGS_FOLDER/yellow_data_ingestion_gcs_dag.py', '--cfg-path', '/tmp/tmpyfuzpyay']
[2024-10-15T21:55:14.968+0000] {standard_task_runner.py:85} INFO - Job 81: Subtask download_dataset_task
[2024-10-15T21:55:14.984+0000] {task_command.py:416} INFO - Running <TaskInstance: yellow_data_ingestion_gcs_dag.download_dataset_task manual__2024-10-15T21:32:17.303425+00:00 [running]> on host 63fbd9348e70
[2024-10-15T21:55:15.009+0000] {taskinstance.py:1662} INFO - Exporting env vars: AIRFLOW_CTX_DAG_OWNER='***' AIRFLOW_CTX_DAG_ID='yellow_data_ingestion_gcs_dag' AIRFLOW_CTX_TASK_ID='download_dataset_task' AIRFLOW_CTX_EXECUTION_DATE='2024-10-15T21:32:17.303425+00:00' AIRFLOW_CTX_TRY_NUMBER='3' AIRFLOW_CTX_DAG_RUN_ID='manual__2024-10-15T21:32:17.303425+00:00'
[2024-10-15T21:55:17.036+0000] {logging_mixin.py:154} INFO - Requesting URL: https://d37ci6vzurychx.cloudfront.net/trip-data/yellow_tripdata_2022-01.parquet
[2024-10-15T21:55:23.101+0000] {logging_mixin.py:154} INFO - Requesting URL: https://d37ci6vzurychx.cloudfront.net/trip-data/yellow_tripdata_2022-02.parquet
[2024-10-15T21:55:29.638+0000] {logging_mixin.py:154} INFO - Requesting URL: https://d37ci6vzurychx.cloudfront.net/trip-data/yellow_tripdata_2022-03.parquet
[2024-10-15T21:55:36.666+0000] {logging_mixin.py:154} INFO - Requesting URL: https://d37ci6vzurychx.cloudfront.net/trip-data/yellow_tripdata_2022-04.parquet
[2024-10-15T21:55:43.428+0000] {logging_mixin.py:154} INFO - Requesting URL: https://d37ci6vzurychx.cloudfront.net/trip-data/yellow_tripdata_2022-05.parquet
[2024-10-15T21:55:50.166+0000] {logging_mixin.py:154} INFO - Requesting URL: https://d37ci6vzurychx.cloudfront.net/trip-data/yellow_tripdata_2022-06.parquet
[2024-10-15T21:55:56.889+0000] {logging_mixin.py:154} INFO - Requesting URL: https://d37ci6vzurychx.cloudfront.net/trip-data/yellow_tripdata_2022-07.parquet
[2024-10-15T21:56:02.889+0000] {logging_mixin.py:154} INFO - Requesting URL: https://d37ci6vzurychx.cloudfront.net/trip-data/yellow_tripdata_2022-08.parquet
[2024-10-15T21:56:09.186+0000] {logging_mixin.py:154} INFO - Requesting URL: https://d37ci6vzurychx.cloudfront.net/trip-data/yellow_tripdata_2022-09.parquet
[2024-10-15T21:56:15.482+0000] {logging_mixin.py:154} INFO - Requesting URL: https://d37ci6vzurychx.cloudfront.net/trip-data/yellow_tripdata_2022-10.parquet
[2024-10-15T21:56:22.330+0000] {logging_mixin.py:154} INFO - Requesting URL: https://d37ci6vzurychx.cloudfront.net/trip-data/yellow_tripdata_2022-11.parquet
[2024-10-15T21:56:28.412+0000] {logging_mixin.py:154} INFO - Requesting URL: https://d37ci6vzurychx.cloudfront.net/trip-data/yellow_tripdata_2022-12.parquet
[2024-10-15T21:56:34.290+0000] {local_task_job_runner.py:228} INFO - Task exited with return code -9
[2024-10-15T21:56:34.313+0000] {taskinstance.py:2778} INFO - 0 downstream tasks scheduled from follow-on schedule check
