[2024-10-31T15:51:38.908+0000] {taskinstance.py:1159} INFO - Dependencies all met for dep_context=non-requeueable deps ti=<TaskInstance: green_data_ingestion_gcs_dag.download_dataset_task manual__2024-10-31T15:40:07.557042+00:00 [queued]>
[2024-10-31T15:51:38.911+0000] {taskinstance.py:1159} INFO - Dependencies all met for dep_context=requeueable deps ti=<TaskInstance: green_data_ingestion_gcs_dag.download_dataset_task manual__2024-10-31T15:40:07.557042+00:00 [queued]>
[2024-10-31T15:51:38.911+0000] {taskinstance.py:1361} INFO - Starting attempt 2 of 2
[2024-10-31T15:51:38.915+0000] {taskinstance.py:1382} INFO - Executing <Task(PythonOperator): download_dataset_task> on 2024-10-31 15:40:07.557042+00:00
[2024-10-31T15:51:38.917+0000] {standard_task_runner.py:57} INFO - Started process 448 to run task
[2024-10-31T15:51:38.919+0000] {standard_task_runner.py:84} INFO - Running: ['***', 'tasks', 'run', 'green_data_ingestion_gcs_dag', 'download_dataset_task', 'manual__2024-10-31T15:40:07.557042+00:00', '--job-id', '11', '--raw', '--subdir', 'DAGS_FOLDER/green_data_ingestion_gcs_dag.py', '--cfg-path', '/tmp/tmpipb_pwlh']
[2024-10-31T15:51:38.919+0000] {standard_task_runner.py:85} INFO - Job 11: Subtask download_dataset_task
[2024-10-31T15:51:38.935+0000] {task_command.py:416} INFO - Running <TaskInstance: green_data_ingestion_gcs_dag.download_dataset_task manual__2024-10-31T15:40:07.557042+00:00 [running]> on host ca61c58ec0c8
[2024-10-31T15:51:38.957+0000] {taskinstance.py:1662} INFO - Exporting env vars: AIRFLOW_CTX_DAG_OWNER='***' AIRFLOW_CTX_DAG_ID='green_data_ingestion_gcs_dag' AIRFLOW_CTX_TASK_ID='download_dataset_task' AIRFLOW_CTX_EXECUTION_DATE='2024-10-31T15:40:07.557042+00:00' AIRFLOW_CTX_TRY_NUMBER='2' AIRFLOW_CTX_DAG_RUN_ID='manual__2024-10-31T15:40:07.557042+00:00'
[2024-10-31T15:51:38.959+0000] {logging_mixin.py:154} INFO - Requesting URL: https://d37ci6vzurychx.cloudfront.net/trip-data/green_tripdata_2022-01.parquet
[2024-10-31T15:51:39.381+0000] {logging_mixin.py:154} INFO - Requesting URL: https://d37ci6vzurychx.cloudfront.net/trip-data/green_tripdata_2022-02.parquet
[2024-10-31T15:51:39.753+0000] {logging_mixin.py:154} INFO - Requesting URL: https://d37ci6vzurychx.cloudfront.net/trip-data/green_tripdata_2022-03.parquet
[2024-10-31T15:51:40.171+0000] {logging_mixin.py:154} INFO - Requesting URL: https://d37ci6vzurychx.cloudfront.net/trip-data/green_tripdata_2022-04.parquet
[2024-10-31T15:51:40.631+0000] {logging_mixin.py:154} INFO - Requesting URL: https://d37ci6vzurychx.cloudfront.net/trip-data/green_tripdata_2022-05.parquet
[2024-10-31T15:51:40.998+0000] {logging_mixin.py:154} INFO - Requesting URL: https://d37ci6vzurychx.cloudfront.net/trip-data/green_tripdata_2022-06.parquet
[2024-10-31T15:51:41.352+0000] {logging_mixin.py:154} INFO - Requesting URL: https://d37ci6vzurychx.cloudfront.net/trip-data/green_tripdata_2022-07.parquet
[2024-10-31T15:51:41.710+0000] {logging_mixin.py:154} INFO - Requesting URL: https://d37ci6vzurychx.cloudfront.net/trip-data/green_tripdata_2022-08.parquet
[2024-10-31T15:51:42.078+0000] {logging_mixin.py:154} INFO - Requesting URL: https://d37ci6vzurychx.cloudfront.net/trip-data/green_tripdata_2022-09.parquet
[2024-10-31T15:51:42.458+0000] {logging_mixin.py:154} INFO - Requesting URL: https://d37ci6vzurychx.cloudfront.net/trip-data/green_tripdata_2022-10.parquet
[2024-10-31T15:51:42.803+0000] {logging_mixin.py:154} INFO - Requesting URL: https://d37ci6vzurychx.cloudfront.net/trip-data/green_tripdata_2022-11.parquet
[2024-10-31T15:51:43.204+0000] {logging_mixin.py:154} INFO - Requesting URL: https://d37ci6vzurychx.cloudfront.net/trip-data/green_tripdata_2022-12.parquet
[2024-10-31T15:51:43.624+0000] {python.py:194} INFO - Done. Returned value was: None
[2024-10-31T15:51:43.629+0000] {taskinstance.py:1400} INFO - Marking task as SUCCESS. dag_id=green_data_ingestion_gcs_dag, task_id=download_dataset_task, execution_date=20241031T154007, start_date=20241031T155138, end_date=20241031T155143
[2024-10-31T15:51:43.657+0000] {local_task_job_runner.py:228} INFO - Task exited with return code 0
[2024-10-31T15:51:43.670+0000] {taskinstance.py:2778} INFO - 1 downstream tasks scheduled from follow-on schedule check
