[2024-10-16T14:59:44.265+0000] {taskinstance.py:1159} INFO - Dependencies all met for dep_context=non-requeueable deps ti=<TaskInstance: yellow_data_ingestion_gcs_dag.download_dataset_task scheduled__2024-10-15T00:00:00+00:00 [queued]>
[2024-10-16T14:59:44.268+0000] {taskinstance.py:1159} INFO - Dependencies all met for dep_context=requeueable deps ti=<TaskInstance: yellow_data_ingestion_gcs_dag.download_dataset_task scheduled__2024-10-15T00:00:00+00:00 [queued]>
[2024-10-16T14:59:44.268+0000] {taskinstance.py:1361} INFO - Starting attempt 2 of 3
[2024-10-16T14:59:44.272+0000] {taskinstance.py:1382} INFO - Executing <Task(PythonOperator): download_dataset_task> on 2024-10-15 00:00:00+00:00
[2024-10-16T14:59:44.274+0000] {standard_task_runner.py:57} INFO - Started process 104 to run task
[2024-10-16T14:59:44.275+0000] {standard_task_runner.py:84} INFO - Running: ['***', 'tasks', 'run', 'yellow_data_ingestion_gcs_dag', 'download_dataset_task', 'scheduled__2024-10-15T00:00:00+00:00', '--job-id', '87', '--raw', '--subdir', 'DAGS_FOLDER/yellow_data_ingestion_gcs_dag.py', '--cfg-path', '/tmp/tmppbr2grbj']
[2024-10-16T14:59:44.276+0000] {standard_task_runner.py:85} INFO - Job 87: Subtask download_dataset_task
[2024-10-16T14:59:44.293+0000] {task_command.py:416} INFO - Running <TaskInstance: yellow_data_ingestion_gcs_dag.download_dataset_task scheduled__2024-10-15T00:00:00+00:00 [running]> on host 047025be9b5c
[2024-10-16T14:59:44.321+0000] {taskinstance.py:1662} INFO - Exporting env vars: AIRFLOW_CTX_DAG_OWNER='***' AIRFLOW_CTX_DAG_ID='yellow_data_ingestion_gcs_dag' AIRFLOW_CTX_TASK_ID='download_dataset_task' AIRFLOW_CTX_EXECUTION_DATE='2024-10-15T00:00:00+00:00' AIRFLOW_CTX_TRY_NUMBER='2' AIRFLOW_CTX_DAG_RUN_ID='scheduled__2024-10-15T00:00:00+00:00'
[2024-10-16T14:59:44.323+0000] {logging_mixin.py:154} INFO - Requesting URL: https://d37ci6vzurychx.cloudfront.net/trip-data/yellow_tripdata_2022-01.parquet
[2024-10-16T14:59:46.604+0000] {logging_mixin.py:154} INFO - Requesting URL: https://d37ci6vzurychx.cloudfront.net/trip-data/yellow_tripdata_2022-02.parquet
[2024-10-16T14:59:48.554+0000] {logging_mixin.py:154} INFO - Requesting URL: https://d37ci6vzurychx.cloudfront.net/trip-data/yellow_tripdata_2022-03.parquet
[2024-10-16T14:59:57.994+0000] {logging_mixin.py:154} INFO - Requesting URL: https://d37ci6vzurychx.cloudfront.net/trip-data/yellow_tripdata_2022-04.parquet
[2024-10-16T15:00:07.255+0000] {logging_mixin.py:154} INFO - Requesting URL: https://d37ci6vzurychx.cloudfront.net/trip-data/yellow_tripdata_2022-05.parquet
[2024-10-16T15:00:19.213+0000] {logging_mixin.py:154} INFO - Requesting URL: https://d37ci6vzurychx.cloudfront.net/trip-data/yellow_tripdata_2022-06.parquet
[2024-10-16T15:00:28.838+0000] {logging_mixin.py:154} INFO - Requesting URL: https://d37ci6vzurychx.cloudfront.net/trip-data/yellow_tripdata_2022-07.parquet
[2024-10-16T15:00:38.216+0000] {logging_mixin.py:154} INFO - Requesting URL: https://d37ci6vzurychx.cloudfront.net/trip-data/yellow_tripdata_2022-08.parquet
[2024-10-16T15:00:46.708+0000] {logging_mixin.py:154} INFO - Requesting URL: https://d37ci6vzurychx.cloudfront.net/trip-data/yellow_tripdata_2022-09.parquet
[2024-10-16T15:00:53.311+0000] {logging_mixin.py:154} INFO - Requesting URL: https://d37ci6vzurychx.cloudfront.net/trip-data/yellow_tripdata_2022-10.parquet
[2024-10-16T15:01:03.256+0000] {logging_mixin.py:154} INFO - Requesting URL: https://d37ci6vzurychx.cloudfront.net/trip-data/yellow_tripdata_2022-11.parquet
[2024-10-16T15:01:05.667+0000] {logging_mixin.py:154} INFO - Requesting URL: https://d37ci6vzurychx.cloudfront.net/trip-data/yellow_tripdata_2022-12.parquet
[2024-10-16T15:01:07.986+0000] {python.py:194} INFO - Done. Returned value was: None
[2024-10-16T15:01:07.990+0000] {taskinstance.py:1400} INFO - Marking task as SUCCESS. dag_id=yellow_data_ingestion_gcs_dag, task_id=download_dataset_task, execution_date=20241015T000000, start_date=20241016T145944, end_date=20241016T150107
[2024-10-16T15:01:08.025+0000] {local_task_job_runner.py:228} INFO - Task exited with return code 0
[2024-10-16T15:01:08.033+0000] {taskinstance.py:2778} INFO - 1 downstream tasks scheduled from follow-on schedule check
