[2024-10-15T21:56:40.236+0000] {taskinstance.py:1159} INFO - Dependencies all met for dep_context=non-requeueable deps ti=<TaskInstance: yellow_data_ingestion_gcs_dag.download_dataset_task manual__2024-10-15T21:30:53.149491+00:00 [queued]>
[2024-10-15T21:56:40.240+0000] {taskinstance.py:1159} INFO - Dependencies all met for dep_context=requeueable deps ti=<TaskInstance: yellow_data_ingestion_gcs_dag.download_dataset_task manual__2024-10-15T21:30:53.149491+00:00 [queued]>
[2024-10-15T21:56:40.240+0000] {taskinstance.py:1361} INFO - Starting attempt 6 of 7
[2024-10-15T21:56:40.245+0000] {taskinstance.py:1382} INFO - Executing <Task(PythonOperator): download_dataset_task> on 2024-10-15 21:30:53.149491+00:00
[2024-10-15T21:56:40.247+0000] {standard_task_runner.py:57} INFO - Started process 243 to run task
[2024-10-15T21:56:40.249+0000] {standard_task_runner.py:84} INFO - Running: ['***', 'tasks', 'run', 'yellow_data_ingestion_gcs_dag', 'download_dataset_task', 'manual__2024-10-15T21:30:53.149491+00:00', '--job-id', '82', '--raw', '--subdir', 'DAGS_FOLDER/yellow_data_ingestion_gcs_dag.py', '--cfg-path', '/tmp/tmpk9ruedfg']
[2024-10-15T21:56:40.249+0000] {standard_task_runner.py:85} INFO - Job 82: Subtask download_dataset_task
[2024-10-15T21:56:40.267+0000] {task_command.py:416} INFO - Running <TaskInstance: yellow_data_ingestion_gcs_dag.download_dataset_task manual__2024-10-15T21:30:53.149491+00:00 [running]> on host 63fbd9348e70
[2024-10-15T21:56:40.298+0000] {taskinstance.py:1662} INFO - Exporting env vars: AIRFLOW_CTX_DAG_OWNER='***' AIRFLOW_CTX_DAG_ID='yellow_data_ingestion_gcs_dag' AIRFLOW_CTX_TASK_ID='download_dataset_task' AIRFLOW_CTX_EXECUTION_DATE='2024-10-15T21:30:53.149491+00:00' AIRFLOW_CTX_TRY_NUMBER='6' AIRFLOW_CTX_DAG_RUN_ID='manual__2024-10-15T21:30:53.149491+00:00'
[2024-10-15T21:56:42.302+0000] {logging_mixin.py:154} INFO - Requesting URL: https://d37ci6vzurychx.cloudfront.net/trip-data/yellow_tripdata_2022-01.parquet
[2024-10-15T21:56:47.693+0000] {logging_mixin.py:154} INFO - Requesting URL: https://d37ci6vzurychx.cloudfront.net/trip-data/yellow_tripdata_2022-02.parquet
[2024-10-15T21:56:53.907+0000] {logging_mixin.py:154} INFO - Requesting URL: https://d37ci6vzurychx.cloudfront.net/trip-data/yellow_tripdata_2022-03.parquet
[2024-10-15T21:57:00.244+0000] {logging_mixin.py:154} INFO - Requesting URL: https://d37ci6vzurychx.cloudfront.net/trip-data/yellow_tripdata_2022-04.parquet
[2024-10-15T21:57:07.025+0000] {logging_mixin.py:154} INFO - Requesting URL: https://d37ci6vzurychx.cloudfront.net/trip-data/yellow_tripdata_2022-05.parquet
[2024-10-15T21:57:13.800+0000] {logging_mixin.py:154} INFO - Requesting URL: https://d37ci6vzurychx.cloudfront.net/trip-data/yellow_tripdata_2022-06.parquet
[2024-10-15T21:57:25.117+0000] {logging_mixin.py:154} INFO - Requesting URL: https://d37ci6vzurychx.cloudfront.net/trip-data/yellow_tripdata_2022-07.parquet
[2024-10-15T21:57:31.116+0000] {logging_mixin.py:154} INFO - Requesting URL: https://d37ci6vzurychx.cloudfront.net/trip-data/yellow_tripdata_2022-08.parquet
[2024-10-15T21:57:37.073+0000] {logging_mixin.py:154} INFO - Requesting URL: https://d37ci6vzurychx.cloudfront.net/trip-data/yellow_tripdata_2022-09.parquet
[2024-10-15T21:57:43.470+0000] {logging_mixin.py:154} INFO - Requesting URL: https://d37ci6vzurychx.cloudfront.net/trip-data/yellow_tripdata_2022-10.parquet
[2024-10-15T21:57:50.131+0000] {logging_mixin.py:154} INFO - Requesting URL: https://d37ci6vzurychx.cloudfront.net/trip-data/yellow_tripdata_2022-11.parquet
[2024-10-15T21:57:58.432+0000] {logging_mixin.py:154} INFO - Requesting URL: https://d37ci6vzurychx.cloudfront.net/trip-data/yellow_tripdata_2022-12.parquet
[2024-10-15T21:58:03.765+0000] {local_task_job_runner.py:228} INFO - Task exited with return code -9
[2024-10-15T21:58:03.783+0000] {taskinstance.py:2778} INFO - 0 downstream tasks scheduled from follow-on schedule check
