[2024-10-06T00:48:01.382+0000] {processor.py:157} INFO - Started process (PID=25785) to work on /home/airflow/.local/lib/python3.8/site-packages/airflow/example_dags/example_xcomargs.py
[2024-10-06T00:48:01.383+0000] {processor.py:829} INFO - Processing file /home/airflow/.local/lib/python3.8/site-packages/airflow/example_dags/example_xcomargs.py for tasks to queue
[2024-10-06T00:48:01.386+0000] {logging_mixin.py:154} INFO - [2024-10-06T00:48:01.386+0000] {dagbag.py:536} INFO - Filling up the DagBag from /home/airflow/.local/lib/python3.8/site-packages/airflow/example_dags/example_xcomargs.py
[2024-10-06T00:48:01.400+0000] {processor.py:839} INFO - DAG(s) dict_keys(['example_xcom_args', 'example_xcom_args_with_operators']) retrieved from /home/airflow/.local/lib/python3.8/site-packages/airflow/example_dags/example_xcomargs.py
[2024-10-06T00:48:01.414+0000] {logging_mixin.py:154} INFO - [2024-10-06T00:48:01.413+0000] {dag.py:2941} INFO - Sync 2 DAGs
[2024-10-06T00:48:01.420+0000] {logging_mixin.py:154} INFO - [2024-10-06T00:48:01.420+0000] {dag.py:3722} INFO - Setting next_dagrun for example_xcom_args to None, run_after=None
[2024-10-06T00:48:01.421+0000] {logging_mixin.py:154} INFO - [2024-10-06T00:48:01.421+0000] {dag.py:3722} INFO - Setting next_dagrun for example_xcom_args_with_operators to None, run_after=None
[2024-10-06T00:48:01.428+0000] {processor.py:179} INFO - Processing /home/airflow/.local/lib/python3.8/site-packages/airflow/example_dags/example_xcomargs.py took 0.049 seconds
[2024-10-06T00:59:18.360+0000] {processor.py:157} INFO - Started process (PID=25839) to work on /home/airflow/.local/lib/python3.8/site-packages/airflow/example_dags/example_xcomargs.py
[2024-10-06T00:59:18.360+0000] {processor.py:829} INFO - Processing file /home/airflow/.local/lib/python3.8/site-packages/airflow/example_dags/example_xcomargs.py for tasks to queue
[2024-10-06T00:59:18.362+0000] {logging_mixin.py:154} INFO - [2024-10-06T00:59:18.361+0000] {dagbag.py:536} INFO - Filling up the DagBag from /home/airflow/.local/lib/python3.8/site-packages/airflow/example_dags/example_xcomargs.py
[2024-10-06T00:59:18.365+0000] {processor.py:839} INFO - DAG(s) dict_keys(['example_xcom_args', 'example_xcom_args_with_operators']) retrieved from /home/airflow/.local/lib/python3.8/site-packages/airflow/example_dags/example_xcomargs.py
[2024-10-06T00:59:18.374+0000] {logging_mixin.py:154} INFO - [2024-10-06T00:59:18.374+0000] {dag.py:2941} INFO - Sync 2 DAGs
[2024-10-06T00:59:18.379+0000] {logging_mixin.py:154} INFO - [2024-10-06T00:59:18.379+0000] {dag.py:3722} INFO - Setting next_dagrun for example_xcom_args to None, run_after=None
[2024-10-06T00:59:18.380+0000] {logging_mixin.py:154} INFO - [2024-10-06T00:59:18.380+0000] {dag.py:3722} INFO - Setting next_dagrun for example_xcom_args_with_operators to None, run_after=None
[2024-10-06T00:59:18.386+0000] {processor.py:179} INFO - Processing /home/airflow/.local/lib/python3.8/site-packages/airflow/example_dags/example_xcomargs.py took 0.027 seconds
[2024-10-06T02:12:19.414+0000] {processor.py:157} INFO - Started process (PID=25893) to work on /home/airflow/.local/lib/python3.8/site-packages/airflow/example_dags/example_xcomargs.py
[2024-10-06T02:12:19.415+0000] {processor.py:829} INFO - Processing file /home/airflow/.local/lib/python3.8/site-packages/airflow/example_dags/example_xcomargs.py for tasks to queue
[2024-10-06T02:12:19.416+0000] {logging_mixin.py:154} INFO - [2024-10-06T02:12:19.416+0000] {dagbag.py:536} INFO - Filling up the DagBag from /home/airflow/.local/lib/python3.8/site-packages/airflow/example_dags/example_xcomargs.py
[2024-10-06T02:12:19.420+0000] {processor.py:839} INFO - DAG(s) dict_keys(['example_xcom_args_with_operators', 'example_xcom_args']) retrieved from /home/airflow/.local/lib/python3.8/site-packages/airflow/example_dags/example_xcomargs.py
[2024-10-06T02:12:19.429+0000] {logging_mixin.py:154} INFO - [2024-10-06T02:12:19.428+0000] {dag.py:2941} INFO - Sync 2 DAGs
[2024-10-06T02:12:19.433+0000] {logging_mixin.py:154} INFO - [2024-10-06T02:12:19.433+0000] {dag.py:3722} INFO - Setting next_dagrun for example_xcom_args to None, run_after=None
[2024-10-06T02:12:19.435+0000] {logging_mixin.py:154} INFO - [2024-10-06T02:12:19.435+0000] {dag.py:3722} INFO - Setting next_dagrun for example_xcom_args_with_operators to None, run_after=None
[2024-10-06T02:12:19.440+0000] {processor.py:179} INFO - Processing /home/airflow/.local/lib/python3.8/site-packages/airflow/example_dags/example_xcomargs.py took 0.028 seconds
[2024-10-06T02:48:46.716+0000] {processor.py:157} INFO - Started process (PID=25947) to work on /home/airflow/.local/lib/python3.8/site-packages/airflow/example_dags/example_xcomargs.py
[2024-10-06T02:48:46.717+0000] {processor.py:829} INFO - Processing file /home/airflow/.local/lib/python3.8/site-packages/airflow/example_dags/example_xcomargs.py for tasks to queue
[2024-10-06T02:48:46.719+0000] {logging_mixin.py:154} INFO - [2024-10-06T02:48:46.719+0000] {dagbag.py:536} INFO - Filling up the DagBag from /home/airflow/.local/lib/python3.8/site-packages/airflow/example_dags/example_xcomargs.py
[2024-10-06T02:48:46.725+0000] {processor.py:839} INFO - DAG(s) dict_keys(['example_xcom_args_with_operators', 'example_xcom_args']) retrieved from /home/airflow/.local/lib/python3.8/site-packages/airflow/example_dags/example_xcomargs.py
[2024-10-06T02:48:46.740+0000] {logging_mixin.py:154} INFO - [2024-10-06T02:48:46.740+0000] {dag.py:2941} INFO - Sync 2 DAGs
[2024-10-06T02:48:46.748+0000] {logging_mixin.py:154} INFO - [2024-10-06T02:48:46.748+0000] {dag.py:3722} INFO - Setting next_dagrun for example_xcom_args to None, run_after=None
[2024-10-06T02:48:46.750+0000] {logging_mixin.py:154} INFO - [2024-10-06T02:48:46.750+0000] {dag.py:3722} INFO - Setting next_dagrun for example_xcom_args_with_operators to None, run_after=None
[2024-10-06T02:48:46.762+0000] {processor.py:179} INFO - Processing /home/airflow/.local/lib/python3.8/site-packages/airflow/example_dags/example_xcomargs.py took 0.048 seconds
[2024-10-06T03:19:22.179+0000] {processor.py:157} INFO - Started process (PID=26001) to work on /home/airflow/.local/lib/python3.8/site-packages/airflow/example_dags/example_xcomargs.py
[2024-10-06T03:19:22.180+0000] {processor.py:829} INFO - Processing file /home/airflow/.local/lib/python3.8/site-packages/airflow/example_dags/example_xcomargs.py for tasks to queue
[2024-10-06T03:19:22.181+0000] {logging_mixin.py:154} INFO - [2024-10-06T03:19:22.181+0000] {dagbag.py:536} INFO - Filling up the DagBag from /home/airflow/.local/lib/python3.8/site-packages/airflow/example_dags/example_xcomargs.py
[2024-10-06T03:19:22.186+0000] {processor.py:839} INFO - DAG(s) dict_keys(['example_xcom_args_with_operators', 'example_xcom_args']) retrieved from /home/airflow/.local/lib/python3.8/site-packages/airflow/example_dags/example_xcomargs.py
[2024-10-06T03:19:22.200+0000] {logging_mixin.py:154} INFO - [2024-10-06T03:19:22.200+0000] {dag.py:2941} INFO - Sync 2 DAGs
[2024-10-06T03:19:22.206+0000] {logging_mixin.py:154} INFO - [2024-10-06T03:19:22.206+0000] {dag.py:3722} INFO - Setting next_dagrun for example_xcom_args to None, run_after=None
[2024-10-06T03:19:22.208+0000] {logging_mixin.py:154} INFO - [2024-10-06T03:19:22.208+0000] {dag.py:3722} INFO - Setting next_dagrun for example_xcom_args_with_operators to None, run_after=None
[2024-10-06T03:19:22.216+0000] {processor.py:179} INFO - Processing /home/airflow/.local/lib/python3.8/site-packages/airflow/example_dags/example_xcomargs.py took 0.039 seconds
[2024-10-06T04:34:55.896+0000] {processor.py:157} INFO - Started process (PID=26055) to work on /home/airflow/.local/lib/python3.8/site-packages/airflow/example_dags/example_xcomargs.py
[2024-10-06T04:34:55.897+0000] {processor.py:829} INFO - Processing file /home/airflow/.local/lib/python3.8/site-packages/airflow/example_dags/example_xcomargs.py for tasks to queue
[2024-10-06T04:34:55.899+0000] {logging_mixin.py:154} INFO - [2024-10-06T04:34:55.899+0000] {dagbag.py:536} INFO - Filling up the DagBag from /home/airflow/.local/lib/python3.8/site-packages/airflow/example_dags/example_xcomargs.py
[2024-10-06T04:34:55.903+0000] {processor.py:839} INFO - DAG(s) dict_keys(['example_xcom_args_with_operators', 'example_xcom_args']) retrieved from /home/airflow/.local/lib/python3.8/site-packages/airflow/example_dags/example_xcomargs.py
[2024-10-06T04:34:55.915+0000] {logging_mixin.py:154} INFO - [2024-10-06T04:34:55.915+0000] {dag.py:2941} INFO - Sync 2 DAGs
[2024-10-06T04:34:55.921+0000] {logging_mixin.py:154} INFO - [2024-10-06T04:34:55.921+0000] {dag.py:3722} INFO - Setting next_dagrun for example_xcom_args to None, run_after=None
[2024-10-06T04:34:55.923+0000] {logging_mixin.py:154} INFO - [2024-10-06T04:34:55.923+0000] {dag.py:3722} INFO - Setting next_dagrun for example_xcom_args_with_operators to None, run_after=None
[2024-10-06T04:34:55.933+0000] {processor.py:179} INFO - Processing /home/airflow/.local/lib/python3.8/site-packages/airflow/example_dags/example_xcomargs.py took 0.039 seconds
[2024-10-06T05:54:00.718+0000] {processor.py:157} INFO - Started process (PID=26109) to work on /home/airflow/.local/lib/python3.8/site-packages/airflow/example_dags/example_xcomargs.py
[2024-10-06T05:54:00.718+0000] {processor.py:829} INFO - Processing file /home/airflow/.local/lib/python3.8/site-packages/airflow/example_dags/example_xcomargs.py for tasks to queue
[2024-10-06T05:54:00.719+0000] {logging_mixin.py:154} INFO - [2024-10-06T05:54:00.719+0000] {dagbag.py:536} INFO - Filling up the DagBag from /home/airflow/.local/lib/python3.8/site-packages/airflow/example_dags/example_xcomargs.py
[2024-10-06T05:54:00.723+0000] {processor.py:839} INFO - DAG(s) dict_keys(['example_xcom_args', 'example_xcom_args_with_operators']) retrieved from /home/airflow/.local/lib/python3.8/site-packages/airflow/example_dags/example_xcomargs.py
[2024-10-06T05:54:00.733+0000] {logging_mixin.py:154} INFO - [2024-10-06T05:54:00.733+0000] {dag.py:2941} INFO - Sync 2 DAGs
[2024-10-06T05:54:00.739+0000] {logging_mixin.py:154} INFO - [2024-10-06T05:54:00.739+0000] {dag.py:3722} INFO - Setting next_dagrun for example_xcom_args to None, run_after=None
[2024-10-06T05:54:00.740+0000] {logging_mixin.py:154} INFO - [2024-10-06T05:54:00.740+0000] {dag.py:3722} INFO - Setting next_dagrun for example_xcom_args_with_operators to None, run_after=None
[2024-10-06T05:54:00.746+0000] {processor.py:179} INFO - Processing /home/airflow/.local/lib/python3.8/site-packages/airflow/example_dags/example_xcomargs.py took 0.030 seconds
[2024-10-06T06:41:06.524+0000] {processor.py:157} INFO - Started process (PID=26163) to work on /home/airflow/.local/lib/python3.8/site-packages/airflow/example_dags/example_xcomargs.py
[2024-10-06T06:41:06.525+0000] {processor.py:829} INFO - Processing file /home/airflow/.local/lib/python3.8/site-packages/airflow/example_dags/example_xcomargs.py for tasks to queue
[2024-10-06T06:41:06.526+0000] {logging_mixin.py:154} INFO - [2024-10-06T06:41:06.526+0000] {dagbag.py:536} INFO - Filling up the DagBag from /home/airflow/.local/lib/python3.8/site-packages/airflow/example_dags/example_xcomargs.py
[2024-10-06T06:41:06.530+0000] {processor.py:839} INFO - DAG(s) dict_keys(['example_xcom_args_with_operators', 'example_xcom_args']) retrieved from /home/airflow/.local/lib/python3.8/site-packages/airflow/example_dags/example_xcomargs.py
[2024-10-06T06:41:06.540+0000] {logging_mixin.py:154} INFO - [2024-10-06T06:41:06.540+0000] {dag.py:2941} INFO - Sync 2 DAGs
[2024-10-06T06:41:06.544+0000] {logging_mixin.py:154} INFO - [2024-10-06T06:41:06.544+0000] {dag.py:3722} INFO - Setting next_dagrun for example_xcom_args to None, run_after=None
[2024-10-06T06:41:06.546+0000] {logging_mixin.py:154} INFO - [2024-10-06T06:41:06.546+0000] {dag.py:3722} INFO - Setting next_dagrun for example_xcom_args_with_operators to None, run_after=None
[2024-10-06T06:41:06.551+0000] {processor.py:179} INFO - Processing /home/airflow/.local/lib/python3.8/site-packages/airflow/example_dags/example_xcomargs.py took 0.029 seconds
[2024-10-06T08:19:29.110+0000] {processor.py:157} INFO - Started process (PID=26217) to work on /home/airflow/.local/lib/python3.8/site-packages/airflow/example_dags/example_xcomargs.py
[2024-10-06T08:19:29.111+0000] {processor.py:829} INFO - Processing file /home/airflow/.local/lib/python3.8/site-packages/airflow/example_dags/example_xcomargs.py for tasks to queue
[2024-10-06T08:19:29.112+0000] {logging_mixin.py:154} INFO - [2024-10-06T08:19:29.112+0000] {dagbag.py:536} INFO - Filling up the DagBag from /home/airflow/.local/lib/python3.8/site-packages/airflow/example_dags/example_xcomargs.py
[2024-10-06T08:19:29.116+0000] {processor.py:839} INFO - DAG(s) dict_keys(['example_xcom_args_with_operators', 'example_xcom_args']) retrieved from /home/airflow/.local/lib/python3.8/site-packages/airflow/example_dags/example_xcomargs.py
[2024-10-06T08:19:29.126+0000] {logging_mixin.py:154} INFO - [2024-10-06T08:19:29.126+0000] {dag.py:2941} INFO - Sync 2 DAGs
[2024-10-06T08:19:29.131+0000] {logging_mixin.py:154} INFO - [2024-10-06T08:19:29.131+0000] {dag.py:3722} INFO - Setting next_dagrun for example_xcom_args to None, run_after=None
[2024-10-06T08:19:29.132+0000] {logging_mixin.py:154} INFO - [2024-10-06T08:19:29.132+0000] {dag.py:3722} INFO - Setting next_dagrun for example_xcom_args_with_operators to None, run_after=None
[2024-10-06T08:19:29.138+0000] {processor.py:179} INFO - Processing /home/airflow/.local/lib/python3.8/site-packages/airflow/example_dags/example_xcomargs.py took 0.029 seconds
[2024-10-06T09:31:45.228+0000] {processor.py:157} INFO - Started process (PID=26271) to work on /home/airflow/.local/lib/python3.8/site-packages/airflow/example_dags/example_xcomargs.py
[2024-10-06T09:31:45.229+0000] {processor.py:829} INFO - Processing file /home/airflow/.local/lib/python3.8/site-packages/airflow/example_dags/example_xcomargs.py for tasks to queue
[2024-10-06T09:31:45.230+0000] {logging_mixin.py:154} INFO - [2024-10-06T09:31:45.230+0000] {dagbag.py:536} INFO - Filling up the DagBag from /home/airflow/.local/lib/python3.8/site-packages/airflow/example_dags/example_xcomargs.py
[2024-10-06T09:31:45.233+0000] {processor.py:839} INFO - DAG(s) dict_keys(['example_xcom_args', 'example_xcom_args_with_operators']) retrieved from /home/airflow/.local/lib/python3.8/site-packages/airflow/example_dags/example_xcomargs.py
[2024-10-06T09:31:45.243+0000] {logging_mixin.py:154} INFO - [2024-10-06T09:31:45.243+0000] {dag.py:2941} INFO - Sync 2 DAGs
[2024-10-06T09:31:45.248+0000] {logging_mixin.py:154} INFO - [2024-10-06T09:31:45.248+0000] {dag.py:3722} INFO - Setting next_dagrun for example_xcom_args to None, run_after=None
[2024-10-06T09:31:45.250+0000] {logging_mixin.py:154} INFO - [2024-10-06T09:31:45.249+0000] {dag.py:3722} INFO - Setting next_dagrun for example_xcom_args_with_operators to None, run_after=None
[2024-10-06T09:31:45.256+0000] {processor.py:179} INFO - Processing /home/airflow/.local/lib/python3.8/site-packages/airflow/example_dags/example_xcomargs.py took 0.029 seconds
[2024-10-06T10:45:24.853+0000] {processor.py:157} INFO - Started process (PID=26325) to work on /home/airflow/.local/lib/python3.8/site-packages/airflow/example_dags/example_xcomargs.py
[2024-10-06T10:45:24.853+0000] {processor.py:829} INFO - Processing file /home/airflow/.local/lib/python3.8/site-packages/airflow/example_dags/example_xcomargs.py for tasks to queue
[2024-10-06T10:45:24.855+0000] {logging_mixin.py:154} INFO - [2024-10-06T10:45:24.855+0000] {dagbag.py:536} INFO - Filling up the DagBag from /home/airflow/.local/lib/python3.8/site-packages/airflow/example_dags/example_xcomargs.py
[2024-10-06T10:45:24.861+0000] {processor.py:839} INFO - DAG(s) dict_keys(['example_xcom_args_with_operators', 'example_xcom_args']) retrieved from /home/airflow/.local/lib/python3.8/site-packages/airflow/example_dags/example_xcomargs.py
[2024-10-06T10:45:24.875+0000] {logging_mixin.py:154} INFO - [2024-10-06T10:45:24.875+0000] {dag.py:2941} INFO - Sync 2 DAGs
[2024-10-06T10:45:24.882+0000] {logging_mixin.py:154} INFO - [2024-10-06T10:45:24.882+0000] {dag.py:3722} INFO - Setting next_dagrun for example_xcom_args to None, run_after=None
[2024-10-06T10:45:24.884+0000] {logging_mixin.py:154} INFO - [2024-10-06T10:45:24.884+0000] {dag.py:3722} INFO - Setting next_dagrun for example_xcom_args_with_operators to None, run_after=None
[2024-10-06T10:45:24.894+0000] {processor.py:179} INFO - Processing /home/airflow/.local/lib/python3.8/site-packages/airflow/example_dags/example_xcomargs.py took 0.044 seconds
[2024-10-06T11:46:25.261+0000] {processor.py:157} INFO - Started process (PID=26379) to work on /home/airflow/.local/lib/python3.8/site-packages/airflow/example_dags/example_xcomargs.py
[2024-10-06T11:46:25.263+0000] {processor.py:829} INFO - Processing file /home/airflow/.local/lib/python3.8/site-packages/airflow/example_dags/example_xcomargs.py for tasks to queue
[2024-10-06T11:46:25.270+0000] {logging_mixin.py:154} INFO - [2024-10-06T11:46:25.269+0000] {dagbag.py:536} INFO - Filling up the DagBag from /home/airflow/.local/lib/python3.8/site-packages/airflow/example_dags/example_xcomargs.py
[2024-10-06T11:46:25.287+0000] {processor.py:839} INFO - DAG(s) dict_keys(['example_xcom_args', 'example_xcom_args_with_operators']) retrieved from /home/airflow/.local/lib/python3.8/site-packages/airflow/example_dags/example_xcomargs.py
[2024-10-06T11:46:25.324+0000] {logging_mixin.py:154} INFO - [2024-10-06T11:46:25.324+0000] {dag.py:2941} INFO - Sync 2 DAGs
[2024-10-06T11:46:25.338+0000] {logging_mixin.py:154} INFO - [2024-10-06T11:46:25.338+0000] {dag.py:3722} INFO - Setting next_dagrun for example_xcom_args to None, run_after=None
[2024-10-06T11:46:25.345+0000] {logging_mixin.py:154} INFO - [2024-10-06T11:46:25.345+0000] {dag.py:3722} INFO - Setting next_dagrun for example_xcom_args_with_operators to None, run_after=None
[2024-10-06T11:46:25.372+0000] {processor.py:179} INFO - Processing /home/airflow/.local/lib/python3.8/site-packages/airflow/example_dags/example_xcomargs.py took 0.115 seconds
[2024-10-06T12:33:57.025+0000] {processor.py:157} INFO - Started process (PID=26433) to work on /home/airflow/.local/lib/python3.8/site-packages/airflow/example_dags/example_xcomargs.py
[2024-10-06T12:33:57.026+0000] {processor.py:829} INFO - Processing file /home/airflow/.local/lib/python3.8/site-packages/airflow/example_dags/example_xcomargs.py for tasks to queue
[2024-10-06T12:33:57.027+0000] {logging_mixin.py:154} INFO - [2024-10-06T12:33:57.027+0000] {dagbag.py:536} INFO - Filling up the DagBag from /home/airflow/.local/lib/python3.8/site-packages/airflow/example_dags/example_xcomargs.py
[2024-10-06T12:33:57.032+0000] {processor.py:839} INFO - DAG(s) dict_keys(['example_xcom_args', 'example_xcom_args_with_operators']) retrieved from /home/airflow/.local/lib/python3.8/site-packages/airflow/example_dags/example_xcomargs.py
[2024-10-06T12:33:57.045+0000] {logging_mixin.py:154} INFO - [2024-10-06T12:33:57.045+0000] {dag.py:2941} INFO - Sync 2 DAGs
[2024-10-06T12:33:57.052+0000] {logging_mixin.py:154} INFO - [2024-10-06T12:33:57.052+0000] {dag.py:3722} INFO - Setting next_dagrun for example_xcom_args to None, run_after=None
[2024-10-06T12:33:57.054+0000] {logging_mixin.py:154} INFO - [2024-10-06T12:33:57.054+0000] {dag.py:3722} INFO - Setting next_dagrun for example_xcom_args_with_operators to None, run_after=None
[2024-10-06T12:33:57.063+0000] {processor.py:179} INFO - Processing /home/airflow/.local/lib/python3.8/site-packages/airflow/example_dags/example_xcomargs.py took 0.039 seconds
[2024-10-06T13:17:27.582+0000] {processor.py:157} INFO - Started process (PID=26487) to work on /home/airflow/.local/lib/python3.8/site-packages/airflow/example_dags/example_xcomargs.py
[2024-10-06T13:17:27.583+0000] {processor.py:829} INFO - Processing file /home/airflow/.local/lib/python3.8/site-packages/airflow/example_dags/example_xcomargs.py for tasks to queue
[2024-10-06T13:17:27.585+0000] {logging_mixin.py:154} INFO - [2024-10-06T13:17:27.585+0000] {dagbag.py:536} INFO - Filling up the DagBag from /home/airflow/.local/lib/python3.8/site-packages/airflow/example_dags/example_xcomargs.py
[2024-10-06T13:17:27.590+0000] {processor.py:839} INFO - DAG(s) dict_keys(['example_xcom_args_with_operators', 'example_xcom_args']) retrieved from /home/airflow/.local/lib/python3.8/site-packages/airflow/example_dags/example_xcomargs.py
[2024-10-06T13:17:27.606+0000] {logging_mixin.py:154} INFO - [2024-10-06T13:17:27.606+0000] {dag.py:2941} INFO - Sync 2 DAGs
[2024-10-06T13:17:27.613+0000] {logging_mixin.py:154} INFO - [2024-10-06T13:17:27.613+0000] {dag.py:3722} INFO - Setting next_dagrun for example_xcom_args to None, run_after=None
[2024-10-06T13:17:27.616+0000] {logging_mixin.py:154} INFO - [2024-10-06T13:17:27.616+0000] {dag.py:3722} INFO - Setting next_dagrun for example_xcom_args_with_operators to None, run_after=None
[2024-10-06T13:17:27.625+0000] {processor.py:179} INFO - Processing /home/airflow/.local/lib/python3.8/site-packages/airflow/example_dags/example_xcomargs.py took 0.045 seconds
[2024-10-06T14:49:26.073+0000] {processor.py:157} INFO - Started process (PID=26541) to work on /home/airflow/.local/lib/python3.8/site-packages/airflow/example_dags/example_xcomargs.py
[2024-10-06T14:49:26.074+0000] {processor.py:829} INFO - Processing file /home/airflow/.local/lib/python3.8/site-packages/airflow/example_dags/example_xcomargs.py for tasks to queue
[2024-10-06T14:49:26.076+0000] {logging_mixin.py:154} INFO - [2024-10-06T14:49:26.075+0000] {dagbag.py:536} INFO - Filling up the DagBag from /home/airflow/.local/lib/python3.8/site-packages/airflow/example_dags/example_xcomargs.py
[2024-10-06T14:49:26.081+0000] {processor.py:839} INFO - DAG(s) dict_keys(['example_xcom_args', 'example_xcom_args_with_operators']) retrieved from /home/airflow/.local/lib/python3.8/site-packages/airflow/example_dags/example_xcomargs.py
[2024-10-06T14:49:26.095+0000] {logging_mixin.py:154} INFO - [2024-10-06T14:49:26.095+0000] {dag.py:2941} INFO - Sync 2 DAGs
[2024-10-06T14:49:26.102+0000] {logging_mixin.py:154} INFO - [2024-10-06T14:49:26.102+0000] {dag.py:3722} INFO - Setting next_dagrun for example_xcom_args to None, run_after=None
[2024-10-06T14:49:26.104+0000] {logging_mixin.py:154} INFO - [2024-10-06T14:49:26.104+0000] {dag.py:3722} INFO - Setting next_dagrun for example_xcom_args_with_operators to None, run_after=None
[2024-10-06T14:49:26.113+0000] {processor.py:179} INFO - Processing /home/airflow/.local/lib/python3.8/site-packages/airflow/example_dags/example_xcomargs.py took 0.041 seconds
[2024-10-06T15:50:30.204+0000] {processor.py:157} INFO - Started process (PID=26595) to work on /home/airflow/.local/lib/python3.8/site-packages/airflow/example_dags/example_xcomargs.py
[2024-10-06T15:50:30.205+0000] {processor.py:829} INFO - Processing file /home/airflow/.local/lib/python3.8/site-packages/airflow/example_dags/example_xcomargs.py for tasks to queue
[2024-10-06T15:50:30.206+0000] {logging_mixin.py:154} INFO - [2024-10-06T15:50:30.206+0000] {dagbag.py:536} INFO - Filling up the DagBag from /home/airflow/.local/lib/python3.8/site-packages/airflow/example_dags/example_xcomargs.py
[2024-10-06T15:50:30.211+0000] {processor.py:839} INFO - DAG(s) dict_keys(['example_xcom_args', 'example_xcom_args_with_operators']) retrieved from /home/airflow/.local/lib/python3.8/site-packages/airflow/example_dags/example_xcomargs.py
[2024-10-06T15:50:30.225+0000] {logging_mixin.py:154} INFO - [2024-10-06T15:50:30.225+0000] {dag.py:2941} INFO - Sync 2 DAGs
[2024-10-06T15:50:30.233+0000] {logging_mixin.py:154} INFO - [2024-10-06T15:50:30.232+0000] {dag.py:3722} INFO - Setting next_dagrun for example_xcom_args to None, run_after=None
[2024-10-06T15:50:30.235+0000] {logging_mixin.py:154} INFO - [2024-10-06T15:50:30.235+0000] {dag.py:3722} INFO - Setting next_dagrun for example_xcom_args_with_operators to None, run_after=None
[2024-10-06T15:50:30.244+0000] {processor.py:179} INFO - Processing /home/airflow/.local/lib/python3.8/site-packages/airflow/example_dags/example_xcomargs.py took 0.042 seconds
[2024-10-06T16:11:23.289+0000] {processor.py:157} INFO - Started process (PID=26649) to work on /home/airflow/.local/lib/python3.8/site-packages/airflow/example_dags/example_xcomargs.py
[2024-10-06T16:11:23.290+0000] {processor.py:829} INFO - Processing file /home/airflow/.local/lib/python3.8/site-packages/airflow/example_dags/example_xcomargs.py for tasks to queue
[2024-10-06T16:11:23.293+0000] {logging_mixin.py:154} INFO - [2024-10-06T16:11:23.292+0000] {dagbag.py:536} INFO - Filling up the DagBag from /home/airflow/.local/lib/python3.8/site-packages/airflow/example_dags/example_xcomargs.py
[2024-10-06T16:11:23.299+0000] {processor.py:839} INFO - DAG(s) dict_keys(['example_xcom_args', 'example_xcom_args_with_operators']) retrieved from /home/airflow/.local/lib/python3.8/site-packages/airflow/example_dags/example_xcomargs.py
[2024-10-06T16:11:23.315+0000] {logging_mixin.py:154} INFO - [2024-10-06T16:11:23.315+0000] {dag.py:2941} INFO - Sync 2 DAGs
[2024-10-06T16:11:23.323+0000] {logging_mixin.py:154} INFO - [2024-10-06T16:11:23.323+0000] {dag.py:3722} INFO - Setting next_dagrun for example_xcom_args to None, run_after=None
[2024-10-06T16:11:23.325+0000] {logging_mixin.py:154} INFO - [2024-10-06T16:11:23.325+0000] {dag.py:3722} INFO - Setting next_dagrun for example_xcom_args_with_operators to None, run_after=None
[2024-10-06T16:11:23.344+0000] {processor.py:179} INFO - Processing /home/airflow/.local/lib/python3.8/site-packages/airflow/example_dags/example_xcomargs.py took 0.058 seconds
[2024-10-06T16:17:00.226+0000] {processor.py:157} INFO - Started process (PID=26703) to work on /home/airflow/.local/lib/python3.8/site-packages/airflow/example_dags/example_xcomargs.py
[2024-10-06T16:17:00.227+0000] {processor.py:829} INFO - Processing file /home/airflow/.local/lib/python3.8/site-packages/airflow/example_dags/example_xcomargs.py for tasks to queue
[2024-10-06T16:17:00.229+0000] {logging_mixin.py:154} INFO - [2024-10-06T16:17:00.229+0000] {dagbag.py:536} INFO - Filling up the DagBag from /home/airflow/.local/lib/python3.8/site-packages/airflow/example_dags/example_xcomargs.py
[2024-10-06T16:17:00.235+0000] {processor.py:839} INFO - DAG(s) dict_keys(['example_xcom_args_with_operators', 'example_xcom_args']) retrieved from /home/airflow/.local/lib/python3.8/site-packages/airflow/example_dags/example_xcomargs.py
[2024-10-06T16:17:00.251+0000] {logging_mixin.py:154} INFO - [2024-10-06T16:17:00.251+0000] {dag.py:2941} INFO - Sync 2 DAGs
[2024-10-06T16:17:00.259+0000] {logging_mixin.py:154} INFO - [2024-10-06T16:17:00.259+0000] {dag.py:3722} INFO - Setting next_dagrun for example_xcom_args to None, run_after=None
[2024-10-06T16:17:00.261+0000] {logging_mixin.py:154} INFO - [2024-10-06T16:17:00.261+0000] {dag.py:3722} INFO - Setting next_dagrun for example_xcom_args_with_operators to None, run_after=None
[2024-10-06T16:17:00.272+0000] {processor.py:179} INFO - Processing /home/airflow/.local/lib/python3.8/site-packages/airflow/example_dags/example_xcomargs.py took 0.049 seconds
[2024-10-06T17:25:37.126+0000] {processor.py:157} INFO - Started process (PID=26757) to work on /home/airflow/.local/lib/python3.8/site-packages/airflow/example_dags/example_xcomargs.py
[2024-10-06T17:25:37.126+0000] {processor.py:829} INFO - Processing file /home/airflow/.local/lib/python3.8/site-packages/airflow/example_dags/example_xcomargs.py for tasks to queue
[2024-10-06T17:25:37.128+0000] {logging_mixin.py:154} INFO - [2024-10-06T17:25:37.128+0000] {dagbag.py:536} INFO - Filling up the DagBag from /home/airflow/.local/lib/python3.8/site-packages/airflow/example_dags/example_xcomargs.py
[2024-10-06T17:25:37.134+0000] {processor.py:839} INFO - DAG(s) dict_keys(['example_xcom_args_with_operators', 'example_xcom_args']) retrieved from /home/airflow/.local/lib/python3.8/site-packages/airflow/example_dags/example_xcomargs.py
[2024-10-06T17:25:37.151+0000] {logging_mixin.py:154} INFO - [2024-10-06T17:25:37.151+0000] {dag.py:2941} INFO - Sync 2 DAGs
[2024-10-06T17:25:37.159+0000] {logging_mixin.py:154} INFO - [2024-10-06T17:25:37.159+0000] {dag.py:3722} INFO - Setting next_dagrun for example_xcom_args to None, run_after=None
[2024-10-06T17:25:37.161+0000] {logging_mixin.py:154} INFO - [2024-10-06T17:25:37.161+0000] {dag.py:3722} INFO - Setting next_dagrun for example_xcom_args_with_operators to None, run_after=None
[2024-10-06T17:25:37.171+0000] {processor.py:179} INFO - Processing /home/airflow/.local/lib/python3.8/site-packages/airflow/example_dags/example_xcomargs.py took 0.047 seconds
[2024-10-06T17:48:09.520+0000] {processor.py:157} INFO - Started process (PID=26811) to work on /home/airflow/.local/lib/python3.8/site-packages/airflow/example_dags/example_xcomargs.py
[2024-10-06T17:48:09.521+0000] {processor.py:829} INFO - Processing file /home/airflow/.local/lib/python3.8/site-packages/airflow/example_dags/example_xcomargs.py for tasks to queue
[2024-10-06T17:48:09.523+0000] {logging_mixin.py:154} INFO - [2024-10-06T17:48:09.522+0000] {dagbag.py:536} INFO - Filling up the DagBag from /home/airflow/.local/lib/python3.8/site-packages/airflow/example_dags/example_xcomargs.py
[2024-10-06T17:48:09.527+0000] {processor.py:839} INFO - DAG(s) dict_keys(['example_xcom_args', 'example_xcom_args_with_operators']) retrieved from /home/airflow/.local/lib/python3.8/site-packages/airflow/example_dags/example_xcomargs.py
[2024-10-06T17:48:09.540+0000] {logging_mixin.py:154} INFO - [2024-10-06T17:48:09.540+0000] {dag.py:2941} INFO - Sync 2 DAGs
[2024-10-06T17:48:09.547+0000] {logging_mixin.py:154} INFO - [2024-10-06T17:48:09.547+0000] {dag.py:3722} INFO - Setting next_dagrun for example_xcom_args to None, run_after=None
[2024-10-06T17:48:09.548+0000] {logging_mixin.py:154} INFO - [2024-10-06T17:48:09.548+0000] {dag.py:3722} INFO - Setting next_dagrun for example_xcom_args_with_operators to None, run_after=None
[2024-10-06T17:48:09.558+0000] {processor.py:179} INFO - Processing /home/airflow/.local/lib/python3.8/site-packages/airflow/example_dags/example_xcomargs.py took 0.039 seconds
[2024-10-06T18:17:57.879+0000] {processor.py:157} INFO - Started process (PID=26865) to work on /home/airflow/.local/lib/python3.8/site-packages/airflow/example_dags/example_xcomargs.py
[2024-10-06T18:17:57.879+0000] {processor.py:829} INFO - Processing file /home/airflow/.local/lib/python3.8/site-packages/airflow/example_dags/example_xcomargs.py for tasks to queue
[2024-10-06T18:17:57.881+0000] {logging_mixin.py:154} INFO - [2024-10-06T18:17:57.880+0000] {dagbag.py:536} INFO - Filling up the DagBag from /home/airflow/.local/lib/python3.8/site-packages/airflow/example_dags/example_xcomargs.py
[2024-10-06T18:17:57.884+0000] {processor.py:839} INFO - DAG(s) dict_keys(['example_xcom_args', 'example_xcom_args_with_operators']) retrieved from /home/airflow/.local/lib/python3.8/site-packages/airflow/example_dags/example_xcomargs.py
[2024-10-06T18:17:57.895+0000] {logging_mixin.py:154} INFO - [2024-10-06T18:17:57.895+0000] {dag.py:2941} INFO - Sync 2 DAGs
[2024-10-06T18:17:57.900+0000] {logging_mixin.py:154} INFO - [2024-10-06T18:17:57.899+0000] {dag.py:3722} INFO - Setting next_dagrun for example_xcom_args to None, run_after=None
[2024-10-06T18:17:57.901+0000] {logging_mixin.py:154} INFO - [2024-10-06T18:17:57.901+0000] {dag.py:3722} INFO - Setting next_dagrun for example_xcom_args_with_operators to None, run_after=None
[2024-10-06T18:17:57.907+0000] {processor.py:179} INFO - Processing /home/airflow/.local/lib/python3.8/site-packages/airflow/example_dags/example_xcomargs.py took 0.030 seconds
[2024-10-06T19:43:22.396+0000] {processor.py:157} INFO - Started process (PID=26919) to work on /home/airflow/.local/lib/python3.8/site-packages/airflow/example_dags/example_xcomargs.py
[2024-10-06T19:43:22.397+0000] {processor.py:829} INFO - Processing file /home/airflow/.local/lib/python3.8/site-packages/airflow/example_dags/example_xcomargs.py for tasks to queue
[2024-10-06T19:43:22.399+0000] {logging_mixin.py:154} INFO - [2024-10-06T19:43:22.398+0000] {dagbag.py:536} INFO - Filling up the DagBag from /home/airflow/.local/lib/python3.8/site-packages/airflow/example_dags/example_xcomargs.py
[2024-10-06T19:43:22.404+0000] {processor.py:839} INFO - DAG(s) dict_keys(['example_xcom_args', 'example_xcom_args_with_operators']) retrieved from /home/airflow/.local/lib/python3.8/site-packages/airflow/example_dags/example_xcomargs.py
[2024-10-06T19:43:22.419+0000] {logging_mixin.py:154} INFO - [2024-10-06T19:43:22.419+0000] {dag.py:2941} INFO - Sync 2 DAGs
[2024-10-06T19:43:22.426+0000] {logging_mixin.py:154} INFO - [2024-10-06T19:43:22.426+0000] {dag.py:3722} INFO - Setting next_dagrun for example_xcom_args to None, run_after=None
[2024-10-06T19:43:22.428+0000] {logging_mixin.py:154} INFO - [2024-10-06T19:43:22.427+0000] {dag.py:3722} INFO - Setting next_dagrun for example_xcom_args_with_operators to None, run_after=None
[2024-10-06T19:43:22.436+0000] {processor.py:179} INFO - Processing /home/airflow/.local/lib/python3.8/site-packages/airflow/example_dags/example_xcomargs.py took 0.042 seconds
[2024-10-06T20:31:09.595+0000] {processor.py:157} INFO - Started process (PID=26973) to work on /home/airflow/.local/lib/python3.8/site-packages/airflow/example_dags/example_xcomargs.py
[2024-10-06T20:31:09.596+0000] {processor.py:829} INFO - Processing file /home/airflow/.local/lib/python3.8/site-packages/airflow/example_dags/example_xcomargs.py for tasks to queue
[2024-10-06T20:31:09.597+0000] {logging_mixin.py:154} INFO - [2024-10-06T20:31:09.597+0000] {dagbag.py:536} INFO - Filling up the DagBag from /home/airflow/.local/lib/python3.8/site-packages/airflow/example_dags/example_xcomargs.py
[2024-10-06T20:31:09.601+0000] {processor.py:839} INFO - DAG(s) dict_keys(['example_xcom_args', 'example_xcom_args_with_operators']) retrieved from /home/airflow/.local/lib/python3.8/site-packages/airflow/example_dags/example_xcomargs.py
[2024-10-06T20:31:09.611+0000] {logging_mixin.py:154} INFO - [2024-10-06T20:31:09.611+0000] {dag.py:2941} INFO - Sync 2 DAGs
[2024-10-06T20:31:09.616+0000] {logging_mixin.py:154} INFO - [2024-10-06T20:31:09.616+0000] {dag.py:3722} INFO - Setting next_dagrun for example_xcom_args to None, run_after=None
[2024-10-06T20:31:09.617+0000] {logging_mixin.py:154} INFO - [2024-10-06T20:31:09.617+0000] {dag.py:3722} INFO - Setting next_dagrun for example_xcom_args_with_operators to None, run_after=None
[2024-10-06T20:31:09.623+0000] {processor.py:179} INFO - Processing /home/airflow/.local/lib/python3.8/site-packages/airflow/example_dags/example_xcomargs.py took 0.029 seconds
[2024-10-06T20:40:14.487+0000] {processor.py:157} INFO - Started process (PID=27027) to work on /home/airflow/.local/lib/python3.8/site-packages/airflow/example_dags/example_xcomargs.py
[2024-10-06T20:40:14.488+0000] {processor.py:829} INFO - Processing file /home/airflow/.local/lib/python3.8/site-packages/airflow/example_dags/example_xcomargs.py for tasks to queue
[2024-10-06T20:40:14.489+0000] {logging_mixin.py:154} INFO - [2024-10-06T20:40:14.489+0000] {dagbag.py:536} INFO - Filling up the DagBag from /home/airflow/.local/lib/python3.8/site-packages/airflow/example_dags/example_xcomargs.py
[2024-10-06T20:40:14.493+0000] {processor.py:839} INFO - DAG(s) dict_keys(['example_xcom_args_with_operators', 'example_xcom_args']) retrieved from /home/airflow/.local/lib/python3.8/site-packages/airflow/example_dags/example_xcomargs.py
[2024-10-06T20:40:14.503+0000] {logging_mixin.py:154} INFO - [2024-10-06T20:40:14.503+0000] {dag.py:2941} INFO - Sync 2 DAGs
[2024-10-06T20:40:14.508+0000] {logging_mixin.py:154} INFO - [2024-10-06T20:40:14.507+0000] {dag.py:3722} INFO - Setting next_dagrun for example_xcom_args to None, run_after=None
[2024-10-06T20:40:14.509+0000] {logging_mixin.py:154} INFO - [2024-10-06T20:40:14.509+0000] {dag.py:3722} INFO - Setting next_dagrun for example_xcom_args_with_operators to None, run_after=None
[2024-10-06T20:40:14.514+0000] {processor.py:179} INFO - Processing /home/airflow/.local/lib/python3.8/site-packages/airflow/example_dags/example_xcomargs.py took 0.028 seconds
[2024-10-06T20:43:24.854+0000] {processor.py:157} INFO - Started process (PID=27081) to work on /home/airflow/.local/lib/python3.8/site-packages/airflow/example_dags/example_xcomargs.py
[2024-10-06T20:43:24.854+0000] {processor.py:829} INFO - Processing file /home/airflow/.local/lib/python3.8/site-packages/airflow/example_dags/example_xcomargs.py for tasks to queue
[2024-10-06T20:43:24.855+0000] {logging_mixin.py:154} INFO - [2024-10-06T20:43:24.855+0000] {dagbag.py:536} INFO - Filling up the DagBag from /home/airflow/.local/lib/python3.8/site-packages/airflow/example_dags/example_xcomargs.py
[2024-10-06T20:43:24.859+0000] {processor.py:839} INFO - DAG(s) dict_keys(['example_xcom_args', 'example_xcom_args_with_operators']) retrieved from /home/airflow/.local/lib/python3.8/site-packages/airflow/example_dags/example_xcomargs.py
[2024-10-06T20:43:24.868+0000] {logging_mixin.py:154} INFO - [2024-10-06T20:43:24.868+0000] {dag.py:2941} INFO - Sync 2 DAGs
[2024-10-06T20:43:24.873+0000] {logging_mixin.py:154} INFO - [2024-10-06T20:43:24.873+0000] {dag.py:3722} INFO - Setting next_dagrun for example_xcom_args to None, run_after=None
[2024-10-06T20:43:24.875+0000] {logging_mixin.py:154} INFO - [2024-10-06T20:43:24.874+0000] {dag.py:3722} INFO - Setting next_dagrun for example_xcom_args_with_operators to None, run_after=None
[2024-10-06T20:43:24.880+0000] {processor.py:179} INFO - Processing /home/airflow/.local/lib/python3.8/site-packages/airflow/example_dags/example_xcomargs.py took 0.028 seconds
[2024-10-06T21:12:03.058+0000] {processor.py:157} INFO - Started process (PID=27135) to work on /home/airflow/.local/lib/python3.8/site-packages/airflow/example_dags/example_xcomargs.py
[2024-10-06T21:12:03.059+0000] {processor.py:829} INFO - Processing file /home/airflow/.local/lib/python3.8/site-packages/airflow/example_dags/example_xcomargs.py for tasks to queue
[2024-10-06T21:12:03.061+0000] {logging_mixin.py:154} INFO - [2024-10-06T21:12:03.061+0000] {dagbag.py:536} INFO - Filling up the DagBag from /home/airflow/.local/lib/python3.8/site-packages/airflow/example_dags/example_xcomargs.py
[2024-10-06T21:12:03.066+0000] {processor.py:839} INFO - DAG(s) dict_keys(['example_xcom_args', 'example_xcom_args_with_operators']) retrieved from /home/airflow/.local/lib/python3.8/site-packages/airflow/example_dags/example_xcomargs.py
[2024-10-06T21:12:03.081+0000] {logging_mixin.py:154} INFO - [2024-10-06T21:12:03.081+0000] {dag.py:2941} INFO - Sync 2 DAGs
[2024-10-06T21:12:03.090+0000] {logging_mixin.py:154} INFO - [2024-10-06T21:12:03.089+0000] {dag.py:3722} INFO - Setting next_dagrun for example_xcom_args to None, run_after=None
[2024-10-06T21:12:03.093+0000] {logging_mixin.py:154} INFO - [2024-10-06T21:12:03.093+0000] {dag.py:3722} INFO - Setting next_dagrun for example_xcom_args_with_operators to None, run_after=None
[2024-10-06T21:12:03.104+0000] {processor.py:179} INFO - Processing /home/airflow/.local/lib/python3.8/site-packages/airflow/example_dags/example_xcomargs.py took 0.049 seconds
[2024-10-06T21:13:25.904+0000] {processor.py:157} INFO - Started process (PID=27189) to work on /home/airflow/.local/lib/python3.8/site-packages/airflow/example_dags/example_xcomargs.py
[2024-10-06T21:13:25.904+0000] {processor.py:829} INFO - Processing file /home/airflow/.local/lib/python3.8/site-packages/airflow/example_dags/example_xcomargs.py for tasks to queue
[2024-10-06T21:13:25.906+0000] {logging_mixin.py:154} INFO - [2024-10-06T21:13:25.905+0000] {dagbag.py:536} INFO - Filling up the DagBag from /home/airflow/.local/lib/python3.8/site-packages/airflow/example_dags/example_xcomargs.py
[2024-10-06T21:13:25.909+0000] {processor.py:839} INFO - DAG(s) dict_keys(['example_xcom_args', 'example_xcom_args_with_operators']) retrieved from /home/airflow/.local/lib/python3.8/site-packages/airflow/example_dags/example_xcomargs.py
[2024-10-06T21:13:25.918+0000] {logging_mixin.py:154} INFO - [2024-10-06T21:13:25.918+0000] {dag.py:2941} INFO - Sync 2 DAGs
[2024-10-06T21:13:25.923+0000] {logging_mixin.py:154} INFO - [2024-10-06T21:13:25.923+0000] {dag.py:3722} INFO - Setting next_dagrun for example_xcom_args to None, run_after=None
[2024-10-06T21:13:25.924+0000] {logging_mixin.py:154} INFO - [2024-10-06T21:13:25.924+0000] {dag.py:3722} INFO - Setting next_dagrun for example_xcom_args_with_operators to None, run_after=None
[2024-10-06T21:13:25.930+0000] {processor.py:179} INFO - Processing /home/airflow/.local/lib/python3.8/site-packages/airflow/example_dags/example_xcomargs.py took 0.027 seconds
[2024-10-06T21:24:00.047+0000] {processor.py:157} INFO - Started process (PID=27243) to work on /home/airflow/.local/lib/python3.8/site-packages/airflow/example_dags/example_xcomargs.py
[2024-10-06T21:24:00.048+0000] {processor.py:829} INFO - Processing file /home/airflow/.local/lib/python3.8/site-packages/airflow/example_dags/example_xcomargs.py for tasks to queue
[2024-10-06T21:24:00.049+0000] {logging_mixin.py:154} INFO - [2024-10-06T21:24:00.049+0000] {dagbag.py:536} INFO - Filling up the DagBag from /home/airflow/.local/lib/python3.8/site-packages/airflow/example_dags/example_xcomargs.py
[2024-10-06T21:24:00.053+0000] {processor.py:839} INFO - DAG(s) dict_keys(['example_xcom_args', 'example_xcom_args_with_operators']) retrieved from /home/airflow/.local/lib/python3.8/site-packages/airflow/example_dags/example_xcomargs.py
[2024-10-06T21:24:00.063+0000] {logging_mixin.py:154} INFO - [2024-10-06T21:24:00.063+0000] {dag.py:2941} INFO - Sync 2 DAGs
[2024-10-06T21:24:00.067+0000] {logging_mixin.py:154} INFO - [2024-10-06T21:24:00.067+0000] {dag.py:3722} INFO - Setting next_dagrun for example_xcom_args to None, run_after=None
[2024-10-06T21:24:00.069+0000] {logging_mixin.py:154} INFO - [2024-10-06T21:24:00.069+0000] {dag.py:3722} INFO - Setting next_dagrun for example_xcom_args_with_operators to None, run_after=None
[2024-10-06T21:24:00.074+0000] {processor.py:179} INFO - Processing /home/airflow/.local/lib/python3.8/site-packages/airflow/example_dags/example_xcomargs.py took 0.029 seconds
[2024-10-06T22:02:21.746+0000] {processor.py:157} INFO - Started process (PID=27297) to work on /home/airflow/.local/lib/python3.8/site-packages/airflow/example_dags/example_xcomargs.py
[2024-10-06T22:02:21.746+0000] {processor.py:829} INFO - Processing file /home/airflow/.local/lib/python3.8/site-packages/airflow/example_dags/example_xcomargs.py for tasks to queue
[2024-10-06T22:02:21.747+0000] {logging_mixin.py:154} INFO - [2024-10-06T22:02:21.747+0000] {dagbag.py:536} INFO - Filling up the DagBag from /home/airflow/.local/lib/python3.8/site-packages/airflow/example_dags/example_xcomargs.py
[2024-10-06T22:02:21.751+0000] {processor.py:839} INFO - DAG(s) dict_keys(['example_xcom_args', 'example_xcom_args_with_operators']) retrieved from /home/airflow/.local/lib/python3.8/site-packages/airflow/example_dags/example_xcomargs.py
[2024-10-06T22:02:21.761+0000] {logging_mixin.py:154} INFO - [2024-10-06T22:02:21.761+0000] {dag.py:2941} INFO - Sync 2 DAGs
[2024-10-06T22:02:21.766+0000] {logging_mixin.py:154} INFO - [2024-10-06T22:02:21.766+0000] {dag.py:3722} INFO - Setting next_dagrun for example_xcom_args to None, run_after=None
[2024-10-06T22:02:21.768+0000] {logging_mixin.py:154} INFO - [2024-10-06T22:02:21.768+0000] {dag.py:3722} INFO - Setting next_dagrun for example_xcom_args_with_operators to None, run_after=None
[2024-10-06T22:02:21.773+0000] {processor.py:179} INFO - Processing /home/airflow/.local/lib/python3.8/site-packages/airflow/example_dags/example_xcomargs.py took 0.029 seconds
[2024-10-06T22:28:54.719+0000] {processor.py:157} INFO - Started process (PID=27351) to work on /home/airflow/.local/lib/python3.8/site-packages/airflow/example_dags/example_xcomargs.py
[2024-10-06T22:28:54.719+0000] {processor.py:829} INFO - Processing file /home/airflow/.local/lib/python3.8/site-packages/airflow/example_dags/example_xcomargs.py for tasks to queue
[2024-10-06T22:28:54.721+0000] {logging_mixin.py:154} INFO - [2024-10-06T22:28:54.721+0000] {dagbag.py:536} INFO - Filling up the DagBag from /home/airflow/.local/lib/python3.8/site-packages/airflow/example_dags/example_xcomargs.py
[2024-10-06T22:28:54.725+0000] {processor.py:839} INFO - DAG(s) dict_keys(['example_xcom_args_with_operators', 'example_xcom_args']) retrieved from /home/airflow/.local/lib/python3.8/site-packages/airflow/example_dags/example_xcomargs.py
[2024-10-06T22:28:54.736+0000] {logging_mixin.py:154} INFO - [2024-10-06T22:28:54.736+0000] {dag.py:2941} INFO - Sync 2 DAGs
[2024-10-06T22:28:54.741+0000] {logging_mixin.py:154} INFO - [2024-10-06T22:28:54.741+0000] {dag.py:3722} INFO - Setting next_dagrun for example_xcom_args to None, run_after=None
[2024-10-06T22:28:54.742+0000] {logging_mixin.py:154} INFO - [2024-10-06T22:28:54.742+0000] {dag.py:3722} INFO - Setting next_dagrun for example_xcom_args_with_operators to None, run_after=None
[2024-10-06T22:28:54.749+0000] {processor.py:179} INFO - Processing /home/airflow/.local/lib/python3.8/site-packages/airflow/example_dags/example_xcomargs.py took 0.032 seconds
[2024-10-06T22:59:44.152+0000] {processor.py:157} INFO - Started process (PID=27405) to work on /home/airflow/.local/lib/python3.8/site-packages/airflow/example_dags/example_xcomargs.py
[2024-10-06T22:59:44.154+0000] {processor.py:829} INFO - Processing file /home/airflow/.local/lib/python3.8/site-packages/airflow/example_dags/example_xcomargs.py for tasks to queue
[2024-10-06T22:59:44.157+0000] {logging_mixin.py:154} INFO - [2024-10-06T22:59:44.156+0000] {dagbag.py:536} INFO - Filling up the DagBag from /home/airflow/.local/lib/python3.8/site-packages/airflow/example_dags/example_xcomargs.py
[2024-10-06T22:59:44.162+0000] {processor.py:839} INFO - DAG(s) dict_keys(['example_xcom_args_with_operators', 'example_xcom_args']) retrieved from /home/airflow/.local/lib/python3.8/site-packages/airflow/example_dags/example_xcomargs.py
[2024-10-06T22:59:44.179+0000] {logging_mixin.py:154} INFO - [2024-10-06T22:59:44.179+0000] {dag.py:2941} INFO - Sync 2 DAGs
[2024-10-06T22:59:44.189+0000] {logging_mixin.py:154} INFO - [2024-10-06T22:59:44.189+0000] {dag.py:3722} INFO - Setting next_dagrun for example_xcom_args to None, run_after=None
[2024-10-06T22:59:44.192+0000] {logging_mixin.py:154} INFO - [2024-10-06T22:59:44.191+0000] {dag.py:3722} INFO - Setting next_dagrun for example_xcom_args_with_operators to None, run_after=None
[2024-10-06T22:59:44.203+0000] {processor.py:179} INFO - Processing /home/airflow/.local/lib/python3.8/site-packages/airflow/example_dags/example_xcomargs.py took 0.053 seconds
[2024-10-06T23:00:15.070+0000] {processor.py:157} INFO - Started process (PID=27459) to work on /home/airflow/.local/lib/python3.8/site-packages/airflow/example_dags/example_xcomargs.py
[2024-10-06T23:00:15.071+0000] {processor.py:829} INFO - Processing file /home/airflow/.local/lib/python3.8/site-packages/airflow/example_dags/example_xcomargs.py for tasks to queue
[2024-10-06T23:00:15.073+0000] {logging_mixin.py:154} INFO - [2024-10-06T23:00:15.073+0000] {dagbag.py:536} INFO - Filling up the DagBag from /home/airflow/.local/lib/python3.8/site-packages/airflow/example_dags/example_xcomargs.py
[2024-10-06T23:00:15.079+0000] {processor.py:839} INFO - DAG(s) dict_keys(['example_xcom_args_with_operators', 'example_xcom_args']) retrieved from /home/airflow/.local/lib/python3.8/site-packages/airflow/example_dags/example_xcomargs.py
[2024-10-06T23:00:15.091+0000] {logging_mixin.py:154} INFO - [2024-10-06T23:00:15.091+0000] {dag.py:2941} INFO - Sync 2 DAGs
[2024-10-06T23:00:15.097+0000] {logging_mixin.py:154} INFO - [2024-10-06T23:00:15.097+0000] {dag.py:3722} INFO - Setting next_dagrun for example_xcom_args to None, run_after=None
[2024-10-06T23:00:15.099+0000] {logging_mixin.py:154} INFO - [2024-10-06T23:00:15.099+0000] {dag.py:3722} INFO - Setting next_dagrun for example_xcom_args_with_operators to None, run_after=None
[2024-10-06T23:00:15.107+0000] {processor.py:179} INFO - Processing /home/airflow/.local/lib/python3.8/site-packages/airflow/example_dags/example_xcomargs.py took 0.039 seconds
[2024-10-06T23:00:45.870+0000] {processor.py:157} INFO - Started process (PID=27513) to work on /home/airflow/.local/lib/python3.8/site-packages/airflow/example_dags/example_xcomargs.py
[2024-10-06T23:00:45.870+0000] {processor.py:829} INFO - Processing file /home/airflow/.local/lib/python3.8/site-packages/airflow/example_dags/example_xcomargs.py for tasks to queue
[2024-10-06T23:00:45.871+0000] {logging_mixin.py:154} INFO - [2024-10-06T23:00:45.871+0000] {dagbag.py:536} INFO - Filling up the DagBag from /home/airflow/.local/lib/python3.8/site-packages/airflow/example_dags/example_xcomargs.py
[2024-10-06T23:00:45.876+0000] {processor.py:839} INFO - DAG(s) dict_keys(['example_xcom_args', 'example_xcom_args_with_operators']) retrieved from /home/airflow/.local/lib/python3.8/site-packages/airflow/example_dags/example_xcomargs.py
[2024-10-06T23:00:45.886+0000] {logging_mixin.py:154} INFO - [2024-10-06T23:00:45.886+0000] {dag.py:2941} INFO - Sync 2 DAGs
[2024-10-06T23:00:45.891+0000] {logging_mixin.py:154} INFO - [2024-10-06T23:00:45.891+0000] {dag.py:3722} INFO - Setting next_dagrun for example_xcom_args to None, run_after=None
[2024-10-06T23:00:45.892+0000] {logging_mixin.py:154} INFO - [2024-10-06T23:00:45.892+0000] {dag.py:3722} INFO - Setting next_dagrun for example_xcom_args_with_operators to None, run_after=None
[2024-10-06T23:00:45.898+0000] {processor.py:179} INFO - Processing /home/airflow/.local/lib/python3.8/site-packages/airflow/example_dags/example_xcomargs.py took 0.030 seconds
[2024-10-06T23:01:16.436+0000] {processor.py:157} INFO - Started process (PID=27567) to work on /home/airflow/.local/lib/python3.8/site-packages/airflow/example_dags/example_xcomargs.py
[2024-10-06T23:01:16.437+0000] {processor.py:829} INFO - Processing file /home/airflow/.local/lib/python3.8/site-packages/airflow/example_dags/example_xcomargs.py for tasks to queue
[2024-10-06T23:01:16.438+0000] {logging_mixin.py:154} INFO - [2024-10-06T23:01:16.438+0000] {dagbag.py:536} INFO - Filling up the DagBag from /home/airflow/.local/lib/python3.8/site-packages/airflow/example_dags/example_xcomargs.py
[2024-10-06T23:01:16.442+0000] {processor.py:839} INFO - DAG(s) dict_keys(['example_xcom_args', 'example_xcom_args_with_operators']) retrieved from /home/airflow/.local/lib/python3.8/site-packages/airflow/example_dags/example_xcomargs.py
[2024-10-06T23:01:16.452+0000] {logging_mixin.py:154} INFO - [2024-10-06T23:01:16.451+0000] {dag.py:2941} INFO - Sync 2 DAGs
[2024-10-06T23:01:16.456+0000] {logging_mixin.py:154} INFO - [2024-10-06T23:01:16.456+0000] {dag.py:3722} INFO - Setting next_dagrun for example_xcom_args to None, run_after=None
[2024-10-06T23:01:16.458+0000] {logging_mixin.py:154} INFO - [2024-10-06T23:01:16.457+0000] {dag.py:3722} INFO - Setting next_dagrun for example_xcom_args_with_operators to None, run_after=None
[2024-10-06T23:01:16.463+0000] {processor.py:179} INFO - Processing /home/airflow/.local/lib/python3.8/site-packages/airflow/example_dags/example_xcomargs.py took 0.029 seconds
[2024-10-06T23:01:46.936+0000] {processor.py:157} INFO - Started process (PID=27621) to work on /home/airflow/.local/lib/python3.8/site-packages/airflow/example_dags/example_xcomargs.py
[2024-10-06T23:01:46.936+0000] {processor.py:829} INFO - Processing file /home/airflow/.local/lib/python3.8/site-packages/airflow/example_dags/example_xcomargs.py for tasks to queue
[2024-10-06T23:01:46.938+0000] {logging_mixin.py:154} INFO - [2024-10-06T23:01:46.937+0000] {dagbag.py:536} INFO - Filling up the DagBag from /home/airflow/.local/lib/python3.8/site-packages/airflow/example_dags/example_xcomargs.py
[2024-10-06T23:01:46.941+0000] {processor.py:839} INFO - DAG(s) dict_keys(['example_xcom_args_with_operators', 'example_xcom_args']) retrieved from /home/airflow/.local/lib/python3.8/site-packages/airflow/example_dags/example_xcomargs.py
[2024-10-06T23:01:46.951+0000] {logging_mixin.py:154} INFO - [2024-10-06T23:01:46.951+0000] {dag.py:2941} INFO - Sync 2 DAGs
[2024-10-06T23:01:46.955+0000] {logging_mixin.py:154} INFO - [2024-10-06T23:01:46.955+0000] {dag.py:3722} INFO - Setting next_dagrun for example_xcom_args to None, run_after=None
[2024-10-06T23:01:46.957+0000] {logging_mixin.py:154} INFO - [2024-10-06T23:01:46.956+0000] {dag.py:3722} INFO - Setting next_dagrun for example_xcom_args_with_operators to None, run_after=None
[2024-10-06T23:01:46.962+0000] {processor.py:179} INFO - Processing /home/airflow/.local/lib/python3.8/site-packages/airflow/example_dags/example_xcomargs.py took 0.028 seconds
[2024-10-06T23:02:17.374+0000] {processor.py:157} INFO - Started process (PID=27675) to work on /home/airflow/.local/lib/python3.8/site-packages/airflow/example_dags/example_xcomargs.py
[2024-10-06T23:02:17.375+0000] {processor.py:829} INFO - Processing file /home/airflow/.local/lib/python3.8/site-packages/airflow/example_dags/example_xcomargs.py for tasks to queue
[2024-10-06T23:02:17.376+0000] {logging_mixin.py:154} INFO - [2024-10-06T23:02:17.376+0000] {dagbag.py:536} INFO - Filling up the DagBag from /home/airflow/.local/lib/python3.8/site-packages/airflow/example_dags/example_xcomargs.py
[2024-10-06T23:02:17.380+0000] {processor.py:839} INFO - DAG(s) dict_keys(['example_xcom_args_with_operators', 'example_xcom_args']) retrieved from /home/airflow/.local/lib/python3.8/site-packages/airflow/example_dags/example_xcomargs.py
[2024-10-06T23:02:17.390+0000] {logging_mixin.py:154} INFO - [2024-10-06T23:02:17.390+0000] {dag.py:2941} INFO - Sync 2 DAGs
[2024-10-06T23:02:17.395+0000] {logging_mixin.py:154} INFO - [2024-10-06T23:02:17.395+0000] {dag.py:3722} INFO - Setting next_dagrun for example_xcom_args to None, run_after=None
[2024-10-06T23:02:17.396+0000] {logging_mixin.py:154} INFO - [2024-10-06T23:02:17.396+0000] {dag.py:3722} INFO - Setting next_dagrun for example_xcom_args_with_operators to None, run_after=None
[2024-10-06T23:02:17.402+0000] {processor.py:179} INFO - Processing /home/airflow/.local/lib/python3.8/site-packages/airflow/example_dags/example_xcomargs.py took 0.029 seconds
[2024-10-06T23:02:47.788+0000] {processor.py:157} INFO - Started process (PID=27729) to work on /home/airflow/.local/lib/python3.8/site-packages/airflow/example_dags/example_xcomargs.py
[2024-10-06T23:02:47.788+0000] {processor.py:829} INFO - Processing file /home/airflow/.local/lib/python3.8/site-packages/airflow/example_dags/example_xcomargs.py for tasks to queue
[2024-10-06T23:02:47.789+0000] {logging_mixin.py:154} INFO - [2024-10-06T23:02:47.789+0000] {dagbag.py:536} INFO - Filling up the DagBag from /home/airflow/.local/lib/python3.8/site-packages/airflow/example_dags/example_xcomargs.py
[2024-10-06T23:02:47.793+0000] {processor.py:839} INFO - DAG(s) dict_keys(['example_xcom_args', 'example_xcom_args_with_operators']) retrieved from /home/airflow/.local/lib/python3.8/site-packages/airflow/example_dags/example_xcomargs.py
[2024-10-06T23:02:47.803+0000] {logging_mixin.py:154} INFO - [2024-10-06T23:02:47.803+0000] {dag.py:2941} INFO - Sync 2 DAGs
[2024-10-06T23:02:47.808+0000] {logging_mixin.py:154} INFO - [2024-10-06T23:02:47.808+0000] {dag.py:3722} INFO - Setting next_dagrun for example_xcom_args to None, run_after=None
[2024-10-06T23:02:47.809+0000] {logging_mixin.py:154} INFO - [2024-10-06T23:02:47.809+0000] {dag.py:3722} INFO - Setting next_dagrun for example_xcom_args_with_operators to None, run_after=None
[2024-10-06T23:02:47.815+0000] {processor.py:179} INFO - Processing /home/airflow/.local/lib/python3.8/site-packages/airflow/example_dags/example_xcomargs.py took 0.029 seconds
[2024-10-06T23:03:18.196+0000] {processor.py:157} INFO - Started process (PID=27783) to work on /home/airflow/.local/lib/python3.8/site-packages/airflow/example_dags/example_xcomargs.py
[2024-10-06T23:03:18.196+0000] {processor.py:829} INFO - Processing file /home/airflow/.local/lib/python3.8/site-packages/airflow/example_dags/example_xcomargs.py for tasks to queue
[2024-10-06T23:03:18.198+0000] {logging_mixin.py:154} INFO - [2024-10-06T23:03:18.198+0000] {dagbag.py:536} INFO - Filling up the DagBag from /home/airflow/.local/lib/python3.8/site-packages/airflow/example_dags/example_xcomargs.py
[2024-10-06T23:03:18.201+0000] {processor.py:839} INFO - DAG(s) dict_keys(['example_xcom_args_with_operators', 'example_xcom_args']) retrieved from /home/airflow/.local/lib/python3.8/site-packages/airflow/example_dags/example_xcomargs.py
[2024-10-06T23:03:18.211+0000] {logging_mixin.py:154} INFO - [2024-10-06T23:03:18.211+0000] {dag.py:2941} INFO - Sync 2 DAGs
[2024-10-06T23:03:18.216+0000] {logging_mixin.py:154} INFO - [2024-10-06T23:03:18.216+0000] {dag.py:3722} INFO - Setting next_dagrun for example_xcom_args to None, run_after=None
[2024-10-06T23:03:18.217+0000] {logging_mixin.py:154} INFO - [2024-10-06T23:03:18.217+0000] {dag.py:3722} INFO - Setting next_dagrun for example_xcom_args_with_operators to None, run_after=None
[2024-10-06T23:03:18.223+0000] {processor.py:179} INFO - Processing /home/airflow/.local/lib/python3.8/site-packages/airflow/example_dags/example_xcomargs.py took 0.029 seconds
[2024-10-06T23:03:48.648+0000] {processor.py:157} INFO - Started process (PID=27837) to work on /home/airflow/.local/lib/python3.8/site-packages/airflow/example_dags/example_xcomargs.py
[2024-10-06T23:03:48.648+0000] {processor.py:829} INFO - Processing file /home/airflow/.local/lib/python3.8/site-packages/airflow/example_dags/example_xcomargs.py for tasks to queue
[2024-10-06T23:03:48.650+0000] {logging_mixin.py:154} INFO - [2024-10-06T23:03:48.650+0000] {dagbag.py:536} INFO - Filling up the DagBag from /home/airflow/.local/lib/python3.8/site-packages/airflow/example_dags/example_xcomargs.py
[2024-10-06T23:03:48.654+0000] {processor.py:839} INFO - DAG(s) dict_keys(['example_xcom_args', 'example_xcom_args_with_operators']) retrieved from /home/airflow/.local/lib/python3.8/site-packages/airflow/example_dags/example_xcomargs.py
[2024-10-06T23:03:48.663+0000] {logging_mixin.py:154} INFO - [2024-10-06T23:03:48.662+0000] {dag.py:2941} INFO - Sync 2 DAGs
[2024-10-06T23:03:48.667+0000] {logging_mixin.py:154} INFO - [2024-10-06T23:03:48.667+0000] {dag.py:3722} INFO - Setting next_dagrun for example_xcom_args to None, run_after=None
[2024-10-06T23:03:48.669+0000] {logging_mixin.py:154} INFO - [2024-10-06T23:03:48.669+0000] {dag.py:3722} INFO - Setting next_dagrun for example_xcom_args_with_operators to None, run_after=None
[2024-10-06T23:03:48.675+0000] {processor.py:179} INFO - Processing /home/airflow/.local/lib/python3.8/site-packages/airflow/example_dags/example_xcomargs.py took 0.028 seconds
[2024-10-06T23:04:19.119+0000] {processor.py:157} INFO - Started process (PID=27891) to work on /home/airflow/.local/lib/python3.8/site-packages/airflow/example_dags/example_xcomargs.py
[2024-10-06T23:04:19.120+0000] {processor.py:829} INFO - Processing file /home/airflow/.local/lib/python3.8/site-packages/airflow/example_dags/example_xcomargs.py for tasks to queue
[2024-10-06T23:04:19.121+0000] {logging_mixin.py:154} INFO - [2024-10-06T23:04:19.121+0000] {dagbag.py:536} INFO - Filling up the DagBag from /home/airflow/.local/lib/python3.8/site-packages/airflow/example_dags/example_xcomargs.py
[2024-10-06T23:04:19.124+0000] {processor.py:839} INFO - DAG(s) dict_keys(['example_xcom_args_with_operators', 'example_xcom_args']) retrieved from /home/airflow/.local/lib/python3.8/site-packages/airflow/example_dags/example_xcomargs.py
[2024-10-06T23:04:19.134+0000] {logging_mixin.py:154} INFO - [2024-10-06T23:04:19.134+0000] {dag.py:2941} INFO - Sync 2 DAGs
[2024-10-06T23:04:19.139+0000] {logging_mixin.py:154} INFO - [2024-10-06T23:04:19.139+0000] {dag.py:3722} INFO - Setting next_dagrun for example_xcom_args to None, run_after=None
[2024-10-06T23:04:19.140+0000] {logging_mixin.py:154} INFO - [2024-10-06T23:04:19.140+0000] {dag.py:3722} INFO - Setting next_dagrun for example_xcom_args_with_operators to None, run_after=None
[2024-10-06T23:04:19.146+0000] {processor.py:179} INFO - Processing /home/airflow/.local/lib/python3.8/site-packages/airflow/example_dags/example_xcomargs.py took 0.028 seconds
[2024-10-06T23:04:49.542+0000] {processor.py:157} INFO - Started process (PID=27945) to work on /home/airflow/.local/lib/python3.8/site-packages/airflow/example_dags/example_xcomargs.py
[2024-10-06T23:04:49.542+0000] {processor.py:829} INFO - Processing file /home/airflow/.local/lib/python3.8/site-packages/airflow/example_dags/example_xcomargs.py for tasks to queue
[2024-10-06T23:04:49.543+0000] {logging_mixin.py:154} INFO - [2024-10-06T23:04:49.543+0000] {dagbag.py:536} INFO - Filling up the DagBag from /home/airflow/.local/lib/python3.8/site-packages/airflow/example_dags/example_xcomargs.py
[2024-10-06T23:04:49.547+0000] {processor.py:839} INFO - DAG(s) dict_keys(['example_xcom_args_with_operators', 'example_xcom_args']) retrieved from /home/airflow/.local/lib/python3.8/site-packages/airflow/example_dags/example_xcomargs.py
[2024-10-06T23:04:49.556+0000] {logging_mixin.py:154} INFO - [2024-10-06T23:04:49.556+0000] {dag.py:2941} INFO - Sync 2 DAGs
[2024-10-06T23:04:49.561+0000] {logging_mixin.py:154} INFO - [2024-10-06T23:04:49.561+0000] {dag.py:3722} INFO - Setting next_dagrun for example_xcom_args to None, run_after=None
[2024-10-06T23:04:49.562+0000] {logging_mixin.py:154} INFO - [2024-10-06T23:04:49.562+0000] {dag.py:3722} INFO - Setting next_dagrun for example_xcom_args_with_operators to None, run_after=None
[2024-10-06T23:04:49.568+0000] {processor.py:179} INFO - Processing /home/airflow/.local/lib/python3.8/site-packages/airflow/example_dags/example_xcomargs.py took 0.028 seconds
[2024-10-06T23:05:19.947+0000] {processor.py:157} INFO - Started process (PID=27999) to work on /home/airflow/.local/lib/python3.8/site-packages/airflow/example_dags/example_xcomargs.py
[2024-10-06T23:05:19.947+0000] {processor.py:829} INFO - Processing file /home/airflow/.local/lib/python3.8/site-packages/airflow/example_dags/example_xcomargs.py for tasks to queue
[2024-10-06T23:05:19.948+0000] {logging_mixin.py:154} INFO - [2024-10-06T23:05:19.948+0000] {dagbag.py:536} INFO - Filling up the DagBag from /home/airflow/.local/lib/python3.8/site-packages/airflow/example_dags/example_xcomargs.py
[2024-10-06T23:05:19.952+0000] {processor.py:839} INFO - DAG(s) dict_keys(['example_xcom_args', 'example_xcom_args_with_operators']) retrieved from /home/airflow/.local/lib/python3.8/site-packages/airflow/example_dags/example_xcomargs.py
[2024-10-06T23:05:19.963+0000] {logging_mixin.py:154} INFO - [2024-10-06T23:05:19.963+0000] {dag.py:2941} INFO - Sync 2 DAGs
[2024-10-06T23:05:19.968+0000] {logging_mixin.py:154} INFO - [2024-10-06T23:05:19.967+0000] {dag.py:3722} INFO - Setting next_dagrun for example_xcom_args to None, run_after=None
[2024-10-06T23:05:19.969+0000] {logging_mixin.py:154} INFO - [2024-10-06T23:05:19.969+0000] {dag.py:3722} INFO - Setting next_dagrun for example_xcom_args_with_operators to None, run_after=None
[2024-10-06T23:05:19.974+0000] {processor.py:179} INFO - Processing /home/airflow/.local/lib/python3.8/site-packages/airflow/example_dags/example_xcomargs.py took 0.029 seconds
[2024-10-06T23:05:50.339+0000] {processor.py:157} INFO - Started process (PID=28053) to work on /home/airflow/.local/lib/python3.8/site-packages/airflow/example_dags/example_xcomargs.py
[2024-10-06T23:05:50.340+0000] {processor.py:829} INFO - Processing file /home/airflow/.local/lib/python3.8/site-packages/airflow/example_dags/example_xcomargs.py for tasks to queue
[2024-10-06T23:05:50.341+0000] {logging_mixin.py:154} INFO - [2024-10-06T23:05:50.341+0000] {dagbag.py:536} INFO - Filling up the DagBag from /home/airflow/.local/lib/python3.8/site-packages/airflow/example_dags/example_xcomargs.py
[2024-10-06T23:05:50.345+0000] {processor.py:839} INFO - DAG(s) dict_keys(['example_xcom_args', 'example_xcom_args_with_operators']) retrieved from /home/airflow/.local/lib/python3.8/site-packages/airflow/example_dags/example_xcomargs.py
[2024-10-06T23:05:50.354+0000] {logging_mixin.py:154} INFO - [2024-10-06T23:05:50.354+0000] {dag.py:2941} INFO - Sync 2 DAGs
[2024-10-06T23:05:50.359+0000] {logging_mixin.py:154} INFO - [2024-10-06T23:05:50.359+0000] {dag.py:3722} INFO - Setting next_dagrun for example_xcom_args to None, run_after=None
[2024-10-06T23:05:50.360+0000] {logging_mixin.py:154} INFO - [2024-10-06T23:05:50.360+0000] {dag.py:3722} INFO - Setting next_dagrun for example_xcom_args_with_operators to None, run_after=None
[2024-10-06T23:05:50.366+0000] {processor.py:179} INFO - Processing /home/airflow/.local/lib/python3.8/site-packages/airflow/example_dags/example_xcomargs.py took 0.028 seconds
[2024-10-06T23:06:20.813+0000] {processor.py:157} INFO - Started process (PID=28107) to work on /home/airflow/.local/lib/python3.8/site-packages/airflow/example_dags/example_xcomargs.py
[2024-10-06T23:06:20.813+0000] {processor.py:829} INFO - Processing file /home/airflow/.local/lib/python3.8/site-packages/airflow/example_dags/example_xcomargs.py for tasks to queue
[2024-10-06T23:06:20.814+0000] {logging_mixin.py:154} INFO - [2024-10-06T23:06:20.814+0000] {dagbag.py:536} INFO - Filling up the DagBag from /home/airflow/.local/lib/python3.8/site-packages/airflow/example_dags/example_xcomargs.py
[2024-10-06T23:06:20.818+0000] {processor.py:839} INFO - DAG(s) dict_keys(['example_xcom_args_with_operators', 'example_xcom_args']) retrieved from /home/airflow/.local/lib/python3.8/site-packages/airflow/example_dags/example_xcomargs.py
[2024-10-06T23:06:20.828+0000] {logging_mixin.py:154} INFO - [2024-10-06T23:06:20.828+0000] {dag.py:2941} INFO - Sync 2 DAGs
[2024-10-06T23:06:20.833+0000] {logging_mixin.py:154} INFO - [2024-10-06T23:06:20.833+0000] {dag.py:3722} INFO - Setting next_dagrun for example_xcom_args to None, run_after=None
[2024-10-06T23:06:20.834+0000] {logging_mixin.py:154} INFO - [2024-10-06T23:06:20.834+0000] {dag.py:3722} INFO - Setting next_dagrun for example_xcom_args_with_operators to None, run_after=None
[2024-10-06T23:06:20.840+0000] {processor.py:179} INFO - Processing /home/airflow/.local/lib/python3.8/site-packages/airflow/example_dags/example_xcomargs.py took 0.029 seconds
[2024-10-06T23:06:51.225+0000] {processor.py:157} INFO - Started process (PID=28161) to work on /home/airflow/.local/lib/python3.8/site-packages/airflow/example_dags/example_xcomargs.py
[2024-10-06T23:06:51.226+0000] {processor.py:829} INFO - Processing file /home/airflow/.local/lib/python3.8/site-packages/airflow/example_dags/example_xcomargs.py for tasks to queue
[2024-10-06T23:06:51.227+0000] {logging_mixin.py:154} INFO - [2024-10-06T23:06:51.227+0000] {dagbag.py:536} INFO - Filling up the DagBag from /home/airflow/.local/lib/python3.8/site-packages/airflow/example_dags/example_xcomargs.py
[2024-10-06T23:06:51.231+0000] {processor.py:839} INFO - DAG(s) dict_keys(['example_xcom_args', 'example_xcom_args_with_operators']) retrieved from /home/airflow/.local/lib/python3.8/site-packages/airflow/example_dags/example_xcomargs.py
[2024-10-06T23:06:51.240+0000] {logging_mixin.py:154} INFO - [2024-10-06T23:06:51.240+0000] {dag.py:2941} INFO - Sync 2 DAGs
[2024-10-06T23:06:51.244+0000] {logging_mixin.py:154} INFO - [2024-10-06T23:06:51.244+0000] {dag.py:3722} INFO - Setting next_dagrun for example_xcom_args to None, run_after=None
[2024-10-06T23:06:51.245+0000] {logging_mixin.py:154} INFO - [2024-10-06T23:06:51.245+0000] {dag.py:3722} INFO - Setting next_dagrun for example_xcom_args_with_operators to None, run_after=None
[2024-10-06T23:06:51.251+0000] {processor.py:179} INFO - Processing /home/airflow/.local/lib/python3.8/site-packages/airflow/example_dags/example_xcomargs.py took 0.027 seconds
[2024-10-06T23:07:21.654+0000] {processor.py:157} INFO - Started process (PID=28215) to work on /home/airflow/.local/lib/python3.8/site-packages/airflow/example_dags/example_xcomargs.py
[2024-10-06T23:07:21.654+0000] {processor.py:829} INFO - Processing file /home/airflow/.local/lib/python3.8/site-packages/airflow/example_dags/example_xcomargs.py for tasks to queue
[2024-10-06T23:07:21.656+0000] {logging_mixin.py:154} INFO - [2024-10-06T23:07:21.656+0000] {dagbag.py:536} INFO - Filling up the DagBag from /home/airflow/.local/lib/python3.8/site-packages/airflow/example_dags/example_xcomargs.py
[2024-10-06T23:07:21.659+0000] {processor.py:839} INFO - DAG(s) dict_keys(['example_xcom_args_with_operators', 'example_xcom_args']) retrieved from /home/airflow/.local/lib/python3.8/site-packages/airflow/example_dags/example_xcomargs.py
[2024-10-06T23:07:21.670+0000] {logging_mixin.py:154} INFO - [2024-10-06T23:07:21.670+0000] {dag.py:2941} INFO - Sync 2 DAGs
[2024-10-06T23:07:21.674+0000] {logging_mixin.py:154} INFO - [2024-10-06T23:07:21.674+0000] {dag.py:3722} INFO - Setting next_dagrun for example_xcom_args to None, run_after=None
[2024-10-06T23:07:21.676+0000] {logging_mixin.py:154} INFO - [2024-10-06T23:07:21.676+0000] {dag.py:3722} INFO - Setting next_dagrun for example_xcom_args_with_operators to None, run_after=None
[2024-10-06T23:07:21.681+0000] {processor.py:179} INFO - Processing /home/airflow/.local/lib/python3.8/site-packages/airflow/example_dags/example_xcomargs.py took 0.029 seconds
[2024-10-06T23:07:52.139+0000] {processor.py:157} INFO - Started process (PID=28269) to work on /home/airflow/.local/lib/python3.8/site-packages/airflow/example_dags/example_xcomargs.py
[2024-10-06T23:07:52.140+0000] {processor.py:829} INFO - Processing file /home/airflow/.local/lib/python3.8/site-packages/airflow/example_dags/example_xcomargs.py for tasks to queue
[2024-10-06T23:07:52.141+0000] {logging_mixin.py:154} INFO - [2024-10-06T23:07:52.141+0000] {dagbag.py:536} INFO - Filling up the DagBag from /home/airflow/.local/lib/python3.8/site-packages/airflow/example_dags/example_xcomargs.py
[2024-10-06T23:07:52.144+0000] {processor.py:839} INFO - DAG(s) dict_keys(['example_xcom_args', 'example_xcom_args_with_operators']) retrieved from /home/airflow/.local/lib/python3.8/site-packages/airflow/example_dags/example_xcomargs.py
[2024-10-06T23:07:52.154+0000] {logging_mixin.py:154} INFO - [2024-10-06T23:07:52.154+0000] {dag.py:2941} INFO - Sync 2 DAGs
[2024-10-06T23:07:52.159+0000] {logging_mixin.py:154} INFO - [2024-10-06T23:07:52.159+0000] {dag.py:3722} INFO - Setting next_dagrun for example_xcom_args to None, run_after=None
[2024-10-06T23:07:52.161+0000] {logging_mixin.py:154} INFO - [2024-10-06T23:07:52.161+0000] {dag.py:3722} INFO - Setting next_dagrun for example_xcom_args_with_operators to None, run_after=None
[2024-10-06T23:07:52.167+0000] {processor.py:179} INFO - Processing /home/airflow/.local/lib/python3.8/site-packages/airflow/example_dags/example_xcomargs.py took 0.029 seconds
[2024-10-06T23:08:22.497+0000] {processor.py:157} INFO - Started process (PID=28323) to work on /home/airflow/.local/lib/python3.8/site-packages/airflow/example_dags/example_xcomargs.py
[2024-10-06T23:08:22.497+0000] {processor.py:829} INFO - Processing file /home/airflow/.local/lib/python3.8/site-packages/airflow/example_dags/example_xcomargs.py for tasks to queue
[2024-10-06T23:08:22.498+0000] {logging_mixin.py:154} INFO - [2024-10-06T23:08:22.498+0000] {dagbag.py:536} INFO - Filling up the DagBag from /home/airflow/.local/lib/python3.8/site-packages/airflow/example_dags/example_xcomargs.py
[2024-10-06T23:08:22.502+0000] {processor.py:839} INFO - DAG(s) dict_keys(['example_xcom_args_with_operators', 'example_xcom_args']) retrieved from /home/airflow/.local/lib/python3.8/site-packages/airflow/example_dags/example_xcomargs.py
[2024-10-06T23:08:22.512+0000] {logging_mixin.py:154} INFO - [2024-10-06T23:08:22.512+0000] {dag.py:2941} INFO - Sync 2 DAGs
[2024-10-06T23:08:22.517+0000] {logging_mixin.py:154} INFO - [2024-10-06T23:08:22.517+0000] {dag.py:3722} INFO - Setting next_dagrun for example_xcom_args to None, run_after=None
[2024-10-06T23:08:22.518+0000] {logging_mixin.py:154} INFO - [2024-10-06T23:08:22.518+0000] {dag.py:3722} INFO - Setting next_dagrun for example_xcom_args_with_operators to None, run_after=None
[2024-10-06T23:08:22.524+0000] {processor.py:179} INFO - Processing /home/airflow/.local/lib/python3.8/site-packages/airflow/example_dags/example_xcomargs.py took 0.029 seconds
[2024-10-06T23:08:52.898+0000] {processor.py:157} INFO - Started process (PID=28377) to work on /home/airflow/.local/lib/python3.8/site-packages/airflow/example_dags/example_xcomargs.py
[2024-10-06T23:08:52.899+0000] {processor.py:829} INFO - Processing file /home/airflow/.local/lib/python3.8/site-packages/airflow/example_dags/example_xcomargs.py for tasks to queue
[2024-10-06T23:08:52.900+0000] {logging_mixin.py:154} INFO - [2024-10-06T23:08:52.900+0000] {dagbag.py:536} INFO - Filling up the DagBag from /home/airflow/.local/lib/python3.8/site-packages/airflow/example_dags/example_xcomargs.py
[2024-10-06T23:08:52.904+0000] {processor.py:839} INFO - DAG(s) dict_keys(['example_xcom_args', 'example_xcom_args_with_operators']) retrieved from /home/airflow/.local/lib/python3.8/site-packages/airflow/example_dags/example_xcomargs.py
[2024-10-06T23:08:52.913+0000] {logging_mixin.py:154} INFO - [2024-10-06T23:08:52.913+0000] {dag.py:2941} INFO - Sync 2 DAGs
[2024-10-06T23:08:52.918+0000] {logging_mixin.py:154} INFO - [2024-10-06T23:08:52.918+0000] {dag.py:3722} INFO - Setting next_dagrun for example_xcom_args to None, run_after=None
[2024-10-06T23:08:52.919+0000] {logging_mixin.py:154} INFO - [2024-10-06T23:08:52.919+0000] {dag.py:3722} INFO - Setting next_dagrun for example_xcom_args_with_operators to None, run_after=None
[2024-10-06T23:08:52.925+0000] {processor.py:179} INFO - Processing /home/airflow/.local/lib/python3.8/site-packages/airflow/example_dags/example_xcomargs.py took 0.028 seconds
[2024-10-06T23:09:23.325+0000] {processor.py:157} INFO - Started process (PID=28438) to work on /home/airflow/.local/lib/python3.8/site-packages/airflow/example_dags/example_xcomargs.py
[2024-10-06T23:09:23.325+0000] {processor.py:829} INFO - Processing file /home/airflow/.local/lib/python3.8/site-packages/airflow/example_dags/example_xcomargs.py for tasks to queue
[2024-10-06T23:09:23.326+0000] {logging_mixin.py:154} INFO - [2024-10-06T23:09:23.326+0000] {dagbag.py:536} INFO - Filling up the DagBag from /home/airflow/.local/lib/python3.8/site-packages/airflow/example_dags/example_xcomargs.py
[2024-10-06T23:09:23.330+0000] {processor.py:839} INFO - DAG(s) dict_keys(['example_xcom_args_with_operators', 'example_xcom_args']) retrieved from /home/airflow/.local/lib/python3.8/site-packages/airflow/example_dags/example_xcomargs.py
[2024-10-06T23:09:23.341+0000] {logging_mixin.py:154} INFO - [2024-10-06T23:09:23.341+0000] {dag.py:2941} INFO - Sync 2 DAGs
[2024-10-06T23:09:23.345+0000] {logging_mixin.py:154} INFO - [2024-10-06T23:09:23.345+0000] {dag.py:3722} INFO - Setting next_dagrun for example_xcom_args to None, run_after=None
[2024-10-06T23:09:23.347+0000] {logging_mixin.py:154} INFO - [2024-10-06T23:09:23.346+0000] {dag.py:3722} INFO - Setting next_dagrun for example_xcom_args_with_operators to None, run_after=None
[2024-10-06T23:09:23.352+0000] {processor.py:179} INFO - Processing /home/airflow/.local/lib/python3.8/site-packages/airflow/example_dags/example_xcomargs.py took 0.029 seconds
[2024-10-06T23:09:53.795+0000] {processor.py:157} INFO - Started process (PID=28492) to work on /home/airflow/.local/lib/python3.8/site-packages/airflow/example_dags/example_xcomargs.py
[2024-10-06T23:09:53.795+0000] {processor.py:829} INFO - Processing file /home/airflow/.local/lib/python3.8/site-packages/airflow/example_dags/example_xcomargs.py for tasks to queue
[2024-10-06T23:09:53.797+0000] {logging_mixin.py:154} INFO - [2024-10-06T23:09:53.797+0000] {dagbag.py:536} INFO - Filling up the DagBag from /home/airflow/.local/lib/python3.8/site-packages/airflow/example_dags/example_xcomargs.py
[2024-10-06T23:09:53.800+0000] {processor.py:839} INFO - DAG(s) dict_keys(['example_xcom_args', 'example_xcom_args_with_operators']) retrieved from /home/airflow/.local/lib/python3.8/site-packages/airflow/example_dags/example_xcomargs.py
[2024-10-06T23:09:53.811+0000] {logging_mixin.py:154} INFO - [2024-10-06T23:09:53.810+0000] {dag.py:2941} INFO - Sync 2 DAGs
[2024-10-06T23:09:53.816+0000] {logging_mixin.py:154} INFO - [2024-10-06T23:09:53.816+0000] {dag.py:3722} INFO - Setting next_dagrun for example_xcom_args to None, run_after=None
[2024-10-06T23:09:53.817+0000] {logging_mixin.py:154} INFO - [2024-10-06T23:09:53.817+0000] {dag.py:3722} INFO - Setting next_dagrun for example_xcom_args_with_operators to None, run_after=None
[2024-10-06T23:09:53.822+0000] {processor.py:179} INFO - Processing /home/airflow/.local/lib/python3.8/site-packages/airflow/example_dags/example_xcomargs.py took 0.028 seconds
[2024-10-06T23:10:24.244+0000] {processor.py:157} INFO - Started process (PID=28546) to work on /home/airflow/.local/lib/python3.8/site-packages/airflow/example_dags/example_xcomargs.py
[2024-10-06T23:10:24.245+0000] {processor.py:829} INFO - Processing file /home/airflow/.local/lib/python3.8/site-packages/airflow/example_dags/example_xcomargs.py for tasks to queue
[2024-10-06T23:10:24.246+0000] {logging_mixin.py:154} INFO - [2024-10-06T23:10:24.246+0000] {dagbag.py:536} INFO - Filling up the DagBag from /home/airflow/.local/lib/python3.8/site-packages/airflow/example_dags/example_xcomargs.py
[2024-10-06T23:10:24.250+0000] {processor.py:839} INFO - DAG(s) dict_keys(['example_xcom_args_with_operators', 'example_xcom_args']) retrieved from /home/airflow/.local/lib/python3.8/site-packages/airflow/example_dags/example_xcomargs.py
[2024-10-06T23:10:24.261+0000] {logging_mixin.py:154} INFO - [2024-10-06T23:10:24.261+0000] {dag.py:2941} INFO - Sync 2 DAGs
[2024-10-06T23:10:24.266+0000] {logging_mixin.py:154} INFO - [2024-10-06T23:10:24.266+0000] {dag.py:3722} INFO - Setting next_dagrun for example_xcom_args to None, run_after=None
[2024-10-06T23:10:24.267+0000] {logging_mixin.py:154} INFO - [2024-10-06T23:10:24.267+0000] {dag.py:3722} INFO - Setting next_dagrun for example_xcom_args_with_operators to None, run_after=None
[2024-10-06T23:10:24.273+0000] {processor.py:179} INFO - Processing /home/airflow/.local/lib/python3.8/site-packages/airflow/example_dags/example_xcomargs.py took 0.030 seconds
[2024-10-06T23:10:54.648+0000] {processor.py:157} INFO - Started process (PID=28600) to work on /home/airflow/.local/lib/python3.8/site-packages/airflow/example_dags/example_xcomargs.py
[2024-10-06T23:10:54.649+0000] {processor.py:829} INFO - Processing file /home/airflow/.local/lib/python3.8/site-packages/airflow/example_dags/example_xcomargs.py for tasks to queue
[2024-10-06T23:10:54.650+0000] {logging_mixin.py:154} INFO - [2024-10-06T23:10:54.650+0000] {dagbag.py:536} INFO - Filling up the DagBag from /home/airflow/.local/lib/python3.8/site-packages/airflow/example_dags/example_xcomargs.py
[2024-10-06T23:10:54.653+0000] {processor.py:839} INFO - DAG(s) dict_keys(['example_xcom_args', 'example_xcom_args_with_operators']) retrieved from /home/airflow/.local/lib/python3.8/site-packages/airflow/example_dags/example_xcomargs.py
[2024-10-06T23:10:54.662+0000] {logging_mixin.py:154} INFO - [2024-10-06T23:10:54.662+0000] {dag.py:2941} INFO - Sync 2 DAGs
[2024-10-06T23:10:54.667+0000] {logging_mixin.py:154} INFO - [2024-10-06T23:10:54.667+0000] {dag.py:3722} INFO - Setting next_dagrun for example_xcom_args to None, run_after=None
[2024-10-06T23:10:54.668+0000] {logging_mixin.py:154} INFO - [2024-10-06T23:10:54.668+0000] {dag.py:3722} INFO - Setting next_dagrun for example_xcom_args_with_operators to None, run_after=None
[2024-10-06T23:10:54.673+0000] {processor.py:179} INFO - Processing /home/airflow/.local/lib/python3.8/site-packages/airflow/example_dags/example_xcomargs.py took 0.027 seconds
[2024-10-06T23:11:25.030+0000] {processor.py:157} INFO - Started process (PID=28654) to work on /home/airflow/.local/lib/python3.8/site-packages/airflow/example_dags/example_xcomargs.py
[2024-10-06T23:11:25.031+0000] {processor.py:829} INFO - Processing file /home/airflow/.local/lib/python3.8/site-packages/airflow/example_dags/example_xcomargs.py for tasks to queue
[2024-10-06T23:11:25.032+0000] {logging_mixin.py:154} INFO - [2024-10-06T23:11:25.032+0000] {dagbag.py:536} INFO - Filling up the DagBag from /home/airflow/.local/lib/python3.8/site-packages/airflow/example_dags/example_xcomargs.py
[2024-10-06T23:11:25.037+0000] {processor.py:839} INFO - DAG(s) dict_keys(['example_xcom_args_with_operators', 'example_xcom_args']) retrieved from /home/airflow/.local/lib/python3.8/site-packages/airflow/example_dags/example_xcomargs.py
[2024-10-06T23:11:25.048+0000] {logging_mixin.py:154} INFO - [2024-10-06T23:11:25.048+0000] {dag.py:2941} INFO - Sync 2 DAGs
[2024-10-06T23:11:25.054+0000] {logging_mixin.py:154} INFO - [2024-10-06T23:11:25.054+0000] {dag.py:3722} INFO - Setting next_dagrun for example_xcom_args to None, run_after=None
[2024-10-06T23:11:25.055+0000] {logging_mixin.py:154} INFO - [2024-10-06T23:11:25.055+0000] {dag.py:3722} INFO - Setting next_dagrun for example_xcom_args_with_operators to None, run_after=None
[2024-10-06T23:11:25.062+0000] {processor.py:179} INFO - Processing /home/airflow/.local/lib/python3.8/site-packages/airflow/example_dags/example_xcomargs.py took 0.033 seconds
[2024-10-06T23:11:55.517+0000] {processor.py:157} INFO - Started process (PID=28708) to work on /home/airflow/.local/lib/python3.8/site-packages/airflow/example_dags/example_xcomargs.py
[2024-10-06T23:11:55.517+0000] {processor.py:829} INFO - Processing file /home/airflow/.local/lib/python3.8/site-packages/airflow/example_dags/example_xcomargs.py for tasks to queue
[2024-10-06T23:11:55.519+0000] {logging_mixin.py:154} INFO - [2024-10-06T23:11:55.519+0000] {dagbag.py:536} INFO - Filling up the DagBag from /home/airflow/.local/lib/python3.8/site-packages/airflow/example_dags/example_xcomargs.py
[2024-10-06T23:11:55.523+0000] {processor.py:839} INFO - DAG(s) dict_keys(['example_xcom_args_with_operators', 'example_xcom_args']) retrieved from /home/airflow/.local/lib/python3.8/site-packages/airflow/example_dags/example_xcomargs.py
[2024-10-06T23:11:55.534+0000] {logging_mixin.py:154} INFO - [2024-10-06T23:11:55.534+0000] {dag.py:2941} INFO - Sync 2 DAGs
[2024-10-06T23:11:55.539+0000] {logging_mixin.py:154} INFO - [2024-10-06T23:11:55.539+0000] {dag.py:3722} INFO - Setting next_dagrun for example_xcom_args to None, run_after=None
[2024-10-06T23:11:55.541+0000] {logging_mixin.py:154} INFO - [2024-10-06T23:11:55.541+0000] {dag.py:3722} INFO - Setting next_dagrun for example_xcom_args_with_operators to None, run_after=None
[2024-10-06T23:11:55.547+0000] {processor.py:179} INFO - Processing /home/airflow/.local/lib/python3.8/site-packages/airflow/example_dags/example_xcomargs.py took 0.032 seconds
[2024-10-06T23:12:26.023+0000] {processor.py:157} INFO - Started process (PID=28762) to work on /home/airflow/.local/lib/python3.8/site-packages/airflow/example_dags/example_xcomargs.py
[2024-10-06T23:12:26.023+0000] {processor.py:829} INFO - Processing file /home/airflow/.local/lib/python3.8/site-packages/airflow/example_dags/example_xcomargs.py for tasks to queue
[2024-10-06T23:12:26.025+0000] {logging_mixin.py:154} INFO - [2024-10-06T23:12:26.024+0000] {dagbag.py:536} INFO - Filling up the DagBag from /home/airflow/.local/lib/python3.8/site-packages/airflow/example_dags/example_xcomargs.py
[2024-10-06T23:12:26.028+0000] {processor.py:839} INFO - DAG(s) dict_keys(['example_xcom_args_with_operators', 'example_xcom_args']) retrieved from /home/airflow/.local/lib/python3.8/site-packages/airflow/example_dags/example_xcomargs.py
[2024-10-06T23:12:26.039+0000] {logging_mixin.py:154} INFO - [2024-10-06T23:12:26.039+0000] {dag.py:2941} INFO - Sync 2 DAGs
[2024-10-06T23:12:26.043+0000] {logging_mixin.py:154} INFO - [2024-10-06T23:12:26.043+0000] {dag.py:3722} INFO - Setting next_dagrun for example_xcom_args to None, run_after=None
[2024-10-06T23:12:26.045+0000] {logging_mixin.py:154} INFO - [2024-10-06T23:12:26.045+0000] {dag.py:3722} INFO - Setting next_dagrun for example_xcom_args_with_operators to None, run_after=None
[2024-10-06T23:12:26.050+0000] {processor.py:179} INFO - Processing /home/airflow/.local/lib/python3.8/site-packages/airflow/example_dags/example_xcomargs.py took 0.029 seconds
[2024-10-06T23:12:56.413+0000] {processor.py:157} INFO - Started process (PID=28816) to work on /home/airflow/.local/lib/python3.8/site-packages/airflow/example_dags/example_xcomargs.py
[2024-10-06T23:12:56.413+0000] {processor.py:829} INFO - Processing file /home/airflow/.local/lib/python3.8/site-packages/airflow/example_dags/example_xcomargs.py for tasks to queue
[2024-10-06T23:12:56.415+0000] {logging_mixin.py:154} INFO - [2024-10-06T23:12:56.414+0000] {dagbag.py:536} INFO - Filling up the DagBag from /home/airflow/.local/lib/python3.8/site-packages/airflow/example_dags/example_xcomargs.py
[2024-10-06T23:12:56.418+0000] {processor.py:839} INFO - DAG(s) dict_keys(['example_xcom_args', 'example_xcom_args_with_operators']) retrieved from /home/airflow/.local/lib/python3.8/site-packages/airflow/example_dags/example_xcomargs.py
[2024-10-06T23:12:56.427+0000] {logging_mixin.py:154} INFO - [2024-10-06T23:12:56.427+0000] {dag.py:2941} INFO - Sync 2 DAGs
[2024-10-06T23:12:56.432+0000] {logging_mixin.py:154} INFO - [2024-10-06T23:12:56.431+0000] {dag.py:3722} INFO - Setting next_dagrun for example_xcom_args to None, run_after=None
[2024-10-06T23:12:56.433+0000] {logging_mixin.py:154} INFO - [2024-10-06T23:12:56.433+0000] {dag.py:3722} INFO - Setting next_dagrun for example_xcom_args_with_operators to None, run_after=None
[2024-10-06T23:12:56.439+0000] {processor.py:179} INFO - Processing /home/airflow/.local/lib/python3.8/site-packages/airflow/example_dags/example_xcomargs.py took 0.027 seconds
[2024-10-06T23:13:26.913+0000] {processor.py:157} INFO - Started process (PID=28870) to work on /home/airflow/.local/lib/python3.8/site-packages/airflow/example_dags/example_xcomargs.py
[2024-10-06T23:13:26.913+0000] {processor.py:829} INFO - Processing file /home/airflow/.local/lib/python3.8/site-packages/airflow/example_dags/example_xcomargs.py for tasks to queue
[2024-10-06T23:13:26.914+0000] {logging_mixin.py:154} INFO - [2024-10-06T23:13:26.914+0000] {dagbag.py:536} INFO - Filling up the DagBag from /home/airflow/.local/lib/python3.8/site-packages/airflow/example_dags/example_xcomargs.py
[2024-10-06T23:13:26.918+0000] {processor.py:839} INFO - DAG(s) dict_keys(['example_xcom_args', 'example_xcom_args_with_operators']) retrieved from /home/airflow/.local/lib/python3.8/site-packages/airflow/example_dags/example_xcomargs.py
[2024-10-06T23:13:26.927+0000] {logging_mixin.py:154} INFO - [2024-10-06T23:13:26.927+0000] {dag.py:2941} INFO - Sync 2 DAGs
[2024-10-06T23:13:26.933+0000] {logging_mixin.py:154} INFO - [2024-10-06T23:13:26.933+0000] {dag.py:3722} INFO - Setting next_dagrun for example_xcom_args to None, run_after=None
[2024-10-06T23:13:26.934+0000] {logging_mixin.py:154} INFO - [2024-10-06T23:13:26.934+0000] {dag.py:3722} INFO - Setting next_dagrun for example_xcom_args_with_operators to None, run_after=None
[2024-10-06T23:13:26.939+0000] {processor.py:179} INFO - Processing /home/airflow/.local/lib/python3.8/site-packages/airflow/example_dags/example_xcomargs.py took 0.028 seconds
[2024-10-06T23:13:57.348+0000] {processor.py:157} INFO - Started process (PID=28924) to work on /home/airflow/.local/lib/python3.8/site-packages/airflow/example_dags/example_xcomargs.py
[2024-10-06T23:13:57.348+0000] {processor.py:829} INFO - Processing file /home/airflow/.local/lib/python3.8/site-packages/airflow/example_dags/example_xcomargs.py for tasks to queue
[2024-10-06T23:13:57.349+0000] {logging_mixin.py:154} INFO - [2024-10-06T23:13:57.349+0000] {dagbag.py:536} INFO - Filling up the DagBag from /home/airflow/.local/lib/python3.8/site-packages/airflow/example_dags/example_xcomargs.py
[2024-10-06T23:13:57.352+0000] {processor.py:839} INFO - DAG(s) dict_keys(['example_xcom_args', 'example_xcom_args_with_operators']) retrieved from /home/airflow/.local/lib/python3.8/site-packages/airflow/example_dags/example_xcomargs.py
[2024-10-06T23:13:57.362+0000] {logging_mixin.py:154} INFO - [2024-10-06T23:13:57.362+0000] {dag.py:2941} INFO - Sync 2 DAGs
[2024-10-06T23:13:57.367+0000] {logging_mixin.py:154} INFO - [2024-10-06T23:13:57.367+0000] {dag.py:3722} INFO - Setting next_dagrun for example_xcom_args to None, run_after=None
[2024-10-06T23:13:57.368+0000] {logging_mixin.py:154} INFO - [2024-10-06T23:13:57.368+0000] {dag.py:3722} INFO - Setting next_dagrun for example_xcom_args_with_operators to None, run_after=None
[2024-10-06T23:13:57.373+0000] {processor.py:179} INFO - Processing /home/airflow/.local/lib/python3.8/site-packages/airflow/example_dags/example_xcomargs.py took 0.027 seconds
[2024-10-06T23:14:27.856+0000] {processor.py:157} INFO - Started process (PID=28978) to work on /home/airflow/.local/lib/python3.8/site-packages/airflow/example_dags/example_xcomargs.py
[2024-10-06T23:14:27.857+0000] {processor.py:829} INFO - Processing file /home/airflow/.local/lib/python3.8/site-packages/airflow/example_dags/example_xcomargs.py for tasks to queue
[2024-10-06T23:14:27.858+0000] {logging_mixin.py:154} INFO - [2024-10-06T23:14:27.858+0000] {dagbag.py:536} INFO - Filling up the DagBag from /home/airflow/.local/lib/python3.8/site-packages/airflow/example_dags/example_xcomargs.py
[2024-10-06T23:14:27.861+0000] {processor.py:839} INFO - DAG(s) dict_keys(['example_xcom_args', 'example_xcom_args_with_operators']) retrieved from /home/airflow/.local/lib/python3.8/site-packages/airflow/example_dags/example_xcomargs.py
[2024-10-06T23:14:27.871+0000] {logging_mixin.py:154} INFO - [2024-10-06T23:14:27.871+0000] {dag.py:2941} INFO - Sync 2 DAGs
[2024-10-06T23:14:27.875+0000] {logging_mixin.py:154} INFO - [2024-10-06T23:14:27.875+0000] {dag.py:3722} INFO - Setting next_dagrun for example_xcom_args to None, run_after=None
[2024-10-06T23:14:27.876+0000] {logging_mixin.py:154} INFO - [2024-10-06T23:14:27.876+0000] {dag.py:3722} INFO - Setting next_dagrun for example_xcom_args_with_operators to None, run_after=None
[2024-10-06T23:14:27.882+0000] {processor.py:179} INFO - Processing /home/airflow/.local/lib/python3.8/site-packages/airflow/example_dags/example_xcomargs.py took 0.027 seconds
[2024-10-06T23:14:58.341+0000] {processor.py:157} INFO - Started process (PID=29032) to work on /home/airflow/.local/lib/python3.8/site-packages/airflow/example_dags/example_xcomargs.py
[2024-10-06T23:14:58.342+0000] {processor.py:829} INFO - Processing file /home/airflow/.local/lib/python3.8/site-packages/airflow/example_dags/example_xcomargs.py for tasks to queue
[2024-10-06T23:14:58.343+0000] {logging_mixin.py:154} INFO - [2024-10-06T23:14:58.343+0000] {dagbag.py:536} INFO - Filling up the DagBag from /home/airflow/.local/lib/python3.8/site-packages/airflow/example_dags/example_xcomargs.py
[2024-10-06T23:14:58.347+0000] {processor.py:839} INFO - DAG(s) dict_keys(['example_xcom_args_with_operators', 'example_xcom_args']) retrieved from /home/airflow/.local/lib/python3.8/site-packages/airflow/example_dags/example_xcomargs.py
[2024-10-06T23:14:58.356+0000] {logging_mixin.py:154} INFO - [2024-10-06T23:14:58.356+0000] {dag.py:2941} INFO - Sync 2 DAGs
[2024-10-06T23:14:58.361+0000] {logging_mixin.py:154} INFO - [2024-10-06T23:14:58.361+0000] {dag.py:3722} INFO - Setting next_dagrun for example_xcom_args to None, run_after=None
[2024-10-06T23:14:58.362+0000] {logging_mixin.py:154} INFO - [2024-10-06T23:14:58.362+0000] {dag.py:3722} INFO - Setting next_dagrun for example_xcom_args_with_operators to None, run_after=None
[2024-10-06T23:14:58.368+0000] {processor.py:179} INFO - Processing /home/airflow/.local/lib/python3.8/site-packages/airflow/example_dags/example_xcomargs.py took 0.028 seconds
[2024-10-06T23:15:28.722+0000] {processor.py:157} INFO - Started process (PID=29086) to work on /home/airflow/.local/lib/python3.8/site-packages/airflow/example_dags/example_xcomargs.py
[2024-10-06T23:15:28.722+0000] {processor.py:829} INFO - Processing file /home/airflow/.local/lib/python3.8/site-packages/airflow/example_dags/example_xcomargs.py for tasks to queue
[2024-10-06T23:15:28.723+0000] {logging_mixin.py:154} INFO - [2024-10-06T23:15:28.723+0000] {dagbag.py:536} INFO - Filling up the DagBag from /home/airflow/.local/lib/python3.8/site-packages/airflow/example_dags/example_xcomargs.py
[2024-10-06T23:15:28.727+0000] {processor.py:839} INFO - DAG(s) dict_keys(['example_xcom_args', 'example_xcom_args_with_operators']) retrieved from /home/airflow/.local/lib/python3.8/site-packages/airflow/example_dags/example_xcomargs.py
[2024-10-06T23:15:28.736+0000] {logging_mixin.py:154} INFO - [2024-10-06T23:15:28.736+0000] {dag.py:2941} INFO - Sync 2 DAGs
[2024-10-06T23:15:28.741+0000] {logging_mixin.py:154} INFO - [2024-10-06T23:15:28.740+0000] {dag.py:3722} INFO - Setting next_dagrun for example_xcom_args to None, run_after=None
[2024-10-06T23:15:28.742+0000] {logging_mixin.py:154} INFO - [2024-10-06T23:15:28.742+0000] {dag.py:3722} INFO - Setting next_dagrun for example_xcom_args_with_operators to None, run_after=None
[2024-10-06T23:15:28.747+0000] {processor.py:179} INFO - Processing /home/airflow/.local/lib/python3.8/site-packages/airflow/example_dags/example_xcomargs.py took 0.027 seconds
[2024-10-06T23:54:55.836+0000] {processor.py:157} INFO - Started process (PID=29133) to work on /home/airflow/.local/lib/python3.8/site-packages/airflow/example_dags/example_xcomargs.py
[2024-10-06T23:54:55.836+0000] {processor.py:829} INFO - Processing file /home/airflow/.local/lib/python3.8/site-packages/airflow/example_dags/example_xcomargs.py for tasks to queue
[2024-10-06T23:54:55.841+0000] {logging_mixin.py:154} INFO - [2024-10-06T23:54:55.841+0000] {dagbag.py:536} INFO - Filling up the DagBag from /home/airflow/.local/lib/python3.8/site-packages/airflow/example_dags/example_xcomargs.py
[2024-10-06T23:54:55.849+0000] {processor.py:839} INFO - DAG(s) dict_keys(['example_xcom_args', 'example_xcom_args_with_operators']) retrieved from /home/airflow/.local/lib/python3.8/site-packages/airflow/example_dags/example_xcomargs.py
[2024-10-06T23:54:55.867+0000] {logging_mixin.py:154} INFO - [2024-10-06T23:54:55.867+0000] {dag.py:2941} INFO - Sync 2 DAGs
[2024-10-06T23:54:55.879+0000] {logging_mixin.py:154} INFO - [2024-10-06T23:54:55.878+0000] {dag.py:3722} INFO - Setting next_dagrun for example_xcom_args to None, run_after=None
[2024-10-06T23:54:55.881+0000] {logging_mixin.py:154} INFO - [2024-10-06T23:54:55.881+0000] {dag.py:3722} INFO - Setting next_dagrun for example_xcom_args_with_operators to None, run_after=None
[2024-10-06T23:54:55.896+0000] {processor.py:179} INFO - Processing /home/airflow/.local/lib/python3.8/site-packages/airflow/example_dags/example_xcomargs.py took 0.064 seconds
