[2024-10-06T00:48:01.581+0000] {processor.py:157} INFO - Started process (PID=25794) to work on /home/airflow/.local/lib/python3.8/site-packages/airflow/example_dags/example_branch_operator_decorator.py
[2024-10-06T00:48:01.582+0000] {processor.py:829} INFO - Processing file /home/airflow/.local/lib/python3.8/site-packages/airflow/example_dags/example_branch_operator_decorator.py for tasks to queue
[2024-10-06T00:48:01.583+0000] {logging_mixin.py:154} INFO - [2024-10-06T00:48:01.582+0000] {dagbag.py:536} INFO - Filling up the DagBag from /home/airflow/.local/lib/python3.8/site-packages/airflow/example_dags/example_branch_operator_decorator.py
[2024-10-06T00:48:01.587+0000] {processor.py:839} INFO - DAG(s) dict_keys(['example_branch_python_operator_decorator']) retrieved from /home/airflow/.local/lib/python3.8/site-packages/airflow/example_dags/example_branch_operator_decorator.py
[2024-10-06T00:48:01.597+0000] {logging_mixin.py:154} INFO - [2024-10-06T00:48:01.597+0000] {dag.py:2941} INFO - Sync 1 DAGs
[2024-10-06T00:48:01.606+0000] {logging_mixin.py:154} INFO - [2024-10-06T00:48:01.606+0000] {dag.py:3722} INFO - Setting next_dagrun for example_branch_python_operator_decorator to 2024-10-05T00:00:00+00:00, run_after=2024-10-06T00:00:00+00:00
[2024-10-06T00:48:01.612+0000] {processor.py:179} INFO - Processing /home/airflow/.local/lib/python3.8/site-packages/airflow/example_dags/example_branch_operator_decorator.py took 0.032 seconds
[2024-10-06T00:59:18.635+0000] {processor.py:157} INFO - Started process (PID=25848) to work on /home/airflow/.local/lib/python3.8/site-packages/airflow/example_dags/example_branch_operator_decorator.py
[2024-10-06T00:59:18.636+0000] {processor.py:829} INFO - Processing file /home/airflow/.local/lib/python3.8/site-packages/airflow/example_dags/example_branch_operator_decorator.py for tasks to queue
[2024-10-06T00:59:18.638+0000] {logging_mixin.py:154} INFO - [2024-10-06T00:59:18.638+0000] {dagbag.py:536} INFO - Filling up the DagBag from /home/airflow/.local/lib/python3.8/site-packages/airflow/example_dags/example_branch_operator_decorator.py
[2024-10-06T00:59:18.644+0000] {processor.py:839} INFO - DAG(s) dict_keys(['example_branch_python_operator_decorator']) retrieved from /home/airflow/.local/lib/python3.8/site-packages/airflow/example_dags/example_branch_operator_decorator.py
[2024-10-06T00:59:18.658+0000] {logging_mixin.py:154} INFO - [2024-10-06T00:59:18.658+0000] {dag.py:2941} INFO - Sync 1 DAGs
[2024-10-06T00:59:18.669+0000] {logging_mixin.py:154} INFO - [2024-10-06T00:59:18.669+0000] {dag.py:3722} INFO - Setting next_dagrun for example_branch_python_operator_decorator to 2024-10-05T00:00:00+00:00, run_after=2024-10-06T00:00:00+00:00
[2024-10-06T00:59:18.678+0000] {processor.py:179} INFO - Processing /home/airflow/.local/lib/python3.8/site-packages/airflow/example_dags/example_branch_operator_decorator.py took 0.045 seconds
[2024-10-06T02:12:19.655+0000] {processor.py:157} INFO - Started process (PID=25902) to work on /home/airflow/.local/lib/python3.8/site-packages/airflow/example_dags/example_branch_operator_decorator.py
[2024-10-06T02:12:19.656+0000] {processor.py:829} INFO - Processing file /home/airflow/.local/lib/python3.8/site-packages/airflow/example_dags/example_branch_operator_decorator.py for tasks to queue
[2024-10-06T02:12:19.657+0000] {logging_mixin.py:154} INFO - [2024-10-06T02:12:19.657+0000] {dagbag.py:536} INFO - Filling up the DagBag from /home/airflow/.local/lib/python3.8/site-packages/airflow/example_dags/example_branch_operator_decorator.py
[2024-10-06T02:12:19.663+0000] {processor.py:839} INFO - DAG(s) dict_keys(['example_branch_python_operator_decorator']) retrieved from /home/airflow/.local/lib/python3.8/site-packages/airflow/example_dags/example_branch_operator_decorator.py
[2024-10-06T02:12:19.678+0000] {logging_mixin.py:154} INFO - [2024-10-06T02:12:19.677+0000] {dag.py:2941} INFO - Sync 1 DAGs
[2024-10-06T02:12:19.689+0000] {logging_mixin.py:154} INFO - [2024-10-06T02:12:19.689+0000] {dag.py:3722} INFO - Setting next_dagrun for example_branch_python_operator_decorator to 2024-10-05T00:00:00+00:00, run_after=2024-10-06T00:00:00+00:00
[2024-10-06T02:12:19.700+0000] {processor.py:179} INFO - Processing /home/airflow/.local/lib/python3.8/site-packages/airflow/example_dags/example_branch_operator_decorator.py took 0.046 seconds
[2024-10-06T02:48:47.009+0000] {processor.py:157} INFO - Started process (PID=25956) to work on /home/airflow/.local/lib/python3.8/site-packages/airflow/example_dags/example_branch_operator_decorator.py
[2024-10-06T02:48:47.010+0000] {processor.py:829} INFO - Processing file /home/airflow/.local/lib/python3.8/site-packages/airflow/example_dags/example_branch_operator_decorator.py for tasks to queue
[2024-10-06T02:48:47.011+0000] {logging_mixin.py:154} INFO - [2024-10-06T02:48:47.011+0000] {dagbag.py:536} INFO - Filling up the DagBag from /home/airflow/.local/lib/python3.8/site-packages/airflow/example_dags/example_branch_operator_decorator.py
[2024-10-06T02:48:47.017+0000] {processor.py:839} INFO - DAG(s) dict_keys(['example_branch_python_operator_decorator']) retrieved from /home/airflow/.local/lib/python3.8/site-packages/airflow/example_dags/example_branch_operator_decorator.py
[2024-10-06T02:48:47.028+0000] {logging_mixin.py:154} INFO - [2024-10-06T02:48:47.028+0000] {dag.py:2941} INFO - Sync 1 DAGs
[2024-10-06T02:48:47.037+0000] {logging_mixin.py:154} INFO - [2024-10-06T02:48:47.037+0000] {dag.py:3722} INFO - Setting next_dagrun for example_branch_python_operator_decorator to 2024-10-05T00:00:00+00:00, run_after=2024-10-06T00:00:00+00:00
[2024-10-06T02:48:47.043+0000] {processor.py:179} INFO - Processing /home/airflow/.local/lib/python3.8/site-packages/airflow/example_dags/example_branch_operator_decorator.py took 0.036 seconds
[2024-10-06T03:19:22.503+0000] {processor.py:157} INFO - Started process (PID=26010) to work on /home/airflow/.local/lib/python3.8/site-packages/airflow/example_dags/example_branch_operator_decorator.py
[2024-10-06T03:19:22.504+0000] {processor.py:829} INFO - Processing file /home/airflow/.local/lib/python3.8/site-packages/airflow/example_dags/example_branch_operator_decorator.py for tasks to queue
[2024-10-06T03:19:22.505+0000] {logging_mixin.py:154} INFO - [2024-10-06T03:19:22.505+0000] {dagbag.py:536} INFO - Filling up the DagBag from /home/airflow/.local/lib/python3.8/site-packages/airflow/example_dags/example_branch_operator_decorator.py
[2024-10-06T03:19:22.511+0000] {processor.py:839} INFO - DAG(s) dict_keys(['example_branch_python_operator_decorator']) retrieved from /home/airflow/.local/lib/python3.8/site-packages/airflow/example_dags/example_branch_operator_decorator.py
[2024-10-06T03:19:22.523+0000] {logging_mixin.py:154} INFO - [2024-10-06T03:19:22.523+0000] {dag.py:2941} INFO - Sync 1 DAGs
[2024-10-06T03:19:22.535+0000] {logging_mixin.py:154} INFO - [2024-10-06T03:19:22.535+0000] {dag.py:3722} INFO - Setting next_dagrun for example_branch_python_operator_decorator to 2024-10-05T00:00:00+00:00, run_after=2024-10-06T00:00:00+00:00
[2024-10-06T03:19:22.547+0000] {processor.py:179} INFO - Processing /home/airflow/.local/lib/python3.8/site-packages/airflow/example_dags/example_branch_operator_decorator.py took 0.046 seconds
[2024-10-06T04:34:56.161+0000] {processor.py:157} INFO - Started process (PID=26064) to work on /home/airflow/.local/lib/python3.8/site-packages/airflow/example_dags/example_branch_operator_decorator.py
[2024-10-06T04:34:56.162+0000] {processor.py:829} INFO - Processing file /home/airflow/.local/lib/python3.8/site-packages/airflow/example_dags/example_branch_operator_decorator.py for tasks to queue
[2024-10-06T04:34:56.164+0000] {logging_mixin.py:154} INFO - [2024-10-06T04:34:56.164+0000] {dagbag.py:536} INFO - Filling up the DagBag from /home/airflow/.local/lib/python3.8/site-packages/airflow/example_dags/example_branch_operator_decorator.py
[2024-10-06T04:34:56.170+0000] {processor.py:839} INFO - DAG(s) dict_keys(['example_branch_python_operator_decorator']) retrieved from /home/airflow/.local/lib/python3.8/site-packages/airflow/example_dags/example_branch_operator_decorator.py
[2024-10-06T04:34:56.185+0000] {logging_mixin.py:154} INFO - [2024-10-06T04:34:56.185+0000] {dag.py:2941} INFO - Sync 1 DAGs
[2024-10-06T04:34:56.197+0000] {logging_mixin.py:154} INFO - [2024-10-06T04:34:56.197+0000] {dag.py:3722} INFO - Setting next_dagrun for example_branch_python_operator_decorator to 2024-10-05T00:00:00+00:00, run_after=2024-10-06T00:00:00+00:00
[2024-10-06T04:34:56.207+0000] {processor.py:179} INFO - Processing /home/airflow/.local/lib/python3.8/site-packages/airflow/example_dags/example_branch_operator_decorator.py took 0.048 seconds
[2024-10-06T05:54:00.909+0000] {processor.py:157} INFO - Started process (PID=26118) to work on /home/airflow/.local/lib/python3.8/site-packages/airflow/example_dags/example_branch_operator_decorator.py
[2024-10-06T05:54:00.909+0000] {processor.py:829} INFO - Processing file /home/airflow/.local/lib/python3.8/site-packages/airflow/example_dags/example_branch_operator_decorator.py for tasks to queue
[2024-10-06T05:54:00.910+0000] {logging_mixin.py:154} INFO - [2024-10-06T05:54:00.910+0000] {dagbag.py:536} INFO - Filling up the DagBag from /home/airflow/.local/lib/python3.8/site-packages/airflow/example_dags/example_branch_operator_decorator.py
[2024-10-06T05:54:00.915+0000] {processor.py:839} INFO - DAG(s) dict_keys(['example_branch_python_operator_decorator']) retrieved from /home/airflow/.local/lib/python3.8/site-packages/airflow/example_dags/example_branch_operator_decorator.py
[2024-10-06T05:54:00.925+0000] {logging_mixin.py:154} INFO - [2024-10-06T05:54:00.925+0000] {dag.py:2941} INFO - Sync 1 DAGs
[2024-10-06T05:54:00.933+0000] {logging_mixin.py:154} INFO - [2024-10-06T05:54:00.933+0000] {dag.py:3722} INFO - Setting next_dagrun for example_branch_python_operator_decorator to 2024-10-05T00:00:00+00:00, run_after=2024-10-06T00:00:00+00:00
[2024-10-06T05:54:00.940+0000] {processor.py:179} INFO - Processing /home/airflow/.local/lib/python3.8/site-packages/airflow/example_dags/example_branch_operator_decorator.py took 0.032 seconds
[2024-10-06T06:41:06.710+0000] {processor.py:157} INFO - Started process (PID=26172) to work on /home/airflow/.local/lib/python3.8/site-packages/airflow/example_dags/example_branch_operator_decorator.py
[2024-10-06T06:41:06.710+0000] {processor.py:829} INFO - Processing file /home/airflow/.local/lib/python3.8/site-packages/airflow/example_dags/example_branch_operator_decorator.py for tasks to queue
[2024-10-06T06:41:06.711+0000] {logging_mixin.py:154} INFO - [2024-10-06T06:41:06.711+0000] {dagbag.py:536} INFO - Filling up the DagBag from /home/airflow/.local/lib/python3.8/site-packages/airflow/example_dags/example_branch_operator_decorator.py
[2024-10-06T06:41:06.716+0000] {processor.py:839} INFO - DAG(s) dict_keys(['example_branch_python_operator_decorator']) retrieved from /home/airflow/.local/lib/python3.8/site-packages/airflow/example_dags/example_branch_operator_decorator.py
[2024-10-06T06:41:06.726+0000] {logging_mixin.py:154} INFO - [2024-10-06T06:41:06.725+0000] {dag.py:2941} INFO - Sync 1 DAGs
[2024-10-06T06:41:06.734+0000] {logging_mixin.py:154} INFO - [2024-10-06T06:41:06.734+0000] {dag.py:3722} INFO - Setting next_dagrun for example_branch_python_operator_decorator to 2024-10-05T00:00:00+00:00, run_after=2024-10-06T00:00:00+00:00
[2024-10-06T06:41:06.740+0000] {processor.py:179} INFO - Processing /home/airflow/.local/lib/python3.8/site-packages/airflow/example_dags/example_branch_operator_decorator.py took 0.032 seconds
[2024-10-06T08:19:29.366+0000] {processor.py:157} INFO - Started process (PID=26226) to work on /home/airflow/.local/lib/python3.8/site-packages/airflow/example_dags/example_branch_operator_decorator.py
[2024-10-06T08:19:29.366+0000] {processor.py:829} INFO - Processing file /home/airflow/.local/lib/python3.8/site-packages/airflow/example_dags/example_branch_operator_decorator.py for tasks to queue
[2024-10-06T08:19:29.368+0000] {logging_mixin.py:154} INFO - [2024-10-06T08:19:29.368+0000] {dagbag.py:536} INFO - Filling up the DagBag from /home/airflow/.local/lib/python3.8/site-packages/airflow/example_dags/example_branch_operator_decorator.py
[2024-10-06T08:19:29.374+0000] {processor.py:839} INFO - DAG(s) dict_keys(['example_branch_python_operator_decorator']) retrieved from /home/airflow/.local/lib/python3.8/site-packages/airflow/example_dags/example_branch_operator_decorator.py
[2024-10-06T08:19:29.386+0000] {logging_mixin.py:154} INFO - [2024-10-06T08:19:29.386+0000] {dag.py:2941} INFO - Sync 1 DAGs
[2024-10-06T08:19:29.398+0000] {logging_mixin.py:154} INFO - [2024-10-06T08:19:29.397+0000] {dag.py:3722} INFO - Setting next_dagrun for example_branch_python_operator_decorator to 2024-10-05T00:00:00+00:00, run_after=2024-10-06T00:00:00+00:00
[2024-10-06T08:19:29.407+0000] {processor.py:179} INFO - Processing /home/airflow/.local/lib/python3.8/site-packages/airflow/example_dags/example_branch_operator_decorator.py took 0.044 seconds
[2024-10-06T09:31:45.420+0000] {processor.py:157} INFO - Started process (PID=26280) to work on /home/airflow/.local/lib/python3.8/site-packages/airflow/example_dags/example_branch_operator_decorator.py
[2024-10-06T09:31:45.420+0000] {processor.py:829} INFO - Processing file /home/airflow/.local/lib/python3.8/site-packages/airflow/example_dags/example_branch_operator_decorator.py for tasks to queue
[2024-10-06T09:31:45.421+0000] {logging_mixin.py:154} INFO - [2024-10-06T09:31:45.421+0000] {dagbag.py:536} INFO - Filling up the DagBag from /home/airflow/.local/lib/python3.8/site-packages/airflow/example_dags/example_branch_operator_decorator.py
[2024-10-06T09:31:45.426+0000] {processor.py:839} INFO - DAG(s) dict_keys(['example_branch_python_operator_decorator']) retrieved from /home/airflow/.local/lib/python3.8/site-packages/airflow/example_dags/example_branch_operator_decorator.py
[2024-10-06T09:31:45.436+0000] {logging_mixin.py:154} INFO - [2024-10-06T09:31:45.435+0000] {dag.py:2941} INFO - Sync 1 DAGs
[2024-10-06T09:31:45.445+0000] {logging_mixin.py:154} INFO - [2024-10-06T09:31:45.445+0000] {dag.py:3722} INFO - Setting next_dagrun for example_branch_python_operator_decorator to 2024-10-05T00:00:00+00:00, run_after=2024-10-06T00:00:00+00:00
[2024-10-06T09:31:45.451+0000] {processor.py:179} INFO - Processing /home/airflow/.local/lib/python3.8/site-packages/airflow/example_dags/example_branch_operator_decorator.py took 0.033 seconds
[2024-10-06T10:45:25.180+0000] {processor.py:157} INFO - Started process (PID=26334) to work on /home/airflow/.local/lib/python3.8/site-packages/airflow/example_dags/example_branch_operator_decorator.py
[2024-10-06T10:45:25.181+0000] {processor.py:829} INFO - Processing file /home/airflow/.local/lib/python3.8/site-packages/airflow/example_dags/example_branch_operator_decorator.py for tasks to queue
[2024-10-06T10:45:25.183+0000] {logging_mixin.py:154} INFO - [2024-10-06T10:45:25.182+0000] {dagbag.py:536} INFO - Filling up the DagBag from /home/airflow/.local/lib/python3.8/site-packages/airflow/example_dags/example_branch_operator_decorator.py
[2024-10-06T10:45:25.188+0000] {processor.py:839} INFO - DAG(s) dict_keys(['example_branch_python_operator_decorator']) retrieved from /home/airflow/.local/lib/python3.8/site-packages/airflow/example_dags/example_branch_operator_decorator.py
[2024-10-06T10:45:25.201+0000] {logging_mixin.py:154} INFO - [2024-10-06T10:45:25.200+0000] {dag.py:2941} INFO - Sync 1 DAGs
[2024-10-06T10:45:25.212+0000] {logging_mixin.py:154} INFO - [2024-10-06T10:45:25.212+0000] {dag.py:3722} INFO - Setting next_dagrun for example_branch_python_operator_decorator to 2024-10-05T00:00:00+00:00, run_after=2024-10-06T00:00:00+00:00
[2024-10-06T10:45:25.223+0000] {processor.py:179} INFO - Processing /home/airflow/.local/lib/python3.8/site-packages/airflow/example_dags/example_branch_operator_decorator.py took 0.044 seconds
[2024-10-06T11:46:25.707+0000] {processor.py:157} INFO - Started process (PID=26388) to work on /home/airflow/.local/lib/python3.8/site-packages/airflow/example_dags/example_branch_operator_decorator.py
[2024-10-06T11:46:25.708+0000] {processor.py:829} INFO - Processing file /home/airflow/.local/lib/python3.8/site-packages/airflow/example_dags/example_branch_operator_decorator.py for tasks to queue
[2024-10-06T11:46:25.709+0000] {logging_mixin.py:154} INFO - [2024-10-06T11:46:25.709+0000] {dagbag.py:536} INFO - Filling up the DagBag from /home/airflow/.local/lib/python3.8/site-packages/airflow/example_dags/example_branch_operator_decorator.py
[2024-10-06T11:46:25.715+0000] {processor.py:839} INFO - DAG(s) dict_keys(['example_branch_python_operator_decorator']) retrieved from /home/airflow/.local/lib/python3.8/site-packages/airflow/example_dags/example_branch_operator_decorator.py
[2024-10-06T11:46:25.725+0000] {logging_mixin.py:154} INFO - [2024-10-06T11:46:25.725+0000] {dag.py:2941} INFO - Sync 1 DAGs
[2024-10-06T11:46:25.734+0000] {logging_mixin.py:154} INFO - [2024-10-06T11:46:25.734+0000] {dag.py:3722} INFO - Setting next_dagrun for example_branch_python_operator_decorator to 2024-10-05T00:00:00+00:00, run_after=2024-10-06T00:00:00+00:00
[2024-10-06T11:46:25.740+0000] {processor.py:179} INFO - Processing /home/airflow/.local/lib/python3.8/site-packages/airflow/example_dags/example_branch_operator_decorator.py took 0.035 seconds
[2024-10-06T12:33:57.273+0000] {processor.py:157} INFO - Started process (PID=26442) to work on /home/airflow/.local/lib/python3.8/site-packages/airflow/example_dags/example_branch_operator_decorator.py
[2024-10-06T12:33:57.273+0000] {processor.py:829} INFO - Processing file /home/airflow/.local/lib/python3.8/site-packages/airflow/example_dags/example_branch_operator_decorator.py for tasks to queue
[2024-10-06T12:33:57.274+0000] {logging_mixin.py:154} INFO - [2024-10-06T12:33:57.274+0000] {dagbag.py:536} INFO - Filling up the DagBag from /home/airflow/.local/lib/python3.8/site-packages/airflow/example_dags/example_branch_operator_decorator.py
[2024-10-06T12:33:57.280+0000] {processor.py:839} INFO - DAG(s) dict_keys(['example_branch_python_operator_decorator']) retrieved from /home/airflow/.local/lib/python3.8/site-packages/airflow/example_dags/example_branch_operator_decorator.py
[2024-10-06T12:33:57.291+0000] {logging_mixin.py:154} INFO - [2024-10-06T12:33:57.290+0000] {dag.py:2941} INFO - Sync 1 DAGs
[2024-10-06T12:33:57.300+0000] {logging_mixin.py:154} INFO - [2024-10-06T12:33:57.300+0000] {dag.py:3722} INFO - Setting next_dagrun for example_branch_python_operator_decorator to 2024-10-05T00:00:00+00:00, run_after=2024-10-06T00:00:00+00:00
[2024-10-06T12:33:57.307+0000] {processor.py:179} INFO - Processing /home/airflow/.local/lib/python3.8/site-packages/airflow/example_dags/example_branch_operator_decorator.py took 0.036 seconds
[2024-10-06T13:17:27.862+0000] {processor.py:157} INFO - Started process (PID=26496) to work on /home/airflow/.local/lib/python3.8/site-packages/airflow/example_dags/example_branch_operator_decorator.py
[2024-10-06T13:17:27.863+0000] {processor.py:829} INFO - Processing file /home/airflow/.local/lib/python3.8/site-packages/airflow/example_dags/example_branch_operator_decorator.py for tasks to queue
[2024-10-06T13:17:27.865+0000] {logging_mixin.py:154} INFO - [2024-10-06T13:17:27.865+0000] {dagbag.py:536} INFO - Filling up the DagBag from /home/airflow/.local/lib/python3.8/site-packages/airflow/example_dags/example_branch_operator_decorator.py
[2024-10-06T13:17:27.872+0000] {processor.py:839} INFO - DAG(s) dict_keys(['example_branch_python_operator_decorator']) retrieved from /home/airflow/.local/lib/python3.8/site-packages/airflow/example_dags/example_branch_operator_decorator.py
[2024-10-06T13:17:27.888+0000] {logging_mixin.py:154} INFO - [2024-10-06T13:17:27.887+0000] {dag.py:2941} INFO - Sync 1 DAGs
[2024-10-06T13:17:27.900+0000] {logging_mixin.py:154} INFO - [2024-10-06T13:17:27.900+0000] {dag.py:3722} INFO - Setting next_dagrun for example_branch_python_operator_decorator to 2024-10-05T00:00:00+00:00, run_after=2024-10-06T00:00:00+00:00
[2024-10-06T13:17:27.909+0000] {processor.py:179} INFO - Processing /home/airflow/.local/lib/python3.8/site-packages/airflow/example_dags/example_branch_operator_decorator.py took 0.050 seconds
[2024-10-06T14:49:26.318+0000] {processor.py:157} INFO - Started process (PID=26550) to work on /home/airflow/.local/lib/python3.8/site-packages/airflow/example_dags/example_branch_operator_decorator.py
[2024-10-06T14:49:26.319+0000] {processor.py:829} INFO - Processing file /home/airflow/.local/lib/python3.8/site-packages/airflow/example_dags/example_branch_operator_decorator.py for tasks to queue
[2024-10-06T14:49:26.321+0000] {logging_mixin.py:154} INFO - [2024-10-06T14:49:26.321+0000] {dagbag.py:536} INFO - Filling up the DagBag from /home/airflow/.local/lib/python3.8/site-packages/airflow/example_dags/example_branch_operator_decorator.py
[2024-10-06T14:49:26.327+0000] {processor.py:839} INFO - DAG(s) dict_keys(['example_branch_python_operator_decorator']) retrieved from /home/airflow/.local/lib/python3.8/site-packages/airflow/example_dags/example_branch_operator_decorator.py
[2024-10-06T14:49:26.341+0000] {logging_mixin.py:154} INFO - [2024-10-06T14:49:26.341+0000] {dag.py:2941} INFO - Sync 1 DAGs
[2024-10-06T14:49:26.355+0000] {logging_mixin.py:154} INFO - [2024-10-06T14:49:26.354+0000] {dag.py:3722} INFO - Setting next_dagrun for example_branch_python_operator_decorator to 2024-10-05T00:00:00+00:00, run_after=2024-10-06T00:00:00+00:00
[2024-10-06T14:49:26.365+0000] {processor.py:179} INFO - Processing /home/airflow/.local/lib/python3.8/site-packages/airflow/example_dags/example_branch_operator_decorator.py took 0.049 seconds
[2024-10-06T15:50:30.538+0000] {processor.py:157} INFO - Started process (PID=26604) to work on /home/airflow/.local/lib/python3.8/site-packages/airflow/example_dags/example_branch_operator_decorator.py
[2024-10-06T15:50:30.538+0000] {processor.py:829} INFO - Processing file /home/airflow/.local/lib/python3.8/site-packages/airflow/example_dags/example_branch_operator_decorator.py for tasks to queue
[2024-10-06T15:50:30.540+0000] {logging_mixin.py:154} INFO - [2024-10-06T15:50:30.540+0000] {dagbag.py:536} INFO - Filling up the DagBag from /home/airflow/.local/lib/python3.8/site-packages/airflow/example_dags/example_branch_operator_decorator.py
[2024-10-06T15:50:30.547+0000] {processor.py:839} INFO - DAG(s) dict_keys(['example_branch_python_operator_decorator']) retrieved from /home/airflow/.local/lib/python3.8/site-packages/airflow/example_dags/example_branch_operator_decorator.py
[2024-10-06T15:50:30.559+0000] {logging_mixin.py:154} INFO - [2024-10-06T15:50:30.559+0000] {dag.py:2941} INFO - Sync 1 DAGs
[2024-10-06T15:50:30.570+0000] {logging_mixin.py:154} INFO - [2024-10-06T15:50:30.570+0000] {dag.py:3722} INFO - Setting next_dagrun for example_branch_python_operator_decorator to 2024-10-05T00:00:00+00:00, run_after=2024-10-06T00:00:00+00:00
[2024-10-06T15:50:30.579+0000] {processor.py:179} INFO - Processing /home/airflow/.local/lib/python3.8/site-packages/airflow/example_dags/example_branch_operator_decorator.py took 0.043 seconds
[2024-10-06T16:11:23.574+0000] {processor.py:157} INFO - Started process (PID=26658) to work on /home/airflow/.local/lib/python3.8/site-packages/airflow/example_dags/example_branch_operator_decorator.py
[2024-10-06T16:11:23.575+0000] {processor.py:829} INFO - Processing file /home/airflow/.local/lib/python3.8/site-packages/airflow/example_dags/example_branch_operator_decorator.py for tasks to queue
[2024-10-06T16:11:23.576+0000] {logging_mixin.py:154} INFO - [2024-10-06T16:11:23.576+0000] {dagbag.py:536} INFO - Filling up the DagBag from /home/airflow/.local/lib/python3.8/site-packages/airflow/example_dags/example_branch_operator_decorator.py
[2024-10-06T16:11:23.582+0000] {processor.py:839} INFO - DAG(s) dict_keys(['example_branch_python_operator_decorator']) retrieved from /home/airflow/.local/lib/python3.8/site-packages/airflow/example_dags/example_branch_operator_decorator.py
[2024-10-06T16:11:23.594+0000] {logging_mixin.py:154} INFO - [2024-10-06T16:11:23.594+0000] {dag.py:2941} INFO - Sync 1 DAGs
[2024-10-06T16:11:23.605+0000] {logging_mixin.py:154} INFO - [2024-10-06T16:11:23.605+0000] {dag.py:3722} INFO - Setting next_dagrun for example_branch_python_operator_decorator to 2024-10-05T00:00:00+00:00, run_after=2024-10-06T00:00:00+00:00
[2024-10-06T16:11:23.614+0000] {processor.py:179} INFO - Processing /home/airflow/.local/lib/python3.8/site-packages/airflow/example_dags/example_branch_operator_decorator.py took 0.041 seconds
[2024-10-06T16:17:00.480+0000] {processor.py:157} INFO - Started process (PID=26712) to work on /home/airflow/.local/lib/python3.8/site-packages/airflow/example_dags/example_branch_operator_decorator.py
[2024-10-06T16:17:00.480+0000] {processor.py:829} INFO - Processing file /home/airflow/.local/lib/python3.8/site-packages/airflow/example_dags/example_branch_operator_decorator.py for tasks to queue
[2024-10-06T16:17:00.481+0000] {logging_mixin.py:154} INFO - [2024-10-06T16:17:00.481+0000] {dagbag.py:536} INFO - Filling up the DagBag from /home/airflow/.local/lib/python3.8/site-packages/airflow/example_dags/example_branch_operator_decorator.py
[2024-10-06T16:17:00.486+0000] {processor.py:839} INFO - DAG(s) dict_keys(['example_branch_python_operator_decorator']) retrieved from /home/airflow/.local/lib/python3.8/site-packages/airflow/example_dags/example_branch_operator_decorator.py
[2024-10-06T16:17:00.496+0000] {logging_mixin.py:154} INFO - [2024-10-06T16:17:00.496+0000] {dag.py:2941} INFO - Sync 1 DAGs
[2024-10-06T16:17:00.505+0000] {logging_mixin.py:154} INFO - [2024-10-06T16:17:00.505+0000] {dag.py:3722} INFO - Setting next_dagrun for example_branch_python_operator_decorator to 2024-10-05T00:00:00+00:00, run_after=2024-10-06T00:00:00+00:00
[2024-10-06T16:17:00.512+0000] {processor.py:179} INFO - Processing /home/airflow/.local/lib/python3.8/site-packages/airflow/example_dags/example_branch_operator_decorator.py took 0.033 seconds
[2024-10-06T17:25:37.386+0000] {processor.py:157} INFO - Started process (PID=26766) to work on /home/airflow/.local/lib/python3.8/site-packages/airflow/example_dags/example_branch_operator_decorator.py
[2024-10-06T17:25:37.387+0000] {processor.py:829} INFO - Processing file /home/airflow/.local/lib/python3.8/site-packages/airflow/example_dags/example_branch_operator_decorator.py for tasks to queue
[2024-10-06T17:25:37.388+0000] {logging_mixin.py:154} INFO - [2024-10-06T17:25:37.388+0000] {dagbag.py:536} INFO - Filling up the DagBag from /home/airflow/.local/lib/python3.8/site-packages/airflow/example_dags/example_branch_operator_decorator.py
[2024-10-06T17:25:37.393+0000] {processor.py:839} INFO - DAG(s) dict_keys(['example_branch_python_operator_decorator']) retrieved from /home/airflow/.local/lib/python3.8/site-packages/airflow/example_dags/example_branch_operator_decorator.py
[2024-10-06T17:25:37.403+0000] {logging_mixin.py:154} INFO - [2024-10-06T17:25:37.403+0000] {dag.py:2941} INFO - Sync 1 DAGs
[2024-10-06T17:25:37.412+0000] {logging_mixin.py:154} INFO - [2024-10-06T17:25:37.412+0000] {dag.py:3722} INFO - Setting next_dagrun for example_branch_python_operator_decorator to 2024-10-05T00:00:00+00:00, run_after=2024-10-06T00:00:00+00:00
[2024-10-06T17:25:37.418+0000] {processor.py:179} INFO - Processing /home/airflow/.local/lib/python3.8/site-packages/airflow/example_dags/example_branch_operator_decorator.py took 0.033 seconds
[2024-10-06T17:48:09.797+0000] {processor.py:157} INFO - Started process (PID=26820) to work on /home/airflow/.local/lib/python3.8/site-packages/airflow/example_dags/example_branch_operator_decorator.py
[2024-10-06T17:48:09.798+0000] {processor.py:829} INFO - Processing file /home/airflow/.local/lib/python3.8/site-packages/airflow/example_dags/example_branch_operator_decorator.py for tasks to queue
[2024-10-06T17:48:09.801+0000] {logging_mixin.py:154} INFO - [2024-10-06T17:48:09.800+0000] {dagbag.py:536} INFO - Filling up the DagBag from /home/airflow/.local/lib/python3.8/site-packages/airflow/example_dags/example_branch_operator_decorator.py
[2024-10-06T17:48:09.810+0000] {processor.py:839} INFO - DAG(s) dict_keys(['example_branch_python_operator_decorator']) retrieved from /home/airflow/.local/lib/python3.8/site-packages/airflow/example_dags/example_branch_operator_decorator.py
[2024-10-06T17:48:09.825+0000] {logging_mixin.py:154} INFO - [2024-10-06T17:48:09.825+0000] {dag.py:2941} INFO - Sync 1 DAGs
[2024-10-06T17:48:10.117+0000] {logging_mixin.py:154} INFO - [2024-10-06T17:48:10.117+0000] {dag.py:3722} INFO - Setting next_dagrun for example_branch_python_operator_decorator to 2024-10-05T00:00:00+00:00, run_after=2024-10-06T00:00:00+00:00
[2024-10-06T17:48:10.218+0000] {processor.py:179} INFO - Processing /home/airflow/.local/lib/python3.8/site-packages/airflow/example_dags/example_branch_operator_decorator.py took 0.424 seconds
[2024-10-06T18:17:58.071+0000] {processor.py:157} INFO - Started process (PID=26874) to work on /home/airflow/.local/lib/python3.8/site-packages/airflow/example_dags/example_branch_operator_decorator.py
[2024-10-06T18:17:58.071+0000] {processor.py:829} INFO - Processing file /home/airflow/.local/lib/python3.8/site-packages/airflow/example_dags/example_branch_operator_decorator.py for tasks to queue
[2024-10-06T18:17:58.072+0000] {logging_mixin.py:154} INFO - [2024-10-06T18:17:58.072+0000] {dagbag.py:536} INFO - Filling up the DagBag from /home/airflow/.local/lib/python3.8/site-packages/airflow/example_dags/example_branch_operator_decorator.py
[2024-10-06T18:17:58.077+0000] {processor.py:839} INFO - DAG(s) dict_keys(['example_branch_python_operator_decorator']) retrieved from /home/airflow/.local/lib/python3.8/site-packages/airflow/example_dags/example_branch_operator_decorator.py
[2024-10-06T18:17:58.087+0000] {logging_mixin.py:154} INFO - [2024-10-06T18:17:58.087+0000] {dag.py:2941} INFO - Sync 1 DAGs
[2024-10-06T18:17:58.096+0000] {logging_mixin.py:154} INFO - [2024-10-06T18:17:58.096+0000] {dag.py:3722} INFO - Setting next_dagrun for example_branch_python_operator_decorator to 2024-10-05T00:00:00+00:00, run_after=2024-10-06T00:00:00+00:00
[2024-10-06T18:17:58.103+0000] {processor.py:179} INFO - Processing /home/airflow/.local/lib/python3.8/site-packages/airflow/example_dags/example_branch_operator_decorator.py took 0.033 seconds
[2024-10-06T19:43:22.673+0000] {processor.py:157} INFO - Started process (PID=26928) to work on /home/airflow/.local/lib/python3.8/site-packages/airflow/example_dags/example_branch_operator_decorator.py
[2024-10-06T19:43:22.674+0000] {processor.py:829} INFO - Processing file /home/airflow/.local/lib/python3.8/site-packages/airflow/example_dags/example_branch_operator_decorator.py for tasks to queue
[2024-10-06T19:43:22.676+0000] {logging_mixin.py:154} INFO - [2024-10-06T19:43:22.676+0000] {dagbag.py:536} INFO - Filling up the DagBag from /home/airflow/.local/lib/python3.8/site-packages/airflow/example_dags/example_branch_operator_decorator.py
[2024-10-06T19:43:22.683+0000] {processor.py:839} INFO - DAG(s) dict_keys(['example_branch_python_operator_decorator']) retrieved from /home/airflow/.local/lib/python3.8/site-packages/airflow/example_dags/example_branch_operator_decorator.py
[2024-10-06T19:43:22.698+0000] {logging_mixin.py:154} INFO - [2024-10-06T19:43:22.697+0000] {dag.py:2941} INFO - Sync 1 DAGs
[2024-10-06T19:43:22.710+0000] {logging_mixin.py:154} INFO - [2024-10-06T19:43:22.710+0000] {dag.py:3722} INFO - Setting next_dagrun for example_branch_python_operator_decorator to 2024-10-05T00:00:00+00:00, run_after=2024-10-06T00:00:00+00:00
[2024-10-06T19:43:22.721+0000] {processor.py:179} INFO - Processing /home/airflow/.local/lib/python3.8/site-packages/airflow/example_dags/example_branch_operator_decorator.py took 0.050 seconds
[2024-10-06T20:31:09.786+0000] {processor.py:157} INFO - Started process (PID=26982) to work on /home/airflow/.local/lib/python3.8/site-packages/airflow/example_dags/example_branch_operator_decorator.py
[2024-10-06T20:31:09.786+0000] {processor.py:829} INFO - Processing file /home/airflow/.local/lib/python3.8/site-packages/airflow/example_dags/example_branch_operator_decorator.py for tasks to queue
[2024-10-06T20:31:09.787+0000] {logging_mixin.py:154} INFO - [2024-10-06T20:31:09.787+0000] {dagbag.py:536} INFO - Filling up the DagBag from /home/airflow/.local/lib/python3.8/site-packages/airflow/example_dags/example_branch_operator_decorator.py
[2024-10-06T20:31:09.792+0000] {processor.py:839} INFO - DAG(s) dict_keys(['example_branch_python_operator_decorator']) retrieved from /home/airflow/.local/lib/python3.8/site-packages/airflow/example_dags/example_branch_operator_decorator.py
[2024-10-06T20:31:09.801+0000] {logging_mixin.py:154} INFO - [2024-10-06T20:31:09.801+0000] {dag.py:2941} INFO - Sync 1 DAGs
[2024-10-06T20:31:09.810+0000] {logging_mixin.py:154} INFO - [2024-10-06T20:31:09.810+0000] {dag.py:3722} INFO - Setting next_dagrun for example_branch_python_operator_decorator to 2024-10-05T00:00:00+00:00, run_after=2024-10-06T00:00:00+00:00
[2024-10-06T20:31:09.816+0000] {processor.py:179} INFO - Processing /home/airflow/.local/lib/python3.8/site-packages/airflow/example_dags/example_branch_operator_decorator.py took 0.032 seconds
[2024-10-06T20:40:14.749+0000] {processor.py:157} INFO - Started process (PID=27036) to work on /home/airflow/.local/lib/python3.8/site-packages/airflow/example_dags/example_branch_operator_decorator.py
[2024-10-06T20:40:14.750+0000] {processor.py:829} INFO - Processing file /home/airflow/.local/lib/python3.8/site-packages/airflow/example_dags/example_branch_operator_decorator.py for tasks to queue
[2024-10-06T20:40:14.751+0000] {logging_mixin.py:154} INFO - [2024-10-06T20:40:14.751+0000] {dagbag.py:536} INFO - Filling up the DagBag from /home/airflow/.local/lib/python3.8/site-packages/airflow/example_dags/example_branch_operator_decorator.py
[2024-10-06T20:40:14.758+0000] {processor.py:839} INFO - DAG(s) dict_keys(['example_branch_python_operator_decorator']) retrieved from /home/airflow/.local/lib/python3.8/site-packages/airflow/example_dags/example_branch_operator_decorator.py
[2024-10-06T20:40:14.772+0000] {logging_mixin.py:154} INFO - [2024-10-06T20:40:14.772+0000] {dag.py:2941} INFO - Sync 1 DAGs
[2024-10-06T20:40:14.784+0000] {logging_mixin.py:154} INFO - [2024-10-06T20:40:14.784+0000] {dag.py:3722} INFO - Setting next_dagrun for example_branch_python_operator_decorator to 2024-10-05T00:00:00+00:00, run_after=2024-10-06T00:00:00+00:00
[2024-10-06T20:40:14.793+0000] {processor.py:179} INFO - Processing /home/airflow/.local/lib/python3.8/site-packages/airflow/example_dags/example_branch_operator_decorator.py took 0.047 seconds
[2024-10-06T20:43:25.072+0000] {processor.py:157} INFO - Started process (PID=27090) to work on /home/airflow/.local/lib/python3.8/site-packages/airflow/example_dags/example_branch_operator_decorator.py
[2024-10-06T20:43:25.072+0000] {processor.py:829} INFO - Processing file /home/airflow/.local/lib/python3.8/site-packages/airflow/example_dags/example_branch_operator_decorator.py for tasks to queue
[2024-10-06T20:43:25.073+0000] {logging_mixin.py:154} INFO - [2024-10-06T20:43:25.073+0000] {dagbag.py:536} INFO - Filling up the DagBag from /home/airflow/.local/lib/python3.8/site-packages/airflow/example_dags/example_branch_operator_decorator.py
[2024-10-06T20:43:25.078+0000] {processor.py:839} INFO - DAG(s) dict_keys(['example_branch_python_operator_decorator']) retrieved from /home/airflow/.local/lib/python3.8/site-packages/airflow/example_dags/example_branch_operator_decorator.py
[2024-10-06T20:43:25.088+0000] {logging_mixin.py:154} INFO - [2024-10-06T20:43:25.088+0000] {dag.py:2941} INFO - Sync 1 DAGs
[2024-10-06T20:43:25.096+0000] {logging_mixin.py:154} INFO - [2024-10-06T20:43:25.096+0000] {dag.py:3722} INFO - Setting next_dagrun for example_branch_python_operator_decorator to 2024-10-05T00:00:00+00:00, run_after=2024-10-06T00:00:00+00:00
[2024-10-06T20:43:25.103+0000] {processor.py:179} INFO - Processing /home/airflow/.local/lib/python3.8/site-packages/airflow/example_dags/example_branch_operator_decorator.py took 0.032 seconds
[2024-10-06T21:12:03.327+0000] {processor.py:157} INFO - Started process (PID=27144) to work on /home/airflow/.local/lib/python3.8/site-packages/airflow/example_dags/example_branch_operator_decorator.py
[2024-10-06T21:12:03.328+0000] {processor.py:829} INFO - Processing file /home/airflow/.local/lib/python3.8/site-packages/airflow/example_dags/example_branch_operator_decorator.py for tasks to queue
[2024-10-06T21:12:03.329+0000] {logging_mixin.py:154} INFO - [2024-10-06T21:12:03.329+0000] {dagbag.py:536} INFO - Filling up the DagBag from /home/airflow/.local/lib/python3.8/site-packages/airflow/example_dags/example_branch_operator_decorator.py
[2024-10-06T21:12:03.336+0000] {processor.py:839} INFO - DAG(s) dict_keys(['example_branch_python_operator_decorator']) retrieved from /home/airflow/.local/lib/python3.8/site-packages/airflow/example_dags/example_branch_operator_decorator.py
[2024-10-06T21:12:03.350+0000] {logging_mixin.py:154} INFO - [2024-10-06T21:12:03.350+0000] {dag.py:2941} INFO - Sync 1 DAGs
[2024-10-06T21:12:03.364+0000] {logging_mixin.py:154} INFO - [2024-10-06T21:12:03.364+0000] {dag.py:3722} INFO - Setting next_dagrun for example_branch_python_operator_decorator to 2024-10-05T00:00:00+00:00, run_after=2024-10-06T00:00:00+00:00
[2024-10-06T21:12:03.373+0000] {processor.py:179} INFO - Processing /home/airflow/.local/lib/python3.8/site-packages/airflow/example_dags/example_branch_operator_decorator.py took 0.049 seconds
[2024-10-06T21:13:26.125+0000] {processor.py:157} INFO - Started process (PID=27198) to work on /home/airflow/.local/lib/python3.8/site-packages/airflow/example_dags/example_branch_operator_decorator.py
[2024-10-06T21:13:26.126+0000] {processor.py:829} INFO - Processing file /home/airflow/.local/lib/python3.8/site-packages/airflow/example_dags/example_branch_operator_decorator.py for tasks to queue
[2024-10-06T21:13:26.127+0000] {logging_mixin.py:154} INFO - [2024-10-06T21:13:26.127+0000] {dagbag.py:536} INFO - Filling up the DagBag from /home/airflow/.local/lib/python3.8/site-packages/airflow/example_dags/example_branch_operator_decorator.py
[2024-10-06T21:13:26.132+0000] {processor.py:839} INFO - DAG(s) dict_keys(['example_branch_python_operator_decorator']) retrieved from /home/airflow/.local/lib/python3.8/site-packages/airflow/example_dags/example_branch_operator_decorator.py
[2024-10-06T21:13:26.141+0000] {logging_mixin.py:154} INFO - [2024-10-06T21:13:26.141+0000] {dag.py:2941} INFO - Sync 1 DAGs
[2024-10-06T21:13:26.149+0000] {logging_mixin.py:154} INFO - [2024-10-06T21:13:26.149+0000] {dag.py:3722} INFO - Setting next_dagrun for example_branch_python_operator_decorator to 2024-10-05T00:00:00+00:00, run_after=2024-10-06T00:00:00+00:00
[2024-10-06T21:13:26.156+0000] {processor.py:179} INFO - Processing /home/airflow/.local/lib/python3.8/site-packages/airflow/example_dags/example_branch_operator_decorator.py took 0.032 seconds
[2024-10-06T21:24:00.233+0000] {processor.py:157} INFO - Started process (PID=27252) to work on /home/airflow/.local/lib/python3.8/site-packages/airflow/example_dags/example_branch_operator_decorator.py
[2024-10-06T21:24:00.233+0000] {processor.py:829} INFO - Processing file /home/airflow/.local/lib/python3.8/site-packages/airflow/example_dags/example_branch_operator_decorator.py for tasks to queue
[2024-10-06T21:24:00.234+0000] {logging_mixin.py:154} INFO - [2024-10-06T21:24:00.234+0000] {dagbag.py:536} INFO - Filling up the DagBag from /home/airflow/.local/lib/python3.8/site-packages/airflow/example_dags/example_branch_operator_decorator.py
[2024-10-06T21:24:00.239+0000] {processor.py:839} INFO - DAG(s) dict_keys(['example_branch_python_operator_decorator']) retrieved from /home/airflow/.local/lib/python3.8/site-packages/airflow/example_dags/example_branch_operator_decorator.py
[2024-10-06T21:24:00.248+0000] {logging_mixin.py:154} INFO - [2024-10-06T21:24:00.248+0000] {dag.py:2941} INFO - Sync 1 DAGs
[2024-10-06T21:24:00.259+0000] {logging_mixin.py:154} INFO - [2024-10-06T21:24:00.259+0000] {dag.py:3722} INFO - Setting next_dagrun for example_branch_python_operator_decorator to 2024-10-05T00:00:00+00:00, run_after=2024-10-06T00:00:00+00:00
[2024-10-06T21:24:00.268+0000] {processor.py:179} INFO - Processing /home/airflow/.local/lib/python3.8/site-packages/airflow/example_dags/example_branch_operator_decorator.py took 0.037 seconds
[2024-10-06T22:02:21.934+0000] {processor.py:157} INFO - Started process (PID=27306) to work on /home/airflow/.local/lib/python3.8/site-packages/airflow/example_dags/example_branch_operator_decorator.py
[2024-10-06T22:02:21.935+0000] {processor.py:829} INFO - Processing file /home/airflow/.local/lib/python3.8/site-packages/airflow/example_dags/example_branch_operator_decorator.py for tasks to queue
[2024-10-06T22:02:21.936+0000] {logging_mixin.py:154} INFO - [2024-10-06T22:02:21.935+0000] {dagbag.py:536} INFO - Filling up the DagBag from /home/airflow/.local/lib/python3.8/site-packages/airflow/example_dags/example_branch_operator_decorator.py
[2024-10-06T22:02:21.941+0000] {processor.py:839} INFO - DAG(s) dict_keys(['example_branch_python_operator_decorator']) retrieved from /home/airflow/.local/lib/python3.8/site-packages/airflow/example_dags/example_branch_operator_decorator.py
[2024-10-06T22:02:21.951+0000] {logging_mixin.py:154} INFO - [2024-10-06T22:02:21.950+0000] {dag.py:2941} INFO - Sync 1 DAGs
[2024-10-06T22:02:21.959+0000] {logging_mixin.py:154} INFO - [2024-10-06T22:02:21.959+0000] {dag.py:3722} INFO - Setting next_dagrun for example_branch_python_operator_decorator to 2024-10-05T00:00:00+00:00, run_after=2024-10-06T00:00:00+00:00
[2024-10-06T22:02:21.965+0000] {processor.py:179} INFO - Processing /home/airflow/.local/lib/python3.8/site-packages/airflow/example_dags/example_branch_operator_decorator.py took 0.033 seconds
[2024-10-06T22:28:54.927+0000] {processor.py:157} INFO - Started process (PID=27360) to work on /home/airflow/.local/lib/python3.8/site-packages/airflow/example_dags/example_branch_operator_decorator.py
[2024-10-06T22:28:54.927+0000] {processor.py:829} INFO - Processing file /home/airflow/.local/lib/python3.8/site-packages/airflow/example_dags/example_branch_operator_decorator.py for tasks to queue
[2024-10-06T22:28:54.928+0000] {logging_mixin.py:154} INFO - [2024-10-06T22:28:54.928+0000] {dagbag.py:536} INFO - Filling up the DagBag from /home/airflow/.local/lib/python3.8/site-packages/airflow/example_dags/example_branch_operator_decorator.py
[2024-10-06T22:28:54.934+0000] {processor.py:839} INFO - DAG(s) dict_keys(['example_branch_python_operator_decorator']) retrieved from /home/airflow/.local/lib/python3.8/site-packages/airflow/example_dags/example_branch_operator_decorator.py
[2024-10-06T22:28:54.944+0000] {logging_mixin.py:154} INFO - [2024-10-06T22:28:54.944+0000] {dag.py:2941} INFO - Sync 1 DAGs
[2024-10-06T22:28:54.953+0000] {logging_mixin.py:154} INFO - [2024-10-06T22:28:54.953+0000] {dag.py:3722} INFO - Setting next_dagrun for example_branch_python_operator_decorator to 2024-10-05T00:00:00+00:00, run_after=2024-10-06T00:00:00+00:00
[2024-10-06T22:28:54.960+0000] {processor.py:179} INFO - Processing /home/airflow/.local/lib/python3.8/site-packages/airflow/example_dags/example_branch_operator_decorator.py took 0.035 seconds
[2024-10-06T22:59:44.462+0000] {processor.py:157} INFO - Started process (PID=27414) to work on /home/airflow/.local/lib/python3.8/site-packages/airflow/example_dags/example_branch_operator_decorator.py
[2024-10-06T22:59:44.463+0000] {processor.py:829} INFO - Processing file /home/airflow/.local/lib/python3.8/site-packages/airflow/example_dags/example_branch_operator_decorator.py for tasks to queue
[2024-10-06T22:59:44.465+0000] {logging_mixin.py:154} INFO - [2024-10-06T22:59:44.465+0000] {dagbag.py:536} INFO - Filling up the DagBag from /home/airflow/.local/lib/python3.8/site-packages/airflow/example_dags/example_branch_operator_decorator.py
[2024-10-06T22:59:44.472+0000] {processor.py:839} INFO - DAG(s) dict_keys(['example_branch_python_operator_decorator']) retrieved from /home/airflow/.local/lib/python3.8/site-packages/airflow/example_dags/example_branch_operator_decorator.py
[2024-10-06T22:59:44.486+0000] {logging_mixin.py:154} INFO - [2024-10-06T22:59:44.486+0000] {dag.py:2941} INFO - Sync 1 DAGs
[2024-10-06T22:59:44.498+0000] {logging_mixin.py:154} INFO - [2024-10-06T22:59:44.498+0000] {dag.py:3722} INFO - Setting next_dagrun for example_branch_python_operator_decorator to 2024-10-05T00:00:00+00:00, run_after=2024-10-06T00:00:00+00:00
[2024-10-06T22:59:44.509+0000] {processor.py:179} INFO - Processing /home/airflow/.local/lib/python3.8/site-packages/airflow/example_dags/example_branch_operator_decorator.py took 0.049 seconds
[2024-10-06T23:00:15.446+0000] {processor.py:157} INFO - Started process (PID=27468) to work on /home/airflow/.local/lib/python3.8/site-packages/airflow/example_dags/example_branch_operator_decorator.py
[2024-10-06T23:00:15.447+0000] {processor.py:829} INFO - Processing file /home/airflow/.local/lib/python3.8/site-packages/airflow/example_dags/example_branch_operator_decorator.py for tasks to queue
[2024-10-06T23:00:15.448+0000] {logging_mixin.py:154} INFO - [2024-10-06T23:00:15.448+0000] {dagbag.py:536} INFO - Filling up the DagBag from /home/airflow/.local/lib/python3.8/site-packages/airflow/example_dags/example_branch_operator_decorator.py
[2024-10-06T23:00:15.456+0000] {processor.py:839} INFO - DAG(s) dict_keys(['example_branch_python_operator_decorator']) retrieved from /home/airflow/.local/lib/python3.8/site-packages/airflow/example_dags/example_branch_operator_decorator.py
[2024-10-06T23:00:15.468+0000] {logging_mixin.py:154} INFO - [2024-10-06T23:00:15.467+0000] {dag.py:2941} INFO - Sync 1 DAGs
[2024-10-06T23:00:15.481+0000] {logging_mixin.py:154} INFO - [2024-10-06T23:00:15.481+0000] {dag.py:3722} INFO - Setting next_dagrun for example_branch_python_operator_decorator to 2024-10-05T00:00:00+00:00, run_after=2024-10-06T00:00:00+00:00
[2024-10-06T23:00:15.491+0000] {processor.py:179} INFO - Processing /home/airflow/.local/lib/python3.8/site-packages/airflow/example_dags/example_branch_operator_decorator.py took 0.047 seconds
[2024-10-06T23:00:46.061+0000] {processor.py:157} INFO - Started process (PID=27522) to work on /home/airflow/.local/lib/python3.8/site-packages/airflow/example_dags/example_branch_operator_decorator.py
[2024-10-06T23:00:46.062+0000] {processor.py:829} INFO - Processing file /home/airflow/.local/lib/python3.8/site-packages/airflow/example_dags/example_branch_operator_decorator.py for tasks to queue
[2024-10-06T23:00:46.063+0000] {logging_mixin.py:154} INFO - [2024-10-06T23:00:46.063+0000] {dagbag.py:536} INFO - Filling up the DagBag from /home/airflow/.local/lib/python3.8/site-packages/airflow/example_dags/example_branch_operator_decorator.py
[2024-10-06T23:00:46.068+0000] {processor.py:839} INFO - DAG(s) dict_keys(['example_branch_python_operator_decorator']) retrieved from /home/airflow/.local/lib/python3.8/site-packages/airflow/example_dags/example_branch_operator_decorator.py
[2024-10-06T23:00:46.078+0000] {logging_mixin.py:154} INFO - [2024-10-06T23:00:46.078+0000] {dag.py:2941} INFO - Sync 1 DAGs
[2024-10-06T23:00:46.087+0000] {logging_mixin.py:154} INFO - [2024-10-06T23:00:46.087+0000] {dag.py:3722} INFO - Setting next_dagrun for example_branch_python_operator_decorator to 2024-10-05T00:00:00+00:00, run_after=2024-10-06T00:00:00+00:00
[2024-10-06T23:00:46.093+0000] {processor.py:179} INFO - Processing /home/airflow/.local/lib/python3.8/site-packages/airflow/example_dags/example_branch_operator_decorator.py took 0.034 seconds
[2024-10-06T23:01:16.620+0000] {processor.py:157} INFO - Started process (PID=27575) to work on /home/airflow/.local/lib/python3.8/site-packages/airflow/example_dags/example_branch_operator_decorator.py
[2024-10-06T23:01:16.620+0000] {processor.py:829} INFO - Processing file /home/airflow/.local/lib/python3.8/site-packages/airflow/example_dags/example_branch_operator_decorator.py for tasks to queue
[2024-10-06T23:01:16.621+0000] {logging_mixin.py:154} INFO - [2024-10-06T23:01:16.621+0000] {dagbag.py:536} INFO - Filling up the DagBag from /home/airflow/.local/lib/python3.8/site-packages/airflow/example_dags/example_branch_operator_decorator.py
[2024-10-06T23:01:16.626+0000] {processor.py:839} INFO - DAG(s) dict_keys(['example_branch_python_operator_decorator']) retrieved from /home/airflow/.local/lib/python3.8/site-packages/airflow/example_dags/example_branch_operator_decorator.py
[2024-10-06T23:01:16.636+0000] {logging_mixin.py:154} INFO - [2024-10-06T23:01:16.635+0000] {dag.py:2941} INFO - Sync 1 DAGs
[2024-10-06T23:01:16.644+0000] {logging_mixin.py:154} INFO - [2024-10-06T23:01:16.644+0000] {dag.py:3722} INFO - Setting next_dagrun for example_branch_python_operator_decorator to 2024-10-05T00:00:00+00:00, run_after=2024-10-06T00:00:00+00:00
[2024-10-06T23:01:16.650+0000] {processor.py:179} INFO - Processing /home/airflow/.local/lib/python3.8/site-packages/airflow/example_dags/example_branch_operator_decorator.py took 0.032 seconds
[2024-10-06T23:01:47.116+0000] {processor.py:157} INFO - Started process (PID=27629) to work on /home/airflow/.local/lib/python3.8/site-packages/airflow/example_dags/example_branch_operator_decorator.py
[2024-10-06T23:01:47.116+0000] {processor.py:829} INFO - Processing file /home/airflow/.local/lib/python3.8/site-packages/airflow/example_dags/example_branch_operator_decorator.py for tasks to queue
[2024-10-06T23:01:47.117+0000] {logging_mixin.py:154} INFO - [2024-10-06T23:01:47.117+0000] {dagbag.py:536} INFO - Filling up the DagBag from /home/airflow/.local/lib/python3.8/site-packages/airflow/example_dags/example_branch_operator_decorator.py
[2024-10-06T23:01:47.122+0000] {processor.py:839} INFO - DAG(s) dict_keys(['example_branch_python_operator_decorator']) retrieved from /home/airflow/.local/lib/python3.8/site-packages/airflow/example_dags/example_branch_operator_decorator.py
[2024-10-06T23:01:47.131+0000] {logging_mixin.py:154} INFO - [2024-10-06T23:01:47.131+0000] {dag.py:2941} INFO - Sync 1 DAGs
[2024-10-06T23:01:47.139+0000] {logging_mixin.py:154} INFO - [2024-10-06T23:01:47.139+0000] {dag.py:3722} INFO - Setting next_dagrun for example_branch_python_operator_decorator to 2024-10-05T00:00:00+00:00, run_after=2024-10-06T00:00:00+00:00
[2024-10-06T23:01:47.146+0000] {processor.py:179} INFO - Processing /home/airflow/.local/lib/python3.8/site-packages/airflow/example_dags/example_branch_operator_decorator.py took 0.031 seconds
[2024-10-06T23:02:17.561+0000] {processor.py:157} INFO - Started process (PID=27684) to work on /home/airflow/.local/lib/python3.8/site-packages/airflow/example_dags/example_branch_operator_decorator.py
[2024-10-06T23:02:17.561+0000] {processor.py:829} INFO - Processing file /home/airflow/.local/lib/python3.8/site-packages/airflow/example_dags/example_branch_operator_decorator.py for tasks to queue
[2024-10-06T23:02:17.564+0000] {logging_mixin.py:154} INFO - [2024-10-06T23:02:17.564+0000] {dagbag.py:536} INFO - Filling up the DagBag from /home/airflow/.local/lib/python3.8/site-packages/airflow/example_dags/example_branch_operator_decorator.py
[2024-10-06T23:02:17.569+0000] {processor.py:839} INFO - DAG(s) dict_keys(['example_branch_python_operator_decorator']) retrieved from /home/airflow/.local/lib/python3.8/site-packages/airflow/example_dags/example_branch_operator_decorator.py
[2024-10-06T23:02:17.578+0000] {logging_mixin.py:154} INFO - [2024-10-06T23:02:17.578+0000] {dag.py:2941} INFO - Sync 1 DAGs
[2024-10-06T23:02:17.587+0000] {logging_mixin.py:154} INFO - [2024-10-06T23:02:17.587+0000] {dag.py:3722} INFO - Setting next_dagrun for example_branch_python_operator_decorator to 2024-10-05T00:00:00+00:00, run_after=2024-10-06T00:00:00+00:00
[2024-10-06T23:02:17.593+0000] {processor.py:179} INFO - Processing /home/airflow/.local/lib/python3.8/site-packages/airflow/example_dags/example_branch_operator_decorator.py took 0.034 seconds
[2024-10-06T23:02:47.981+0000] {processor.py:157} INFO - Started process (PID=27738) to work on /home/airflow/.local/lib/python3.8/site-packages/airflow/example_dags/example_branch_operator_decorator.py
[2024-10-06T23:02:47.982+0000] {processor.py:829} INFO - Processing file /home/airflow/.local/lib/python3.8/site-packages/airflow/example_dags/example_branch_operator_decorator.py for tasks to queue
[2024-10-06T23:02:47.982+0000] {logging_mixin.py:154} INFO - [2024-10-06T23:02:47.982+0000] {dagbag.py:536} INFO - Filling up the DagBag from /home/airflow/.local/lib/python3.8/site-packages/airflow/example_dags/example_branch_operator_decorator.py
[2024-10-06T23:02:47.987+0000] {processor.py:839} INFO - DAG(s) dict_keys(['example_branch_python_operator_decorator']) retrieved from /home/airflow/.local/lib/python3.8/site-packages/airflow/example_dags/example_branch_operator_decorator.py
[2024-10-06T23:02:47.997+0000] {logging_mixin.py:154} INFO - [2024-10-06T23:02:47.997+0000] {dag.py:2941} INFO - Sync 1 DAGs
[2024-10-06T23:02:48.005+0000] {logging_mixin.py:154} INFO - [2024-10-06T23:02:48.005+0000] {dag.py:3722} INFO - Setting next_dagrun for example_branch_python_operator_decorator to 2024-10-05T00:00:00+00:00, run_after=2024-10-06T00:00:00+00:00
[2024-10-06T23:02:48.012+0000] {processor.py:179} INFO - Processing /home/airflow/.local/lib/python3.8/site-packages/airflow/example_dags/example_branch_operator_decorator.py took 0.032 seconds
[2024-10-06T23:03:18.382+0000] {processor.py:157} INFO - Started process (PID=27792) to work on /home/airflow/.local/lib/python3.8/site-packages/airflow/example_dags/example_branch_operator_decorator.py
[2024-10-06T23:03:18.383+0000] {processor.py:829} INFO - Processing file /home/airflow/.local/lib/python3.8/site-packages/airflow/example_dags/example_branch_operator_decorator.py for tasks to queue
[2024-10-06T23:03:18.384+0000] {logging_mixin.py:154} INFO - [2024-10-06T23:03:18.383+0000] {dagbag.py:536} INFO - Filling up the DagBag from /home/airflow/.local/lib/python3.8/site-packages/airflow/example_dags/example_branch_operator_decorator.py
[2024-10-06T23:03:18.389+0000] {processor.py:839} INFO - DAG(s) dict_keys(['example_branch_python_operator_decorator']) retrieved from /home/airflow/.local/lib/python3.8/site-packages/airflow/example_dags/example_branch_operator_decorator.py
[2024-10-06T23:03:18.398+0000] {logging_mixin.py:154} INFO - [2024-10-06T23:03:18.398+0000] {dag.py:2941} INFO - Sync 1 DAGs
[2024-10-06T23:03:18.406+0000] {logging_mixin.py:154} INFO - [2024-10-06T23:03:18.406+0000] {dag.py:3722} INFO - Setting next_dagrun for example_branch_python_operator_decorator to 2024-10-05T00:00:00+00:00, run_after=2024-10-06T00:00:00+00:00
[2024-10-06T23:03:18.413+0000] {processor.py:179} INFO - Processing /home/airflow/.local/lib/python3.8/site-packages/airflow/example_dags/example_branch_operator_decorator.py took 0.032 seconds
[2024-10-06T23:03:48.871+0000] {processor.py:157} INFO - Started process (PID=27846) to work on /home/airflow/.local/lib/python3.8/site-packages/airflow/example_dags/example_branch_operator_decorator.py
[2024-10-06T23:03:48.871+0000] {processor.py:829} INFO - Processing file /home/airflow/.local/lib/python3.8/site-packages/airflow/example_dags/example_branch_operator_decorator.py for tasks to queue
[2024-10-06T23:03:48.872+0000] {logging_mixin.py:154} INFO - [2024-10-06T23:03:48.872+0000] {dagbag.py:536} INFO - Filling up the DagBag from /home/airflow/.local/lib/python3.8/site-packages/airflow/example_dags/example_branch_operator_decorator.py
[2024-10-06T23:03:48.877+0000] {processor.py:839} INFO - DAG(s) dict_keys(['example_branch_python_operator_decorator']) retrieved from /home/airflow/.local/lib/python3.8/site-packages/airflow/example_dags/example_branch_operator_decorator.py
[2024-10-06T23:03:48.887+0000] {logging_mixin.py:154} INFO - [2024-10-06T23:03:48.886+0000] {dag.py:2941} INFO - Sync 1 DAGs
[2024-10-06T23:03:48.896+0000] {logging_mixin.py:154} INFO - [2024-10-06T23:03:48.895+0000] {dag.py:3722} INFO - Setting next_dagrun for example_branch_python_operator_decorator to 2024-10-05T00:00:00+00:00, run_after=2024-10-06T00:00:00+00:00
[2024-10-06T23:03:48.902+0000] {processor.py:179} INFO - Processing /home/airflow/.local/lib/python3.8/site-packages/airflow/example_dags/example_branch_operator_decorator.py took 0.032 seconds
[2024-10-06T23:04:19.304+0000] {processor.py:157} INFO - Started process (PID=27900) to work on /home/airflow/.local/lib/python3.8/site-packages/airflow/example_dags/example_branch_operator_decorator.py
[2024-10-06T23:04:19.304+0000] {processor.py:829} INFO - Processing file /home/airflow/.local/lib/python3.8/site-packages/airflow/example_dags/example_branch_operator_decorator.py for tasks to queue
[2024-10-06T23:04:19.305+0000] {logging_mixin.py:154} INFO - [2024-10-06T23:04:19.305+0000] {dagbag.py:536} INFO - Filling up the DagBag from /home/airflow/.local/lib/python3.8/site-packages/airflow/example_dags/example_branch_operator_decorator.py
[2024-10-06T23:04:19.310+0000] {processor.py:839} INFO - DAG(s) dict_keys(['example_branch_python_operator_decorator']) retrieved from /home/airflow/.local/lib/python3.8/site-packages/airflow/example_dags/example_branch_operator_decorator.py
[2024-10-06T23:04:19.319+0000] {logging_mixin.py:154} INFO - [2024-10-06T23:04:19.319+0000] {dag.py:2941} INFO - Sync 1 DAGs
[2024-10-06T23:04:19.328+0000] {logging_mixin.py:154} INFO - [2024-10-06T23:04:19.327+0000] {dag.py:3722} INFO - Setting next_dagrun for example_branch_python_operator_decorator to 2024-10-05T00:00:00+00:00, run_after=2024-10-06T00:00:00+00:00
[2024-10-06T23:04:19.334+0000] {processor.py:179} INFO - Processing /home/airflow/.local/lib/python3.8/site-packages/airflow/example_dags/example_branch_operator_decorator.py took 0.032 seconds
[2024-10-06T23:04:49.760+0000] {processor.py:157} INFO - Started process (PID=27954) to work on /home/airflow/.local/lib/python3.8/site-packages/airflow/example_dags/example_branch_operator_decorator.py
[2024-10-06T23:04:49.760+0000] {processor.py:829} INFO - Processing file /home/airflow/.local/lib/python3.8/site-packages/airflow/example_dags/example_branch_operator_decorator.py for tasks to queue
[2024-10-06T23:04:49.761+0000] {logging_mixin.py:154} INFO - [2024-10-06T23:04:49.761+0000] {dagbag.py:536} INFO - Filling up the DagBag from /home/airflow/.local/lib/python3.8/site-packages/airflow/example_dags/example_branch_operator_decorator.py
[2024-10-06T23:04:49.767+0000] {processor.py:839} INFO - DAG(s) dict_keys(['example_branch_python_operator_decorator']) retrieved from /home/airflow/.local/lib/python3.8/site-packages/airflow/example_dags/example_branch_operator_decorator.py
[2024-10-06T23:04:49.776+0000] {logging_mixin.py:154} INFO - [2024-10-06T23:04:49.776+0000] {dag.py:2941} INFO - Sync 1 DAGs
[2024-10-06T23:04:49.784+0000] {logging_mixin.py:154} INFO - [2024-10-06T23:04:49.784+0000] {dag.py:3722} INFO - Setting next_dagrun for example_branch_python_operator_decorator to 2024-10-05T00:00:00+00:00, run_after=2024-10-06T00:00:00+00:00
[2024-10-06T23:04:49.790+0000] {processor.py:179} INFO - Processing /home/airflow/.local/lib/python3.8/site-packages/airflow/example_dags/example_branch_operator_decorator.py took 0.032 seconds
[2024-10-06T23:05:20.174+0000] {processor.py:157} INFO - Started process (PID=28008) to work on /home/airflow/.local/lib/python3.8/site-packages/airflow/example_dags/example_branch_operator_decorator.py
[2024-10-06T23:05:20.174+0000] {processor.py:829} INFO - Processing file /home/airflow/.local/lib/python3.8/site-packages/airflow/example_dags/example_branch_operator_decorator.py for tasks to queue
[2024-10-06T23:05:20.175+0000] {logging_mixin.py:154} INFO - [2024-10-06T23:05:20.175+0000] {dagbag.py:536} INFO - Filling up the DagBag from /home/airflow/.local/lib/python3.8/site-packages/airflow/example_dags/example_branch_operator_decorator.py
[2024-10-06T23:05:20.181+0000] {processor.py:839} INFO - DAG(s) dict_keys(['example_branch_python_operator_decorator']) retrieved from /home/airflow/.local/lib/python3.8/site-packages/airflow/example_dags/example_branch_operator_decorator.py
[2024-10-06T23:05:20.191+0000] {logging_mixin.py:154} INFO - [2024-10-06T23:05:20.191+0000] {dag.py:2941} INFO - Sync 1 DAGs
[2024-10-06T23:05:20.200+0000] {logging_mixin.py:154} INFO - [2024-10-06T23:05:20.200+0000] {dag.py:3722} INFO - Setting next_dagrun for example_branch_python_operator_decorator to 2024-10-05T00:00:00+00:00, run_after=2024-10-06T00:00:00+00:00
[2024-10-06T23:05:20.206+0000] {processor.py:179} INFO - Processing /home/airflow/.local/lib/python3.8/site-packages/airflow/example_dags/example_branch_operator_decorator.py took 0.034 seconds
[2024-10-06T23:05:50.558+0000] {processor.py:157} INFO - Started process (PID=28062) to work on /home/airflow/.local/lib/python3.8/site-packages/airflow/example_dags/example_branch_operator_decorator.py
[2024-10-06T23:05:50.559+0000] {processor.py:829} INFO - Processing file /home/airflow/.local/lib/python3.8/site-packages/airflow/example_dags/example_branch_operator_decorator.py for tasks to queue
[2024-10-06T23:05:50.560+0000] {logging_mixin.py:154} INFO - [2024-10-06T23:05:50.560+0000] {dagbag.py:536} INFO - Filling up the DagBag from /home/airflow/.local/lib/python3.8/site-packages/airflow/example_dags/example_branch_operator_decorator.py
[2024-10-06T23:05:50.565+0000] {processor.py:839} INFO - DAG(s) dict_keys(['example_branch_python_operator_decorator']) retrieved from /home/airflow/.local/lib/python3.8/site-packages/airflow/example_dags/example_branch_operator_decorator.py
[2024-10-06T23:05:50.574+0000] {logging_mixin.py:154} INFO - [2024-10-06T23:05:50.574+0000] {dag.py:2941} INFO - Sync 1 DAGs
[2024-10-06T23:05:50.583+0000] {logging_mixin.py:154} INFO - [2024-10-06T23:05:50.583+0000] {dag.py:3722} INFO - Setting next_dagrun for example_branch_python_operator_decorator to 2024-10-05T00:00:00+00:00, run_after=2024-10-06T00:00:00+00:00
[2024-10-06T23:05:50.589+0000] {processor.py:179} INFO - Processing /home/airflow/.local/lib/python3.8/site-packages/airflow/example_dags/example_branch_operator_decorator.py took 0.032 seconds
[2024-10-06T23:06:20.998+0000] {processor.py:157} INFO - Started process (PID=28116) to work on /home/airflow/.local/lib/python3.8/site-packages/airflow/example_dags/example_branch_operator_decorator.py
[2024-10-06T23:06:20.999+0000] {processor.py:829} INFO - Processing file /home/airflow/.local/lib/python3.8/site-packages/airflow/example_dags/example_branch_operator_decorator.py for tasks to queue
[2024-10-06T23:06:21.000+0000] {logging_mixin.py:154} INFO - [2024-10-06T23:06:21.000+0000] {dagbag.py:536} INFO - Filling up the DagBag from /home/airflow/.local/lib/python3.8/site-packages/airflow/example_dags/example_branch_operator_decorator.py
[2024-10-06T23:06:21.005+0000] {processor.py:839} INFO - DAG(s) dict_keys(['example_branch_python_operator_decorator']) retrieved from /home/airflow/.local/lib/python3.8/site-packages/airflow/example_dags/example_branch_operator_decorator.py
[2024-10-06T23:06:21.015+0000] {logging_mixin.py:154} INFO - [2024-10-06T23:06:21.014+0000] {dag.py:2941} INFO - Sync 1 DAGs
[2024-10-06T23:06:21.023+0000] {logging_mixin.py:154} INFO - [2024-10-06T23:06:21.023+0000] {dag.py:3722} INFO - Setting next_dagrun for example_branch_python_operator_decorator to 2024-10-05T00:00:00+00:00, run_after=2024-10-06T00:00:00+00:00
[2024-10-06T23:06:21.030+0000] {processor.py:179} INFO - Processing /home/airflow/.local/lib/python3.8/site-packages/airflow/example_dags/example_branch_operator_decorator.py took 0.033 seconds
[2024-10-06T23:06:51.445+0000] {processor.py:157} INFO - Started process (PID=28170) to work on /home/airflow/.local/lib/python3.8/site-packages/airflow/example_dags/example_branch_operator_decorator.py
[2024-10-06T23:06:51.445+0000] {processor.py:829} INFO - Processing file /home/airflow/.local/lib/python3.8/site-packages/airflow/example_dags/example_branch_operator_decorator.py for tasks to queue
[2024-10-06T23:06:51.446+0000] {logging_mixin.py:154} INFO - [2024-10-06T23:06:51.446+0000] {dagbag.py:536} INFO - Filling up the DagBag from /home/airflow/.local/lib/python3.8/site-packages/airflow/example_dags/example_branch_operator_decorator.py
[2024-10-06T23:06:51.451+0000] {processor.py:839} INFO - DAG(s) dict_keys(['example_branch_python_operator_decorator']) retrieved from /home/airflow/.local/lib/python3.8/site-packages/airflow/example_dags/example_branch_operator_decorator.py
[2024-10-06T23:06:51.460+0000] {logging_mixin.py:154} INFO - [2024-10-06T23:06:51.460+0000] {dag.py:2941} INFO - Sync 1 DAGs
[2024-10-06T23:06:51.468+0000] {logging_mixin.py:154} INFO - [2024-10-06T23:06:51.468+0000] {dag.py:3722} INFO - Setting next_dagrun for example_branch_python_operator_decorator to 2024-10-05T00:00:00+00:00, run_after=2024-10-06T00:00:00+00:00
[2024-10-06T23:06:51.474+0000] {processor.py:179} INFO - Processing /home/airflow/.local/lib/python3.8/site-packages/airflow/example_dags/example_branch_operator_decorator.py took 0.031 seconds
[2024-10-06T23:07:21.873+0000] {processor.py:157} INFO - Started process (PID=28224) to work on /home/airflow/.local/lib/python3.8/site-packages/airflow/example_dags/example_branch_operator_decorator.py
[2024-10-06T23:07:21.873+0000] {processor.py:829} INFO - Processing file /home/airflow/.local/lib/python3.8/site-packages/airflow/example_dags/example_branch_operator_decorator.py for tasks to queue
[2024-10-06T23:07:21.874+0000] {logging_mixin.py:154} INFO - [2024-10-06T23:07:21.874+0000] {dagbag.py:536} INFO - Filling up the DagBag from /home/airflow/.local/lib/python3.8/site-packages/airflow/example_dags/example_branch_operator_decorator.py
[2024-10-06T23:07:21.879+0000] {processor.py:839} INFO - DAG(s) dict_keys(['example_branch_python_operator_decorator']) retrieved from /home/airflow/.local/lib/python3.8/site-packages/airflow/example_dags/example_branch_operator_decorator.py
[2024-10-06T23:07:21.889+0000] {logging_mixin.py:154} INFO - [2024-10-06T23:07:21.889+0000] {dag.py:2941} INFO - Sync 1 DAGs
[2024-10-06T23:07:21.897+0000] {logging_mixin.py:154} INFO - [2024-10-06T23:07:21.897+0000] {dag.py:3722} INFO - Setting next_dagrun for example_branch_python_operator_decorator to 2024-10-05T00:00:00+00:00, run_after=2024-10-06T00:00:00+00:00
[2024-10-06T23:07:21.904+0000] {processor.py:179} INFO - Processing /home/airflow/.local/lib/python3.8/site-packages/airflow/example_dags/example_branch_operator_decorator.py took 0.032 seconds
[2024-10-06T23:07:52.325+0000] {processor.py:157} INFO - Started process (PID=28278) to work on /home/airflow/.local/lib/python3.8/site-packages/airflow/example_dags/example_branch_operator_decorator.py
[2024-10-06T23:07:52.326+0000] {processor.py:829} INFO - Processing file /home/airflow/.local/lib/python3.8/site-packages/airflow/example_dags/example_branch_operator_decorator.py for tasks to queue
[2024-10-06T23:07:52.327+0000] {logging_mixin.py:154} INFO - [2024-10-06T23:07:52.326+0000] {dagbag.py:536} INFO - Filling up the DagBag from /home/airflow/.local/lib/python3.8/site-packages/airflow/example_dags/example_branch_operator_decorator.py
[2024-10-06T23:07:52.331+0000] {processor.py:839} INFO - DAG(s) dict_keys(['example_branch_python_operator_decorator']) retrieved from /home/airflow/.local/lib/python3.8/site-packages/airflow/example_dags/example_branch_operator_decorator.py
[2024-10-06T23:07:52.341+0000] {logging_mixin.py:154} INFO - [2024-10-06T23:07:52.341+0000] {dag.py:2941} INFO - Sync 1 DAGs
[2024-10-06T23:07:52.350+0000] {logging_mixin.py:154} INFO - [2024-10-06T23:07:52.350+0000] {dag.py:3722} INFO - Setting next_dagrun for example_branch_python_operator_decorator to 2024-10-05T00:00:00+00:00, run_after=2024-10-06T00:00:00+00:00
[2024-10-06T23:07:52.356+0000] {processor.py:179} INFO - Processing /home/airflow/.local/lib/python3.8/site-packages/airflow/example_dags/example_branch_operator_decorator.py took 0.032 seconds
[2024-10-06T23:08:22.683+0000] {processor.py:157} INFO - Started process (PID=28332) to work on /home/airflow/.local/lib/python3.8/site-packages/airflow/example_dags/example_branch_operator_decorator.py
[2024-10-06T23:08:22.684+0000] {processor.py:829} INFO - Processing file /home/airflow/.local/lib/python3.8/site-packages/airflow/example_dags/example_branch_operator_decorator.py for tasks to queue
[2024-10-06T23:08:22.684+0000] {logging_mixin.py:154} INFO - [2024-10-06T23:08:22.684+0000] {dagbag.py:536} INFO - Filling up the DagBag from /home/airflow/.local/lib/python3.8/site-packages/airflow/example_dags/example_branch_operator_decorator.py
[2024-10-06T23:08:22.689+0000] {processor.py:839} INFO - DAG(s) dict_keys(['example_branch_python_operator_decorator']) retrieved from /home/airflow/.local/lib/python3.8/site-packages/airflow/example_dags/example_branch_operator_decorator.py
[2024-10-06T23:08:22.699+0000] {logging_mixin.py:154} INFO - [2024-10-06T23:08:22.699+0000] {dag.py:2941} INFO - Sync 1 DAGs
[2024-10-06T23:08:22.707+0000] {logging_mixin.py:154} INFO - [2024-10-06T23:08:22.707+0000] {dag.py:3722} INFO - Setting next_dagrun for example_branch_python_operator_decorator to 2024-10-05T00:00:00+00:00, run_after=2024-10-06T00:00:00+00:00
[2024-10-06T23:08:22.714+0000] {processor.py:179} INFO - Processing /home/airflow/.local/lib/python3.8/site-packages/airflow/example_dags/example_branch_operator_decorator.py took 0.032 seconds
[2024-10-06T23:08:53.122+0000] {processor.py:157} INFO - Started process (PID=28393) to work on /home/airflow/.local/lib/python3.8/site-packages/airflow/example_dags/example_branch_operator_decorator.py
[2024-10-06T23:08:53.123+0000] {processor.py:829} INFO - Processing file /home/airflow/.local/lib/python3.8/site-packages/airflow/example_dags/example_branch_operator_decorator.py for tasks to queue
[2024-10-06T23:08:53.124+0000] {logging_mixin.py:154} INFO - [2024-10-06T23:08:53.124+0000] {dagbag.py:536} INFO - Filling up the DagBag from /home/airflow/.local/lib/python3.8/site-packages/airflow/example_dags/example_branch_operator_decorator.py
[2024-10-06T23:08:53.129+0000] {processor.py:839} INFO - DAG(s) dict_keys(['example_branch_python_operator_decorator']) retrieved from /home/airflow/.local/lib/python3.8/site-packages/airflow/example_dags/example_branch_operator_decorator.py
[2024-10-06T23:08:53.138+0000] {logging_mixin.py:154} INFO - [2024-10-06T23:08:53.138+0000] {dag.py:2941} INFO - Sync 1 DAGs
[2024-10-06T23:08:53.146+0000] {logging_mixin.py:154} INFO - [2024-10-06T23:08:53.146+0000] {dag.py:3722} INFO - Setting next_dagrun for example_branch_python_operator_decorator to 2024-10-05T00:00:00+00:00, run_after=2024-10-06T00:00:00+00:00
[2024-10-06T23:08:53.153+0000] {processor.py:179} INFO - Processing /home/airflow/.local/lib/python3.8/site-packages/airflow/example_dags/example_branch_operator_decorator.py took 0.032 seconds
[2024-10-06T23:09:23.510+0000] {processor.py:157} INFO - Started process (PID=28447) to work on /home/airflow/.local/lib/python3.8/site-packages/airflow/example_dags/example_branch_operator_decorator.py
[2024-10-06T23:09:23.510+0000] {processor.py:829} INFO - Processing file /home/airflow/.local/lib/python3.8/site-packages/airflow/example_dags/example_branch_operator_decorator.py for tasks to queue
[2024-10-06T23:09:23.512+0000] {logging_mixin.py:154} INFO - [2024-10-06T23:09:23.512+0000] {dagbag.py:536} INFO - Filling up the DagBag from /home/airflow/.local/lib/python3.8/site-packages/airflow/example_dags/example_branch_operator_decorator.py
[2024-10-06T23:09:23.516+0000] {processor.py:839} INFO - DAG(s) dict_keys(['example_branch_python_operator_decorator']) retrieved from /home/airflow/.local/lib/python3.8/site-packages/airflow/example_dags/example_branch_operator_decorator.py
[2024-10-06T23:09:23.526+0000] {logging_mixin.py:154} INFO - [2024-10-06T23:09:23.526+0000] {dag.py:2941} INFO - Sync 1 DAGs
[2024-10-06T23:09:23.534+0000] {logging_mixin.py:154} INFO - [2024-10-06T23:09:23.534+0000] {dag.py:3722} INFO - Setting next_dagrun for example_branch_python_operator_decorator to 2024-10-05T00:00:00+00:00, run_after=2024-10-06T00:00:00+00:00
[2024-10-06T23:09:23.541+0000] {processor.py:179} INFO - Processing /home/airflow/.local/lib/python3.8/site-packages/airflow/example_dags/example_branch_operator_decorator.py took 0.032 seconds
[2024-10-06T23:09:54.029+0000] {processor.py:157} INFO - Started process (PID=28501) to work on /home/airflow/.local/lib/python3.8/site-packages/airflow/example_dags/example_branch_operator_decorator.py
[2024-10-06T23:09:54.030+0000] {processor.py:829} INFO - Processing file /home/airflow/.local/lib/python3.8/site-packages/airflow/example_dags/example_branch_operator_decorator.py for tasks to queue
[2024-10-06T23:09:54.031+0000] {logging_mixin.py:154} INFO - [2024-10-06T23:09:54.031+0000] {dagbag.py:536} INFO - Filling up the DagBag from /home/airflow/.local/lib/python3.8/site-packages/airflow/example_dags/example_branch_operator_decorator.py
[2024-10-06T23:09:54.036+0000] {processor.py:839} INFO - DAG(s) dict_keys(['example_branch_python_operator_decorator']) retrieved from /home/airflow/.local/lib/python3.8/site-packages/airflow/example_dags/example_branch_operator_decorator.py
[2024-10-06T23:09:54.046+0000] {logging_mixin.py:154} INFO - [2024-10-06T23:09:54.045+0000] {dag.py:2941} INFO - Sync 1 DAGs
[2024-10-06T23:09:54.055+0000] {logging_mixin.py:154} INFO - [2024-10-06T23:09:54.054+0000] {dag.py:3722} INFO - Setting next_dagrun for example_branch_python_operator_decorator to 2024-10-05T00:00:00+00:00, run_after=2024-10-06T00:00:00+00:00
[2024-10-06T23:09:54.061+0000] {processor.py:179} INFO - Processing /home/airflow/.local/lib/python3.8/site-packages/airflow/example_dags/example_branch_operator_decorator.py took 0.033 seconds
[2024-10-06T23:10:24.464+0000] {processor.py:157} INFO - Started process (PID=28555) to work on /home/airflow/.local/lib/python3.8/site-packages/airflow/example_dags/example_branch_operator_decorator.py
[2024-10-06T23:10:24.465+0000] {processor.py:829} INFO - Processing file /home/airflow/.local/lib/python3.8/site-packages/airflow/example_dags/example_branch_operator_decorator.py for tasks to queue
[2024-10-06T23:10:24.466+0000] {logging_mixin.py:154} INFO - [2024-10-06T23:10:24.466+0000] {dagbag.py:536} INFO - Filling up the DagBag from /home/airflow/.local/lib/python3.8/site-packages/airflow/example_dags/example_branch_operator_decorator.py
[2024-10-06T23:10:24.471+0000] {processor.py:839} INFO - DAG(s) dict_keys(['example_branch_python_operator_decorator']) retrieved from /home/airflow/.local/lib/python3.8/site-packages/airflow/example_dags/example_branch_operator_decorator.py
[2024-10-06T23:10:24.481+0000] {logging_mixin.py:154} INFO - [2024-10-06T23:10:24.480+0000] {dag.py:2941} INFO - Sync 1 DAGs
[2024-10-06T23:10:24.489+0000] {logging_mixin.py:154} INFO - [2024-10-06T23:10:24.489+0000] {dag.py:3722} INFO - Setting next_dagrun for example_branch_python_operator_decorator to 2024-10-05T00:00:00+00:00, run_after=2024-10-06T00:00:00+00:00
[2024-10-06T23:10:24.496+0000] {processor.py:179} INFO - Processing /home/airflow/.local/lib/python3.8/site-packages/airflow/example_dags/example_branch_operator_decorator.py took 0.033 seconds
[2024-10-06T23:10:54.870+0000] {processor.py:157} INFO - Started process (PID=28609) to work on /home/airflow/.local/lib/python3.8/site-packages/airflow/example_dags/example_branch_operator_decorator.py
[2024-10-06T23:10:54.870+0000] {processor.py:829} INFO - Processing file /home/airflow/.local/lib/python3.8/site-packages/airflow/example_dags/example_branch_operator_decorator.py for tasks to queue
[2024-10-06T23:10:54.872+0000] {logging_mixin.py:154} INFO - [2024-10-06T23:10:54.872+0000] {dagbag.py:536} INFO - Filling up the DagBag from /home/airflow/.local/lib/python3.8/site-packages/airflow/example_dags/example_branch_operator_decorator.py
[2024-10-06T23:10:54.877+0000] {processor.py:839} INFO - DAG(s) dict_keys(['example_branch_python_operator_decorator']) retrieved from /home/airflow/.local/lib/python3.8/site-packages/airflow/example_dags/example_branch_operator_decorator.py
[2024-10-06T23:10:54.886+0000] {logging_mixin.py:154} INFO - [2024-10-06T23:10:54.886+0000] {dag.py:2941} INFO - Sync 1 DAGs
[2024-10-06T23:10:54.895+0000] {logging_mixin.py:154} INFO - [2024-10-06T23:10:54.895+0000] {dag.py:3722} INFO - Setting next_dagrun for example_branch_python_operator_decorator to 2024-10-05T00:00:00+00:00, run_after=2024-10-06T00:00:00+00:00
[2024-10-06T23:10:54.901+0000] {processor.py:179} INFO - Processing /home/airflow/.local/lib/python3.8/site-packages/airflow/example_dags/example_branch_operator_decorator.py took 0.032 seconds
[2024-10-06T23:11:25.267+0000] {processor.py:157} INFO - Started process (PID=28663) to work on /home/airflow/.local/lib/python3.8/site-packages/airflow/example_dags/example_branch_operator_decorator.py
[2024-10-06T23:11:25.267+0000] {processor.py:829} INFO - Processing file /home/airflow/.local/lib/python3.8/site-packages/airflow/example_dags/example_branch_operator_decorator.py for tasks to queue
[2024-10-06T23:11:25.269+0000] {logging_mixin.py:154} INFO - [2024-10-06T23:11:25.269+0000] {dagbag.py:536} INFO - Filling up the DagBag from /home/airflow/.local/lib/python3.8/site-packages/airflow/example_dags/example_branch_operator_decorator.py
[2024-10-06T23:11:25.274+0000] {processor.py:839} INFO - DAG(s) dict_keys(['example_branch_python_operator_decorator']) retrieved from /home/airflow/.local/lib/python3.8/site-packages/airflow/example_dags/example_branch_operator_decorator.py
[2024-10-06T23:11:25.284+0000] {logging_mixin.py:154} INFO - [2024-10-06T23:11:25.284+0000] {dag.py:2941} INFO - Sync 1 DAGs
[2024-10-06T23:11:25.293+0000] {logging_mixin.py:154} INFO - [2024-10-06T23:11:25.293+0000] {dag.py:3722} INFO - Setting next_dagrun for example_branch_python_operator_decorator to 2024-10-05T00:00:00+00:00, run_after=2024-10-06T00:00:00+00:00
[2024-10-06T23:11:25.299+0000] {processor.py:179} INFO - Processing /home/airflow/.local/lib/python3.8/site-packages/airflow/example_dags/example_branch_operator_decorator.py took 0.034 seconds
[2024-10-06T23:11:55.729+0000] {processor.py:157} INFO - Started process (PID=28717) to work on /home/airflow/.local/lib/python3.8/site-packages/airflow/example_dags/example_branch_operator_decorator.py
[2024-10-06T23:11:55.729+0000] {processor.py:829} INFO - Processing file /home/airflow/.local/lib/python3.8/site-packages/airflow/example_dags/example_branch_operator_decorator.py for tasks to queue
[2024-10-06T23:11:55.730+0000] {logging_mixin.py:154} INFO - [2024-10-06T23:11:55.730+0000] {dagbag.py:536} INFO - Filling up the DagBag from /home/airflow/.local/lib/python3.8/site-packages/airflow/example_dags/example_branch_operator_decorator.py
[2024-10-06T23:11:55.736+0000] {processor.py:839} INFO - DAG(s) dict_keys(['example_branch_python_operator_decorator']) retrieved from /home/airflow/.local/lib/python3.8/site-packages/airflow/example_dags/example_branch_operator_decorator.py
[2024-10-06T23:11:55.747+0000] {logging_mixin.py:154} INFO - [2024-10-06T23:11:55.746+0000] {dag.py:2941} INFO - Sync 1 DAGs
[2024-10-06T23:11:55.756+0000] {logging_mixin.py:154} INFO - [2024-10-06T23:11:55.756+0000] {dag.py:3722} INFO - Setting next_dagrun for example_branch_python_operator_decorator to 2024-10-05T00:00:00+00:00, run_after=2024-10-06T00:00:00+00:00
[2024-10-06T23:11:55.763+0000] {processor.py:179} INFO - Processing /home/airflow/.local/lib/python3.8/site-packages/airflow/example_dags/example_branch_operator_decorator.py took 0.036 seconds
[2024-10-06T23:12:26.211+0000] {processor.py:157} INFO - Started process (PID=28771) to work on /home/airflow/.local/lib/python3.8/site-packages/airflow/example_dags/example_branch_operator_decorator.py
[2024-10-06T23:12:26.212+0000] {processor.py:829} INFO - Processing file /home/airflow/.local/lib/python3.8/site-packages/airflow/example_dags/example_branch_operator_decorator.py for tasks to queue
[2024-10-06T23:12:26.213+0000] {logging_mixin.py:154} INFO - [2024-10-06T23:12:26.212+0000] {dagbag.py:536} INFO - Filling up the DagBag from /home/airflow/.local/lib/python3.8/site-packages/airflow/example_dags/example_branch_operator_decorator.py
[2024-10-06T23:12:26.218+0000] {processor.py:839} INFO - DAG(s) dict_keys(['example_branch_python_operator_decorator']) retrieved from /home/airflow/.local/lib/python3.8/site-packages/airflow/example_dags/example_branch_operator_decorator.py
[2024-10-06T23:12:26.229+0000] {logging_mixin.py:154} INFO - [2024-10-06T23:12:26.228+0000] {dag.py:2941} INFO - Sync 1 DAGs
[2024-10-06T23:12:26.238+0000] {logging_mixin.py:154} INFO - [2024-10-06T23:12:26.238+0000] {dag.py:3722} INFO - Setting next_dagrun for example_branch_python_operator_decorator to 2024-10-05T00:00:00+00:00, run_after=2024-10-06T00:00:00+00:00
[2024-10-06T23:12:26.246+0000] {processor.py:179} INFO - Processing /home/airflow/.local/lib/python3.8/site-packages/airflow/example_dags/example_branch_operator_decorator.py took 0.036 seconds
[2024-10-06T23:12:56.725+0000] {processor.py:157} INFO - Started process (PID=28825) to work on /home/airflow/.local/lib/python3.8/site-packages/airflow/example_dags/example_branch_operator_decorator.py
[2024-10-06T23:12:56.725+0000] {processor.py:829} INFO - Processing file /home/airflow/.local/lib/python3.8/site-packages/airflow/example_dags/example_branch_operator_decorator.py for tasks to queue
[2024-10-06T23:12:56.726+0000] {logging_mixin.py:154} INFO - [2024-10-06T23:12:56.726+0000] {dagbag.py:536} INFO - Filling up the DagBag from /home/airflow/.local/lib/python3.8/site-packages/airflow/example_dags/example_branch_operator_decorator.py
[2024-10-06T23:12:56.731+0000] {processor.py:839} INFO - DAG(s) dict_keys(['example_branch_python_operator_decorator']) retrieved from /home/airflow/.local/lib/python3.8/site-packages/airflow/example_dags/example_branch_operator_decorator.py
[2024-10-06T23:12:56.740+0000] {logging_mixin.py:154} INFO - [2024-10-06T23:12:56.740+0000] {dag.py:2941} INFO - Sync 1 DAGs
[2024-10-06T23:12:56.749+0000] {logging_mixin.py:154} INFO - [2024-10-06T23:12:56.749+0000] {dag.py:3722} INFO - Setting next_dagrun for example_branch_python_operator_decorator to 2024-10-05T00:00:00+00:00, run_after=2024-10-06T00:00:00+00:00
[2024-10-06T23:12:56.755+0000] {processor.py:179} INFO - Processing /home/airflow/.local/lib/python3.8/site-packages/airflow/example_dags/example_branch_operator_decorator.py took 0.032 seconds
[2024-10-06T23:13:27.134+0000] {processor.py:157} INFO - Started process (PID=28879) to work on /home/airflow/.local/lib/python3.8/site-packages/airflow/example_dags/example_branch_operator_decorator.py
[2024-10-06T23:13:27.135+0000] {processor.py:829} INFO - Processing file /home/airflow/.local/lib/python3.8/site-packages/airflow/example_dags/example_branch_operator_decorator.py for tasks to queue
[2024-10-06T23:13:27.136+0000] {logging_mixin.py:154} INFO - [2024-10-06T23:13:27.136+0000] {dagbag.py:536} INFO - Filling up the DagBag from /home/airflow/.local/lib/python3.8/site-packages/airflow/example_dags/example_branch_operator_decorator.py
[2024-10-06T23:13:27.141+0000] {processor.py:839} INFO - DAG(s) dict_keys(['example_branch_python_operator_decorator']) retrieved from /home/airflow/.local/lib/python3.8/site-packages/airflow/example_dags/example_branch_operator_decorator.py
[2024-10-06T23:13:27.150+0000] {logging_mixin.py:154} INFO - [2024-10-06T23:13:27.150+0000] {dag.py:2941} INFO - Sync 1 DAGs
[2024-10-06T23:13:27.159+0000] {logging_mixin.py:154} INFO - [2024-10-06T23:13:27.159+0000] {dag.py:3722} INFO - Setting next_dagrun for example_branch_python_operator_decorator to 2024-10-05T00:00:00+00:00, run_after=2024-10-06T00:00:00+00:00
[2024-10-06T23:13:27.165+0000] {processor.py:179} INFO - Processing /home/airflow/.local/lib/python3.8/site-packages/airflow/example_dags/example_branch_operator_decorator.py took 0.032 seconds
[2024-10-06T23:13:57.642+0000] {processor.py:157} INFO - Started process (PID=28933) to work on /home/airflow/.local/lib/python3.8/site-packages/airflow/example_dags/example_branch_operator_decorator.py
[2024-10-06T23:13:57.643+0000] {processor.py:829} INFO - Processing file /home/airflow/.local/lib/python3.8/site-packages/airflow/example_dags/example_branch_operator_decorator.py for tasks to queue
[2024-10-06T23:13:57.644+0000] {logging_mixin.py:154} INFO - [2024-10-06T23:13:57.644+0000] {dagbag.py:536} INFO - Filling up the DagBag from /home/airflow/.local/lib/python3.8/site-packages/airflow/example_dags/example_branch_operator_decorator.py
[2024-10-06T23:13:57.649+0000] {processor.py:839} INFO - DAG(s) dict_keys(['example_branch_python_operator_decorator']) retrieved from /home/airflow/.local/lib/python3.8/site-packages/airflow/example_dags/example_branch_operator_decorator.py
[2024-10-06T23:13:57.659+0000] {logging_mixin.py:154} INFO - [2024-10-06T23:13:57.659+0000] {dag.py:2941} INFO - Sync 1 DAGs
[2024-10-06T23:13:57.668+0000] {logging_mixin.py:154} INFO - [2024-10-06T23:13:57.668+0000] {dag.py:3722} INFO - Setting next_dagrun for example_branch_python_operator_decorator to 2024-10-05T00:00:00+00:00, run_after=2024-10-06T00:00:00+00:00
[2024-10-06T23:13:57.676+0000] {processor.py:179} INFO - Processing /home/airflow/.local/lib/python3.8/site-packages/airflow/example_dags/example_branch_operator_decorator.py took 0.035 seconds
[2024-10-06T23:14:28.081+0000] {processor.py:157} INFO - Started process (PID=28987) to work on /home/airflow/.local/lib/python3.8/site-packages/airflow/example_dags/example_branch_operator_decorator.py
[2024-10-06T23:14:28.081+0000] {processor.py:829} INFO - Processing file /home/airflow/.local/lib/python3.8/site-packages/airflow/example_dags/example_branch_operator_decorator.py for tasks to queue
[2024-10-06T23:14:28.082+0000] {logging_mixin.py:154} INFO - [2024-10-06T23:14:28.082+0000] {dagbag.py:536} INFO - Filling up the DagBag from /home/airflow/.local/lib/python3.8/site-packages/airflow/example_dags/example_branch_operator_decorator.py
[2024-10-06T23:14:28.087+0000] {processor.py:839} INFO - DAG(s) dict_keys(['example_branch_python_operator_decorator']) retrieved from /home/airflow/.local/lib/python3.8/site-packages/airflow/example_dags/example_branch_operator_decorator.py
[2024-10-06T23:14:28.097+0000] {logging_mixin.py:154} INFO - [2024-10-06T23:14:28.097+0000] {dag.py:2941} INFO - Sync 1 DAGs
[2024-10-06T23:14:28.105+0000] {logging_mixin.py:154} INFO - [2024-10-06T23:14:28.105+0000] {dag.py:3722} INFO - Setting next_dagrun for example_branch_python_operator_decorator to 2024-10-05T00:00:00+00:00, run_after=2024-10-06T00:00:00+00:00
[2024-10-06T23:14:28.111+0000] {processor.py:179} INFO - Processing /home/airflow/.local/lib/python3.8/site-packages/airflow/example_dags/example_branch_operator_decorator.py took 0.032 seconds
[2024-10-06T23:14:58.562+0000] {processor.py:157} INFO - Started process (PID=29041) to work on /home/airflow/.local/lib/python3.8/site-packages/airflow/example_dags/example_branch_operator_decorator.py
[2024-10-06T23:14:58.563+0000] {processor.py:829} INFO - Processing file /home/airflow/.local/lib/python3.8/site-packages/airflow/example_dags/example_branch_operator_decorator.py for tasks to queue
[2024-10-06T23:14:58.564+0000] {logging_mixin.py:154} INFO - [2024-10-06T23:14:58.564+0000] {dagbag.py:536} INFO - Filling up the DagBag from /home/airflow/.local/lib/python3.8/site-packages/airflow/example_dags/example_branch_operator_decorator.py
[2024-10-06T23:14:58.569+0000] {processor.py:839} INFO - DAG(s) dict_keys(['example_branch_python_operator_decorator']) retrieved from /home/airflow/.local/lib/python3.8/site-packages/airflow/example_dags/example_branch_operator_decorator.py
[2024-10-06T23:14:58.578+0000] {logging_mixin.py:154} INFO - [2024-10-06T23:14:58.578+0000] {dag.py:2941} INFO - Sync 1 DAGs
[2024-10-06T23:14:58.587+0000] {logging_mixin.py:154} INFO - [2024-10-06T23:14:58.587+0000] {dag.py:3722} INFO - Setting next_dagrun for example_branch_python_operator_decorator to 2024-10-05T00:00:00+00:00, run_after=2024-10-06T00:00:00+00:00
[2024-10-06T23:14:58.593+0000] {processor.py:179} INFO - Processing /home/airflow/.local/lib/python3.8/site-packages/airflow/example_dags/example_branch_operator_decorator.py took 0.032 seconds
[2024-10-06T23:15:28.998+0000] {processor.py:157} INFO - Started process (PID=29095) to work on /home/airflow/.local/lib/python3.8/site-packages/airflow/example_dags/example_branch_operator_decorator.py
[2024-10-06T23:15:28.999+0000] {processor.py:829} INFO - Processing file /home/airflow/.local/lib/python3.8/site-packages/airflow/example_dags/example_branch_operator_decorator.py for tasks to queue
[2024-10-06T23:15:29.000+0000] {logging_mixin.py:154} INFO - [2024-10-06T23:15:29.000+0000] {dagbag.py:536} INFO - Filling up the DagBag from /home/airflow/.local/lib/python3.8/site-packages/airflow/example_dags/example_branch_operator_decorator.py
[2024-10-06T23:15:29.005+0000] {processor.py:839} INFO - DAG(s) dict_keys(['example_branch_python_operator_decorator']) retrieved from /home/airflow/.local/lib/python3.8/site-packages/airflow/example_dags/example_branch_operator_decorator.py
[2024-10-06T23:15:29.014+0000] {logging_mixin.py:154} INFO - [2024-10-06T23:15:29.014+0000] {dag.py:2941} INFO - Sync 1 DAGs
[2024-10-06T23:15:29.023+0000] {logging_mixin.py:154} INFO - [2024-10-06T23:15:29.022+0000] {dag.py:3722} INFO - Setting next_dagrun for example_branch_python_operator_decorator to 2024-10-05T00:00:00+00:00, run_after=2024-10-06T00:00:00+00:00
[2024-10-06T23:15:29.029+0000] {processor.py:179} INFO - Processing /home/airflow/.local/lib/python3.8/site-packages/airflow/example_dags/example_branch_operator_decorator.py took 0.032 seconds
[2024-10-06T23:54:56.600+0000] {processor.py:157} INFO - Started process (PID=29142) to work on /home/airflow/.local/lib/python3.8/site-packages/airflow/example_dags/example_branch_operator_decorator.py
[2024-10-06T23:54:56.601+0000] {processor.py:829} INFO - Processing file /home/airflow/.local/lib/python3.8/site-packages/airflow/example_dags/example_branch_operator_decorator.py for tasks to queue
[2024-10-06T23:54:56.602+0000] {logging_mixin.py:154} INFO - [2024-10-06T23:54:56.602+0000] {dagbag.py:536} INFO - Filling up the DagBag from /home/airflow/.local/lib/python3.8/site-packages/airflow/example_dags/example_branch_operator_decorator.py
[2024-10-06T23:54:56.609+0000] {processor.py:839} INFO - DAG(s) dict_keys(['example_branch_python_operator_decorator']) retrieved from /home/airflow/.local/lib/python3.8/site-packages/airflow/example_dags/example_branch_operator_decorator.py
[2024-10-06T23:54:56.630+0000] {logging_mixin.py:154} INFO - [2024-10-06T23:54:56.629+0000] {dag.py:2941} INFO - Sync 1 DAGs
[2024-10-06T23:54:56.650+0000] {logging_mixin.py:154} INFO - [2024-10-06T23:54:56.650+0000] {dag.py:3722} INFO - Setting next_dagrun for example_branch_python_operator_decorator to 2024-10-05T00:00:00+00:00, run_after=2024-10-06T00:00:00+00:00
[2024-10-06T23:54:56.668+0000] {processor.py:179} INFO - Processing /home/airflow/.local/lib/python3.8/site-packages/airflow/example_dags/example_branch_operator_decorator.py took 0.070 seconds
