[2024-10-06T00:48:01.478+0000] {processor.py:157} INFO - Started process (PID=25789) to work on /home/airflow/.local/lib/python3.8/site-packages/airflow/example_dags/example_short_circuit_decorator.py
[2024-10-06T00:48:01.478+0000] {processor.py:829} INFO - Processing file /home/airflow/.local/lib/python3.8/site-packages/airflow/example_dags/example_short_circuit_decorator.py for tasks to queue
[2024-10-06T00:48:01.479+0000] {logging_mixin.py:154} INFO - [2024-10-06T00:48:01.479+0000] {dagbag.py:536} INFO - Filling up the DagBag from /home/airflow/.local/lib/python3.8/site-packages/airflow/example_dags/example_short_circuit_decorator.py
[2024-10-06T00:48:01.484+0000] {processor.py:839} INFO - DAG(s) dict_keys(['example_short_circuit_decorator']) retrieved from /home/airflow/.local/lib/python3.8/site-packages/airflow/example_dags/example_short_circuit_decorator.py
[2024-10-06T00:48:01.494+0000] {logging_mixin.py:154} INFO - [2024-10-06T00:48:01.493+0000] {dag.py:2941} INFO - Sync 1 DAGs
[2024-10-06T00:48:01.503+0000] {logging_mixin.py:154} INFO - [2024-10-06T00:48:01.502+0000] {dag.py:3722} INFO - Setting next_dagrun for example_short_circuit_decorator to 2024-10-05T00:48:01.502849+00:00, run_after=2024-10-06T00:48:01.502849+00:00
[2024-10-06T00:48:01.509+0000] {processor.py:179} INFO - Processing /home/airflow/.local/lib/python3.8/site-packages/airflow/example_dags/example_short_circuit_decorator.py took 0.033 seconds
[2024-10-06T00:59:18.470+0000] {processor.py:157} INFO - Started process (PID=25843) to work on /home/airflow/.local/lib/python3.8/site-packages/airflow/example_dags/example_short_circuit_decorator.py
[2024-10-06T00:59:18.470+0000] {processor.py:829} INFO - Processing file /home/airflow/.local/lib/python3.8/site-packages/airflow/example_dags/example_short_circuit_decorator.py for tasks to queue
[2024-10-06T00:59:18.472+0000] {logging_mixin.py:154} INFO - [2024-10-06T00:59:18.472+0000] {dagbag.py:536} INFO - Filling up the DagBag from /home/airflow/.local/lib/python3.8/site-packages/airflow/example_dags/example_short_circuit_decorator.py
[2024-10-06T00:59:18.477+0000] {processor.py:839} INFO - DAG(s) dict_keys(['example_short_circuit_decorator']) retrieved from /home/airflow/.local/lib/python3.8/site-packages/airflow/example_dags/example_short_circuit_decorator.py
[2024-10-06T00:59:18.489+0000] {logging_mixin.py:154} INFO - [2024-10-06T00:59:18.489+0000] {dag.py:2941} INFO - Sync 1 DAGs
[2024-10-06T00:59:18.499+0000] {logging_mixin.py:154} INFO - [2024-10-06T00:59:18.499+0000] {dag.py:3722} INFO - Setting next_dagrun for example_short_circuit_decorator to 2024-10-05T00:59:18.499350+00:00, run_after=2024-10-06T00:59:18.499350+00:00
[2024-10-06T00:59:18.507+0000] {processor.py:179} INFO - Processing /home/airflow/.local/lib/python3.8/site-packages/airflow/example_dags/example_short_circuit_decorator.py took 0.039 seconds
[2024-10-06T02:12:19.518+0000] {processor.py:157} INFO - Started process (PID=25897) to work on /home/airflow/.local/lib/python3.8/site-packages/airflow/example_dags/example_short_circuit_decorator.py
[2024-10-06T02:12:19.518+0000] {processor.py:829} INFO - Processing file /home/airflow/.local/lib/python3.8/site-packages/airflow/example_dags/example_short_circuit_decorator.py for tasks to queue
[2024-10-06T02:12:19.519+0000] {logging_mixin.py:154} INFO - [2024-10-06T02:12:19.519+0000] {dagbag.py:536} INFO - Filling up the DagBag from /home/airflow/.local/lib/python3.8/site-packages/airflow/example_dags/example_short_circuit_decorator.py
[2024-10-06T02:12:19.523+0000] {processor.py:839} INFO - DAG(s) dict_keys(['example_short_circuit_decorator']) retrieved from /home/airflow/.local/lib/python3.8/site-packages/airflow/example_dags/example_short_circuit_decorator.py
[2024-10-06T02:12:19.532+0000] {logging_mixin.py:154} INFO - [2024-10-06T02:12:19.532+0000] {dag.py:2941} INFO - Sync 1 DAGs
[2024-10-06T02:12:19.539+0000] {logging_mixin.py:154} INFO - [2024-10-06T02:12:19.539+0000] {dag.py:3722} INFO - Setting next_dagrun for example_short_circuit_decorator to 2024-10-05T02:12:19.539684+00:00, run_after=2024-10-06T02:12:19.539684+00:00
[2024-10-06T02:12:19.545+0000] {processor.py:179} INFO - Processing /home/airflow/.local/lib/python3.8/site-packages/airflow/example_dags/example_short_circuit_decorator.py took 0.029 seconds
[2024-10-06T02:48:46.837+0000] {processor.py:157} INFO - Started process (PID=25951) to work on /home/airflow/.local/lib/python3.8/site-packages/airflow/example_dags/example_short_circuit_decorator.py
[2024-10-06T02:48:46.838+0000] {processor.py:829} INFO - Processing file /home/airflow/.local/lib/python3.8/site-packages/airflow/example_dags/example_short_circuit_decorator.py for tasks to queue
[2024-10-06T02:48:46.840+0000] {logging_mixin.py:154} INFO - [2024-10-06T02:48:46.839+0000] {dagbag.py:536} INFO - Filling up the DagBag from /home/airflow/.local/lib/python3.8/site-packages/airflow/example_dags/example_short_circuit_decorator.py
[2024-10-06T02:48:46.845+0000] {processor.py:839} INFO - DAG(s) dict_keys(['example_short_circuit_decorator']) retrieved from /home/airflow/.local/lib/python3.8/site-packages/airflow/example_dags/example_short_circuit_decorator.py
[2024-10-06T02:48:46.857+0000] {logging_mixin.py:154} INFO - [2024-10-06T02:48:46.857+0000] {dag.py:2941} INFO - Sync 1 DAGs
[2024-10-06T02:48:46.869+0000] {logging_mixin.py:154} INFO - [2024-10-06T02:48:46.869+0000] {dag.py:3722} INFO - Setting next_dagrun for example_short_circuit_decorator to 2024-10-05T02:48:46.868958+00:00, run_after=2024-10-06T02:48:46.868958+00:00
[2024-10-06T02:48:46.878+0000] {processor.py:179} INFO - Processing /home/airflow/.local/lib/python3.8/site-packages/airflow/example_dags/example_short_circuit_decorator.py took 0.042 seconds
[2024-10-06T03:19:22.338+0000] {processor.py:157} INFO - Started process (PID=26005) to work on /home/airflow/.local/lib/python3.8/site-packages/airflow/example_dags/example_short_circuit_decorator.py
[2024-10-06T03:19:22.338+0000] {processor.py:829} INFO - Processing file /home/airflow/.local/lib/python3.8/site-packages/airflow/example_dags/example_short_circuit_decorator.py for tasks to queue
[2024-10-06T03:19:22.340+0000] {logging_mixin.py:154} INFO - [2024-10-06T03:19:22.340+0000] {dagbag.py:536} INFO - Filling up the DagBag from /home/airflow/.local/lib/python3.8/site-packages/airflow/example_dags/example_short_circuit_decorator.py
[2024-10-06T03:19:22.345+0000] {processor.py:839} INFO - DAG(s) dict_keys(['example_short_circuit_decorator']) retrieved from /home/airflow/.local/lib/python3.8/site-packages/airflow/example_dags/example_short_circuit_decorator.py
[2024-10-06T03:19:22.357+0000] {logging_mixin.py:154} INFO - [2024-10-06T03:19:22.357+0000] {dag.py:2941} INFO - Sync 1 DAGs
[2024-10-06T03:19:22.368+0000] {logging_mixin.py:154} INFO - [2024-10-06T03:19:22.368+0000] {dag.py:3722} INFO - Setting next_dagrun for example_short_circuit_decorator to 2024-10-05T03:19:22.368109+00:00, run_after=2024-10-06T03:19:22.368109+00:00
[2024-10-06T03:19:22.377+0000] {processor.py:179} INFO - Processing /home/airflow/.local/lib/python3.8/site-packages/airflow/example_dags/example_short_circuit_decorator.py took 0.042 seconds
[2024-10-06T04:34:56.004+0000] {processor.py:157} INFO - Started process (PID=26059) to work on /home/airflow/.local/lib/python3.8/site-packages/airflow/example_dags/example_short_circuit_decorator.py
[2024-10-06T04:34:56.005+0000] {processor.py:829} INFO - Processing file /home/airflow/.local/lib/python3.8/site-packages/airflow/example_dags/example_short_circuit_decorator.py for tasks to queue
[2024-10-06T04:34:56.006+0000] {logging_mixin.py:154} INFO - [2024-10-06T04:34:56.006+0000] {dagbag.py:536} INFO - Filling up the DagBag from /home/airflow/.local/lib/python3.8/site-packages/airflow/example_dags/example_short_circuit_decorator.py
[2024-10-06T04:34:56.011+0000] {processor.py:839} INFO - DAG(s) dict_keys(['example_short_circuit_decorator']) retrieved from /home/airflow/.local/lib/python3.8/site-packages/airflow/example_dags/example_short_circuit_decorator.py
[2024-10-06T04:34:56.025+0000] {logging_mixin.py:154} INFO - [2024-10-06T04:34:56.025+0000] {dag.py:2941} INFO - Sync 1 DAGs
[2024-10-06T04:34:56.039+0000] {logging_mixin.py:154} INFO - [2024-10-06T04:34:56.039+0000] {dag.py:3722} INFO - Setting next_dagrun for example_short_circuit_decorator to 2024-10-05T04:34:56.039076+00:00, run_after=2024-10-06T04:34:56.039076+00:00
[2024-10-06T04:34:56.051+0000] {processor.py:179} INFO - Processing /home/airflow/.local/lib/python3.8/site-packages/airflow/example_dags/example_short_circuit_decorator.py took 0.049 seconds
[2024-10-06T05:54:00.797+0000] {processor.py:157} INFO - Started process (PID=26113) to work on /home/airflow/.local/lib/python3.8/site-packages/airflow/example_dags/example_short_circuit_decorator.py
[2024-10-06T05:54:00.797+0000] {processor.py:829} INFO - Processing file /home/airflow/.local/lib/python3.8/site-packages/airflow/example_dags/example_short_circuit_decorator.py for tasks to queue
[2024-10-06T05:54:00.798+0000] {logging_mixin.py:154} INFO - [2024-10-06T05:54:00.798+0000] {dagbag.py:536} INFO - Filling up the DagBag from /home/airflow/.local/lib/python3.8/site-packages/airflow/example_dags/example_short_circuit_decorator.py
[2024-10-06T05:54:00.803+0000] {processor.py:839} INFO - DAG(s) dict_keys(['example_short_circuit_decorator']) retrieved from /home/airflow/.local/lib/python3.8/site-packages/airflow/example_dags/example_short_circuit_decorator.py
[2024-10-06T05:54:00.812+0000] {logging_mixin.py:154} INFO - [2024-10-06T05:54:00.812+0000] {dag.py:2941} INFO - Sync 1 DAGs
[2024-10-06T05:54:00.821+0000] {logging_mixin.py:154} INFO - [2024-10-06T05:54:00.821+0000] {dag.py:3722} INFO - Setting next_dagrun for example_short_circuit_decorator to 2024-10-05T05:54:00.821118+00:00, run_after=2024-10-06T05:54:00.821118+00:00
[2024-10-06T05:54:00.827+0000] {processor.py:179} INFO - Processing /home/airflow/.local/lib/python3.8/site-packages/airflow/example_dags/example_short_circuit_decorator.py took 0.032 seconds
[2024-10-06T06:41:06.596+0000] {processor.py:157} INFO - Started process (PID=26167) to work on /home/airflow/.local/lib/python3.8/site-packages/airflow/example_dags/example_short_circuit_decorator.py
[2024-10-06T06:41:06.597+0000] {processor.py:829} INFO - Processing file /home/airflow/.local/lib/python3.8/site-packages/airflow/example_dags/example_short_circuit_decorator.py for tasks to queue
[2024-10-06T06:41:06.598+0000] {logging_mixin.py:154} INFO - [2024-10-06T06:41:06.598+0000] {dagbag.py:536} INFO - Filling up the DagBag from /home/airflow/.local/lib/python3.8/site-packages/airflow/example_dags/example_short_circuit_decorator.py
[2024-10-06T06:41:06.602+0000] {processor.py:839} INFO - DAG(s) dict_keys(['example_short_circuit_decorator']) retrieved from /home/airflow/.local/lib/python3.8/site-packages/airflow/example_dags/example_short_circuit_decorator.py
[2024-10-06T06:41:06.611+0000] {logging_mixin.py:154} INFO - [2024-10-06T06:41:06.611+0000] {dag.py:2941} INFO - Sync 1 DAGs
[2024-10-06T06:41:06.619+0000] {logging_mixin.py:154} INFO - [2024-10-06T06:41:06.619+0000] {dag.py:3722} INFO - Setting next_dagrun for example_short_circuit_decorator to 2024-10-05T06:41:06.619026+00:00, run_after=2024-10-06T06:41:06.619026+00:00
[2024-10-06T06:41:06.625+0000] {processor.py:179} INFO - Processing /home/airflow/.local/lib/python3.8/site-packages/airflow/example_dags/example_short_circuit_decorator.py took 0.030 seconds
[2024-10-06T08:19:29.192+0000] {processor.py:157} INFO - Started process (PID=26221) to work on /home/airflow/.local/lib/python3.8/site-packages/airflow/example_dags/example_short_circuit_decorator.py
[2024-10-06T08:19:29.193+0000] {processor.py:829} INFO - Processing file /home/airflow/.local/lib/python3.8/site-packages/airflow/example_dags/example_short_circuit_decorator.py for tasks to queue
[2024-10-06T08:19:29.194+0000] {logging_mixin.py:154} INFO - [2024-10-06T08:19:29.194+0000] {dagbag.py:536} INFO - Filling up the DagBag from /home/airflow/.local/lib/python3.8/site-packages/airflow/example_dags/example_short_circuit_decorator.py
[2024-10-06T08:19:29.199+0000] {processor.py:839} INFO - DAG(s) dict_keys(['example_short_circuit_decorator']) retrieved from /home/airflow/.local/lib/python3.8/site-packages/airflow/example_dags/example_short_circuit_decorator.py
[2024-10-06T08:19:29.212+0000] {logging_mixin.py:154} INFO - [2024-10-06T08:19:29.212+0000] {dag.py:2941} INFO - Sync 1 DAGs
[2024-10-06T08:19:29.222+0000] {logging_mixin.py:154} INFO - [2024-10-06T08:19:29.222+0000] {dag.py:3722} INFO - Setting next_dagrun for example_short_circuit_decorator to 2024-10-05T08:19:29.222737+00:00, run_after=2024-10-06T08:19:29.222737+00:00
[2024-10-06T08:19:29.232+0000] {processor.py:179} INFO - Processing /home/airflow/.local/lib/python3.8/site-packages/airflow/example_dags/example_short_circuit_decorator.py took 0.042 seconds
[2024-10-06T09:31:45.304+0000] {processor.py:157} INFO - Started process (PID=26275) to work on /home/airflow/.local/lib/python3.8/site-packages/airflow/example_dags/example_short_circuit_decorator.py
[2024-10-06T09:31:45.305+0000] {processor.py:829} INFO - Processing file /home/airflow/.local/lib/python3.8/site-packages/airflow/example_dags/example_short_circuit_decorator.py for tasks to queue
[2024-10-06T09:31:45.306+0000] {logging_mixin.py:154} INFO - [2024-10-06T09:31:45.306+0000] {dagbag.py:536} INFO - Filling up the DagBag from /home/airflow/.local/lib/python3.8/site-packages/airflow/example_dags/example_short_circuit_decorator.py
[2024-10-06T09:31:45.311+0000] {processor.py:839} INFO - DAG(s) dict_keys(['example_short_circuit_decorator']) retrieved from /home/airflow/.local/lib/python3.8/site-packages/airflow/example_dags/example_short_circuit_decorator.py
[2024-10-06T09:31:45.321+0000] {logging_mixin.py:154} INFO - [2024-10-06T09:31:45.320+0000] {dag.py:2941} INFO - Sync 1 DAGs
[2024-10-06T09:31:45.331+0000] {logging_mixin.py:154} INFO - [2024-10-06T09:31:45.331+0000] {dag.py:3722} INFO - Setting next_dagrun for example_short_circuit_decorator to 2024-10-05T09:31:45.331729+00:00, run_after=2024-10-06T09:31:45.331729+00:00
[2024-10-06T09:31:45.339+0000] {processor.py:179} INFO - Processing /home/airflow/.local/lib/python3.8/site-packages/airflow/example_dags/example_short_circuit_decorator.py took 0.036 seconds
[2024-10-06T10:45:25.008+0000] {processor.py:157} INFO - Started process (PID=26329) to work on /home/airflow/.local/lib/python3.8/site-packages/airflow/example_dags/example_short_circuit_decorator.py
[2024-10-06T10:45:25.009+0000] {processor.py:829} INFO - Processing file /home/airflow/.local/lib/python3.8/site-packages/airflow/example_dags/example_short_circuit_decorator.py for tasks to queue
[2024-10-06T10:45:25.011+0000] {logging_mixin.py:154} INFO - [2024-10-06T10:45:25.011+0000] {dagbag.py:536} INFO - Filling up the DagBag from /home/airflow/.local/lib/python3.8/site-packages/airflow/example_dags/example_short_circuit_decorator.py
[2024-10-06T10:45:25.016+0000] {processor.py:839} INFO - DAG(s) dict_keys(['example_short_circuit_decorator']) retrieved from /home/airflow/.local/lib/python3.8/site-packages/airflow/example_dags/example_short_circuit_decorator.py
[2024-10-06T10:45:25.030+0000] {logging_mixin.py:154} INFO - [2024-10-06T10:45:25.030+0000] {dag.py:2941} INFO - Sync 1 DAGs
[2024-10-06T10:45:25.043+0000] {logging_mixin.py:154} INFO - [2024-10-06T10:45:25.042+0000] {dag.py:3722} INFO - Setting next_dagrun for example_short_circuit_decorator to 2024-10-05T10:45:25.042796+00:00, run_after=2024-10-06T10:45:25.042796+00:00
[2024-10-06T10:45:25.053+0000] {processor.py:179} INFO - Processing /home/airflow/.local/lib/python3.8/site-packages/airflow/example_dags/example_short_circuit_decorator.py took 0.047 seconds
[2024-10-06T11:46:25.543+0000] {processor.py:157} INFO - Started process (PID=26383) to work on /home/airflow/.local/lib/python3.8/site-packages/airflow/example_dags/example_short_circuit_decorator.py
[2024-10-06T11:46:25.544+0000] {processor.py:829} INFO - Processing file /home/airflow/.local/lib/python3.8/site-packages/airflow/example_dags/example_short_circuit_decorator.py for tasks to queue
[2024-10-06T11:46:25.546+0000] {logging_mixin.py:154} INFO - [2024-10-06T11:46:25.546+0000] {dagbag.py:536} INFO - Filling up the DagBag from /home/airflow/.local/lib/python3.8/site-packages/airflow/example_dags/example_short_circuit_decorator.py
[2024-10-06T11:46:25.556+0000] {processor.py:839} INFO - DAG(s) dict_keys(['example_short_circuit_decorator']) retrieved from /home/airflow/.local/lib/python3.8/site-packages/airflow/example_dags/example_short_circuit_decorator.py
[2024-10-06T11:46:25.575+0000] {logging_mixin.py:154} INFO - [2024-10-06T11:46:25.574+0000] {dag.py:2941} INFO - Sync 1 DAGs
[2024-10-06T11:46:25.587+0000] {logging_mixin.py:154} INFO - [2024-10-06T11:46:25.587+0000] {dag.py:3722} INFO - Setting next_dagrun for example_short_circuit_decorator to 2024-10-05T11:46:25.587631+00:00, run_after=2024-10-06T11:46:25.587631+00:00
[2024-10-06T11:46:25.597+0000] {processor.py:179} INFO - Processing /home/airflow/.local/lib/python3.8/site-packages/airflow/example_dags/example_short_circuit_decorator.py took 0.059 seconds
[2024-10-06T12:33:57.135+0000] {processor.py:157} INFO - Started process (PID=26437) to work on /home/airflow/.local/lib/python3.8/site-packages/airflow/example_dags/example_short_circuit_decorator.py
[2024-10-06T12:33:57.135+0000] {processor.py:829} INFO - Processing file /home/airflow/.local/lib/python3.8/site-packages/airflow/example_dags/example_short_circuit_decorator.py for tasks to queue
[2024-10-06T12:33:57.137+0000] {logging_mixin.py:154} INFO - [2024-10-06T12:33:57.137+0000] {dagbag.py:536} INFO - Filling up the DagBag from /home/airflow/.local/lib/python3.8/site-packages/airflow/example_dags/example_short_circuit_decorator.py
[2024-10-06T12:33:57.143+0000] {processor.py:839} INFO - DAG(s) dict_keys(['example_short_circuit_decorator']) retrieved from /home/airflow/.local/lib/python3.8/site-packages/airflow/example_dags/example_short_circuit_decorator.py
[2024-10-06T12:33:57.158+0000] {logging_mixin.py:154} INFO - [2024-10-06T12:33:57.158+0000] {dag.py:2941} INFO - Sync 1 DAGs
[2024-10-06T12:33:57.171+0000] {logging_mixin.py:154} INFO - [2024-10-06T12:33:57.171+0000] {dag.py:3722} INFO - Setting next_dagrun for example_short_circuit_decorator to 2024-10-05T12:33:57.171653+00:00, run_after=2024-10-06T12:33:57.171653+00:00
[2024-10-06T12:33:57.181+0000] {processor.py:179} INFO - Processing /home/airflow/.local/lib/python3.8/site-packages/airflow/example_dags/example_short_circuit_decorator.py took 0.048 seconds
[2024-10-06T13:17:27.735+0000] {processor.py:157} INFO - Started process (PID=26491) to work on /home/airflow/.local/lib/python3.8/site-packages/airflow/example_dags/example_short_circuit_decorator.py
[2024-10-06T13:17:27.736+0000] {processor.py:829} INFO - Processing file /home/airflow/.local/lib/python3.8/site-packages/airflow/example_dags/example_short_circuit_decorator.py for tasks to queue
[2024-10-06T13:17:27.738+0000] {logging_mixin.py:154} INFO - [2024-10-06T13:17:27.738+0000] {dagbag.py:536} INFO - Filling up the DagBag from /home/airflow/.local/lib/python3.8/site-packages/airflow/example_dags/example_short_circuit_decorator.py
[2024-10-06T13:17:27.743+0000] {processor.py:839} INFO - DAG(s) dict_keys(['example_short_circuit_decorator']) retrieved from /home/airflow/.local/lib/python3.8/site-packages/airflow/example_dags/example_short_circuit_decorator.py
[2024-10-06T13:17:27.757+0000] {logging_mixin.py:154} INFO - [2024-10-06T13:17:27.756+0000] {dag.py:2941} INFO - Sync 1 DAGs
[2024-10-06T13:17:27.769+0000] {logging_mixin.py:154} INFO - [2024-10-06T13:17:27.768+0000] {dag.py:3722} INFO - Setting next_dagrun for example_short_circuit_decorator to 2024-10-05T13:17:27.768752+00:00, run_after=2024-10-06T13:17:27.768752+00:00
[2024-10-06T13:17:27.778+0000] {processor.py:179} INFO - Processing /home/airflow/.local/lib/python3.8/site-packages/airflow/example_dags/example_short_circuit_decorator.py took 0.045 seconds
[2024-10-06T14:49:26.186+0000] {processor.py:157} INFO - Started process (PID=26545) to work on /home/airflow/.local/lib/python3.8/site-packages/airflow/example_dags/example_short_circuit_decorator.py
[2024-10-06T14:49:26.187+0000] {processor.py:829} INFO - Processing file /home/airflow/.local/lib/python3.8/site-packages/airflow/example_dags/example_short_circuit_decorator.py for tasks to queue
[2024-10-06T14:49:26.189+0000] {logging_mixin.py:154} INFO - [2024-10-06T14:49:26.188+0000] {dagbag.py:536} INFO - Filling up the DagBag from /home/airflow/.local/lib/python3.8/site-packages/airflow/example_dags/example_short_circuit_decorator.py
[2024-10-06T14:49:26.194+0000] {processor.py:839} INFO - DAG(s) dict_keys(['example_short_circuit_decorator']) retrieved from /home/airflow/.local/lib/python3.8/site-packages/airflow/example_dags/example_short_circuit_decorator.py
[2024-10-06T14:49:26.208+0000] {logging_mixin.py:154} INFO - [2024-10-06T14:49:26.207+0000] {dag.py:2941} INFO - Sync 1 DAGs
[2024-10-06T14:49:26.222+0000] {logging_mixin.py:154} INFO - [2024-10-06T14:49:26.221+0000] {dag.py:3722} INFO - Setting next_dagrun for example_short_circuit_decorator to 2024-10-05T14:49:26.221757+00:00, run_after=2024-10-06T14:49:26.221757+00:00
[2024-10-06T14:49:26.232+0000] {processor.py:179} INFO - Processing /home/airflow/.local/lib/python3.8/site-packages/airflow/example_dags/example_short_circuit_decorator.py took 0.048 seconds
[2024-10-06T15:50:30.360+0000] {processor.py:157} INFO - Started process (PID=26599) to work on /home/airflow/.local/lib/python3.8/site-packages/airflow/example_dags/example_short_circuit_decorator.py
[2024-10-06T15:50:30.360+0000] {processor.py:829} INFO - Processing file /home/airflow/.local/lib/python3.8/site-packages/airflow/example_dags/example_short_circuit_decorator.py for tasks to queue
[2024-10-06T15:50:30.362+0000] {logging_mixin.py:154} INFO - [2024-10-06T15:50:30.362+0000] {dagbag.py:536} INFO - Filling up the DagBag from /home/airflow/.local/lib/python3.8/site-packages/airflow/example_dags/example_short_circuit_decorator.py
[2024-10-06T15:50:30.367+0000] {processor.py:839} INFO - DAG(s) dict_keys(['example_short_circuit_decorator']) retrieved from /home/airflow/.local/lib/python3.8/site-packages/airflow/example_dags/example_short_circuit_decorator.py
[2024-10-06T15:50:30.381+0000] {logging_mixin.py:154} INFO - [2024-10-06T15:50:30.380+0000] {dag.py:2941} INFO - Sync 1 DAGs
[2024-10-06T15:50:30.393+0000] {logging_mixin.py:154} INFO - [2024-10-06T15:50:30.393+0000] {dag.py:3722} INFO - Setting next_dagrun for example_short_circuit_decorator to 2024-10-05T15:50:30.392899+00:00, run_after=2024-10-06T15:50:30.392899+00:00
[2024-10-06T15:50:30.403+0000] {processor.py:179} INFO - Processing /home/airflow/.local/lib/python3.8/site-packages/airflow/example_dags/example_short_circuit_decorator.py took 0.045 seconds
[2024-10-06T16:11:23.437+0000] {processor.py:157} INFO - Started process (PID=26653) to work on /home/airflow/.local/lib/python3.8/site-packages/airflow/example_dags/example_short_circuit_decorator.py
[2024-10-06T16:11:23.439+0000] {processor.py:829} INFO - Processing file /home/airflow/.local/lib/python3.8/site-packages/airflow/example_dags/example_short_circuit_decorator.py for tasks to queue
[2024-10-06T16:11:23.443+0000] {logging_mixin.py:154} INFO - [2024-10-06T16:11:23.443+0000] {dagbag.py:536} INFO - Filling up the DagBag from /home/airflow/.local/lib/python3.8/site-packages/airflow/example_dags/example_short_circuit_decorator.py
[2024-10-06T16:11:23.450+0000] {processor.py:839} INFO - DAG(s) dict_keys(['example_short_circuit_decorator']) retrieved from /home/airflow/.local/lib/python3.8/site-packages/airflow/example_dags/example_short_circuit_decorator.py
[2024-10-06T16:11:23.465+0000] {logging_mixin.py:154} INFO - [2024-10-06T16:11:23.464+0000] {dag.py:2941} INFO - Sync 1 DAGs
[2024-10-06T16:11:23.478+0000] {logging_mixin.py:154} INFO - [2024-10-06T16:11:23.478+0000] {dag.py:3722} INFO - Setting next_dagrun for example_short_circuit_decorator to 2024-10-05T16:11:23.477977+00:00, run_after=2024-10-06T16:11:23.477977+00:00
[2024-10-06T16:11:23.489+0000] {processor.py:179} INFO - Processing /home/airflow/.local/lib/python3.8/site-packages/airflow/example_dags/example_short_circuit_decorator.py took 0.054 seconds
[2024-10-06T16:17:00.344+0000] {processor.py:157} INFO - Started process (PID=26707) to work on /home/airflow/.local/lib/python3.8/site-packages/airflow/example_dags/example_short_circuit_decorator.py
[2024-10-06T16:17:00.345+0000] {processor.py:829} INFO - Processing file /home/airflow/.local/lib/python3.8/site-packages/airflow/example_dags/example_short_circuit_decorator.py for tasks to queue
[2024-10-06T16:17:00.347+0000] {logging_mixin.py:154} INFO - [2024-10-06T16:17:00.346+0000] {dagbag.py:536} INFO - Filling up the DagBag from /home/airflow/.local/lib/python3.8/site-packages/airflow/example_dags/example_short_circuit_decorator.py
[2024-10-06T16:17:00.352+0000] {processor.py:839} INFO - DAG(s) dict_keys(['example_short_circuit_decorator']) retrieved from /home/airflow/.local/lib/python3.8/site-packages/airflow/example_dags/example_short_circuit_decorator.py
[2024-10-06T16:17:00.366+0000] {logging_mixin.py:154} INFO - [2024-10-06T16:17:00.366+0000] {dag.py:2941} INFO - Sync 1 DAGs
[2024-10-06T16:17:00.379+0000] {logging_mixin.py:154} INFO - [2024-10-06T16:17:00.379+0000] {dag.py:3722} INFO - Setting next_dagrun for example_short_circuit_decorator to 2024-10-05T16:17:00.379393+00:00, run_after=2024-10-06T16:17:00.379393+00:00
[2024-10-06T16:17:00.390+0000] {processor.py:179} INFO - Processing /home/airflow/.local/lib/python3.8/site-packages/airflow/example_dags/example_short_circuit_decorator.py took 0.049 seconds
[2024-10-06T17:25:37.233+0000] {processor.py:157} INFO - Started process (PID=26761) to work on /home/airflow/.local/lib/python3.8/site-packages/airflow/example_dags/example_short_circuit_decorator.py
[2024-10-06T17:25:37.234+0000] {processor.py:829} INFO - Processing file /home/airflow/.local/lib/python3.8/site-packages/airflow/example_dags/example_short_circuit_decorator.py for tasks to queue
[2024-10-06T17:25:37.235+0000] {logging_mixin.py:154} INFO - [2024-10-06T17:25:37.235+0000] {dagbag.py:536} INFO - Filling up the DagBag from /home/airflow/.local/lib/python3.8/site-packages/airflow/example_dags/example_short_circuit_decorator.py
[2024-10-06T17:25:37.241+0000] {processor.py:839} INFO - DAG(s) dict_keys(['example_short_circuit_decorator']) retrieved from /home/airflow/.local/lib/python3.8/site-packages/airflow/example_dags/example_short_circuit_decorator.py
[2024-10-06T17:25:37.255+0000] {logging_mixin.py:154} INFO - [2024-10-06T17:25:37.255+0000] {dag.py:2941} INFO - Sync 1 DAGs
[2024-10-06T17:25:37.267+0000] {logging_mixin.py:154} INFO - [2024-10-06T17:25:37.267+0000] {dag.py:3722} INFO - Setting next_dagrun for example_short_circuit_decorator to 2024-10-05T17:25:37.267321+00:00, run_after=2024-10-06T17:25:37.267321+00:00
[2024-10-06T17:25:37.278+0000] {processor.py:179} INFO - Processing /home/airflow/.local/lib/python3.8/site-packages/airflow/example_dags/example_short_circuit_decorator.py took 0.046 seconds
[2024-10-06T17:48:09.628+0000] {processor.py:157} INFO - Started process (PID=26815) to work on /home/airflow/.local/lib/python3.8/site-packages/airflow/example_dags/example_short_circuit_decorator.py
[2024-10-06T17:48:09.629+0000] {processor.py:829} INFO - Processing file /home/airflow/.local/lib/python3.8/site-packages/airflow/example_dags/example_short_circuit_decorator.py for tasks to queue
[2024-10-06T17:48:09.631+0000] {logging_mixin.py:154} INFO - [2024-10-06T17:48:09.630+0000] {dagbag.py:536} INFO - Filling up the DagBag from /home/airflow/.local/lib/python3.8/site-packages/airflow/example_dags/example_short_circuit_decorator.py
[2024-10-06T17:48:09.637+0000] {processor.py:839} INFO - DAG(s) dict_keys(['example_short_circuit_decorator']) retrieved from /home/airflow/.local/lib/python3.8/site-packages/airflow/example_dags/example_short_circuit_decorator.py
[2024-10-06T17:48:09.650+0000] {logging_mixin.py:154} INFO - [2024-10-06T17:48:09.650+0000] {dag.py:2941} INFO - Sync 1 DAGs
[2024-10-06T17:48:09.663+0000] {logging_mixin.py:154} INFO - [2024-10-06T17:48:09.663+0000] {dag.py:3722} INFO - Setting next_dagrun for example_short_circuit_decorator to 2024-10-05T17:48:09.662929+00:00, run_after=2024-10-06T17:48:09.662929+00:00
[2024-10-06T17:48:09.674+0000] {processor.py:179} INFO - Processing /home/airflow/.local/lib/python3.8/site-packages/airflow/example_dags/example_short_circuit_decorator.py took 0.048 seconds
[2024-10-06T18:17:57.953+0000] {processor.py:157} INFO - Started process (PID=26869) to work on /home/airflow/.local/lib/python3.8/site-packages/airflow/example_dags/example_short_circuit_decorator.py
[2024-10-06T18:17:57.954+0000] {processor.py:829} INFO - Processing file /home/airflow/.local/lib/python3.8/site-packages/airflow/example_dags/example_short_circuit_decorator.py for tasks to queue
[2024-10-06T18:17:57.955+0000] {logging_mixin.py:154} INFO - [2024-10-06T18:17:57.955+0000] {dagbag.py:536} INFO - Filling up the DagBag from /home/airflow/.local/lib/python3.8/site-packages/airflow/example_dags/example_short_circuit_decorator.py
[2024-10-06T18:17:57.959+0000] {processor.py:839} INFO - DAG(s) dict_keys(['example_short_circuit_decorator']) retrieved from /home/airflow/.local/lib/python3.8/site-packages/airflow/example_dags/example_short_circuit_decorator.py
[2024-10-06T18:17:57.968+0000] {logging_mixin.py:154} INFO - [2024-10-06T18:17:57.968+0000] {dag.py:2941} INFO - Sync 1 DAGs
[2024-10-06T18:17:57.977+0000] {logging_mixin.py:154} INFO - [2024-10-06T18:17:57.977+0000] {dag.py:3722} INFO - Setting next_dagrun for example_short_circuit_decorator to 2024-10-05T18:17:57.977225+00:00, run_after=2024-10-06T18:17:57.977225+00:00
[2024-10-06T18:17:57.983+0000] {processor.py:179} INFO - Processing /home/airflow/.local/lib/python3.8/site-packages/airflow/example_dags/example_short_circuit_decorator.py took 0.031 seconds
[2024-10-06T19:43:22.507+0000] {processor.py:157} INFO - Started process (PID=26923) to work on /home/airflow/.local/lib/python3.8/site-packages/airflow/example_dags/example_short_circuit_decorator.py
[2024-10-06T19:43:22.508+0000] {processor.py:829} INFO - Processing file /home/airflow/.local/lib/python3.8/site-packages/airflow/example_dags/example_short_circuit_decorator.py for tasks to queue
[2024-10-06T19:43:22.510+0000] {logging_mixin.py:154} INFO - [2024-10-06T19:43:22.510+0000] {dagbag.py:536} INFO - Filling up the DagBag from /home/airflow/.local/lib/python3.8/site-packages/airflow/example_dags/example_short_circuit_decorator.py
[2024-10-06T19:43:22.515+0000] {processor.py:839} INFO - DAG(s) dict_keys(['example_short_circuit_decorator']) retrieved from /home/airflow/.local/lib/python3.8/site-packages/airflow/example_dags/example_short_circuit_decorator.py
[2024-10-06T19:43:22.529+0000] {logging_mixin.py:154} INFO - [2024-10-06T19:43:22.528+0000] {dag.py:2941} INFO - Sync 1 DAGs
[2024-10-06T19:43:22.539+0000] {logging_mixin.py:154} INFO - [2024-10-06T19:43:22.539+0000] {dag.py:3722} INFO - Setting next_dagrun for example_short_circuit_decorator to 2024-10-05T19:43:22.539582+00:00, run_after=2024-10-06T19:43:22.539582+00:00
[2024-10-06T19:43:22.551+0000] {processor.py:179} INFO - Processing /home/airflow/.local/lib/python3.8/site-packages/airflow/example_dags/example_short_circuit_decorator.py took 0.046 seconds
[2024-10-06T20:31:09.669+0000] {processor.py:157} INFO - Started process (PID=26977) to work on /home/airflow/.local/lib/python3.8/site-packages/airflow/example_dags/example_short_circuit_decorator.py
[2024-10-06T20:31:09.670+0000] {processor.py:829} INFO - Processing file /home/airflow/.local/lib/python3.8/site-packages/airflow/example_dags/example_short_circuit_decorator.py for tasks to queue
[2024-10-06T20:31:09.671+0000] {logging_mixin.py:154} INFO - [2024-10-06T20:31:09.671+0000] {dagbag.py:536} INFO - Filling up the DagBag from /home/airflow/.local/lib/python3.8/site-packages/airflow/example_dags/example_short_circuit_decorator.py
[2024-10-06T20:31:09.675+0000] {processor.py:839} INFO - DAG(s) dict_keys(['example_short_circuit_decorator']) retrieved from /home/airflow/.local/lib/python3.8/site-packages/airflow/example_dags/example_short_circuit_decorator.py
[2024-10-06T20:31:09.684+0000] {logging_mixin.py:154} INFO - [2024-10-06T20:31:09.684+0000] {dag.py:2941} INFO - Sync 1 DAGs
[2024-10-06T20:31:09.693+0000] {logging_mixin.py:154} INFO - [2024-10-06T20:31:09.693+0000] {dag.py:3722} INFO - Setting next_dagrun for example_short_circuit_decorator to 2024-10-05T20:31:09.693040+00:00, run_after=2024-10-06T20:31:09.693040+00:00
[2024-10-06T20:31:09.700+0000] {processor.py:179} INFO - Processing /home/airflow/.local/lib/python3.8/site-packages/airflow/example_dags/example_short_circuit_decorator.py took 0.032 seconds
[2024-10-06T20:40:14.591+0000] {processor.py:157} INFO - Started process (PID=27031) to work on /home/airflow/.local/lib/python3.8/site-packages/airflow/example_dags/example_short_circuit_decorator.py
[2024-10-06T20:40:14.592+0000] {processor.py:829} INFO - Processing file /home/airflow/.local/lib/python3.8/site-packages/airflow/example_dags/example_short_circuit_decorator.py for tasks to queue
[2024-10-06T20:40:14.593+0000] {logging_mixin.py:154} INFO - [2024-10-06T20:40:14.593+0000] {dagbag.py:536} INFO - Filling up the DagBag from /home/airflow/.local/lib/python3.8/site-packages/airflow/example_dags/example_short_circuit_decorator.py
[2024-10-06T20:40:14.597+0000] {processor.py:839} INFO - DAG(s) dict_keys(['example_short_circuit_decorator']) retrieved from /home/airflow/.local/lib/python3.8/site-packages/airflow/example_dags/example_short_circuit_decorator.py
[2024-10-06T20:40:14.606+0000] {logging_mixin.py:154} INFO - [2024-10-06T20:40:14.606+0000] {dag.py:2941} INFO - Sync 1 DAGs
[2024-10-06T20:40:14.614+0000] {logging_mixin.py:154} INFO - [2024-10-06T20:40:14.614+0000] {dag.py:3722} INFO - Setting next_dagrun for example_short_circuit_decorator to 2024-10-05T20:40:14.614236+00:00, run_after=2024-10-06T20:40:14.614236+00:00
[2024-10-06T20:40:14.620+0000] {processor.py:179} INFO - Processing /home/airflow/.local/lib/python3.8/site-packages/airflow/example_dags/example_short_circuit_decorator.py took 0.030 seconds
[2024-10-06T20:43:24.955+0000] {processor.py:157} INFO - Started process (PID=27085) to work on /home/airflow/.local/lib/python3.8/site-packages/airflow/example_dags/example_short_circuit_decorator.py
[2024-10-06T20:43:24.956+0000] {processor.py:829} INFO - Processing file /home/airflow/.local/lib/python3.8/site-packages/airflow/example_dags/example_short_circuit_decorator.py for tasks to queue
[2024-10-06T20:43:24.957+0000] {logging_mixin.py:154} INFO - [2024-10-06T20:43:24.957+0000] {dagbag.py:536} INFO - Filling up the DagBag from /home/airflow/.local/lib/python3.8/site-packages/airflow/example_dags/example_short_circuit_decorator.py
[2024-10-06T20:43:24.960+0000] {processor.py:839} INFO - DAG(s) dict_keys(['example_short_circuit_decorator']) retrieved from /home/airflow/.local/lib/python3.8/site-packages/airflow/example_dags/example_short_circuit_decorator.py
[2024-10-06T20:43:24.969+0000] {logging_mixin.py:154} INFO - [2024-10-06T20:43:24.969+0000] {dag.py:2941} INFO - Sync 1 DAGs
[2024-10-06T20:43:24.977+0000] {logging_mixin.py:154} INFO - [2024-10-06T20:43:24.977+0000] {dag.py:3722} INFO - Setting next_dagrun for example_short_circuit_decorator to 2024-10-05T20:43:24.977013+00:00, run_after=2024-10-06T20:43:24.977013+00:00
[2024-10-06T20:43:24.983+0000] {processor.py:179} INFO - Processing /home/airflow/.local/lib/python3.8/site-packages/airflow/example_dags/example_short_circuit_decorator.py took 0.029 seconds
[2024-10-06T21:12:03.172+0000] {processor.py:157} INFO - Started process (PID=27139) to work on /home/airflow/.local/lib/python3.8/site-packages/airflow/example_dags/example_short_circuit_decorator.py
[2024-10-06T21:12:03.173+0000] {processor.py:829} INFO - Processing file /home/airflow/.local/lib/python3.8/site-packages/airflow/example_dags/example_short_circuit_decorator.py for tasks to queue
[2024-10-06T21:12:03.175+0000] {logging_mixin.py:154} INFO - [2024-10-06T21:12:03.174+0000] {dagbag.py:536} INFO - Filling up the DagBag from /home/airflow/.local/lib/python3.8/site-packages/airflow/example_dags/example_short_circuit_decorator.py
[2024-10-06T21:12:03.180+0000] {processor.py:839} INFO - DAG(s) dict_keys(['example_short_circuit_decorator']) retrieved from /home/airflow/.local/lib/python3.8/site-packages/airflow/example_dags/example_short_circuit_decorator.py
[2024-10-06T21:12:03.193+0000] {logging_mixin.py:154} INFO - [2024-10-06T21:12:03.193+0000] {dag.py:2941} INFO - Sync 1 DAGs
[2024-10-06T21:12:03.204+0000] {logging_mixin.py:154} INFO - [2024-10-06T21:12:03.204+0000] {dag.py:3722} INFO - Setting next_dagrun for example_short_circuit_decorator to 2024-10-05T21:12:03.204272+00:00, run_after=2024-10-06T21:12:03.204272+00:00
[2024-10-06T21:12:03.216+0000] {processor.py:179} INFO - Processing /home/airflow/.local/lib/python3.8/site-packages/airflow/example_dags/example_short_circuit_decorator.py took 0.046 seconds
[2024-10-06T21:13:26.008+0000] {processor.py:157} INFO - Started process (PID=27193) to work on /home/airflow/.local/lib/python3.8/site-packages/airflow/example_dags/example_short_circuit_decorator.py
[2024-10-06T21:13:26.009+0000] {processor.py:829} INFO - Processing file /home/airflow/.local/lib/python3.8/site-packages/airflow/example_dags/example_short_circuit_decorator.py for tasks to queue
[2024-10-06T21:13:26.010+0000] {logging_mixin.py:154} INFO - [2024-10-06T21:13:26.010+0000] {dagbag.py:536} INFO - Filling up the DagBag from /home/airflow/.local/lib/python3.8/site-packages/airflow/example_dags/example_short_circuit_decorator.py
[2024-10-06T21:13:26.013+0000] {processor.py:839} INFO - DAG(s) dict_keys(['example_short_circuit_decorator']) retrieved from /home/airflow/.local/lib/python3.8/site-packages/airflow/example_dags/example_short_circuit_decorator.py
[2024-10-06T21:13:26.022+0000] {logging_mixin.py:154} INFO - [2024-10-06T21:13:26.022+0000] {dag.py:2941} INFO - Sync 1 DAGs
[2024-10-06T21:13:26.030+0000] {logging_mixin.py:154} INFO - [2024-10-06T21:13:26.030+0000] {dag.py:3722} INFO - Setting next_dagrun for example_short_circuit_decorator to 2024-10-05T21:13:26.029936+00:00, run_after=2024-10-06T21:13:26.029936+00:00
[2024-10-06T21:13:26.036+0000] {processor.py:179} INFO - Processing /home/airflow/.local/lib/python3.8/site-packages/airflow/example_dags/example_short_circuit_decorator.py took 0.029 seconds
[2024-10-06T21:24:00.119+0000] {processor.py:157} INFO - Started process (PID=27247) to work on /home/airflow/.local/lib/python3.8/site-packages/airflow/example_dags/example_short_circuit_decorator.py
[2024-10-06T21:24:00.120+0000] {processor.py:829} INFO - Processing file /home/airflow/.local/lib/python3.8/site-packages/airflow/example_dags/example_short_circuit_decorator.py for tasks to queue
[2024-10-06T21:24:00.121+0000] {logging_mixin.py:154} INFO - [2024-10-06T21:24:00.121+0000] {dagbag.py:536} INFO - Filling up the DagBag from /home/airflow/.local/lib/python3.8/site-packages/airflow/example_dags/example_short_circuit_decorator.py
[2024-10-06T21:24:00.125+0000] {processor.py:839} INFO - DAG(s) dict_keys(['example_short_circuit_decorator']) retrieved from /home/airflow/.local/lib/python3.8/site-packages/airflow/example_dags/example_short_circuit_decorator.py
[2024-10-06T21:24:00.133+0000] {logging_mixin.py:154} INFO - [2024-10-06T21:24:00.133+0000] {dag.py:2941} INFO - Sync 1 DAGs
[2024-10-06T21:24:00.141+0000] {logging_mixin.py:154} INFO - [2024-10-06T21:24:00.141+0000] {dag.py:3722} INFO - Setting next_dagrun for example_short_circuit_decorator to 2024-10-05T21:24:00.141528+00:00, run_after=2024-10-06T21:24:00.141528+00:00
[2024-10-06T21:24:00.148+0000] {processor.py:179} INFO - Processing /home/airflow/.local/lib/python3.8/site-packages/airflow/example_dags/example_short_circuit_decorator.py took 0.030 seconds
[2024-10-06T22:02:21.821+0000] {processor.py:157} INFO - Started process (PID=27301) to work on /home/airflow/.local/lib/python3.8/site-packages/airflow/example_dags/example_short_circuit_decorator.py
[2024-10-06T22:02:21.822+0000] {processor.py:829} INFO - Processing file /home/airflow/.local/lib/python3.8/site-packages/airflow/example_dags/example_short_circuit_decorator.py for tasks to queue
[2024-10-06T22:02:21.823+0000] {logging_mixin.py:154} INFO - [2024-10-06T22:02:21.823+0000] {dagbag.py:536} INFO - Filling up the DagBag from /home/airflow/.local/lib/python3.8/site-packages/airflow/example_dags/example_short_circuit_decorator.py
[2024-10-06T22:02:21.827+0000] {processor.py:839} INFO - DAG(s) dict_keys(['example_short_circuit_decorator']) retrieved from /home/airflow/.local/lib/python3.8/site-packages/airflow/example_dags/example_short_circuit_decorator.py
[2024-10-06T22:02:21.837+0000] {logging_mixin.py:154} INFO - [2024-10-06T22:02:21.837+0000] {dag.py:2941} INFO - Sync 1 DAGs
[2024-10-06T22:02:21.847+0000] {logging_mixin.py:154} INFO - [2024-10-06T22:02:21.846+0000] {dag.py:3722} INFO - Setting next_dagrun for example_short_circuit_decorator to 2024-10-05T22:02:21.846786+00:00, run_after=2024-10-06T22:02:21.846786+00:00
[2024-10-06T22:02:21.853+0000] {processor.py:179} INFO - Processing /home/airflow/.local/lib/python3.8/site-packages/airflow/example_dags/example_short_circuit_decorator.py took 0.034 seconds
[2024-10-06T22:28:54.798+0000] {processor.py:157} INFO - Started process (PID=27355) to work on /home/airflow/.local/lib/python3.8/site-packages/airflow/example_dags/example_short_circuit_decorator.py
[2024-10-06T22:28:54.799+0000] {processor.py:829} INFO - Processing file /home/airflow/.local/lib/python3.8/site-packages/airflow/example_dags/example_short_circuit_decorator.py for tasks to queue
[2024-10-06T22:28:54.800+0000] {logging_mixin.py:154} INFO - [2024-10-06T22:28:54.800+0000] {dagbag.py:536} INFO - Filling up the DagBag from /home/airflow/.local/lib/python3.8/site-packages/airflow/example_dags/example_short_circuit_decorator.py
[2024-10-06T22:28:54.804+0000] {processor.py:839} INFO - DAG(s) dict_keys(['example_short_circuit_decorator']) retrieved from /home/airflow/.local/lib/python3.8/site-packages/airflow/example_dags/example_short_circuit_decorator.py
[2024-10-06T22:28:54.815+0000] {logging_mixin.py:154} INFO - [2024-10-06T22:28:54.815+0000] {dag.py:2941} INFO - Sync 1 DAGs
[2024-10-06T22:28:54.823+0000] {logging_mixin.py:154} INFO - [2024-10-06T22:28:54.823+0000] {dag.py:3722} INFO - Setting next_dagrun for example_short_circuit_decorator to 2024-10-05T22:28:54.823709+00:00, run_after=2024-10-06T22:28:54.823709+00:00
[2024-10-06T22:28:54.830+0000] {processor.py:179} INFO - Processing /home/airflow/.local/lib/python3.8/site-packages/airflow/example_dags/example_short_circuit_decorator.py took 0.034 seconds
[2024-10-06T22:59:44.287+0000] {processor.py:157} INFO - Started process (PID=27409) to work on /home/airflow/.local/lib/python3.8/site-packages/airflow/example_dags/example_short_circuit_decorator.py
[2024-10-06T22:59:44.288+0000] {processor.py:829} INFO - Processing file /home/airflow/.local/lib/python3.8/site-packages/airflow/example_dags/example_short_circuit_decorator.py for tasks to queue
[2024-10-06T22:59:44.289+0000] {logging_mixin.py:154} INFO - [2024-10-06T22:59:44.289+0000] {dagbag.py:536} INFO - Filling up the DagBag from /home/airflow/.local/lib/python3.8/site-packages/airflow/example_dags/example_short_circuit_decorator.py
[2024-10-06T22:59:44.295+0000] {processor.py:839} INFO - DAG(s) dict_keys(['example_short_circuit_decorator']) retrieved from /home/airflow/.local/lib/python3.8/site-packages/airflow/example_dags/example_short_circuit_decorator.py
[2024-10-06T22:59:44.312+0000] {logging_mixin.py:154} INFO - [2024-10-06T22:59:44.311+0000] {dag.py:2941} INFO - Sync 1 DAGs
[2024-10-06T22:59:44.326+0000] {logging_mixin.py:154} INFO - [2024-10-06T22:59:44.326+0000] {dag.py:3722} INFO - Setting next_dagrun for example_short_circuit_decorator to 2024-10-05T22:59:44.326194+00:00, run_after=2024-10-06T22:59:44.326194+00:00
[2024-10-06T22:59:44.339+0000] {processor.py:179} INFO - Processing /home/airflow/.local/lib/python3.8/site-packages/airflow/example_dags/example_short_circuit_decorator.py took 0.055 seconds
[2024-10-06T23:00:15.244+0000] {processor.py:157} INFO - Started process (PID=27463) to work on /home/airflow/.local/lib/python3.8/site-packages/airflow/example_dags/example_short_circuit_decorator.py
[2024-10-06T23:00:15.245+0000] {processor.py:829} INFO - Processing file /home/airflow/.local/lib/python3.8/site-packages/airflow/example_dags/example_short_circuit_decorator.py for tasks to queue
[2024-10-06T23:00:15.248+0000] {logging_mixin.py:154} INFO - [2024-10-06T23:00:15.248+0000] {dagbag.py:536} INFO - Filling up the DagBag from /home/airflow/.local/lib/python3.8/site-packages/airflow/example_dags/example_short_circuit_decorator.py
[2024-10-06T23:00:15.266+0000] {processor.py:839} INFO - DAG(s) dict_keys(['example_short_circuit_decorator']) retrieved from /home/airflow/.local/lib/python3.8/site-packages/airflow/example_dags/example_short_circuit_decorator.py
[2024-10-06T23:00:15.299+0000] {logging_mixin.py:154} INFO - [2024-10-06T23:00:15.299+0000] {dag.py:2941} INFO - Sync 1 DAGs
[2024-10-06T23:00:15.314+0000] {logging_mixin.py:154} INFO - [2024-10-06T23:00:15.314+0000] {dag.py:3722} INFO - Setting next_dagrun for example_short_circuit_decorator to 2024-10-05T23:00:15.314187+00:00, run_after=2024-10-06T23:00:15.314187+00:00
[2024-10-06T23:00:15.324+0000] {processor.py:179} INFO - Processing /home/airflow/.local/lib/python3.8/site-packages/airflow/example_dags/example_short_circuit_decorator.py took 0.084 seconds
[2024-10-06T23:00:45.945+0000] {processor.py:157} INFO - Started process (PID=27517) to work on /home/airflow/.local/lib/python3.8/site-packages/airflow/example_dags/example_short_circuit_decorator.py
[2024-10-06T23:00:45.945+0000] {processor.py:829} INFO - Processing file /home/airflow/.local/lib/python3.8/site-packages/airflow/example_dags/example_short_circuit_decorator.py for tasks to queue
[2024-10-06T23:00:45.947+0000] {logging_mixin.py:154} INFO - [2024-10-06T23:00:45.946+0000] {dagbag.py:536} INFO - Filling up the DagBag from /home/airflow/.local/lib/python3.8/site-packages/airflow/example_dags/example_short_circuit_decorator.py
[2024-10-06T23:00:45.951+0000] {processor.py:839} INFO - DAG(s) dict_keys(['example_short_circuit_decorator']) retrieved from /home/airflow/.local/lib/python3.8/site-packages/airflow/example_dags/example_short_circuit_decorator.py
[2024-10-06T23:00:45.960+0000] {logging_mixin.py:154} INFO - [2024-10-06T23:00:45.960+0000] {dag.py:2941} INFO - Sync 1 DAGs
[2024-10-06T23:00:45.968+0000] {logging_mixin.py:154} INFO - [2024-10-06T23:00:45.968+0000] {dag.py:3722} INFO - Setting next_dagrun for example_short_circuit_decorator to 2024-10-05T23:00:45.968411+00:00, run_after=2024-10-06T23:00:45.968411+00:00
[2024-10-06T23:00:45.974+0000] {processor.py:179} INFO - Processing /home/airflow/.local/lib/python3.8/site-packages/airflow/example_dags/example_short_circuit_decorator.py took 0.031 seconds
[2024-10-06T23:01:16.508+0000] {processor.py:157} INFO - Started process (PID=27571) to work on /home/airflow/.local/lib/python3.8/site-packages/airflow/example_dags/example_short_circuit_decorator.py
[2024-10-06T23:01:16.508+0000] {processor.py:829} INFO - Processing file /home/airflow/.local/lib/python3.8/site-packages/airflow/example_dags/example_short_circuit_decorator.py for tasks to queue
[2024-10-06T23:01:16.510+0000] {logging_mixin.py:154} INFO - [2024-10-06T23:01:16.509+0000] {dagbag.py:536} INFO - Filling up the DagBag from /home/airflow/.local/lib/python3.8/site-packages/airflow/example_dags/example_short_circuit_decorator.py
[2024-10-06T23:01:16.513+0000] {processor.py:839} INFO - DAG(s) dict_keys(['example_short_circuit_decorator']) retrieved from /home/airflow/.local/lib/python3.8/site-packages/airflow/example_dags/example_short_circuit_decorator.py
[2024-10-06T23:01:16.522+0000] {logging_mixin.py:154} INFO - [2024-10-06T23:01:16.522+0000] {dag.py:2941} INFO - Sync 1 DAGs
[2024-10-06T23:01:16.531+0000] {logging_mixin.py:154} INFO - [2024-10-06T23:01:16.531+0000] {dag.py:3722} INFO - Setting next_dagrun for example_short_circuit_decorator to 2024-10-05T23:01:16.530938+00:00, run_after=2024-10-06T23:01:16.530938+00:00
[2024-10-06T23:01:16.537+0000] {processor.py:179} INFO - Processing /home/airflow/.local/lib/python3.8/site-packages/airflow/example_dags/example_short_circuit_decorator.py took 0.030 seconds
[2024-10-06T23:01:47.038+0000] {processor.py:157} INFO - Started process (PID=27625) to work on /home/airflow/.local/lib/python3.8/site-packages/airflow/example_dags/example_short_circuit_decorator.py
[2024-10-06T23:01:47.038+0000] {processor.py:829} INFO - Processing file /home/airflow/.local/lib/python3.8/site-packages/airflow/example_dags/example_short_circuit_decorator.py for tasks to queue
[2024-10-06T23:01:47.040+0000] {logging_mixin.py:154} INFO - [2024-10-06T23:01:47.040+0000] {dagbag.py:536} INFO - Filling up the DagBag from /home/airflow/.local/lib/python3.8/site-packages/airflow/example_dags/example_short_circuit_decorator.py
[2024-10-06T23:01:47.043+0000] {processor.py:839} INFO - DAG(s) dict_keys(['example_short_circuit_decorator']) retrieved from /home/airflow/.local/lib/python3.8/site-packages/airflow/example_dags/example_short_circuit_decorator.py
[2024-10-06T23:01:47.052+0000] {logging_mixin.py:154} INFO - [2024-10-06T23:01:47.052+0000] {dag.py:2941} INFO - Sync 1 DAGs
[2024-10-06T23:01:47.060+0000] {logging_mixin.py:154} INFO - [2024-10-06T23:01:47.060+0000] {dag.py:3722} INFO - Setting next_dagrun for example_short_circuit_decorator to 2024-10-05T23:01:47.060075+00:00, run_after=2024-10-06T23:01:47.060075+00:00
[2024-10-06T23:01:47.065+0000] {processor.py:179} INFO - Processing /home/airflow/.local/lib/python3.8/site-packages/airflow/example_dags/example_short_circuit_decorator.py took 0.029 seconds
[2024-10-06T23:02:17.447+0000] {processor.py:157} INFO - Started process (PID=27679) to work on /home/airflow/.local/lib/python3.8/site-packages/airflow/example_dags/example_short_circuit_decorator.py
[2024-10-06T23:02:17.447+0000] {processor.py:829} INFO - Processing file /home/airflow/.local/lib/python3.8/site-packages/airflow/example_dags/example_short_circuit_decorator.py for tasks to queue
[2024-10-06T23:02:17.448+0000] {logging_mixin.py:154} INFO - [2024-10-06T23:02:17.448+0000] {dagbag.py:536} INFO - Filling up the DagBag from /home/airflow/.local/lib/python3.8/site-packages/airflow/example_dags/example_short_circuit_decorator.py
[2024-10-06T23:02:17.452+0000] {processor.py:839} INFO - DAG(s) dict_keys(['example_short_circuit_decorator']) retrieved from /home/airflow/.local/lib/python3.8/site-packages/airflow/example_dags/example_short_circuit_decorator.py
[2024-10-06T23:02:17.462+0000] {logging_mixin.py:154} INFO - [2024-10-06T23:02:17.461+0000] {dag.py:2941} INFO - Sync 1 DAGs
[2024-10-06T23:02:17.470+0000] {logging_mixin.py:154} INFO - [2024-10-06T23:02:17.469+0000] {dag.py:3722} INFO - Setting next_dagrun for example_short_circuit_decorator to 2024-10-05T23:02:17.469868+00:00, run_after=2024-10-06T23:02:17.469868+00:00
[2024-10-06T23:02:17.476+0000] {processor.py:179} INFO - Processing /home/airflow/.local/lib/python3.8/site-packages/airflow/example_dags/example_short_circuit_decorator.py took 0.031 seconds
[2024-10-06T23:02:47.865+0000] {processor.py:157} INFO - Started process (PID=27733) to work on /home/airflow/.local/lib/python3.8/site-packages/airflow/example_dags/example_short_circuit_decorator.py
[2024-10-06T23:02:47.865+0000] {processor.py:829} INFO - Processing file /home/airflow/.local/lib/python3.8/site-packages/airflow/example_dags/example_short_circuit_decorator.py for tasks to queue
[2024-10-06T23:02:47.866+0000] {logging_mixin.py:154} INFO - [2024-10-06T23:02:47.866+0000] {dagbag.py:536} INFO - Filling up the DagBag from /home/airflow/.local/lib/python3.8/site-packages/airflow/example_dags/example_short_circuit_decorator.py
[2024-10-06T23:02:47.870+0000] {processor.py:839} INFO - DAG(s) dict_keys(['example_short_circuit_decorator']) retrieved from /home/airflow/.local/lib/python3.8/site-packages/airflow/example_dags/example_short_circuit_decorator.py
[2024-10-06T23:02:47.880+0000] {logging_mixin.py:154} INFO - [2024-10-06T23:02:47.880+0000] {dag.py:2941} INFO - Sync 1 DAGs
[2024-10-06T23:02:47.888+0000] {logging_mixin.py:154} INFO - [2024-10-06T23:02:47.888+0000] {dag.py:3722} INFO - Setting next_dagrun for example_short_circuit_decorator to 2024-10-05T23:02:47.888465+00:00, run_after=2024-10-06T23:02:47.888465+00:00
[2024-10-06T23:02:47.895+0000] {processor.py:179} INFO - Processing /home/airflow/.local/lib/python3.8/site-packages/airflow/example_dags/example_short_circuit_decorator.py took 0.032 seconds
[2024-10-06T23:03:18.268+0000] {processor.py:157} INFO - Started process (PID=27787) to work on /home/airflow/.local/lib/python3.8/site-packages/airflow/example_dags/example_short_circuit_decorator.py
[2024-10-06T23:03:18.268+0000] {processor.py:829} INFO - Processing file /home/airflow/.local/lib/python3.8/site-packages/airflow/example_dags/example_short_circuit_decorator.py for tasks to queue
[2024-10-06T23:03:18.269+0000] {logging_mixin.py:154} INFO - [2024-10-06T23:03:18.269+0000] {dagbag.py:536} INFO - Filling up the DagBag from /home/airflow/.local/lib/python3.8/site-packages/airflow/example_dags/example_short_circuit_decorator.py
[2024-10-06T23:03:18.273+0000] {processor.py:839} INFO - DAG(s) dict_keys(['example_short_circuit_decorator']) retrieved from /home/airflow/.local/lib/python3.8/site-packages/airflow/example_dags/example_short_circuit_decorator.py
[2024-10-06T23:03:18.282+0000] {logging_mixin.py:154} INFO - [2024-10-06T23:03:18.282+0000] {dag.py:2941} INFO - Sync 1 DAGs
[2024-10-06T23:03:18.290+0000] {logging_mixin.py:154} INFO - [2024-10-06T23:03:18.290+0000] {dag.py:3722} INFO - Setting next_dagrun for example_short_circuit_decorator to 2024-10-05T23:03:18.290767+00:00, run_after=2024-10-06T23:03:18.290767+00:00
[2024-10-06T23:03:18.297+0000] {processor.py:179} INFO - Processing /home/airflow/.local/lib/python3.8/site-packages/airflow/example_dags/example_short_circuit_decorator.py took 0.030 seconds
[2024-10-06T23:03:48.751+0000] {processor.py:157} INFO - Started process (PID=27841) to work on /home/airflow/.local/lib/python3.8/site-packages/airflow/example_dags/example_short_circuit_decorator.py
[2024-10-06T23:03:48.751+0000] {processor.py:829} INFO - Processing file /home/airflow/.local/lib/python3.8/site-packages/airflow/example_dags/example_short_circuit_decorator.py for tasks to queue
[2024-10-06T23:03:48.752+0000] {logging_mixin.py:154} INFO - [2024-10-06T23:03:48.752+0000] {dagbag.py:536} INFO - Filling up the DagBag from /home/airflow/.local/lib/python3.8/site-packages/airflow/example_dags/example_short_circuit_decorator.py
[2024-10-06T23:03:48.756+0000] {processor.py:839} INFO - DAG(s) dict_keys(['example_short_circuit_decorator']) retrieved from /home/airflow/.local/lib/python3.8/site-packages/airflow/example_dags/example_short_circuit_decorator.py
[2024-10-06T23:03:48.765+0000] {logging_mixin.py:154} INFO - [2024-10-06T23:03:48.764+0000] {dag.py:2941} INFO - Sync 1 DAGs
[2024-10-06T23:03:48.772+0000] {logging_mixin.py:154} INFO - [2024-10-06T23:03:48.772+0000] {dag.py:3722} INFO - Setting next_dagrun for example_short_circuit_decorator to 2024-10-05T23:03:48.772497+00:00, run_after=2024-10-06T23:03:48.772497+00:00
[2024-10-06T23:03:48.778+0000] {processor.py:179} INFO - Processing /home/airflow/.local/lib/python3.8/site-packages/airflow/example_dags/example_short_circuit_decorator.py took 0.029 seconds
[2024-10-06T23:04:19.191+0000] {processor.py:157} INFO - Started process (PID=27895) to work on /home/airflow/.local/lib/python3.8/site-packages/airflow/example_dags/example_short_circuit_decorator.py
[2024-10-06T23:04:19.191+0000] {processor.py:829} INFO - Processing file /home/airflow/.local/lib/python3.8/site-packages/airflow/example_dags/example_short_circuit_decorator.py for tasks to queue
[2024-10-06T23:04:19.192+0000] {logging_mixin.py:154} INFO - [2024-10-06T23:04:19.192+0000] {dagbag.py:536} INFO - Filling up the DagBag from /home/airflow/.local/lib/python3.8/site-packages/airflow/example_dags/example_short_circuit_decorator.py
[2024-10-06T23:04:19.196+0000] {processor.py:839} INFO - DAG(s) dict_keys(['example_short_circuit_decorator']) retrieved from /home/airflow/.local/lib/python3.8/site-packages/airflow/example_dags/example_short_circuit_decorator.py
[2024-10-06T23:04:19.205+0000] {logging_mixin.py:154} INFO - [2024-10-06T23:04:19.205+0000] {dag.py:2941} INFO - Sync 1 DAGs
[2024-10-06T23:04:19.213+0000] {logging_mixin.py:154} INFO - [2024-10-06T23:04:19.213+0000] {dag.py:3722} INFO - Setting next_dagrun for example_short_circuit_decorator to 2024-10-05T23:04:19.213082+00:00, run_after=2024-10-06T23:04:19.213082+00:00
[2024-10-06T23:04:19.219+0000] {processor.py:179} INFO - Processing /home/airflow/.local/lib/python3.8/site-packages/airflow/example_dags/example_short_circuit_decorator.py took 0.030 seconds
[2024-10-06T23:04:49.643+0000] {processor.py:157} INFO - Started process (PID=27949) to work on /home/airflow/.local/lib/python3.8/site-packages/airflow/example_dags/example_short_circuit_decorator.py
[2024-10-06T23:04:49.643+0000] {processor.py:829} INFO - Processing file /home/airflow/.local/lib/python3.8/site-packages/airflow/example_dags/example_short_circuit_decorator.py for tasks to queue
[2024-10-06T23:04:49.644+0000] {logging_mixin.py:154} INFO - [2024-10-06T23:04:49.644+0000] {dagbag.py:536} INFO - Filling up the DagBag from /home/airflow/.local/lib/python3.8/site-packages/airflow/example_dags/example_short_circuit_decorator.py
[2024-10-06T23:04:49.648+0000] {processor.py:839} INFO - DAG(s) dict_keys(['example_short_circuit_decorator']) retrieved from /home/airflow/.local/lib/python3.8/site-packages/airflow/example_dags/example_short_circuit_decorator.py
[2024-10-06T23:04:49.657+0000] {logging_mixin.py:154} INFO - [2024-10-06T23:04:49.657+0000] {dag.py:2941} INFO - Sync 1 DAGs
[2024-10-06T23:04:49.664+0000] {logging_mixin.py:154} INFO - [2024-10-06T23:04:49.664+0000] {dag.py:3722} INFO - Setting next_dagrun for example_short_circuit_decorator to 2024-10-05T23:04:49.664533+00:00, run_after=2024-10-06T23:04:49.664533+00:00
[2024-10-06T23:04:49.670+0000] {processor.py:179} INFO - Processing /home/airflow/.local/lib/python3.8/site-packages/airflow/example_dags/example_short_circuit_decorator.py took 0.028 seconds
[2024-10-06T23:05:20.050+0000] {processor.py:157} INFO - Started process (PID=28003) to work on /home/airflow/.local/lib/python3.8/site-packages/airflow/example_dags/example_short_circuit_decorator.py
[2024-10-06T23:05:20.050+0000] {processor.py:829} INFO - Processing file /home/airflow/.local/lib/python3.8/site-packages/airflow/example_dags/example_short_circuit_decorator.py for tasks to queue
[2024-10-06T23:05:20.052+0000] {logging_mixin.py:154} INFO - [2024-10-06T23:05:20.052+0000] {dagbag.py:536} INFO - Filling up the DagBag from /home/airflow/.local/lib/python3.8/site-packages/airflow/example_dags/example_short_circuit_decorator.py
[2024-10-06T23:05:20.056+0000] {processor.py:839} INFO - DAG(s) dict_keys(['example_short_circuit_decorator']) retrieved from /home/airflow/.local/lib/python3.8/site-packages/airflow/example_dags/example_short_circuit_decorator.py
[2024-10-06T23:05:20.066+0000] {logging_mixin.py:154} INFO - [2024-10-06T23:05:20.065+0000] {dag.py:2941} INFO - Sync 1 DAGs
[2024-10-06T23:05:20.074+0000] {logging_mixin.py:154} INFO - [2024-10-06T23:05:20.073+0000] {dag.py:3722} INFO - Setting next_dagrun for example_short_circuit_decorator to 2024-10-05T23:05:20.073837+00:00, run_after=2024-10-06T23:05:20.073837+00:00
[2024-10-06T23:05:20.080+0000] {processor.py:179} INFO - Processing /home/airflow/.local/lib/python3.8/site-packages/airflow/example_dags/example_short_circuit_decorator.py took 0.032 seconds
[2024-10-06T23:05:50.442+0000] {processor.py:157} INFO - Started process (PID=28057) to work on /home/airflow/.local/lib/python3.8/site-packages/airflow/example_dags/example_short_circuit_decorator.py
[2024-10-06T23:05:50.442+0000] {processor.py:829} INFO - Processing file /home/airflow/.local/lib/python3.8/site-packages/airflow/example_dags/example_short_circuit_decorator.py for tasks to queue
[2024-10-06T23:05:50.443+0000] {logging_mixin.py:154} INFO - [2024-10-06T23:05:50.443+0000] {dagbag.py:536} INFO - Filling up the DagBag from /home/airflow/.local/lib/python3.8/site-packages/airflow/example_dags/example_short_circuit_decorator.py
[2024-10-06T23:05:50.447+0000] {processor.py:839} INFO - DAG(s) dict_keys(['example_short_circuit_decorator']) retrieved from /home/airflow/.local/lib/python3.8/site-packages/airflow/example_dags/example_short_circuit_decorator.py
[2024-10-06T23:05:50.456+0000] {logging_mixin.py:154} INFO - [2024-10-06T23:05:50.455+0000] {dag.py:2941} INFO - Sync 1 DAGs
[2024-10-06T23:05:50.463+0000] {logging_mixin.py:154} INFO - [2024-10-06T23:05:50.463+0000] {dag.py:3722} INFO - Setting next_dagrun for example_short_circuit_decorator to 2024-10-05T23:05:50.463397+00:00, run_after=2024-10-06T23:05:50.463397+00:00
[2024-10-06T23:05:50.469+0000] {processor.py:179} INFO - Processing /home/airflow/.local/lib/python3.8/site-packages/airflow/example_dags/example_short_circuit_decorator.py took 0.028 seconds
[2024-10-06T23:06:20.885+0000] {processor.py:157} INFO - Started process (PID=28111) to work on /home/airflow/.local/lib/python3.8/site-packages/airflow/example_dags/example_short_circuit_decorator.py
[2024-10-06T23:06:20.885+0000] {processor.py:829} INFO - Processing file /home/airflow/.local/lib/python3.8/site-packages/airflow/example_dags/example_short_circuit_decorator.py for tasks to queue
[2024-10-06T23:06:20.886+0000] {logging_mixin.py:154} INFO - [2024-10-06T23:06:20.886+0000] {dagbag.py:536} INFO - Filling up the DagBag from /home/airflow/.local/lib/python3.8/site-packages/airflow/example_dags/example_short_circuit_decorator.py
[2024-10-06T23:06:20.890+0000] {processor.py:839} INFO - DAG(s) dict_keys(['example_short_circuit_decorator']) retrieved from /home/airflow/.local/lib/python3.8/site-packages/airflow/example_dags/example_short_circuit_decorator.py
[2024-10-06T23:06:20.899+0000] {logging_mixin.py:154} INFO - [2024-10-06T23:06:20.899+0000] {dag.py:2941} INFO - Sync 1 DAGs
[2024-10-06T23:06:20.907+0000] {logging_mixin.py:154} INFO - [2024-10-06T23:06:20.907+0000] {dag.py:3722} INFO - Setting next_dagrun for example_short_circuit_decorator to 2024-10-05T23:06:20.907233+00:00, run_after=2024-10-06T23:06:20.907233+00:00
[2024-10-06T23:06:20.914+0000] {processor.py:179} INFO - Processing /home/airflow/.local/lib/python3.8/site-packages/airflow/example_dags/example_short_circuit_decorator.py took 0.030 seconds
[2024-10-06T23:06:51.329+0000] {processor.py:157} INFO - Started process (PID=28165) to work on /home/airflow/.local/lib/python3.8/site-packages/airflow/example_dags/example_short_circuit_decorator.py
[2024-10-06T23:06:51.330+0000] {processor.py:829} INFO - Processing file /home/airflow/.local/lib/python3.8/site-packages/airflow/example_dags/example_short_circuit_decorator.py for tasks to queue
[2024-10-06T23:06:51.331+0000] {logging_mixin.py:154} INFO - [2024-10-06T23:06:51.331+0000] {dagbag.py:536} INFO - Filling up the DagBag from /home/airflow/.local/lib/python3.8/site-packages/airflow/example_dags/example_short_circuit_decorator.py
[2024-10-06T23:06:51.335+0000] {processor.py:839} INFO - DAG(s) dict_keys(['example_short_circuit_decorator']) retrieved from /home/airflow/.local/lib/python3.8/site-packages/airflow/example_dags/example_short_circuit_decorator.py
[2024-10-06T23:06:51.344+0000] {logging_mixin.py:154} INFO - [2024-10-06T23:06:51.343+0000] {dag.py:2941} INFO - Sync 1 DAGs
[2024-10-06T23:06:51.351+0000] {logging_mixin.py:154} INFO - [2024-10-06T23:06:51.351+0000] {dag.py:3722} INFO - Setting next_dagrun for example_short_circuit_decorator to 2024-10-05T23:06:51.351154+00:00, run_after=2024-10-06T23:06:51.351154+00:00
[2024-10-06T23:06:51.357+0000] {processor.py:179} INFO - Processing /home/airflow/.local/lib/python3.8/site-packages/airflow/example_dags/example_short_circuit_decorator.py took 0.029 seconds
[2024-10-06T23:07:21.755+0000] {processor.py:157} INFO - Started process (PID=28219) to work on /home/airflow/.local/lib/python3.8/site-packages/airflow/example_dags/example_short_circuit_decorator.py
[2024-10-06T23:07:21.756+0000] {processor.py:829} INFO - Processing file /home/airflow/.local/lib/python3.8/site-packages/airflow/example_dags/example_short_circuit_decorator.py for tasks to queue
[2024-10-06T23:07:21.757+0000] {logging_mixin.py:154} INFO - [2024-10-06T23:07:21.757+0000] {dagbag.py:536} INFO - Filling up the DagBag from /home/airflow/.local/lib/python3.8/site-packages/airflow/example_dags/example_short_circuit_decorator.py
[2024-10-06T23:07:21.761+0000] {processor.py:839} INFO - DAG(s) dict_keys(['example_short_circuit_decorator']) retrieved from /home/airflow/.local/lib/python3.8/site-packages/airflow/example_dags/example_short_circuit_decorator.py
[2024-10-06T23:07:21.771+0000] {logging_mixin.py:154} INFO - [2024-10-06T23:07:21.771+0000] {dag.py:2941} INFO - Sync 1 DAGs
[2024-10-06T23:07:21.779+0000] {logging_mixin.py:154} INFO - [2024-10-06T23:07:21.779+0000] {dag.py:3722} INFO - Setting next_dagrun for example_short_circuit_decorator to 2024-10-05T23:07:21.779290+00:00, run_after=2024-10-06T23:07:21.779290+00:00
[2024-10-06T23:07:21.785+0000] {processor.py:179} INFO - Processing /home/airflow/.local/lib/python3.8/site-packages/airflow/example_dags/example_short_circuit_decorator.py took 0.031 seconds
[2024-10-06T23:07:52.211+0000] {processor.py:157} INFO - Started process (PID=28273) to work on /home/airflow/.local/lib/python3.8/site-packages/airflow/example_dags/example_short_circuit_decorator.py
[2024-10-06T23:07:52.211+0000] {processor.py:829} INFO - Processing file /home/airflow/.local/lib/python3.8/site-packages/airflow/example_dags/example_short_circuit_decorator.py for tasks to queue
[2024-10-06T23:07:52.213+0000] {logging_mixin.py:154} INFO - [2024-10-06T23:07:52.212+0000] {dagbag.py:536} INFO - Filling up the DagBag from /home/airflow/.local/lib/python3.8/site-packages/airflow/example_dags/example_short_circuit_decorator.py
[2024-10-06T23:07:52.216+0000] {processor.py:839} INFO - DAG(s) dict_keys(['example_short_circuit_decorator']) retrieved from /home/airflow/.local/lib/python3.8/site-packages/airflow/example_dags/example_short_circuit_decorator.py
[2024-10-06T23:07:52.225+0000] {logging_mixin.py:154} INFO - [2024-10-06T23:07:52.225+0000] {dag.py:2941} INFO - Sync 1 DAGs
[2024-10-06T23:07:52.234+0000] {logging_mixin.py:154} INFO - [2024-10-06T23:07:52.234+0000] {dag.py:3722} INFO - Setting next_dagrun for example_short_circuit_decorator to 2024-10-05T23:07:52.234028+00:00, run_after=2024-10-06T23:07:52.234028+00:00
[2024-10-06T23:07:52.240+0000] {processor.py:179} INFO - Processing /home/airflow/.local/lib/python3.8/site-packages/airflow/example_dags/example_short_circuit_decorator.py took 0.030 seconds
[2024-10-06T23:08:22.569+0000] {processor.py:157} INFO - Started process (PID=28327) to work on /home/airflow/.local/lib/python3.8/site-packages/airflow/example_dags/example_short_circuit_decorator.py
[2024-10-06T23:08:22.570+0000] {processor.py:829} INFO - Processing file /home/airflow/.local/lib/python3.8/site-packages/airflow/example_dags/example_short_circuit_decorator.py for tasks to queue
[2024-10-06T23:08:22.571+0000] {logging_mixin.py:154} INFO - [2024-10-06T23:08:22.571+0000] {dagbag.py:536} INFO - Filling up the DagBag from /home/airflow/.local/lib/python3.8/site-packages/airflow/example_dags/example_short_circuit_decorator.py
[2024-10-06T23:08:22.575+0000] {processor.py:839} INFO - DAG(s) dict_keys(['example_short_circuit_decorator']) retrieved from /home/airflow/.local/lib/python3.8/site-packages/airflow/example_dags/example_short_circuit_decorator.py
[2024-10-06T23:08:22.584+0000] {logging_mixin.py:154} INFO - [2024-10-06T23:08:22.583+0000] {dag.py:2941} INFO - Sync 1 DAGs
[2024-10-06T23:08:22.592+0000] {logging_mixin.py:154} INFO - [2024-10-06T23:08:22.592+0000] {dag.py:3722} INFO - Setting next_dagrun for example_short_circuit_decorator to 2024-10-05T23:08:22.591921+00:00, run_after=2024-10-06T23:08:22.591921+00:00
[2024-10-06T23:08:22.598+0000] {processor.py:179} INFO - Processing /home/airflow/.local/lib/python3.8/site-packages/airflow/example_dags/example_short_circuit_decorator.py took 0.031 seconds
[2024-10-06T23:08:53.005+0000] {processor.py:157} INFO - Started process (PID=28388) to work on /home/airflow/.local/lib/python3.8/site-packages/airflow/example_dags/example_short_circuit_decorator.py
[2024-10-06T23:08:53.005+0000] {processor.py:829} INFO - Processing file /home/airflow/.local/lib/python3.8/site-packages/airflow/example_dags/example_short_circuit_decorator.py for tasks to queue
[2024-10-06T23:08:53.007+0000] {logging_mixin.py:154} INFO - [2024-10-06T23:08:53.006+0000] {dagbag.py:536} INFO - Filling up the DagBag from /home/airflow/.local/lib/python3.8/site-packages/airflow/example_dags/example_short_circuit_decorator.py
[2024-10-06T23:08:53.011+0000] {processor.py:839} INFO - DAG(s) dict_keys(['example_short_circuit_decorator']) retrieved from /home/airflow/.local/lib/python3.8/site-packages/airflow/example_dags/example_short_circuit_decorator.py
[2024-10-06T23:08:53.020+0000] {logging_mixin.py:154} INFO - [2024-10-06T23:08:53.019+0000] {dag.py:2941} INFO - Sync 1 DAGs
[2024-10-06T23:08:53.027+0000] {logging_mixin.py:154} INFO - [2024-10-06T23:08:53.027+0000] {dag.py:3722} INFO - Setting next_dagrun for example_short_circuit_decorator to 2024-10-05T23:08:53.027215+00:00, run_after=2024-10-06T23:08:53.027215+00:00
[2024-10-06T23:08:53.033+0000] {processor.py:179} INFO - Processing /home/airflow/.local/lib/python3.8/site-packages/airflow/example_dags/example_short_circuit_decorator.py took 0.030 seconds
[2024-10-06T23:09:23.397+0000] {processor.py:157} INFO - Started process (PID=28442) to work on /home/airflow/.local/lib/python3.8/site-packages/airflow/example_dags/example_short_circuit_decorator.py
[2024-10-06T23:09:23.397+0000] {processor.py:829} INFO - Processing file /home/airflow/.local/lib/python3.8/site-packages/airflow/example_dags/example_short_circuit_decorator.py for tasks to queue
[2024-10-06T23:09:23.398+0000] {logging_mixin.py:154} INFO - [2024-10-06T23:09:23.398+0000] {dagbag.py:536} INFO - Filling up the DagBag from /home/airflow/.local/lib/python3.8/site-packages/airflow/example_dags/example_short_circuit_decorator.py
[2024-10-06T23:09:23.402+0000] {processor.py:839} INFO - DAG(s) dict_keys(['example_short_circuit_decorator']) retrieved from /home/airflow/.local/lib/python3.8/site-packages/airflow/example_dags/example_short_circuit_decorator.py
[2024-10-06T23:09:23.411+0000] {logging_mixin.py:154} INFO - [2024-10-06T23:09:23.411+0000] {dag.py:2941} INFO - Sync 1 DAGs
[2024-10-06T23:09:23.419+0000] {logging_mixin.py:154} INFO - [2024-10-06T23:09:23.419+0000] {dag.py:3722} INFO - Setting next_dagrun for example_short_circuit_decorator to 2024-10-05T23:09:23.419016+00:00, run_after=2024-10-06T23:09:23.419016+00:00
[2024-10-06T23:09:23.425+0000] {processor.py:179} INFO - Processing /home/airflow/.local/lib/python3.8/site-packages/airflow/example_dags/example_short_circuit_decorator.py took 0.029 seconds
[2024-10-06T23:09:53.903+0000] {processor.py:157} INFO - Started process (PID=28496) to work on /home/airflow/.local/lib/python3.8/site-packages/airflow/example_dags/example_short_circuit_decorator.py
[2024-10-06T23:09:53.904+0000] {processor.py:829} INFO - Processing file /home/airflow/.local/lib/python3.8/site-packages/airflow/example_dags/example_short_circuit_decorator.py for tasks to queue
[2024-10-06T23:09:53.905+0000] {logging_mixin.py:154} INFO - [2024-10-06T23:09:53.905+0000] {dagbag.py:536} INFO - Filling up the DagBag from /home/airflow/.local/lib/python3.8/site-packages/airflow/example_dags/example_short_circuit_decorator.py
[2024-10-06T23:09:53.909+0000] {processor.py:839} INFO - DAG(s) dict_keys(['example_short_circuit_decorator']) retrieved from /home/airflow/.local/lib/python3.8/site-packages/airflow/example_dags/example_short_circuit_decorator.py
[2024-10-06T23:09:53.920+0000] {logging_mixin.py:154} INFO - [2024-10-06T23:09:53.920+0000] {dag.py:2941} INFO - Sync 1 DAGs
[2024-10-06T23:09:53.930+0000] {logging_mixin.py:154} INFO - [2024-10-06T23:09:53.930+0000] {dag.py:3722} INFO - Setting next_dagrun for example_short_circuit_decorator to 2024-10-05T23:09:53.930203+00:00, run_after=2024-10-06T23:09:53.930203+00:00
[2024-10-06T23:09:53.937+0000] {processor.py:179} INFO - Processing /home/airflow/.local/lib/python3.8/site-packages/airflow/example_dags/example_short_circuit_decorator.py took 0.035 seconds
[2024-10-06T23:10:24.347+0000] {processor.py:157} INFO - Started process (PID=28550) to work on /home/airflow/.local/lib/python3.8/site-packages/airflow/example_dags/example_short_circuit_decorator.py
[2024-10-06T23:10:24.347+0000] {processor.py:829} INFO - Processing file /home/airflow/.local/lib/python3.8/site-packages/airflow/example_dags/example_short_circuit_decorator.py for tasks to queue
[2024-10-06T23:10:24.349+0000] {logging_mixin.py:154} INFO - [2024-10-06T23:10:24.348+0000] {dagbag.py:536} INFO - Filling up the DagBag from /home/airflow/.local/lib/python3.8/site-packages/airflow/example_dags/example_short_circuit_decorator.py
[2024-10-06T23:10:24.353+0000] {processor.py:839} INFO - DAG(s) dict_keys(['example_short_circuit_decorator']) retrieved from /home/airflow/.local/lib/python3.8/site-packages/airflow/example_dags/example_short_circuit_decorator.py
[2024-10-06T23:10:24.362+0000] {logging_mixin.py:154} INFO - [2024-10-06T23:10:24.362+0000] {dag.py:2941} INFO - Sync 1 DAGs
[2024-10-06T23:10:24.370+0000] {logging_mixin.py:154} INFO - [2024-10-06T23:10:24.370+0000] {dag.py:3722} INFO - Setting next_dagrun for example_short_circuit_decorator to 2024-10-05T23:10:24.370501+00:00, run_after=2024-10-06T23:10:24.370501+00:00
[2024-10-06T23:10:24.377+0000] {processor.py:179} INFO - Processing /home/airflow/.local/lib/python3.8/site-packages/airflow/example_dags/example_short_circuit_decorator.py took 0.031 seconds
[2024-10-06T23:10:54.752+0000] {processor.py:157} INFO - Started process (PID=28604) to work on /home/airflow/.local/lib/python3.8/site-packages/airflow/example_dags/example_short_circuit_decorator.py
[2024-10-06T23:10:54.753+0000] {processor.py:829} INFO - Processing file /home/airflow/.local/lib/python3.8/site-packages/airflow/example_dags/example_short_circuit_decorator.py for tasks to queue
[2024-10-06T23:10:54.754+0000] {logging_mixin.py:154} INFO - [2024-10-06T23:10:54.754+0000] {dagbag.py:536} INFO - Filling up the DagBag from /home/airflow/.local/lib/python3.8/site-packages/airflow/example_dags/example_short_circuit_decorator.py
[2024-10-06T23:10:54.758+0000] {processor.py:839} INFO - DAG(s) dict_keys(['example_short_circuit_decorator']) retrieved from /home/airflow/.local/lib/python3.8/site-packages/airflow/example_dags/example_short_circuit_decorator.py
[2024-10-06T23:10:54.768+0000] {logging_mixin.py:154} INFO - [2024-10-06T23:10:54.768+0000] {dag.py:2941} INFO - Sync 1 DAGs
[2024-10-06T23:10:54.776+0000] {logging_mixin.py:154} INFO - [2024-10-06T23:10:54.776+0000] {dag.py:3722} INFO - Setting next_dagrun for example_short_circuit_decorator to 2024-10-05T23:10:54.776124+00:00, run_after=2024-10-06T23:10:54.776124+00:00
[2024-10-06T23:10:54.783+0000] {processor.py:179} INFO - Processing /home/airflow/.local/lib/python3.8/site-packages/airflow/example_dags/example_short_circuit_decorator.py took 0.032 seconds
[2024-10-06T23:11:25.145+0000] {processor.py:157} INFO - Started process (PID=28658) to work on /home/airflow/.local/lib/python3.8/site-packages/airflow/example_dags/example_short_circuit_decorator.py
[2024-10-06T23:11:25.145+0000] {processor.py:829} INFO - Processing file /home/airflow/.local/lib/python3.8/site-packages/airflow/example_dags/example_short_circuit_decorator.py for tasks to queue
[2024-10-06T23:11:25.146+0000] {logging_mixin.py:154} INFO - [2024-10-06T23:11:25.146+0000] {dagbag.py:536} INFO - Filling up the DagBag from /home/airflow/.local/lib/python3.8/site-packages/airflow/example_dags/example_short_circuit_decorator.py
[2024-10-06T23:11:25.151+0000] {processor.py:839} INFO - DAG(s) dict_keys(['example_short_circuit_decorator']) retrieved from /home/airflow/.local/lib/python3.8/site-packages/airflow/example_dags/example_short_circuit_decorator.py
[2024-10-06T23:11:25.160+0000] {logging_mixin.py:154} INFO - [2024-10-06T23:11:25.160+0000] {dag.py:2941} INFO - Sync 1 DAGs
[2024-10-06T23:11:25.169+0000] {logging_mixin.py:154} INFO - [2024-10-06T23:11:25.169+0000] {dag.py:3722} INFO - Setting next_dagrun for example_short_circuit_decorator to 2024-10-05T23:11:25.169058+00:00, run_after=2024-10-06T23:11:25.169058+00:00
[2024-10-06T23:11:25.175+0000] {processor.py:179} INFO - Processing /home/airflow/.local/lib/python3.8/site-packages/airflow/example_dags/example_short_circuit_decorator.py took 0.032 seconds
[2024-10-06T23:11:55.602+0000] {processor.py:157} INFO - Started process (PID=28712) to work on /home/airflow/.local/lib/python3.8/site-packages/airflow/example_dags/example_short_circuit_decorator.py
[2024-10-06T23:11:55.602+0000] {processor.py:829} INFO - Processing file /home/airflow/.local/lib/python3.8/site-packages/airflow/example_dags/example_short_circuit_decorator.py for tasks to queue
[2024-10-06T23:11:55.604+0000] {logging_mixin.py:154} INFO - [2024-10-06T23:11:55.603+0000] {dagbag.py:536} INFO - Filling up the DagBag from /home/airflow/.local/lib/python3.8/site-packages/airflow/example_dags/example_short_circuit_decorator.py
[2024-10-06T23:11:55.608+0000] {processor.py:839} INFO - DAG(s) dict_keys(['example_short_circuit_decorator']) retrieved from /home/airflow/.local/lib/python3.8/site-packages/airflow/example_dags/example_short_circuit_decorator.py
[2024-10-06T23:11:55.619+0000] {logging_mixin.py:154} INFO - [2024-10-06T23:11:55.619+0000] {dag.py:2941} INFO - Sync 1 DAGs
[2024-10-06T23:11:55.629+0000] {logging_mixin.py:154} INFO - [2024-10-06T23:11:55.629+0000] {dag.py:3722} INFO - Setting next_dagrun for example_short_circuit_decorator to 2024-10-05T23:11:55.629202+00:00, run_after=2024-10-06T23:11:55.629202+00:00
[2024-10-06T23:11:55.636+0000] {processor.py:179} INFO - Processing /home/airflow/.local/lib/python3.8/site-packages/airflow/example_dags/example_short_circuit_decorator.py took 0.036 seconds
[2024-10-06T23:12:26.096+0000] {processor.py:157} INFO - Started process (PID=28766) to work on /home/airflow/.local/lib/python3.8/site-packages/airflow/example_dags/example_short_circuit_decorator.py
[2024-10-06T23:12:26.096+0000] {processor.py:829} INFO - Processing file /home/airflow/.local/lib/python3.8/site-packages/airflow/example_dags/example_short_circuit_decorator.py for tasks to queue
[2024-10-06T23:12:26.097+0000] {logging_mixin.py:154} INFO - [2024-10-06T23:12:26.097+0000] {dagbag.py:536} INFO - Filling up the DagBag from /home/airflow/.local/lib/python3.8/site-packages/airflow/example_dags/example_short_circuit_decorator.py
[2024-10-06T23:12:26.101+0000] {processor.py:839} INFO - DAG(s) dict_keys(['example_short_circuit_decorator']) retrieved from /home/airflow/.local/lib/python3.8/site-packages/airflow/example_dags/example_short_circuit_decorator.py
[2024-10-06T23:12:26.110+0000] {logging_mixin.py:154} INFO - [2024-10-06T23:12:26.110+0000] {dag.py:2941} INFO - Sync 1 DAGs
[2024-10-06T23:12:26.118+0000] {logging_mixin.py:154} INFO - [2024-10-06T23:12:26.118+0000] {dag.py:3722} INFO - Setting next_dagrun for example_short_circuit_decorator to 2024-10-05T23:12:26.118715+00:00, run_after=2024-10-06T23:12:26.118715+00:00
[2024-10-06T23:12:26.125+0000] {processor.py:179} INFO - Processing /home/airflow/.local/lib/python3.8/site-packages/airflow/example_dags/example_short_circuit_decorator.py took 0.030 seconds
[2024-10-06T23:12:56.519+0000] {processor.py:157} INFO - Started process (PID=28820) to work on /home/airflow/.local/lib/python3.8/site-packages/airflow/example_dags/example_short_circuit_decorator.py
[2024-10-06T23:12:56.520+0000] {processor.py:829} INFO - Processing file /home/airflow/.local/lib/python3.8/site-packages/airflow/example_dags/example_short_circuit_decorator.py for tasks to queue
[2024-10-06T23:12:56.521+0000] {logging_mixin.py:154} INFO - [2024-10-06T23:12:56.521+0000] {dagbag.py:536} INFO - Filling up the DagBag from /home/airflow/.local/lib/python3.8/site-packages/airflow/example_dags/example_short_circuit_decorator.py
[2024-10-06T23:12:56.525+0000] {processor.py:839} INFO - DAG(s) dict_keys(['example_short_circuit_decorator']) retrieved from /home/airflow/.local/lib/python3.8/site-packages/airflow/example_dags/example_short_circuit_decorator.py
[2024-10-06T23:12:56.534+0000] {logging_mixin.py:154} INFO - [2024-10-06T23:12:56.533+0000] {dag.py:2941} INFO - Sync 1 DAGs
[2024-10-06T23:12:56.541+0000] {logging_mixin.py:154} INFO - [2024-10-06T23:12:56.541+0000] {dag.py:3722} INFO - Setting next_dagrun for example_short_circuit_decorator to 2024-10-05T23:12:56.541797+00:00, run_after=2024-10-06T23:12:56.541797+00:00
[2024-10-06T23:12:56.548+0000] {processor.py:179} INFO - Processing /home/airflow/.local/lib/python3.8/site-packages/airflow/example_dags/example_short_circuit_decorator.py took 0.030 seconds
[2024-10-06T23:13:27.014+0000] {processor.py:157} INFO - Started process (PID=28874) to work on /home/airflow/.local/lib/python3.8/site-packages/airflow/example_dags/example_short_circuit_decorator.py
[2024-10-06T23:13:27.014+0000] {processor.py:829} INFO - Processing file /home/airflow/.local/lib/python3.8/site-packages/airflow/example_dags/example_short_circuit_decorator.py for tasks to queue
[2024-10-06T23:13:27.016+0000] {logging_mixin.py:154} INFO - [2024-10-06T23:13:27.016+0000] {dagbag.py:536} INFO - Filling up the DagBag from /home/airflow/.local/lib/python3.8/site-packages/airflow/example_dags/example_short_circuit_decorator.py
[2024-10-06T23:13:27.019+0000] {processor.py:839} INFO - DAG(s) dict_keys(['example_short_circuit_decorator']) retrieved from /home/airflow/.local/lib/python3.8/site-packages/airflow/example_dags/example_short_circuit_decorator.py
[2024-10-06T23:13:27.028+0000] {logging_mixin.py:154} INFO - [2024-10-06T23:13:27.028+0000] {dag.py:2941} INFO - Sync 1 DAGs
[2024-10-06T23:13:27.036+0000] {logging_mixin.py:154} INFO - [2024-10-06T23:13:27.036+0000] {dag.py:3722} INFO - Setting next_dagrun for example_short_circuit_decorator to 2024-10-05T23:13:27.036471+00:00, run_after=2024-10-06T23:13:27.036471+00:00
[2024-10-06T23:13:27.042+0000] {processor.py:179} INFO - Processing /home/airflow/.local/lib/python3.8/site-packages/airflow/example_dags/example_short_circuit_decorator.py took 0.029 seconds
[2024-10-06T23:13:57.454+0000] {processor.py:157} INFO - Started process (PID=28928) to work on /home/airflow/.local/lib/python3.8/site-packages/airflow/example_dags/example_short_circuit_decorator.py
[2024-10-06T23:13:57.455+0000] {processor.py:829} INFO - Processing file /home/airflow/.local/lib/python3.8/site-packages/airflow/example_dags/example_short_circuit_decorator.py for tasks to queue
[2024-10-06T23:13:57.456+0000] {logging_mixin.py:154} INFO - [2024-10-06T23:13:57.456+0000] {dagbag.py:536} INFO - Filling up the DagBag from /home/airflow/.local/lib/python3.8/site-packages/airflow/example_dags/example_short_circuit_decorator.py
[2024-10-06T23:13:57.460+0000] {processor.py:839} INFO - DAG(s) dict_keys(['example_short_circuit_decorator']) retrieved from /home/airflow/.local/lib/python3.8/site-packages/airflow/example_dags/example_short_circuit_decorator.py
[2024-10-06T23:13:57.470+0000] {logging_mixin.py:154} INFO - [2024-10-06T23:13:57.469+0000] {dag.py:2941} INFO - Sync 1 DAGs
[2024-10-06T23:13:57.477+0000] {logging_mixin.py:154} INFO - [2024-10-06T23:13:57.477+0000] {dag.py:3722} INFO - Setting next_dagrun for example_short_circuit_decorator to 2024-10-05T23:13:57.477642+00:00, run_after=2024-10-06T23:13:57.477642+00:00
[2024-10-06T23:13:57.485+0000] {processor.py:179} INFO - Processing /home/airflow/.local/lib/python3.8/site-packages/airflow/example_dags/example_short_circuit_decorator.py took 0.032 seconds
[2024-10-06T23:14:27.961+0000] {processor.py:157} INFO - Started process (PID=28982) to work on /home/airflow/.local/lib/python3.8/site-packages/airflow/example_dags/example_short_circuit_decorator.py
[2024-10-06T23:14:27.961+0000] {processor.py:829} INFO - Processing file /home/airflow/.local/lib/python3.8/site-packages/airflow/example_dags/example_short_circuit_decorator.py for tasks to queue
[2024-10-06T23:14:27.963+0000] {logging_mixin.py:154} INFO - [2024-10-06T23:14:27.963+0000] {dagbag.py:536} INFO - Filling up the DagBag from /home/airflow/.local/lib/python3.8/site-packages/airflow/example_dags/example_short_circuit_decorator.py
[2024-10-06T23:14:27.966+0000] {processor.py:839} INFO - DAG(s) dict_keys(['example_short_circuit_decorator']) retrieved from /home/airflow/.local/lib/python3.8/site-packages/airflow/example_dags/example_short_circuit_decorator.py
[2024-10-06T23:14:27.975+0000] {logging_mixin.py:154} INFO - [2024-10-06T23:14:27.975+0000] {dag.py:2941} INFO - Sync 1 DAGs
[2024-10-06T23:14:27.983+0000] {logging_mixin.py:154} INFO - [2024-10-06T23:14:27.983+0000] {dag.py:3722} INFO - Setting next_dagrun for example_short_circuit_decorator to 2024-10-05T23:14:27.983061+00:00, run_after=2024-10-06T23:14:27.983061+00:00
[2024-10-06T23:14:27.989+0000] {processor.py:179} INFO - Processing /home/airflow/.local/lib/python3.8/site-packages/airflow/example_dags/example_short_circuit_decorator.py took 0.029 seconds
[2024-10-06T23:14:58.444+0000] {processor.py:157} INFO - Started process (PID=29036) to work on /home/airflow/.local/lib/python3.8/site-packages/airflow/example_dags/example_short_circuit_decorator.py
[2024-10-06T23:14:58.445+0000] {processor.py:829} INFO - Processing file /home/airflow/.local/lib/python3.8/site-packages/airflow/example_dags/example_short_circuit_decorator.py for tasks to queue
[2024-10-06T23:14:58.446+0000] {logging_mixin.py:154} INFO - [2024-10-06T23:14:58.446+0000] {dagbag.py:536} INFO - Filling up the DagBag from /home/airflow/.local/lib/python3.8/site-packages/airflow/example_dags/example_short_circuit_decorator.py
[2024-10-06T23:14:58.450+0000] {processor.py:839} INFO - DAG(s) dict_keys(['example_short_circuit_decorator']) retrieved from /home/airflow/.local/lib/python3.8/site-packages/airflow/example_dags/example_short_circuit_decorator.py
[2024-10-06T23:14:58.460+0000] {logging_mixin.py:154} INFO - [2024-10-06T23:14:58.460+0000] {dag.py:2941} INFO - Sync 1 DAGs
[2024-10-06T23:14:58.468+0000] {logging_mixin.py:154} INFO - [2024-10-06T23:14:58.468+0000] {dag.py:3722} INFO - Setting next_dagrun for example_short_circuit_decorator to 2024-10-05T23:14:58.468252+00:00, run_after=2024-10-06T23:14:58.468252+00:00
[2024-10-06T23:14:58.474+0000] {processor.py:179} INFO - Processing /home/airflow/.local/lib/python3.8/site-packages/airflow/example_dags/example_short_circuit_decorator.py took 0.032 seconds
[2024-10-06T23:15:28.827+0000] {processor.py:157} INFO - Started process (PID=29090) to work on /home/airflow/.local/lib/python3.8/site-packages/airflow/example_dags/example_short_circuit_decorator.py
[2024-10-06T23:15:28.828+0000] {processor.py:829} INFO - Processing file /home/airflow/.local/lib/python3.8/site-packages/airflow/example_dags/example_short_circuit_decorator.py for tasks to queue
[2024-10-06T23:15:28.829+0000] {logging_mixin.py:154} INFO - [2024-10-06T23:15:28.829+0000] {dagbag.py:536} INFO - Filling up the DagBag from /home/airflow/.local/lib/python3.8/site-packages/airflow/example_dags/example_short_circuit_decorator.py
[2024-10-06T23:15:28.833+0000] {processor.py:839} INFO - DAG(s) dict_keys(['example_short_circuit_decorator']) retrieved from /home/airflow/.local/lib/python3.8/site-packages/airflow/example_dags/example_short_circuit_decorator.py
[2024-10-06T23:15:28.843+0000] {logging_mixin.py:154} INFO - [2024-10-06T23:15:28.843+0000] {dag.py:2941} INFO - Sync 1 DAGs
[2024-10-06T23:15:28.851+0000] {logging_mixin.py:154} INFO - [2024-10-06T23:15:28.851+0000] {dag.py:3722} INFO - Setting next_dagrun for example_short_circuit_decorator to 2024-10-05T23:15:28.851563+00:00, run_after=2024-10-06T23:15:28.851563+00:00
[2024-10-06T23:15:28.858+0000] {processor.py:179} INFO - Processing /home/airflow/.local/lib/python3.8/site-packages/airflow/example_dags/example_short_circuit_decorator.py took 0.032 seconds
[2024-10-06T23:54:56.350+0000] {processor.py:157} INFO - Started process (PID=29137) to work on /home/airflow/.local/lib/python3.8/site-packages/airflow/example_dags/example_short_circuit_decorator.py
[2024-10-06T23:54:56.351+0000] {processor.py:829} INFO - Processing file /home/airflow/.local/lib/python3.8/site-packages/airflow/example_dags/example_short_circuit_decorator.py for tasks to queue
[2024-10-06T23:54:56.353+0000] {logging_mixin.py:154} INFO - [2024-10-06T23:54:56.352+0000] {dagbag.py:536} INFO - Filling up the DagBag from /home/airflow/.local/lib/python3.8/site-packages/airflow/example_dags/example_short_circuit_decorator.py
[2024-10-06T23:54:56.358+0000] {processor.py:839} INFO - DAG(s) dict_keys(['example_short_circuit_decorator']) retrieved from /home/airflow/.local/lib/python3.8/site-packages/airflow/example_dags/example_short_circuit_decorator.py
[2024-10-06T23:54:56.378+0000] {logging_mixin.py:154} INFO - [2024-10-06T23:54:56.377+0000] {dag.py:2941} INFO - Sync 1 DAGs
[2024-10-06T23:54:56.394+0000] {logging_mixin.py:154} INFO - [2024-10-06T23:54:56.393+0000] {dag.py:3722} INFO - Setting next_dagrun for example_short_circuit_decorator to 2024-10-05T23:54:56.393660+00:00, run_after=2024-10-06T23:54:56.393660+00:00
[2024-10-06T23:54:56.411+0000] {processor.py:179} INFO - Processing /home/airflow/.local/lib/python3.8/site-packages/airflow/example_dags/example_short_circuit_decorator.py took 0.062 seconds
