[2024-10-06T00:48:02.076+0000] {processor.py:157} INFO - Started process (PID=25812) to work on /home/airflow/.local/lib/python3.8/site-packages/airflow/example_dags/example_sla_dag.py
[2024-10-06T00:48:02.076+0000] {processor.py:829} INFO - Processing file /home/airflow/.local/lib/python3.8/site-packages/airflow/example_dags/example_sla_dag.py for tasks to queue
[2024-10-06T00:48:02.077+0000] {logging_mixin.py:154} INFO - [2024-10-06T00:48:02.077+0000] {dagbag.py:536} INFO - Filling up the DagBag from /home/airflow/.local/lib/python3.8/site-packages/airflow/example_dags/example_sla_dag.py
[2024-10-06T00:48:02.082+0000] {processor.py:839} INFO - DAG(s) dict_keys(['example_sla_dag']) retrieved from /home/airflow/.local/lib/python3.8/site-packages/airflow/example_dags/example_sla_dag.py
[2024-10-06T00:48:02.092+0000] {logging_mixin.py:154} INFO - [2024-10-06T00:48:02.091+0000] {dag.py:2941} INFO - Sync 1 DAGs
[2024-10-06T00:48:02.102+0000] {logging_mixin.py:154} INFO - [2024-10-06T00:48:02.102+0000] {dag.py:3722} INFO - Setting next_dagrun for example_sla_dag to 2024-10-06T00:46:00+00:00, run_after=2024-10-06T00:48:00+00:00
[2024-10-06T00:48:02.109+0000] {processor.py:179} INFO - Processing /home/airflow/.local/lib/python3.8/site-packages/airflow/example_dags/example_sla_dag.py took 0.035 seconds
[2024-10-06T00:59:19.214+0000] {processor.py:157} INFO - Started process (PID=25866) to work on /home/airflow/.local/lib/python3.8/site-packages/airflow/example_dags/example_sla_dag.py
[2024-10-06T00:59:19.215+0000] {processor.py:829} INFO - Processing file /home/airflow/.local/lib/python3.8/site-packages/airflow/example_dags/example_sla_dag.py for tasks to queue
[2024-10-06T00:59:19.217+0000] {logging_mixin.py:154} INFO - [2024-10-06T00:59:19.217+0000] {dagbag.py:536} INFO - Filling up the DagBag from /home/airflow/.local/lib/python3.8/site-packages/airflow/example_dags/example_sla_dag.py
[2024-10-06T00:59:19.223+0000] {processor.py:839} INFO - DAG(s) dict_keys(['example_sla_dag']) retrieved from /home/airflow/.local/lib/python3.8/site-packages/airflow/example_dags/example_sla_dag.py
[2024-10-06T00:59:19.236+0000] {logging_mixin.py:154} INFO - [2024-10-06T00:59:19.236+0000] {dag.py:2941} INFO - Sync 1 DAGs
[2024-10-06T00:59:19.249+0000] {logging_mixin.py:154} INFO - [2024-10-06T00:59:19.248+0000] {dag.py:3722} INFO - Setting next_dagrun for example_sla_dag to 2024-10-06T00:56:00+00:00, run_after=2024-10-06T00:58:00+00:00
[2024-10-06T00:59:19.258+0000] {processor.py:179} INFO - Processing /home/airflow/.local/lib/python3.8/site-packages/airflow/example_dags/example_sla_dag.py took 0.046 seconds
[2024-10-06T02:12:20.279+0000] {processor.py:157} INFO - Started process (PID=25920) to work on /home/airflow/.local/lib/python3.8/site-packages/airflow/example_dags/example_sla_dag.py
[2024-10-06T02:12:20.280+0000] {processor.py:829} INFO - Processing file /home/airflow/.local/lib/python3.8/site-packages/airflow/example_dags/example_sla_dag.py for tasks to queue
[2024-10-06T02:12:20.281+0000] {logging_mixin.py:154} INFO - [2024-10-06T02:12:20.281+0000] {dagbag.py:536} INFO - Filling up the DagBag from /home/airflow/.local/lib/python3.8/site-packages/airflow/example_dags/example_sla_dag.py
[2024-10-06T02:12:20.286+0000] {processor.py:839} INFO - DAG(s) dict_keys(['example_sla_dag']) retrieved from /home/airflow/.local/lib/python3.8/site-packages/airflow/example_dags/example_sla_dag.py
[2024-10-06T02:12:20.298+0000] {logging_mixin.py:154} INFO - [2024-10-06T02:12:20.298+0000] {dag.py:2941} INFO - Sync 1 DAGs
[2024-10-06T02:12:20.310+0000] {logging_mixin.py:154} INFO - [2024-10-06T02:12:20.310+0000] {dag.py:3722} INFO - Setting next_dagrun for example_sla_dag to 2024-10-06T02:10:00+00:00, run_after=2024-10-06T02:12:00+00:00
[2024-10-06T02:12:20.320+0000] {processor.py:179} INFO - Processing /home/airflow/.local/lib/python3.8/site-packages/airflow/example_dags/example_sla_dag.py took 0.043 seconds
[2024-10-06T02:48:47.433+0000] {processor.py:157} INFO - Started process (PID=25974) to work on /home/airflow/.local/lib/python3.8/site-packages/airflow/example_dags/example_sla_dag.py
[2024-10-06T02:48:47.433+0000] {processor.py:829} INFO - Processing file /home/airflow/.local/lib/python3.8/site-packages/airflow/example_dags/example_sla_dag.py for tasks to queue
[2024-10-06T02:48:47.434+0000] {logging_mixin.py:154} INFO - [2024-10-06T02:48:47.434+0000] {dagbag.py:536} INFO - Filling up the DagBag from /home/airflow/.local/lib/python3.8/site-packages/airflow/example_dags/example_sla_dag.py
[2024-10-06T02:48:47.439+0000] {processor.py:839} INFO - DAG(s) dict_keys(['example_sla_dag']) retrieved from /home/airflow/.local/lib/python3.8/site-packages/airflow/example_dags/example_sla_dag.py
[2024-10-06T02:48:47.448+0000] {logging_mixin.py:154} INFO - [2024-10-06T02:48:47.447+0000] {dag.py:2941} INFO - Sync 1 DAGs
[2024-10-06T02:48:47.457+0000] {logging_mixin.py:154} INFO - [2024-10-06T02:48:47.457+0000] {dag.py:3722} INFO - Setting next_dagrun for example_sla_dag to 2024-10-06T02:46:00+00:00, run_after=2024-10-06T02:48:00+00:00
[2024-10-06T02:48:47.463+0000] {processor.py:179} INFO - Processing /home/airflow/.local/lib/python3.8/site-packages/airflow/example_dags/example_sla_dag.py took 0.032 seconds
[2024-10-06T03:19:23.066+0000] {processor.py:157} INFO - Started process (PID=26028) to work on /home/airflow/.local/lib/python3.8/site-packages/airflow/example_dags/example_sla_dag.py
[2024-10-06T03:19:23.066+0000] {processor.py:829} INFO - Processing file /home/airflow/.local/lib/python3.8/site-packages/airflow/example_dags/example_sla_dag.py for tasks to queue
[2024-10-06T03:19:23.067+0000] {logging_mixin.py:154} INFO - [2024-10-06T03:19:23.067+0000] {dagbag.py:536} INFO - Filling up the DagBag from /home/airflow/.local/lib/python3.8/site-packages/airflow/example_dags/example_sla_dag.py
[2024-10-06T03:19:23.071+0000] {processor.py:839} INFO - DAG(s) dict_keys(['example_sla_dag']) retrieved from /home/airflow/.local/lib/python3.8/site-packages/airflow/example_dags/example_sla_dag.py
[2024-10-06T03:19:23.079+0000] {logging_mixin.py:154} INFO - [2024-10-06T03:19:23.079+0000] {dag.py:2941} INFO - Sync 1 DAGs
[2024-10-06T03:19:23.088+0000] {logging_mixin.py:154} INFO - [2024-10-06T03:19:23.088+0000] {dag.py:3722} INFO - Setting next_dagrun for example_sla_dag to 2024-10-06T03:16:00+00:00, run_after=2024-10-06T03:18:00+00:00
[2024-10-06T03:19:23.094+0000] {processor.py:179} INFO - Processing /home/airflow/.local/lib/python3.8/site-packages/airflow/example_dags/example_sla_dag.py took 0.030 seconds
[2024-10-06T04:34:56.666+0000] {processor.py:157} INFO - Started process (PID=26082) to work on /home/airflow/.local/lib/python3.8/site-packages/airflow/example_dags/example_sla_dag.py
[2024-10-06T04:34:56.666+0000] {processor.py:829} INFO - Processing file /home/airflow/.local/lib/python3.8/site-packages/airflow/example_dags/example_sla_dag.py for tasks to queue
[2024-10-06T04:34:56.668+0000] {logging_mixin.py:154} INFO - [2024-10-06T04:34:56.667+0000] {dagbag.py:536} INFO - Filling up the DagBag from /home/airflow/.local/lib/python3.8/site-packages/airflow/example_dags/example_sla_dag.py
[2024-10-06T04:34:56.672+0000] {processor.py:839} INFO - DAG(s) dict_keys(['example_sla_dag']) retrieved from /home/airflow/.local/lib/python3.8/site-packages/airflow/example_dags/example_sla_dag.py
[2024-10-06T04:34:56.680+0000] {logging_mixin.py:154} INFO - [2024-10-06T04:34:56.680+0000] {dag.py:2941} INFO - Sync 1 DAGs
[2024-10-06T04:34:56.690+0000] {logging_mixin.py:154} INFO - [2024-10-06T04:34:56.690+0000] {dag.py:3722} INFO - Setting next_dagrun for example_sla_dag to 2024-10-06T04:32:00+00:00, run_after=2024-10-06T04:34:00+00:00
[2024-10-06T04:34:56.696+0000] {processor.py:179} INFO - Processing /home/airflow/.local/lib/python3.8/site-packages/airflow/example_dags/example_sla_dag.py took 0.031 seconds
[2024-10-06T05:54:01.489+0000] {processor.py:157} INFO - Started process (PID=26136) to work on /home/airflow/.local/lib/python3.8/site-packages/airflow/example_dags/example_sla_dag.py
[2024-10-06T05:54:01.490+0000] {processor.py:829} INFO - Processing file /home/airflow/.local/lib/python3.8/site-packages/airflow/example_dags/example_sla_dag.py for tasks to queue
[2024-10-06T05:54:01.492+0000] {logging_mixin.py:154} INFO - [2024-10-06T05:54:01.492+0000] {dagbag.py:536} INFO - Filling up the DagBag from /home/airflow/.local/lib/python3.8/site-packages/airflow/example_dags/example_sla_dag.py
[2024-10-06T05:54:01.498+0000] {processor.py:839} INFO - DAG(s) dict_keys(['example_sla_dag']) retrieved from /home/airflow/.local/lib/python3.8/site-packages/airflow/example_dags/example_sla_dag.py
[2024-10-06T05:54:01.511+0000] {logging_mixin.py:154} INFO - [2024-10-06T05:54:01.511+0000] {dag.py:2941} INFO - Sync 1 DAGs
[2024-10-06T05:54:01.523+0000] {logging_mixin.py:154} INFO - [2024-10-06T05:54:01.523+0000] {dag.py:3722} INFO - Setting next_dagrun for example_sla_dag to 2024-10-06T05:52:00+00:00, run_after=2024-10-06T05:54:00+00:00
[2024-10-06T05:54:01.532+0000] {processor.py:179} INFO - Processing /home/airflow/.local/lib/python3.8/site-packages/airflow/example_dags/example_sla_dag.py took 0.045 seconds
[2024-10-06T06:41:07.265+0000] {processor.py:157} INFO - Started process (PID=26190) to work on /home/airflow/.local/lib/python3.8/site-packages/airflow/example_dags/example_sla_dag.py
[2024-10-06T06:41:07.266+0000] {processor.py:829} INFO - Processing file /home/airflow/.local/lib/python3.8/site-packages/airflow/example_dags/example_sla_dag.py for tasks to queue
[2024-10-06T06:41:07.267+0000] {logging_mixin.py:154} INFO - [2024-10-06T06:41:07.267+0000] {dagbag.py:536} INFO - Filling up the DagBag from /home/airflow/.local/lib/python3.8/site-packages/airflow/example_dags/example_sla_dag.py
[2024-10-06T06:41:07.272+0000] {processor.py:839} INFO - DAG(s) dict_keys(['example_sla_dag']) retrieved from /home/airflow/.local/lib/python3.8/site-packages/airflow/example_dags/example_sla_dag.py
[2024-10-06T06:41:07.282+0000] {logging_mixin.py:154} INFO - [2024-10-06T06:41:07.282+0000] {dag.py:2941} INFO - Sync 1 DAGs
[2024-10-06T06:41:07.293+0000] {logging_mixin.py:154} INFO - [2024-10-06T06:41:07.293+0000] {dag.py:3722} INFO - Setting next_dagrun for example_sla_dag to 2024-10-06T06:38:00+00:00, run_after=2024-10-06T06:40:00+00:00
[2024-10-06T06:41:07.300+0000] {processor.py:179} INFO - Processing /home/airflow/.local/lib/python3.8/site-packages/airflow/example_dags/example_sla_dag.py took 0.037 seconds
[2024-10-06T08:19:29.932+0000] {processor.py:157} INFO - Started process (PID=26244) to work on /home/airflow/.local/lib/python3.8/site-packages/airflow/example_dags/example_sla_dag.py
[2024-10-06T08:19:29.933+0000] {processor.py:829} INFO - Processing file /home/airflow/.local/lib/python3.8/site-packages/airflow/example_dags/example_sla_dag.py for tasks to queue
[2024-10-06T08:19:29.937+0000] {logging_mixin.py:154} INFO - [2024-10-06T08:19:29.937+0000] {dagbag.py:536} INFO - Filling up the DagBag from /home/airflow/.local/lib/python3.8/site-packages/airflow/example_dags/example_sla_dag.py
[2024-10-06T08:19:29.943+0000] {processor.py:839} INFO - DAG(s) dict_keys(['example_sla_dag']) retrieved from /home/airflow/.local/lib/python3.8/site-packages/airflow/example_dags/example_sla_dag.py
[2024-10-06T08:19:29.955+0000] {logging_mixin.py:154} INFO - [2024-10-06T08:19:29.955+0000] {dag.py:2941} INFO - Sync 1 DAGs
[2024-10-06T08:19:29.968+0000] {logging_mixin.py:154} INFO - [2024-10-06T08:19:29.967+0000] {dag.py:3722} INFO - Setting next_dagrun for example_sla_dag to 2024-10-06T08:16:00+00:00, run_after=2024-10-06T08:18:00+00:00
[2024-10-06T08:19:29.975+0000] {processor.py:179} INFO - Processing /home/airflow/.local/lib/python3.8/site-packages/airflow/example_dags/example_sla_dag.py took 0.046 seconds
[2024-10-06T09:31:45.868+0000] {processor.py:157} INFO - Started process (PID=26298) to work on /home/airflow/.local/lib/python3.8/site-packages/airflow/example_dags/example_sla_dag.py
[2024-10-06T09:31:45.868+0000] {processor.py:829} INFO - Processing file /home/airflow/.local/lib/python3.8/site-packages/airflow/example_dags/example_sla_dag.py for tasks to queue
[2024-10-06T09:31:45.869+0000] {logging_mixin.py:154} INFO - [2024-10-06T09:31:45.869+0000] {dagbag.py:536} INFO - Filling up the DagBag from /home/airflow/.local/lib/python3.8/site-packages/airflow/example_dags/example_sla_dag.py
[2024-10-06T09:31:45.873+0000] {processor.py:839} INFO - DAG(s) dict_keys(['example_sla_dag']) retrieved from /home/airflow/.local/lib/python3.8/site-packages/airflow/example_dags/example_sla_dag.py
[2024-10-06T09:31:45.882+0000] {logging_mixin.py:154} INFO - [2024-10-06T09:31:45.882+0000] {dag.py:2941} INFO - Sync 1 DAGs
[2024-10-06T09:31:45.893+0000] {logging_mixin.py:154} INFO - [2024-10-06T09:31:45.892+0000] {dag.py:3722} INFO - Setting next_dagrun for example_sla_dag to 2024-10-06T09:28:00+00:00, run_after=2024-10-06T09:30:00+00:00
[2024-10-06T09:31:45.899+0000] {processor.py:179} INFO - Processing /home/airflow/.local/lib/python3.8/site-packages/airflow/example_dags/example_sla_dag.py took 0.033 seconds
[2024-10-06T10:45:25.768+0000] {processor.py:157} INFO - Started process (PID=26352) to work on /home/airflow/.local/lib/python3.8/site-packages/airflow/example_dags/example_sla_dag.py
[2024-10-06T10:45:25.768+0000] {processor.py:829} INFO - Processing file /home/airflow/.local/lib/python3.8/site-packages/airflow/example_dags/example_sla_dag.py for tasks to queue
[2024-10-06T10:45:25.769+0000] {logging_mixin.py:154} INFO - [2024-10-06T10:45:25.769+0000] {dagbag.py:536} INFO - Filling up the DagBag from /home/airflow/.local/lib/python3.8/site-packages/airflow/example_dags/example_sla_dag.py
[2024-10-06T10:45:25.773+0000] {processor.py:839} INFO - DAG(s) dict_keys(['example_sla_dag']) retrieved from /home/airflow/.local/lib/python3.8/site-packages/airflow/example_dags/example_sla_dag.py
[2024-10-06T10:45:25.781+0000] {logging_mixin.py:154} INFO - [2024-10-06T10:45:25.781+0000] {dag.py:2941} INFO - Sync 1 DAGs
[2024-10-06T10:45:25.790+0000] {logging_mixin.py:154} INFO - [2024-10-06T10:45:25.790+0000] {dag.py:3722} INFO - Setting next_dagrun for example_sla_dag to 2024-10-06T10:42:00+00:00, run_after=2024-10-06T10:44:00+00:00
[2024-10-06T10:45:25.796+0000] {processor.py:179} INFO - Processing /home/airflow/.local/lib/python3.8/site-packages/airflow/example_dags/example_sla_dag.py took 0.030 seconds
[2024-10-06T11:46:26.178+0000] {processor.py:157} INFO - Started process (PID=26406) to work on /home/airflow/.local/lib/python3.8/site-packages/airflow/example_dags/example_sla_dag.py
[2024-10-06T11:46:26.179+0000] {processor.py:829} INFO - Processing file /home/airflow/.local/lib/python3.8/site-packages/airflow/example_dags/example_sla_dag.py for tasks to queue
[2024-10-06T11:46:26.180+0000] {logging_mixin.py:154} INFO - [2024-10-06T11:46:26.180+0000] {dagbag.py:536} INFO - Filling up the DagBag from /home/airflow/.local/lib/python3.8/site-packages/airflow/example_dags/example_sla_dag.py
[2024-10-06T11:46:26.184+0000] {processor.py:839} INFO - DAG(s) dict_keys(['example_sla_dag']) retrieved from /home/airflow/.local/lib/python3.8/site-packages/airflow/example_dags/example_sla_dag.py
[2024-10-06T11:46:26.193+0000] {logging_mixin.py:154} INFO - [2024-10-06T11:46:26.193+0000] {dag.py:2941} INFO - Sync 1 DAGs
[2024-10-06T11:46:26.203+0000] {logging_mixin.py:154} INFO - [2024-10-06T11:46:26.203+0000] {dag.py:3722} INFO - Setting next_dagrun for example_sla_dag to 2024-10-06T11:44:00+00:00, run_after=2024-10-06T11:46:00+00:00
[2024-10-06T11:46:26.209+0000] {processor.py:179} INFO - Processing /home/airflow/.local/lib/python3.8/site-packages/airflow/example_dags/example_sla_dag.py took 0.032 seconds
[2024-10-06T12:33:57.703+0000] {processor.py:157} INFO - Started process (PID=26460) to work on /home/airflow/.local/lib/python3.8/site-packages/airflow/example_dags/example_sla_dag.py
[2024-10-06T12:33:57.704+0000] {processor.py:829} INFO - Processing file /home/airflow/.local/lib/python3.8/site-packages/airflow/example_dags/example_sla_dag.py for tasks to queue
[2024-10-06T12:33:57.705+0000] {logging_mixin.py:154} INFO - [2024-10-06T12:33:57.705+0000] {dagbag.py:536} INFO - Filling up the DagBag from /home/airflow/.local/lib/python3.8/site-packages/airflow/example_dags/example_sla_dag.py
[2024-10-06T12:33:57.709+0000] {processor.py:839} INFO - DAG(s) dict_keys(['example_sla_dag']) retrieved from /home/airflow/.local/lib/python3.8/site-packages/airflow/example_dags/example_sla_dag.py
[2024-10-06T12:33:57.718+0000] {logging_mixin.py:154} INFO - [2024-10-06T12:33:57.718+0000] {dag.py:2941} INFO - Sync 1 DAGs
[2024-10-06T12:33:57.728+0000] {logging_mixin.py:154} INFO - [2024-10-06T12:33:57.728+0000] {dag.py:3722} INFO - Setting next_dagrun for example_sla_dag to 2024-10-06T12:30:00+00:00, run_after=2024-10-06T12:32:00+00:00
[2024-10-06T12:33:57.735+0000] {processor.py:179} INFO - Processing /home/airflow/.local/lib/python3.8/site-packages/airflow/example_dags/example_sla_dag.py took 0.033 seconds
[2024-10-06T13:17:28.419+0000] {processor.py:157} INFO - Started process (PID=26514) to work on /home/airflow/.local/lib/python3.8/site-packages/airflow/example_dags/example_sla_dag.py
[2024-10-06T13:17:28.420+0000] {processor.py:829} INFO - Processing file /home/airflow/.local/lib/python3.8/site-packages/airflow/example_dags/example_sla_dag.py for tasks to queue
[2024-10-06T13:17:28.421+0000] {logging_mixin.py:154} INFO - [2024-10-06T13:17:28.420+0000] {dagbag.py:536} INFO - Filling up the DagBag from /home/airflow/.local/lib/python3.8/site-packages/airflow/example_dags/example_sla_dag.py
[2024-10-06T13:17:28.425+0000] {processor.py:839} INFO - DAG(s) dict_keys(['example_sla_dag']) retrieved from /home/airflow/.local/lib/python3.8/site-packages/airflow/example_dags/example_sla_dag.py
[2024-10-06T13:17:28.432+0000] {logging_mixin.py:154} INFO - [2024-10-06T13:17:28.432+0000] {dag.py:2941} INFO - Sync 1 DAGs
[2024-10-06T13:17:28.441+0000] {logging_mixin.py:154} INFO - [2024-10-06T13:17:28.441+0000] {dag.py:3722} INFO - Setting next_dagrun for example_sla_dag to 2024-10-06T13:14:00+00:00, run_after=2024-10-06T13:16:00+00:00
[2024-10-06T13:17:28.447+0000] {processor.py:179} INFO - Processing /home/airflow/.local/lib/python3.8/site-packages/airflow/example_dags/example_sla_dag.py took 0.029 seconds
[2024-10-06T14:49:26.806+0000] {processor.py:157} INFO - Started process (PID=26568) to work on /home/airflow/.local/lib/python3.8/site-packages/airflow/example_dags/example_sla_dag.py
[2024-10-06T14:49:26.806+0000] {processor.py:829} INFO - Processing file /home/airflow/.local/lib/python3.8/site-packages/airflow/example_dags/example_sla_dag.py for tasks to queue
[2024-10-06T14:49:26.807+0000] {logging_mixin.py:154} INFO - [2024-10-06T14:49:26.807+0000] {dagbag.py:536} INFO - Filling up the DagBag from /home/airflow/.local/lib/python3.8/site-packages/airflow/example_dags/example_sla_dag.py
[2024-10-06T14:49:26.811+0000] {processor.py:839} INFO - DAG(s) dict_keys(['example_sla_dag']) retrieved from /home/airflow/.local/lib/python3.8/site-packages/airflow/example_dags/example_sla_dag.py
[2024-10-06T14:49:26.820+0000] {logging_mixin.py:154} INFO - [2024-10-06T14:49:26.820+0000] {dag.py:2941} INFO - Sync 1 DAGs
[2024-10-06T14:49:26.830+0000] {logging_mixin.py:154} INFO - [2024-10-06T14:49:26.830+0000] {dag.py:3722} INFO - Setting next_dagrun for example_sla_dag to 2024-10-06T14:46:00+00:00, run_after=2024-10-06T14:48:00+00:00
[2024-10-06T14:49:26.836+0000] {processor.py:179} INFO - Processing /home/airflow/.local/lib/python3.8/site-packages/airflow/example_dags/example_sla_dag.py took 0.032 seconds
[2024-10-06T15:50:31.167+0000] {processor.py:157} INFO - Started process (PID=26622) to work on /home/airflow/.local/lib/python3.8/site-packages/airflow/example_dags/example_sla_dag.py
[2024-10-06T15:50:31.167+0000] {processor.py:829} INFO - Processing file /home/airflow/.local/lib/python3.8/site-packages/airflow/example_dags/example_sla_dag.py for tasks to queue
[2024-10-06T15:50:31.168+0000] {logging_mixin.py:154} INFO - [2024-10-06T15:50:31.168+0000] {dagbag.py:536} INFO - Filling up the DagBag from /home/airflow/.local/lib/python3.8/site-packages/airflow/example_dags/example_sla_dag.py
[2024-10-06T15:50:31.172+0000] {processor.py:839} INFO - DAG(s) dict_keys(['example_sla_dag']) retrieved from /home/airflow/.local/lib/python3.8/site-packages/airflow/example_dags/example_sla_dag.py
[2024-10-06T15:50:31.181+0000] {logging_mixin.py:154} INFO - [2024-10-06T15:50:31.181+0000] {dag.py:2941} INFO - Sync 1 DAGs
[2024-10-06T15:50:31.192+0000] {logging_mixin.py:154} INFO - [2024-10-06T15:50:31.192+0000] {dag.py:3722} INFO - Setting next_dagrun for example_sla_dag to 2024-10-06T15:48:00+00:00, run_after=2024-10-06T15:50:00+00:00
[2024-10-06T15:50:31.198+0000] {processor.py:179} INFO - Processing /home/airflow/.local/lib/python3.8/site-packages/airflow/example_dags/example_sla_dag.py took 0.033 seconds
[2024-10-06T16:11:24.159+0000] {processor.py:157} INFO - Started process (PID=26676) to work on /home/airflow/.local/lib/python3.8/site-packages/airflow/example_dags/example_sla_dag.py
[2024-10-06T16:11:24.159+0000] {processor.py:829} INFO - Processing file /home/airflow/.local/lib/python3.8/site-packages/airflow/example_dags/example_sla_dag.py for tasks to queue
[2024-10-06T16:11:24.161+0000] {logging_mixin.py:154} INFO - [2024-10-06T16:11:24.160+0000] {dagbag.py:536} INFO - Filling up the DagBag from /home/airflow/.local/lib/python3.8/site-packages/airflow/example_dags/example_sla_dag.py
[2024-10-06T16:11:24.165+0000] {processor.py:839} INFO - DAG(s) dict_keys(['example_sla_dag']) retrieved from /home/airflow/.local/lib/python3.8/site-packages/airflow/example_dags/example_sla_dag.py
[2024-10-06T16:11:24.173+0000] {logging_mixin.py:154} INFO - [2024-10-06T16:11:24.173+0000] {dag.py:2941} INFO - Sync 1 DAGs
[2024-10-06T16:11:24.183+0000] {logging_mixin.py:154} INFO - [2024-10-06T16:11:24.183+0000] {dag.py:3722} INFO - Setting next_dagrun for example_sla_dag to 2024-10-06T16:08:00+00:00, run_after=2024-10-06T16:10:00+00:00
[2024-10-06T16:11:24.189+0000] {processor.py:179} INFO - Processing /home/airflow/.local/lib/python3.8/site-packages/airflow/example_dags/example_sla_dag.py took 0.032 seconds
[2024-10-06T16:17:00.936+0000] {processor.py:157} INFO - Started process (PID=26730) to work on /home/airflow/.local/lib/python3.8/site-packages/airflow/example_dags/example_sla_dag.py
[2024-10-06T16:17:00.937+0000] {processor.py:829} INFO - Processing file /home/airflow/.local/lib/python3.8/site-packages/airflow/example_dags/example_sla_dag.py for tasks to queue
[2024-10-06T16:17:00.938+0000] {logging_mixin.py:154} INFO - [2024-10-06T16:17:00.938+0000] {dagbag.py:536} INFO - Filling up the DagBag from /home/airflow/.local/lib/python3.8/site-packages/airflow/example_dags/example_sla_dag.py
[2024-10-06T16:17:00.942+0000] {processor.py:839} INFO - DAG(s) dict_keys(['example_sla_dag']) retrieved from /home/airflow/.local/lib/python3.8/site-packages/airflow/example_dags/example_sla_dag.py
[2024-10-06T16:17:00.951+0000] {logging_mixin.py:154} INFO - [2024-10-06T16:17:00.951+0000] {dag.py:2941} INFO - Sync 1 DAGs
[2024-10-06T16:17:00.960+0000] {logging_mixin.py:154} INFO - [2024-10-06T16:17:00.960+0000] {dag.py:3722} INFO - Setting next_dagrun for example_sla_dag to 2024-10-06T16:14:00+00:00, run_after=2024-10-06T16:16:00+00:00
[2024-10-06T16:17:00.968+0000] {processor.py:179} INFO - Processing /home/airflow/.local/lib/python3.8/site-packages/airflow/example_dags/example_sla_dag.py took 0.033 seconds
[2024-10-06T17:25:37.857+0000] {processor.py:157} INFO - Started process (PID=26784) to work on /home/airflow/.local/lib/python3.8/site-packages/airflow/example_dags/example_sla_dag.py
[2024-10-06T17:25:37.857+0000] {processor.py:829} INFO - Processing file /home/airflow/.local/lib/python3.8/site-packages/airflow/example_dags/example_sla_dag.py for tasks to queue
[2024-10-06T17:25:37.858+0000] {logging_mixin.py:154} INFO - [2024-10-06T17:25:37.858+0000] {dagbag.py:536} INFO - Filling up the DagBag from /home/airflow/.local/lib/python3.8/site-packages/airflow/example_dags/example_sla_dag.py
[2024-10-06T17:25:37.862+0000] {processor.py:839} INFO - DAG(s) dict_keys(['example_sla_dag']) retrieved from /home/airflow/.local/lib/python3.8/site-packages/airflow/example_dags/example_sla_dag.py
[2024-10-06T17:25:37.871+0000] {logging_mixin.py:154} INFO - [2024-10-06T17:25:37.871+0000] {dag.py:2941} INFO - Sync 1 DAGs
[2024-10-06T17:25:37.881+0000] {logging_mixin.py:154} INFO - [2024-10-06T17:25:37.881+0000] {dag.py:3722} INFO - Setting next_dagrun for example_sla_dag to 2024-10-06T17:22:00+00:00, run_after=2024-10-06T17:24:00+00:00
[2024-10-06T17:25:37.887+0000] {processor.py:179} INFO - Processing /home/airflow/.local/lib/python3.8/site-packages/airflow/example_dags/example_sla_dag.py took 0.032 seconds
[2024-10-06T17:48:10.708+0000] {processor.py:157} INFO - Started process (PID=26838) to work on /home/airflow/.local/lib/python3.8/site-packages/airflow/example_dags/example_sla_dag.py
[2024-10-06T17:48:10.709+0000] {processor.py:829} INFO - Processing file /home/airflow/.local/lib/python3.8/site-packages/airflow/example_dags/example_sla_dag.py for tasks to queue
[2024-10-06T17:48:10.710+0000] {logging_mixin.py:154} INFO - [2024-10-06T17:48:10.709+0000] {dagbag.py:536} INFO - Filling up the DagBag from /home/airflow/.local/lib/python3.8/site-packages/airflow/example_dags/example_sla_dag.py
[2024-10-06T17:48:10.714+0000] {processor.py:839} INFO - DAG(s) dict_keys(['example_sla_dag']) retrieved from /home/airflow/.local/lib/python3.8/site-packages/airflow/example_dags/example_sla_dag.py
[2024-10-06T17:48:10.722+0000] {logging_mixin.py:154} INFO - [2024-10-06T17:48:10.721+0000] {dag.py:2941} INFO - Sync 1 DAGs
[2024-10-06T17:48:10.731+0000] {logging_mixin.py:154} INFO - [2024-10-06T17:48:10.731+0000] {dag.py:3722} INFO - Setting next_dagrun for example_sla_dag to 2024-10-06T17:46:00+00:00, run_after=2024-10-06T17:48:00+00:00
[2024-10-06T17:48:10.737+0000] {processor.py:179} INFO - Processing /home/airflow/.local/lib/python3.8/site-packages/airflow/example_dags/example_sla_dag.py took 0.030 seconds
[2024-10-06T18:17:58.680+0000] {processor.py:157} INFO - Started process (PID=26892) to work on /home/airflow/.local/lib/python3.8/site-packages/airflow/example_dags/example_sla_dag.py
[2024-10-06T18:17:58.680+0000] {processor.py:829} INFO - Processing file /home/airflow/.local/lib/python3.8/site-packages/airflow/example_dags/example_sla_dag.py for tasks to queue
[2024-10-06T18:17:58.682+0000] {logging_mixin.py:154} INFO - [2024-10-06T18:17:58.682+0000] {dagbag.py:536} INFO - Filling up the DagBag from /home/airflow/.local/lib/python3.8/site-packages/airflow/example_dags/example_sla_dag.py
[2024-10-06T18:17:58.688+0000] {processor.py:839} INFO - DAG(s) dict_keys(['example_sla_dag']) retrieved from /home/airflow/.local/lib/python3.8/site-packages/airflow/example_dags/example_sla_dag.py
[2024-10-06T18:17:58.699+0000] {logging_mixin.py:154} INFO - [2024-10-06T18:17:58.699+0000] {dag.py:2941} INFO - Sync 1 DAGs
[2024-10-06T18:17:58.710+0000] {logging_mixin.py:154} INFO - [2024-10-06T18:17:58.710+0000] {dag.py:3722} INFO - Setting next_dagrun for example_sla_dag to 2024-10-06T18:14:00+00:00, run_after=2024-10-06T18:16:00+00:00
[2024-10-06T18:17:58.718+0000] {processor.py:179} INFO - Processing /home/airflow/.local/lib/python3.8/site-packages/airflow/example_dags/example_sla_dag.py took 0.041 seconds
[2024-10-06T19:43:23.257+0000] {processor.py:157} INFO - Started process (PID=26946) to work on /home/airflow/.local/lib/python3.8/site-packages/airflow/example_dags/example_sla_dag.py
[2024-10-06T19:43:23.257+0000] {processor.py:829} INFO - Processing file /home/airflow/.local/lib/python3.8/site-packages/airflow/example_dags/example_sla_dag.py for tasks to queue
[2024-10-06T19:43:23.259+0000] {logging_mixin.py:154} INFO - [2024-10-06T19:43:23.259+0000] {dagbag.py:536} INFO - Filling up the DagBag from /home/airflow/.local/lib/python3.8/site-packages/airflow/example_dags/example_sla_dag.py
[2024-10-06T19:43:23.264+0000] {processor.py:839} INFO - DAG(s) dict_keys(['example_sla_dag']) retrieved from /home/airflow/.local/lib/python3.8/site-packages/airflow/example_dags/example_sla_dag.py
[2024-10-06T19:43:23.277+0000] {logging_mixin.py:154} INFO - [2024-10-06T19:43:23.276+0000] {dag.py:2941} INFO - Sync 1 DAGs
[2024-10-06T19:43:23.289+0000] {logging_mixin.py:154} INFO - [2024-10-06T19:43:23.289+0000] {dag.py:3722} INFO - Setting next_dagrun for example_sla_dag to 2024-10-06T19:40:00+00:00, run_after=2024-10-06T19:42:00+00:00
[2024-10-06T19:43:23.300+0000] {processor.py:179} INFO - Processing /home/airflow/.local/lib/python3.8/site-packages/airflow/example_dags/example_sla_dag.py took 0.045 seconds
[2024-10-06T20:31:10.234+0000] {processor.py:157} INFO - Started process (PID=27000) to work on /home/airflow/.local/lib/python3.8/site-packages/airflow/example_dags/example_sla_dag.py
[2024-10-06T20:31:10.235+0000] {processor.py:829} INFO - Processing file /home/airflow/.local/lib/python3.8/site-packages/airflow/example_dags/example_sla_dag.py for tasks to queue
[2024-10-06T20:31:10.236+0000] {logging_mixin.py:154} INFO - [2024-10-06T20:31:10.236+0000] {dagbag.py:536} INFO - Filling up the DagBag from /home/airflow/.local/lib/python3.8/site-packages/airflow/example_dags/example_sla_dag.py
[2024-10-06T20:31:10.241+0000] {processor.py:839} INFO - DAG(s) dict_keys(['example_sla_dag']) retrieved from /home/airflow/.local/lib/python3.8/site-packages/airflow/example_dags/example_sla_dag.py
[2024-10-06T20:31:10.253+0000] {logging_mixin.py:154} INFO - [2024-10-06T20:31:10.253+0000] {dag.py:2941} INFO - Sync 1 DAGs
[2024-10-06T20:31:10.265+0000] {logging_mixin.py:154} INFO - [2024-10-06T20:31:10.265+0000] {dag.py:3722} INFO - Setting next_dagrun for example_sla_dag to 2024-10-06T20:28:00+00:00, run_after=2024-10-06T20:30:00+00:00
[2024-10-06T20:31:10.276+0000] {processor.py:179} INFO - Processing /home/airflow/.local/lib/python3.8/site-packages/airflow/example_dags/example_sla_dag.py took 0.044 seconds
[2024-10-06T20:40:15.315+0000] {processor.py:157} INFO - Started process (PID=27054) to work on /home/airflow/.local/lib/python3.8/site-packages/airflow/example_dags/example_sla_dag.py
[2024-10-06T20:40:15.316+0000] {processor.py:829} INFO - Processing file /home/airflow/.local/lib/python3.8/site-packages/airflow/example_dags/example_sla_dag.py for tasks to queue
[2024-10-06T20:40:15.318+0000] {logging_mixin.py:154} INFO - [2024-10-06T20:40:15.317+0000] {dagbag.py:536} INFO - Filling up the DagBag from /home/airflow/.local/lib/python3.8/site-packages/airflow/example_dags/example_sla_dag.py
[2024-10-06T20:40:15.324+0000] {processor.py:839} INFO - DAG(s) dict_keys(['example_sla_dag']) retrieved from /home/airflow/.local/lib/python3.8/site-packages/airflow/example_dags/example_sla_dag.py
[2024-10-06T20:40:15.337+0000] {logging_mixin.py:154} INFO - [2024-10-06T20:40:15.337+0000] {dag.py:2941} INFO - Sync 1 DAGs
[2024-10-06T20:40:15.349+0000] {logging_mixin.py:154} INFO - [2024-10-06T20:40:15.349+0000] {dag.py:3722} INFO - Setting next_dagrun for example_sla_dag to 2024-10-06T20:38:00+00:00, run_after=2024-10-06T20:40:00+00:00
[2024-10-06T20:40:15.359+0000] {processor.py:179} INFO - Processing /home/airflow/.local/lib/python3.8/site-packages/airflow/example_dags/example_sla_dag.py took 0.046 seconds
[2024-10-06T20:43:25.496+0000] {processor.py:157} INFO - Started process (PID=27108) to work on /home/airflow/.local/lib/python3.8/site-packages/airflow/example_dags/example_sla_dag.py
[2024-10-06T20:43:25.497+0000] {processor.py:829} INFO - Processing file /home/airflow/.local/lib/python3.8/site-packages/airflow/example_dags/example_sla_dag.py for tasks to queue
[2024-10-06T20:43:25.497+0000] {logging_mixin.py:154} INFO - [2024-10-06T20:43:25.497+0000] {dagbag.py:536} INFO - Filling up the DagBag from /home/airflow/.local/lib/python3.8/site-packages/airflow/example_dags/example_sla_dag.py
[2024-10-06T20:43:25.501+0000] {processor.py:839} INFO - DAG(s) dict_keys(['example_sla_dag']) retrieved from /home/airflow/.local/lib/python3.8/site-packages/airflow/example_dags/example_sla_dag.py
[2024-10-06T20:43:25.509+0000] {logging_mixin.py:154} INFO - [2024-10-06T20:43:25.509+0000] {dag.py:2941} INFO - Sync 1 DAGs
[2024-10-06T20:43:25.518+0000] {logging_mixin.py:154} INFO - [2024-10-06T20:43:25.518+0000] {dag.py:3722} INFO - Setting next_dagrun for example_sla_dag to 2024-10-06T20:40:00+00:00, run_after=2024-10-06T20:42:00+00:00
[2024-10-06T20:43:25.524+0000] {processor.py:179} INFO - Processing /home/airflow/.local/lib/python3.8/site-packages/airflow/example_dags/example_sla_dag.py took 0.030 seconds
[2024-10-06T21:12:03.868+0000] {processor.py:157} INFO - Started process (PID=27162) to work on /home/airflow/.local/lib/python3.8/site-packages/airflow/example_dags/example_sla_dag.py
[2024-10-06T21:12:03.868+0000] {processor.py:829} INFO - Processing file /home/airflow/.local/lib/python3.8/site-packages/airflow/example_dags/example_sla_dag.py for tasks to queue
[2024-10-06T21:12:03.869+0000] {logging_mixin.py:154} INFO - [2024-10-06T21:12:03.869+0000] {dagbag.py:536} INFO - Filling up the DagBag from /home/airflow/.local/lib/python3.8/site-packages/airflow/example_dags/example_sla_dag.py
[2024-10-06T21:12:03.873+0000] {processor.py:839} INFO - DAG(s) dict_keys(['example_sla_dag']) retrieved from /home/airflow/.local/lib/python3.8/site-packages/airflow/example_dags/example_sla_dag.py
[2024-10-06T21:12:03.881+0000] {logging_mixin.py:154} INFO - [2024-10-06T21:12:03.881+0000] {dag.py:2941} INFO - Sync 1 DAGs
[2024-10-06T21:12:03.890+0000] {logging_mixin.py:154} INFO - [2024-10-06T21:12:03.890+0000] {dag.py:3722} INFO - Setting next_dagrun for example_sla_dag to 2024-10-06T21:10:00+00:00, run_after=2024-10-06T21:12:00+00:00
[2024-10-06T21:12:03.896+0000] {processor.py:179} INFO - Processing /home/airflow/.local/lib/python3.8/site-packages/airflow/example_dags/example_sla_dag.py took 0.030 seconds
[2024-10-06T21:13:26.556+0000] {processor.py:157} INFO - Started process (PID=27216) to work on /home/airflow/.local/lib/python3.8/site-packages/airflow/example_dags/example_sla_dag.py
[2024-10-06T21:13:26.556+0000] {processor.py:829} INFO - Processing file /home/airflow/.local/lib/python3.8/site-packages/airflow/example_dags/example_sla_dag.py for tasks to queue
[2024-10-06T21:13:26.557+0000] {logging_mixin.py:154} INFO - [2024-10-06T21:13:26.557+0000] {dagbag.py:536} INFO - Filling up the DagBag from /home/airflow/.local/lib/python3.8/site-packages/airflow/example_dags/example_sla_dag.py
[2024-10-06T21:13:26.561+0000] {processor.py:839} INFO - DAG(s) dict_keys(['example_sla_dag']) retrieved from /home/airflow/.local/lib/python3.8/site-packages/airflow/example_dags/example_sla_dag.py
[2024-10-06T21:13:26.569+0000] {logging_mixin.py:154} INFO - [2024-10-06T21:13:26.569+0000] {dag.py:2941} INFO - Sync 1 DAGs
[2024-10-06T21:13:26.579+0000] {logging_mixin.py:154} INFO - [2024-10-06T21:13:26.579+0000] {dag.py:3722} INFO - Setting next_dagrun for example_sla_dag to 2024-10-06T21:10:00+00:00, run_after=2024-10-06T21:12:00+00:00
[2024-10-06T21:13:26.585+0000] {processor.py:179} INFO - Processing /home/airflow/.local/lib/python3.8/site-packages/airflow/example_dags/example_sla_dag.py took 0.031 seconds
[2024-10-06T21:24:00.893+0000] {processor.py:157} INFO - Started process (PID=27270) to work on /home/airflow/.local/lib/python3.8/site-packages/airflow/example_dags/example_sla_dag.py
[2024-10-06T21:24:00.894+0000] {processor.py:829} INFO - Processing file /home/airflow/.local/lib/python3.8/site-packages/airflow/example_dags/example_sla_dag.py for tasks to queue
[2024-10-06T21:24:00.897+0000] {logging_mixin.py:154} INFO - [2024-10-06T21:24:00.897+0000] {dagbag.py:536} INFO - Filling up the DagBag from /home/airflow/.local/lib/python3.8/site-packages/airflow/example_dags/example_sla_dag.py
[2024-10-06T21:24:00.904+0000] {processor.py:839} INFO - DAG(s) dict_keys(['example_sla_dag']) retrieved from /home/airflow/.local/lib/python3.8/site-packages/airflow/example_dags/example_sla_dag.py
[2024-10-06T21:24:00.918+0000] {logging_mixin.py:154} INFO - [2024-10-06T21:24:00.917+0000] {dag.py:2941} INFO - Sync 1 DAGs
[2024-10-06T21:24:00.931+0000] {logging_mixin.py:154} INFO - [2024-10-06T21:24:00.931+0000] {dag.py:3722} INFO - Setting next_dagrun for example_sla_dag to 2024-10-06T21:22:00+00:00, run_after=2024-10-06T21:24:00+00:00
[2024-10-06T21:24:00.939+0000] {processor.py:179} INFO - Processing /home/airflow/.local/lib/python3.8/site-packages/airflow/example_dags/example_sla_dag.py took 0.048 seconds
[2024-10-06T22:02:22.358+0000] {processor.py:157} INFO - Started process (PID=27324) to work on /home/airflow/.local/lib/python3.8/site-packages/airflow/example_dags/example_sla_dag.py
[2024-10-06T22:02:22.359+0000] {processor.py:829} INFO - Processing file /home/airflow/.local/lib/python3.8/site-packages/airflow/example_dags/example_sla_dag.py for tasks to queue
[2024-10-06T22:02:22.360+0000] {logging_mixin.py:154} INFO - [2024-10-06T22:02:22.359+0000] {dagbag.py:536} INFO - Filling up the DagBag from /home/airflow/.local/lib/python3.8/site-packages/airflow/example_dags/example_sla_dag.py
[2024-10-06T22:02:22.364+0000] {processor.py:839} INFO - DAG(s) dict_keys(['example_sla_dag']) retrieved from /home/airflow/.local/lib/python3.8/site-packages/airflow/example_dags/example_sla_dag.py
[2024-10-06T22:02:22.371+0000] {logging_mixin.py:154} INFO - [2024-10-06T22:02:22.371+0000] {dag.py:2941} INFO - Sync 1 DAGs
[2024-10-06T22:02:22.380+0000] {logging_mixin.py:154} INFO - [2024-10-06T22:02:22.380+0000] {dag.py:3722} INFO - Setting next_dagrun for example_sla_dag to 2024-10-06T22:00:00+00:00, run_after=2024-10-06T22:02:00+00:00
[2024-10-06T22:02:22.387+0000] {processor.py:179} INFO - Processing /home/airflow/.local/lib/python3.8/site-packages/airflow/example_dags/example_sla_dag.py took 0.030 seconds
[2024-10-06T22:28:55.386+0000] {processor.py:157} INFO - Started process (PID=27378) to work on /home/airflow/.local/lib/python3.8/site-packages/airflow/example_dags/example_sla_dag.py
[2024-10-06T22:28:55.387+0000] {processor.py:829} INFO - Processing file /home/airflow/.local/lib/python3.8/site-packages/airflow/example_dags/example_sla_dag.py for tasks to queue
[2024-10-06T22:28:55.388+0000] {logging_mixin.py:154} INFO - [2024-10-06T22:28:55.388+0000] {dagbag.py:536} INFO - Filling up the DagBag from /home/airflow/.local/lib/python3.8/site-packages/airflow/example_dags/example_sla_dag.py
[2024-10-06T22:28:55.393+0000] {processor.py:839} INFO - DAG(s) dict_keys(['example_sla_dag']) retrieved from /home/airflow/.local/lib/python3.8/site-packages/airflow/example_dags/example_sla_dag.py
[2024-10-06T22:28:55.402+0000] {logging_mixin.py:154} INFO - [2024-10-06T22:28:55.402+0000] {dag.py:2941} INFO - Sync 1 DAGs
[2024-10-06T22:28:55.412+0000] {logging_mixin.py:154} INFO - [2024-10-06T22:28:55.412+0000] {dag.py:3722} INFO - Setting next_dagrun for example_sla_dag to 2024-10-06T22:26:00+00:00, run_after=2024-10-06T22:28:00+00:00
[2024-10-06T22:28:55.419+0000] {processor.py:179} INFO - Processing /home/airflow/.local/lib/python3.8/site-packages/airflow/example_dags/example_sla_dag.py took 0.034 seconds
[2024-10-06T22:59:45.063+0000] {processor.py:157} INFO - Started process (PID=27432) to work on /home/airflow/.local/lib/python3.8/site-packages/airflow/example_dags/example_sla_dag.py
[2024-10-06T22:59:45.064+0000] {processor.py:829} INFO - Processing file /home/airflow/.local/lib/python3.8/site-packages/airflow/example_dags/example_sla_dag.py for tasks to queue
[2024-10-06T22:59:45.065+0000] {logging_mixin.py:154} INFO - [2024-10-06T22:59:45.065+0000] {dagbag.py:536} INFO - Filling up the DagBag from /home/airflow/.local/lib/python3.8/site-packages/airflow/example_dags/example_sla_dag.py
[2024-10-06T22:59:45.069+0000] {processor.py:839} INFO - DAG(s) dict_keys(['example_sla_dag']) retrieved from /home/airflow/.local/lib/python3.8/site-packages/airflow/example_dags/example_sla_dag.py
[2024-10-06T22:59:45.077+0000] {logging_mixin.py:154} INFO - [2024-10-06T22:59:45.077+0000] {dag.py:2941} INFO - Sync 1 DAGs
[2024-10-06T22:59:45.088+0000] {logging_mixin.py:154} INFO - [2024-10-06T22:59:45.088+0000] {dag.py:3722} INFO - Setting next_dagrun for example_sla_dag to 2024-10-06T22:56:00+00:00, run_after=2024-10-06T22:58:00+00:00
[2024-10-06T22:59:45.094+0000] {processor.py:179} INFO - Processing /home/airflow/.local/lib/python3.8/site-packages/airflow/example_dags/example_sla_dag.py took 0.032 seconds
[2024-10-06T23:00:15.988+0000] {processor.py:157} INFO - Started process (PID=27486) to work on /home/airflow/.local/lib/python3.8/site-packages/airflow/example_dags/example_sla_dag.py
[2024-10-06T23:00:15.988+0000] {processor.py:829} INFO - Processing file /home/airflow/.local/lib/python3.8/site-packages/airflow/example_dags/example_sla_dag.py for tasks to queue
[2024-10-06T23:00:15.990+0000] {logging_mixin.py:154} INFO - [2024-10-06T23:00:15.990+0000] {dagbag.py:536} INFO - Filling up the DagBag from /home/airflow/.local/lib/python3.8/site-packages/airflow/example_dags/example_sla_dag.py
[2024-10-06T23:00:15.995+0000] {processor.py:839} INFO - DAG(s) dict_keys(['example_sla_dag']) retrieved from /home/airflow/.local/lib/python3.8/site-packages/airflow/example_dags/example_sla_dag.py
[2024-10-06T23:00:16.006+0000] {logging_mixin.py:154} INFO - [2024-10-06T23:00:16.006+0000] {dag.py:2941} INFO - Sync 1 DAGs
[2024-10-06T23:00:16.018+0000] {logging_mixin.py:154} INFO - [2024-10-06T23:00:16.017+0000] {dag.py:3722} INFO - Setting next_dagrun for example_sla_dag to 2024-10-06T22:58:00+00:00, run_after=2024-10-06T23:00:00+00:00
[2024-10-06T23:00:16.026+0000] {processor.py:179} INFO - Processing /home/airflow/.local/lib/python3.8/site-packages/airflow/example_dags/example_sla_dag.py took 0.040 seconds
[2024-10-06T23:00:46.557+0000] {processor.py:157} INFO - Started process (PID=27540) to work on /home/airflow/.local/lib/python3.8/site-packages/airflow/example_dags/example_sla_dag.py
[2024-10-06T23:00:46.558+0000] {processor.py:829} INFO - Processing file /home/airflow/.local/lib/python3.8/site-packages/airflow/example_dags/example_sla_dag.py for tasks to queue
[2024-10-06T23:00:46.559+0000] {logging_mixin.py:154} INFO - [2024-10-06T23:00:46.559+0000] {dagbag.py:536} INFO - Filling up the DagBag from /home/airflow/.local/lib/python3.8/site-packages/airflow/example_dags/example_sla_dag.py
[2024-10-06T23:00:46.564+0000] {processor.py:839} INFO - DAG(s) dict_keys(['example_sla_dag']) retrieved from /home/airflow/.local/lib/python3.8/site-packages/airflow/example_dags/example_sla_dag.py
[2024-10-06T23:00:46.576+0000] {logging_mixin.py:154} INFO - [2024-10-06T23:00:46.575+0000] {dag.py:2941} INFO - Sync 1 DAGs
[2024-10-06T23:00:46.587+0000] {logging_mixin.py:154} INFO - [2024-10-06T23:00:46.586+0000] {dag.py:3722} INFO - Setting next_dagrun for example_sla_dag to 2024-10-06T22:58:00+00:00, run_after=2024-10-06T23:00:00+00:00
[2024-10-06T23:00:46.595+0000] {processor.py:179} INFO - Processing /home/airflow/.local/lib/python3.8/site-packages/airflow/example_dags/example_sla_dag.py took 0.040 seconds
[2024-10-06T23:01:17.166+0000] {processor.py:157} INFO - Started process (PID=27594) to work on /home/airflow/.local/lib/python3.8/site-packages/airflow/example_dags/example_sla_dag.py
[2024-10-06T23:01:17.167+0000] {processor.py:829} INFO - Processing file /home/airflow/.local/lib/python3.8/site-packages/airflow/example_dags/example_sla_dag.py for tasks to queue
[2024-10-06T23:01:17.168+0000] {logging_mixin.py:154} INFO - [2024-10-06T23:01:17.168+0000] {dagbag.py:536} INFO - Filling up the DagBag from /home/airflow/.local/lib/python3.8/site-packages/airflow/example_dags/example_sla_dag.py
[2024-10-06T23:01:17.172+0000] {processor.py:839} INFO - DAG(s) dict_keys(['example_sla_dag']) retrieved from /home/airflow/.local/lib/python3.8/site-packages/airflow/example_dags/example_sla_dag.py
[2024-10-06T23:01:17.181+0000] {logging_mixin.py:154} INFO - [2024-10-06T23:01:17.181+0000] {dag.py:2941} INFO - Sync 1 DAGs
[2024-10-06T23:01:17.190+0000] {logging_mixin.py:154} INFO - [2024-10-06T23:01:17.190+0000] {dag.py:3722} INFO - Setting next_dagrun for example_sla_dag to 2024-10-06T22:58:00+00:00, run_after=2024-10-06T23:00:00+00:00
[2024-10-06T23:01:17.196+0000] {processor.py:179} INFO - Processing /home/airflow/.local/lib/python3.8/site-packages/airflow/example_dags/example_sla_dag.py took 0.032 seconds
[2024-10-06T23:01:47.614+0000] {processor.py:157} INFO - Started process (PID=27648) to work on /home/airflow/.local/lib/python3.8/site-packages/airflow/example_dags/example_sla_dag.py
[2024-10-06T23:01:47.615+0000] {processor.py:829} INFO - Processing file /home/airflow/.local/lib/python3.8/site-packages/airflow/example_dags/example_sla_dag.py for tasks to queue
[2024-10-06T23:01:47.616+0000] {logging_mixin.py:154} INFO - [2024-10-06T23:01:47.616+0000] {dagbag.py:536} INFO - Filling up the DagBag from /home/airflow/.local/lib/python3.8/site-packages/airflow/example_dags/example_sla_dag.py
[2024-10-06T23:01:47.620+0000] {processor.py:839} INFO - DAG(s) dict_keys(['example_sla_dag']) retrieved from /home/airflow/.local/lib/python3.8/site-packages/airflow/example_dags/example_sla_dag.py
[2024-10-06T23:01:47.629+0000] {logging_mixin.py:154} INFO - [2024-10-06T23:01:47.629+0000] {dag.py:2941} INFO - Sync 1 DAGs
[2024-10-06T23:01:47.639+0000] {logging_mixin.py:154} INFO - [2024-10-06T23:01:47.639+0000] {dag.py:3722} INFO - Setting next_dagrun for example_sla_dag to 2024-10-06T22:58:00+00:00, run_after=2024-10-06T23:00:00+00:00
[2024-10-06T23:01:47.644+0000] {processor.py:179} INFO - Processing /home/airflow/.local/lib/python3.8/site-packages/airflow/example_dags/example_sla_dag.py took 0.032 seconds
[2024-10-06T23:02:17.991+0000] {processor.py:157} INFO - Started process (PID=27702) to work on /home/airflow/.local/lib/python3.8/site-packages/airflow/example_dags/example_sla_dag.py
[2024-10-06T23:02:17.991+0000] {processor.py:829} INFO - Processing file /home/airflow/.local/lib/python3.8/site-packages/airflow/example_dags/example_sla_dag.py for tasks to queue
[2024-10-06T23:02:17.992+0000] {logging_mixin.py:154} INFO - [2024-10-06T23:02:17.992+0000] {dagbag.py:536} INFO - Filling up the DagBag from /home/airflow/.local/lib/python3.8/site-packages/airflow/example_dags/example_sla_dag.py
[2024-10-06T23:02:17.997+0000] {processor.py:839} INFO - DAG(s) dict_keys(['example_sla_dag']) retrieved from /home/airflow/.local/lib/python3.8/site-packages/airflow/example_dags/example_sla_dag.py
[2024-10-06T23:02:18.005+0000] {logging_mixin.py:154} INFO - [2024-10-06T23:02:18.005+0000] {dag.py:2941} INFO - Sync 1 DAGs
[2024-10-06T23:02:18.013+0000] {logging_mixin.py:154} INFO - [2024-10-06T23:02:18.013+0000] {dag.py:3722} INFO - Setting next_dagrun for example_sla_dag to 2024-10-06T23:00:00+00:00, run_after=2024-10-06T23:02:00+00:00
[2024-10-06T23:02:18.019+0000] {processor.py:179} INFO - Processing /home/airflow/.local/lib/python3.8/site-packages/airflow/example_dags/example_sla_dag.py took 0.030 seconds
[2024-10-06T23:02:48.422+0000] {processor.py:157} INFO - Started process (PID=27756) to work on /home/airflow/.local/lib/python3.8/site-packages/airflow/example_dags/example_sla_dag.py
[2024-10-06T23:02:48.422+0000] {processor.py:829} INFO - Processing file /home/airflow/.local/lib/python3.8/site-packages/airflow/example_dags/example_sla_dag.py for tasks to queue
[2024-10-06T23:02:48.423+0000] {logging_mixin.py:154} INFO - [2024-10-06T23:02:48.423+0000] {dagbag.py:536} INFO - Filling up the DagBag from /home/airflow/.local/lib/python3.8/site-packages/airflow/example_dags/example_sla_dag.py
[2024-10-06T23:02:48.427+0000] {processor.py:839} INFO - DAG(s) dict_keys(['example_sla_dag']) retrieved from /home/airflow/.local/lib/python3.8/site-packages/airflow/example_dags/example_sla_dag.py
[2024-10-06T23:02:48.436+0000] {logging_mixin.py:154} INFO - [2024-10-06T23:02:48.436+0000] {dag.py:2941} INFO - Sync 1 DAGs
[2024-10-06T23:02:48.446+0000] {logging_mixin.py:154} INFO - [2024-10-06T23:02:48.446+0000] {dag.py:3722} INFO - Setting next_dagrun for example_sla_dag to 2024-10-06T23:00:00+00:00, run_after=2024-10-06T23:02:00+00:00
[2024-10-06T23:02:48.453+0000] {processor.py:179} INFO - Processing /home/airflow/.local/lib/python3.8/site-packages/airflow/example_dags/example_sla_dag.py took 0.033 seconds
[2024-10-06T23:03:18.855+0000] {processor.py:157} INFO - Started process (PID=27810) to work on /home/airflow/.local/lib/python3.8/site-packages/airflow/example_dags/example_sla_dag.py
[2024-10-06T23:03:18.855+0000] {processor.py:829} INFO - Processing file /home/airflow/.local/lib/python3.8/site-packages/airflow/example_dags/example_sla_dag.py for tasks to queue
[2024-10-06T23:03:18.856+0000] {logging_mixin.py:154} INFO - [2024-10-06T23:03:18.856+0000] {dagbag.py:536} INFO - Filling up the DagBag from /home/airflow/.local/lib/python3.8/site-packages/airflow/example_dags/example_sla_dag.py
[2024-10-06T23:03:18.861+0000] {processor.py:839} INFO - DAG(s) dict_keys(['example_sla_dag']) retrieved from /home/airflow/.local/lib/python3.8/site-packages/airflow/example_dags/example_sla_dag.py
[2024-10-06T23:03:18.870+0000] {logging_mixin.py:154} INFO - [2024-10-06T23:03:18.870+0000] {dag.py:2941} INFO - Sync 1 DAGs
[2024-10-06T23:03:18.879+0000] {logging_mixin.py:154} INFO - [2024-10-06T23:03:18.879+0000] {dag.py:3722} INFO - Setting next_dagrun for example_sla_dag to 2024-10-06T23:00:00+00:00, run_after=2024-10-06T23:02:00+00:00
[2024-10-06T23:03:18.886+0000] {processor.py:179} INFO - Processing /home/airflow/.local/lib/python3.8/site-packages/airflow/example_dags/example_sla_dag.py took 0.032 seconds
[2024-10-06T23:03:49.335+0000] {processor.py:157} INFO - Started process (PID=27864) to work on /home/airflow/.local/lib/python3.8/site-packages/airflow/example_dags/example_sla_dag.py
[2024-10-06T23:03:49.336+0000] {processor.py:829} INFO - Processing file /home/airflow/.local/lib/python3.8/site-packages/airflow/example_dags/example_sla_dag.py for tasks to queue
[2024-10-06T23:03:49.337+0000] {logging_mixin.py:154} INFO - [2024-10-06T23:03:49.337+0000] {dagbag.py:536} INFO - Filling up the DagBag from /home/airflow/.local/lib/python3.8/site-packages/airflow/example_dags/example_sla_dag.py
[2024-10-06T23:03:49.341+0000] {processor.py:839} INFO - DAG(s) dict_keys(['example_sla_dag']) retrieved from /home/airflow/.local/lib/python3.8/site-packages/airflow/example_dags/example_sla_dag.py
[2024-10-06T23:03:49.350+0000] {logging_mixin.py:154} INFO - [2024-10-06T23:03:49.350+0000] {dag.py:2941} INFO - Sync 1 DAGs
[2024-10-06T23:03:49.360+0000] {logging_mixin.py:154} INFO - [2024-10-06T23:03:49.359+0000] {dag.py:3722} INFO - Setting next_dagrun for example_sla_dag to 2024-10-06T23:00:00+00:00, run_after=2024-10-06T23:02:00+00:00
[2024-10-06T23:03:49.366+0000] {processor.py:179} INFO - Processing /home/airflow/.local/lib/python3.8/site-packages/airflow/example_dags/example_sla_dag.py took 0.032 seconds
[2024-10-06T23:04:19.729+0000] {processor.py:157} INFO - Started process (PID=27918) to work on /home/airflow/.local/lib/python3.8/site-packages/airflow/example_dags/example_sla_dag.py
[2024-10-06T23:04:19.729+0000] {processor.py:829} INFO - Processing file /home/airflow/.local/lib/python3.8/site-packages/airflow/example_dags/example_sla_dag.py for tasks to queue
[2024-10-06T23:04:19.730+0000] {logging_mixin.py:154} INFO - [2024-10-06T23:04:19.730+0000] {dagbag.py:536} INFO - Filling up the DagBag from /home/airflow/.local/lib/python3.8/site-packages/airflow/example_dags/example_sla_dag.py
[2024-10-06T23:04:19.734+0000] {processor.py:839} INFO - DAG(s) dict_keys(['example_sla_dag']) retrieved from /home/airflow/.local/lib/python3.8/site-packages/airflow/example_dags/example_sla_dag.py
[2024-10-06T23:04:19.742+0000] {logging_mixin.py:154} INFO - [2024-10-06T23:04:19.742+0000] {dag.py:2941} INFO - Sync 1 DAGs
[2024-10-06T23:04:19.751+0000] {logging_mixin.py:154} INFO - [2024-10-06T23:04:19.751+0000] {dag.py:3722} INFO - Setting next_dagrun for example_sla_dag to 2024-10-06T23:02:00+00:00, run_after=2024-10-06T23:04:00+00:00
[2024-10-06T23:04:19.757+0000] {processor.py:179} INFO - Processing /home/airflow/.local/lib/python3.8/site-packages/airflow/example_dags/example_sla_dag.py took 0.030 seconds
[2024-10-06T23:04:50.183+0000] {processor.py:157} INFO - Started process (PID=27972) to work on /home/airflow/.local/lib/python3.8/site-packages/airflow/example_dags/example_sla_dag.py
[2024-10-06T23:04:50.183+0000] {processor.py:829} INFO - Processing file /home/airflow/.local/lib/python3.8/site-packages/airflow/example_dags/example_sla_dag.py for tasks to queue
[2024-10-06T23:04:50.185+0000] {logging_mixin.py:154} INFO - [2024-10-06T23:04:50.184+0000] {dagbag.py:536} INFO - Filling up the DagBag from /home/airflow/.local/lib/python3.8/site-packages/airflow/example_dags/example_sla_dag.py
[2024-10-06T23:04:50.189+0000] {processor.py:839} INFO - DAG(s) dict_keys(['example_sla_dag']) retrieved from /home/airflow/.local/lib/python3.8/site-packages/airflow/example_dags/example_sla_dag.py
[2024-10-06T23:04:50.198+0000] {logging_mixin.py:154} INFO - [2024-10-06T23:04:50.197+0000] {dag.py:2941} INFO - Sync 1 DAGs
[2024-10-06T23:04:50.207+0000] {logging_mixin.py:154} INFO - [2024-10-06T23:04:50.207+0000] {dag.py:3722} INFO - Setting next_dagrun for example_sla_dag to 2024-10-06T23:02:00+00:00, run_after=2024-10-06T23:04:00+00:00
[2024-10-06T23:04:50.214+0000] {processor.py:179} INFO - Processing /home/airflow/.local/lib/python3.8/site-packages/airflow/example_dags/example_sla_dag.py took 0.032 seconds
[2024-10-06T23:05:20.604+0000] {processor.py:157} INFO - Started process (PID=28026) to work on /home/airflow/.local/lib/python3.8/site-packages/airflow/example_dags/example_sla_dag.py
[2024-10-06T23:05:20.604+0000] {processor.py:829} INFO - Processing file /home/airflow/.local/lib/python3.8/site-packages/airflow/example_dags/example_sla_dag.py for tasks to queue
[2024-10-06T23:05:20.606+0000] {logging_mixin.py:154} INFO - [2024-10-06T23:05:20.605+0000] {dagbag.py:536} INFO - Filling up the DagBag from /home/airflow/.local/lib/python3.8/site-packages/airflow/example_dags/example_sla_dag.py
[2024-10-06T23:05:20.610+0000] {processor.py:839} INFO - DAG(s) dict_keys(['example_sla_dag']) retrieved from /home/airflow/.local/lib/python3.8/site-packages/airflow/example_dags/example_sla_dag.py
[2024-10-06T23:05:20.619+0000] {logging_mixin.py:154} INFO - [2024-10-06T23:05:20.619+0000] {dag.py:2941} INFO - Sync 1 DAGs
[2024-10-06T23:05:20.629+0000] {logging_mixin.py:154} INFO - [2024-10-06T23:05:20.629+0000] {dag.py:3722} INFO - Setting next_dagrun for example_sla_dag to 2024-10-06T23:02:00+00:00, run_after=2024-10-06T23:04:00+00:00
[2024-10-06T23:05:20.635+0000] {processor.py:179} INFO - Processing /home/airflow/.local/lib/python3.8/site-packages/airflow/example_dags/example_sla_dag.py took 0.033 seconds
[2024-10-06T23:05:50.987+0000] {processor.py:157} INFO - Started process (PID=28080) to work on /home/airflow/.local/lib/python3.8/site-packages/airflow/example_dags/example_sla_dag.py
[2024-10-06T23:05:50.987+0000] {processor.py:829} INFO - Processing file /home/airflow/.local/lib/python3.8/site-packages/airflow/example_dags/example_sla_dag.py for tasks to queue
[2024-10-06T23:05:50.988+0000] {logging_mixin.py:154} INFO - [2024-10-06T23:05:50.988+0000] {dagbag.py:536} INFO - Filling up the DagBag from /home/airflow/.local/lib/python3.8/site-packages/airflow/example_dags/example_sla_dag.py
[2024-10-06T23:05:50.992+0000] {processor.py:839} INFO - DAG(s) dict_keys(['example_sla_dag']) retrieved from /home/airflow/.local/lib/python3.8/site-packages/airflow/example_dags/example_sla_dag.py
[2024-10-06T23:05:51.000+0000] {logging_mixin.py:154} INFO - [2024-10-06T23:05:51.000+0000] {dag.py:2941} INFO - Sync 1 DAGs
[2024-10-06T23:05:51.009+0000] {logging_mixin.py:154} INFO - [2024-10-06T23:05:51.009+0000] {dag.py:3722} INFO - Setting next_dagrun for example_sla_dag to 2024-10-06T23:02:00+00:00, run_after=2024-10-06T23:04:00+00:00
[2024-10-06T23:05:51.015+0000] {processor.py:179} INFO - Processing /home/airflow/.local/lib/python3.8/site-packages/airflow/example_dags/example_sla_dag.py took 0.030 seconds
[2024-10-06T23:06:21.429+0000] {processor.py:157} INFO - Started process (PID=28134) to work on /home/airflow/.local/lib/python3.8/site-packages/airflow/example_dags/example_sla_dag.py
[2024-10-06T23:06:21.429+0000] {processor.py:829} INFO - Processing file /home/airflow/.local/lib/python3.8/site-packages/airflow/example_dags/example_sla_dag.py for tasks to queue
[2024-10-06T23:06:21.430+0000] {logging_mixin.py:154} INFO - [2024-10-06T23:06:21.430+0000] {dagbag.py:536} INFO - Filling up the DagBag from /home/airflow/.local/lib/python3.8/site-packages/airflow/example_dags/example_sla_dag.py
[2024-10-06T23:06:21.434+0000] {processor.py:839} INFO - DAG(s) dict_keys(['example_sla_dag']) retrieved from /home/airflow/.local/lib/python3.8/site-packages/airflow/example_dags/example_sla_dag.py
[2024-10-06T23:06:21.442+0000] {logging_mixin.py:154} INFO - [2024-10-06T23:06:21.442+0000] {dag.py:2941} INFO - Sync 1 DAGs
[2024-10-06T23:06:21.451+0000] {logging_mixin.py:154} INFO - [2024-10-06T23:06:21.451+0000] {dag.py:3722} INFO - Setting next_dagrun for example_sla_dag to 2024-10-06T23:04:00+00:00, run_after=2024-10-06T23:06:00+00:00
[2024-10-06T23:06:21.457+0000] {processor.py:179} INFO - Processing /home/airflow/.local/lib/python3.8/site-packages/airflow/example_dags/example_sla_dag.py took 0.030 seconds
[2024-10-06T23:06:51.861+0000] {processor.py:157} INFO - Started process (PID=28188) to work on /home/airflow/.local/lib/python3.8/site-packages/airflow/example_dags/example_sla_dag.py
[2024-10-06T23:06:51.862+0000] {processor.py:829} INFO - Processing file /home/airflow/.local/lib/python3.8/site-packages/airflow/example_dags/example_sla_dag.py for tasks to queue
[2024-10-06T23:06:51.862+0000] {logging_mixin.py:154} INFO - [2024-10-06T23:06:51.862+0000] {dagbag.py:536} INFO - Filling up the DagBag from /home/airflow/.local/lib/python3.8/site-packages/airflow/example_dags/example_sla_dag.py
[2024-10-06T23:06:51.866+0000] {processor.py:839} INFO - DAG(s) dict_keys(['example_sla_dag']) retrieved from /home/airflow/.local/lib/python3.8/site-packages/airflow/example_dags/example_sla_dag.py
[2024-10-06T23:06:51.874+0000] {logging_mixin.py:154} INFO - [2024-10-06T23:06:51.874+0000] {dag.py:2941} INFO - Sync 1 DAGs
[2024-10-06T23:06:51.883+0000] {logging_mixin.py:154} INFO - [2024-10-06T23:06:51.883+0000] {dag.py:3722} INFO - Setting next_dagrun for example_sla_dag to 2024-10-06T23:04:00+00:00, run_after=2024-10-06T23:06:00+00:00
[2024-10-06T23:06:51.889+0000] {processor.py:179} INFO - Processing /home/airflow/.local/lib/python3.8/site-packages/airflow/example_dags/example_sla_dag.py took 0.029 seconds
[2024-10-06T23:07:22.315+0000] {processor.py:157} INFO - Started process (PID=28242) to work on /home/airflow/.local/lib/python3.8/site-packages/airflow/example_dags/example_sla_dag.py
[2024-10-06T23:07:22.316+0000] {processor.py:829} INFO - Processing file /home/airflow/.local/lib/python3.8/site-packages/airflow/example_dags/example_sla_dag.py for tasks to queue
[2024-10-06T23:07:22.317+0000] {logging_mixin.py:154} INFO - [2024-10-06T23:07:22.316+0000] {dagbag.py:536} INFO - Filling up the DagBag from /home/airflow/.local/lib/python3.8/site-packages/airflow/example_dags/example_sla_dag.py
[2024-10-06T23:07:22.321+0000] {processor.py:839} INFO - DAG(s) dict_keys(['example_sla_dag']) retrieved from /home/airflow/.local/lib/python3.8/site-packages/airflow/example_dags/example_sla_dag.py
[2024-10-06T23:07:22.329+0000] {logging_mixin.py:154} INFO - [2024-10-06T23:07:22.328+0000] {dag.py:2941} INFO - Sync 1 DAGs
[2024-10-06T23:07:22.338+0000] {logging_mixin.py:154} INFO - [2024-10-06T23:07:22.337+0000] {dag.py:3722} INFO - Setting next_dagrun for example_sla_dag to 2024-10-06T23:04:00+00:00, run_after=2024-10-06T23:06:00+00:00
[2024-10-06T23:07:22.343+0000] {processor.py:179} INFO - Processing /home/airflow/.local/lib/python3.8/site-packages/airflow/example_dags/example_sla_dag.py took 0.030 seconds
[2024-10-06T23:07:52.756+0000] {processor.py:157} INFO - Started process (PID=28296) to work on /home/airflow/.local/lib/python3.8/site-packages/airflow/example_dags/example_sla_dag.py
[2024-10-06T23:07:52.756+0000] {processor.py:829} INFO - Processing file /home/airflow/.local/lib/python3.8/site-packages/airflow/example_dags/example_sla_dag.py for tasks to queue
[2024-10-06T23:07:52.757+0000] {logging_mixin.py:154} INFO - [2024-10-06T23:07:52.757+0000] {dagbag.py:536} INFO - Filling up the DagBag from /home/airflow/.local/lib/python3.8/site-packages/airflow/example_dags/example_sla_dag.py
[2024-10-06T23:07:52.761+0000] {processor.py:839} INFO - DAG(s) dict_keys(['example_sla_dag']) retrieved from /home/airflow/.local/lib/python3.8/site-packages/airflow/example_dags/example_sla_dag.py
[2024-10-06T23:07:52.770+0000] {logging_mixin.py:154} INFO - [2024-10-06T23:07:52.770+0000] {dag.py:2941} INFO - Sync 1 DAGs
[2024-10-06T23:07:52.780+0000] {logging_mixin.py:154} INFO - [2024-10-06T23:07:52.780+0000] {dag.py:3722} INFO - Setting next_dagrun for example_sla_dag to 2024-10-06T23:04:00+00:00, run_after=2024-10-06T23:06:00+00:00
[2024-10-06T23:07:52.786+0000] {processor.py:179} INFO - Processing /home/airflow/.local/lib/python3.8/site-packages/airflow/example_dags/example_sla_dag.py took 0.032 seconds
[2024-10-06T23:08:23.117+0000] {processor.py:157} INFO - Started process (PID=28357) to work on /home/airflow/.local/lib/python3.8/site-packages/airflow/example_dags/example_sla_dag.py
[2024-10-06T23:08:23.117+0000] {processor.py:829} INFO - Processing file /home/airflow/.local/lib/python3.8/site-packages/airflow/example_dags/example_sla_dag.py for tasks to queue
[2024-10-06T23:08:23.118+0000] {logging_mixin.py:154} INFO - [2024-10-06T23:08:23.118+0000] {dagbag.py:536} INFO - Filling up the DagBag from /home/airflow/.local/lib/python3.8/site-packages/airflow/example_dags/example_sla_dag.py
[2024-10-06T23:08:23.122+0000] {processor.py:839} INFO - DAG(s) dict_keys(['example_sla_dag']) retrieved from /home/airflow/.local/lib/python3.8/site-packages/airflow/example_dags/example_sla_dag.py
[2024-10-06T23:08:23.130+0000] {logging_mixin.py:154} INFO - [2024-10-06T23:08:23.130+0000] {dag.py:2941} INFO - Sync 1 DAGs
[2024-10-06T23:08:23.139+0000] {logging_mixin.py:154} INFO - [2024-10-06T23:08:23.139+0000] {dag.py:3722} INFO - Setting next_dagrun for example_sla_dag to 2024-10-06T23:06:00+00:00, run_after=2024-10-06T23:08:00+00:00
[2024-10-06T23:08:23.145+0000] {processor.py:179} INFO - Processing /home/airflow/.local/lib/python3.8/site-packages/airflow/example_dags/example_sla_dag.py took 0.030 seconds
[2024-10-06T23:08:53.555+0000] {processor.py:157} INFO - Started process (PID=28411) to work on /home/airflow/.local/lib/python3.8/site-packages/airflow/example_dags/example_sla_dag.py
[2024-10-06T23:08:53.555+0000] {processor.py:829} INFO - Processing file /home/airflow/.local/lib/python3.8/site-packages/airflow/example_dags/example_sla_dag.py for tasks to queue
[2024-10-06T23:08:53.556+0000] {logging_mixin.py:154} INFO - [2024-10-06T23:08:53.556+0000] {dagbag.py:536} INFO - Filling up the DagBag from /home/airflow/.local/lib/python3.8/site-packages/airflow/example_dags/example_sla_dag.py
[2024-10-06T23:08:53.561+0000] {processor.py:839} INFO - DAG(s) dict_keys(['example_sla_dag']) retrieved from /home/airflow/.local/lib/python3.8/site-packages/airflow/example_dags/example_sla_dag.py
[2024-10-06T23:08:53.569+0000] {logging_mixin.py:154} INFO - [2024-10-06T23:08:53.568+0000] {dag.py:2941} INFO - Sync 1 DAGs
[2024-10-06T23:08:53.578+0000] {logging_mixin.py:154} INFO - [2024-10-06T23:08:53.578+0000] {dag.py:3722} INFO - Setting next_dagrun for example_sla_dag to 2024-10-06T23:06:00+00:00, run_after=2024-10-06T23:08:00+00:00
[2024-10-06T23:08:53.584+0000] {processor.py:179} INFO - Processing /home/airflow/.local/lib/python3.8/site-packages/airflow/example_dags/example_sla_dag.py took 0.031 seconds
[2024-10-06T23:09:23.939+0000] {processor.py:157} INFO - Started process (PID=28465) to work on /home/airflow/.local/lib/python3.8/site-packages/airflow/example_dags/example_sla_dag.py
[2024-10-06T23:09:23.940+0000] {processor.py:829} INFO - Processing file /home/airflow/.local/lib/python3.8/site-packages/airflow/example_dags/example_sla_dag.py for tasks to queue
[2024-10-06T23:09:23.941+0000] {logging_mixin.py:154} INFO - [2024-10-06T23:09:23.941+0000] {dagbag.py:536} INFO - Filling up the DagBag from /home/airflow/.local/lib/python3.8/site-packages/airflow/example_dags/example_sla_dag.py
[2024-10-06T23:09:23.945+0000] {processor.py:839} INFO - DAG(s) dict_keys(['example_sla_dag']) retrieved from /home/airflow/.local/lib/python3.8/site-packages/airflow/example_dags/example_sla_dag.py
[2024-10-06T23:09:23.953+0000] {logging_mixin.py:154} INFO - [2024-10-06T23:09:23.953+0000] {dag.py:2941} INFO - Sync 1 DAGs
[2024-10-06T23:09:23.962+0000] {logging_mixin.py:154} INFO - [2024-10-06T23:09:23.962+0000] {dag.py:3722} INFO - Setting next_dagrun for example_sla_dag to 2024-10-06T23:06:00+00:00, run_after=2024-10-06T23:08:00+00:00
[2024-10-06T23:09:23.968+0000] {processor.py:179} INFO - Processing /home/airflow/.local/lib/python3.8/site-packages/airflow/example_dags/example_sla_dag.py took 0.030 seconds
[2024-10-06T23:09:54.464+0000] {processor.py:157} INFO - Started process (PID=28519) to work on /home/airflow/.local/lib/python3.8/site-packages/airflow/example_dags/example_sla_dag.py
[2024-10-06T23:09:54.465+0000] {processor.py:829} INFO - Processing file /home/airflow/.local/lib/python3.8/site-packages/airflow/example_dags/example_sla_dag.py for tasks to queue
[2024-10-06T23:09:54.466+0000] {logging_mixin.py:154} INFO - [2024-10-06T23:09:54.466+0000] {dagbag.py:536} INFO - Filling up the DagBag from /home/airflow/.local/lib/python3.8/site-packages/airflow/example_dags/example_sla_dag.py
[2024-10-06T23:09:54.470+0000] {processor.py:839} INFO - DAG(s) dict_keys(['example_sla_dag']) retrieved from /home/airflow/.local/lib/python3.8/site-packages/airflow/example_dags/example_sla_dag.py
[2024-10-06T23:09:54.479+0000] {logging_mixin.py:154} INFO - [2024-10-06T23:09:54.479+0000] {dag.py:2941} INFO - Sync 1 DAGs
[2024-10-06T23:09:54.489+0000] {logging_mixin.py:154} INFO - [2024-10-06T23:09:54.489+0000] {dag.py:3722} INFO - Setting next_dagrun for example_sla_dag to 2024-10-06T23:06:00+00:00, run_after=2024-10-06T23:08:00+00:00
[2024-10-06T23:09:54.495+0000] {processor.py:179} INFO - Processing /home/airflow/.local/lib/python3.8/site-packages/airflow/example_dags/example_sla_dag.py took 0.033 seconds
[2024-10-06T23:10:24.899+0000] {processor.py:157} INFO - Started process (PID=28573) to work on /home/airflow/.local/lib/python3.8/site-packages/airflow/example_dags/example_sla_dag.py
[2024-10-06T23:10:24.899+0000] {processor.py:829} INFO - Processing file /home/airflow/.local/lib/python3.8/site-packages/airflow/example_dags/example_sla_dag.py for tasks to queue
[2024-10-06T23:10:24.900+0000] {logging_mixin.py:154} INFO - [2024-10-06T23:10:24.900+0000] {dagbag.py:536} INFO - Filling up the DagBag from /home/airflow/.local/lib/python3.8/site-packages/airflow/example_dags/example_sla_dag.py
[2024-10-06T23:10:24.905+0000] {processor.py:839} INFO - DAG(s) dict_keys(['example_sla_dag']) retrieved from /home/airflow/.local/lib/python3.8/site-packages/airflow/example_dags/example_sla_dag.py
[2024-10-06T23:10:24.914+0000] {logging_mixin.py:154} INFO - [2024-10-06T23:10:24.913+0000] {dag.py:2941} INFO - Sync 1 DAGs
[2024-10-06T23:10:24.924+0000] {logging_mixin.py:154} INFO - [2024-10-06T23:10:24.924+0000] {dag.py:3722} INFO - Setting next_dagrun for example_sla_dag to 2024-10-06T23:08:00+00:00, run_after=2024-10-06T23:10:00+00:00
[2024-10-06T23:10:24.930+0000] {processor.py:179} INFO - Processing /home/airflow/.local/lib/python3.8/site-packages/airflow/example_dags/example_sla_dag.py took 0.034 seconds
[2024-10-06T23:10:55.297+0000] {processor.py:157} INFO - Started process (PID=28627) to work on /home/airflow/.local/lib/python3.8/site-packages/airflow/example_dags/example_sla_dag.py
[2024-10-06T23:10:55.297+0000] {processor.py:829} INFO - Processing file /home/airflow/.local/lib/python3.8/site-packages/airflow/example_dags/example_sla_dag.py for tasks to queue
[2024-10-06T23:10:55.299+0000] {logging_mixin.py:154} INFO - [2024-10-06T23:10:55.299+0000] {dagbag.py:536} INFO - Filling up the DagBag from /home/airflow/.local/lib/python3.8/site-packages/airflow/example_dags/example_sla_dag.py
[2024-10-06T23:10:55.303+0000] {processor.py:839} INFO - DAG(s) dict_keys(['example_sla_dag']) retrieved from /home/airflow/.local/lib/python3.8/site-packages/airflow/example_dags/example_sla_dag.py
[2024-10-06T23:10:55.312+0000] {logging_mixin.py:154} INFO - [2024-10-06T23:10:55.312+0000] {dag.py:2941} INFO - Sync 1 DAGs
[2024-10-06T23:10:55.321+0000] {logging_mixin.py:154} INFO - [2024-10-06T23:10:55.321+0000] {dag.py:3722} INFO - Setting next_dagrun for example_sla_dag to 2024-10-06T23:08:00+00:00, run_after=2024-10-06T23:10:00+00:00
[2024-10-06T23:10:55.328+0000] {processor.py:179} INFO - Processing /home/airflow/.local/lib/python3.8/site-packages/airflow/example_dags/example_sla_dag.py took 0.032 seconds
[2024-10-06T23:11:25.716+0000] {processor.py:157} INFO - Started process (PID=28681) to work on /home/airflow/.local/lib/python3.8/site-packages/airflow/example_dags/example_sla_dag.py
[2024-10-06T23:11:25.716+0000] {processor.py:829} INFO - Processing file /home/airflow/.local/lib/python3.8/site-packages/airflow/example_dags/example_sla_dag.py for tasks to queue
[2024-10-06T23:11:25.717+0000] {logging_mixin.py:154} INFO - [2024-10-06T23:11:25.717+0000] {dagbag.py:536} INFO - Filling up the DagBag from /home/airflow/.local/lib/python3.8/site-packages/airflow/example_dags/example_sla_dag.py
[2024-10-06T23:11:25.721+0000] {processor.py:839} INFO - DAG(s) dict_keys(['example_sla_dag']) retrieved from /home/airflow/.local/lib/python3.8/site-packages/airflow/example_dags/example_sla_dag.py
[2024-10-06T23:11:25.730+0000] {logging_mixin.py:154} INFO - [2024-10-06T23:11:25.729+0000] {dag.py:2941} INFO - Sync 1 DAGs
[2024-10-06T23:11:25.739+0000] {logging_mixin.py:154} INFO - [2024-10-06T23:11:25.739+0000] {dag.py:3722} INFO - Setting next_dagrun for example_sla_dag to 2024-10-06T23:08:00+00:00, run_after=2024-10-06T23:10:00+00:00
[2024-10-06T23:11:25.746+0000] {processor.py:179} INFO - Processing /home/airflow/.local/lib/python3.8/site-packages/airflow/example_dags/example_sla_dag.py took 0.031 seconds
[2024-10-06T23:11:56.211+0000] {processor.py:157} INFO - Started process (PID=28735) to work on /home/airflow/.local/lib/python3.8/site-packages/airflow/example_dags/example_sla_dag.py
[2024-10-06T23:11:56.212+0000] {processor.py:829} INFO - Processing file /home/airflow/.local/lib/python3.8/site-packages/airflow/example_dags/example_sla_dag.py for tasks to queue
[2024-10-06T23:11:56.213+0000] {logging_mixin.py:154} INFO - [2024-10-06T23:11:56.213+0000] {dagbag.py:536} INFO - Filling up the DagBag from /home/airflow/.local/lib/python3.8/site-packages/airflow/example_dags/example_sla_dag.py
[2024-10-06T23:11:56.219+0000] {processor.py:839} INFO - DAG(s) dict_keys(['example_sla_dag']) retrieved from /home/airflow/.local/lib/python3.8/site-packages/airflow/example_dags/example_sla_dag.py
[2024-10-06T23:11:56.228+0000] {logging_mixin.py:154} INFO - [2024-10-06T23:11:56.228+0000] {dag.py:2941} INFO - Sync 1 DAGs
[2024-10-06T23:11:56.239+0000] {logging_mixin.py:154} INFO - [2024-10-06T23:11:56.239+0000] {dag.py:3722} INFO - Setting next_dagrun for example_sla_dag to 2024-10-06T23:08:00+00:00, run_after=2024-10-06T23:10:00+00:00
[2024-10-06T23:11:56.247+0000] {processor.py:179} INFO - Processing /home/airflow/.local/lib/python3.8/site-packages/airflow/example_dags/example_sla_dag.py took 0.037 seconds
[2024-10-06T23:12:26.649+0000] {processor.py:157} INFO - Started process (PID=28789) to work on /home/airflow/.local/lib/python3.8/site-packages/airflow/example_dags/example_sla_dag.py
[2024-10-06T23:12:26.649+0000] {processor.py:829} INFO - Processing file /home/airflow/.local/lib/python3.8/site-packages/airflow/example_dags/example_sla_dag.py for tasks to queue
[2024-10-06T23:12:26.650+0000] {logging_mixin.py:154} INFO - [2024-10-06T23:12:26.650+0000] {dagbag.py:536} INFO - Filling up the DagBag from /home/airflow/.local/lib/python3.8/site-packages/airflow/example_dags/example_sla_dag.py
[2024-10-06T23:12:26.655+0000] {processor.py:839} INFO - DAG(s) dict_keys(['example_sla_dag']) retrieved from /home/airflow/.local/lib/python3.8/site-packages/airflow/example_dags/example_sla_dag.py
[2024-10-06T23:12:26.663+0000] {logging_mixin.py:154} INFO - [2024-10-06T23:12:26.662+0000] {dag.py:2941} INFO - Sync 1 DAGs
[2024-10-06T23:12:26.672+0000] {logging_mixin.py:154} INFO - [2024-10-06T23:12:26.672+0000] {dag.py:3722} INFO - Setting next_dagrun for example_sla_dag to 2024-10-06T23:10:00+00:00, run_after=2024-10-06T23:12:00+00:00
[2024-10-06T23:12:26.678+0000] {processor.py:179} INFO - Processing /home/airflow/.local/lib/python3.8/site-packages/airflow/example_dags/example_sla_dag.py took 0.031 seconds
[2024-10-06T23:12:57.181+0000] {processor.py:157} INFO - Started process (PID=28843) to work on /home/airflow/.local/lib/python3.8/site-packages/airflow/example_dags/example_sla_dag.py
[2024-10-06T23:12:57.181+0000] {processor.py:829} INFO - Processing file /home/airflow/.local/lib/python3.8/site-packages/airflow/example_dags/example_sla_dag.py for tasks to queue
[2024-10-06T23:12:57.183+0000] {logging_mixin.py:154} INFO - [2024-10-06T23:12:57.182+0000] {dagbag.py:536} INFO - Filling up the DagBag from /home/airflow/.local/lib/python3.8/site-packages/airflow/example_dags/example_sla_dag.py
[2024-10-06T23:12:57.187+0000] {processor.py:839} INFO - DAG(s) dict_keys(['example_sla_dag']) retrieved from /home/airflow/.local/lib/python3.8/site-packages/airflow/example_dags/example_sla_dag.py
[2024-10-06T23:12:57.196+0000] {logging_mixin.py:154} INFO - [2024-10-06T23:12:57.196+0000] {dag.py:2941} INFO - Sync 1 DAGs
[2024-10-06T23:12:57.205+0000] {logging_mixin.py:154} INFO - [2024-10-06T23:12:57.205+0000] {dag.py:3722} INFO - Setting next_dagrun for example_sla_dag to 2024-10-06T23:10:00+00:00, run_after=2024-10-06T23:12:00+00:00
[2024-10-06T23:12:57.211+0000] {processor.py:179} INFO - Processing /home/airflow/.local/lib/python3.8/site-packages/airflow/example_dags/example_sla_dag.py took 0.032 seconds
[2024-10-06T23:13:27.566+0000] {processor.py:157} INFO - Started process (PID=28897) to work on /home/airflow/.local/lib/python3.8/site-packages/airflow/example_dags/example_sla_dag.py
[2024-10-06T23:13:27.566+0000] {processor.py:829} INFO - Processing file /home/airflow/.local/lib/python3.8/site-packages/airflow/example_dags/example_sla_dag.py for tasks to queue
[2024-10-06T23:13:27.567+0000] {logging_mixin.py:154} INFO - [2024-10-06T23:13:27.567+0000] {dagbag.py:536} INFO - Filling up the DagBag from /home/airflow/.local/lib/python3.8/site-packages/airflow/example_dags/example_sla_dag.py
[2024-10-06T23:13:27.571+0000] {processor.py:839} INFO - DAG(s) dict_keys(['example_sla_dag']) retrieved from /home/airflow/.local/lib/python3.8/site-packages/airflow/example_dags/example_sla_dag.py
[2024-10-06T23:13:27.579+0000] {logging_mixin.py:154} INFO - [2024-10-06T23:13:27.579+0000] {dag.py:2941} INFO - Sync 1 DAGs
[2024-10-06T23:13:27.588+0000] {logging_mixin.py:154} INFO - [2024-10-06T23:13:27.588+0000] {dag.py:3722} INFO - Setting next_dagrun for example_sla_dag to 2024-10-06T23:10:00+00:00, run_after=2024-10-06T23:12:00+00:00
[2024-10-06T23:13:27.594+0000] {processor.py:179} INFO - Processing /home/airflow/.local/lib/python3.8/site-packages/airflow/example_dags/example_sla_dag.py took 0.030 seconds
[2024-10-06T23:13:58.052+0000] {processor.py:157} INFO - Started process (PID=28951) to work on /home/airflow/.local/lib/python3.8/site-packages/airflow/example_dags/example_sla_dag.py
[2024-10-06T23:13:58.052+0000] {processor.py:829} INFO - Processing file /home/airflow/.local/lib/python3.8/site-packages/airflow/example_dags/example_sla_dag.py for tasks to queue
[2024-10-06T23:13:58.053+0000] {logging_mixin.py:154} INFO - [2024-10-06T23:13:58.053+0000] {dagbag.py:536} INFO - Filling up the DagBag from /home/airflow/.local/lib/python3.8/site-packages/airflow/example_dags/example_sla_dag.py
[2024-10-06T23:13:58.057+0000] {processor.py:839} INFO - DAG(s) dict_keys(['example_sla_dag']) retrieved from /home/airflow/.local/lib/python3.8/site-packages/airflow/example_dags/example_sla_dag.py
[2024-10-06T23:13:58.065+0000] {logging_mixin.py:154} INFO - [2024-10-06T23:13:58.065+0000] {dag.py:2941} INFO - Sync 1 DAGs
[2024-10-06T23:13:58.075+0000] {logging_mixin.py:154} INFO - [2024-10-06T23:13:58.075+0000] {dag.py:3722} INFO - Setting next_dagrun for example_sla_dag to 2024-10-06T23:10:00+00:00, run_after=2024-10-06T23:12:00+00:00
[2024-10-06T23:13:58.081+0000] {processor.py:179} INFO - Processing /home/airflow/.local/lib/python3.8/site-packages/airflow/example_dags/example_sla_dag.py took 0.030 seconds
[2024-10-06T23:14:28.516+0000] {processor.py:157} INFO - Started process (PID=29005) to work on /home/airflow/.local/lib/python3.8/site-packages/airflow/example_dags/example_sla_dag.py
[2024-10-06T23:14:28.517+0000] {processor.py:829} INFO - Processing file /home/airflow/.local/lib/python3.8/site-packages/airflow/example_dags/example_sla_dag.py for tasks to queue
[2024-10-06T23:14:28.518+0000] {logging_mixin.py:154} INFO - [2024-10-06T23:14:28.518+0000] {dagbag.py:536} INFO - Filling up the DagBag from /home/airflow/.local/lib/python3.8/site-packages/airflow/example_dags/example_sla_dag.py
[2024-10-06T23:14:28.522+0000] {processor.py:839} INFO - DAG(s) dict_keys(['example_sla_dag']) retrieved from /home/airflow/.local/lib/python3.8/site-packages/airflow/example_dags/example_sla_dag.py
[2024-10-06T23:14:28.530+0000] {logging_mixin.py:154} INFO - [2024-10-06T23:14:28.530+0000] {dag.py:2941} INFO - Sync 1 DAGs
[2024-10-06T23:14:28.539+0000] {logging_mixin.py:154} INFO - [2024-10-06T23:14:28.539+0000] {dag.py:3722} INFO - Setting next_dagrun for example_sla_dag to 2024-10-06T23:12:00+00:00, run_after=2024-10-06T23:14:00+00:00
[2024-10-06T23:14:28.545+0000] {processor.py:179} INFO - Processing /home/airflow/.local/lib/python3.8/site-packages/airflow/example_dags/example_sla_dag.py took 0.030 seconds
[2024-10-06T23:14:58.988+0000] {processor.py:157} INFO - Started process (PID=29059) to work on /home/airflow/.local/lib/python3.8/site-packages/airflow/example_dags/example_sla_dag.py
[2024-10-06T23:14:58.988+0000] {processor.py:829} INFO - Processing file /home/airflow/.local/lib/python3.8/site-packages/airflow/example_dags/example_sla_dag.py for tasks to queue
[2024-10-06T23:14:58.989+0000] {logging_mixin.py:154} INFO - [2024-10-06T23:14:58.989+0000] {dagbag.py:536} INFO - Filling up the DagBag from /home/airflow/.local/lib/python3.8/site-packages/airflow/example_dags/example_sla_dag.py
[2024-10-06T23:14:58.994+0000] {processor.py:839} INFO - DAG(s) dict_keys(['example_sla_dag']) retrieved from /home/airflow/.local/lib/python3.8/site-packages/airflow/example_dags/example_sla_dag.py
[2024-10-06T23:14:59.002+0000] {logging_mixin.py:154} INFO - [2024-10-06T23:14:59.002+0000] {dag.py:2941} INFO - Sync 1 DAGs
[2024-10-06T23:14:59.012+0000] {logging_mixin.py:154} INFO - [2024-10-06T23:14:59.012+0000] {dag.py:3722} INFO - Setting next_dagrun for example_sla_dag to 2024-10-06T23:12:00+00:00, run_after=2024-10-06T23:14:00+00:00
[2024-10-06T23:14:59.018+0000] {processor.py:179} INFO - Processing /home/airflow/.local/lib/python3.8/site-packages/airflow/example_dags/example_sla_dag.py took 0.032 seconds
[2024-10-06T23:15:29.424+0000] {processor.py:157} INFO - Started process (PID=29113) to work on /home/airflow/.local/lib/python3.8/site-packages/airflow/example_dags/example_sla_dag.py
[2024-10-06T23:15:29.425+0000] {processor.py:829} INFO - Processing file /home/airflow/.local/lib/python3.8/site-packages/airflow/example_dags/example_sla_dag.py for tasks to queue
[2024-10-06T23:15:29.426+0000] {logging_mixin.py:154} INFO - [2024-10-06T23:15:29.426+0000] {dagbag.py:536} INFO - Filling up the DagBag from /home/airflow/.local/lib/python3.8/site-packages/airflow/example_dags/example_sla_dag.py
[2024-10-06T23:15:29.430+0000] {processor.py:839} INFO - DAG(s) dict_keys(['example_sla_dag']) retrieved from /home/airflow/.local/lib/python3.8/site-packages/airflow/example_dags/example_sla_dag.py
[2024-10-06T23:15:29.439+0000] {logging_mixin.py:154} INFO - [2024-10-06T23:15:29.439+0000] {dag.py:2941} INFO - Sync 1 DAGs
[2024-10-06T23:15:29.450+0000] {logging_mixin.py:154} INFO - [2024-10-06T23:15:29.450+0000] {dag.py:3722} INFO - Setting next_dagrun for example_sla_dag to 2024-10-06T23:12:00+00:00, run_after=2024-10-06T23:14:00+00:00
[2024-10-06T23:15:29.456+0000] {processor.py:179} INFO - Processing /home/airflow/.local/lib/python3.8/site-packages/airflow/example_dags/example_sla_dag.py took 0.034 seconds
[2024-10-06T23:54:57.096+0000] {processor.py:157} INFO - Started process (PID=29160) to work on /home/airflow/.local/lib/python3.8/site-packages/airflow/example_dags/example_sla_dag.py
[2024-10-06T23:54:57.097+0000] {processor.py:829} INFO - Processing file /home/airflow/.local/lib/python3.8/site-packages/airflow/example_dags/example_sla_dag.py for tasks to queue
[2024-10-06T23:54:57.098+0000] {logging_mixin.py:154} INFO - [2024-10-06T23:54:57.098+0000] {dagbag.py:536} INFO - Filling up the DagBag from /home/airflow/.local/lib/python3.8/site-packages/airflow/example_dags/example_sla_dag.py
[2024-10-06T23:54:57.102+0000] {processor.py:839} INFO - DAG(s) dict_keys(['example_sla_dag']) retrieved from /home/airflow/.local/lib/python3.8/site-packages/airflow/example_dags/example_sla_dag.py
[2024-10-06T23:54:57.111+0000] {logging_mixin.py:154} INFO - [2024-10-06T23:54:57.111+0000] {dag.py:2941} INFO - Sync 1 DAGs
[2024-10-06T23:54:57.121+0000] {logging_mixin.py:154} INFO - [2024-10-06T23:54:57.121+0000] {dag.py:3722} INFO - Setting next_dagrun for example_sla_dag to 2024-10-06T23:52:00+00:00, run_after=2024-10-06T23:54:00+00:00
[2024-10-06T23:54:57.127+0000] {processor.py:179} INFO - Processing /home/airflow/.local/lib/python3.8/site-packages/airflow/example_dags/example_sla_dag.py took 0.032 seconds
