[2024-10-06T00:48:02.032+0000] {processor.py:157} INFO - Started process (PID=25810) to work on /home/airflow/.local/lib/python3.8/site-packages/airflow/example_dags/example_complex.py
[2024-10-06T00:48:02.032+0000] {processor.py:829} INFO - Processing file /home/airflow/.local/lib/python3.8/site-packages/airflow/example_dags/example_complex.py for tasks to queue
[2024-10-06T00:48:02.033+0000] {logging_mixin.py:154} INFO - [2024-10-06T00:48:02.033+0000] {dagbag.py:536} INFO - Filling up the DagBag from /home/airflow/.local/lib/python3.8/site-packages/airflow/example_dags/example_complex.py
[2024-10-06T00:48:02.039+0000] {processor.py:839} INFO - DAG(s) dict_keys(['example_complex']) retrieved from /home/airflow/.local/lib/python3.8/site-packages/airflow/example_dags/example_complex.py
[2024-10-06T00:48:02.052+0000] {logging_mixin.py:154} INFO - [2024-10-06T00:48:02.052+0000] {dag.py:2941} INFO - Sync 1 DAGs
[2024-10-06T00:48:02.057+0000] {logging_mixin.py:154} INFO - [2024-10-06T00:48:02.056+0000] {dag.py:3722} INFO - Setting next_dagrun for example_complex to None, run_after=None
[2024-10-06T00:48:02.063+0000] {processor.py:179} INFO - Processing /home/airflow/.local/lib/python3.8/site-packages/airflow/example_dags/example_complex.py took 0.032 seconds
[2024-10-06T00:59:19.158+0000] {processor.py:157} INFO - Started process (PID=25864) to work on /home/airflow/.local/lib/python3.8/site-packages/airflow/example_dags/example_complex.py
[2024-10-06T00:59:19.158+0000] {processor.py:829} INFO - Processing file /home/airflow/.local/lib/python3.8/site-packages/airflow/example_dags/example_complex.py for tasks to queue
[2024-10-06T00:59:19.159+0000] {logging_mixin.py:154} INFO - [2024-10-06T00:59:19.159+0000] {dagbag.py:536} INFO - Filling up the DagBag from /home/airflow/.local/lib/python3.8/site-packages/airflow/example_dags/example_complex.py
[2024-10-06T00:59:19.165+0000] {processor.py:839} INFO - DAG(s) dict_keys(['example_complex']) retrieved from /home/airflow/.local/lib/python3.8/site-packages/airflow/example_dags/example_complex.py
[2024-10-06T00:59:19.180+0000] {logging_mixin.py:154} INFO - [2024-10-06T00:59:19.180+0000] {dag.py:2941} INFO - Sync 1 DAGs
[2024-10-06T00:59:19.187+0000] {logging_mixin.py:154} INFO - [2024-10-06T00:59:19.187+0000] {dag.py:3722} INFO - Setting next_dagrun for example_complex to None, run_after=None
[2024-10-06T00:59:19.196+0000] {processor.py:179} INFO - Processing /home/airflow/.local/lib/python3.8/site-packages/airflow/example_dags/example_complex.py took 0.040 seconds
[2024-10-06T02:12:20.222+0000] {processor.py:157} INFO - Started process (PID=25918) to work on /home/airflow/.local/lib/python3.8/site-packages/airflow/example_dags/example_complex.py
[2024-10-06T02:12:20.223+0000] {processor.py:829} INFO - Processing file /home/airflow/.local/lib/python3.8/site-packages/airflow/example_dags/example_complex.py for tasks to queue
[2024-10-06T02:12:20.225+0000] {logging_mixin.py:154} INFO - [2024-10-06T02:12:20.225+0000] {dagbag.py:536} INFO - Filling up the DagBag from /home/airflow/.local/lib/python3.8/site-packages/airflow/example_dags/example_complex.py
[2024-10-06T02:12:20.232+0000] {processor.py:839} INFO - DAG(s) dict_keys(['example_complex']) retrieved from /home/airflow/.local/lib/python3.8/site-packages/airflow/example_dags/example_complex.py
[2024-10-06T02:12:20.247+0000] {logging_mixin.py:154} INFO - [2024-10-06T02:12:20.247+0000] {dag.py:2941} INFO - Sync 1 DAGs
[2024-10-06T02:12:20.254+0000] {logging_mixin.py:154} INFO - [2024-10-06T02:12:20.254+0000] {dag.py:3722} INFO - Setting next_dagrun for example_complex to None, run_after=None
[2024-10-06T02:12:20.263+0000] {processor.py:179} INFO - Processing /home/airflow/.local/lib/python3.8/site-packages/airflow/example_dags/example_complex.py took 0.043 seconds
[2024-10-06T02:48:47.390+0000] {processor.py:157} INFO - Started process (PID=25972) to work on /home/airflow/.local/lib/python3.8/site-packages/airflow/example_dags/example_complex.py
[2024-10-06T02:48:47.390+0000] {processor.py:829} INFO - Processing file /home/airflow/.local/lib/python3.8/site-packages/airflow/example_dags/example_complex.py for tasks to queue
[2024-10-06T02:48:47.391+0000] {logging_mixin.py:154} INFO - [2024-10-06T02:48:47.391+0000] {dagbag.py:536} INFO - Filling up the DagBag from /home/airflow/.local/lib/python3.8/site-packages/airflow/example_dags/example_complex.py
[2024-10-06T02:48:47.396+0000] {processor.py:839} INFO - DAG(s) dict_keys(['example_complex']) retrieved from /home/airflow/.local/lib/python3.8/site-packages/airflow/example_dags/example_complex.py
[2024-10-06T02:48:47.409+0000] {logging_mixin.py:154} INFO - [2024-10-06T02:48:47.409+0000] {dag.py:2941} INFO - Sync 1 DAGs
[2024-10-06T02:48:47.414+0000] {logging_mixin.py:154} INFO - [2024-10-06T02:48:47.414+0000] {dag.py:3722} INFO - Setting next_dagrun for example_complex to None, run_after=None
[2024-10-06T02:48:47.420+0000] {processor.py:179} INFO - Processing /home/airflow/.local/lib/python3.8/site-packages/airflow/example_dags/example_complex.py took 0.032 seconds
[2024-10-06T03:19:23.026+0000] {processor.py:157} INFO - Started process (PID=26026) to work on /home/airflow/.local/lib/python3.8/site-packages/airflow/example_dags/example_complex.py
[2024-10-06T03:19:23.027+0000] {processor.py:829} INFO - Processing file /home/airflow/.local/lib/python3.8/site-packages/airflow/example_dags/example_complex.py for tasks to queue
[2024-10-06T03:19:23.028+0000] {logging_mixin.py:154} INFO - [2024-10-06T03:19:23.028+0000] {dagbag.py:536} INFO - Filling up the DagBag from /home/airflow/.local/lib/python3.8/site-packages/airflow/example_dags/example_complex.py
[2024-10-06T03:19:23.033+0000] {processor.py:839} INFO - DAG(s) dict_keys(['example_complex']) retrieved from /home/airflow/.local/lib/python3.8/site-packages/airflow/example_dags/example_complex.py
[2024-10-06T03:19:23.045+0000] {logging_mixin.py:154} INFO - [2024-10-06T03:19:23.045+0000] {dag.py:2941} INFO - Sync 1 DAGs
[2024-10-06T03:19:23.050+0000] {logging_mixin.py:154} INFO - [2024-10-06T03:19:23.050+0000] {dag.py:3722} INFO - Setting next_dagrun for example_complex to None, run_after=None
[2024-10-06T03:19:23.057+0000] {processor.py:179} INFO - Processing /home/airflow/.local/lib/python3.8/site-packages/airflow/example_dags/example_complex.py took 0.032 seconds
[2024-10-06T04:34:56.625+0000] {processor.py:157} INFO - Started process (PID=26080) to work on /home/airflow/.local/lib/python3.8/site-packages/airflow/example_dags/example_complex.py
[2024-10-06T04:34:56.625+0000] {processor.py:829} INFO - Processing file /home/airflow/.local/lib/python3.8/site-packages/airflow/example_dags/example_complex.py for tasks to queue
[2024-10-06T04:34:56.626+0000] {logging_mixin.py:154} INFO - [2024-10-06T04:34:56.626+0000] {dagbag.py:536} INFO - Filling up the DagBag from /home/airflow/.local/lib/python3.8/site-packages/airflow/example_dags/example_complex.py
[2024-10-06T04:34:56.632+0000] {processor.py:839} INFO - DAG(s) dict_keys(['example_complex']) retrieved from /home/airflow/.local/lib/python3.8/site-packages/airflow/example_dags/example_complex.py
[2024-10-06T04:34:56.644+0000] {logging_mixin.py:154} INFO - [2024-10-06T04:34:56.644+0000] {dag.py:2941} INFO - Sync 1 DAGs
[2024-10-06T04:34:56.649+0000] {logging_mixin.py:154} INFO - [2024-10-06T04:34:56.649+0000] {dag.py:3722} INFO - Setting next_dagrun for example_complex to None, run_after=None
[2024-10-06T04:34:56.656+0000] {processor.py:179} INFO - Processing /home/airflow/.local/lib/python3.8/site-packages/airflow/example_dags/example_complex.py took 0.033 seconds
[2024-10-06T05:54:01.434+0000] {processor.py:157} INFO - Started process (PID=26134) to work on /home/airflow/.local/lib/python3.8/site-packages/airflow/example_dags/example_complex.py
[2024-10-06T05:54:01.435+0000] {processor.py:829} INFO - Processing file /home/airflow/.local/lib/python3.8/site-packages/airflow/example_dags/example_complex.py for tasks to queue
[2024-10-06T05:54:01.437+0000] {logging_mixin.py:154} INFO - [2024-10-06T05:54:01.436+0000] {dagbag.py:536} INFO - Filling up the DagBag from /home/airflow/.local/lib/python3.8/site-packages/airflow/example_dags/example_complex.py
[2024-10-06T05:54:01.443+0000] {processor.py:839} INFO - DAG(s) dict_keys(['example_complex']) retrieved from /home/airflow/.local/lib/python3.8/site-packages/airflow/example_dags/example_complex.py
[2024-10-06T05:54:01.459+0000] {logging_mixin.py:154} INFO - [2024-10-06T05:54:01.459+0000] {dag.py:2941} INFO - Sync 1 DAGs
[2024-10-06T05:54:01.466+0000] {logging_mixin.py:154} INFO - [2024-10-06T05:54:01.466+0000] {dag.py:3722} INFO - Setting next_dagrun for example_complex to None, run_after=None
[2024-10-06T05:54:01.475+0000] {processor.py:179} INFO - Processing /home/airflow/.local/lib/python3.8/site-packages/airflow/example_dags/example_complex.py took 0.044 seconds
[2024-10-06T06:41:07.209+0000] {processor.py:157} INFO - Started process (PID=26188) to work on /home/airflow/.local/lib/python3.8/site-packages/airflow/example_dags/example_complex.py
[2024-10-06T06:41:07.210+0000] {processor.py:829} INFO - Processing file /home/airflow/.local/lib/python3.8/site-packages/airflow/example_dags/example_complex.py for tasks to queue
[2024-10-06T06:41:07.212+0000] {logging_mixin.py:154} INFO - [2024-10-06T06:41:07.212+0000] {dagbag.py:536} INFO - Filling up the DagBag from /home/airflow/.local/lib/python3.8/site-packages/airflow/example_dags/example_complex.py
[2024-10-06T06:41:07.219+0000] {processor.py:839} INFO - DAG(s) dict_keys(['example_complex']) retrieved from /home/airflow/.local/lib/python3.8/site-packages/airflow/example_dags/example_complex.py
[2024-10-06T06:41:07.235+0000] {logging_mixin.py:154} INFO - [2024-10-06T06:41:07.235+0000] {dag.py:2941} INFO - Sync 1 DAGs
[2024-10-06T06:41:07.242+0000] {logging_mixin.py:154} INFO - [2024-10-06T06:41:07.242+0000] {dag.py:3722} INFO - Setting next_dagrun for example_complex to None, run_after=None
[2024-10-06T06:41:07.251+0000] {processor.py:179} INFO - Processing /home/airflow/.local/lib/python3.8/site-packages/airflow/example_dags/example_complex.py took 0.044 seconds
[2024-10-06T08:19:29.877+0000] {processor.py:157} INFO - Started process (PID=26242) to work on /home/airflow/.local/lib/python3.8/site-packages/airflow/example_dags/example_complex.py
[2024-10-06T08:19:29.878+0000] {processor.py:829} INFO - Processing file /home/airflow/.local/lib/python3.8/site-packages/airflow/example_dags/example_complex.py for tasks to queue
[2024-10-06T08:19:29.879+0000] {logging_mixin.py:154} INFO - [2024-10-06T08:19:29.879+0000] {dagbag.py:536} INFO - Filling up the DagBag from /home/airflow/.local/lib/python3.8/site-packages/airflow/example_dags/example_complex.py
[2024-10-06T08:19:29.886+0000] {processor.py:839} INFO - DAG(s) dict_keys(['example_complex']) retrieved from /home/airflow/.local/lib/python3.8/site-packages/airflow/example_dags/example_complex.py
[2024-10-06T08:19:29.902+0000] {logging_mixin.py:154} INFO - [2024-10-06T08:19:29.902+0000] {dag.py:2941} INFO - Sync 1 DAGs
[2024-10-06T08:19:29.908+0000] {logging_mixin.py:154} INFO - [2024-10-06T08:19:29.908+0000] {dag.py:3722} INFO - Setting next_dagrun for example_complex to None, run_after=None
[2024-10-06T08:19:29.918+0000] {processor.py:179} INFO - Processing /home/airflow/.local/lib/python3.8/site-packages/airflow/example_dags/example_complex.py took 0.042 seconds
[2024-10-06T09:31:45.826+0000] {processor.py:157} INFO - Started process (PID=26296) to work on /home/airflow/.local/lib/python3.8/site-packages/airflow/example_dags/example_complex.py
[2024-10-06T09:31:45.827+0000] {processor.py:829} INFO - Processing file /home/airflow/.local/lib/python3.8/site-packages/airflow/example_dags/example_complex.py for tasks to queue
[2024-10-06T09:31:45.828+0000] {logging_mixin.py:154} INFO - [2024-10-06T09:31:45.828+0000] {dagbag.py:536} INFO - Filling up the DagBag from /home/airflow/.local/lib/python3.8/site-packages/airflow/example_dags/example_complex.py
[2024-10-06T09:31:45.833+0000] {processor.py:839} INFO - DAG(s) dict_keys(['example_complex']) retrieved from /home/airflow/.local/lib/python3.8/site-packages/airflow/example_dags/example_complex.py
[2024-10-06T09:31:45.846+0000] {logging_mixin.py:154} INFO - [2024-10-06T09:31:45.845+0000] {dag.py:2941} INFO - Sync 1 DAGs
[2024-10-06T09:31:45.851+0000] {logging_mixin.py:154} INFO - [2024-10-06T09:31:45.851+0000] {dag.py:3722} INFO - Setting next_dagrun for example_complex to None, run_after=None
[2024-10-06T09:31:45.858+0000] {processor.py:179} INFO - Processing /home/airflow/.local/lib/python3.8/site-packages/airflow/example_dags/example_complex.py took 0.033 seconds
[2024-10-06T10:45:25.728+0000] {processor.py:157} INFO - Started process (PID=26350) to work on /home/airflow/.local/lib/python3.8/site-packages/airflow/example_dags/example_complex.py
[2024-10-06T10:45:25.729+0000] {processor.py:829} INFO - Processing file /home/airflow/.local/lib/python3.8/site-packages/airflow/example_dags/example_complex.py for tasks to queue
[2024-10-06T10:45:25.730+0000] {logging_mixin.py:154} INFO - [2024-10-06T10:45:25.730+0000] {dagbag.py:536} INFO - Filling up the DagBag from /home/airflow/.local/lib/python3.8/site-packages/airflow/example_dags/example_complex.py
[2024-10-06T10:45:25.734+0000] {processor.py:839} INFO - DAG(s) dict_keys(['example_complex']) retrieved from /home/airflow/.local/lib/python3.8/site-packages/airflow/example_dags/example_complex.py
[2024-10-06T10:45:25.746+0000] {logging_mixin.py:154} INFO - [2024-10-06T10:45:25.746+0000] {dag.py:2941} INFO - Sync 1 DAGs
[2024-10-06T10:45:25.751+0000] {logging_mixin.py:154} INFO - [2024-10-06T10:45:25.751+0000] {dag.py:3722} INFO - Setting next_dagrun for example_complex to None, run_after=None
[2024-10-06T10:45:25.757+0000] {processor.py:179} INFO - Processing /home/airflow/.local/lib/python3.8/site-packages/airflow/example_dags/example_complex.py took 0.030 seconds
[2024-10-06T11:46:26.100+0000] {processor.py:157} INFO - Started process (PID=26404) to work on /home/airflow/.local/lib/python3.8/site-packages/airflow/example_dags/example_complex.py
[2024-10-06T11:46:26.100+0000] {processor.py:829} INFO - Processing file /home/airflow/.local/lib/python3.8/site-packages/airflow/example_dags/example_complex.py for tasks to queue
[2024-10-06T11:46:26.101+0000] {logging_mixin.py:154} INFO - [2024-10-06T11:46:26.101+0000] {dagbag.py:536} INFO - Filling up the DagBag from /home/airflow/.local/lib/python3.8/site-packages/airflow/example_dags/example_complex.py
[2024-10-06T11:46:26.106+0000] {processor.py:839} INFO - DAG(s) dict_keys(['example_complex']) retrieved from /home/airflow/.local/lib/python3.8/site-packages/airflow/example_dags/example_complex.py
[2024-10-06T11:46:26.118+0000] {logging_mixin.py:154} INFO - [2024-10-06T11:46:26.118+0000] {dag.py:2941} INFO - Sync 1 DAGs
[2024-10-06T11:46:26.124+0000] {logging_mixin.py:154} INFO - [2024-10-06T11:46:26.124+0000] {dag.py:3722} INFO - Setting next_dagrun for example_complex to None, run_after=None
[2024-10-06T11:46:26.131+0000] {processor.py:179} INFO - Processing /home/airflow/.local/lib/python3.8/site-packages/airflow/example_dags/example_complex.py took 0.033 seconds
[2024-10-06T12:33:57.662+0000] {processor.py:157} INFO - Started process (PID=26458) to work on /home/airflow/.local/lib/python3.8/site-packages/airflow/example_dags/example_complex.py
[2024-10-06T12:33:57.662+0000] {processor.py:829} INFO - Processing file /home/airflow/.local/lib/python3.8/site-packages/airflow/example_dags/example_complex.py for tasks to queue
[2024-10-06T12:33:57.664+0000] {logging_mixin.py:154} INFO - [2024-10-06T12:33:57.663+0000] {dagbag.py:536} INFO - Filling up the DagBag from /home/airflow/.local/lib/python3.8/site-packages/airflow/example_dags/example_complex.py
[2024-10-06T12:33:57.668+0000] {processor.py:839} INFO - DAG(s) dict_keys(['example_complex']) retrieved from /home/airflow/.local/lib/python3.8/site-packages/airflow/example_dags/example_complex.py
[2024-10-06T12:33:57.681+0000] {logging_mixin.py:154} INFO - [2024-10-06T12:33:57.681+0000] {dag.py:2941} INFO - Sync 1 DAGs
[2024-10-06T12:33:57.687+0000] {logging_mixin.py:154} INFO - [2024-10-06T12:33:57.686+0000] {dag.py:3722} INFO - Setting next_dagrun for example_complex to None, run_after=None
[2024-10-06T12:33:57.693+0000] {processor.py:179} INFO - Processing /home/airflow/.local/lib/python3.8/site-packages/airflow/example_dags/example_complex.py took 0.032 seconds
[2024-10-06T13:17:28.380+0000] {processor.py:157} INFO - Started process (PID=26512) to work on /home/airflow/.local/lib/python3.8/site-packages/airflow/example_dags/example_complex.py
[2024-10-06T13:17:28.381+0000] {processor.py:829} INFO - Processing file /home/airflow/.local/lib/python3.8/site-packages/airflow/example_dags/example_complex.py for tasks to queue
[2024-10-06T13:17:28.382+0000] {logging_mixin.py:154} INFO - [2024-10-06T13:17:28.382+0000] {dagbag.py:536} INFO - Filling up the DagBag from /home/airflow/.local/lib/python3.8/site-packages/airflow/example_dags/example_complex.py
[2024-10-06T13:17:28.386+0000] {processor.py:839} INFO - DAG(s) dict_keys(['example_complex']) retrieved from /home/airflow/.local/lib/python3.8/site-packages/airflow/example_dags/example_complex.py
[2024-10-06T13:17:28.398+0000] {logging_mixin.py:154} INFO - [2024-10-06T13:17:28.398+0000] {dag.py:2941} INFO - Sync 1 DAGs
[2024-10-06T13:17:28.402+0000] {logging_mixin.py:154} INFO - [2024-10-06T13:17:28.402+0000] {dag.py:3722} INFO - Setting next_dagrun for example_complex to None, run_after=None
[2024-10-06T13:17:28.408+0000] {processor.py:179} INFO - Processing /home/airflow/.local/lib/python3.8/site-packages/airflow/example_dags/example_complex.py took 0.029 seconds
[2024-10-06T14:49:26.764+0000] {processor.py:157} INFO - Started process (PID=26566) to work on /home/airflow/.local/lib/python3.8/site-packages/airflow/example_dags/example_complex.py
[2024-10-06T14:49:26.765+0000] {processor.py:829} INFO - Processing file /home/airflow/.local/lib/python3.8/site-packages/airflow/example_dags/example_complex.py for tasks to queue
[2024-10-06T14:49:26.766+0000] {logging_mixin.py:154} INFO - [2024-10-06T14:49:26.766+0000] {dagbag.py:536} INFO - Filling up the DagBag from /home/airflow/.local/lib/python3.8/site-packages/airflow/example_dags/example_complex.py
[2024-10-06T14:49:26.771+0000] {processor.py:839} INFO - DAG(s) dict_keys(['example_complex']) retrieved from /home/airflow/.local/lib/python3.8/site-packages/airflow/example_dags/example_complex.py
[2024-10-06T14:49:26.784+0000] {logging_mixin.py:154} INFO - [2024-10-06T14:49:26.784+0000] {dag.py:2941} INFO - Sync 1 DAGs
[2024-10-06T14:49:26.789+0000] {logging_mixin.py:154} INFO - [2024-10-06T14:49:26.789+0000] {dag.py:3722} INFO - Setting next_dagrun for example_complex to None, run_after=None
[2024-10-06T14:49:26.796+0000] {processor.py:179} INFO - Processing /home/airflow/.local/lib/python3.8/site-packages/airflow/example_dags/example_complex.py took 0.033 seconds
[2024-10-06T15:50:31.079+0000] {processor.py:157} INFO - Started process (PID=26620) to work on /home/airflow/.local/lib/python3.8/site-packages/airflow/example_dags/example_complex.py
[2024-10-06T15:50:31.079+0000] {processor.py:829} INFO - Processing file /home/airflow/.local/lib/python3.8/site-packages/airflow/example_dags/example_complex.py for tasks to queue
[2024-10-06T15:50:31.081+0000] {logging_mixin.py:154} INFO - [2024-10-06T15:50:31.080+0000] {dagbag.py:536} INFO - Filling up the DagBag from /home/airflow/.local/lib/python3.8/site-packages/airflow/example_dags/example_complex.py
[2024-10-06T15:50:31.086+0000] {processor.py:839} INFO - DAG(s) dict_keys(['example_complex']) retrieved from /home/airflow/.local/lib/python3.8/site-packages/airflow/example_dags/example_complex.py
[2024-10-06T15:50:31.103+0000] {logging_mixin.py:154} INFO - [2024-10-06T15:50:31.102+0000] {dag.py:2941} INFO - Sync 1 DAGs
[2024-10-06T15:50:31.109+0000] {logging_mixin.py:154} INFO - [2024-10-06T15:50:31.109+0000] {dag.py:3722} INFO - Setting next_dagrun for example_complex to None, run_after=None
[2024-10-06T15:50:31.118+0000] {processor.py:179} INFO - Processing /home/airflow/.local/lib/python3.8/site-packages/airflow/example_dags/example_complex.py took 0.041 seconds
[2024-10-06T16:11:24.118+0000] {processor.py:157} INFO - Started process (PID=26674) to work on /home/airflow/.local/lib/python3.8/site-packages/airflow/example_dags/example_complex.py
[2024-10-06T16:11:24.119+0000] {processor.py:829} INFO - Processing file /home/airflow/.local/lib/python3.8/site-packages/airflow/example_dags/example_complex.py for tasks to queue
[2024-10-06T16:11:24.120+0000] {logging_mixin.py:154} INFO - [2024-10-06T16:11:24.120+0000] {dagbag.py:536} INFO - Filling up the DagBag from /home/airflow/.local/lib/python3.8/site-packages/airflow/example_dags/example_complex.py
[2024-10-06T16:11:24.125+0000] {processor.py:839} INFO - DAG(s) dict_keys(['example_complex']) retrieved from /home/airflow/.local/lib/python3.8/site-packages/airflow/example_dags/example_complex.py
[2024-10-06T16:11:24.137+0000] {logging_mixin.py:154} INFO - [2024-10-06T16:11:24.137+0000] {dag.py:2941} INFO - Sync 1 DAGs
[2024-10-06T16:11:24.143+0000] {logging_mixin.py:154} INFO - [2024-10-06T16:11:24.143+0000] {dag.py:3722} INFO - Setting next_dagrun for example_complex to None, run_after=None
[2024-10-06T16:11:24.149+0000] {processor.py:179} INFO - Processing /home/airflow/.local/lib/python3.8/site-packages/airflow/example_dags/example_complex.py took 0.032 seconds
[2024-10-06T16:17:00.891+0000] {processor.py:157} INFO - Started process (PID=26728) to work on /home/airflow/.local/lib/python3.8/site-packages/airflow/example_dags/example_complex.py
[2024-10-06T16:17:00.891+0000] {processor.py:829} INFO - Processing file /home/airflow/.local/lib/python3.8/site-packages/airflow/example_dags/example_complex.py for tasks to queue
[2024-10-06T16:17:00.892+0000] {logging_mixin.py:154} INFO - [2024-10-06T16:17:00.892+0000] {dagbag.py:536} INFO - Filling up the DagBag from /home/airflow/.local/lib/python3.8/site-packages/airflow/example_dags/example_complex.py
[2024-10-06T16:17:00.898+0000] {processor.py:839} INFO - DAG(s) dict_keys(['example_complex']) retrieved from /home/airflow/.local/lib/python3.8/site-packages/airflow/example_dags/example_complex.py
[2024-10-06T16:17:00.912+0000] {logging_mixin.py:154} INFO - [2024-10-06T16:17:00.912+0000] {dag.py:2941} INFO - Sync 1 DAGs
[2024-10-06T16:17:00.917+0000] {logging_mixin.py:154} INFO - [2024-10-06T16:17:00.917+0000] {dag.py:3722} INFO - Setting next_dagrun for example_complex to None, run_after=None
[2024-10-06T16:17:00.925+0000] {processor.py:179} INFO - Processing /home/airflow/.local/lib/python3.8/site-packages/airflow/example_dags/example_complex.py took 0.036 seconds
[2024-10-06T17:25:37.781+0000] {processor.py:157} INFO - Started process (PID=26782) to work on /home/airflow/.local/lib/python3.8/site-packages/airflow/example_dags/example_complex.py
[2024-10-06T17:25:37.782+0000] {processor.py:829} INFO - Processing file /home/airflow/.local/lib/python3.8/site-packages/airflow/example_dags/example_complex.py for tasks to queue
[2024-10-06T17:25:37.783+0000] {logging_mixin.py:154} INFO - [2024-10-06T17:25:37.783+0000] {dagbag.py:536} INFO - Filling up the DagBag from /home/airflow/.local/lib/python3.8/site-packages/airflow/example_dags/example_complex.py
[2024-10-06T17:25:37.788+0000] {processor.py:839} INFO - DAG(s) dict_keys(['example_complex']) retrieved from /home/airflow/.local/lib/python3.8/site-packages/airflow/example_dags/example_complex.py
[2024-10-06T17:25:37.799+0000] {logging_mixin.py:154} INFO - [2024-10-06T17:25:37.799+0000] {dag.py:2941} INFO - Sync 1 DAGs
[2024-10-06T17:25:37.804+0000] {logging_mixin.py:154} INFO - [2024-10-06T17:25:37.804+0000] {dag.py:3722} INFO - Setting next_dagrun for example_complex to None, run_after=None
[2024-10-06T17:25:37.811+0000] {processor.py:179} INFO - Processing /home/airflow/.local/lib/python3.8/site-packages/airflow/example_dags/example_complex.py took 0.030 seconds
[2024-10-06T17:48:10.669+0000] {processor.py:157} INFO - Started process (PID=26836) to work on /home/airflow/.local/lib/python3.8/site-packages/airflow/example_dags/example_complex.py
[2024-10-06T17:48:10.669+0000] {processor.py:829} INFO - Processing file /home/airflow/.local/lib/python3.8/site-packages/airflow/example_dags/example_complex.py for tasks to queue
[2024-10-06T17:48:10.670+0000] {logging_mixin.py:154} INFO - [2024-10-06T17:48:10.670+0000] {dagbag.py:536} INFO - Filling up the DagBag from /home/airflow/.local/lib/python3.8/site-packages/airflow/example_dags/example_complex.py
[2024-10-06T17:48:10.675+0000] {processor.py:839} INFO - DAG(s) dict_keys(['example_complex']) retrieved from /home/airflow/.local/lib/python3.8/site-packages/airflow/example_dags/example_complex.py
[2024-10-06T17:48:10.687+0000] {logging_mixin.py:154} INFO - [2024-10-06T17:48:10.687+0000] {dag.py:2941} INFO - Sync 1 DAGs
[2024-10-06T17:48:10.691+0000] {logging_mixin.py:154} INFO - [2024-10-06T17:48:10.691+0000] {dag.py:3722} INFO - Setting next_dagrun for example_complex to None, run_after=None
[2024-10-06T17:48:10.697+0000] {processor.py:179} INFO - Processing /home/airflow/.local/lib/python3.8/site-packages/airflow/example_dags/example_complex.py took 0.029 seconds
[2024-10-06T18:17:58.623+0000] {processor.py:157} INFO - Started process (PID=26890) to work on /home/airflow/.local/lib/python3.8/site-packages/airflow/example_dags/example_complex.py
[2024-10-06T18:17:58.624+0000] {processor.py:829} INFO - Processing file /home/airflow/.local/lib/python3.8/site-packages/airflow/example_dags/example_complex.py for tasks to queue
[2024-10-06T18:17:58.625+0000] {logging_mixin.py:154} INFO - [2024-10-06T18:17:58.625+0000] {dagbag.py:536} INFO - Filling up the DagBag from /home/airflow/.local/lib/python3.8/site-packages/airflow/example_dags/example_complex.py
[2024-10-06T18:17:58.631+0000] {processor.py:839} INFO - DAG(s) dict_keys(['example_complex']) retrieved from /home/airflow/.local/lib/python3.8/site-packages/airflow/example_dags/example_complex.py
[2024-10-06T18:17:58.646+0000] {logging_mixin.py:154} INFO - [2024-10-06T18:17:58.646+0000] {dag.py:2941} INFO - Sync 1 DAGs
[2024-10-06T18:17:58.653+0000] {logging_mixin.py:154} INFO - [2024-10-06T18:17:58.653+0000] {dag.py:3722} INFO - Setting next_dagrun for example_complex to None, run_after=None
[2024-10-06T18:17:58.662+0000] {processor.py:179} INFO - Processing /home/airflow/.local/lib/python3.8/site-packages/airflow/example_dags/example_complex.py took 0.040 seconds
[2024-10-06T19:43:23.206+0000] {processor.py:157} INFO - Started process (PID=26944) to work on /home/airflow/.local/lib/python3.8/site-packages/airflow/example_dags/example_complex.py
[2024-10-06T19:43:23.206+0000] {processor.py:829} INFO - Processing file /home/airflow/.local/lib/python3.8/site-packages/airflow/example_dags/example_complex.py for tasks to queue
[2024-10-06T19:43:23.207+0000] {logging_mixin.py:154} INFO - [2024-10-06T19:43:23.207+0000] {dagbag.py:536} INFO - Filling up the DagBag from /home/airflow/.local/lib/python3.8/site-packages/airflow/example_dags/example_complex.py
[2024-10-06T19:43:23.213+0000] {processor.py:839} INFO - DAG(s) dict_keys(['example_complex']) retrieved from /home/airflow/.local/lib/python3.8/site-packages/airflow/example_dags/example_complex.py
[2024-10-06T19:43:23.228+0000] {logging_mixin.py:154} INFO - [2024-10-06T19:43:23.227+0000] {dag.py:2941} INFO - Sync 1 DAGs
[2024-10-06T19:43:23.234+0000] {logging_mixin.py:154} INFO - [2024-10-06T19:43:23.234+0000] {dag.py:3722} INFO - Setting next_dagrun for example_complex to None, run_after=None
[2024-10-06T19:43:23.242+0000] {processor.py:179} INFO - Processing /home/airflow/.local/lib/python3.8/site-packages/airflow/example_dags/example_complex.py took 0.038 seconds
[2024-10-06T20:31:10.179+0000] {processor.py:157} INFO - Started process (PID=26998) to work on /home/airflow/.local/lib/python3.8/site-packages/airflow/example_dags/example_complex.py
[2024-10-06T20:31:10.180+0000] {processor.py:829} INFO - Processing file /home/airflow/.local/lib/python3.8/site-packages/airflow/example_dags/example_complex.py for tasks to queue
[2024-10-06T20:31:10.181+0000] {logging_mixin.py:154} INFO - [2024-10-06T20:31:10.181+0000] {dagbag.py:536} INFO - Filling up the DagBag from /home/airflow/.local/lib/python3.8/site-packages/airflow/example_dags/example_complex.py
[2024-10-06T20:31:10.189+0000] {processor.py:839} INFO - DAG(s) dict_keys(['example_complex']) retrieved from /home/airflow/.local/lib/python3.8/site-packages/airflow/example_dags/example_complex.py
[2024-10-06T20:31:10.204+0000] {logging_mixin.py:154} INFO - [2024-10-06T20:31:10.204+0000] {dag.py:2941} INFO - Sync 1 DAGs
[2024-10-06T20:31:10.211+0000] {logging_mixin.py:154} INFO - [2024-10-06T20:31:10.211+0000] {dag.py:3722} INFO - Setting next_dagrun for example_complex to None, run_after=None
[2024-10-06T20:31:10.219+0000] {processor.py:179} INFO - Processing /home/airflow/.local/lib/python3.8/site-packages/airflow/example_dags/example_complex.py took 0.042 seconds
[2024-10-06T20:40:15.255+0000] {processor.py:157} INFO - Started process (PID=27052) to work on /home/airflow/.local/lib/python3.8/site-packages/airflow/example_dags/example_complex.py
[2024-10-06T20:40:15.256+0000] {processor.py:829} INFO - Processing file /home/airflow/.local/lib/python3.8/site-packages/airflow/example_dags/example_complex.py for tasks to queue
[2024-10-06T20:40:15.258+0000] {logging_mixin.py:154} INFO - [2024-10-06T20:40:15.258+0000] {dagbag.py:536} INFO - Filling up the DagBag from /home/airflow/.local/lib/python3.8/site-packages/airflow/example_dags/example_complex.py
[2024-10-06T20:40:15.264+0000] {processor.py:839} INFO - DAG(s) dict_keys(['example_complex']) retrieved from /home/airflow/.local/lib/python3.8/site-packages/airflow/example_dags/example_complex.py
[2024-10-06T20:40:15.282+0000] {logging_mixin.py:154} INFO - [2024-10-06T20:40:15.282+0000] {dag.py:2941} INFO - Sync 1 DAGs
[2024-10-06T20:40:15.290+0000] {logging_mixin.py:154} INFO - [2024-10-06T20:40:15.290+0000] {dag.py:3722} INFO - Setting next_dagrun for example_complex to None, run_after=None
[2024-10-06T20:40:15.299+0000] {processor.py:179} INFO - Processing /home/airflow/.local/lib/python3.8/site-packages/airflow/example_dags/example_complex.py took 0.046 seconds
[2024-10-06T20:43:25.458+0000] {processor.py:157} INFO - Started process (PID=27106) to work on /home/airflow/.local/lib/python3.8/site-packages/airflow/example_dags/example_complex.py
[2024-10-06T20:43:25.458+0000] {processor.py:829} INFO - Processing file /home/airflow/.local/lib/python3.8/site-packages/airflow/example_dags/example_complex.py for tasks to queue
[2024-10-06T20:43:25.459+0000] {logging_mixin.py:154} INFO - [2024-10-06T20:43:25.459+0000] {dagbag.py:536} INFO - Filling up the DagBag from /home/airflow/.local/lib/python3.8/site-packages/airflow/example_dags/example_complex.py
[2024-10-06T20:43:25.464+0000] {processor.py:839} INFO - DAG(s) dict_keys(['example_complex']) retrieved from /home/airflow/.local/lib/python3.8/site-packages/airflow/example_dags/example_complex.py
[2024-10-06T20:43:25.475+0000] {logging_mixin.py:154} INFO - [2024-10-06T20:43:25.475+0000] {dag.py:2941} INFO - Sync 1 DAGs
[2024-10-06T20:43:25.479+0000] {logging_mixin.py:154} INFO - [2024-10-06T20:43:25.479+0000] {dag.py:3722} INFO - Setting next_dagrun for example_complex to None, run_after=None
[2024-10-06T20:43:25.485+0000] {processor.py:179} INFO - Processing /home/airflow/.local/lib/python3.8/site-packages/airflow/example_dags/example_complex.py took 0.029 seconds
[2024-10-06T21:12:03.829+0000] {processor.py:157} INFO - Started process (PID=27160) to work on /home/airflow/.local/lib/python3.8/site-packages/airflow/example_dags/example_complex.py
[2024-10-06T21:12:03.829+0000] {processor.py:829} INFO - Processing file /home/airflow/.local/lib/python3.8/site-packages/airflow/example_dags/example_complex.py for tasks to queue
[2024-10-06T21:12:03.830+0000] {logging_mixin.py:154} INFO - [2024-10-06T21:12:03.830+0000] {dagbag.py:536} INFO - Filling up the DagBag from /home/airflow/.local/lib/python3.8/site-packages/airflow/example_dags/example_complex.py
[2024-10-06T21:12:03.834+0000] {processor.py:839} INFO - DAG(s) dict_keys(['example_complex']) retrieved from /home/airflow/.local/lib/python3.8/site-packages/airflow/example_dags/example_complex.py
[2024-10-06T21:12:03.846+0000] {logging_mixin.py:154} INFO - [2024-10-06T21:12:03.846+0000] {dag.py:2941} INFO - Sync 1 DAGs
[2024-10-06T21:12:03.851+0000] {logging_mixin.py:154} INFO - [2024-10-06T21:12:03.851+0000] {dag.py:3722} INFO - Setting next_dagrun for example_complex to None, run_after=None
[2024-10-06T21:12:03.857+0000] {processor.py:179} INFO - Processing /home/airflow/.local/lib/python3.8/site-packages/airflow/example_dags/example_complex.py took 0.029 seconds
[2024-10-06T21:13:26.516+0000] {processor.py:157} INFO - Started process (PID=27214) to work on /home/airflow/.local/lib/python3.8/site-packages/airflow/example_dags/example_complex.py
[2024-10-06T21:13:26.516+0000] {processor.py:829} INFO - Processing file /home/airflow/.local/lib/python3.8/site-packages/airflow/example_dags/example_complex.py for tasks to queue
[2024-10-06T21:13:26.517+0000] {logging_mixin.py:154} INFO - [2024-10-06T21:13:26.517+0000] {dagbag.py:536} INFO - Filling up the DagBag from /home/airflow/.local/lib/python3.8/site-packages/airflow/example_dags/example_complex.py
[2024-10-06T21:13:26.522+0000] {processor.py:839} INFO - DAG(s) dict_keys(['example_complex']) retrieved from /home/airflow/.local/lib/python3.8/site-packages/airflow/example_dags/example_complex.py
[2024-10-06T21:13:26.534+0000] {logging_mixin.py:154} INFO - [2024-10-06T21:13:26.534+0000] {dag.py:2941} INFO - Sync 1 DAGs
[2024-10-06T21:13:26.539+0000] {logging_mixin.py:154} INFO - [2024-10-06T21:13:26.538+0000] {dag.py:3722} INFO - Setting next_dagrun for example_complex to None, run_after=None
[2024-10-06T21:13:26.545+0000] {processor.py:179} INFO - Processing /home/airflow/.local/lib/python3.8/site-packages/airflow/example_dags/example_complex.py took 0.030 seconds
[2024-10-06T21:24:00.780+0000] {processor.py:157} INFO - Started process (PID=27268) to work on /home/airflow/.local/lib/python3.8/site-packages/airflow/example_dags/example_complex.py
[2024-10-06T21:24:00.781+0000] {processor.py:829} INFO - Processing file /home/airflow/.local/lib/python3.8/site-packages/airflow/example_dags/example_complex.py for tasks to queue
[2024-10-06T21:24:00.782+0000] {logging_mixin.py:154} INFO - [2024-10-06T21:24:00.782+0000] {dagbag.py:536} INFO - Filling up the DagBag from /home/airflow/.local/lib/python3.8/site-packages/airflow/example_dags/example_complex.py
[2024-10-06T21:24:00.789+0000] {processor.py:839} INFO - DAG(s) dict_keys(['example_complex']) retrieved from /home/airflow/.local/lib/python3.8/site-packages/airflow/example_dags/example_complex.py
[2024-10-06T21:24:00.803+0000] {logging_mixin.py:154} INFO - [2024-10-06T21:24:00.803+0000] {dag.py:2941} INFO - Sync 1 DAGs
[2024-10-06T21:24:00.810+0000] {logging_mixin.py:154} INFO - [2024-10-06T21:24:00.810+0000] {dag.py:3722} INFO - Setting next_dagrun for example_complex to None, run_after=None
[2024-10-06T21:24:00.820+0000] {processor.py:179} INFO - Processing /home/airflow/.local/lib/python3.8/site-packages/airflow/example_dags/example_complex.py took 0.041 seconds
[2024-10-06T22:02:22.319+0000] {processor.py:157} INFO - Started process (PID=27322) to work on /home/airflow/.local/lib/python3.8/site-packages/airflow/example_dags/example_complex.py
[2024-10-06T22:02:22.320+0000] {processor.py:829} INFO - Processing file /home/airflow/.local/lib/python3.8/site-packages/airflow/example_dags/example_complex.py for tasks to queue
[2024-10-06T22:02:22.321+0000] {logging_mixin.py:154} INFO - [2024-10-06T22:02:22.321+0000] {dagbag.py:536} INFO - Filling up the DagBag from /home/airflow/.local/lib/python3.8/site-packages/airflow/example_dags/example_complex.py
[2024-10-06T22:02:22.325+0000] {processor.py:839} INFO - DAG(s) dict_keys(['example_complex']) retrieved from /home/airflow/.local/lib/python3.8/site-packages/airflow/example_dags/example_complex.py
[2024-10-06T22:02:22.337+0000] {logging_mixin.py:154} INFO - [2024-10-06T22:02:22.337+0000] {dag.py:2941} INFO - Sync 1 DAGs
[2024-10-06T22:02:22.341+0000] {logging_mixin.py:154} INFO - [2024-10-06T22:02:22.341+0000] {dag.py:3722} INFO - Setting next_dagrun for example_complex to None, run_after=None
[2024-10-06T22:02:22.347+0000] {processor.py:179} INFO - Processing /home/airflow/.local/lib/python3.8/site-packages/airflow/example_dags/example_complex.py took 0.029 seconds
[2024-10-06T22:28:55.340+0000] {processor.py:157} INFO - Started process (PID=27376) to work on /home/airflow/.local/lib/python3.8/site-packages/airflow/example_dags/example_complex.py
[2024-10-06T22:28:55.341+0000] {processor.py:829} INFO - Processing file /home/airflow/.local/lib/python3.8/site-packages/airflow/example_dags/example_complex.py for tasks to queue
[2024-10-06T22:28:55.342+0000] {logging_mixin.py:154} INFO - [2024-10-06T22:28:55.342+0000] {dagbag.py:536} INFO - Filling up the DagBag from /home/airflow/.local/lib/python3.8/site-packages/airflow/example_dags/example_complex.py
[2024-10-06T22:28:55.347+0000] {processor.py:839} INFO - DAG(s) dict_keys(['example_complex']) retrieved from /home/airflow/.local/lib/python3.8/site-packages/airflow/example_dags/example_complex.py
[2024-10-06T22:28:55.361+0000] {logging_mixin.py:154} INFO - [2024-10-06T22:28:55.361+0000] {dag.py:2941} INFO - Sync 1 DAGs
[2024-10-06T22:28:55.367+0000] {logging_mixin.py:154} INFO - [2024-10-06T22:28:55.367+0000] {dag.py:3722} INFO - Setting next_dagrun for example_complex to None, run_after=None
[2024-10-06T22:28:55.374+0000] {processor.py:179} INFO - Processing /home/airflow/.local/lib/python3.8/site-packages/airflow/example_dags/example_complex.py took 0.036 seconds
[2024-10-06T22:59:45.020+0000] {processor.py:157} INFO - Started process (PID=27430) to work on /home/airflow/.local/lib/python3.8/site-packages/airflow/example_dags/example_complex.py
[2024-10-06T22:59:45.021+0000] {processor.py:829} INFO - Processing file /home/airflow/.local/lib/python3.8/site-packages/airflow/example_dags/example_complex.py for tasks to queue
[2024-10-06T22:59:45.022+0000] {logging_mixin.py:154} INFO - [2024-10-06T22:59:45.022+0000] {dagbag.py:536} INFO - Filling up the DagBag from /home/airflow/.local/lib/python3.8/site-packages/airflow/example_dags/example_complex.py
[2024-10-06T22:59:45.027+0000] {processor.py:839} INFO - DAG(s) dict_keys(['example_complex']) retrieved from /home/airflow/.local/lib/python3.8/site-packages/airflow/example_dags/example_complex.py
[2024-10-06T22:59:45.040+0000] {logging_mixin.py:154} INFO - [2024-10-06T22:59:45.039+0000] {dag.py:2941} INFO - Sync 1 DAGs
[2024-10-06T22:59:45.044+0000] {logging_mixin.py:154} INFO - [2024-10-06T22:59:45.044+0000] {dag.py:3722} INFO - Setting next_dagrun for example_complex to None, run_after=None
[2024-10-06T22:59:45.052+0000] {processor.py:179} INFO - Processing /home/airflow/.local/lib/python3.8/site-packages/airflow/example_dags/example_complex.py took 0.033 seconds
[2024-10-06T23:00:15.934+0000] {processor.py:157} INFO - Started process (PID=27484) to work on /home/airflow/.local/lib/python3.8/site-packages/airflow/example_dags/example_complex.py
[2024-10-06T23:00:15.934+0000] {processor.py:829} INFO - Processing file /home/airflow/.local/lib/python3.8/site-packages/airflow/example_dags/example_complex.py for tasks to queue
[2024-10-06T23:00:15.936+0000] {logging_mixin.py:154} INFO - [2024-10-06T23:00:15.936+0000] {dagbag.py:536} INFO - Filling up the DagBag from /home/airflow/.local/lib/python3.8/site-packages/airflow/example_dags/example_complex.py
[2024-10-06T23:00:15.943+0000] {processor.py:839} INFO - DAG(s) dict_keys(['example_complex']) retrieved from /home/airflow/.local/lib/python3.8/site-packages/airflow/example_dags/example_complex.py
[2024-10-06T23:00:15.958+0000] {logging_mixin.py:154} INFO - [2024-10-06T23:00:15.958+0000] {dag.py:2941} INFO - Sync 1 DAGs
[2024-10-06T23:00:15.965+0000] {logging_mixin.py:154} INFO - [2024-10-06T23:00:15.965+0000] {dag.py:3722} INFO - Setting next_dagrun for example_complex to None, run_after=None
[2024-10-06T23:00:15.973+0000] {processor.py:179} INFO - Processing /home/airflow/.local/lib/python3.8/site-packages/airflow/example_dags/example_complex.py took 0.041 seconds
[2024-10-06T23:00:46.502+0000] {processor.py:157} INFO - Started process (PID=27538) to work on /home/airflow/.local/lib/python3.8/site-packages/airflow/example_dags/example_complex.py
[2024-10-06T23:00:46.503+0000] {processor.py:829} INFO - Processing file /home/airflow/.local/lib/python3.8/site-packages/airflow/example_dags/example_complex.py for tasks to queue
[2024-10-06T23:00:46.504+0000] {logging_mixin.py:154} INFO - [2024-10-06T23:00:46.504+0000] {dagbag.py:536} INFO - Filling up the DagBag from /home/airflow/.local/lib/python3.8/site-packages/airflow/example_dags/example_complex.py
[2024-10-06T23:00:46.509+0000] {processor.py:839} INFO - DAG(s) dict_keys(['example_complex']) retrieved from /home/airflow/.local/lib/python3.8/site-packages/airflow/example_dags/example_complex.py
[2024-10-06T23:00:46.524+0000] {logging_mixin.py:154} INFO - [2024-10-06T23:00:46.524+0000] {dag.py:2941} INFO - Sync 1 DAGs
[2024-10-06T23:00:46.531+0000] {logging_mixin.py:154} INFO - [2024-10-06T23:00:46.530+0000] {dag.py:3722} INFO - Setting next_dagrun for example_complex to None, run_after=None
[2024-10-06T23:00:46.540+0000] {processor.py:179} INFO - Processing /home/airflow/.local/lib/python3.8/site-packages/airflow/example_dags/example_complex.py took 0.040 seconds
[2024-10-06T23:01:17.090+0000] {processor.py:157} INFO - Started process (PID=27592) to work on /home/airflow/.local/lib/python3.8/site-packages/airflow/example_dags/example_complex.py
[2024-10-06T23:01:17.090+0000] {processor.py:829} INFO - Processing file /home/airflow/.local/lib/python3.8/site-packages/airflow/example_dags/example_complex.py for tasks to queue
[2024-10-06T23:01:17.091+0000] {logging_mixin.py:154} INFO - [2024-10-06T23:01:17.091+0000] {dagbag.py:536} INFO - Filling up the DagBag from /home/airflow/.local/lib/python3.8/site-packages/airflow/example_dags/example_complex.py
[2024-10-06T23:01:17.097+0000] {processor.py:839} INFO - DAG(s) dict_keys(['example_complex']) retrieved from /home/airflow/.local/lib/python3.8/site-packages/airflow/example_dags/example_complex.py
[2024-10-06T23:01:17.108+0000] {logging_mixin.py:154} INFO - [2024-10-06T23:01:17.108+0000] {dag.py:2941} INFO - Sync 1 DAGs
[2024-10-06T23:01:17.113+0000] {logging_mixin.py:154} INFO - [2024-10-06T23:01:17.113+0000] {dag.py:3722} INFO - Setting next_dagrun for example_complex to None, run_after=None
[2024-10-06T23:01:17.120+0000] {processor.py:179} INFO - Processing /home/airflow/.local/lib/python3.8/site-packages/airflow/example_dags/example_complex.py took 0.032 seconds
[2024-10-06T23:01:47.540+0000] {processor.py:157} INFO - Started process (PID=27646) to work on /home/airflow/.local/lib/python3.8/site-packages/airflow/example_dags/example_complex.py
[2024-10-06T23:01:47.540+0000] {processor.py:829} INFO - Processing file /home/airflow/.local/lib/python3.8/site-packages/airflow/example_dags/example_complex.py for tasks to queue
[2024-10-06T23:01:47.541+0000] {logging_mixin.py:154} INFO - [2024-10-06T23:01:47.541+0000] {dagbag.py:536} INFO - Filling up the DagBag from /home/airflow/.local/lib/python3.8/site-packages/airflow/example_dags/example_complex.py
[2024-10-06T23:01:47.546+0000] {processor.py:839} INFO - DAG(s) dict_keys(['example_complex']) retrieved from /home/airflow/.local/lib/python3.8/site-packages/airflow/example_dags/example_complex.py
[2024-10-06T23:01:47.557+0000] {logging_mixin.py:154} INFO - [2024-10-06T23:01:47.557+0000] {dag.py:2941} INFO - Sync 1 DAGs
[2024-10-06T23:01:47.562+0000] {logging_mixin.py:154} INFO - [2024-10-06T23:01:47.562+0000] {dag.py:3722} INFO - Setting next_dagrun for example_complex to None, run_after=None
[2024-10-06T23:01:47.568+0000] {processor.py:179} INFO - Processing /home/airflow/.local/lib/python3.8/site-packages/airflow/example_dags/example_complex.py took 0.029 seconds
[2024-10-06T23:02:17.950+0000] {processor.py:157} INFO - Started process (PID=27700) to work on /home/airflow/.local/lib/python3.8/site-packages/airflow/example_dags/example_complex.py
[2024-10-06T23:02:17.951+0000] {processor.py:829} INFO - Processing file /home/airflow/.local/lib/python3.8/site-packages/airflow/example_dags/example_complex.py for tasks to queue
[2024-10-06T23:02:17.952+0000] {logging_mixin.py:154} INFO - [2024-10-06T23:02:17.952+0000] {dagbag.py:536} INFO - Filling up the DagBag from /home/airflow/.local/lib/python3.8/site-packages/airflow/example_dags/example_complex.py
[2024-10-06T23:02:17.957+0000] {processor.py:839} INFO - DAG(s) dict_keys(['example_complex']) retrieved from /home/airflow/.local/lib/python3.8/site-packages/airflow/example_dags/example_complex.py
[2024-10-06T23:02:17.969+0000] {logging_mixin.py:154} INFO - [2024-10-06T23:02:17.969+0000] {dag.py:2941} INFO - Sync 1 DAGs
[2024-10-06T23:02:17.974+0000] {logging_mixin.py:154} INFO - [2024-10-06T23:02:17.974+0000] {dag.py:3722} INFO - Setting next_dagrun for example_complex to None, run_after=None
[2024-10-06T23:02:17.981+0000] {processor.py:179} INFO - Processing /home/airflow/.local/lib/python3.8/site-packages/airflow/example_dags/example_complex.py took 0.032 seconds
[2024-10-06T23:02:48.380+0000] {processor.py:157} INFO - Started process (PID=27754) to work on /home/airflow/.local/lib/python3.8/site-packages/airflow/example_dags/example_complex.py
[2024-10-06T23:02:48.380+0000] {processor.py:829} INFO - Processing file /home/airflow/.local/lib/python3.8/site-packages/airflow/example_dags/example_complex.py for tasks to queue
[2024-10-06T23:02:48.382+0000] {logging_mixin.py:154} INFO - [2024-10-06T23:02:48.381+0000] {dagbag.py:536} INFO - Filling up the DagBag from /home/airflow/.local/lib/python3.8/site-packages/airflow/example_dags/example_complex.py
[2024-10-06T23:02:48.387+0000] {processor.py:839} INFO - DAG(s) dict_keys(['example_complex']) retrieved from /home/airflow/.local/lib/python3.8/site-packages/airflow/example_dags/example_complex.py
[2024-10-06T23:02:48.400+0000] {logging_mixin.py:154} INFO - [2024-10-06T23:02:48.400+0000] {dag.py:2941} INFO - Sync 1 DAGs
[2024-10-06T23:02:48.406+0000] {logging_mixin.py:154} INFO - [2024-10-06T23:02:48.405+0000] {dag.py:3722} INFO - Setting next_dagrun for example_complex to None, run_after=None
[2024-10-06T23:02:48.412+0000] {processor.py:179} INFO - Processing /home/airflow/.local/lib/python3.8/site-packages/airflow/example_dags/example_complex.py took 0.034 seconds
[2024-10-06T23:03:18.779+0000] {processor.py:157} INFO - Started process (PID=27808) to work on /home/airflow/.local/lib/python3.8/site-packages/airflow/example_dags/example_complex.py
[2024-10-06T23:03:18.779+0000] {processor.py:829} INFO - Processing file /home/airflow/.local/lib/python3.8/site-packages/airflow/example_dags/example_complex.py for tasks to queue
[2024-10-06T23:03:18.780+0000] {logging_mixin.py:154} INFO - [2024-10-06T23:03:18.780+0000] {dagbag.py:536} INFO - Filling up the DagBag from /home/airflow/.local/lib/python3.8/site-packages/airflow/example_dags/example_complex.py
[2024-10-06T23:03:18.785+0000] {processor.py:839} INFO - DAG(s) dict_keys(['example_complex']) retrieved from /home/airflow/.local/lib/python3.8/site-packages/airflow/example_dags/example_complex.py
[2024-10-06T23:03:18.797+0000] {logging_mixin.py:154} INFO - [2024-10-06T23:03:18.797+0000] {dag.py:2941} INFO - Sync 1 DAGs
[2024-10-06T23:03:18.802+0000] {logging_mixin.py:154} INFO - [2024-10-06T23:03:18.802+0000] {dag.py:3722} INFO - Setting next_dagrun for example_complex to None, run_after=None
[2024-10-06T23:03:18.809+0000] {processor.py:179} INFO - Processing /home/airflow/.local/lib/python3.8/site-packages/airflow/example_dags/example_complex.py took 0.031 seconds
[2024-10-06T23:03:49.261+0000] {processor.py:157} INFO - Started process (PID=27862) to work on /home/airflow/.local/lib/python3.8/site-packages/airflow/example_dags/example_complex.py
[2024-10-06T23:03:49.261+0000] {processor.py:829} INFO - Processing file /home/airflow/.local/lib/python3.8/site-packages/airflow/example_dags/example_complex.py for tasks to queue
[2024-10-06T23:03:49.262+0000] {logging_mixin.py:154} INFO - [2024-10-06T23:03:49.262+0000] {dagbag.py:536} INFO - Filling up the DagBag from /home/airflow/.local/lib/python3.8/site-packages/airflow/example_dags/example_complex.py
[2024-10-06T23:03:49.267+0000] {processor.py:839} INFO - DAG(s) dict_keys(['example_complex']) retrieved from /home/airflow/.local/lib/python3.8/site-packages/airflow/example_dags/example_complex.py
[2024-10-06T23:03:49.279+0000] {logging_mixin.py:154} INFO - [2024-10-06T23:03:49.279+0000] {dag.py:2941} INFO - Sync 1 DAGs
[2024-10-06T23:03:49.283+0000] {logging_mixin.py:154} INFO - [2024-10-06T23:03:49.283+0000] {dag.py:3722} INFO - Setting next_dagrun for example_complex to None, run_after=None
[2024-10-06T23:03:49.289+0000] {processor.py:179} INFO - Processing /home/airflow/.local/lib/python3.8/site-packages/airflow/example_dags/example_complex.py took 0.030 seconds
[2024-10-06T23:04:19.689+0000] {processor.py:157} INFO - Started process (PID=27916) to work on /home/airflow/.local/lib/python3.8/site-packages/airflow/example_dags/example_complex.py
[2024-10-06T23:04:19.689+0000] {processor.py:829} INFO - Processing file /home/airflow/.local/lib/python3.8/site-packages/airflow/example_dags/example_complex.py for tasks to queue
[2024-10-06T23:04:19.690+0000] {logging_mixin.py:154} INFO - [2024-10-06T23:04:19.690+0000] {dagbag.py:536} INFO - Filling up the DagBag from /home/airflow/.local/lib/python3.8/site-packages/airflow/example_dags/example_complex.py
[2024-10-06T23:04:19.695+0000] {processor.py:839} INFO - DAG(s) dict_keys(['example_complex']) retrieved from /home/airflow/.local/lib/python3.8/site-packages/airflow/example_dags/example_complex.py
[2024-10-06T23:04:19.706+0000] {logging_mixin.py:154} INFO - [2024-10-06T23:04:19.706+0000] {dag.py:2941} INFO - Sync 1 DAGs
[2024-10-06T23:04:19.711+0000] {logging_mixin.py:154} INFO - [2024-10-06T23:04:19.711+0000] {dag.py:3722} INFO - Setting next_dagrun for example_complex to None, run_after=None
[2024-10-06T23:04:19.717+0000] {processor.py:179} INFO - Processing /home/airflow/.local/lib/python3.8/site-packages/airflow/example_dags/example_complex.py took 0.030 seconds
[2024-10-06T23:04:50.141+0000] {processor.py:157} INFO - Started process (PID=27970) to work on /home/airflow/.local/lib/python3.8/site-packages/airflow/example_dags/example_complex.py
[2024-10-06T23:04:50.142+0000] {processor.py:829} INFO - Processing file /home/airflow/.local/lib/python3.8/site-packages/airflow/example_dags/example_complex.py for tasks to queue
[2024-10-06T23:04:50.143+0000] {logging_mixin.py:154} INFO - [2024-10-06T23:04:50.143+0000] {dagbag.py:536} INFO - Filling up the DagBag from /home/airflow/.local/lib/python3.8/site-packages/airflow/example_dags/example_complex.py
[2024-10-06T23:04:50.148+0000] {processor.py:839} INFO - DAG(s) dict_keys(['example_complex']) retrieved from /home/airflow/.local/lib/python3.8/site-packages/airflow/example_dags/example_complex.py
[2024-10-06T23:04:50.161+0000] {logging_mixin.py:154} INFO - [2024-10-06T23:04:50.161+0000] {dag.py:2941} INFO - Sync 1 DAGs
[2024-10-06T23:04:50.166+0000] {logging_mixin.py:154} INFO - [2024-10-06T23:04:50.166+0000] {dag.py:3722} INFO - Setting next_dagrun for example_complex to None, run_after=None
[2024-10-06T23:04:50.173+0000] {processor.py:179} INFO - Processing /home/airflow/.local/lib/python3.8/site-packages/airflow/example_dags/example_complex.py took 0.033 seconds
[2024-10-06T23:05:20.562+0000] {processor.py:157} INFO - Started process (PID=28024) to work on /home/airflow/.local/lib/python3.8/site-packages/airflow/example_dags/example_complex.py
[2024-10-06T23:05:20.563+0000] {processor.py:829} INFO - Processing file /home/airflow/.local/lib/python3.8/site-packages/airflow/example_dags/example_complex.py for tasks to queue
[2024-10-06T23:05:20.564+0000] {logging_mixin.py:154} INFO - [2024-10-06T23:05:20.564+0000] {dagbag.py:536} INFO - Filling up the DagBag from /home/airflow/.local/lib/python3.8/site-packages/airflow/example_dags/example_complex.py
[2024-10-06T23:05:20.569+0000] {processor.py:839} INFO - DAG(s) dict_keys(['example_complex']) retrieved from /home/airflow/.local/lib/python3.8/site-packages/airflow/example_dags/example_complex.py
[2024-10-06T23:05:20.582+0000] {logging_mixin.py:154} INFO - [2024-10-06T23:05:20.582+0000] {dag.py:2941} INFO - Sync 1 DAGs
[2024-10-06T23:05:20.587+0000] {logging_mixin.py:154} INFO - [2024-10-06T23:05:20.587+0000] {dag.py:3722} INFO - Setting next_dagrun for example_complex to None, run_after=None
[2024-10-06T23:05:20.594+0000] {processor.py:179} INFO - Processing /home/airflow/.local/lib/python3.8/site-packages/airflow/example_dags/example_complex.py took 0.033 seconds
[2024-10-06T23:05:50.947+0000] {processor.py:157} INFO - Started process (PID=28078) to work on /home/airflow/.local/lib/python3.8/site-packages/airflow/example_dags/example_complex.py
[2024-10-06T23:05:50.948+0000] {processor.py:829} INFO - Processing file /home/airflow/.local/lib/python3.8/site-packages/airflow/example_dags/example_complex.py for tasks to queue
[2024-10-06T23:05:50.949+0000] {logging_mixin.py:154} INFO - [2024-10-06T23:05:50.949+0000] {dagbag.py:536} INFO - Filling up the DagBag from /home/airflow/.local/lib/python3.8/site-packages/airflow/example_dags/example_complex.py
[2024-10-06T23:05:50.953+0000] {processor.py:839} INFO - DAG(s) dict_keys(['example_complex']) retrieved from /home/airflow/.local/lib/python3.8/site-packages/airflow/example_dags/example_complex.py
[2024-10-06T23:05:50.965+0000] {logging_mixin.py:154} INFO - [2024-10-06T23:05:50.965+0000] {dag.py:2941} INFO - Sync 1 DAGs
[2024-10-06T23:05:50.969+0000] {logging_mixin.py:154} INFO - [2024-10-06T23:05:50.969+0000] {dag.py:3722} INFO - Setting next_dagrun for example_complex to None, run_after=None
[2024-10-06T23:05:50.975+0000] {processor.py:179} INFO - Processing /home/airflow/.local/lib/python3.8/site-packages/airflow/example_dags/example_complex.py took 0.030 seconds
[2024-10-06T23:06:21.389+0000] {processor.py:157} INFO - Started process (PID=28132) to work on /home/airflow/.local/lib/python3.8/site-packages/airflow/example_dags/example_complex.py
[2024-10-06T23:06:21.390+0000] {processor.py:829} INFO - Processing file /home/airflow/.local/lib/python3.8/site-packages/airflow/example_dags/example_complex.py for tasks to queue
[2024-10-06T23:06:21.391+0000] {logging_mixin.py:154} INFO - [2024-10-06T23:06:21.391+0000] {dagbag.py:536} INFO - Filling up the DagBag from /home/airflow/.local/lib/python3.8/site-packages/airflow/example_dags/example_complex.py
[2024-10-06T23:06:21.396+0000] {processor.py:839} INFO - DAG(s) dict_keys(['example_complex']) retrieved from /home/airflow/.local/lib/python3.8/site-packages/airflow/example_dags/example_complex.py
[2024-10-06T23:06:21.407+0000] {logging_mixin.py:154} INFO - [2024-10-06T23:06:21.407+0000] {dag.py:2941} INFO - Sync 1 DAGs
[2024-10-06T23:06:21.412+0000] {logging_mixin.py:154} INFO - [2024-10-06T23:06:21.412+0000] {dag.py:3722} INFO - Setting next_dagrun for example_complex to None, run_after=None
[2024-10-06T23:06:21.418+0000] {processor.py:179} INFO - Processing /home/airflow/.local/lib/python3.8/site-packages/airflow/example_dags/example_complex.py took 0.030 seconds
[2024-10-06T23:06:51.823+0000] {processor.py:157} INFO - Started process (PID=28186) to work on /home/airflow/.local/lib/python3.8/site-packages/airflow/example_dags/example_complex.py
[2024-10-06T23:06:51.823+0000] {processor.py:829} INFO - Processing file /home/airflow/.local/lib/python3.8/site-packages/airflow/example_dags/example_complex.py for tasks to queue
[2024-10-06T23:06:51.824+0000] {logging_mixin.py:154} INFO - [2024-10-06T23:06:51.824+0000] {dagbag.py:536} INFO - Filling up the DagBag from /home/airflow/.local/lib/python3.8/site-packages/airflow/example_dags/example_complex.py
[2024-10-06T23:06:51.829+0000] {processor.py:839} INFO - DAG(s) dict_keys(['example_complex']) retrieved from /home/airflow/.local/lib/python3.8/site-packages/airflow/example_dags/example_complex.py
[2024-10-06T23:06:51.840+0000] {logging_mixin.py:154} INFO - [2024-10-06T23:06:51.840+0000] {dag.py:2941} INFO - Sync 1 DAGs
[2024-10-06T23:06:51.845+0000] {logging_mixin.py:154} INFO - [2024-10-06T23:06:51.845+0000] {dag.py:3722} INFO - Setting next_dagrun for example_complex to None, run_after=None
[2024-10-06T23:06:51.851+0000] {processor.py:179} INFO - Processing /home/airflow/.local/lib/python3.8/site-packages/airflow/example_dags/example_complex.py took 0.029 seconds
[2024-10-06T23:07:22.276+0000] {processor.py:157} INFO - Started process (PID=28240) to work on /home/airflow/.local/lib/python3.8/site-packages/airflow/example_dags/example_complex.py
[2024-10-06T23:07:22.276+0000] {processor.py:829} INFO - Processing file /home/airflow/.local/lib/python3.8/site-packages/airflow/example_dags/example_complex.py for tasks to queue
[2024-10-06T23:07:22.277+0000] {logging_mixin.py:154} INFO - [2024-10-06T23:07:22.277+0000] {dagbag.py:536} INFO - Filling up the DagBag from /home/airflow/.local/lib/python3.8/site-packages/airflow/example_dags/example_complex.py
[2024-10-06T23:07:22.282+0000] {processor.py:839} INFO - DAG(s) dict_keys(['example_complex']) retrieved from /home/airflow/.local/lib/python3.8/site-packages/airflow/example_dags/example_complex.py
[2024-10-06T23:07:22.294+0000] {logging_mixin.py:154} INFO - [2024-10-06T23:07:22.294+0000] {dag.py:2941} INFO - Sync 1 DAGs
[2024-10-06T23:07:22.298+0000] {logging_mixin.py:154} INFO - [2024-10-06T23:07:22.298+0000] {dag.py:3722} INFO - Setting next_dagrun for example_complex to None, run_after=None
[2024-10-06T23:07:22.304+0000] {processor.py:179} INFO - Processing /home/airflow/.local/lib/python3.8/site-packages/airflow/example_dags/example_complex.py took 0.030 seconds
[2024-10-06T23:07:52.716+0000] {processor.py:157} INFO - Started process (PID=28294) to work on /home/airflow/.local/lib/python3.8/site-packages/airflow/example_dags/example_complex.py
[2024-10-06T23:07:52.716+0000] {processor.py:829} INFO - Processing file /home/airflow/.local/lib/python3.8/site-packages/airflow/example_dags/example_complex.py for tasks to queue
[2024-10-06T23:07:52.717+0000] {logging_mixin.py:154} INFO - [2024-10-06T23:07:52.717+0000] {dagbag.py:536} INFO - Filling up the DagBag from /home/airflow/.local/lib/python3.8/site-packages/airflow/example_dags/example_complex.py
[2024-10-06T23:07:52.722+0000] {processor.py:839} INFO - DAG(s) dict_keys(['example_complex']) retrieved from /home/airflow/.local/lib/python3.8/site-packages/airflow/example_dags/example_complex.py
[2024-10-06T23:07:52.734+0000] {logging_mixin.py:154} INFO - [2024-10-06T23:07:52.734+0000] {dag.py:2941} INFO - Sync 1 DAGs
[2024-10-06T23:07:52.738+0000] {logging_mixin.py:154} INFO - [2024-10-06T23:07:52.738+0000] {dag.py:3722} INFO - Setting next_dagrun for example_complex to None, run_after=None
[2024-10-06T23:07:52.744+0000] {processor.py:179} INFO - Processing /home/airflow/.local/lib/python3.8/site-packages/airflow/example_dags/example_complex.py took 0.030 seconds
[2024-10-06T23:08:23.076+0000] {processor.py:157} INFO - Started process (PID=28355) to work on /home/airflow/.local/lib/python3.8/site-packages/airflow/example_dags/example_complex.py
[2024-10-06T23:08:23.076+0000] {processor.py:829} INFO - Processing file /home/airflow/.local/lib/python3.8/site-packages/airflow/example_dags/example_complex.py for tasks to queue
[2024-10-06T23:08:23.077+0000] {logging_mixin.py:154} INFO - [2024-10-06T23:08:23.077+0000] {dagbag.py:536} INFO - Filling up the DagBag from /home/airflow/.local/lib/python3.8/site-packages/airflow/example_dags/example_complex.py
[2024-10-06T23:08:23.083+0000] {processor.py:839} INFO - DAG(s) dict_keys(['example_complex']) retrieved from /home/airflow/.local/lib/python3.8/site-packages/airflow/example_dags/example_complex.py
[2024-10-06T23:08:23.094+0000] {logging_mixin.py:154} INFO - [2024-10-06T23:08:23.094+0000] {dag.py:2941} INFO - Sync 1 DAGs
[2024-10-06T23:08:23.100+0000] {logging_mixin.py:154} INFO - [2024-10-06T23:08:23.100+0000] {dag.py:3722} INFO - Setting next_dagrun for example_complex to None, run_after=None
[2024-10-06T23:08:23.106+0000] {processor.py:179} INFO - Processing /home/airflow/.local/lib/python3.8/site-packages/airflow/example_dags/example_complex.py took 0.031 seconds
[2024-10-06T23:08:53.515+0000] {processor.py:157} INFO - Started process (PID=28409) to work on /home/airflow/.local/lib/python3.8/site-packages/airflow/example_dags/example_complex.py
[2024-10-06T23:08:53.515+0000] {processor.py:829} INFO - Processing file /home/airflow/.local/lib/python3.8/site-packages/airflow/example_dags/example_complex.py for tasks to queue
[2024-10-06T23:08:53.517+0000] {logging_mixin.py:154} INFO - [2024-10-06T23:08:53.516+0000] {dagbag.py:536} INFO - Filling up the DagBag from /home/airflow/.local/lib/python3.8/site-packages/airflow/example_dags/example_complex.py
[2024-10-06T23:08:53.521+0000] {processor.py:839} INFO - DAG(s) dict_keys(['example_complex']) retrieved from /home/airflow/.local/lib/python3.8/site-packages/airflow/example_dags/example_complex.py
[2024-10-06T23:08:53.533+0000] {logging_mixin.py:154} INFO - [2024-10-06T23:08:53.533+0000] {dag.py:2941} INFO - Sync 1 DAGs
[2024-10-06T23:08:53.538+0000] {logging_mixin.py:154} INFO - [2024-10-06T23:08:53.538+0000] {dag.py:3722} INFO - Setting next_dagrun for example_complex to None, run_after=None
[2024-10-06T23:08:53.544+0000] {processor.py:179} INFO - Processing /home/airflow/.local/lib/python3.8/site-packages/airflow/example_dags/example_complex.py took 0.030 seconds
[2024-10-06T23:09:23.900+0000] {processor.py:157} INFO - Started process (PID=28463) to work on /home/airflow/.local/lib/python3.8/site-packages/airflow/example_dags/example_complex.py
[2024-10-06T23:09:23.901+0000] {processor.py:829} INFO - Processing file /home/airflow/.local/lib/python3.8/site-packages/airflow/example_dags/example_complex.py for tasks to queue
[2024-10-06T23:09:23.902+0000] {logging_mixin.py:154} INFO - [2024-10-06T23:09:23.901+0000] {dagbag.py:536} INFO - Filling up the DagBag from /home/airflow/.local/lib/python3.8/site-packages/airflow/example_dags/example_complex.py
[2024-10-06T23:09:23.906+0000] {processor.py:839} INFO - DAG(s) dict_keys(['example_complex']) retrieved from /home/airflow/.local/lib/python3.8/site-packages/airflow/example_dags/example_complex.py
[2024-10-06T23:09:23.918+0000] {logging_mixin.py:154} INFO - [2024-10-06T23:09:23.918+0000] {dag.py:2941} INFO - Sync 1 DAGs
[2024-10-06T23:09:23.922+0000] {logging_mixin.py:154} INFO - [2024-10-06T23:09:23.922+0000] {dag.py:3722} INFO - Setting next_dagrun for example_complex to None, run_after=None
[2024-10-06T23:09:23.928+0000] {processor.py:179} INFO - Processing /home/airflow/.local/lib/python3.8/site-packages/airflow/example_dags/example_complex.py took 0.029 seconds
[2024-10-06T23:09:54.423+0000] {processor.py:157} INFO - Started process (PID=28517) to work on /home/airflow/.local/lib/python3.8/site-packages/airflow/example_dags/example_complex.py
[2024-10-06T23:09:54.423+0000] {processor.py:829} INFO - Processing file /home/airflow/.local/lib/python3.8/site-packages/airflow/example_dags/example_complex.py for tasks to queue
[2024-10-06T23:09:54.424+0000] {logging_mixin.py:154} INFO - [2024-10-06T23:09:54.424+0000] {dagbag.py:536} INFO - Filling up the DagBag from /home/airflow/.local/lib/python3.8/site-packages/airflow/example_dags/example_complex.py
[2024-10-06T23:09:54.430+0000] {processor.py:839} INFO - DAG(s) dict_keys(['example_complex']) retrieved from /home/airflow/.local/lib/python3.8/site-packages/airflow/example_dags/example_complex.py
[2024-10-06T23:09:54.442+0000] {logging_mixin.py:154} INFO - [2024-10-06T23:09:54.442+0000] {dag.py:2941} INFO - Sync 1 DAGs
[2024-10-06T23:09:54.447+0000] {logging_mixin.py:154} INFO - [2024-10-06T23:09:54.447+0000] {dag.py:3722} INFO - Setting next_dagrun for example_complex to None, run_after=None
[2024-10-06T23:09:54.454+0000] {processor.py:179} INFO - Processing /home/airflow/.local/lib/python3.8/site-packages/airflow/example_dags/example_complex.py took 0.033 seconds
[2024-10-06T23:10:24.853+0000] {processor.py:157} INFO - Started process (PID=28571) to work on /home/airflow/.local/lib/python3.8/site-packages/airflow/example_dags/example_complex.py
[2024-10-06T23:10:24.853+0000] {processor.py:829} INFO - Processing file /home/airflow/.local/lib/python3.8/site-packages/airflow/example_dags/example_complex.py for tasks to queue
[2024-10-06T23:10:24.854+0000] {logging_mixin.py:154} INFO - [2024-10-06T23:10:24.854+0000] {dagbag.py:536} INFO - Filling up the DagBag from /home/airflow/.local/lib/python3.8/site-packages/airflow/example_dags/example_complex.py
[2024-10-06T23:10:24.860+0000] {processor.py:839} INFO - DAG(s) dict_keys(['example_complex']) retrieved from /home/airflow/.local/lib/python3.8/site-packages/airflow/example_dags/example_complex.py
[2024-10-06T23:10:24.873+0000] {logging_mixin.py:154} INFO - [2024-10-06T23:10:24.873+0000] {dag.py:2941} INFO - Sync 1 DAGs
[2024-10-06T23:10:24.879+0000] {logging_mixin.py:154} INFO - [2024-10-06T23:10:24.879+0000] {dag.py:3722} INFO - Setting next_dagrun for example_complex to None, run_after=None
[2024-10-06T23:10:24.887+0000] {processor.py:179} INFO - Processing /home/airflow/.local/lib/python3.8/site-packages/airflow/example_dags/example_complex.py took 0.036 seconds
[2024-10-06T23:10:55.256+0000] {processor.py:157} INFO - Started process (PID=28625) to work on /home/airflow/.local/lib/python3.8/site-packages/airflow/example_dags/example_complex.py
[2024-10-06T23:10:55.256+0000] {processor.py:829} INFO - Processing file /home/airflow/.local/lib/python3.8/site-packages/airflow/example_dags/example_complex.py for tasks to queue
[2024-10-06T23:10:55.257+0000] {logging_mixin.py:154} INFO - [2024-10-06T23:10:55.257+0000] {dagbag.py:536} INFO - Filling up the DagBag from /home/airflow/.local/lib/python3.8/site-packages/airflow/example_dags/example_complex.py
[2024-10-06T23:10:55.263+0000] {processor.py:839} INFO - DAG(s) dict_keys(['example_complex']) retrieved from /home/airflow/.local/lib/python3.8/site-packages/airflow/example_dags/example_complex.py
[2024-10-06T23:10:55.275+0000] {logging_mixin.py:154} INFO - [2024-10-06T23:10:55.275+0000] {dag.py:2941} INFO - Sync 1 DAGs
[2024-10-06T23:10:55.280+0000] {logging_mixin.py:154} INFO - [2024-10-06T23:10:55.280+0000] {dag.py:3722} INFO - Setting next_dagrun for example_complex to None, run_after=None
[2024-10-06T23:10:55.287+0000] {processor.py:179} INFO - Processing /home/airflow/.local/lib/python3.8/site-packages/airflow/example_dags/example_complex.py took 0.033 seconds
[2024-10-06T23:11:25.676+0000] {processor.py:157} INFO - Started process (PID=28679) to work on /home/airflow/.local/lib/python3.8/site-packages/airflow/example_dags/example_complex.py
[2024-10-06T23:11:25.676+0000] {processor.py:829} INFO - Processing file /home/airflow/.local/lib/python3.8/site-packages/airflow/example_dags/example_complex.py for tasks to queue
[2024-10-06T23:11:25.677+0000] {logging_mixin.py:154} INFO - [2024-10-06T23:11:25.677+0000] {dagbag.py:536} INFO - Filling up the DagBag from /home/airflow/.local/lib/python3.8/site-packages/airflow/example_dags/example_complex.py
[2024-10-06T23:11:25.682+0000] {processor.py:839} INFO - DAG(s) dict_keys(['example_complex']) retrieved from /home/airflow/.local/lib/python3.8/site-packages/airflow/example_dags/example_complex.py
[2024-10-06T23:11:25.694+0000] {logging_mixin.py:154} INFO - [2024-10-06T23:11:25.694+0000] {dag.py:2941} INFO - Sync 1 DAGs
[2024-10-06T23:11:25.698+0000] {logging_mixin.py:154} INFO - [2024-10-06T23:11:25.698+0000] {dag.py:3722} INFO - Setting next_dagrun for example_complex to None, run_after=None
[2024-10-06T23:11:25.704+0000] {processor.py:179} INFO - Processing /home/airflow/.local/lib/python3.8/site-packages/airflow/example_dags/example_complex.py took 0.030 seconds
[2024-10-06T23:11:56.162+0000] {processor.py:157} INFO - Started process (PID=28733) to work on /home/airflow/.local/lib/python3.8/site-packages/airflow/example_dags/example_complex.py
[2024-10-06T23:11:56.162+0000] {processor.py:829} INFO - Processing file /home/airflow/.local/lib/python3.8/site-packages/airflow/example_dags/example_complex.py for tasks to queue
[2024-10-06T23:11:56.163+0000] {logging_mixin.py:154} INFO - [2024-10-06T23:11:56.163+0000] {dagbag.py:536} INFO - Filling up the DagBag from /home/airflow/.local/lib/python3.8/site-packages/airflow/example_dags/example_complex.py
[2024-10-06T23:11:56.169+0000] {processor.py:839} INFO - DAG(s) dict_keys(['example_complex']) retrieved from /home/airflow/.local/lib/python3.8/site-packages/airflow/example_dags/example_complex.py
[2024-10-06T23:11:56.184+0000] {logging_mixin.py:154} INFO - [2024-10-06T23:11:56.183+0000] {dag.py:2941} INFO - Sync 1 DAGs
[2024-10-06T23:11:56.191+0000] {logging_mixin.py:154} INFO - [2024-10-06T23:11:56.190+0000] {dag.py:3722} INFO - Setting next_dagrun for example_complex to None, run_after=None
[2024-10-06T23:11:56.199+0000] {processor.py:179} INFO - Processing /home/airflow/.local/lib/python3.8/site-packages/airflow/example_dags/example_complex.py took 0.039 seconds
[2024-10-06T23:12:26.608+0000] {processor.py:157} INFO - Started process (PID=28787) to work on /home/airflow/.local/lib/python3.8/site-packages/airflow/example_dags/example_complex.py
[2024-10-06T23:12:26.608+0000] {processor.py:829} INFO - Processing file /home/airflow/.local/lib/python3.8/site-packages/airflow/example_dags/example_complex.py for tasks to queue
[2024-10-06T23:12:26.609+0000] {logging_mixin.py:154} INFO - [2024-10-06T23:12:26.609+0000] {dagbag.py:536} INFO - Filling up the DagBag from /home/airflow/.local/lib/python3.8/site-packages/airflow/example_dags/example_complex.py
[2024-10-06T23:12:26.614+0000] {processor.py:839} INFO - DAG(s) dict_keys(['example_complex']) retrieved from /home/airflow/.local/lib/python3.8/site-packages/airflow/example_dags/example_complex.py
[2024-10-06T23:12:26.626+0000] {logging_mixin.py:154} INFO - [2024-10-06T23:12:26.626+0000] {dag.py:2941} INFO - Sync 1 DAGs
[2024-10-06T23:12:26.631+0000] {logging_mixin.py:154} INFO - [2024-10-06T23:12:26.631+0000] {dag.py:3722} INFO - Setting next_dagrun for example_complex to None, run_after=None
[2024-10-06T23:12:26.637+0000] {processor.py:179} INFO - Processing /home/airflow/.local/lib/python3.8/site-packages/airflow/example_dags/example_complex.py took 0.030 seconds
[2024-10-06T23:12:57.104+0000] {processor.py:157} INFO - Started process (PID=28841) to work on /home/airflow/.local/lib/python3.8/site-packages/airflow/example_dags/example_complex.py
[2024-10-06T23:12:57.104+0000] {processor.py:829} INFO - Processing file /home/airflow/.local/lib/python3.8/site-packages/airflow/example_dags/example_complex.py for tasks to queue
[2024-10-06T23:12:57.105+0000] {logging_mixin.py:154} INFO - [2024-10-06T23:12:57.105+0000] {dagbag.py:536} INFO - Filling up the DagBag from /home/airflow/.local/lib/python3.8/site-packages/airflow/example_dags/example_complex.py
[2024-10-06T23:12:57.110+0000] {processor.py:839} INFO - DAG(s) dict_keys(['example_complex']) retrieved from /home/airflow/.local/lib/python3.8/site-packages/airflow/example_dags/example_complex.py
[2024-10-06T23:12:57.122+0000] {logging_mixin.py:154} INFO - [2024-10-06T23:12:57.122+0000] {dag.py:2941} INFO - Sync 1 DAGs
[2024-10-06T23:12:57.127+0000] {logging_mixin.py:154} INFO - [2024-10-06T23:12:57.127+0000] {dag.py:3722} INFO - Setting next_dagrun for example_complex to None, run_after=None
[2024-10-06T23:12:57.133+0000] {processor.py:179} INFO - Processing /home/airflow/.local/lib/python3.8/site-packages/airflow/example_dags/example_complex.py took 0.031 seconds
[2024-10-06T23:13:27.526+0000] {processor.py:157} INFO - Started process (PID=28895) to work on /home/airflow/.local/lib/python3.8/site-packages/airflow/example_dags/example_complex.py
[2024-10-06T23:13:27.527+0000] {processor.py:829} INFO - Processing file /home/airflow/.local/lib/python3.8/site-packages/airflow/example_dags/example_complex.py for tasks to queue
[2024-10-06T23:13:27.528+0000] {logging_mixin.py:154} INFO - [2024-10-06T23:13:27.528+0000] {dagbag.py:536} INFO - Filling up the DagBag from /home/airflow/.local/lib/python3.8/site-packages/airflow/example_dags/example_complex.py
[2024-10-06T23:13:27.533+0000] {processor.py:839} INFO - DAG(s) dict_keys(['example_complex']) retrieved from /home/airflow/.local/lib/python3.8/site-packages/airflow/example_dags/example_complex.py
[2024-10-06T23:13:27.544+0000] {logging_mixin.py:154} INFO - [2024-10-06T23:13:27.544+0000] {dag.py:2941} INFO - Sync 1 DAGs
[2024-10-06T23:13:27.549+0000] {logging_mixin.py:154} INFO - [2024-10-06T23:13:27.549+0000] {dag.py:3722} INFO - Setting next_dagrun for example_complex to None, run_after=None
[2024-10-06T23:13:27.554+0000] {processor.py:179} INFO - Processing /home/airflow/.local/lib/python3.8/site-packages/airflow/example_dags/example_complex.py took 0.030 seconds
[2024-10-06T23:13:58.012+0000] {processor.py:157} INFO - Started process (PID=28949) to work on /home/airflow/.local/lib/python3.8/site-packages/airflow/example_dags/example_complex.py
[2024-10-06T23:13:58.012+0000] {processor.py:829} INFO - Processing file /home/airflow/.local/lib/python3.8/site-packages/airflow/example_dags/example_complex.py for tasks to queue
[2024-10-06T23:13:58.013+0000] {logging_mixin.py:154} INFO - [2024-10-06T23:13:58.013+0000] {dagbag.py:536} INFO - Filling up the DagBag from /home/airflow/.local/lib/python3.8/site-packages/airflow/example_dags/example_complex.py
[2024-10-06T23:13:58.018+0000] {processor.py:839} INFO - DAG(s) dict_keys(['example_complex']) retrieved from /home/airflow/.local/lib/python3.8/site-packages/airflow/example_dags/example_complex.py
[2024-10-06T23:13:58.029+0000] {logging_mixin.py:154} INFO - [2024-10-06T23:13:58.029+0000] {dag.py:2941} INFO - Sync 1 DAGs
[2024-10-06T23:13:58.034+0000] {logging_mixin.py:154} INFO - [2024-10-06T23:13:58.034+0000] {dag.py:3722} INFO - Setting next_dagrun for example_complex to None, run_after=None
[2024-10-06T23:13:58.040+0000] {processor.py:179} INFO - Processing /home/airflow/.local/lib/python3.8/site-packages/airflow/example_dags/example_complex.py took 0.030 seconds
[2024-10-06T23:14:28.476+0000] {processor.py:157} INFO - Started process (PID=29003) to work on /home/airflow/.local/lib/python3.8/site-packages/airflow/example_dags/example_complex.py
[2024-10-06T23:14:28.477+0000] {processor.py:829} INFO - Processing file /home/airflow/.local/lib/python3.8/site-packages/airflow/example_dags/example_complex.py for tasks to queue
[2024-10-06T23:14:28.478+0000] {logging_mixin.py:154} INFO - [2024-10-06T23:14:28.478+0000] {dagbag.py:536} INFO - Filling up the DagBag from /home/airflow/.local/lib/python3.8/site-packages/airflow/example_dags/example_complex.py
[2024-10-06T23:14:28.482+0000] {processor.py:839} INFO - DAG(s) dict_keys(['example_complex']) retrieved from /home/airflow/.local/lib/python3.8/site-packages/airflow/example_dags/example_complex.py
[2024-10-06T23:14:28.494+0000] {logging_mixin.py:154} INFO - [2024-10-06T23:14:28.494+0000] {dag.py:2941} INFO - Sync 1 DAGs
[2024-10-06T23:14:28.499+0000] {logging_mixin.py:154} INFO - [2024-10-06T23:14:28.498+0000] {dag.py:3722} INFO - Setting next_dagrun for example_complex to None, run_after=None
[2024-10-06T23:14:28.505+0000] {processor.py:179} INFO - Processing /home/airflow/.local/lib/python3.8/site-packages/airflow/example_dags/example_complex.py took 0.030 seconds
[2024-10-06T23:14:58.947+0000] {processor.py:157} INFO - Started process (PID=29057) to work on /home/airflow/.local/lib/python3.8/site-packages/airflow/example_dags/example_complex.py
[2024-10-06T23:14:58.947+0000] {processor.py:829} INFO - Processing file /home/airflow/.local/lib/python3.8/site-packages/airflow/example_dags/example_complex.py for tasks to queue
[2024-10-06T23:14:58.948+0000] {logging_mixin.py:154} INFO - [2024-10-06T23:14:58.948+0000] {dagbag.py:536} INFO - Filling up the DagBag from /home/airflow/.local/lib/python3.8/site-packages/airflow/example_dags/example_complex.py
[2024-10-06T23:14:58.953+0000] {processor.py:839} INFO - DAG(s) dict_keys(['example_complex']) retrieved from /home/airflow/.local/lib/python3.8/site-packages/airflow/example_dags/example_complex.py
[2024-10-06T23:14:58.966+0000] {logging_mixin.py:154} INFO - [2024-10-06T23:14:58.966+0000] {dag.py:2941} INFO - Sync 1 DAGs
[2024-10-06T23:14:58.971+0000] {logging_mixin.py:154} INFO - [2024-10-06T23:14:58.971+0000] {dag.py:3722} INFO - Setting next_dagrun for example_complex to None, run_after=None
[2024-10-06T23:14:58.978+0000] {processor.py:179} INFO - Processing /home/airflow/.local/lib/python3.8/site-packages/airflow/example_dags/example_complex.py took 0.032 seconds
[2024-10-06T23:15:29.376+0000] {processor.py:157} INFO - Started process (PID=29111) to work on /home/airflow/.local/lib/python3.8/site-packages/airflow/example_dags/example_complex.py
[2024-10-06T23:15:29.376+0000] {processor.py:829} INFO - Processing file /home/airflow/.local/lib/python3.8/site-packages/airflow/example_dags/example_complex.py for tasks to queue
[2024-10-06T23:15:29.377+0000] {logging_mixin.py:154} INFO - [2024-10-06T23:15:29.377+0000] {dagbag.py:536} INFO - Filling up the DagBag from /home/airflow/.local/lib/python3.8/site-packages/airflow/example_dags/example_complex.py
[2024-10-06T23:15:29.386+0000] {processor.py:839} INFO - DAG(s) dict_keys(['example_complex']) retrieved from /home/airflow/.local/lib/python3.8/site-packages/airflow/example_dags/example_complex.py
[2024-10-06T23:15:29.403+0000] {logging_mixin.py:154} INFO - [2024-10-06T23:15:29.403+0000] {dag.py:2941} INFO - Sync 1 DAGs
[2024-10-06T23:15:29.407+0000] {logging_mixin.py:154} INFO - [2024-10-06T23:15:29.407+0000] {dag.py:3722} INFO - Setting next_dagrun for example_complex to None, run_after=None
[2024-10-06T23:15:29.414+0000] {processor.py:179} INFO - Processing /home/airflow/.local/lib/python3.8/site-packages/airflow/example_dags/example_complex.py took 0.040 seconds
[2024-10-06T23:54:57.055+0000] {processor.py:157} INFO - Started process (PID=29158) to work on /home/airflow/.local/lib/python3.8/site-packages/airflow/example_dags/example_complex.py
[2024-10-06T23:54:57.056+0000] {processor.py:829} INFO - Processing file /home/airflow/.local/lib/python3.8/site-packages/airflow/example_dags/example_complex.py for tasks to queue
[2024-10-06T23:54:57.057+0000] {logging_mixin.py:154} INFO - [2024-10-06T23:54:57.057+0000] {dagbag.py:536} INFO - Filling up the DagBag from /home/airflow/.local/lib/python3.8/site-packages/airflow/example_dags/example_complex.py
[2024-10-06T23:54:57.062+0000] {processor.py:839} INFO - DAG(s) dict_keys(['example_complex']) retrieved from /home/airflow/.local/lib/python3.8/site-packages/airflow/example_dags/example_complex.py
[2024-10-06T23:54:57.074+0000] {logging_mixin.py:154} INFO - [2024-10-06T23:54:57.074+0000] {dag.py:2941} INFO - Sync 1 DAGs
[2024-10-06T23:54:57.079+0000] {logging_mixin.py:154} INFO - [2024-10-06T23:54:57.079+0000] {dag.py:3722} INFO - Setting next_dagrun for example_complex to None, run_after=None
[2024-10-06T23:54:57.086+0000] {processor.py:179} INFO - Processing /home/airflow/.local/lib/python3.8/site-packages/airflow/example_dags/example_complex.py took 0.033 seconds
