[2024-10-06T00:48:01.860+0000] {processor.py:157} INFO - Started process (PID=25804) to work on /home/airflow/.local/lib/python3.8/site-packages/airflow/example_dags/example_branch_python_dop_operator_3.py
[2024-10-06T00:48:01.861+0000] {processor.py:829} INFO - Processing file /home/airflow/.local/lib/python3.8/site-packages/airflow/example_dags/example_branch_python_dop_operator_3.py for tasks to queue
[2024-10-06T00:48:01.862+0000] {logging_mixin.py:154} INFO - [2024-10-06T00:48:01.862+0000] {dagbag.py:536} INFO - Filling up the DagBag from /home/airflow/.local/lib/python3.8/site-packages/airflow/example_dags/example_branch_python_dop_operator_3.py
[2024-10-06T00:48:01.866+0000] {processor.py:839} INFO - DAG(s) dict_keys(['example_branch_dop_operator_v3']) retrieved from /home/airflow/.local/lib/python3.8/site-packages/airflow/example_dags/example_branch_python_dop_operator_3.py
[2024-10-06T00:48:01.876+0000] {logging_mixin.py:154} INFO - [2024-10-06T00:48:01.876+0000] {dag.py:2941} INFO - Sync 1 DAGs
[2024-10-06T00:48:01.887+0000] {logging_mixin.py:154} INFO - [2024-10-06T00:48:01.887+0000] {dag.py:3722} INFO - Setting next_dagrun for example_branch_dop_operator_v3 to 2024-10-06T00:47:00+00:00, run_after=2024-10-06T00:48:00+00:00
[2024-10-06T00:48:01.894+0000] {processor.py:179} INFO - Processing /home/airflow/.local/lib/python3.8/site-packages/airflow/example_dags/example_branch_python_dop_operator_3.py took 0.035 seconds
[2024-10-06T00:59:18.953+0000] {processor.py:157} INFO - Started process (PID=25858) to work on /home/airflow/.local/lib/python3.8/site-packages/airflow/example_dags/example_branch_python_dop_operator_3.py
[2024-10-06T00:59:18.953+0000] {processor.py:829} INFO - Processing file /home/airflow/.local/lib/python3.8/site-packages/airflow/example_dags/example_branch_python_dop_operator_3.py for tasks to queue
[2024-10-06T00:59:18.955+0000] {logging_mixin.py:154} INFO - [2024-10-06T00:59:18.955+0000] {dagbag.py:536} INFO - Filling up the DagBag from /home/airflow/.local/lib/python3.8/site-packages/airflow/example_dags/example_branch_python_dop_operator_3.py
[2024-10-06T00:59:18.961+0000] {processor.py:839} INFO - DAG(s) dict_keys(['example_branch_dop_operator_v3']) retrieved from /home/airflow/.local/lib/python3.8/site-packages/airflow/example_dags/example_branch_python_dop_operator_3.py
[2024-10-06T00:59:18.976+0000] {logging_mixin.py:154} INFO - [2024-10-06T00:59:18.976+0000] {dag.py:2941} INFO - Sync 1 DAGs
[2024-10-06T00:59:18.991+0000] {logging_mixin.py:154} INFO - [2024-10-06T00:59:18.991+0000] {dag.py:3722} INFO - Setting next_dagrun for example_branch_dop_operator_v3 to 2024-10-06T00:58:00+00:00, run_after=2024-10-06T00:59:00+00:00
[2024-10-06T00:59:19.001+0000] {processor.py:179} INFO - Processing /home/airflow/.local/lib/python3.8/site-packages/airflow/example_dags/example_branch_python_dop_operator_3.py took 0.050 seconds
[2024-10-06T02:12:20.005+0000] {processor.py:157} INFO - Started process (PID=25912) to work on /home/airflow/.local/lib/python3.8/site-packages/airflow/example_dags/example_branch_python_dop_operator_3.py
[2024-10-06T02:12:20.005+0000] {processor.py:829} INFO - Processing file /home/airflow/.local/lib/python3.8/site-packages/airflow/example_dags/example_branch_python_dop_operator_3.py for tasks to queue
[2024-10-06T02:12:20.006+0000] {logging_mixin.py:154} INFO - [2024-10-06T02:12:20.006+0000] {dagbag.py:536} INFO - Filling up the DagBag from /home/airflow/.local/lib/python3.8/site-packages/airflow/example_dags/example_branch_python_dop_operator_3.py
[2024-10-06T02:12:20.012+0000] {processor.py:839} INFO - DAG(s) dict_keys(['example_branch_dop_operator_v3']) retrieved from /home/airflow/.local/lib/python3.8/site-packages/airflow/example_dags/example_branch_python_dop_operator_3.py
[2024-10-06T02:12:20.025+0000] {logging_mixin.py:154} INFO - [2024-10-06T02:12:20.024+0000] {dag.py:2941} INFO - Sync 1 DAGs
[2024-10-06T02:12:20.039+0000] {logging_mixin.py:154} INFO - [2024-10-06T02:12:20.039+0000] {dag.py:3722} INFO - Setting next_dagrun for example_branch_dop_operator_v3 to 2024-10-06T02:11:00+00:00, run_after=2024-10-06T02:12:00+00:00
[2024-10-06T02:12:20.049+0000] {processor.py:179} INFO - Processing /home/airflow/.local/lib/python3.8/site-packages/airflow/example_dags/example_branch_python_dop_operator_3.py took 0.046 seconds
[2024-10-06T02:48:47.244+0000] {processor.py:157} INFO - Started process (PID=25966) to work on /home/airflow/.local/lib/python3.8/site-packages/airflow/example_dags/example_branch_python_dop_operator_3.py
[2024-10-06T02:48:47.244+0000] {processor.py:829} INFO - Processing file /home/airflow/.local/lib/python3.8/site-packages/airflow/example_dags/example_branch_python_dop_operator_3.py for tasks to queue
[2024-10-06T02:48:47.246+0000] {logging_mixin.py:154} INFO - [2024-10-06T02:48:47.245+0000] {dagbag.py:536} INFO - Filling up the DagBag from /home/airflow/.local/lib/python3.8/site-packages/airflow/example_dags/example_branch_python_dop_operator_3.py
[2024-10-06T02:48:47.250+0000] {processor.py:839} INFO - DAG(s) dict_keys(['example_branch_dop_operator_v3']) retrieved from /home/airflow/.local/lib/python3.8/site-packages/airflow/example_dags/example_branch_python_dop_operator_3.py
[2024-10-06T02:48:47.259+0000] {logging_mixin.py:154} INFO - [2024-10-06T02:48:47.259+0000] {dag.py:2941} INFO - Sync 1 DAGs
[2024-10-06T02:48:47.269+0000] {logging_mixin.py:154} INFO - [2024-10-06T02:48:47.269+0000] {dag.py:3722} INFO - Setting next_dagrun for example_branch_dop_operator_v3 to 2024-10-06T02:47:00+00:00, run_after=2024-10-06T02:48:00+00:00
[2024-10-06T02:48:47.275+0000] {processor.py:179} INFO - Processing /home/airflow/.local/lib/python3.8/site-packages/airflow/example_dags/example_branch_python_dop_operator_3.py took 0.033 seconds
[2024-10-06T03:19:22.850+0000] {processor.py:157} INFO - Started process (PID=26020) to work on /home/airflow/.local/lib/python3.8/site-packages/airflow/example_dags/example_branch_python_dop_operator_3.py
[2024-10-06T03:19:22.851+0000] {processor.py:829} INFO - Processing file /home/airflow/.local/lib/python3.8/site-packages/airflow/example_dags/example_branch_python_dop_operator_3.py for tasks to queue
[2024-10-06T03:19:22.852+0000] {logging_mixin.py:154} INFO - [2024-10-06T03:19:22.852+0000] {dagbag.py:536} INFO - Filling up the DagBag from /home/airflow/.local/lib/python3.8/site-packages/airflow/example_dags/example_branch_python_dop_operator_3.py
[2024-10-06T03:19:22.858+0000] {processor.py:839} INFO - DAG(s) dict_keys(['example_branch_dop_operator_v3']) retrieved from /home/airflow/.local/lib/python3.8/site-packages/airflow/example_dags/example_branch_python_dop_operator_3.py
[2024-10-06T03:19:22.869+0000] {logging_mixin.py:154} INFO - [2024-10-06T03:19:22.869+0000] {dag.py:2941} INFO - Sync 1 DAGs
[2024-10-06T03:19:22.883+0000] {logging_mixin.py:154} INFO - [2024-10-06T03:19:22.883+0000] {dag.py:3722} INFO - Setting next_dagrun for example_branch_dop_operator_v3 to 2024-10-06T03:18:00+00:00, run_after=2024-10-06T03:19:00+00:00
[2024-10-06T03:19:22.892+0000] {processor.py:179} INFO - Processing /home/airflow/.local/lib/python3.8/site-packages/airflow/example_dags/example_branch_python_dop_operator_3.py took 0.044 seconds
[2024-10-06T04:34:56.477+0000] {processor.py:157} INFO - Started process (PID=26074) to work on /home/airflow/.local/lib/python3.8/site-packages/airflow/example_dags/example_branch_python_dop_operator_3.py
[2024-10-06T04:34:56.478+0000] {processor.py:829} INFO - Processing file /home/airflow/.local/lib/python3.8/site-packages/airflow/example_dags/example_branch_python_dop_operator_3.py for tasks to queue
[2024-10-06T04:34:56.479+0000] {logging_mixin.py:154} INFO - [2024-10-06T04:34:56.478+0000] {dagbag.py:536} INFO - Filling up the DagBag from /home/airflow/.local/lib/python3.8/site-packages/airflow/example_dags/example_branch_python_dop_operator_3.py
[2024-10-06T04:34:56.482+0000] {processor.py:839} INFO - DAG(s) dict_keys(['example_branch_dop_operator_v3']) retrieved from /home/airflow/.local/lib/python3.8/site-packages/airflow/example_dags/example_branch_python_dop_operator_3.py
[2024-10-06T04:34:56.491+0000] {logging_mixin.py:154} INFO - [2024-10-06T04:34:56.491+0000] {dag.py:2941} INFO - Sync 1 DAGs
[2024-10-06T04:34:56.501+0000] {logging_mixin.py:154} INFO - [2024-10-06T04:34:56.501+0000] {dag.py:3722} INFO - Setting next_dagrun for example_branch_dop_operator_v3 to 2024-10-06T04:33:00+00:00, run_after=2024-10-06T04:34:00+00:00
[2024-10-06T04:34:56.508+0000] {processor.py:179} INFO - Processing /home/airflow/.local/lib/python3.8/site-packages/airflow/example_dags/example_branch_python_dop_operator_3.py took 0.032 seconds
[2024-10-06T05:54:01.220+0000] {processor.py:157} INFO - Started process (PID=26128) to work on /home/airflow/.local/lib/python3.8/site-packages/airflow/example_dags/example_branch_python_dop_operator_3.py
[2024-10-06T05:54:01.221+0000] {processor.py:829} INFO - Processing file /home/airflow/.local/lib/python3.8/site-packages/airflow/example_dags/example_branch_python_dop_operator_3.py for tasks to queue
[2024-10-06T05:54:01.222+0000] {logging_mixin.py:154} INFO - [2024-10-06T05:54:01.222+0000] {dagbag.py:536} INFO - Filling up the DagBag from /home/airflow/.local/lib/python3.8/site-packages/airflow/example_dags/example_branch_python_dop_operator_3.py
[2024-10-06T05:54:01.228+0000] {processor.py:839} INFO - DAG(s) dict_keys(['example_branch_dop_operator_v3']) retrieved from /home/airflow/.local/lib/python3.8/site-packages/airflow/example_dags/example_branch_python_dop_operator_3.py
[2024-10-06T05:54:01.240+0000] {logging_mixin.py:154} INFO - [2024-10-06T05:54:01.240+0000] {dag.py:2941} INFO - Sync 1 DAGs
[2024-10-06T05:54:01.253+0000] {logging_mixin.py:154} INFO - [2024-10-06T05:54:01.253+0000] {dag.py:3722} INFO - Setting next_dagrun for example_branch_dop_operator_v3 to 2024-10-06T05:53:00+00:00, run_after=2024-10-06T05:54:00+00:00
[2024-10-06T05:54:01.262+0000] {processor.py:179} INFO - Processing /home/airflow/.local/lib/python3.8/site-packages/airflow/example_dags/example_branch_python_dop_operator_3.py took 0.044 seconds
[2024-10-06T06:41:07.011+0000] {processor.py:157} INFO - Started process (PID=26182) to work on /home/airflow/.local/lib/python3.8/site-packages/airflow/example_dags/example_branch_python_dop_operator_3.py
[2024-10-06T06:41:07.012+0000] {processor.py:829} INFO - Processing file /home/airflow/.local/lib/python3.8/site-packages/airflow/example_dags/example_branch_python_dop_operator_3.py for tasks to queue
[2024-10-06T06:41:07.013+0000] {logging_mixin.py:154} INFO - [2024-10-06T06:41:07.013+0000] {dagbag.py:536} INFO - Filling up the DagBag from /home/airflow/.local/lib/python3.8/site-packages/airflow/example_dags/example_branch_python_dop_operator_3.py
[2024-10-06T06:41:07.018+0000] {processor.py:839} INFO - DAG(s) dict_keys(['example_branch_dop_operator_v3']) retrieved from /home/airflow/.local/lib/python3.8/site-packages/airflow/example_dags/example_branch_python_dop_operator_3.py
[2024-10-06T06:41:07.030+0000] {logging_mixin.py:154} INFO - [2024-10-06T06:41:07.030+0000] {dag.py:2941} INFO - Sync 1 DAGs
[2024-10-06T06:41:07.043+0000] {logging_mixin.py:154} INFO - [2024-10-06T06:41:07.043+0000] {dag.py:3722} INFO - Setting next_dagrun for example_branch_dop_operator_v3 to 2024-10-06T06:40:00+00:00, run_after=2024-10-06T06:41:00+00:00
[2024-10-06T06:41:07.053+0000] {processor.py:179} INFO - Processing /home/airflow/.local/lib/python3.8/site-packages/airflow/example_dags/example_branch_python_dop_operator_3.py took 0.044 seconds
[2024-10-06T08:19:29.674+0000] {processor.py:157} INFO - Started process (PID=26236) to work on /home/airflow/.local/lib/python3.8/site-packages/airflow/example_dags/example_branch_python_dop_operator_3.py
[2024-10-06T08:19:29.675+0000] {processor.py:829} INFO - Processing file /home/airflow/.local/lib/python3.8/site-packages/airflow/example_dags/example_branch_python_dop_operator_3.py for tasks to queue
[2024-10-06T08:19:29.676+0000] {logging_mixin.py:154} INFO - [2024-10-06T08:19:29.676+0000] {dagbag.py:536} INFO - Filling up the DagBag from /home/airflow/.local/lib/python3.8/site-packages/airflow/example_dags/example_branch_python_dop_operator_3.py
[2024-10-06T08:19:29.681+0000] {processor.py:839} INFO - DAG(s) dict_keys(['example_branch_dop_operator_v3']) retrieved from /home/airflow/.local/lib/python3.8/site-packages/airflow/example_dags/example_branch_python_dop_operator_3.py
[2024-10-06T08:19:29.695+0000] {logging_mixin.py:154} INFO - [2024-10-06T08:19:29.694+0000] {dag.py:2941} INFO - Sync 1 DAGs
[2024-10-06T08:19:29.708+0000] {logging_mixin.py:154} INFO - [2024-10-06T08:19:29.708+0000] {dag.py:3722} INFO - Setting next_dagrun for example_branch_dop_operator_v3 to 2024-10-06T08:18:00+00:00, run_after=2024-10-06T08:19:00+00:00
[2024-10-06T08:19:29.719+0000] {processor.py:179} INFO - Processing /home/airflow/.local/lib/python3.8/site-packages/airflow/example_dags/example_branch_python_dop_operator_3.py took 0.047 seconds
[2024-10-06T09:31:45.683+0000] {processor.py:157} INFO - Started process (PID=26290) to work on /home/airflow/.local/lib/python3.8/site-packages/airflow/example_dags/example_branch_python_dop_operator_3.py
[2024-10-06T09:31:45.684+0000] {processor.py:829} INFO - Processing file /home/airflow/.local/lib/python3.8/site-packages/airflow/example_dags/example_branch_python_dop_operator_3.py for tasks to queue
[2024-10-06T09:31:45.685+0000] {logging_mixin.py:154} INFO - [2024-10-06T09:31:45.685+0000] {dagbag.py:536} INFO - Filling up the DagBag from /home/airflow/.local/lib/python3.8/site-packages/airflow/example_dags/example_branch_python_dop_operator_3.py
[2024-10-06T09:31:45.689+0000] {processor.py:839} INFO - DAG(s) dict_keys(['example_branch_dop_operator_v3']) retrieved from /home/airflow/.local/lib/python3.8/site-packages/airflow/example_dags/example_branch_python_dop_operator_3.py
[2024-10-06T09:31:45.698+0000] {logging_mixin.py:154} INFO - [2024-10-06T09:31:45.697+0000] {dag.py:2941} INFO - Sync 1 DAGs
[2024-10-06T09:31:45.707+0000] {logging_mixin.py:154} INFO - [2024-10-06T09:31:45.707+0000] {dag.py:3722} INFO - Setting next_dagrun for example_branch_dop_operator_v3 to 2024-10-06T09:30:00+00:00, run_after=2024-10-06T09:31:00+00:00
[2024-10-06T09:31:45.714+0000] {processor.py:179} INFO - Processing /home/airflow/.local/lib/python3.8/site-packages/airflow/example_dags/example_branch_python_dop_operator_3.py took 0.032 seconds
[2024-10-06T10:45:25.541+0000] {processor.py:157} INFO - Started process (PID=26344) to work on /home/airflow/.local/lib/python3.8/site-packages/airflow/example_dags/example_branch_python_dop_operator_3.py
[2024-10-06T10:45:25.542+0000] {processor.py:829} INFO - Processing file /home/airflow/.local/lib/python3.8/site-packages/airflow/example_dags/example_branch_python_dop_operator_3.py for tasks to queue
[2024-10-06T10:45:25.544+0000] {logging_mixin.py:154} INFO - [2024-10-06T10:45:25.544+0000] {dagbag.py:536} INFO - Filling up the DagBag from /home/airflow/.local/lib/python3.8/site-packages/airflow/example_dags/example_branch_python_dop_operator_3.py
[2024-10-06T10:45:25.550+0000] {processor.py:839} INFO - DAG(s) dict_keys(['example_branch_dop_operator_v3']) retrieved from /home/airflow/.local/lib/python3.8/site-packages/airflow/example_dags/example_branch_python_dop_operator_3.py
[2024-10-06T10:45:25.562+0000] {logging_mixin.py:154} INFO - [2024-10-06T10:45:25.562+0000] {dag.py:2941} INFO - Sync 1 DAGs
[2024-10-06T10:45:25.575+0000] {logging_mixin.py:154} INFO - [2024-10-06T10:45:25.575+0000] {dag.py:3722} INFO - Setting next_dagrun for example_branch_dop_operator_v3 to 2024-10-06T10:44:00+00:00, run_after=2024-10-06T10:45:00+00:00
[2024-10-06T10:45:25.584+0000] {processor.py:179} INFO - Processing /home/airflow/.local/lib/python3.8/site-packages/airflow/example_dags/example_branch_python_dop_operator_3.py took 0.045 seconds
[2024-10-06T11:46:25.946+0000] {processor.py:157} INFO - Started process (PID=26398) to work on /home/airflow/.local/lib/python3.8/site-packages/airflow/example_dags/example_branch_python_dop_operator_3.py
[2024-10-06T11:46:25.946+0000] {processor.py:829} INFO - Processing file /home/airflow/.local/lib/python3.8/site-packages/airflow/example_dags/example_branch_python_dop_operator_3.py for tasks to queue
[2024-10-06T11:46:25.947+0000] {logging_mixin.py:154} INFO - [2024-10-06T11:46:25.947+0000] {dagbag.py:536} INFO - Filling up the DagBag from /home/airflow/.local/lib/python3.8/site-packages/airflow/example_dags/example_branch_python_dop_operator_3.py
[2024-10-06T11:46:25.952+0000] {processor.py:839} INFO - DAG(s) dict_keys(['example_branch_dop_operator_v3']) retrieved from /home/airflow/.local/lib/python3.8/site-packages/airflow/example_dags/example_branch_python_dop_operator_3.py
[2024-10-06T11:46:25.961+0000] {logging_mixin.py:154} INFO - [2024-10-06T11:46:25.960+0000] {dag.py:2941} INFO - Sync 1 DAGs
[2024-10-06T11:46:25.971+0000] {logging_mixin.py:154} INFO - [2024-10-06T11:46:25.971+0000] {dag.py:3722} INFO - Setting next_dagrun for example_branch_dop_operator_v3 to 2024-10-06T11:45:00+00:00, run_after=2024-10-06T11:46:00+00:00
[2024-10-06T11:46:25.978+0000] {processor.py:179} INFO - Processing /home/airflow/.local/lib/python3.8/site-packages/airflow/example_dags/example_branch_python_dop_operator_3.py took 0.034 seconds
[2024-10-06T12:33:57.515+0000] {processor.py:157} INFO - Started process (PID=26452) to work on /home/airflow/.local/lib/python3.8/site-packages/airflow/example_dags/example_branch_python_dop_operator_3.py
[2024-10-06T12:33:57.515+0000] {processor.py:829} INFO - Processing file /home/airflow/.local/lib/python3.8/site-packages/airflow/example_dags/example_branch_python_dop_operator_3.py for tasks to queue
[2024-10-06T12:33:57.516+0000] {logging_mixin.py:154} INFO - [2024-10-06T12:33:57.516+0000] {dagbag.py:536} INFO - Filling up the DagBag from /home/airflow/.local/lib/python3.8/site-packages/airflow/example_dags/example_branch_python_dop_operator_3.py
[2024-10-06T12:33:57.520+0000] {processor.py:839} INFO - DAG(s) dict_keys(['example_branch_dop_operator_v3']) retrieved from /home/airflow/.local/lib/python3.8/site-packages/airflow/example_dags/example_branch_python_dop_operator_3.py
[2024-10-06T12:33:57.528+0000] {logging_mixin.py:154} INFO - [2024-10-06T12:33:57.528+0000] {dag.py:2941} INFO - Sync 1 DAGs
[2024-10-06T12:33:57.537+0000] {logging_mixin.py:154} INFO - [2024-10-06T12:33:57.537+0000] {dag.py:3722} INFO - Setting next_dagrun for example_branch_dop_operator_v3 to 2024-10-06T12:32:00+00:00, run_after=2024-10-06T12:33:00+00:00
[2024-10-06T12:33:57.543+0000] {processor.py:179} INFO - Processing /home/airflow/.local/lib/python3.8/site-packages/airflow/example_dags/example_branch_python_dop_operator_3.py took 0.030 seconds
[2024-10-06T13:17:28.232+0000] {processor.py:157} INFO - Started process (PID=26506) to work on /home/airflow/.local/lib/python3.8/site-packages/airflow/example_dags/example_branch_python_dop_operator_3.py
[2024-10-06T13:17:28.232+0000] {processor.py:829} INFO - Processing file /home/airflow/.local/lib/python3.8/site-packages/airflow/example_dags/example_branch_python_dop_operator_3.py for tasks to queue
[2024-10-06T13:17:28.234+0000] {logging_mixin.py:154} INFO - [2024-10-06T13:17:28.234+0000] {dagbag.py:536} INFO - Filling up the DagBag from /home/airflow/.local/lib/python3.8/site-packages/airflow/example_dags/example_branch_python_dop_operator_3.py
[2024-10-06T13:17:28.241+0000] {processor.py:839} INFO - DAG(s) dict_keys(['example_branch_dop_operator_v3']) retrieved from /home/airflow/.local/lib/python3.8/site-packages/airflow/example_dags/example_branch_python_dop_operator_3.py
[2024-10-06T13:17:28.254+0000] {logging_mixin.py:154} INFO - [2024-10-06T13:17:28.254+0000] {dag.py:2941} INFO - Sync 1 DAGs
[2024-10-06T13:17:28.267+0000] {logging_mixin.py:154} INFO - [2024-10-06T13:17:28.266+0000] {dag.py:3722} INFO - Setting next_dagrun for example_branch_dop_operator_v3 to 2024-10-06T13:16:00+00:00, run_after=2024-10-06T13:17:00+00:00
[2024-10-06T13:17:28.275+0000] {processor.py:179} INFO - Processing /home/airflow/.local/lib/python3.8/site-packages/airflow/example_dags/example_branch_python_dop_operator_3.py took 0.045 seconds
[2024-10-06T14:49:26.618+0000] {processor.py:157} INFO - Started process (PID=26560) to work on /home/airflow/.local/lib/python3.8/site-packages/airflow/example_dags/example_branch_python_dop_operator_3.py
[2024-10-06T14:49:26.618+0000] {processor.py:829} INFO - Processing file /home/airflow/.local/lib/python3.8/site-packages/airflow/example_dags/example_branch_python_dop_operator_3.py for tasks to queue
[2024-10-06T14:49:26.620+0000] {logging_mixin.py:154} INFO - [2024-10-06T14:49:26.619+0000] {dagbag.py:536} INFO - Filling up the DagBag from /home/airflow/.local/lib/python3.8/site-packages/airflow/example_dags/example_branch_python_dop_operator_3.py
[2024-10-06T14:49:26.624+0000] {processor.py:839} INFO - DAG(s) dict_keys(['example_branch_dop_operator_v3']) retrieved from /home/airflow/.local/lib/python3.8/site-packages/airflow/example_dags/example_branch_python_dop_operator_3.py
[2024-10-06T14:49:26.633+0000] {logging_mixin.py:154} INFO - [2024-10-06T14:49:26.633+0000] {dag.py:2941} INFO - Sync 1 DAGs
[2024-10-06T14:49:26.643+0000] {logging_mixin.py:154} INFO - [2024-10-06T14:49:26.643+0000] {dag.py:3722} INFO - Setting next_dagrun for example_branch_dop_operator_v3 to 2024-10-06T14:48:00+00:00, run_after=2024-10-06T14:49:00+00:00
[2024-10-06T14:49:26.650+0000] {processor.py:179} INFO - Processing /home/airflow/.local/lib/python3.8/site-packages/airflow/example_dags/example_branch_python_dop_operator_3.py took 0.034 seconds
[2024-10-06T15:50:30.868+0000] {processor.py:157} INFO - Started process (PID=26614) to work on /home/airflow/.local/lib/python3.8/site-packages/airflow/example_dags/example_branch_python_dop_operator_3.py
[2024-10-06T15:50:30.869+0000] {processor.py:829} INFO - Processing file /home/airflow/.local/lib/python3.8/site-packages/airflow/example_dags/example_branch_python_dop_operator_3.py for tasks to queue
[2024-10-06T15:50:30.871+0000] {logging_mixin.py:154} INFO - [2024-10-06T15:50:30.871+0000] {dagbag.py:536} INFO - Filling up the DagBag from /home/airflow/.local/lib/python3.8/site-packages/airflow/example_dags/example_branch_python_dop_operator_3.py
[2024-10-06T15:50:30.877+0000] {processor.py:839} INFO - DAG(s) dict_keys(['example_branch_dop_operator_v3']) retrieved from /home/airflow/.local/lib/python3.8/site-packages/airflow/example_dags/example_branch_python_dop_operator_3.py
[2024-10-06T15:50:30.891+0000] {logging_mixin.py:154} INFO - [2024-10-06T15:50:30.891+0000] {dag.py:2941} INFO - Sync 1 DAGs
[2024-10-06T15:50:30.905+0000] {logging_mixin.py:154} INFO - [2024-10-06T15:50:30.905+0000] {dag.py:3722} INFO - Setting next_dagrun for example_branch_dop_operator_v3 to 2024-10-06T15:49:00+00:00, run_after=2024-10-06T15:50:00+00:00
[2024-10-06T15:50:30.914+0000] {processor.py:179} INFO - Processing /home/airflow/.local/lib/python3.8/site-packages/airflow/example_dags/example_branch_python_dop_operator_3.py took 0.049 seconds
[2024-10-06T16:11:23.939+0000] {processor.py:157} INFO - Started process (PID=26668) to work on /home/airflow/.local/lib/python3.8/site-packages/airflow/example_dags/example_branch_python_dop_operator_3.py
[2024-10-06T16:11:23.940+0000] {processor.py:829} INFO - Processing file /home/airflow/.local/lib/python3.8/site-packages/airflow/example_dags/example_branch_python_dop_operator_3.py for tasks to queue
[2024-10-06T16:11:23.941+0000] {logging_mixin.py:154} INFO - [2024-10-06T16:11:23.941+0000] {dagbag.py:536} INFO - Filling up the DagBag from /home/airflow/.local/lib/python3.8/site-packages/airflow/example_dags/example_branch_python_dop_operator_3.py
[2024-10-06T16:11:23.946+0000] {processor.py:839} INFO - DAG(s) dict_keys(['example_branch_dop_operator_v3']) retrieved from /home/airflow/.local/lib/python3.8/site-packages/airflow/example_dags/example_branch_python_dop_operator_3.py
[2024-10-06T16:11:23.960+0000] {logging_mixin.py:154} INFO - [2024-10-06T16:11:23.959+0000] {dag.py:2941} INFO - Sync 1 DAGs
[2024-10-06T16:11:23.974+0000] {logging_mixin.py:154} INFO - [2024-10-06T16:11:23.974+0000] {dag.py:3722} INFO - Setting next_dagrun for example_branch_dop_operator_v3 to 2024-10-06T16:10:00+00:00, run_after=2024-10-06T16:11:00+00:00
[2024-10-06T16:11:23.988+0000] {processor.py:179} INFO - Processing /home/airflow/.local/lib/python3.8/site-packages/airflow/example_dags/example_branch_python_dop_operator_3.py took 0.050 seconds
[2024-10-06T16:17:00.745+0000] {processor.py:157} INFO - Started process (PID=26722) to work on /home/airflow/.local/lib/python3.8/site-packages/airflow/example_dags/example_branch_python_dop_operator_3.py
[2024-10-06T16:17:00.746+0000] {processor.py:829} INFO - Processing file /home/airflow/.local/lib/python3.8/site-packages/airflow/example_dags/example_branch_python_dop_operator_3.py for tasks to queue
[2024-10-06T16:17:00.747+0000] {logging_mixin.py:154} INFO - [2024-10-06T16:17:00.746+0000] {dagbag.py:536} INFO - Filling up the DagBag from /home/airflow/.local/lib/python3.8/site-packages/airflow/example_dags/example_branch_python_dop_operator_3.py
[2024-10-06T16:17:00.751+0000] {processor.py:839} INFO - DAG(s) dict_keys(['example_branch_dop_operator_v3']) retrieved from /home/airflow/.local/lib/python3.8/site-packages/airflow/example_dags/example_branch_python_dop_operator_3.py
[2024-10-06T16:17:00.760+0000] {logging_mixin.py:154} INFO - [2024-10-06T16:17:00.760+0000] {dag.py:2941} INFO - Sync 1 DAGs
[2024-10-06T16:17:00.770+0000] {logging_mixin.py:154} INFO - [2024-10-06T16:17:00.769+0000] {dag.py:3722} INFO - Setting next_dagrun for example_branch_dop_operator_v3 to 2024-10-06T16:16:00+00:00, run_after=2024-10-06T16:17:00+00:00
[2024-10-06T16:17:00.776+0000] {processor.py:179} INFO - Processing /home/airflow/.local/lib/python3.8/site-packages/airflow/example_dags/example_branch_python_dop_operator_3.py took 0.032 seconds
[2024-10-06T17:25:37.637+0000] {processor.py:157} INFO - Started process (PID=26776) to work on /home/airflow/.local/lib/python3.8/site-packages/airflow/example_dags/example_branch_python_dop_operator_3.py
[2024-10-06T17:25:37.637+0000] {processor.py:829} INFO - Processing file /home/airflow/.local/lib/python3.8/site-packages/airflow/example_dags/example_branch_python_dop_operator_3.py for tasks to queue
[2024-10-06T17:25:37.638+0000] {logging_mixin.py:154} INFO - [2024-10-06T17:25:37.638+0000] {dagbag.py:536} INFO - Filling up the DagBag from /home/airflow/.local/lib/python3.8/site-packages/airflow/example_dags/example_branch_python_dop_operator_3.py
[2024-10-06T17:25:37.643+0000] {processor.py:839} INFO - DAG(s) dict_keys(['example_branch_dop_operator_v3']) retrieved from /home/airflow/.local/lib/python3.8/site-packages/airflow/example_dags/example_branch_python_dop_operator_3.py
[2024-10-06T17:25:37.652+0000] {logging_mixin.py:154} INFO - [2024-10-06T17:25:37.652+0000] {dag.py:2941} INFO - Sync 1 DAGs
[2024-10-06T17:25:37.662+0000] {logging_mixin.py:154} INFO - [2024-10-06T17:25:37.662+0000] {dag.py:3722} INFO - Setting next_dagrun for example_branch_dop_operator_v3 to 2024-10-06T17:24:00+00:00, run_after=2024-10-06T17:25:00+00:00
[2024-10-06T17:25:37.669+0000] {processor.py:179} INFO - Processing /home/airflow/.local/lib/python3.8/site-packages/airflow/example_dags/example_branch_python_dop_operator_3.py took 0.034 seconds
[2024-10-06T17:48:10.517+0000] {processor.py:157} INFO - Started process (PID=26830) to work on /home/airflow/.local/lib/python3.8/site-packages/airflow/example_dags/example_branch_python_dop_operator_3.py
[2024-10-06T17:48:10.518+0000] {processor.py:829} INFO - Processing file /home/airflow/.local/lib/python3.8/site-packages/airflow/example_dags/example_branch_python_dop_operator_3.py for tasks to queue
[2024-10-06T17:48:10.519+0000] {logging_mixin.py:154} INFO - [2024-10-06T17:48:10.519+0000] {dagbag.py:536} INFO - Filling up the DagBag from /home/airflow/.local/lib/python3.8/site-packages/airflow/example_dags/example_branch_python_dop_operator_3.py
[2024-10-06T17:48:10.523+0000] {processor.py:839} INFO - DAG(s) dict_keys(['example_branch_dop_operator_v3']) retrieved from /home/airflow/.local/lib/python3.8/site-packages/airflow/example_dags/example_branch_python_dop_operator_3.py
[2024-10-06T17:48:10.533+0000] {logging_mixin.py:154} INFO - [2024-10-06T17:48:10.533+0000] {dag.py:2941} INFO - Sync 1 DAGs
[2024-10-06T17:48:10.543+0000] {logging_mixin.py:154} INFO - [2024-10-06T17:48:10.543+0000] {dag.py:3722} INFO - Setting next_dagrun for example_branch_dop_operator_v3 to 2024-10-06T17:47:00+00:00, run_after=2024-10-06T17:48:00+00:00
[2024-10-06T17:48:10.550+0000] {processor.py:179} INFO - Processing /home/airflow/.local/lib/python3.8/site-packages/airflow/example_dags/example_branch_python_dop_operator_3.py took 0.034 seconds
[2024-10-06T18:17:58.415+0000] {processor.py:157} INFO - Started process (PID=26884) to work on /home/airflow/.local/lib/python3.8/site-packages/airflow/example_dags/example_branch_python_dop_operator_3.py
[2024-10-06T18:17:58.415+0000] {processor.py:829} INFO - Processing file /home/airflow/.local/lib/python3.8/site-packages/airflow/example_dags/example_branch_python_dop_operator_3.py for tasks to queue
[2024-10-06T18:17:58.417+0000] {logging_mixin.py:154} INFO - [2024-10-06T18:17:58.417+0000] {dagbag.py:536} INFO - Filling up the DagBag from /home/airflow/.local/lib/python3.8/site-packages/airflow/example_dags/example_branch_python_dop_operator_3.py
[2024-10-06T18:17:58.423+0000] {processor.py:839} INFO - DAG(s) dict_keys(['example_branch_dop_operator_v3']) retrieved from /home/airflow/.local/lib/python3.8/site-packages/airflow/example_dags/example_branch_python_dop_operator_3.py
[2024-10-06T18:17:58.437+0000] {logging_mixin.py:154} INFO - [2024-10-06T18:17:58.437+0000] {dag.py:2941} INFO - Sync 1 DAGs
[2024-10-06T18:17:58.452+0000] {logging_mixin.py:154} INFO - [2024-10-06T18:17:58.452+0000] {dag.py:3722} INFO - Setting next_dagrun for example_branch_dop_operator_v3 to 2024-10-06T18:16:00+00:00, run_after=2024-10-06T18:17:00+00:00
[2024-10-06T18:17:58.462+0000] {processor.py:179} INFO - Processing /home/airflow/.local/lib/python3.8/site-packages/airflow/example_dags/example_branch_python_dop_operator_3.py took 0.049 seconds
[2024-10-06T19:43:23.001+0000] {processor.py:157} INFO - Started process (PID=26938) to work on /home/airflow/.local/lib/python3.8/site-packages/airflow/example_dags/example_branch_python_dop_operator_3.py
[2024-10-06T19:43:23.002+0000] {processor.py:829} INFO - Processing file /home/airflow/.local/lib/python3.8/site-packages/airflow/example_dags/example_branch_python_dop_operator_3.py for tasks to queue
[2024-10-06T19:43:23.004+0000] {logging_mixin.py:154} INFO - [2024-10-06T19:43:23.003+0000] {dagbag.py:536} INFO - Filling up the DagBag from /home/airflow/.local/lib/python3.8/site-packages/airflow/example_dags/example_branch_python_dop_operator_3.py
[2024-10-06T19:43:23.010+0000] {processor.py:839} INFO - DAG(s) dict_keys(['example_branch_dop_operator_v3']) retrieved from /home/airflow/.local/lib/python3.8/site-packages/airflow/example_dags/example_branch_python_dop_operator_3.py
[2024-10-06T19:43:23.023+0000] {logging_mixin.py:154} INFO - [2024-10-06T19:43:23.022+0000] {dag.py:2941} INFO - Sync 1 DAGs
[2024-10-06T19:43:23.036+0000] {logging_mixin.py:154} INFO - [2024-10-06T19:43:23.036+0000] {dag.py:3722} INFO - Setting next_dagrun for example_branch_dop_operator_v3 to 2024-10-06T19:42:00+00:00, run_after=2024-10-06T19:43:00+00:00
[2024-10-06T19:43:23.045+0000] {processor.py:179} INFO - Processing /home/airflow/.local/lib/python3.8/site-packages/airflow/example_dags/example_branch_python_dop_operator_3.py took 0.047 seconds
[2024-10-06T20:31:10.035+0000] {processor.py:157} INFO - Started process (PID=26992) to work on /home/airflow/.local/lib/python3.8/site-packages/airflow/example_dags/example_branch_python_dop_operator_3.py
[2024-10-06T20:31:10.036+0000] {processor.py:829} INFO - Processing file /home/airflow/.local/lib/python3.8/site-packages/airflow/example_dags/example_branch_python_dop_operator_3.py for tasks to queue
[2024-10-06T20:31:10.037+0000] {logging_mixin.py:154} INFO - [2024-10-06T20:31:10.037+0000] {dagbag.py:536} INFO - Filling up the DagBag from /home/airflow/.local/lib/python3.8/site-packages/airflow/example_dags/example_branch_python_dop_operator_3.py
[2024-10-06T20:31:10.041+0000] {processor.py:839} INFO - DAG(s) dict_keys(['example_branch_dop_operator_v3']) retrieved from /home/airflow/.local/lib/python3.8/site-packages/airflow/example_dags/example_branch_python_dop_operator_3.py
[2024-10-06T20:31:10.050+0000] {logging_mixin.py:154} INFO - [2024-10-06T20:31:10.050+0000] {dag.py:2941} INFO - Sync 1 DAGs
[2024-10-06T20:31:10.061+0000] {logging_mixin.py:154} INFO - [2024-10-06T20:31:10.061+0000] {dag.py:3722} INFO - Setting next_dagrun for example_branch_dop_operator_v3 to 2024-10-06T20:30:00+00:00, run_after=2024-10-06T20:31:00+00:00
[2024-10-06T20:31:10.068+0000] {processor.py:179} INFO - Processing /home/airflow/.local/lib/python3.8/site-packages/airflow/example_dags/example_branch_python_dop_operator_3.py took 0.035 seconds
[2024-10-06T20:40:15.063+0000] {processor.py:157} INFO - Started process (PID=27046) to work on /home/airflow/.local/lib/python3.8/site-packages/airflow/example_dags/example_branch_python_dop_operator_3.py
[2024-10-06T20:40:15.064+0000] {processor.py:829} INFO - Processing file /home/airflow/.local/lib/python3.8/site-packages/airflow/example_dags/example_branch_python_dop_operator_3.py for tasks to queue
[2024-10-06T20:40:15.065+0000] {logging_mixin.py:154} INFO - [2024-10-06T20:40:15.065+0000] {dagbag.py:536} INFO - Filling up the DagBag from /home/airflow/.local/lib/python3.8/site-packages/airflow/example_dags/example_branch_python_dop_operator_3.py
[2024-10-06T20:40:15.070+0000] {processor.py:839} INFO - DAG(s) dict_keys(['example_branch_dop_operator_v3']) retrieved from /home/airflow/.local/lib/python3.8/site-packages/airflow/example_dags/example_branch_python_dop_operator_3.py
[2024-10-06T20:40:15.083+0000] {logging_mixin.py:154} INFO - [2024-10-06T20:40:15.083+0000] {dag.py:2941} INFO - Sync 1 DAGs
[2024-10-06T20:40:15.097+0000] {logging_mixin.py:154} INFO - [2024-10-06T20:40:15.097+0000] {dag.py:3722} INFO - Setting next_dagrun for example_branch_dop_operator_v3 to 2024-10-06T20:39:00+00:00, run_after=2024-10-06T20:40:00+00:00
[2024-10-06T20:40:15.108+0000] {processor.py:179} INFO - Processing /home/airflow/.local/lib/python3.8/site-packages/airflow/example_dags/example_branch_python_dop_operator_3.py took 0.047 seconds
[2024-10-06T20:43:25.321+0000] {processor.py:157} INFO - Started process (PID=27100) to work on /home/airflow/.local/lib/python3.8/site-packages/airflow/example_dags/example_branch_python_dop_operator_3.py
[2024-10-06T20:43:25.321+0000] {processor.py:829} INFO - Processing file /home/airflow/.local/lib/python3.8/site-packages/airflow/example_dags/example_branch_python_dop_operator_3.py for tasks to queue
[2024-10-06T20:43:25.322+0000] {logging_mixin.py:154} INFO - [2024-10-06T20:43:25.322+0000] {dagbag.py:536} INFO - Filling up the DagBag from /home/airflow/.local/lib/python3.8/site-packages/airflow/example_dags/example_branch_python_dop_operator_3.py
[2024-10-06T20:43:25.327+0000] {processor.py:839} INFO - DAG(s) dict_keys(['example_branch_dop_operator_v3']) retrieved from /home/airflow/.local/lib/python3.8/site-packages/airflow/example_dags/example_branch_python_dop_operator_3.py
[2024-10-06T20:43:25.336+0000] {logging_mixin.py:154} INFO - [2024-10-06T20:43:25.336+0000] {dag.py:2941} INFO - Sync 1 DAGs
[2024-10-06T20:43:25.346+0000] {logging_mixin.py:154} INFO - [2024-10-06T20:43:25.346+0000] {dag.py:3722} INFO - Setting next_dagrun for example_branch_dop_operator_v3 to 2024-10-06T20:42:00+00:00, run_after=2024-10-06T20:43:00+00:00
[2024-10-06T20:43:25.353+0000] {processor.py:179} INFO - Processing /home/airflow/.local/lib/python3.8/site-packages/airflow/example_dags/example_branch_python_dop_operator_3.py took 0.033 seconds
[2024-10-06T21:12:03.672+0000] {processor.py:157} INFO - Started process (PID=27154) to work on /home/airflow/.local/lib/python3.8/site-packages/airflow/example_dags/example_branch_python_dop_operator_3.py
[2024-10-06T21:12:03.673+0000] {processor.py:829} INFO - Processing file /home/airflow/.local/lib/python3.8/site-packages/airflow/example_dags/example_branch_python_dop_operator_3.py for tasks to queue
[2024-10-06T21:12:03.674+0000] {logging_mixin.py:154} INFO - [2024-10-06T21:12:03.674+0000] {dagbag.py:536} INFO - Filling up the DagBag from /home/airflow/.local/lib/python3.8/site-packages/airflow/example_dags/example_branch_python_dop_operator_3.py
[2024-10-06T21:12:03.680+0000] {processor.py:839} INFO - DAG(s) dict_keys(['example_branch_dop_operator_v3']) retrieved from /home/airflow/.local/lib/python3.8/site-packages/airflow/example_dags/example_branch_python_dop_operator_3.py
[2024-10-06T21:12:03.692+0000] {logging_mixin.py:154} INFO - [2024-10-06T21:12:03.692+0000] {dag.py:2941} INFO - Sync 1 DAGs
[2024-10-06T21:12:03.705+0000] {logging_mixin.py:154} INFO - [2024-10-06T21:12:03.705+0000] {dag.py:3722} INFO - Setting next_dagrun for example_branch_dop_operator_v3 to 2024-10-06T21:11:00+00:00, run_after=2024-10-06T21:12:00+00:00
[2024-10-06T21:12:03.712+0000] {processor.py:179} INFO - Processing /home/airflow/.local/lib/python3.8/site-packages/airflow/example_dags/example_branch_python_dop_operator_3.py took 0.042 seconds
[2024-10-06T21:13:26.378+0000] {processor.py:157} INFO - Started process (PID=27208) to work on /home/airflow/.local/lib/python3.8/site-packages/airflow/example_dags/example_branch_python_dop_operator_3.py
[2024-10-06T21:13:26.378+0000] {processor.py:829} INFO - Processing file /home/airflow/.local/lib/python3.8/site-packages/airflow/example_dags/example_branch_python_dop_operator_3.py for tasks to queue
[2024-10-06T21:13:26.379+0000] {logging_mixin.py:154} INFO - [2024-10-06T21:13:26.379+0000] {dagbag.py:536} INFO - Filling up the DagBag from /home/airflow/.local/lib/python3.8/site-packages/airflow/example_dags/example_branch_python_dop_operator_3.py
[2024-10-06T21:13:26.384+0000] {processor.py:839} INFO - DAG(s) dict_keys(['example_branch_dop_operator_v3']) retrieved from /home/airflow/.local/lib/python3.8/site-packages/airflow/example_dags/example_branch_python_dop_operator_3.py
[2024-10-06T21:13:26.393+0000] {logging_mixin.py:154} INFO - [2024-10-06T21:13:26.393+0000] {dag.py:2941} INFO - Sync 1 DAGs
[2024-10-06T21:13:26.403+0000] {logging_mixin.py:154} INFO - [2024-10-06T21:13:26.403+0000] {dag.py:3722} INFO - Setting next_dagrun for example_branch_dop_operator_v3 to 2024-10-06T21:12:00+00:00, run_after=2024-10-06T21:13:00+00:00
[2024-10-06T21:13:26.410+0000] {processor.py:179} INFO - Processing /home/airflow/.local/lib/python3.8/site-packages/airflow/example_dags/example_branch_python_dop_operator_3.py took 0.034 seconds
[2024-10-06T21:24:00.573+0000] {processor.py:157} INFO - Started process (PID=27262) to work on /home/airflow/.local/lib/python3.8/site-packages/airflow/example_dags/example_branch_python_dop_operator_3.py
[2024-10-06T21:24:00.574+0000] {processor.py:829} INFO - Processing file /home/airflow/.local/lib/python3.8/site-packages/airflow/example_dags/example_branch_python_dop_operator_3.py for tasks to queue
[2024-10-06T21:24:00.575+0000] {logging_mixin.py:154} INFO - [2024-10-06T21:24:00.575+0000] {dagbag.py:536} INFO - Filling up the DagBag from /home/airflow/.local/lib/python3.8/site-packages/airflow/example_dags/example_branch_python_dop_operator_3.py
[2024-10-06T21:24:00.582+0000] {processor.py:839} INFO - DAG(s) dict_keys(['example_branch_dop_operator_v3']) retrieved from /home/airflow/.local/lib/python3.8/site-packages/airflow/example_dags/example_branch_python_dop_operator_3.py
[2024-10-06T21:24:00.597+0000] {logging_mixin.py:154} INFO - [2024-10-06T21:24:00.596+0000] {dag.py:2941} INFO - Sync 1 DAGs
[2024-10-06T21:24:00.613+0000] {logging_mixin.py:154} INFO - [2024-10-06T21:24:00.612+0000] {dag.py:3722} INFO - Setting next_dagrun for example_branch_dop_operator_v3 to 2024-10-06T21:23:00+00:00, run_after=2024-10-06T21:24:00+00:00
[2024-10-06T21:24:00.625+0000] {processor.py:179} INFO - Processing /home/airflow/.local/lib/python3.8/site-packages/airflow/example_dags/example_branch_python_dop_operator_3.py took 0.054 seconds
[2024-10-06T22:02:22.176+0000] {processor.py:157} INFO - Started process (PID=27316) to work on /home/airflow/.local/lib/python3.8/site-packages/airflow/example_dags/example_branch_python_dop_operator_3.py
[2024-10-06T22:02:22.176+0000] {processor.py:829} INFO - Processing file /home/airflow/.local/lib/python3.8/site-packages/airflow/example_dags/example_branch_python_dop_operator_3.py for tasks to queue
[2024-10-06T22:02:22.177+0000] {logging_mixin.py:154} INFO - [2024-10-06T22:02:22.177+0000] {dagbag.py:536} INFO - Filling up the DagBag from /home/airflow/.local/lib/python3.8/site-packages/airflow/example_dags/example_branch_python_dop_operator_3.py
[2024-10-06T22:02:22.182+0000] {processor.py:839} INFO - DAG(s) dict_keys(['example_branch_dop_operator_v3']) retrieved from /home/airflow/.local/lib/python3.8/site-packages/airflow/example_dags/example_branch_python_dop_operator_3.py
[2024-10-06T22:02:22.191+0000] {logging_mixin.py:154} INFO - [2024-10-06T22:02:22.190+0000] {dag.py:2941} INFO - Sync 1 DAGs
[2024-10-06T22:02:22.201+0000] {logging_mixin.py:154} INFO - [2024-10-06T22:02:22.201+0000] {dag.py:3722} INFO - Setting next_dagrun for example_branch_dop_operator_v3 to 2024-10-06T22:01:00+00:00, run_after=2024-10-06T22:02:00+00:00
[2024-10-06T22:02:22.207+0000] {processor.py:179} INFO - Processing /home/airflow/.local/lib/python3.8/site-packages/airflow/example_dags/example_branch_python_dop_operator_3.py took 0.033 seconds
[2024-10-06T22:28:55.181+0000] {processor.py:157} INFO - Started process (PID=27370) to work on /home/airflow/.local/lib/python3.8/site-packages/airflow/example_dags/example_branch_python_dop_operator_3.py
[2024-10-06T22:28:55.181+0000] {processor.py:829} INFO - Processing file /home/airflow/.local/lib/python3.8/site-packages/airflow/example_dags/example_branch_python_dop_operator_3.py for tasks to queue
[2024-10-06T22:28:55.182+0000] {logging_mixin.py:154} INFO - [2024-10-06T22:28:55.182+0000] {dagbag.py:536} INFO - Filling up the DagBag from /home/airflow/.local/lib/python3.8/site-packages/airflow/example_dags/example_branch_python_dop_operator_3.py
[2024-10-06T22:28:55.186+0000] {processor.py:839} INFO - DAG(s) dict_keys(['example_branch_dop_operator_v3']) retrieved from /home/airflow/.local/lib/python3.8/site-packages/airflow/example_dags/example_branch_python_dop_operator_3.py
[2024-10-06T22:28:55.196+0000] {logging_mixin.py:154} INFO - [2024-10-06T22:28:55.195+0000] {dag.py:2941} INFO - Sync 1 DAGs
[2024-10-06T22:28:55.205+0000] {logging_mixin.py:154} INFO - [2024-10-06T22:28:55.205+0000] {dag.py:3722} INFO - Setting next_dagrun for example_branch_dop_operator_v3 to 2024-10-06T22:27:00+00:00, run_after=2024-10-06T22:28:00+00:00
[2024-10-06T22:28:55.212+0000] {processor.py:179} INFO - Processing /home/airflow/.local/lib/python3.8/site-packages/airflow/example_dags/example_branch_python_dop_operator_3.py took 0.033 seconds
[2024-10-06T22:59:44.833+0000] {processor.py:157} INFO - Started process (PID=27424) to work on /home/airflow/.local/lib/python3.8/site-packages/airflow/example_dags/example_branch_python_dop_operator_3.py
[2024-10-06T22:59:44.834+0000] {processor.py:829} INFO - Processing file /home/airflow/.local/lib/python3.8/site-packages/airflow/example_dags/example_branch_python_dop_operator_3.py for tasks to queue
[2024-10-06T22:59:44.838+0000] {logging_mixin.py:154} INFO - [2024-10-06T22:59:44.837+0000] {dagbag.py:536} INFO - Filling up the DagBag from /home/airflow/.local/lib/python3.8/site-packages/airflow/example_dags/example_branch_python_dop_operator_3.py
[2024-10-06T22:59:44.844+0000] {processor.py:839} INFO - DAG(s) dict_keys(['example_branch_dop_operator_v3']) retrieved from /home/airflow/.local/lib/python3.8/site-packages/airflow/example_dags/example_branch_python_dop_operator_3.py
[2024-10-06T22:59:44.858+0000] {logging_mixin.py:154} INFO - [2024-10-06T22:59:44.857+0000] {dag.py:2941} INFO - Sync 1 DAGs
[2024-10-06T22:59:44.871+0000] {logging_mixin.py:154} INFO - [2024-10-06T22:59:44.871+0000] {dag.py:3722} INFO - Setting next_dagrun for example_branch_dop_operator_v3 to 2024-10-06T22:58:00+00:00, run_after=2024-10-06T22:59:00+00:00
[2024-10-06T22:59:44.884+0000] {processor.py:179} INFO - Processing /home/airflow/.local/lib/python3.8/site-packages/airflow/example_dags/example_branch_python_dop_operator_3.py took 0.053 seconds
[2024-10-06T23:00:15.739+0000] {processor.py:157} INFO - Started process (PID=27478) to work on /home/airflow/.local/lib/python3.8/site-packages/airflow/example_dags/example_branch_python_dop_operator_3.py
[2024-10-06T23:00:15.740+0000] {processor.py:829} INFO - Processing file /home/airflow/.local/lib/python3.8/site-packages/airflow/example_dags/example_branch_python_dop_operator_3.py for tasks to queue
[2024-10-06T23:00:15.741+0000] {logging_mixin.py:154} INFO - [2024-10-06T23:00:15.741+0000] {dagbag.py:536} INFO - Filling up the DagBag from /home/airflow/.local/lib/python3.8/site-packages/airflow/example_dags/example_branch_python_dop_operator_3.py
[2024-10-06T23:00:15.746+0000] {processor.py:839} INFO - DAG(s) dict_keys(['example_branch_dop_operator_v3']) retrieved from /home/airflow/.local/lib/python3.8/site-packages/airflow/example_dags/example_branch_python_dop_operator_3.py
[2024-10-06T23:00:15.757+0000] {logging_mixin.py:154} INFO - [2024-10-06T23:00:15.756+0000] {dag.py:2941} INFO - Sync 1 DAGs
[2024-10-06T23:00:15.769+0000] {logging_mixin.py:154} INFO - [2024-10-06T23:00:15.769+0000] {dag.py:3722} INFO - Setting next_dagrun for example_branch_dop_operator_v3 to 2024-10-06T22:59:00+00:00, run_after=2024-10-06T23:00:00+00:00
[2024-10-06T23:00:15.779+0000] {processor.py:179} INFO - Processing /home/airflow/.local/lib/python3.8/site-packages/airflow/example_dags/example_branch_python_dop_operator_3.py took 0.041 seconds
[2024-10-06T23:00:46.326+0000] {processor.py:157} INFO - Started process (PID=27532) to work on /home/airflow/.local/lib/python3.8/site-packages/airflow/example_dags/example_branch_python_dop_operator_3.py
[2024-10-06T23:00:46.327+0000] {processor.py:829} INFO - Processing file /home/airflow/.local/lib/python3.8/site-packages/airflow/example_dags/example_branch_python_dop_operator_3.py for tasks to queue
[2024-10-06T23:00:46.328+0000] {logging_mixin.py:154} INFO - [2024-10-06T23:00:46.328+0000] {dagbag.py:536} INFO - Filling up the DagBag from /home/airflow/.local/lib/python3.8/site-packages/airflow/example_dags/example_branch_python_dop_operator_3.py
[2024-10-06T23:00:46.334+0000] {processor.py:839} INFO - DAG(s) dict_keys(['example_branch_dop_operator_v3']) retrieved from /home/airflow/.local/lib/python3.8/site-packages/airflow/example_dags/example_branch_python_dop_operator_3.py
[2024-10-06T23:00:46.345+0000] {logging_mixin.py:154} INFO - [2024-10-06T23:00:46.345+0000] {dag.py:2941} INFO - Sync 1 DAGs
[2024-10-06T23:00:46.359+0000] {logging_mixin.py:154} INFO - [2024-10-06T23:00:46.359+0000] {dag.py:3722} INFO - Setting next_dagrun for example_branch_dop_operator_v3 to 2024-10-06T22:59:00+00:00, run_after=2024-10-06T23:00:00+00:00
[2024-10-06T23:00:46.368+0000] {processor.py:179} INFO - Processing /home/airflow/.local/lib/python3.8/site-packages/airflow/example_dags/example_branch_python_dop_operator_3.py took 0.044 seconds
[2024-10-06T23:01:16.947+0000] {processor.py:157} INFO - Started process (PID=27586) to work on /home/airflow/.local/lib/python3.8/site-packages/airflow/example_dags/example_branch_python_dop_operator_3.py
[2024-10-06T23:01:16.947+0000] {processor.py:829} INFO - Processing file /home/airflow/.local/lib/python3.8/site-packages/airflow/example_dags/example_branch_python_dop_operator_3.py for tasks to queue
[2024-10-06T23:01:16.948+0000] {logging_mixin.py:154} INFO - [2024-10-06T23:01:16.948+0000] {dagbag.py:536} INFO - Filling up the DagBag from /home/airflow/.local/lib/python3.8/site-packages/airflow/example_dags/example_branch_python_dop_operator_3.py
[2024-10-06T23:01:16.953+0000] {processor.py:839} INFO - DAG(s) dict_keys(['example_branch_dop_operator_v3']) retrieved from /home/airflow/.local/lib/python3.8/site-packages/airflow/example_dags/example_branch_python_dop_operator_3.py
[2024-10-06T23:01:16.962+0000] {logging_mixin.py:154} INFO - [2024-10-06T23:01:16.961+0000] {dag.py:2941} INFO - Sync 1 DAGs
[2024-10-06T23:01:16.972+0000] {logging_mixin.py:154} INFO - [2024-10-06T23:01:16.972+0000] {dag.py:3722} INFO - Setting next_dagrun for example_branch_dop_operator_v3 to 2024-10-06T23:00:00+00:00, run_after=2024-10-06T23:01:00+00:00
[2024-10-06T23:01:16.979+0000] {processor.py:179} INFO - Processing /home/airflow/.local/lib/python3.8/site-packages/airflow/example_dags/example_branch_python_dop_operator_3.py took 0.033 seconds
[2024-10-06T23:01:47.402+0000] {processor.py:157} INFO - Started process (PID=27640) to work on /home/airflow/.local/lib/python3.8/site-packages/airflow/example_dags/example_branch_python_dop_operator_3.py
[2024-10-06T23:01:47.402+0000] {processor.py:829} INFO - Processing file /home/airflow/.local/lib/python3.8/site-packages/airflow/example_dags/example_branch_python_dop_operator_3.py for tasks to queue
[2024-10-06T23:01:47.403+0000] {logging_mixin.py:154} INFO - [2024-10-06T23:01:47.403+0000] {dagbag.py:536} INFO - Filling up the DagBag from /home/airflow/.local/lib/python3.8/site-packages/airflow/example_dags/example_branch_python_dop_operator_3.py
[2024-10-06T23:01:47.408+0000] {processor.py:839} INFO - DAG(s) dict_keys(['example_branch_dop_operator_v3']) retrieved from /home/airflow/.local/lib/python3.8/site-packages/airflow/example_dags/example_branch_python_dop_operator_3.py
[2024-10-06T23:01:47.417+0000] {logging_mixin.py:154} INFO - [2024-10-06T23:01:47.417+0000] {dag.py:2941} INFO - Sync 1 DAGs
[2024-10-06T23:01:47.427+0000] {logging_mixin.py:154} INFO - [2024-10-06T23:01:47.427+0000] {dag.py:3722} INFO - Setting next_dagrun for example_branch_dop_operator_v3 to 2024-10-06T23:00:00+00:00, run_after=2024-10-06T23:01:00+00:00
[2024-10-06T23:01:47.434+0000] {processor.py:179} INFO - Processing /home/airflow/.local/lib/python3.8/site-packages/airflow/example_dags/example_branch_python_dop_operator_3.py took 0.033 seconds
[2024-10-06T23:02:17.812+0000] {processor.py:157} INFO - Started process (PID=27694) to work on /home/airflow/.local/lib/python3.8/site-packages/airflow/example_dags/example_branch_python_dop_operator_3.py
[2024-10-06T23:02:17.812+0000] {processor.py:829} INFO - Processing file /home/airflow/.local/lib/python3.8/site-packages/airflow/example_dags/example_branch_python_dop_operator_3.py for tasks to queue
[2024-10-06T23:02:17.814+0000] {logging_mixin.py:154} INFO - [2024-10-06T23:02:17.813+0000] {dagbag.py:536} INFO - Filling up the DagBag from /home/airflow/.local/lib/python3.8/site-packages/airflow/example_dags/example_branch_python_dop_operator_3.py
[2024-10-06T23:02:17.818+0000] {processor.py:839} INFO - DAG(s) dict_keys(['example_branch_dop_operator_v3']) retrieved from /home/airflow/.local/lib/python3.8/site-packages/airflow/example_dags/example_branch_python_dop_operator_3.py
[2024-10-06T23:02:17.827+0000] {logging_mixin.py:154} INFO - [2024-10-06T23:02:17.827+0000] {dag.py:2941} INFO - Sync 1 DAGs
[2024-10-06T23:02:17.837+0000] {logging_mixin.py:154} INFO - [2024-10-06T23:02:17.837+0000] {dag.py:3722} INFO - Setting next_dagrun for example_branch_dop_operator_v3 to 2024-10-06T23:01:00+00:00, run_after=2024-10-06T23:02:00+00:00
[2024-10-06T23:02:17.844+0000] {processor.py:179} INFO - Processing /home/airflow/.local/lib/python3.8/site-packages/airflow/example_dags/example_branch_python_dop_operator_3.py took 0.034 seconds
[2024-10-06T23:02:48.233+0000] {processor.py:157} INFO - Started process (PID=27748) to work on /home/airflow/.local/lib/python3.8/site-packages/airflow/example_dags/example_branch_python_dop_operator_3.py
[2024-10-06T23:02:48.233+0000] {processor.py:829} INFO - Processing file /home/airflow/.local/lib/python3.8/site-packages/airflow/example_dags/example_branch_python_dop_operator_3.py for tasks to queue
[2024-10-06T23:02:48.235+0000] {logging_mixin.py:154} INFO - [2024-10-06T23:02:48.235+0000] {dagbag.py:536} INFO - Filling up the DagBag from /home/airflow/.local/lib/python3.8/site-packages/airflow/example_dags/example_branch_python_dop_operator_3.py
[2024-10-06T23:02:48.239+0000] {processor.py:839} INFO - DAG(s) dict_keys(['example_branch_dop_operator_v3']) retrieved from /home/airflow/.local/lib/python3.8/site-packages/airflow/example_dags/example_branch_python_dop_operator_3.py
[2024-10-06T23:02:48.249+0000] {logging_mixin.py:154} INFO - [2024-10-06T23:02:48.249+0000] {dag.py:2941} INFO - Sync 1 DAGs
[2024-10-06T23:02:48.260+0000] {logging_mixin.py:154} INFO - [2024-10-06T23:02:48.260+0000] {dag.py:3722} INFO - Setting next_dagrun for example_branch_dop_operator_v3 to 2024-10-06T23:01:00+00:00, run_after=2024-10-06T23:02:00+00:00
[2024-10-06T23:02:48.268+0000] {processor.py:179} INFO - Processing /home/airflow/.local/lib/python3.8/site-packages/airflow/example_dags/example_branch_python_dop_operator_3.py took 0.036 seconds
[2024-10-06T23:03:18.631+0000] {processor.py:157} INFO - Started process (PID=27802) to work on /home/airflow/.local/lib/python3.8/site-packages/airflow/example_dags/example_branch_python_dop_operator_3.py
[2024-10-06T23:03:18.632+0000] {processor.py:829} INFO - Processing file /home/airflow/.local/lib/python3.8/site-packages/airflow/example_dags/example_branch_python_dop_operator_3.py for tasks to queue
[2024-10-06T23:03:18.633+0000] {logging_mixin.py:154} INFO - [2024-10-06T23:03:18.633+0000] {dagbag.py:536} INFO - Filling up the DagBag from /home/airflow/.local/lib/python3.8/site-packages/airflow/example_dags/example_branch_python_dop_operator_3.py
[2024-10-06T23:03:18.637+0000] {processor.py:839} INFO - DAG(s) dict_keys(['example_branch_dop_operator_v3']) retrieved from /home/airflow/.local/lib/python3.8/site-packages/airflow/example_dags/example_branch_python_dop_operator_3.py
[2024-10-06T23:03:18.647+0000] {logging_mixin.py:154} INFO - [2024-10-06T23:03:18.646+0000] {dag.py:2941} INFO - Sync 1 DAGs
[2024-10-06T23:03:18.657+0000] {logging_mixin.py:154} INFO - [2024-10-06T23:03:18.657+0000] {dag.py:3722} INFO - Setting next_dagrun for example_branch_dop_operator_v3 to 2024-10-06T23:02:00+00:00, run_after=2024-10-06T23:03:00+00:00
[2024-10-06T23:03:18.664+0000] {processor.py:179} INFO - Processing /home/airflow/.local/lib/python3.8/site-packages/airflow/example_dags/example_branch_python_dop_operator_3.py took 0.034 seconds
[2024-10-06T23:03:49.122+0000] {processor.py:157} INFO - Started process (PID=27856) to work on /home/airflow/.local/lib/python3.8/site-packages/airflow/example_dags/example_branch_python_dop_operator_3.py
[2024-10-06T23:03:49.122+0000] {processor.py:829} INFO - Processing file /home/airflow/.local/lib/python3.8/site-packages/airflow/example_dags/example_branch_python_dop_operator_3.py for tasks to queue
[2024-10-06T23:03:49.123+0000] {logging_mixin.py:154} INFO - [2024-10-06T23:03:49.123+0000] {dagbag.py:536} INFO - Filling up the DagBag from /home/airflow/.local/lib/python3.8/site-packages/airflow/example_dags/example_branch_python_dop_operator_3.py
[2024-10-06T23:03:49.128+0000] {processor.py:839} INFO - DAG(s) dict_keys(['example_branch_dop_operator_v3']) retrieved from /home/airflow/.local/lib/python3.8/site-packages/airflow/example_dags/example_branch_python_dop_operator_3.py
[2024-10-06T23:03:49.137+0000] {logging_mixin.py:154} INFO - [2024-10-06T23:03:49.137+0000] {dag.py:2941} INFO - Sync 1 DAGs
[2024-10-06T23:03:49.148+0000] {logging_mixin.py:154} INFO - [2024-10-06T23:03:49.148+0000] {dag.py:3722} INFO - Setting next_dagrun for example_branch_dop_operator_v3 to 2024-10-06T23:02:00+00:00, run_after=2024-10-06T23:03:00+00:00
[2024-10-06T23:03:49.154+0000] {processor.py:179} INFO - Processing /home/airflow/.local/lib/python3.8/site-packages/airflow/example_dags/example_branch_python_dop_operator_3.py took 0.034 seconds
[2024-10-06T23:04:19.542+0000] {processor.py:157} INFO - Started process (PID=27910) to work on /home/airflow/.local/lib/python3.8/site-packages/airflow/example_dags/example_branch_python_dop_operator_3.py
[2024-10-06T23:04:19.543+0000] {processor.py:829} INFO - Processing file /home/airflow/.local/lib/python3.8/site-packages/airflow/example_dags/example_branch_python_dop_operator_3.py for tasks to queue
[2024-10-06T23:04:19.544+0000] {logging_mixin.py:154} INFO - [2024-10-06T23:04:19.544+0000] {dagbag.py:536} INFO - Filling up the DagBag from /home/airflow/.local/lib/python3.8/site-packages/airflow/example_dags/example_branch_python_dop_operator_3.py
[2024-10-06T23:04:19.548+0000] {processor.py:839} INFO - DAG(s) dict_keys(['example_branch_dop_operator_v3']) retrieved from /home/airflow/.local/lib/python3.8/site-packages/airflow/example_dags/example_branch_python_dop_operator_3.py
[2024-10-06T23:04:19.557+0000] {logging_mixin.py:154} INFO - [2024-10-06T23:04:19.557+0000] {dag.py:2941} INFO - Sync 1 DAGs
[2024-10-06T23:04:19.567+0000] {logging_mixin.py:154} INFO - [2024-10-06T23:04:19.567+0000] {dag.py:3722} INFO - Setting next_dagrun for example_branch_dop_operator_v3 to 2024-10-06T23:03:00+00:00, run_after=2024-10-06T23:04:00+00:00
[2024-10-06T23:04:19.574+0000] {processor.py:179} INFO - Processing /home/airflow/.local/lib/python3.8/site-packages/airflow/example_dags/example_branch_python_dop_operator_3.py took 0.033 seconds
[2024-10-06T23:04:49.995+0000] {processor.py:157} INFO - Started process (PID=27964) to work on /home/airflow/.local/lib/python3.8/site-packages/airflow/example_dags/example_branch_python_dop_operator_3.py
[2024-10-06T23:04:49.995+0000] {processor.py:829} INFO - Processing file /home/airflow/.local/lib/python3.8/site-packages/airflow/example_dags/example_branch_python_dop_operator_3.py for tasks to queue
[2024-10-06T23:04:49.996+0000] {logging_mixin.py:154} INFO - [2024-10-06T23:04:49.996+0000] {dagbag.py:536} INFO - Filling up the DagBag from /home/airflow/.local/lib/python3.8/site-packages/airflow/example_dags/example_branch_python_dop_operator_3.py
[2024-10-06T23:04:50.000+0000] {processor.py:839} INFO - DAG(s) dict_keys(['example_branch_dop_operator_v3']) retrieved from /home/airflow/.local/lib/python3.8/site-packages/airflow/example_dags/example_branch_python_dop_operator_3.py
[2024-10-06T23:04:50.008+0000] {logging_mixin.py:154} INFO - [2024-10-06T23:04:50.008+0000] {dag.py:2941} INFO - Sync 1 DAGs
[2024-10-06T23:04:50.017+0000] {logging_mixin.py:154} INFO - [2024-10-06T23:04:50.017+0000] {dag.py:3722} INFO - Setting next_dagrun for example_branch_dop_operator_v3 to 2024-10-06T23:03:00+00:00, run_after=2024-10-06T23:04:00+00:00
[2024-10-06T23:04:50.023+0000] {processor.py:179} INFO - Processing /home/airflow/.local/lib/python3.8/site-packages/airflow/example_dags/example_branch_python_dop_operator_3.py took 0.030 seconds
[2024-10-06T23:05:20.414+0000] {processor.py:157} INFO - Started process (PID=28018) to work on /home/airflow/.local/lib/python3.8/site-packages/airflow/example_dags/example_branch_python_dop_operator_3.py
[2024-10-06T23:05:20.414+0000] {processor.py:829} INFO - Processing file /home/airflow/.local/lib/python3.8/site-packages/airflow/example_dags/example_branch_python_dop_operator_3.py for tasks to queue
[2024-10-06T23:05:20.415+0000] {logging_mixin.py:154} INFO - [2024-10-06T23:05:20.415+0000] {dagbag.py:536} INFO - Filling up the DagBag from /home/airflow/.local/lib/python3.8/site-packages/airflow/example_dags/example_branch_python_dop_operator_3.py
[2024-10-06T23:05:20.419+0000] {processor.py:839} INFO - DAG(s) dict_keys(['example_branch_dop_operator_v3']) retrieved from /home/airflow/.local/lib/python3.8/site-packages/airflow/example_dags/example_branch_python_dop_operator_3.py
[2024-10-06T23:05:20.428+0000] {logging_mixin.py:154} INFO - [2024-10-06T23:05:20.428+0000] {dag.py:2941} INFO - Sync 1 DAGs
[2024-10-06T23:05:20.437+0000] {logging_mixin.py:154} INFO - [2024-10-06T23:05:20.437+0000] {dag.py:3722} INFO - Setting next_dagrun for example_branch_dop_operator_v3 to 2024-10-06T23:04:00+00:00, run_after=2024-10-06T23:05:00+00:00
[2024-10-06T23:05:20.443+0000] {processor.py:179} INFO - Processing /home/airflow/.local/lib/python3.8/site-packages/airflow/example_dags/example_branch_python_dop_operator_3.py took 0.031 seconds
[2024-10-06T23:05:50.810+0000] {processor.py:157} INFO - Started process (PID=28072) to work on /home/airflow/.local/lib/python3.8/site-packages/airflow/example_dags/example_branch_python_dop_operator_3.py
[2024-10-06T23:05:50.810+0000] {processor.py:829} INFO - Processing file /home/airflow/.local/lib/python3.8/site-packages/airflow/example_dags/example_branch_python_dop_operator_3.py for tasks to queue
[2024-10-06T23:05:50.811+0000] {logging_mixin.py:154} INFO - [2024-10-06T23:05:50.811+0000] {dagbag.py:536} INFO - Filling up the DagBag from /home/airflow/.local/lib/python3.8/site-packages/airflow/example_dags/example_branch_python_dop_operator_3.py
[2024-10-06T23:05:50.816+0000] {processor.py:839} INFO - DAG(s) dict_keys(['example_branch_dop_operator_v3']) retrieved from /home/airflow/.local/lib/python3.8/site-packages/airflow/example_dags/example_branch_python_dop_operator_3.py
[2024-10-06T23:05:50.824+0000] {logging_mixin.py:154} INFO - [2024-10-06T23:05:50.824+0000] {dag.py:2941} INFO - Sync 1 DAGs
[2024-10-06T23:05:50.835+0000] {logging_mixin.py:154} INFO - [2024-10-06T23:05:50.835+0000] {dag.py:3722} INFO - Setting next_dagrun for example_branch_dop_operator_v3 to 2024-10-06T23:04:00+00:00, run_after=2024-10-06T23:05:00+00:00
[2024-10-06T23:05:50.841+0000] {processor.py:179} INFO - Processing /home/airflow/.local/lib/python3.8/site-packages/airflow/example_dags/example_branch_python_dop_operator_3.py took 0.033 seconds
[2024-10-06T23:06:21.251+0000] {processor.py:157} INFO - Started process (PID=28126) to work on /home/airflow/.local/lib/python3.8/site-packages/airflow/example_dags/example_branch_python_dop_operator_3.py
[2024-10-06T23:06:21.251+0000] {processor.py:829} INFO - Processing file /home/airflow/.local/lib/python3.8/site-packages/airflow/example_dags/example_branch_python_dop_operator_3.py for tasks to queue
[2024-10-06T23:06:21.252+0000] {logging_mixin.py:154} INFO - [2024-10-06T23:06:21.252+0000] {dagbag.py:536} INFO - Filling up the DagBag from /home/airflow/.local/lib/python3.8/site-packages/airflow/example_dags/example_branch_python_dop_operator_3.py
[2024-10-06T23:06:21.257+0000] {processor.py:839} INFO - DAG(s) dict_keys(['example_branch_dop_operator_v3']) retrieved from /home/airflow/.local/lib/python3.8/site-packages/airflow/example_dags/example_branch_python_dop_operator_3.py
[2024-10-06T23:06:21.266+0000] {logging_mixin.py:154} INFO - [2024-10-06T23:06:21.265+0000] {dag.py:2941} INFO - Sync 1 DAGs
[2024-10-06T23:06:21.276+0000] {logging_mixin.py:154} INFO - [2024-10-06T23:06:21.276+0000] {dag.py:3722} INFO - Setting next_dagrun for example_branch_dop_operator_v3 to 2024-10-06T23:05:00+00:00, run_after=2024-10-06T23:06:00+00:00
[2024-10-06T23:06:21.283+0000] {processor.py:179} INFO - Processing /home/airflow/.local/lib/python3.8/site-packages/airflow/example_dags/example_branch_python_dop_operator_3.py took 0.034 seconds
[2024-10-06T23:06:51.686+0000] {processor.py:157} INFO - Started process (PID=28180) to work on /home/airflow/.local/lib/python3.8/site-packages/airflow/example_dags/example_branch_python_dop_operator_3.py
[2024-10-06T23:06:51.687+0000] {processor.py:829} INFO - Processing file /home/airflow/.local/lib/python3.8/site-packages/airflow/example_dags/example_branch_python_dop_operator_3.py for tasks to queue
[2024-10-06T23:06:51.688+0000] {logging_mixin.py:154} INFO - [2024-10-06T23:06:51.688+0000] {dagbag.py:536} INFO - Filling up the DagBag from /home/airflow/.local/lib/python3.8/site-packages/airflow/example_dags/example_branch_python_dop_operator_3.py
[2024-10-06T23:06:51.692+0000] {processor.py:839} INFO - DAG(s) dict_keys(['example_branch_dop_operator_v3']) retrieved from /home/airflow/.local/lib/python3.8/site-packages/airflow/example_dags/example_branch_python_dop_operator_3.py
[2024-10-06T23:06:51.701+0000] {logging_mixin.py:154} INFO - [2024-10-06T23:06:51.701+0000] {dag.py:2941} INFO - Sync 1 DAGs
[2024-10-06T23:06:51.711+0000] {logging_mixin.py:154} INFO - [2024-10-06T23:06:51.711+0000] {dag.py:3722} INFO - Setting next_dagrun for example_branch_dop_operator_v3 to 2024-10-06T23:05:00+00:00, run_after=2024-10-06T23:06:00+00:00
[2024-10-06T23:06:51.718+0000] {processor.py:179} INFO - Processing /home/airflow/.local/lib/python3.8/site-packages/airflow/example_dags/example_branch_python_dop_operator_3.py took 0.033 seconds
[2024-10-06T23:07:22.110+0000] {processor.py:157} INFO - Started process (PID=28234) to work on /home/airflow/.local/lib/python3.8/site-packages/airflow/example_dags/example_branch_python_dop_operator_3.py
[2024-10-06T23:07:22.111+0000] {processor.py:829} INFO - Processing file /home/airflow/.local/lib/python3.8/site-packages/airflow/example_dags/example_branch_python_dop_operator_3.py for tasks to queue
[2024-10-06T23:07:22.112+0000] {logging_mixin.py:154} INFO - [2024-10-06T23:07:22.112+0000] {dagbag.py:536} INFO - Filling up the DagBag from /home/airflow/.local/lib/python3.8/site-packages/airflow/example_dags/example_branch_python_dop_operator_3.py
[2024-10-06T23:07:22.116+0000] {processor.py:839} INFO - DAG(s) dict_keys(['example_branch_dop_operator_v3']) retrieved from /home/airflow/.local/lib/python3.8/site-packages/airflow/example_dags/example_branch_python_dop_operator_3.py
[2024-10-06T23:07:22.125+0000] {logging_mixin.py:154} INFO - [2024-10-06T23:07:22.125+0000] {dag.py:2941} INFO - Sync 1 DAGs
[2024-10-06T23:07:22.134+0000] {logging_mixin.py:154} INFO - [2024-10-06T23:07:22.134+0000] {dag.py:3722} INFO - Setting next_dagrun for example_branch_dop_operator_v3 to 2024-10-06T23:06:00+00:00, run_after=2024-10-06T23:07:00+00:00
[2024-10-06T23:07:22.140+0000] {processor.py:179} INFO - Processing /home/airflow/.local/lib/python3.8/site-packages/airflow/example_dags/example_branch_python_dop_operator_3.py took 0.031 seconds
[2024-10-06T23:07:52.577+0000] {processor.py:157} INFO - Started process (PID=28288) to work on /home/airflow/.local/lib/python3.8/site-packages/airflow/example_dags/example_branch_python_dop_operator_3.py
[2024-10-06T23:07:52.577+0000] {processor.py:829} INFO - Processing file /home/airflow/.local/lib/python3.8/site-packages/airflow/example_dags/example_branch_python_dop_operator_3.py for tasks to queue
[2024-10-06T23:07:52.578+0000] {logging_mixin.py:154} INFO - [2024-10-06T23:07:52.578+0000] {dagbag.py:536} INFO - Filling up the DagBag from /home/airflow/.local/lib/python3.8/site-packages/airflow/example_dags/example_branch_python_dop_operator_3.py
[2024-10-06T23:07:52.583+0000] {processor.py:839} INFO - DAG(s) dict_keys(['example_branch_dop_operator_v3']) retrieved from /home/airflow/.local/lib/python3.8/site-packages/airflow/example_dags/example_branch_python_dop_operator_3.py
[2024-10-06T23:07:52.592+0000] {logging_mixin.py:154} INFO - [2024-10-06T23:07:52.591+0000] {dag.py:2941} INFO - Sync 1 DAGs
[2024-10-06T23:07:52.602+0000] {logging_mixin.py:154} INFO - [2024-10-06T23:07:52.602+0000] {dag.py:3722} INFO - Setting next_dagrun for example_branch_dop_operator_v3 to 2024-10-06T23:06:00+00:00, run_after=2024-10-06T23:07:00+00:00
[2024-10-06T23:07:52.609+0000] {processor.py:179} INFO - Processing /home/airflow/.local/lib/python3.8/site-packages/airflow/example_dags/example_branch_python_dop_operator_3.py took 0.034 seconds
[2024-10-06T23:08:22.934+0000] {processor.py:157} INFO - Started process (PID=28342) to work on /home/airflow/.local/lib/python3.8/site-packages/airflow/example_dags/example_branch_python_dop_operator_3.py
[2024-10-06T23:08:22.934+0000] {processor.py:829} INFO - Processing file /home/airflow/.local/lib/python3.8/site-packages/airflow/example_dags/example_branch_python_dop_operator_3.py for tasks to queue
[2024-10-06T23:08:22.935+0000] {logging_mixin.py:154} INFO - [2024-10-06T23:08:22.935+0000] {dagbag.py:536} INFO - Filling up the DagBag from /home/airflow/.local/lib/python3.8/site-packages/airflow/example_dags/example_branch_python_dop_operator_3.py
[2024-10-06T23:08:22.940+0000] {processor.py:839} INFO - DAG(s) dict_keys(['example_branch_dop_operator_v3']) retrieved from /home/airflow/.local/lib/python3.8/site-packages/airflow/example_dags/example_branch_python_dop_operator_3.py
[2024-10-06T23:08:22.950+0000] {logging_mixin.py:154} INFO - [2024-10-06T23:08:22.950+0000] {dag.py:2941} INFO - Sync 1 DAGs
[2024-10-06T23:08:22.961+0000] {logging_mixin.py:154} INFO - [2024-10-06T23:08:22.961+0000] {dag.py:3722} INFO - Setting next_dagrun for example_branch_dop_operator_v3 to 2024-10-06T23:07:00+00:00, run_after=2024-10-06T23:08:00+00:00
[2024-10-06T23:08:22.968+0000] {processor.py:179} INFO - Processing /home/airflow/.local/lib/python3.8/site-packages/airflow/example_dags/example_branch_python_dop_operator_3.py took 0.036 seconds
[2024-10-06T23:08:53.376+0000] {processor.py:157} INFO - Started process (PID=28403) to work on /home/airflow/.local/lib/python3.8/site-packages/airflow/example_dags/example_branch_python_dop_operator_3.py
[2024-10-06T23:08:53.377+0000] {processor.py:829} INFO - Processing file /home/airflow/.local/lib/python3.8/site-packages/airflow/example_dags/example_branch_python_dop_operator_3.py for tasks to queue
[2024-10-06T23:08:53.378+0000] {logging_mixin.py:154} INFO - [2024-10-06T23:08:53.378+0000] {dagbag.py:536} INFO - Filling up the DagBag from /home/airflow/.local/lib/python3.8/site-packages/airflow/example_dags/example_branch_python_dop_operator_3.py
[2024-10-06T23:08:53.382+0000] {processor.py:839} INFO - DAG(s) dict_keys(['example_branch_dop_operator_v3']) retrieved from /home/airflow/.local/lib/python3.8/site-packages/airflow/example_dags/example_branch_python_dop_operator_3.py
[2024-10-06T23:08:53.391+0000] {logging_mixin.py:154} INFO - [2024-10-06T23:08:53.391+0000] {dag.py:2941} INFO - Sync 1 DAGs
[2024-10-06T23:08:53.402+0000] {logging_mixin.py:154} INFO - [2024-10-06T23:08:53.401+0000] {dag.py:3722} INFO - Setting next_dagrun for example_branch_dop_operator_v3 to 2024-10-06T23:07:00+00:00, run_after=2024-10-06T23:08:00+00:00
[2024-10-06T23:08:53.408+0000] {processor.py:179} INFO - Processing /home/airflow/.local/lib/python3.8/site-packages/airflow/example_dags/example_branch_python_dop_operator_3.py took 0.034 seconds
[2024-10-06T23:09:23.763+0000] {processor.py:157} INFO - Started process (PID=28457) to work on /home/airflow/.local/lib/python3.8/site-packages/airflow/example_dags/example_branch_python_dop_operator_3.py
[2024-10-06T23:09:23.763+0000] {processor.py:829} INFO - Processing file /home/airflow/.local/lib/python3.8/site-packages/airflow/example_dags/example_branch_python_dop_operator_3.py for tasks to queue
[2024-10-06T23:09:23.764+0000] {logging_mixin.py:154} INFO - [2024-10-06T23:09:23.764+0000] {dagbag.py:536} INFO - Filling up the DagBag from /home/airflow/.local/lib/python3.8/site-packages/airflow/example_dags/example_branch_python_dop_operator_3.py
[2024-10-06T23:09:23.769+0000] {processor.py:839} INFO - DAG(s) dict_keys(['example_branch_dop_operator_v3']) retrieved from /home/airflow/.local/lib/python3.8/site-packages/airflow/example_dags/example_branch_python_dop_operator_3.py
[2024-10-06T23:09:23.778+0000] {logging_mixin.py:154} INFO - [2024-10-06T23:09:23.778+0000] {dag.py:2941} INFO - Sync 1 DAGs
[2024-10-06T23:09:23.788+0000] {logging_mixin.py:154} INFO - [2024-10-06T23:09:23.788+0000] {dag.py:3722} INFO - Setting next_dagrun for example_branch_dop_operator_v3 to 2024-10-06T23:08:00+00:00, run_after=2024-10-06T23:09:00+00:00
[2024-10-06T23:09:23.794+0000] {processor.py:179} INFO - Processing /home/airflow/.local/lib/python3.8/site-packages/airflow/example_dags/example_branch_python_dop_operator_3.py took 0.033 seconds
[2024-10-06T23:09:54.274+0000] {processor.py:157} INFO - Started process (PID=28511) to work on /home/airflow/.local/lib/python3.8/site-packages/airflow/example_dags/example_branch_python_dop_operator_3.py
[2024-10-06T23:09:54.274+0000] {processor.py:829} INFO - Processing file /home/airflow/.local/lib/python3.8/site-packages/airflow/example_dags/example_branch_python_dop_operator_3.py for tasks to queue
[2024-10-06T23:09:54.275+0000] {logging_mixin.py:154} INFO - [2024-10-06T23:09:54.275+0000] {dagbag.py:536} INFO - Filling up the DagBag from /home/airflow/.local/lib/python3.8/site-packages/airflow/example_dags/example_branch_python_dop_operator_3.py
[2024-10-06T23:09:54.280+0000] {processor.py:839} INFO - DAG(s) dict_keys(['example_branch_dop_operator_v3']) retrieved from /home/airflow/.local/lib/python3.8/site-packages/airflow/example_dags/example_branch_python_dop_operator_3.py
[2024-10-06T23:09:54.288+0000] {logging_mixin.py:154} INFO - [2024-10-06T23:09:54.288+0000] {dag.py:2941} INFO - Sync 1 DAGs
[2024-10-06T23:09:54.297+0000] {logging_mixin.py:154} INFO - [2024-10-06T23:09:54.297+0000] {dag.py:3722} INFO - Setting next_dagrun for example_branch_dop_operator_v3 to 2024-10-06T23:08:00+00:00, run_after=2024-10-06T23:09:00+00:00
[2024-10-06T23:09:54.303+0000] {processor.py:179} INFO - Processing /home/airflow/.local/lib/python3.8/site-packages/airflow/example_dags/example_branch_python_dop_operator_3.py took 0.031 seconds
[2024-10-06T23:10:24.703+0000] {processor.py:157} INFO - Started process (PID=28565) to work on /home/airflow/.local/lib/python3.8/site-packages/airflow/example_dags/example_branch_python_dop_operator_3.py
[2024-10-06T23:10:24.703+0000] {processor.py:829} INFO - Processing file /home/airflow/.local/lib/python3.8/site-packages/airflow/example_dags/example_branch_python_dop_operator_3.py for tasks to queue
[2024-10-06T23:10:24.704+0000] {logging_mixin.py:154} INFO - [2024-10-06T23:10:24.704+0000] {dagbag.py:536} INFO - Filling up the DagBag from /home/airflow/.local/lib/python3.8/site-packages/airflow/example_dags/example_branch_python_dop_operator_3.py
[2024-10-06T23:10:24.708+0000] {processor.py:839} INFO - DAG(s) dict_keys(['example_branch_dop_operator_v3']) retrieved from /home/airflow/.local/lib/python3.8/site-packages/airflow/example_dags/example_branch_python_dop_operator_3.py
[2024-10-06T23:10:24.716+0000] {logging_mixin.py:154} INFO - [2024-10-06T23:10:24.716+0000] {dag.py:2941} INFO - Sync 1 DAGs
[2024-10-06T23:10:24.726+0000] {logging_mixin.py:154} INFO - [2024-10-06T23:10:24.725+0000] {dag.py:3722} INFO - Setting next_dagrun for example_branch_dop_operator_v3 to 2024-10-06T23:09:00+00:00, run_after=2024-10-06T23:10:00+00:00
[2024-10-06T23:10:24.732+0000] {processor.py:179} INFO - Processing /home/airflow/.local/lib/python3.8/site-packages/airflow/example_dags/example_branch_python_dop_operator_3.py took 0.031 seconds
[2024-10-06T23:10:55.108+0000] {processor.py:157} INFO - Started process (PID=28619) to work on /home/airflow/.local/lib/python3.8/site-packages/airflow/example_dags/example_branch_python_dop_operator_3.py
[2024-10-06T23:10:55.108+0000] {processor.py:829} INFO - Processing file /home/airflow/.local/lib/python3.8/site-packages/airflow/example_dags/example_branch_python_dop_operator_3.py for tasks to queue
[2024-10-06T23:10:55.109+0000] {logging_mixin.py:154} INFO - [2024-10-06T23:10:55.109+0000] {dagbag.py:536} INFO - Filling up the DagBag from /home/airflow/.local/lib/python3.8/site-packages/airflow/example_dags/example_branch_python_dop_operator_3.py
[2024-10-06T23:10:55.114+0000] {processor.py:839} INFO - DAG(s) dict_keys(['example_branch_dop_operator_v3']) retrieved from /home/airflow/.local/lib/python3.8/site-packages/airflow/example_dags/example_branch_python_dop_operator_3.py
[2024-10-06T23:10:55.122+0000] {logging_mixin.py:154} INFO - [2024-10-06T23:10:55.122+0000] {dag.py:2941} INFO - Sync 1 DAGs
[2024-10-06T23:10:55.131+0000] {logging_mixin.py:154} INFO - [2024-10-06T23:10:55.131+0000] {dag.py:3722} INFO - Setting next_dagrun for example_branch_dop_operator_v3 to 2024-10-06T23:09:00+00:00, run_after=2024-10-06T23:10:00+00:00
[2024-10-06T23:10:55.137+0000] {processor.py:179} INFO - Processing /home/airflow/.local/lib/python3.8/site-packages/airflow/example_dags/example_branch_python_dop_operator_3.py took 0.030 seconds
[2024-10-06T23:11:25.531+0000] {processor.py:157} INFO - Started process (PID=28673) to work on /home/airflow/.local/lib/python3.8/site-packages/airflow/example_dags/example_branch_python_dop_operator_3.py
[2024-10-06T23:11:25.531+0000] {processor.py:829} INFO - Processing file /home/airflow/.local/lib/python3.8/site-packages/airflow/example_dags/example_branch_python_dop_operator_3.py for tasks to queue
[2024-10-06T23:11:25.532+0000] {logging_mixin.py:154} INFO - [2024-10-06T23:11:25.532+0000] {dagbag.py:536} INFO - Filling up the DagBag from /home/airflow/.local/lib/python3.8/site-packages/airflow/example_dags/example_branch_python_dop_operator_3.py
[2024-10-06T23:11:25.538+0000] {processor.py:839} INFO - DAG(s) dict_keys(['example_branch_dop_operator_v3']) retrieved from /home/airflow/.local/lib/python3.8/site-packages/airflow/example_dags/example_branch_python_dop_operator_3.py
[2024-10-06T23:11:25.548+0000] {logging_mixin.py:154} INFO - [2024-10-06T23:11:25.547+0000] {dag.py:2941} INFO - Sync 1 DAGs
[2024-10-06T23:11:25.559+0000] {logging_mixin.py:154} INFO - [2024-10-06T23:11:25.559+0000] {dag.py:3722} INFO - Setting next_dagrun for example_branch_dop_operator_v3 to 2024-10-06T23:10:00+00:00, run_after=2024-10-06T23:11:00+00:00
[2024-10-06T23:11:25.567+0000] {processor.py:179} INFO - Processing /home/airflow/.local/lib/python3.8/site-packages/airflow/example_dags/example_branch_python_dop_operator_3.py took 0.038 seconds
[2024-10-06T23:11:55.996+0000] {processor.py:157} INFO - Started process (PID=28727) to work on /home/airflow/.local/lib/python3.8/site-packages/airflow/example_dags/example_branch_python_dop_operator_3.py
[2024-10-06T23:11:55.996+0000] {processor.py:829} INFO - Processing file /home/airflow/.local/lib/python3.8/site-packages/airflow/example_dags/example_branch_python_dop_operator_3.py for tasks to queue
[2024-10-06T23:11:55.998+0000] {logging_mixin.py:154} INFO - [2024-10-06T23:11:55.997+0000] {dagbag.py:536} INFO - Filling up the DagBag from /home/airflow/.local/lib/python3.8/site-packages/airflow/example_dags/example_branch_python_dop_operator_3.py
[2024-10-06T23:11:56.002+0000] {processor.py:839} INFO - DAG(s) dict_keys(['example_branch_dop_operator_v3']) retrieved from /home/airflow/.local/lib/python3.8/site-packages/airflow/example_dags/example_branch_python_dop_operator_3.py
[2024-10-06T23:11:56.012+0000] {logging_mixin.py:154} INFO - [2024-10-06T23:11:56.012+0000] {dag.py:2941} INFO - Sync 1 DAGs
[2024-10-06T23:11:56.022+0000] {logging_mixin.py:154} INFO - [2024-10-06T23:11:56.022+0000] {dag.py:3722} INFO - Setting next_dagrun for example_branch_dop_operator_v3 to 2024-10-06T23:10:00+00:00, run_after=2024-10-06T23:11:00+00:00
[2024-10-06T23:11:56.029+0000] {processor.py:179} INFO - Processing /home/airflow/.local/lib/python3.8/site-packages/airflow/example_dags/example_branch_python_dop_operator_3.py took 0.035 seconds
[2024-10-06T23:12:26.467+0000] {processor.py:157} INFO - Started process (PID=28781) to work on /home/airflow/.local/lib/python3.8/site-packages/airflow/example_dags/example_branch_python_dop_operator_3.py
[2024-10-06T23:12:26.467+0000] {processor.py:829} INFO - Processing file /home/airflow/.local/lib/python3.8/site-packages/airflow/example_dags/example_branch_python_dop_operator_3.py for tasks to queue
[2024-10-06T23:12:26.468+0000] {logging_mixin.py:154} INFO - [2024-10-06T23:12:26.468+0000] {dagbag.py:536} INFO - Filling up the DagBag from /home/airflow/.local/lib/python3.8/site-packages/airflow/example_dags/example_branch_python_dop_operator_3.py
[2024-10-06T23:12:26.473+0000] {processor.py:839} INFO - DAG(s) dict_keys(['example_branch_dop_operator_v3']) retrieved from /home/airflow/.local/lib/python3.8/site-packages/airflow/example_dags/example_branch_python_dop_operator_3.py
[2024-10-06T23:12:26.482+0000] {logging_mixin.py:154} INFO - [2024-10-06T23:12:26.481+0000] {dag.py:2941} INFO - Sync 1 DAGs
[2024-10-06T23:12:26.492+0000] {logging_mixin.py:154} INFO - [2024-10-06T23:12:26.492+0000] {dag.py:3722} INFO - Setting next_dagrun for example_branch_dop_operator_v3 to 2024-10-06T23:11:00+00:00, run_after=2024-10-06T23:12:00+00:00
[2024-10-06T23:12:26.499+0000] {processor.py:179} INFO - Processing /home/airflow/.local/lib/python3.8/site-packages/airflow/example_dags/example_branch_python_dop_operator_3.py took 0.034 seconds
[2024-10-06T23:12:56.958+0000] {processor.py:157} INFO - Started process (PID=28835) to work on /home/airflow/.local/lib/python3.8/site-packages/airflow/example_dags/example_branch_python_dop_operator_3.py
[2024-10-06T23:12:56.959+0000] {processor.py:829} INFO - Processing file /home/airflow/.local/lib/python3.8/site-packages/airflow/example_dags/example_branch_python_dop_operator_3.py for tasks to queue
[2024-10-06T23:12:56.960+0000] {logging_mixin.py:154} INFO - [2024-10-06T23:12:56.959+0000] {dagbag.py:536} INFO - Filling up the DagBag from /home/airflow/.local/lib/python3.8/site-packages/airflow/example_dags/example_branch_python_dop_operator_3.py
[2024-10-06T23:12:56.964+0000] {processor.py:839} INFO - DAG(s) dict_keys(['example_branch_dop_operator_v3']) retrieved from /home/airflow/.local/lib/python3.8/site-packages/airflow/example_dags/example_branch_python_dop_operator_3.py
[2024-10-06T23:12:56.973+0000] {logging_mixin.py:154} INFO - [2024-10-06T23:12:56.973+0000] {dag.py:2941} INFO - Sync 1 DAGs
[2024-10-06T23:12:56.985+0000] {logging_mixin.py:154} INFO - [2024-10-06T23:12:56.985+0000] {dag.py:3722} INFO - Setting next_dagrun for example_branch_dop_operator_v3 to 2024-10-06T23:11:00+00:00, run_after=2024-10-06T23:12:00+00:00
[2024-10-06T23:12:56.992+0000] {processor.py:179} INFO - Processing /home/airflow/.local/lib/python3.8/site-packages/airflow/example_dags/example_branch_python_dop_operator_3.py took 0.035 seconds
[2024-10-06T23:13:27.388+0000] {processor.py:157} INFO - Started process (PID=28889) to work on /home/airflow/.local/lib/python3.8/site-packages/airflow/example_dags/example_branch_python_dop_operator_3.py
[2024-10-06T23:13:27.388+0000] {processor.py:829} INFO - Processing file /home/airflow/.local/lib/python3.8/site-packages/airflow/example_dags/example_branch_python_dop_operator_3.py for tasks to queue
[2024-10-06T23:13:27.389+0000] {logging_mixin.py:154} INFO - [2024-10-06T23:13:27.389+0000] {dagbag.py:536} INFO - Filling up the DagBag from /home/airflow/.local/lib/python3.8/site-packages/airflow/example_dags/example_branch_python_dop_operator_3.py
[2024-10-06T23:13:27.394+0000] {processor.py:839} INFO - DAG(s) dict_keys(['example_branch_dop_operator_v3']) retrieved from /home/airflow/.local/lib/python3.8/site-packages/airflow/example_dags/example_branch_python_dop_operator_3.py
[2024-10-06T23:13:27.403+0000] {logging_mixin.py:154} INFO - [2024-10-06T23:13:27.403+0000] {dag.py:2941} INFO - Sync 1 DAGs
[2024-10-06T23:13:27.413+0000] {logging_mixin.py:154} INFO - [2024-10-06T23:13:27.413+0000] {dag.py:3722} INFO - Setting next_dagrun for example_branch_dop_operator_v3 to 2024-10-06T23:12:00+00:00, run_after=2024-10-06T23:13:00+00:00
[2024-10-06T23:13:27.420+0000] {processor.py:179} INFO - Processing /home/airflow/.local/lib/python3.8/site-packages/airflow/example_dags/example_branch_python_dop_operator_3.py took 0.034 seconds
[2024-10-06T23:13:57.859+0000] {processor.py:157} INFO - Started process (PID=28943) to work on /home/airflow/.local/lib/python3.8/site-packages/airflow/example_dags/example_branch_python_dop_operator_3.py
[2024-10-06T23:13:57.860+0000] {processor.py:829} INFO - Processing file /home/airflow/.local/lib/python3.8/site-packages/airflow/example_dags/example_branch_python_dop_operator_3.py for tasks to queue
[2024-10-06T23:13:57.861+0000] {logging_mixin.py:154} INFO - [2024-10-06T23:13:57.861+0000] {dagbag.py:536} INFO - Filling up the DagBag from /home/airflow/.local/lib/python3.8/site-packages/airflow/example_dags/example_branch_python_dop_operator_3.py
[2024-10-06T23:13:57.865+0000] {processor.py:839} INFO - DAG(s) dict_keys(['example_branch_dop_operator_v3']) retrieved from /home/airflow/.local/lib/python3.8/site-packages/airflow/example_dags/example_branch_python_dop_operator_3.py
[2024-10-06T23:13:57.875+0000] {logging_mixin.py:154} INFO - [2024-10-06T23:13:57.874+0000] {dag.py:2941} INFO - Sync 1 DAGs
[2024-10-06T23:13:57.885+0000] {logging_mixin.py:154} INFO - [2024-10-06T23:13:57.885+0000] {dag.py:3722} INFO - Setting next_dagrun for example_branch_dop_operator_v3 to 2024-10-06T23:12:00+00:00, run_after=2024-10-06T23:13:00+00:00
[2024-10-06T23:13:57.892+0000] {processor.py:179} INFO - Processing /home/airflow/.local/lib/python3.8/site-packages/airflow/example_dags/example_branch_python_dop_operator_3.py took 0.034 seconds
[2024-10-06T23:14:28.332+0000] {processor.py:157} INFO - Started process (PID=28997) to work on /home/airflow/.local/lib/python3.8/site-packages/airflow/example_dags/example_branch_python_dop_operator_3.py
[2024-10-06T23:14:28.332+0000] {processor.py:829} INFO - Processing file /home/airflow/.local/lib/python3.8/site-packages/airflow/example_dags/example_branch_python_dop_operator_3.py for tasks to queue
[2024-10-06T23:14:28.333+0000] {logging_mixin.py:154} INFO - [2024-10-06T23:14:28.333+0000] {dagbag.py:536} INFO - Filling up the DagBag from /home/airflow/.local/lib/python3.8/site-packages/airflow/example_dags/example_branch_python_dop_operator_3.py
[2024-10-06T23:14:28.338+0000] {processor.py:839} INFO - DAG(s) dict_keys(['example_branch_dop_operator_v3']) retrieved from /home/airflow/.local/lib/python3.8/site-packages/airflow/example_dags/example_branch_python_dop_operator_3.py
[2024-10-06T23:14:28.347+0000] {logging_mixin.py:154} INFO - [2024-10-06T23:14:28.347+0000] {dag.py:2941} INFO - Sync 1 DAGs
[2024-10-06T23:14:28.358+0000] {logging_mixin.py:154} INFO - [2024-10-06T23:14:28.358+0000] {dag.py:3722} INFO - Setting next_dagrun for example_branch_dop_operator_v3 to 2024-10-06T23:13:00+00:00, run_after=2024-10-06T23:14:00+00:00
[2024-10-06T23:14:28.366+0000] {processor.py:179} INFO - Processing /home/airflow/.local/lib/python3.8/site-packages/airflow/example_dags/example_branch_python_dop_operator_3.py took 0.036 seconds
[2024-10-06T23:14:58.800+0000] {processor.py:157} INFO - Started process (PID=29051) to work on /home/airflow/.local/lib/python3.8/site-packages/airflow/example_dags/example_branch_python_dop_operator_3.py
[2024-10-06T23:14:58.800+0000] {processor.py:829} INFO - Processing file /home/airflow/.local/lib/python3.8/site-packages/airflow/example_dags/example_branch_python_dop_operator_3.py for tasks to queue
[2024-10-06T23:14:58.801+0000] {logging_mixin.py:154} INFO - [2024-10-06T23:14:58.801+0000] {dagbag.py:536} INFO - Filling up the DagBag from /home/airflow/.local/lib/python3.8/site-packages/airflow/example_dags/example_branch_python_dop_operator_3.py
[2024-10-06T23:14:58.805+0000] {processor.py:839} INFO - DAG(s) dict_keys(['example_branch_dop_operator_v3']) retrieved from /home/airflow/.local/lib/python3.8/site-packages/airflow/example_dags/example_branch_python_dop_operator_3.py
[2024-10-06T23:14:58.814+0000] {logging_mixin.py:154} INFO - [2024-10-06T23:14:58.813+0000] {dag.py:2941} INFO - Sync 1 DAGs
[2024-10-06T23:14:58.823+0000] {logging_mixin.py:154} INFO - [2024-10-06T23:14:58.823+0000] {dag.py:3722} INFO - Setting next_dagrun for example_branch_dop_operator_v3 to 2024-10-06T23:13:00+00:00, run_after=2024-10-06T23:14:00+00:00
[2024-10-06T23:14:58.829+0000] {processor.py:179} INFO - Processing /home/airflow/.local/lib/python3.8/site-packages/airflow/example_dags/example_branch_python_dop_operator_3.py took 0.030 seconds
[2024-10-06T23:15:29.227+0000] {processor.py:157} INFO - Started process (PID=29105) to work on /home/airflow/.local/lib/python3.8/site-packages/airflow/example_dags/example_branch_python_dop_operator_3.py
[2024-10-06T23:15:29.227+0000] {processor.py:829} INFO - Processing file /home/airflow/.local/lib/python3.8/site-packages/airflow/example_dags/example_branch_python_dop_operator_3.py for tasks to queue
[2024-10-06T23:15:29.228+0000] {logging_mixin.py:154} INFO - [2024-10-06T23:15:29.228+0000] {dagbag.py:536} INFO - Filling up the DagBag from /home/airflow/.local/lib/python3.8/site-packages/airflow/example_dags/example_branch_python_dop_operator_3.py
[2024-10-06T23:15:29.233+0000] {processor.py:839} INFO - DAG(s) dict_keys(['example_branch_dop_operator_v3']) retrieved from /home/airflow/.local/lib/python3.8/site-packages/airflow/example_dags/example_branch_python_dop_operator_3.py
[2024-10-06T23:15:29.242+0000] {logging_mixin.py:154} INFO - [2024-10-06T23:15:29.242+0000] {dag.py:2941} INFO - Sync 1 DAGs
[2024-10-06T23:15:29.252+0000] {logging_mixin.py:154} INFO - [2024-10-06T23:15:29.252+0000] {dag.py:3722} INFO - Setting next_dagrun for example_branch_dop_operator_v3 to 2024-10-06T23:14:00+00:00, run_after=2024-10-06T23:15:00+00:00
[2024-10-06T23:15:29.259+0000] {processor.py:179} INFO - Processing /home/airflow/.local/lib/python3.8/site-packages/airflow/example_dags/example_branch_python_dop_operator_3.py took 0.034 seconds
[2024-10-06T23:54:56.906+0000] {processor.py:157} INFO - Started process (PID=29152) to work on /home/airflow/.local/lib/python3.8/site-packages/airflow/example_dags/example_branch_python_dop_operator_3.py
[2024-10-06T23:54:56.907+0000] {processor.py:829} INFO - Processing file /home/airflow/.local/lib/python3.8/site-packages/airflow/example_dags/example_branch_python_dop_operator_3.py for tasks to queue
[2024-10-06T23:54:56.908+0000] {logging_mixin.py:154} INFO - [2024-10-06T23:54:56.907+0000] {dagbag.py:536} INFO - Filling up the DagBag from /home/airflow/.local/lib/python3.8/site-packages/airflow/example_dags/example_branch_python_dop_operator_3.py
[2024-10-06T23:54:56.912+0000] {processor.py:839} INFO - DAG(s) dict_keys(['example_branch_dop_operator_v3']) retrieved from /home/airflow/.local/lib/python3.8/site-packages/airflow/example_dags/example_branch_python_dop_operator_3.py
[2024-10-06T23:54:56.920+0000] {logging_mixin.py:154} INFO - [2024-10-06T23:54:56.920+0000] {dag.py:2941} INFO - Sync 1 DAGs
[2024-10-06T23:54:56.930+0000] {logging_mixin.py:154} INFO - [2024-10-06T23:54:56.929+0000] {dag.py:3722} INFO - Setting next_dagrun for example_branch_dop_operator_v3 to 2024-10-06T23:53:00+00:00, run_after=2024-10-06T23:54:00+00:00
[2024-10-06T23:54:56.936+0000] {processor.py:179} INFO - Processing /home/airflow/.local/lib/python3.8/site-packages/airflow/example_dags/example_branch_python_dop_operator_3.py took 0.031 seconds
