[2024-10-06T00:48:01.495+0000] {processor.py:157} INFO - Started process (PID=25790) to work on /home/airflow/.local/lib/python3.8/site-packages/airflow/example_dags/example_setup_teardown_taskflow.py
[2024-10-06T00:48:01.495+0000] {processor.py:829} INFO - Processing file /home/airflow/.local/lib/python3.8/site-packages/airflow/example_dags/example_setup_teardown_taskflow.py for tasks to queue
[2024-10-06T00:48:01.496+0000] {logging_mixin.py:154} INFO - [2024-10-06T00:48:01.496+0000] {dagbag.py:536} INFO - Filling up the DagBag from /home/airflow/.local/lib/python3.8/site-packages/airflow/example_dags/example_setup_teardown_taskflow.py
[2024-10-06T00:48:01.501+0000] {processor.py:839} INFO - DAG(s) dict_keys(['example_setup_teardown_taskflow']) retrieved from /home/airflow/.local/lib/python3.8/site-packages/airflow/example_dags/example_setup_teardown_taskflow.py
[2024-10-06T00:48:01.510+0000] {logging_mixin.py:154} INFO - [2024-10-06T00:48:01.510+0000] {dag.py:2941} INFO - Sync 1 DAGs
[2024-10-06T00:48:01.519+0000] {logging_mixin.py:154} INFO - [2024-10-06T00:48:01.519+0000] {dag.py:3722} INFO - Setting next_dagrun for example_setup_teardown_taskflow to 2024-10-05T00:48:01.518982+00:00, run_after=2024-10-06T00:48:01.518982+00:00
[2024-10-06T00:48:01.525+0000] {processor.py:179} INFO - Processing /home/airflow/.local/lib/python3.8/site-packages/airflow/example_dags/example_setup_teardown_taskflow.py took 0.032 seconds
[2024-10-06T00:59:18.519+0000] {processor.py:157} INFO - Started process (PID=25844) to work on /home/airflow/.local/lib/python3.8/site-packages/airflow/example_dags/example_setup_teardown_taskflow.py
[2024-10-06T00:59:18.520+0000] {processor.py:829} INFO - Processing file /home/airflow/.local/lib/python3.8/site-packages/airflow/example_dags/example_setup_teardown_taskflow.py for tasks to queue
[2024-10-06T00:59:18.521+0000] {logging_mixin.py:154} INFO - [2024-10-06T00:59:18.521+0000] {dagbag.py:536} INFO - Filling up the DagBag from /home/airflow/.local/lib/python3.8/site-packages/airflow/example_dags/example_setup_teardown_taskflow.py
[2024-10-06T00:59:18.526+0000] {processor.py:839} INFO - DAG(s) dict_keys(['example_setup_teardown_taskflow']) retrieved from /home/airflow/.local/lib/python3.8/site-packages/airflow/example_dags/example_setup_teardown_taskflow.py
[2024-10-06T00:59:18.540+0000] {logging_mixin.py:154} INFO - [2024-10-06T00:59:18.540+0000] {dag.py:2941} INFO - Sync 1 DAGs
[2024-10-06T00:59:18.551+0000] {logging_mixin.py:154} INFO - [2024-10-06T00:59:18.551+0000] {dag.py:3722} INFO - Setting next_dagrun for example_setup_teardown_taskflow to 2024-10-05T00:59:18.551170+00:00, run_after=2024-10-06T00:59:18.551170+00:00
[2024-10-06T00:59:18.560+0000] {processor.py:179} INFO - Processing /home/airflow/.local/lib/python3.8/site-packages/airflow/example_dags/example_setup_teardown_taskflow.py took 0.043 seconds
[2024-10-06T02:12:19.554+0000] {processor.py:157} INFO - Started process (PID=25898) to work on /home/airflow/.local/lib/python3.8/site-packages/airflow/example_dags/example_setup_teardown_taskflow.py
[2024-10-06T02:12:19.554+0000] {processor.py:829} INFO - Processing file /home/airflow/.local/lib/python3.8/site-packages/airflow/example_dags/example_setup_teardown_taskflow.py for tasks to queue
[2024-10-06T02:12:19.555+0000] {logging_mixin.py:154} INFO - [2024-10-06T02:12:19.555+0000] {dagbag.py:536} INFO - Filling up the DagBag from /home/airflow/.local/lib/python3.8/site-packages/airflow/example_dags/example_setup_teardown_taskflow.py
[2024-10-06T02:12:19.560+0000] {processor.py:839} INFO - DAG(s) dict_keys(['example_setup_teardown_taskflow']) retrieved from /home/airflow/.local/lib/python3.8/site-packages/airflow/example_dags/example_setup_teardown_taskflow.py
[2024-10-06T02:12:19.569+0000] {logging_mixin.py:154} INFO - [2024-10-06T02:12:19.569+0000] {dag.py:2941} INFO - Sync 1 DAGs
[2024-10-06T02:12:19.577+0000] {logging_mixin.py:154} INFO - [2024-10-06T02:12:19.577+0000] {dag.py:3722} INFO - Setting next_dagrun for example_setup_teardown_taskflow to 2024-10-05T02:12:19.577706+00:00, run_after=2024-10-06T02:12:19.577706+00:00
[2024-10-06T02:12:19.585+0000] {processor.py:179} INFO - Processing /home/airflow/.local/lib/python3.8/site-packages/airflow/example_dags/example_setup_teardown_taskflow.py took 0.033 seconds
[2024-10-06T02:48:46.892+0000] {processor.py:157} INFO - Started process (PID=25952) to work on /home/airflow/.local/lib/python3.8/site-packages/airflow/example_dags/example_setup_teardown_taskflow.py
[2024-10-06T02:48:46.892+0000] {processor.py:829} INFO - Processing file /home/airflow/.local/lib/python3.8/site-packages/airflow/example_dags/example_setup_teardown_taskflow.py for tasks to queue
[2024-10-06T02:48:46.894+0000] {logging_mixin.py:154} INFO - [2024-10-06T02:48:46.894+0000] {dagbag.py:536} INFO - Filling up the DagBag from /home/airflow/.local/lib/python3.8/site-packages/airflow/example_dags/example_setup_teardown_taskflow.py
[2024-10-06T02:48:46.900+0000] {processor.py:839} INFO - DAG(s) dict_keys(['example_setup_teardown_taskflow']) retrieved from /home/airflow/.local/lib/python3.8/site-packages/airflow/example_dags/example_setup_teardown_taskflow.py
[2024-10-06T02:48:46.912+0000] {logging_mixin.py:154} INFO - [2024-10-06T02:48:46.912+0000] {dag.py:2941} INFO - Sync 1 DAGs
[2024-10-06T02:48:46.923+0000] {logging_mixin.py:154} INFO - [2024-10-06T02:48:46.923+0000] {dag.py:3722} INFO - Setting next_dagrun for example_setup_teardown_taskflow to 2024-10-05T02:48:46.923201+00:00, run_after=2024-10-06T02:48:46.923201+00:00
[2024-10-06T02:48:46.931+0000] {processor.py:179} INFO - Processing /home/airflow/.local/lib/python3.8/site-packages/airflow/example_dags/example_setup_teardown_taskflow.py took 0.042 seconds
[2024-10-06T03:19:22.391+0000] {processor.py:157} INFO - Started process (PID=26006) to work on /home/airflow/.local/lib/python3.8/site-packages/airflow/example_dags/example_setup_teardown_taskflow.py
[2024-10-06T03:19:22.391+0000] {processor.py:829} INFO - Processing file /home/airflow/.local/lib/python3.8/site-packages/airflow/example_dags/example_setup_teardown_taskflow.py for tasks to queue
[2024-10-06T03:19:22.393+0000] {logging_mixin.py:154} INFO - [2024-10-06T03:19:22.393+0000] {dagbag.py:536} INFO - Filling up the DagBag from /home/airflow/.local/lib/python3.8/site-packages/airflow/example_dags/example_setup_teardown_taskflow.py
[2024-10-06T03:19:22.398+0000] {processor.py:839} INFO - DAG(s) dict_keys(['example_setup_teardown_taskflow']) retrieved from /home/airflow/.local/lib/python3.8/site-packages/airflow/example_dags/example_setup_teardown_taskflow.py
[2024-10-06T03:19:22.413+0000] {logging_mixin.py:154} INFO - [2024-10-06T03:19:22.412+0000] {dag.py:2941} INFO - Sync 1 DAGs
[2024-10-06T03:19:22.424+0000] {logging_mixin.py:154} INFO - [2024-10-06T03:19:22.424+0000] {dag.py:3722} INFO - Setting next_dagrun for example_setup_teardown_taskflow to 2024-10-05T03:19:22.424173+00:00, run_after=2024-10-06T03:19:22.424173+00:00
[2024-10-06T03:19:22.433+0000] {processor.py:179} INFO - Processing /home/airflow/.local/lib/python3.8/site-packages/airflow/example_dags/example_setup_teardown_taskflow.py took 0.045 seconds
[2024-10-06T04:34:56.040+0000] {processor.py:157} INFO - Started process (PID=26060) to work on /home/airflow/.local/lib/python3.8/site-packages/airflow/example_dags/example_setup_teardown_taskflow.py
[2024-10-06T04:34:56.041+0000] {processor.py:829} INFO - Processing file /home/airflow/.local/lib/python3.8/site-packages/airflow/example_dags/example_setup_teardown_taskflow.py for tasks to queue
[2024-10-06T04:34:56.043+0000] {logging_mixin.py:154} INFO - [2024-10-06T04:34:56.043+0000] {dagbag.py:536} INFO - Filling up the DagBag from /home/airflow/.local/lib/python3.8/site-packages/airflow/example_dags/example_setup_teardown_taskflow.py
[2024-10-06T04:34:56.049+0000] {processor.py:839} INFO - DAG(s) dict_keys(['example_setup_teardown_taskflow']) retrieved from /home/airflow/.local/lib/python3.8/site-packages/airflow/example_dags/example_setup_teardown_taskflow.py
[2024-10-06T04:34:56.064+0000] {logging_mixin.py:154} INFO - [2024-10-06T04:34:56.063+0000] {dag.py:2941} INFO - Sync 1 DAGs
[2024-10-06T04:34:56.077+0000] {logging_mixin.py:154} INFO - [2024-10-06T04:34:56.077+0000] {dag.py:3722} INFO - Setting next_dagrun for example_setup_teardown_taskflow to 2024-10-05T04:34:56.076873+00:00, run_after=2024-10-06T04:34:56.076873+00:00
[2024-10-06T04:34:56.087+0000] {processor.py:179} INFO - Processing /home/airflow/.local/lib/python3.8/site-packages/airflow/example_dags/example_setup_teardown_taskflow.py took 0.049 seconds
[2024-10-06T05:54:00.826+0000] {processor.py:157} INFO - Started process (PID=26114) to work on /home/airflow/.local/lib/python3.8/site-packages/airflow/example_dags/example_setup_teardown_taskflow.py
[2024-10-06T05:54:00.826+0000] {processor.py:829} INFO - Processing file /home/airflow/.local/lib/python3.8/site-packages/airflow/example_dags/example_setup_teardown_taskflow.py for tasks to queue
[2024-10-06T05:54:00.827+0000] {logging_mixin.py:154} INFO - [2024-10-06T05:54:00.827+0000] {dagbag.py:536} INFO - Filling up the DagBag from /home/airflow/.local/lib/python3.8/site-packages/airflow/example_dags/example_setup_teardown_taskflow.py
[2024-10-06T05:54:00.832+0000] {processor.py:839} INFO - DAG(s) dict_keys(['example_setup_teardown_taskflow']) retrieved from /home/airflow/.local/lib/python3.8/site-packages/airflow/example_dags/example_setup_teardown_taskflow.py
[2024-10-06T05:54:00.841+0000] {logging_mixin.py:154} INFO - [2024-10-06T05:54:00.841+0000] {dag.py:2941} INFO - Sync 1 DAGs
[2024-10-06T05:54:00.850+0000] {logging_mixin.py:154} INFO - [2024-10-06T05:54:00.850+0000] {dag.py:3722} INFO - Setting next_dagrun for example_setup_teardown_taskflow to 2024-10-05T05:54:00.850203+00:00, run_after=2024-10-06T05:54:00.850203+00:00
[2024-10-06T05:54:00.856+0000] {processor.py:179} INFO - Processing /home/airflow/.local/lib/python3.8/site-packages/airflow/example_dags/example_setup_teardown_taskflow.py took 0.032 seconds
[2024-10-06T06:41:06.629+0000] {processor.py:157} INFO - Started process (PID=26168) to work on /home/airflow/.local/lib/python3.8/site-packages/airflow/example_dags/example_setup_teardown_taskflow.py
[2024-10-06T06:41:06.630+0000] {processor.py:829} INFO - Processing file /home/airflow/.local/lib/python3.8/site-packages/airflow/example_dags/example_setup_teardown_taskflow.py for tasks to queue
[2024-10-06T06:41:06.631+0000] {logging_mixin.py:154} INFO - [2024-10-06T06:41:06.631+0000] {dagbag.py:536} INFO - Filling up the DagBag from /home/airflow/.local/lib/python3.8/site-packages/airflow/example_dags/example_setup_teardown_taskflow.py
[2024-10-06T06:41:06.635+0000] {processor.py:839} INFO - DAG(s) dict_keys(['example_setup_teardown_taskflow']) retrieved from /home/airflow/.local/lib/python3.8/site-packages/airflow/example_dags/example_setup_teardown_taskflow.py
[2024-10-06T06:41:06.645+0000] {logging_mixin.py:154} INFO - [2024-10-06T06:41:06.644+0000] {dag.py:2941} INFO - Sync 1 DAGs
[2024-10-06T06:41:06.653+0000] {logging_mixin.py:154} INFO - [2024-10-06T06:41:06.653+0000] {dag.py:3722} INFO - Setting next_dagrun for example_setup_teardown_taskflow to 2024-10-05T06:41:06.653034+00:00, run_after=2024-10-06T06:41:06.653034+00:00
[2024-10-06T06:41:06.659+0000] {processor.py:179} INFO - Processing /home/airflow/.local/lib/python3.8/site-packages/airflow/example_dags/example_setup_teardown_taskflow.py took 0.031 seconds
[2024-10-06T08:19:29.236+0000] {processor.py:157} INFO - Started process (PID=26222) to work on /home/airflow/.local/lib/python3.8/site-packages/airflow/example_dags/example_setup_teardown_taskflow.py
[2024-10-06T08:19:29.236+0000] {processor.py:829} INFO - Processing file /home/airflow/.local/lib/python3.8/site-packages/airflow/example_dags/example_setup_teardown_taskflow.py for tasks to queue
[2024-10-06T08:19:29.237+0000] {logging_mixin.py:154} INFO - [2024-10-06T08:19:29.237+0000] {dagbag.py:536} INFO - Filling up the DagBag from /home/airflow/.local/lib/python3.8/site-packages/airflow/example_dags/example_setup_teardown_taskflow.py
[2024-10-06T08:19:29.243+0000] {processor.py:839} INFO - DAG(s) dict_keys(['example_setup_teardown_taskflow']) retrieved from /home/airflow/.local/lib/python3.8/site-packages/airflow/example_dags/example_setup_teardown_taskflow.py
[2024-10-06T08:19:29.256+0000] {logging_mixin.py:154} INFO - [2024-10-06T08:19:29.255+0000] {dag.py:2941} INFO - Sync 1 DAGs
[2024-10-06T08:19:29.267+0000] {logging_mixin.py:154} INFO - [2024-10-06T08:19:29.267+0000] {dag.py:3722} INFO - Setting next_dagrun for example_setup_teardown_taskflow to 2024-10-05T08:19:29.267559+00:00, run_after=2024-10-06T08:19:29.267559+00:00
[2024-10-06T08:19:29.276+0000] {processor.py:179} INFO - Processing /home/airflow/.local/lib/python3.8/site-packages/airflow/example_dags/example_setup_teardown_taskflow.py took 0.043 seconds
[2024-10-06T09:31:45.334+0000] {processor.py:157} INFO - Started process (PID=26276) to work on /home/airflow/.local/lib/python3.8/site-packages/airflow/example_dags/example_setup_teardown_taskflow.py
[2024-10-06T09:31:45.334+0000] {processor.py:829} INFO - Processing file /home/airflow/.local/lib/python3.8/site-packages/airflow/example_dags/example_setup_teardown_taskflow.py for tasks to queue
[2024-10-06T09:31:45.336+0000] {logging_mixin.py:154} INFO - [2024-10-06T09:31:45.335+0000] {dagbag.py:536} INFO - Filling up the DagBag from /home/airflow/.local/lib/python3.8/site-packages/airflow/example_dags/example_setup_teardown_taskflow.py
[2024-10-06T09:31:45.341+0000] {processor.py:839} INFO - DAG(s) dict_keys(['example_setup_teardown_taskflow']) retrieved from /home/airflow/.local/lib/python3.8/site-packages/airflow/example_dags/example_setup_teardown_taskflow.py
[2024-10-06T09:31:45.351+0000] {logging_mixin.py:154} INFO - [2024-10-06T09:31:45.350+0000] {dag.py:2941} INFO - Sync 1 DAGs
[2024-10-06T09:31:45.359+0000] {logging_mixin.py:154} INFO - [2024-10-06T09:31:45.359+0000] {dag.py:3722} INFO - Setting next_dagrun for example_setup_teardown_taskflow to 2024-10-05T09:31:45.359805+00:00, run_after=2024-10-06T09:31:45.359805+00:00
[2024-10-06T09:31:45.366+0000] {processor.py:179} INFO - Processing /home/airflow/.local/lib/python3.8/site-packages/airflow/example_dags/example_setup_teardown_taskflow.py took 0.034 seconds
[2024-10-06T10:45:25.068+0000] {processor.py:157} INFO - Started process (PID=26330) to work on /home/airflow/.local/lib/python3.8/site-packages/airflow/example_dags/example_setup_teardown_taskflow.py
[2024-10-06T10:45:25.069+0000] {processor.py:829} INFO - Processing file /home/airflow/.local/lib/python3.8/site-packages/airflow/example_dags/example_setup_teardown_taskflow.py for tasks to queue
[2024-10-06T10:45:25.070+0000] {logging_mixin.py:154} INFO - [2024-10-06T10:45:25.070+0000] {dagbag.py:536} INFO - Filling up the DagBag from /home/airflow/.local/lib/python3.8/site-packages/airflow/example_dags/example_setup_teardown_taskflow.py
[2024-10-06T10:45:25.076+0000] {processor.py:839} INFO - DAG(s) dict_keys(['example_setup_teardown_taskflow']) retrieved from /home/airflow/.local/lib/python3.8/site-packages/airflow/example_dags/example_setup_teardown_taskflow.py
[2024-10-06T10:45:25.088+0000] {logging_mixin.py:154} INFO - [2024-10-06T10:45:25.088+0000] {dag.py:2941} INFO - Sync 1 DAGs
[2024-10-06T10:45:25.099+0000] {logging_mixin.py:154} INFO - [2024-10-06T10:45:25.099+0000] {dag.py:3722} INFO - Setting next_dagrun for example_setup_teardown_taskflow to 2024-10-05T10:45:25.099673+00:00, run_after=2024-10-06T10:45:25.099673+00:00
[2024-10-06T10:45:25.109+0000] {processor.py:179} INFO - Processing /home/airflow/.local/lib/python3.8/site-packages/airflow/example_dags/example_setup_teardown_taskflow.py took 0.044 seconds
[2024-10-06T11:46:25.589+0000] {processor.py:157} INFO - Started process (PID=26384) to work on /home/airflow/.local/lib/python3.8/site-packages/airflow/example_dags/example_setup_teardown_taskflow.py
[2024-10-06T11:46:25.590+0000] {processor.py:829} INFO - Processing file /home/airflow/.local/lib/python3.8/site-packages/airflow/example_dags/example_setup_teardown_taskflow.py for tasks to queue
[2024-10-06T11:46:25.592+0000] {logging_mixin.py:154} INFO - [2024-10-06T11:46:25.591+0000] {dagbag.py:536} INFO - Filling up the DagBag from /home/airflow/.local/lib/python3.8/site-packages/airflow/example_dags/example_setup_teardown_taskflow.py
[2024-10-06T11:46:25.597+0000] {processor.py:839} INFO - DAG(s) dict_keys(['example_setup_teardown_taskflow']) retrieved from /home/airflow/.local/lib/python3.8/site-packages/airflow/example_dags/example_setup_teardown_taskflow.py
[2024-10-06T11:46:25.610+0000] {logging_mixin.py:154} INFO - [2024-10-06T11:46:25.610+0000] {dag.py:2941} INFO - Sync 1 DAGs
[2024-10-06T11:46:25.622+0000] {logging_mixin.py:154} INFO - [2024-10-06T11:46:25.622+0000] {dag.py:3722} INFO - Setting next_dagrun for example_setup_teardown_taskflow to 2024-10-05T11:46:25.622555+00:00, run_after=2024-10-06T11:46:25.622555+00:00
[2024-10-06T11:46:25.632+0000] {processor.py:179} INFO - Processing /home/airflow/.local/lib/python3.8/site-packages/airflow/example_dags/example_setup_teardown_taskflow.py took 0.045 seconds
[2024-10-06T12:33:57.179+0000] {processor.py:157} INFO - Started process (PID=26438) to work on /home/airflow/.local/lib/python3.8/site-packages/airflow/example_dags/example_setup_teardown_taskflow.py
[2024-10-06T12:33:57.180+0000] {processor.py:829} INFO - Processing file /home/airflow/.local/lib/python3.8/site-packages/airflow/example_dags/example_setup_teardown_taskflow.py for tasks to queue
[2024-10-06T12:33:57.182+0000] {logging_mixin.py:154} INFO - [2024-10-06T12:33:57.182+0000] {dagbag.py:536} INFO - Filling up the DagBag from /home/airflow/.local/lib/python3.8/site-packages/airflow/example_dags/example_setup_teardown_taskflow.py
[2024-10-06T12:33:57.188+0000] {processor.py:839} INFO - DAG(s) dict_keys(['example_setup_teardown_taskflow']) retrieved from /home/airflow/.local/lib/python3.8/site-packages/airflow/example_dags/example_setup_teardown_taskflow.py
[2024-10-06T12:33:57.200+0000] {logging_mixin.py:154} INFO - [2024-10-06T12:33:57.199+0000] {dag.py:2941} INFO - Sync 1 DAGs
[2024-10-06T12:33:57.208+0000] {logging_mixin.py:154} INFO - [2024-10-06T12:33:57.208+0000] {dag.py:3722} INFO - Setting next_dagrun for example_setup_teardown_taskflow to 2024-10-05T12:33:57.208531+00:00, run_after=2024-10-06T12:33:57.208531+00:00
[2024-10-06T12:33:57.215+0000] {processor.py:179} INFO - Processing /home/airflow/.local/lib/python3.8/site-packages/airflow/example_dags/example_setup_teardown_taskflow.py took 0.038 seconds
[2024-10-06T13:17:27.739+0000] {processor.py:157} INFO - Started process (PID=26492) to work on /home/airflow/.local/lib/python3.8/site-packages/airflow/example_dags/example_setup_teardown_taskflow.py
[2024-10-06T13:17:27.739+0000] {processor.py:829} INFO - Processing file /home/airflow/.local/lib/python3.8/site-packages/airflow/example_dags/example_setup_teardown_taskflow.py for tasks to queue
[2024-10-06T13:17:27.741+0000] {logging_mixin.py:154} INFO - [2024-10-06T13:17:27.741+0000] {dagbag.py:536} INFO - Filling up the DagBag from /home/airflow/.local/lib/python3.8/site-packages/airflow/example_dags/example_setup_teardown_taskflow.py
[2024-10-06T13:17:27.746+0000] {processor.py:839} INFO - DAG(s) dict_keys(['example_setup_teardown_taskflow']) retrieved from /home/airflow/.local/lib/python3.8/site-packages/airflow/example_dags/example_setup_teardown_taskflow.py
[2024-10-06T13:17:27.758+0000] {logging_mixin.py:154} INFO - [2024-10-06T13:17:27.758+0000] {dag.py:2941} INFO - Sync 1 DAGs
[2024-10-06T13:17:27.769+0000] {logging_mixin.py:154} INFO - [2024-10-06T13:17:27.769+0000] {dag.py:3722} INFO - Setting next_dagrun for example_setup_teardown_taskflow to 2024-10-05T13:17:27.769484+00:00, run_after=2024-10-06T13:17:27.769484+00:00
[2024-10-06T13:17:27.778+0000] {processor.py:179} INFO - Processing /home/airflow/.local/lib/python3.8/site-packages/airflow/example_dags/example_setup_teardown_taskflow.py took 0.041 seconds
[2024-10-06T14:49:26.202+0000] {processor.py:157} INFO - Started process (PID=26546) to work on /home/airflow/.local/lib/python3.8/site-packages/airflow/example_dags/example_setup_teardown_taskflow.py
[2024-10-06T14:49:26.202+0000] {processor.py:829} INFO - Processing file /home/airflow/.local/lib/python3.8/site-packages/airflow/example_dags/example_setup_teardown_taskflow.py for tasks to queue
[2024-10-06T14:49:26.204+0000] {logging_mixin.py:154} INFO - [2024-10-06T14:49:26.204+0000] {dagbag.py:536} INFO - Filling up the DagBag from /home/airflow/.local/lib/python3.8/site-packages/airflow/example_dags/example_setup_teardown_taskflow.py
[2024-10-06T14:49:26.210+0000] {processor.py:839} INFO - DAG(s) dict_keys(['example_setup_teardown_taskflow']) retrieved from /home/airflow/.local/lib/python3.8/site-packages/airflow/example_dags/example_setup_teardown_taskflow.py
[2024-10-06T14:49:26.224+0000] {logging_mixin.py:154} INFO - [2024-10-06T14:49:26.224+0000] {dag.py:2941} INFO - Sync 1 DAGs
[2024-10-06T14:49:26.238+0000] {logging_mixin.py:154} INFO - [2024-10-06T14:49:26.238+0000] {dag.py:3722} INFO - Setting next_dagrun for example_setup_teardown_taskflow to 2024-10-05T14:49:26.238273+00:00, run_after=2024-10-06T14:49:26.238273+00:00
[2024-10-06T14:49:26.249+0000] {processor.py:179} INFO - Processing /home/airflow/.local/lib/python3.8/site-packages/airflow/example_dags/example_setup_teardown_taskflow.py took 0.050 seconds
[2024-10-06T15:50:30.360+0000] {processor.py:157} INFO - Started process (PID=26600) to work on /home/airflow/.local/lib/python3.8/site-packages/airflow/example_dags/example_setup_teardown_taskflow.py
[2024-10-06T15:50:30.360+0000] {processor.py:829} INFO - Processing file /home/airflow/.local/lib/python3.8/site-packages/airflow/example_dags/example_setup_teardown_taskflow.py for tasks to queue
[2024-10-06T15:50:30.362+0000] {logging_mixin.py:154} INFO - [2024-10-06T15:50:30.362+0000] {dagbag.py:536} INFO - Filling up the DagBag from /home/airflow/.local/lib/python3.8/site-packages/airflow/example_dags/example_setup_teardown_taskflow.py
[2024-10-06T15:50:30.367+0000] {processor.py:839} INFO - DAG(s) dict_keys(['example_setup_teardown_taskflow']) retrieved from /home/airflow/.local/lib/python3.8/site-packages/airflow/example_dags/example_setup_teardown_taskflow.py
[2024-10-06T15:50:30.381+0000] {logging_mixin.py:154} INFO - [2024-10-06T15:50:30.380+0000] {dag.py:2941} INFO - Sync 1 DAGs
[2024-10-06T15:50:30.393+0000] {logging_mixin.py:154} INFO - [2024-10-06T15:50:30.393+0000] {dag.py:3722} INFO - Setting next_dagrun for example_setup_teardown_taskflow to 2024-10-05T15:50:30.392899+00:00, run_after=2024-10-06T15:50:30.392899+00:00
[2024-10-06T15:50:30.403+0000] {processor.py:179} INFO - Processing /home/airflow/.local/lib/python3.8/site-packages/airflow/example_dags/example_setup_teardown_taskflow.py took 0.045 seconds
[2024-10-06T16:11:23.448+0000] {processor.py:157} INFO - Started process (PID=26654) to work on /home/airflow/.local/lib/python3.8/site-packages/airflow/example_dags/example_setup_teardown_taskflow.py
[2024-10-06T16:11:23.449+0000] {processor.py:829} INFO - Processing file /home/airflow/.local/lib/python3.8/site-packages/airflow/example_dags/example_setup_teardown_taskflow.py for tasks to queue
[2024-10-06T16:11:23.451+0000] {logging_mixin.py:154} INFO - [2024-10-06T16:11:23.451+0000] {dagbag.py:536} INFO - Filling up the DagBag from /home/airflow/.local/lib/python3.8/site-packages/airflow/example_dags/example_setup_teardown_taskflow.py
[2024-10-06T16:11:23.457+0000] {processor.py:839} INFO - DAG(s) dict_keys(['example_setup_teardown_taskflow']) retrieved from /home/airflow/.local/lib/python3.8/site-packages/airflow/example_dags/example_setup_teardown_taskflow.py
[2024-10-06T16:11:23.471+0000] {logging_mixin.py:154} INFO - [2024-10-06T16:11:23.471+0000] {dag.py:2941} INFO - Sync 1 DAGs
[2024-10-06T16:11:23.484+0000] {logging_mixin.py:154} INFO - [2024-10-06T16:11:23.484+0000] {dag.py:3722} INFO - Setting next_dagrun for example_setup_teardown_taskflow to 2024-10-05T16:11:23.484200+00:00, run_after=2024-10-06T16:11:23.484200+00:00
[2024-10-06T16:11:23.494+0000] {processor.py:179} INFO - Processing /home/airflow/.local/lib/python3.8/site-packages/airflow/example_dags/example_setup_teardown_taskflow.py took 0.048 seconds
[2024-10-06T16:17:00.374+0000] {processor.py:157} INFO - Started process (PID=26708) to work on /home/airflow/.local/lib/python3.8/site-packages/airflow/example_dags/example_setup_teardown_taskflow.py
[2024-10-06T16:17:00.375+0000] {processor.py:829} INFO - Processing file /home/airflow/.local/lib/python3.8/site-packages/airflow/example_dags/example_setup_teardown_taskflow.py for tasks to queue
[2024-10-06T16:17:00.377+0000] {logging_mixin.py:154} INFO - [2024-10-06T16:17:00.377+0000] {dagbag.py:536} INFO - Filling up the DagBag from /home/airflow/.local/lib/python3.8/site-packages/airflow/example_dags/example_setup_teardown_taskflow.py
[2024-10-06T16:17:00.383+0000] {processor.py:839} INFO - DAG(s) dict_keys(['example_setup_teardown_taskflow']) retrieved from /home/airflow/.local/lib/python3.8/site-packages/airflow/example_dags/example_setup_teardown_taskflow.py
[2024-10-06T16:17:00.397+0000] {logging_mixin.py:154} INFO - [2024-10-06T16:17:00.396+0000] {dag.py:2941} INFO - Sync 1 DAGs
[2024-10-06T16:17:00.409+0000] {logging_mixin.py:154} INFO - [2024-10-06T16:17:00.409+0000] {dag.py:3722} INFO - Setting next_dagrun for example_setup_teardown_taskflow to 2024-10-05T16:17:00.409373+00:00, run_after=2024-10-06T16:17:00.409373+00:00
[2024-10-06T16:17:00.420+0000] {processor.py:179} INFO - Processing /home/airflow/.local/lib/python3.8/site-packages/airflow/example_dags/example_setup_teardown_taskflow.py took 0.048 seconds
[2024-10-06T17:25:37.272+0000] {processor.py:157} INFO - Started process (PID=26762) to work on /home/airflow/.local/lib/python3.8/site-packages/airflow/example_dags/example_setup_teardown_taskflow.py
[2024-10-06T17:25:37.272+0000] {processor.py:829} INFO - Processing file /home/airflow/.local/lib/python3.8/site-packages/airflow/example_dags/example_setup_teardown_taskflow.py for tasks to queue
[2024-10-06T17:25:37.274+0000] {logging_mixin.py:154} INFO - [2024-10-06T17:25:37.274+0000] {dagbag.py:536} INFO - Filling up the DagBag from /home/airflow/.local/lib/python3.8/site-packages/airflow/example_dags/example_setup_teardown_taskflow.py
[2024-10-06T17:25:37.280+0000] {processor.py:839} INFO - DAG(s) dict_keys(['example_setup_teardown_taskflow']) retrieved from /home/airflow/.local/lib/python3.8/site-packages/airflow/example_dags/example_setup_teardown_taskflow.py
[2024-10-06T17:25:37.294+0000] {logging_mixin.py:154} INFO - [2024-10-06T17:25:37.293+0000] {dag.py:2941} INFO - Sync 1 DAGs
[2024-10-06T17:25:37.306+0000] {logging_mixin.py:154} INFO - [2024-10-06T17:25:37.306+0000] {dag.py:3722} INFO - Setting next_dagrun for example_setup_teardown_taskflow to 2024-10-05T17:25:37.306431+00:00, run_after=2024-10-06T17:25:37.306431+00:00
[2024-10-06T17:25:37.319+0000] {processor.py:179} INFO - Processing /home/airflow/.local/lib/python3.8/site-packages/airflow/example_dags/example_setup_teardown_taskflow.py took 0.049 seconds
[2024-10-06T17:48:09.668+0000] {processor.py:157} INFO - Started process (PID=26816) to work on /home/airflow/.local/lib/python3.8/site-packages/airflow/example_dags/example_setup_teardown_taskflow.py
[2024-10-06T17:48:09.668+0000] {processor.py:829} INFO - Processing file /home/airflow/.local/lib/python3.8/site-packages/airflow/example_dags/example_setup_teardown_taskflow.py for tasks to queue
[2024-10-06T17:48:09.670+0000] {logging_mixin.py:154} INFO - [2024-10-06T17:48:09.670+0000] {dagbag.py:536} INFO - Filling up the DagBag from /home/airflow/.local/lib/python3.8/site-packages/airflow/example_dags/example_setup_teardown_taskflow.py
[2024-10-06T17:48:09.675+0000] {processor.py:839} INFO - DAG(s) dict_keys(['example_setup_teardown_taskflow']) retrieved from /home/airflow/.local/lib/python3.8/site-packages/airflow/example_dags/example_setup_teardown_taskflow.py
[2024-10-06T17:48:09.688+0000] {logging_mixin.py:154} INFO - [2024-10-06T17:48:09.688+0000] {dag.py:2941} INFO - Sync 1 DAGs
[2024-10-06T17:48:09.700+0000] {logging_mixin.py:154} INFO - [2024-10-06T17:48:09.699+0000] {dag.py:3722} INFO - Setting next_dagrun for example_setup_teardown_taskflow to 2024-10-05T17:48:09.699753+00:00, run_after=2024-10-06T17:48:09.699753+00:00
[2024-10-06T17:48:09.708+0000] {processor.py:179} INFO - Processing /home/airflow/.local/lib/python3.8/site-packages/airflow/example_dags/example_setup_teardown_taskflow.py took 0.043 seconds
[2024-10-06T18:17:57.988+0000] {processor.py:157} INFO - Started process (PID=26870) to work on /home/airflow/.local/lib/python3.8/site-packages/airflow/example_dags/example_setup_teardown_taskflow.py
[2024-10-06T18:17:57.989+0000] {processor.py:829} INFO - Processing file /home/airflow/.local/lib/python3.8/site-packages/airflow/example_dags/example_setup_teardown_taskflow.py for tasks to queue
[2024-10-06T18:17:57.990+0000] {logging_mixin.py:154} INFO - [2024-10-06T18:17:57.989+0000] {dagbag.py:536} INFO - Filling up the DagBag from /home/airflow/.local/lib/python3.8/site-packages/airflow/example_dags/example_setup_teardown_taskflow.py
[2024-10-06T18:17:57.994+0000] {processor.py:839} INFO - DAG(s) dict_keys(['example_setup_teardown_taskflow']) retrieved from /home/airflow/.local/lib/python3.8/site-packages/airflow/example_dags/example_setup_teardown_taskflow.py
[2024-10-06T18:17:58.004+0000] {logging_mixin.py:154} INFO - [2024-10-06T18:17:58.004+0000] {dag.py:2941} INFO - Sync 1 DAGs
[2024-10-06T18:17:58.013+0000] {logging_mixin.py:154} INFO - [2024-10-06T18:17:58.012+0000] {dag.py:3722} INFO - Setting next_dagrun for example_setup_teardown_taskflow to 2024-10-05T18:17:58.012850+00:00, run_after=2024-10-06T18:17:58.012850+00:00
[2024-10-06T18:17:58.019+0000] {processor.py:179} INFO - Processing /home/airflow/.local/lib/python3.8/site-packages/airflow/example_dags/example_setup_teardown_taskflow.py took 0.032 seconds
[2024-10-06T19:43:22.552+0000] {processor.py:157} INFO - Started process (PID=26924) to work on /home/airflow/.local/lib/python3.8/site-packages/airflow/example_dags/example_setup_teardown_taskflow.py
[2024-10-06T19:43:22.553+0000] {processor.py:829} INFO - Processing file /home/airflow/.local/lib/python3.8/site-packages/airflow/example_dags/example_setup_teardown_taskflow.py for tasks to queue
[2024-10-06T19:43:22.555+0000] {logging_mixin.py:154} INFO - [2024-10-06T19:43:22.555+0000] {dagbag.py:536} INFO - Filling up the DagBag from /home/airflow/.local/lib/python3.8/site-packages/airflow/example_dags/example_setup_teardown_taskflow.py
[2024-10-06T19:43:22.560+0000] {processor.py:839} INFO - DAG(s) dict_keys(['example_setup_teardown_taskflow']) retrieved from /home/airflow/.local/lib/python3.8/site-packages/airflow/example_dags/example_setup_teardown_taskflow.py
[2024-10-06T19:43:22.573+0000] {logging_mixin.py:154} INFO - [2024-10-06T19:43:22.573+0000] {dag.py:2941} INFO - Sync 1 DAGs
[2024-10-06T19:43:22.584+0000] {logging_mixin.py:154} INFO - [2024-10-06T19:43:22.584+0000] {dag.py:3722} INFO - Setting next_dagrun for example_setup_teardown_taskflow to 2024-10-05T19:43:22.584403+00:00, run_after=2024-10-06T19:43:22.584403+00:00
[2024-10-06T19:43:22.594+0000] {processor.py:179} INFO - Processing /home/airflow/.local/lib/python3.8/site-packages/airflow/example_dags/example_setup_teardown_taskflow.py took 0.044 seconds
[2024-10-06T20:31:09.705+0000] {processor.py:157} INFO - Started process (PID=26978) to work on /home/airflow/.local/lib/python3.8/site-packages/airflow/example_dags/example_setup_teardown_taskflow.py
[2024-10-06T20:31:09.705+0000] {processor.py:829} INFO - Processing file /home/airflow/.local/lib/python3.8/site-packages/airflow/example_dags/example_setup_teardown_taskflow.py for tasks to queue
[2024-10-06T20:31:09.706+0000] {logging_mixin.py:154} INFO - [2024-10-06T20:31:09.706+0000] {dagbag.py:536} INFO - Filling up the DagBag from /home/airflow/.local/lib/python3.8/site-packages/airflow/example_dags/example_setup_teardown_taskflow.py
[2024-10-06T20:31:09.711+0000] {processor.py:839} INFO - DAG(s) dict_keys(['example_setup_teardown_taskflow']) retrieved from /home/airflow/.local/lib/python3.8/site-packages/airflow/example_dags/example_setup_teardown_taskflow.py
[2024-10-06T20:31:09.720+0000] {logging_mixin.py:154} INFO - [2024-10-06T20:31:09.720+0000] {dag.py:2941} INFO - Sync 1 DAGs
[2024-10-06T20:31:09.728+0000] {logging_mixin.py:154} INFO - [2024-10-06T20:31:09.728+0000] {dag.py:3722} INFO - Setting next_dagrun for example_setup_teardown_taskflow to 2024-10-05T20:31:09.728425+00:00, run_after=2024-10-06T20:31:09.728425+00:00
[2024-10-06T20:31:09.735+0000] {processor.py:179} INFO - Processing /home/airflow/.local/lib/python3.8/site-packages/airflow/example_dags/example_setup_teardown_taskflow.py took 0.031 seconds
[2024-10-06T20:40:14.630+0000] {processor.py:157} INFO - Started process (PID=27032) to work on /home/airflow/.local/lib/python3.8/site-packages/airflow/example_dags/example_setup_teardown_taskflow.py
[2024-10-06T20:40:14.630+0000] {processor.py:829} INFO - Processing file /home/airflow/.local/lib/python3.8/site-packages/airflow/example_dags/example_setup_teardown_taskflow.py for tasks to queue
[2024-10-06T20:40:14.631+0000] {logging_mixin.py:154} INFO - [2024-10-06T20:40:14.631+0000] {dagbag.py:536} INFO - Filling up the DagBag from /home/airflow/.local/lib/python3.8/site-packages/airflow/example_dags/example_setup_teardown_taskflow.py
[2024-10-06T20:40:14.640+0000] {processor.py:839} INFO - DAG(s) dict_keys(['example_setup_teardown_taskflow']) retrieved from /home/airflow/.local/lib/python3.8/site-packages/airflow/example_dags/example_setup_teardown_taskflow.py
[2024-10-06T20:40:14.653+0000] {logging_mixin.py:154} INFO - [2024-10-06T20:40:14.652+0000] {dag.py:2941} INFO - Sync 1 DAGs
[2024-10-06T20:40:14.663+0000] {logging_mixin.py:154} INFO - [2024-10-06T20:40:14.663+0000] {dag.py:3722} INFO - Setting next_dagrun for example_setup_teardown_taskflow to 2024-10-05T20:40:14.663260+00:00, run_after=2024-10-06T20:40:14.663260+00:00
[2024-10-06T20:40:14.672+0000] {processor.py:179} INFO - Processing /home/airflow/.local/lib/python3.8/site-packages/airflow/example_dags/example_setup_teardown_taskflow.py took 0.044 seconds
[2024-10-06T20:43:24.992+0000] {processor.py:157} INFO - Started process (PID=27086) to work on /home/airflow/.local/lib/python3.8/site-packages/airflow/example_dags/example_setup_teardown_taskflow.py
[2024-10-06T20:43:24.992+0000] {processor.py:829} INFO - Processing file /home/airflow/.local/lib/python3.8/site-packages/airflow/example_dags/example_setup_teardown_taskflow.py for tasks to queue
[2024-10-06T20:43:24.993+0000] {logging_mixin.py:154} INFO - [2024-10-06T20:43:24.993+0000] {dagbag.py:536} INFO - Filling up the DagBag from /home/airflow/.local/lib/python3.8/site-packages/airflow/example_dags/example_setup_teardown_taskflow.py
[2024-10-06T20:43:24.997+0000] {processor.py:839} INFO - DAG(s) dict_keys(['example_setup_teardown_taskflow']) retrieved from /home/airflow/.local/lib/python3.8/site-packages/airflow/example_dags/example_setup_teardown_taskflow.py
[2024-10-06T20:43:25.006+0000] {logging_mixin.py:154} INFO - [2024-10-06T20:43:25.006+0000] {dag.py:2941} INFO - Sync 1 DAGs
[2024-10-06T20:43:25.014+0000] {logging_mixin.py:154} INFO - [2024-10-06T20:43:25.014+0000] {dag.py:3722} INFO - Setting next_dagrun for example_setup_teardown_taskflow to 2024-10-05T20:43:25.014704+00:00, run_after=2024-10-06T20:43:25.014704+00:00
[2024-10-06T20:43:25.021+0000] {processor.py:179} INFO - Processing /home/airflow/.local/lib/python3.8/site-packages/airflow/example_dags/example_setup_teardown_taskflow.py took 0.031 seconds
[2024-10-06T21:12:03.209+0000] {processor.py:157} INFO - Started process (PID=27140) to work on /home/airflow/.local/lib/python3.8/site-packages/airflow/example_dags/example_setup_teardown_taskflow.py
[2024-10-06T21:12:03.210+0000] {processor.py:829} INFO - Processing file /home/airflow/.local/lib/python3.8/site-packages/airflow/example_dags/example_setup_teardown_taskflow.py for tasks to queue
[2024-10-06T21:12:03.212+0000] {logging_mixin.py:154} INFO - [2024-10-06T21:12:03.212+0000] {dagbag.py:536} INFO - Filling up the DagBag from /home/airflow/.local/lib/python3.8/site-packages/airflow/example_dags/example_setup_teardown_taskflow.py
[2024-10-06T21:12:03.217+0000] {processor.py:839} INFO - DAG(s) dict_keys(['example_setup_teardown_taskflow']) retrieved from /home/airflow/.local/lib/python3.8/site-packages/airflow/example_dags/example_setup_teardown_taskflow.py
[2024-10-06T21:12:03.230+0000] {logging_mixin.py:154} INFO - [2024-10-06T21:12:03.230+0000] {dag.py:2941} INFO - Sync 1 DAGs
[2024-10-06T21:12:03.242+0000] {logging_mixin.py:154} INFO - [2024-10-06T21:12:03.242+0000] {dag.py:3722} INFO - Setting next_dagrun for example_setup_teardown_taskflow to 2024-10-05T21:12:03.242418+00:00, run_after=2024-10-06T21:12:03.242418+00:00
[2024-10-06T21:12:03.252+0000] {processor.py:179} INFO - Processing /home/airflow/.local/lib/python3.8/site-packages/airflow/example_dags/example_setup_teardown_taskflow.py took 0.045 seconds
[2024-10-06T21:13:26.044+0000] {processor.py:157} INFO - Started process (PID=27194) to work on /home/airflow/.local/lib/python3.8/site-packages/airflow/example_dags/example_setup_teardown_taskflow.py
[2024-10-06T21:13:26.045+0000] {processor.py:829} INFO - Processing file /home/airflow/.local/lib/python3.8/site-packages/airflow/example_dags/example_setup_teardown_taskflow.py for tasks to queue
[2024-10-06T21:13:26.046+0000] {logging_mixin.py:154} INFO - [2024-10-06T21:13:26.046+0000] {dagbag.py:536} INFO - Filling up the DagBag from /home/airflow/.local/lib/python3.8/site-packages/airflow/example_dags/example_setup_teardown_taskflow.py
[2024-10-06T21:13:26.050+0000] {processor.py:839} INFO - DAG(s) dict_keys(['example_setup_teardown_taskflow']) retrieved from /home/airflow/.local/lib/python3.8/site-packages/airflow/example_dags/example_setup_teardown_taskflow.py
[2024-10-06T21:13:26.060+0000] {logging_mixin.py:154} INFO - [2024-10-06T21:13:26.059+0000] {dag.py:2941} INFO - Sync 1 DAGs
[2024-10-06T21:13:26.067+0000] {logging_mixin.py:154} INFO - [2024-10-06T21:13:26.067+0000] {dag.py:3722} INFO - Setting next_dagrun for example_setup_teardown_taskflow to 2024-10-05T21:13:26.067858+00:00, run_after=2024-10-06T21:13:26.067858+00:00
[2024-10-06T21:13:26.074+0000] {processor.py:179} INFO - Processing /home/airflow/.local/lib/python3.8/site-packages/airflow/example_dags/example_setup_teardown_taskflow.py took 0.031 seconds
[2024-10-06T21:24:00.152+0000] {processor.py:157} INFO - Started process (PID=27248) to work on /home/airflow/.local/lib/python3.8/site-packages/airflow/example_dags/example_setup_teardown_taskflow.py
[2024-10-06T21:24:00.152+0000] {processor.py:829} INFO - Processing file /home/airflow/.local/lib/python3.8/site-packages/airflow/example_dags/example_setup_teardown_taskflow.py for tasks to queue
[2024-10-06T21:24:00.153+0000] {logging_mixin.py:154} INFO - [2024-10-06T21:24:00.153+0000] {dagbag.py:536} INFO - Filling up the DagBag from /home/airflow/.local/lib/python3.8/site-packages/airflow/example_dags/example_setup_teardown_taskflow.py
[2024-10-06T21:24:00.157+0000] {processor.py:839} INFO - DAG(s) dict_keys(['example_setup_teardown_taskflow']) retrieved from /home/airflow/.local/lib/python3.8/site-packages/airflow/example_dags/example_setup_teardown_taskflow.py
[2024-10-06T21:24:00.167+0000] {logging_mixin.py:154} INFO - [2024-10-06T21:24:00.167+0000] {dag.py:2941} INFO - Sync 1 DAGs
[2024-10-06T21:24:00.175+0000] {logging_mixin.py:154} INFO - [2024-10-06T21:24:00.175+0000] {dag.py:3722} INFO - Setting next_dagrun for example_setup_teardown_taskflow to 2024-10-05T21:24:00.175069+00:00, run_after=2024-10-06T21:24:00.175069+00:00
[2024-10-06T21:24:00.181+0000] {processor.py:179} INFO - Processing /home/airflow/.local/lib/python3.8/site-packages/airflow/example_dags/example_setup_teardown_taskflow.py took 0.031 seconds
[2024-10-06T22:02:21.851+0000] {processor.py:157} INFO - Started process (PID=27302) to work on /home/airflow/.local/lib/python3.8/site-packages/airflow/example_dags/example_setup_teardown_taskflow.py
[2024-10-06T22:02:21.851+0000] {processor.py:829} INFO - Processing file /home/airflow/.local/lib/python3.8/site-packages/airflow/example_dags/example_setup_teardown_taskflow.py for tasks to queue
[2024-10-06T22:02:21.853+0000] {logging_mixin.py:154} INFO - [2024-10-06T22:02:21.852+0000] {dagbag.py:536} INFO - Filling up the DagBag from /home/airflow/.local/lib/python3.8/site-packages/airflow/example_dags/example_setup_teardown_taskflow.py
[2024-10-06T22:02:21.857+0000] {processor.py:839} INFO - DAG(s) dict_keys(['example_setup_teardown_taskflow']) retrieved from /home/airflow/.local/lib/python3.8/site-packages/airflow/example_dags/example_setup_teardown_taskflow.py
[2024-10-06T22:02:21.866+0000] {logging_mixin.py:154} INFO - [2024-10-06T22:02:21.866+0000] {dag.py:2941} INFO - Sync 1 DAGs
[2024-10-06T22:02:21.875+0000] {logging_mixin.py:154} INFO - [2024-10-06T22:02:21.875+0000] {dag.py:3722} INFO - Setting next_dagrun for example_setup_teardown_taskflow to 2024-10-05T22:02:21.875042+00:00, run_after=2024-10-06T22:02:21.875042+00:00
[2024-10-06T22:02:21.881+0000] {processor.py:179} INFO - Processing /home/airflow/.local/lib/python3.8/site-packages/airflow/example_dags/example_setup_teardown_taskflow.py took 0.032 seconds
[2024-10-06T22:28:54.835+0000] {processor.py:157} INFO - Started process (PID=27356) to work on /home/airflow/.local/lib/python3.8/site-packages/airflow/example_dags/example_setup_teardown_taskflow.py
[2024-10-06T22:28:54.836+0000] {processor.py:829} INFO - Processing file /home/airflow/.local/lib/python3.8/site-packages/airflow/example_dags/example_setup_teardown_taskflow.py for tasks to queue
[2024-10-06T22:28:54.837+0000] {logging_mixin.py:154} INFO - [2024-10-06T22:28:54.837+0000] {dagbag.py:536} INFO - Filling up the DagBag from /home/airflow/.local/lib/python3.8/site-packages/airflow/example_dags/example_setup_teardown_taskflow.py
[2024-10-06T22:28:54.842+0000] {processor.py:839} INFO - DAG(s) dict_keys(['example_setup_teardown_taskflow']) retrieved from /home/airflow/.local/lib/python3.8/site-packages/airflow/example_dags/example_setup_teardown_taskflow.py
[2024-10-06T22:28:54.852+0000] {logging_mixin.py:154} INFO - [2024-10-06T22:28:54.852+0000] {dag.py:2941} INFO - Sync 1 DAGs
[2024-10-06T22:28:54.862+0000] {logging_mixin.py:154} INFO - [2024-10-06T22:28:54.862+0000] {dag.py:3722} INFO - Setting next_dagrun for example_setup_teardown_taskflow to 2024-10-05T22:28:54.861868+00:00, run_after=2024-10-06T22:28:54.861868+00:00
[2024-10-06T22:28:54.869+0000] {processor.py:179} INFO - Processing /home/airflow/.local/lib/python3.8/site-packages/airflow/example_dags/example_setup_teardown_taskflow.py took 0.035 seconds
[2024-10-06T22:59:44.323+0000] {processor.py:157} INFO - Started process (PID=27410) to work on /home/airflow/.local/lib/python3.8/site-packages/airflow/example_dags/example_setup_teardown_taskflow.py
[2024-10-06T22:59:44.324+0000] {processor.py:829} INFO - Processing file /home/airflow/.local/lib/python3.8/site-packages/airflow/example_dags/example_setup_teardown_taskflow.py for tasks to queue
[2024-10-06T22:59:44.326+0000] {logging_mixin.py:154} INFO - [2024-10-06T22:59:44.326+0000] {dagbag.py:536} INFO - Filling up the DagBag from /home/airflow/.local/lib/python3.8/site-packages/airflow/example_dags/example_setup_teardown_taskflow.py
[2024-10-06T22:59:44.333+0000] {processor.py:839} INFO - DAG(s) dict_keys(['example_setup_teardown_taskflow']) retrieved from /home/airflow/.local/lib/python3.8/site-packages/airflow/example_dags/example_setup_teardown_taskflow.py
[2024-10-06T22:59:44.350+0000] {logging_mixin.py:154} INFO - [2024-10-06T22:59:44.349+0000] {dag.py:2941} INFO - Sync 1 DAGs
[2024-10-06T22:59:44.366+0000] {logging_mixin.py:154} INFO - [2024-10-06T22:59:44.366+0000] {dag.py:3722} INFO - Setting next_dagrun for example_setup_teardown_taskflow to 2024-10-05T22:59:44.366583+00:00, run_after=2024-10-06T22:59:44.366583+00:00
[2024-10-06T22:59:44.380+0000] {processor.py:179} INFO - Processing /home/airflow/.local/lib/python3.8/site-packages/airflow/example_dags/example_setup_teardown_taskflow.py took 0.059 seconds
[2024-10-06T23:00:15.326+0000] {processor.py:157} INFO - Started process (PID=27464) to work on /home/airflow/.local/lib/python3.8/site-packages/airflow/example_dags/example_setup_teardown_taskflow.py
[2024-10-06T23:00:15.327+0000] {processor.py:829} INFO - Processing file /home/airflow/.local/lib/python3.8/site-packages/airflow/example_dags/example_setup_teardown_taskflow.py for tasks to queue
[2024-10-06T23:00:15.329+0000] {logging_mixin.py:154} INFO - [2024-10-06T23:00:15.328+0000] {dagbag.py:536} INFO - Filling up the DagBag from /home/airflow/.local/lib/python3.8/site-packages/airflow/example_dags/example_setup_teardown_taskflow.py
[2024-10-06T23:00:15.335+0000] {processor.py:839} INFO - DAG(s) dict_keys(['example_setup_teardown_taskflow']) retrieved from /home/airflow/.local/lib/python3.8/site-packages/airflow/example_dags/example_setup_teardown_taskflow.py
[2024-10-06T23:00:15.348+0000] {logging_mixin.py:154} INFO - [2024-10-06T23:00:15.347+0000] {dag.py:2941} INFO - Sync 1 DAGs
[2024-10-06T23:00:15.361+0000] {logging_mixin.py:154} INFO - [2024-10-06T23:00:15.361+0000] {dag.py:3722} INFO - Setting next_dagrun for example_setup_teardown_taskflow to 2024-10-05T23:00:15.361106+00:00, run_after=2024-10-06T23:00:15.361106+00:00
[2024-10-06T23:00:15.372+0000] {processor.py:179} INFO - Processing /home/airflow/.local/lib/python3.8/site-packages/airflow/example_dags/example_setup_teardown_taskflow.py took 0.049 seconds
[2024-10-06T23:00:45.979+0000] {processor.py:157} INFO - Started process (PID=27518) to work on /home/airflow/.local/lib/python3.8/site-packages/airflow/example_dags/example_setup_teardown_taskflow.py
[2024-10-06T23:00:45.979+0000] {processor.py:829} INFO - Processing file /home/airflow/.local/lib/python3.8/site-packages/airflow/example_dags/example_setup_teardown_taskflow.py for tasks to queue
[2024-10-06T23:00:45.980+0000] {logging_mixin.py:154} INFO - [2024-10-06T23:00:45.980+0000] {dagbag.py:536} INFO - Filling up the DagBag from /home/airflow/.local/lib/python3.8/site-packages/airflow/example_dags/example_setup_teardown_taskflow.py
[2024-10-06T23:00:45.985+0000] {processor.py:839} INFO - DAG(s) dict_keys(['example_setup_teardown_taskflow']) retrieved from /home/airflow/.local/lib/python3.8/site-packages/airflow/example_dags/example_setup_teardown_taskflow.py
[2024-10-06T23:00:45.994+0000] {logging_mixin.py:154} INFO - [2024-10-06T23:00:45.994+0000] {dag.py:2941} INFO - Sync 1 DAGs
[2024-10-06T23:00:46.003+0000] {logging_mixin.py:154} INFO - [2024-10-06T23:00:46.003+0000] {dag.py:3722} INFO - Setting next_dagrun for example_setup_teardown_taskflow to 2024-10-05T23:00:46.003141+00:00, run_after=2024-10-06T23:00:46.003141+00:00
[2024-10-06T23:00:46.009+0000] {processor.py:179} INFO - Processing /home/airflow/.local/lib/python3.8/site-packages/airflow/example_dags/example_setup_teardown_taskflow.py took 0.032 seconds
[2024-10-06T23:01:16.541+0000] {processor.py:157} INFO - Started process (PID=27572) to work on /home/airflow/.local/lib/python3.8/site-packages/airflow/example_dags/example_setup_teardown_taskflow.py
[2024-10-06T23:01:16.541+0000] {processor.py:829} INFO - Processing file /home/airflow/.local/lib/python3.8/site-packages/airflow/example_dags/example_setup_teardown_taskflow.py for tasks to queue
[2024-10-06T23:01:16.542+0000] {logging_mixin.py:154} INFO - [2024-10-06T23:01:16.542+0000] {dagbag.py:536} INFO - Filling up the DagBag from /home/airflow/.local/lib/python3.8/site-packages/airflow/example_dags/example_setup_teardown_taskflow.py
[2024-10-06T23:01:16.547+0000] {processor.py:839} INFO - DAG(s) dict_keys(['example_setup_teardown_taskflow']) retrieved from /home/airflow/.local/lib/python3.8/site-packages/airflow/example_dags/example_setup_teardown_taskflow.py
[2024-10-06T23:01:16.556+0000] {logging_mixin.py:154} INFO - [2024-10-06T23:01:16.556+0000] {dag.py:2941} INFO - Sync 1 DAGs
[2024-10-06T23:01:16.565+0000] {logging_mixin.py:154} INFO - [2024-10-06T23:01:16.564+0000] {dag.py:3722} INFO - Setting next_dagrun for example_setup_teardown_taskflow to 2024-10-05T23:01:16.564844+00:00, run_after=2024-10-06T23:01:16.564844+00:00
[2024-10-06T23:01:16.571+0000] {processor.py:179} INFO - Processing /home/airflow/.local/lib/python3.8/site-packages/airflow/example_dags/example_setup_teardown_taskflow.py took 0.032 seconds
[2024-10-06T23:01:47.074+0000] {processor.py:157} INFO - Started process (PID=27626) to work on /home/airflow/.local/lib/python3.8/site-packages/airflow/example_dags/example_setup_teardown_taskflow.py
[2024-10-06T23:01:47.075+0000] {processor.py:829} INFO - Processing file /home/airflow/.local/lib/python3.8/site-packages/airflow/example_dags/example_setup_teardown_taskflow.py for tasks to queue
[2024-10-06T23:01:47.076+0000] {logging_mixin.py:154} INFO - [2024-10-06T23:01:47.076+0000] {dagbag.py:536} INFO - Filling up the DagBag from /home/airflow/.local/lib/python3.8/site-packages/airflow/example_dags/example_setup_teardown_taskflow.py
[2024-10-06T23:01:47.080+0000] {processor.py:839} INFO - DAG(s) dict_keys(['example_setup_teardown_taskflow']) retrieved from /home/airflow/.local/lib/python3.8/site-packages/airflow/example_dags/example_setup_teardown_taskflow.py
[2024-10-06T23:01:47.089+0000] {logging_mixin.py:154} INFO - [2024-10-06T23:01:47.089+0000] {dag.py:2941} INFO - Sync 1 DAGs
[2024-10-06T23:01:47.097+0000] {logging_mixin.py:154} INFO - [2024-10-06T23:01:47.097+0000] {dag.py:3722} INFO - Setting next_dagrun for example_setup_teardown_taskflow to 2024-10-05T23:01:47.097520+00:00, run_after=2024-10-06T23:01:47.097520+00:00
[2024-10-06T23:01:47.104+0000] {processor.py:179} INFO - Processing /home/airflow/.local/lib/python3.8/site-packages/airflow/example_dags/example_setup_teardown_taskflow.py took 0.031 seconds
[2024-10-06T23:02:17.480+0000] {processor.py:157} INFO - Started process (PID=27680) to work on /home/airflow/.local/lib/python3.8/site-packages/airflow/example_dags/example_setup_teardown_taskflow.py
[2024-10-06T23:02:17.480+0000] {processor.py:829} INFO - Processing file /home/airflow/.local/lib/python3.8/site-packages/airflow/example_dags/example_setup_teardown_taskflow.py for tasks to queue
[2024-10-06T23:02:17.481+0000] {logging_mixin.py:154} INFO - [2024-10-06T23:02:17.481+0000] {dagbag.py:536} INFO - Filling up the DagBag from /home/airflow/.local/lib/python3.8/site-packages/airflow/example_dags/example_setup_teardown_taskflow.py
[2024-10-06T23:02:17.486+0000] {processor.py:839} INFO - DAG(s) dict_keys(['example_setup_teardown_taskflow']) retrieved from /home/airflow/.local/lib/python3.8/site-packages/airflow/example_dags/example_setup_teardown_taskflow.py
[2024-10-06T23:02:17.495+0000] {logging_mixin.py:154} INFO - [2024-10-06T23:02:17.495+0000] {dag.py:2941} INFO - Sync 1 DAGs
[2024-10-06T23:02:17.503+0000] {logging_mixin.py:154} INFO - [2024-10-06T23:02:17.503+0000] {dag.py:3722} INFO - Setting next_dagrun for example_setup_teardown_taskflow to 2024-10-05T23:02:17.503396+00:00, run_after=2024-10-06T23:02:17.503396+00:00
[2024-10-06T23:02:17.509+0000] {processor.py:179} INFO - Processing /home/airflow/.local/lib/python3.8/site-packages/airflow/example_dags/example_setup_teardown_taskflow.py took 0.031 seconds
[2024-10-06T23:02:47.899+0000] {processor.py:157} INFO - Started process (PID=27734) to work on /home/airflow/.local/lib/python3.8/site-packages/airflow/example_dags/example_setup_teardown_taskflow.py
[2024-10-06T23:02:47.900+0000] {processor.py:829} INFO - Processing file /home/airflow/.local/lib/python3.8/site-packages/airflow/example_dags/example_setup_teardown_taskflow.py for tasks to queue
[2024-10-06T23:02:47.901+0000] {logging_mixin.py:154} INFO - [2024-10-06T23:02:47.901+0000] {dagbag.py:536} INFO - Filling up the DagBag from /home/airflow/.local/lib/python3.8/site-packages/airflow/example_dags/example_setup_teardown_taskflow.py
[2024-10-06T23:02:47.906+0000] {processor.py:839} INFO - DAG(s) dict_keys(['example_setup_teardown_taskflow']) retrieved from /home/airflow/.local/lib/python3.8/site-packages/airflow/example_dags/example_setup_teardown_taskflow.py
[2024-10-06T23:02:47.916+0000] {logging_mixin.py:154} INFO - [2024-10-06T23:02:47.915+0000] {dag.py:2941} INFO - Sync 1 DAGs
[2024-10-06T23:02:47.924+0000] {logging_mixin.py:154} INFO - [2024-10-06T23:02:47.924+0000] {dag.py:3722} INFO - Setting next_dagrun for example_setup_teardown_taskflow to 2024-10-05T23:02:47.924528+00:00, run_after=2024-10-06T23:02:47.924528+00:00
[2024-10-06T23:02:47.931+0000] {processor.py:179} INFO - Processing /home/airflow/.local/lib/python3.8/site-packages/airflow/example_dags/example_setup_teardown_taskflow.py took 0.033 seconds
[2024-10-06T23:03:18.301+0000] {processor.py:157} INFO - Started process (PID=27788) to work on /home/airflow/.local/lib/python3.8/site-packages/airflow/example_dags/example_setup_teardown_taskflow.py
[2024-10-06T23:03:18.302+0000] {processor.py:829} INFO - Processing file /home/airflow/.local/lib/python3.8/site-packages/airflow/example_dags/example_setup_teardown_taskflow.py for tasks to queue
[2024-10-06T23:03:18.303+0000] {logging_mixin.py:154} INFO - [2024-10-06T23:03:18.303+0000] {dagbag.py:536} INFO - Filling up the DagBag from /home/airflow/.local/lib/python3.8/site-packages/airflow/example_dags/example_setup_teardown_taskflow.py
[2024-10-06T23:03:18.307+0000] {processor.py:839} INFO - DAG(s) dict_keys(['example_setup_teardown_taskflow']) retrieved from /home/airflow/.local/lib/python3.8/site-packages/airflow/example_dags/example_setup_teardown_taskflow.py
[2024-10-06T23:03:18.317+0000] {logging_mixin.py:154} INFO - [2024-10-06T23:03:18.316+0000] {dag.py:2941} INFO - Sync 1 DAGs
[2024-10-06T23:03:18.325+0000] {logging_mixin.py:154} INFO - [2024-10-06T23:03:18.324+0000] {dag.py:3722} INFO - Setting next_dagrun for example_setup_teardown_taskflow to 2024-10-05T23:03:18.324901+00:00, run_after=2024-10-06T23:03:18.324901+00:00
[2024-10-06T23:03:18.331+0000] {processor.py:179} INFO - Processing /home/airflow/.local/lib/python3.8/site-packages/airflow/example_dags/example_setup_teardown_taskflow.py took 0.031 seconds
[2024-10-06T23:03:48.787+0000] {processor.py:157} INFO - Started process (PID=27842) to work on /home/airflow/.local/lib/python3.8/site-packages/airflow/example_dags/example_setup_teardown_taskflow.py
[2024-10-06T23:03:48.787+0000] {processor.py:829} INFO - Processing file /home/airflow/.local/lib/python3.8/site-packages/airflow/example_dags/example_setup_teardown_taskflow.py for tasks to queue
[2024-10-06T23:03:48.788+0000] {logging_mixin.py:154} INFO - [2024-10-06T23:03:48.788+0000] {dagbag.py:536} INFO - Filling up the DagBag from /home/airflow/.local/lib/python3.8/site-packages/airflow/example_dags/example_setup_teardown_taskflow.py
[2024-10-06T23:03:48.792+0000] {processor.py:839} INFO - DAG(s) dict_keys(['example_setup_teardown_taskflow']) retrieved from /home/airflow/.local/lib/python3.8/site-packages/airflow/example_dags/example_setup_teardown_taskflow.py
[2024-10-06T23:03:48.802+0000] {logging_mixin.py:154} INFO - [2024-10-06T23:03:48.801+0000] {dag.py:2941} INFO - Sync 1 DAGs
[2024-10-06T23:03:48.810+0000] {logging_mixin.py:154} INFO - [2024-10-06T23:03:48.810+0000] {dag.py:3722} INFO - Setting next_dagrun for example_setup_teardown_taskflow to 2024-10-05T23:03:48.810067+00:00, run_after=2024-10-06T23:03:48.810067+00:00
[2024-10-06T23:03:48.817+0000] {processor.py:179} INFO - Processing /home/airflow/.local/lib/python3.8/site-packages/airflow/example_dags/example_setup_teardown_taskflow.py took 0.031 seconds
[2024-10-06T23:04:19.229+0000] {processor.py:157} INFO - Started process (PID=27897) to work on /home/airflow/.local/lib/python3.8/site-packages/airflow/example_dags/example_setup_teardown_taskflow.py
[2024-10-06T23:04:19.229+0000] {processor.py:829} INFO - Processing file /home/airflow/.local/lib/python3.8/site-packages/airflow/example_dags/example_setup_teardown_taskflow.py for tasks to queue
[2024-10-06T23:04:19.230+0000] {logging_mixin.py:154} INFO - [2024-10-06T23:04:19.230+0000] {dagbag.py:536} INFO - Filling up the DagBag from /home/airflow/.local/lib/python3.8/site-packages/airflow/example_dags/example_setup_teardown_taskflow.py
[2024-10-06T23:04:19.235+0000] {processor.py:839} INFO - DAG(s) dict_keys(['example_setup_teardown_taskflow']) retrieved from /home/airflow/.local/lib/python3.8/site-packages/airflow/example_dags/example_setup_teardown_taskflow.py
[2024-10-06T23:04:19.244+0000] {logging_mixin.py:154} INFO - [2024-10-06T23:04:19.243+0000] {dag.py:2941} INFO - Sync 1 DAGs
[2024-10-06T23:04:19.252+0000] {logging_mixin.py:154} INFO - [2024-10-06T23:04:19.252+0000] {dag.py:3722} INFO - Setting next_dagrun for example_setup_teardown_taskflow to 2024-10-05T23:04:19.251944+00:00, run_after=2024-10-06T23:04:19.251944+00:00
[2024-10-06T23:04:19.258+0000] {processor.py:179} INFO - Processing /home/airflow/.local/lib/python3.8/site-packages/airflow/example_dags/example_setup_teardown_taskflow.py took 0.031 seconds
[2024-10-06T23:04:49.679+0000] {processor.py:157} INFO - Started process (PID=27950) to work on /home/airflow/.local/lib/python3.8/site-packages/airflow/example_dags/example_setup_teardown_taskflow.py
[2024-10-06T23:04:49.679+0000] {processor.py:829} INFO - Processing file /home/airflow/.local/lib/python3.8/site-packages/airflow/example_dags/example_setup_teardown_taskflow.py for tasks to queue
[2024-10-06T23:04:49.680+0000] {logging_mixin.py:154} INFO - [2024-10-06T23:04:49.680+0000] {dagbag.py:536} INFO - Filling up the DagBag from /home/airflow/.local/lib/python3.8/site-packages/airflow/example_dags/example_setup_teardown_taskflow.py
[2024-10-06T23:04:49.685+0000] {processor.py:839} INFO - DAG(s) dict_keys(['example_setup_teardown_taskflow']) retrieved from /home/airflow/.local/lib/python3.8/site-packages/airflow/example_dags/example_setup_teardown_taskflow.py
[2024-10-06T23:04:49.694+0000] {logging_mixin.py:154} INFO - [2024-10-06T23:04:49.694+0000] {dag.py:2941} INFO - Sync 1 DAGs
[2024-10-06T23:04:49.702+0000] {logging_mixin.py:154} INFO - [2024-10-06T23:04:49.702+0000] {dag.py:3722} INFO - Setting next_dagrun for example_setup_teardown_taskflow to 2024-10-05T23:04:49.702095+00:00, run_after=2024-10-06T23:04:49.702095+00:00
[2024-10-06T23:04:49.708+0000] {processor.py:179} INFO - Processing /home/airflow/.local/lib/python3.8/site-packages/airflow/example_dags/example_setup_teardown_taskflow.py took 0.030 seconds
[2024-10-06T23:05:20.052+0000] {processor.py:157} INFO - Started process (PID=28004) to work on /home/airflow/.local/lib/python3.8/site-packages/airflow/example_dags/example_setup_teardown_taskflow.py
[2024-10-06T23:05:20.053+0000] {processor.py:829} INFO - Processing file /home/airflow/.local/lib/python3.8/site-packages/airflow/example_dags/example_setup_teardown_taskflow.py for tasks to queue
[2024-10-06T23:05:20.054+0000] {logging_mixin.py:154} INFO - [2024-10-06T23:05:20.054+0000] {dagbag.py:536} INFO - Filling up the DagBag from /home/airflow/.local/lib/python3.8/site-packages/airflow/example_dags/example_setup_teardown_taskflow.py
[2024-10-06T23:05:20.058+0000] {processor.py:839} INFO - DAG(s) dict_keys(['example_setup_teardown_taskflow']) retrieved from /home/airflow/.local/lib/python3.8/site-packages/airflow/example_dags/example_setup_teardown_taskflow.py
[2024-10-06T23:05:20.067+0000] {logging_mixin.py:154} INFO - [2024-10-06T23:05:20.066+0000] {dag.py:2941} INFO - Sync 1 DAGs
[2024-10-06T23:05:20.074+0000] {logging_mixin.py:154} INFO - [2024-10-06T23:05:20.074+0000] {dag.py:3722} INFO - Setting next_dagrun for example_setup_teardown_taskflow to 2024-10-05T23:05:20.074317+00:00, run_after=2024-10-06T23:05:20.074317+00:00
[2024-10-06T23:05:20.080+0000] {processor.py:179} INFO - Processing /home/airflow/.local/lib/python3.8/site-packages/airflow/example_dags/example_setup_teardown_taskflow.py took 0.029 seconds
[2024-10-06T23:05:50.478+0000] {processor.py:157} INFO - Started process (PID=28058) to work on /home/airflow/.local/lib/python3.8/site-packages/airflow/example_dags/example_setup_teardown_taskflow.py
[2024-10-06T23:05:50.478+0000] {processor.py:829} INFO - Processing file /home/airflow/.local/lib/python3.8/site-packages/airflow/example_dags/example_setup_teardown_taskflow.py for tasks to queue
[2024-10-06T23:05:50.479+0000] {logging_mixin.py:154} INFO - [2024-10-06T23:05:50.479+0000] {dagbag.py:536} INFO - Filling up the DagBag from /home/airflow/.local/lib/python3.8/site-packages/airflow/example_dags/example_setup_teardown_taskflow.py
[2024-10-06T23:05:50.483+0000] {processor.py:839} INFO - DAG(s) dict_keys(['example_setup_teardown_taskflow']) retrieved from /home/airflow/.local/lib/python3.8/site-packages/airflow/example_dags/example_setup_teardown_taskflow.py
[2024-10-06T23:05:50.492+0000] {logging_mixin.py:154} INFO - [2024-10-06T23:05:50.492+0000] {dag.py:2941} INFO - Sync 1 DAGs
[2024-10-06T23:05:50.500+0000] {logging_mixin.py:154} INFO - [2024-10-06T23:05:50.500+0000] {dag.py:3722} INFO - Setting next_dagrun for example_setup_teardown_taskflow to 2024-10-05T23:05:50.500722+00:00, run_after=2024-10-06T23:05:50.500722+00:00
[2024-10-06T23:05:50.507+0000] {processor.py:179} INFO - Processing /home/airflow/.local/lib/python3.8/site-packages/airflow/example_dags/example_setup_teardown_taskflow.py took 0.031 seconds
[2024-10-06T23:06:20.917+0000] {processor.py:157} INFO - Started process (PID=28112) to work on /home/airflow/.local/lib/python3.8/site-packages/airflow/example_dags/example_setup_teardown_taskflow.py
[2024-10-06T23:06:20.917+0000] {processor.py:829} INFO - Processing file /home/airflow/.local/lib/python3.8/site-packages/airflow/example_dags/example_setup_teardown_taskflow.py for tasks to queue
[2024-10-06T23:06:20.918+0000] {logging_mixin.py:154} INFO - [2024-10-06T23:06:20.918+0000] {dagbag.py:536} INFO - Filling up the DagBag from /home/airflow/.local/lib/python3.8/site-packages/airflow/example_dags/example_setup_teardown_taskflow.py
[2024-10-06T23:06:20.923+0000] {processor.py:839} INFO - DAG(s) dict_keys(['example_setup_teardown_taskflow']) retrieved from /home/airflow/.local/lib/python3.8/site-packages/airflow/example_dags/example_setup_teardown_taskflow.py
[2024-10-06T23:06:20.932+0000] {logging_mixin.py:154} INFO - [2024-10-06T23:06:20.932+0000] {dag.py:2941} INFO - Sync 1 DAGs
[2024-10-06T23:06:20.940+0000] {logging_mixin.py:154} INFO - [2024-10-06T23:06:20.940+0000] {dag.py:3722} INFO - Setting next_dagrun for example_setup_teardown_taskflow to 2024-10-05T23:06:20.940154+00:00, run_after=2024-10-06T23:06:20.940154+00:00
[2024-10-06T23:06:20.947+0000] {processor.py:179} INFO - Processing /home/airflow/.local/lib/python3.8/site-packages/airflow/example_dags/example_setup_teardown_taskflow.py took 0.031 seconds
[2024-10-06T23:06:51.366+0000] {processor.py:157} INFO - Started process (PID=28166) to work on /home/airflow/.local/lib/python3.8/site-packages/airflow/example_dags/example_setup_teardown_taskflow.py
[2024-10-06T23:06:51.366+0000] {processor.py:829} INFO - Processing file /home/airflow/.local/lib/python3.8/site-packages/airflow/example_dags/example_setup_teardown_taskflow.py for tasks to queue
[2024-10-06T23:06:51.367+0000] {logging_mixin.py:154} INFO - [2024-10-06T23:06:51.367+0000] {dagbag.py:536} INFO - Filling up the DagBag from /home/airflow/.local/lib/python3.8/site-packages/airflow/example_dags/example_setup_teardown_taskflow.py
[2024-10-06T23:06:51.371+0000] {processor.py:839} INFO - DAG(s) dict_keys(['example_setup_teardown_taskflow']) retrieved from /home/airflow/.local/lib/python3.8/site-packages/airflow/example_dags/example_setup_teardown_taskflow.py
[2024-10-06T23:06:51.381+0000] {logging_mixin.py:154} INFO - [2024-10-06T23:06:51.381+0000] {dag.py:2941} INFO - Sync 1 DAGs
[2024-10-06T23:06:51.388+0000] {logging_mixin.py:154} INFO - [2024-10-06T23:06:51.388+0000] {dag.py:3722} INFO - Setting next_dagrun for example_setup_teardown_taskflow to 2024-10-05T23:06:51.388819+00:00, run_after=2024-10-06T23:06:51.388819+00:00
[2024-10-06T23:06:51.395+0000] {processor.py:179} INFO - Processing /home/airflow/.local/lib/python3.8/site-packages/airflow/example_dags/example_setup_teardown_taskflow.py took 0.031 seconds
[2024-10-06T23:07:21.758+0000] {processor.py:157} INFO - Started process (PID=28220) to work on /home/airflow/.local/lib/python3.8/site-packages/airflow/example_dags/example_setup_teardown_taskflow.py
[2024-10-06T23:07:21.758+0000] {processor.py:829} INFO - Processing file /home/airflow/.local/lib/python3.8/site-packages/airflow/example_dags/example_setup_teardown_taskflow.py for tasks to queue
[2024-10-06T23:07:21.759+0000] {logging_mixin.py:154} INFO - [2024-10-06T23:07:21.759+0000] {dagbag.py:536} INFO - Filling up the DagBag from /home/airflow/.local/lib/python3.8/site-packages/airflow/example_dags/example_setup_teardown_taskflow.py
[2024-10-06T23:07:21.763+0000] {processor.py:839} INFO - DAG(s) dict_keys(['example_setup_teardown_taskflow']) retrieved from /home/airflow/.local/lib/python3.8/site-packages/airflow/example_dags/example_setup_teardown_taskflow.py
[2024-10-06T23:07:21.771+0000] {logging_mixin.py:154} INFO - [2024-10-06T23:07:21.771+0000] {dag.py:2941} INFO - Sync 1 DAGs
[2024-10-06T23:07:21.779+0000] {logging_mixin.py:154} INFO - [2024-10-06T23:07:21.779+0000] {dag.py:3722} INFO - Setting next_dagrun for example_setup_teardown_taskflow to 2024-10-05T23:07:21.779276+00:00, run_after=2024-10-06T23:07:21.779276+00:00
[2024-10-06T23:07:21.785+0000] {processor.py:179} INFO - Processing /home/airflow/.local/lib/python3.8/site-packages/airflow/example_dags/example_setup_teardown_taskflow.py took 0.029 seconds
[2024-10-06T23:07:52.244+0000] {processor.py:157} INFO - Started process (PID=28274) to work on /home/airflow/.local/lib/python3.8/site-packages/airflow/example_dags/example_setup_teardown_taskflow.py
[2024-10-06T23:07:52.244+0000] {processor.py:829} INFO - Processing file /home/airflow/.local/lib/python3.8/site-packages/airflow/example_dags/example_setup_teardown_taskflow.py for tasks to queue
[2024-10-06T23:07:52.245+0000] {logging_mixin.py:154} INFO - [2024-10-06T23:07:52.245+0000] {dagbag.py:536} INFO - Filling up the DagBag from /home/airflow/.local/lib/python3.8/site-packages/airflow/example_dags/example_setup_teardown_taskflow.py
[2024-10-06T23:07:52.249+0000] {processor.py:839} INFO - DAG(s) dict_keys(['example_setup_teardown_taskflow']) retrieved from /home/airflow/.local/lib/python3.8/site-packages/airflow/example_dags/example_setup_teardown_taskflow.py
[2024-10-06T23:07:52.259+0000] {logging_mixin.py:154} INFO - [2024-10-06T23:07:52.258+0000] {dag.py:2941} INFO - Sync 1 DAGs
[2024-10-06T23:07:52.267+0000] {logging_mixin.py:154} INFO - [2024-10-06T23:07:52.267+0000] {dag.py:3722} INFO - Setting next_dagrun for example_setup_teardown_taskflow to 2024-10-05T23:07:52.267327+00:00, run_after=2024-10-06T23:07:52.267327+00:00
[2024-10-06T23:07:52.273+0000] {processor.py:179} INFO - Processing /home/airflow/.local/lib/python3.8/site-packages/airflow/example_dags/example_setup_teardown_taskflow.py took 0.031 seconds
[2024-10-06T23:08:22.602+0000] {processor.py:157} INFO - Started process (PID=28328) to work on /home/airflow/.local/lib/python3.8/site-packages/airflow/example_dags/example_setup_teardown_taskflow.py
[2024-10-06T23:08:22.602+0000] {processor.py:829} INFO - Processing file /home/airflow/.local/lib/python3.8/site-packages/airflow/example_dags/example_setup_teardown_taskflow.py for tasks to queue
[2024-10-06T23:08:22.603+0000] {logging_mixin.py:154} INFO - [2024-10-06T23:08:22.603+0000] {dagbag.py:536} INFO - Filling up the DagBag from /home/airflow/.local/lib/python3.8/site-packages/airflow/example_dags/example_setup_teardown_taskflow.py
[2024-10-06T23:08:22.608+0000] {processor.py:839} INFO - DAG(s) dict_keys(['example_setup_teardown_taskflow']) retrieved from /home/airflow/.local/lib/python3.8/site-packages/airflow/example_dags/example_setup_teardown_taskflow.py
[2024-10-06T23:08:22.617+0000] {logging_mixin.py:154} INFO - [2024-10-06T23:08:22.617+0000] {dag.py:2941} INFO - Sync 1 DAGs
[2024-10-06T23:08:22.625+0000] {logging_mixin.py:154} INFO - [2024-10-06T23:08:22.625+0000] {dag.py:3722} INFO - Setting next_dagrun for example_setup_teardown_taskflow to 2024-10-05T23:08:22.625144+00:00, run_after=2024-10-06T23:08:22.625144+00:00
[2024-10-06T23:08:22.632+0000] {processor.py:179} INFO - Processing /home/airflow/.local/lib/python3.8/site-packages/airflow/example_dags/example_setup_teardown_taskflow.py took 0.031 seconds
[2024-10-06T23:08:53.042+0000] {processor.py:157} INFO - Started process (PID=28389) to work on /home/airflow/.local/lib/python3.8/site-packages/airflow/example_dags/example_setup_teardown_taskflow.py
[2024-10-06T23:08:53.043+0000] {processor.py:829} INFO - Processing file /home/airflow/.local/lib/python3.8/site-packages/airflow/example_dags/example_setup_teardown_taskflow.py for tasks to queue
[2024-10-06T23:08:53.044+0000] {logging_mixin.py:154} INFO - [2024-10-06T23:08:53.043+0000] {dagbag.py:536} INFO - Filling up the DagBag from /home/airflow/.local/lib/python3.8/site-packages/airflow/example_dags/example_setup_teardown_taskflow.py
[2024-10-06T23:08:53.048+0000] {processor.py:839} INFO - DAG(s) dict_keys(['example_setup_teardown_taskflow']) retrieved from /home/airflow/.local/lib/python3.8/site-packages/airflow/example_dags/example_setup_teardown_taskflow.py
[2024-10-06T23:08:53.057+0000] {logging_mixin.py:154} INFO - [2024-10-06T23:08:53.057+0000] {dag.py:2941} INFO - Sync 1 DAGs
[2024-10-06T23:08:53.065+0000] {logging_mixin.py:154} INFO - [2024-10-06T23:08:53.065+0000] {dag.py:3722} INFO - Setting next_dagrun for example_setup_teardown_taskflow to 2024-10-05T23:08:53.065329+00:00, run_after=2024-10-06T23:08:53.065329+00:00
[2024-10-06T23:08:53.071+0000] {processor.py:179} INFO - Processing /home/airflow/.local/lib/python3.8/site-packages/airflow/example_dags/example_setup_teardown_taskflow.py took 0.031 seconds
[2024-10-06T23:09:23.430+0000] {processor.py:157} INFO - Started process (PID=28443) to work on /home/airflow/.local/lib/python3.8/site-packages/airflow/example_dags/example_setup_teardown_taskflow.py
[2024-10-06T23:09:23.431+0000] {processor.py:829} INFO - Processing file /home/airflow/.local/lib/python3.8/site-packages/airflow/example_dags/example_setup_teardown_taskflow.py for tasks to queue
[2024-10-06T23:09:23.432+0000] {logging_mixin.py:154} INFO - [2024-10-06T23:09:23.432+0000] {dagbag.py:536} INFO - Filling up the DagBag from /home/airflow/.local/lib/python3.8/site-packages/airflow/example_dags/example_setup_teardown_taskflow.py
[2024-10-06T23:09:23.436+0000] {processor.py:839} INFO - DAG(s) dict_keys(['example_setup_teardown_taskflow']) retrieved from /home/airflow/.local/lib/python3.8/site-packages/airflow/example_dags/example_setup_teardown_taskflow.py
[2024-10-06T23:09:23.444+0000] {logging_mixin.py:154} INFO - [2024-10-06T23:09:23.444+0000] {dag.py:2941} INFO - Sync 1 DAGs
[2024-10-06T23:09:23.451+0000] {logging_mixin.py:154} INFO - [2024-10-06T23:09:23.451+0000] {dag.py:3722} INFO - Setting next_dagrun for example_setup_teardown_taskflow to 2024-10-05T23:09:23.451777+00:00, run_after=2024-10-06T23:09:23.451777+00:00
[2024-10-06T23:09:23.457+0000] {processor.py:179} INFO - Processing /home/airflow/.local/lib/python3.8/site-packages/airflow/example_dags/example_setup_teardown_taskflow.py took 0.028 seconds
[2024-10-06T23:09:53.905+0000] {processor.py:157} INFO - Started process (PID=28497) to work on /home/airflow/.local/lib/python3.8/site-packages/airflow/example_dags/example_setup_teardown_taskflow.py
[2024-10-06T23:09:53.906+0000] {processor.py:829} INFO - Processing file /home/airflow/.local/lib/python3.8/site-packages/airflow/example_dags/example_setup_teardown_taskflow.py for tasks to queue
[2024-10-06T23:09:53.907+0000] {logging_mixin.py:154} INFO - [2024-10-06T23:09:53.907+0000] {dagbag.py:536} INFO - Filling up the DagBag from /home/airflow/.local/lib/python3.8/site-packages/airflow/example_dags/example_setup_teardown_taskflow.py
[2024-10-06T23:09:53.911+0000] {processor.py:839} INFO - DAG(s) dict_keys(['example_setup_teardown_taskflow']) retrieved from /home/airflow/.local/lib/python3.8/site-packages/airflow/example_dags/example_setup_teardown_taskflow.py
[2024-10-06T23:09:53.921+0000] {logging_mixin.py:154} INFO - [2024-10-06T23:09:53.920+0000] {dag.py:2941} INFO - Sync 1 DAGs
[2024-10-06T23:09:53.930+0000] {logging_mixin.py:154} INFO - [2024-10-06T23:09:53.930+0000] {dag.py:3722} INFO - Setting next_dagrun for example_setup_teardown_taskflow to 2024-10-05T23:09:53.930199+00:00, run_after=2024-10-06T23:09:53.930199+00:00
[2024-10-06T23:09:53.937+0000] {processor.py:179} INFO - Processing /home/airflow/.local/lib/python3.8/site-packages/airflow/example_dags/example_setup_teardown_taskflow.py took 0.033 seconds
[2024-10-06T23:10:24.349+0000] {processor.py:157} INFO - Started process (PID=28551) to work on /home/airflow/.local/lib/python3.8/site-packages/airflow/example_dags/example_setup_teardown_taskflow.py
[2024-10-06T23:10:24.350+0000] {processor.py:829} INFO - Processing file /home/airflow/.local/lib/python3.8/site-packages/airflow/example_dags/example_setup_teardown_taskflow.py for tasks to queue
[2024-10-06T23:10:24.350+0000] {logging_mixin.py:154} INFO - [2024-10-06T23:10:24.350+0000] {dagbag.py:536} INFO - Filling up the DagBag from /home/airflow/.local/lib/python3.8/site-packages/airflow/example_dags/example_setup_teardown_taskflow.py
[2024-10-06T23:10:24.354+0000] {processor.py:839} INFO - DAG(s) dict_keys(['example_setup_teardown_taskflow']) retrieved from /home/airflow/.local/lib/python3.8/site-packages/airflow/example_dags/example_setup_teardown_taskflow.py
[2024-10-06T23:10:24.363+0000] {logging_mixin.py:154} INFO - [2024-10-06T23:10:24.362+0000] {dag.py:2941} INFO - Sync 1 DAGs
[2024-10-06T23:10:24.370+0000] {logging_mixin.py:154} INFO - [2024-10-06T23:10:24.370+0000] {dag.py:3722} INFO - Setting next_dagrun for example_setup_teardown_taskflow to 2024-10-05T23:10:24.370497+00:00, run_after=2024-10-06T23:10:24.370497+00:00
[2024-10-06T23:10:24.376+0000] {processor.py:179} INFO - Processing /home/airflow/.local/lib/python3.8/site-packages/airflow/example_dags/example_setup_teardown_taskflow.py took 0.029 seconds
[2024-10-06T23:10:54.754+0000] {processor.py:157} INFO - Started process (PID=28605) to work on /home/airflow/.local/lib/python3.8/site-packages/airflow/example_dags/example_setup_teardown_taskflow.py
[2024-10-06T23:10:54.755+0000] {processor.py:829} INFO - Processing file /home/airflow/.local/lib/python3.8/site-packages/airflow/example_dags/example_setup_teardown_taskflow.py for tasks to queue
[2024-10-06T23:10:54.756+0000] {logging_mixin.py:154} INFO - [2024-10-06T23:10:54.756+0000] {dagbag.py:536} INFO - Filling up the DagBag from /home/airflow/.local/lib/python3.8/site-packages/airflow/example_dags/example_setup_teardown_taskflow.py
[2024-10-06T23:10:54.760+0000] {processor.py:839} INFO - DAG(s) dict_keys(['example_setup_teardown_taskflow']) retrieved from /home/airflow/.local/lib/python3.8/site-packages/airflow/example_dags/example_setup_teardown_taskflow.py
[2024-10-06T23:10:54.768+0000] {logging_mixin.py:154} INFO - [2024-10-06T23:10:54.768+0000] {dag.py:2941} INFO - Sync 1 DAGs
[2024-10-06T23:10:54.776+0000] {logging_mixin.py:154} INFO - [2024-10-06T23:10:54.776+0000] {dag.py:3722} INFO - Setting next_dagrun for example_setup_teardown_taskflow to 2024-10-05T23:10:54.776124+00:00, run_after=2024-10-06T23:10:54.776124+00:00
[2024-10-06T23:10:54.782+0000] {processor.py:179} INFO - Processing /home/airflow/.local/lib/python3.8/site-packages/airflow/example_dags/example_setup_teardown_taskflow.py took 0.030 seconds
[2024-10-06T23:11:25.180+0000] {processor.py:157} INFO - Started process (PID=28659) to work on /home/airflow/.local/lib/python3.8/site-packages/airflow/example_dags/example_setup_teardown_taskflow.py
[2024-10-06T23:11:25.180+0000] {processor.py:829} INFO - Processing file /home/airflow/.local/lib/python3.8/site-packages/airflow/example_dags/example_setup_teardown_taskflow.py for tasks to queue
[2024-10-06T23:11:25.181+0000] {logging_mixin.py:154} INFO - [2024-10-06T23:11:25.181+0000] {dagbag.py:536} INFO - Filling up the DagBag from /home/airflow/.local/lib/python3.8/site-packages/airflow/example_dags/example_setup_teardown_taskflow.py
[2024-10-06T23:11:25.185+0000] {processor.py:839} INFO - DAG(s) dict_keys(['example_setup_teardown_taskflow']) retrieved from /home/airflow/.local/lib/python3.8/site-packages/airflow/example_dags/example_setup_teardown_taskflow.py
[2024-10-06T23:11:25.196+0000] {logging_mixin.py:154} INFO - [2024-10-06T23:11:25.195+0000] {dag.py:2941} INFO - Sync 1 DAGs
[2024-10-06T23:11:25.205+0000] {logging_mixin.py:154} INFO - [2024-10-06T23:11:25.205+0000] {dag.py:3722} INFO - Setting next_dagrun for example_setup_teardown_taskflow to 2024-10-05T23:11:25.205596+00:00, run_after=2024-10-06T23:11:25.205596+00:00
[2024-10-06T23:11:25.212+0000] {processor.py:179} INFO - Processing /home/airflow/.local/lib/python3.8/site-packages/airflow/example_dags/example_setup_teardown_taskflow.py took 0.034 seconds
[2024-10-06T23:11:55.634+0000] {processor.py:157} INFO - Started process (PID=28713) to work on /home/airflow/.local/lib/python3.8/site-packages/airflow/example_dags/example_setup_teardown_taskflow.py
[2024-10-06T23:11:55.634+0000] {processor.py:829} INFO - Processing file /home/airflow/.local/lib/python3.8/site-packages/airflow/example_dags/example_setup_teardown_taskflow.py for tasks to queue
[2024-10-06T23:11:55.635+0000] {logging_mixin.py:154} INFO - [2024-10-06T23:11:55.635+0000] {dagbag.py:536} INFO - Filling up the DagBag from /home/airflow/.local/lib/python3.8/site-packages/airflow/example_dags/example_setup_teardown_taskflow.py
[2024-10-06T23:11:55.640+0000] {processor.py:839} INFO - DAG(s) dict_keys(['example_setup_teardown_taskflow']) retrieved from /home/airflow/.local/lib/python3.8/site-packages/airflow/example_dags/example_setup_teardown_taskflow.py
[2024-10-06T23:11:55.651+0000] {logging_mixin.py:154} INFO - [2024-10-06T23:11:55.650+0000] {dag.py:2941} INFO - Sync 1 DAGs
[2024-10-06T23:11:55.661+0000] {logging_mixin.py:154} INFO - [2024-10-06T23:11:55.661+0000] {dag.py:3722} INFO - Setting next_dagrun for example_setup_teardown_taskflow to 2024-10-05T23:11:55.661443+00:00, run_after=2024-10-06T23:11:55.661443+00:00
[2024-10-06T23:11:55.669+0000] {processor.py:179} INFO - Processing /home/airflow/.local/lib/python3.8/site-packages/airflow/example_dags/example_setup_teardown_taskflow.py took 0.037 seconds
[2024-10-06T23:12:26.130+0000] {processor.py:157} INFO - Started process (PID=28767) to work on /home/airflow/.local/lib/python3.8/site-packages/airflow/example_dags/example_setup_teardown_taskflow.py
[2024-10-06T23:12:26.130+0000] {processor.py:829} INFO - Processing file /home/airflow/.local/lib/python3.8/site-packages/airflow/example_dags/example_setup_teardown_taskflow.py for tasks to queue
[2024-10-06T23:12:26.131+0000] {logging_mixin.py:154} INFO - [2024-10-06T23:12:26.131+0000] {dagbag.py:536} INFO - Filling up the DagBag from /home/airflow/.local/lib/python3.8/site-packages/airflow/example_dags/example_setup_teardown_taskflow.py
[2024-10-06T23:12:26.136+0000] {processor.py:839} INFO - DAG(s) dict_keys(['example_setup_teardown_taskflow']) retrieved from /home/airflow/.local/lib/python3.8/site-packages/airflow/example_dags/example_setup_teardown_taskflow.py
[2024-10-06T23:12:26.145+0000] {logging_mixin.py:154} INFO - [2024-10-06T23:12:26.145+0000] {dag.py:2941} INFO - Sync 1 DAGs
[2024-10-06T23:12:26.153+0000] {logging_mixin.py:154} INFO - [2024-10-06T23:12:26.153+0000] {dag.py:3722} INFO - Setting next_dagrun for example_setup_teardown_taskflow to 2024-10-05T23:12:26.153638+00:00, run_after=2024-10-06T23:12:26.153638+00:00
[2024-10-06T23:12:26.160+0000] {processor.py:179} INFO - Processing /home/airflow/.local/lib/python3.8/site-packages/airflow/example_dags/example_setup_teardown_taskflow.py took 0.032 seconds
[2024-10-06T23:12:56.554+0000] {processor.py:157} INFO - Started process (PID=28821) to work on /home/airflow/.local/lib/python3.8/site-packages/airflow/example_dags/example_setup_teardown_taskflow.py
[2024-10-06T23:12:56.554+0000] {processor.py:829} INFO - Processing file /home/airflow/.local/lib/python3.8/site-packages/airflow/example_dags/example_setup_teardown_taskflow.py for tasks to queue
[2024-10-06T23:12:56.555+0000] {logging_mixin.py:154} INFO - [2024-10-06T23:12:56.555+0000] {dagbag.py:536} INFO - Filling up the DagBag from /home/airflow/.local/lib/python3.8/site-packages/airflow/example_dags/example_setup_teardown_taskflow.py
[2024-10-06T23:12:56.559+0000] {processor.py:839} INFO - DAG(s) dict_keys(['example_setup_teardown_taskflow']) retrieved from /home/airflow/.local/lib/python3.8/site-packages/airflow/example_dags/example_setup_teardown_taskflow.py
[2024-10-06T23:12:56.568+0000] {logging_mixin.py:154} INFO - [2024-10-06T23:12:56.568+0000] {dag.py:2941} INFO - Sync 1 DAGs
[2024-10-06T23:12:56.576+0000] {logging_mixin.py:154} INFO - [2024-10-06T23:12:56.575+0000] {dag.py:3722} INFO - Setting next_dagrun for example_setup_teardown_taskflow to 2024-10-05T23:12:56.575882+00:00, run_after=2024-10-06T23:12:56.575882+00:00
[2024-10-06T23:12:56.582+0000] {processor.py:179} INFO - Processing /home/airflow/.local/lib/python3.8/site-packages/airflow/example_dags/example_setup_teardown_taskflow.py took 0.029 seconds
[2024-10-06T23:13:27.051+0000] {processor.py:157} INFO - Started process (PID=28875) to work on /home/airflow/.local/lib/python3.8/site-packages/airflow/example_dags/example_setup_teardown_taskflow.py
[2024-10-06T23:13:27.052+0000] {processor.py:829} INFO - Processing file /home/airflow/.local/lib/python3.8/site-packages/airflow/example_dags/example_setup_teardown_taskflow.py for tasks to queue
[2024-10-06T23:13:27.053+0000] {logging_mixin.py:154} INFO - [2024-10-06T23:13:27.053+0000] {dagbag.py:536} INFO - Filling up the DagBag from /home/airflow/.local/lib/python3.8/site-packages/airflow/example_dags/example_setup_teardown_taskflow.py
[2024-10-06T23:13:27.057+0000] {processor.py:839} INFO - DAG(s) dict_keys(['example_setup_teardown_taskflow']) retrieved from /home/airflow/.local/lib/python3.8/site-packages/airflow/example_dags/example_setup_teardown_taskflow.py
[2024-10-06T23:13:27.067+0000] {logging_mixin.py:154} INFO - [2024-10-06T23:13:27.067+0000] {dag.py:2941} INFO - Sync 1 DAGs
[2024-10-06T23:13:27.075+0000] {logging_mixin.py:154} INFO - [2024-10-06T23:13:27.075+0000] {dag.py:3722} INFO - Setting next_dagrun for example_setup_teardown_taskflow to 2024-10-05T23:13:27.075360+00:00, run_after=2024-10-06T23:13:27.075360+00:00
[2024-10-06T23:13:27.082+0000] {processor.py:179} INFO - Processing /home/airflow/.local/lib/python3.8/site-packages/airflow/example_dags/example_setup_teardown_taskflow.py took 0.032 seconds
[2024-10-06T23:13:57.454+0000] {processor.py:157} INFO - Started process (PID=28929) to work on /home/airflow/.local/lib/python3.8/site-packages/airflow/example_dags/example_setup_teardown_taskflow.py
[2024-10-06T23:13:57.455+0000] {processor.py:829} INFO - Processing file /home/airflow/.local/lib/python3.8/site-packages/airflow/example_dags/example_setup_teardown_taskflow.py for tasks to queue
[2024-10-06T23:13:57.456+0000] {logging_mixin.py:154} INFO - [2024-10-06T23:13:57.456+0000] {dagbag.py:536} INFO - Filling up the DagBag from /home/airflow/.local/lib/python3.8/site-packages/airflow/example_dags/example_setup_teardown_taskflow.py
[2024-10-06T23:13:57.460+0000] {processor.py:839} INFO - DAG(s) dict_keys(['example_setup_teardown_taskflow']) retrieved from /home/airflow/.local/lib/python3.8/site-packages/airflow/example_dags/example_setup_teardown_taskflow.py
[2024-10-06T23:13:57.469+0000] {logging_mixin.py:154} INFO - [2024-10-06T23:13:57.469+0000] {dag.py:2941} INFO - Sync 1 DAGs
[2024-10-06T23:13:57.477+0000] {logging_mixin.py:154} INFO - [2024-10-06T23:13:57.477+0000] {dag.py:3722} INFO - Setting next_dagrun for example_setup_teardown_taskflow to 2024-10-05T23:13:57.477639+00:00, run_after=2024-10-06T23:13:57.477639+00:00
[2024-10-06T23:13:57.484+0000] {processor.py:179} INFO - Processing /home/airflow/.local/lib/python3.8/site-packages/airflow/example_dags/example_setup_teardown_taskflow.py took 0.031 seconds
[2024-10-06T23:14:28.000+0000] {processor.py:157} INFO - Started process (PID=28983) to work on /home/airflow/.local/lib/python3.8/site-packages/airflow/example_dags/example_setup_teardown_taskflow.py
[2024-10-06T23:14:28.000+0000] {processor.py:829} INFO - Processing file /home/airflow/.local/lib/python3.8/site-packages/airflow/example_dags/example_setup_teardown_taskflow.py for tasks to queue
[2024-10-06T23:14:28.001+0000] {logging_mixin.py:154} INFO - [2024-10-06T23:14:28.001+0000] {dagbag.py:536} INFO - Filling up the DagBag from /home/airflow/.local/lib/python3.8/site-packages/airflow/example_dags/example_setup_teardown_taskflow.py
[2024-10-06T23:14:28.005+0000] {processor.py:839} INFO - DAG(s) dict_keys(['example_setup_teardown_taskflow']) retrieved from /home/airflow/.local/lib/python3.8/site-packages/airflow/example_dags/example_setup_teardown_taskflow.py
[2024-10-06T23:14:28.014+0000] {logging_mixin.py:154} INFO - [2024-10-06T23:14:28.014+0000] {dag.py:2941} INFO - Sync 1 DAGs
[2024-10-06T23:14:28.022+0000] {logging_mixin.py:154} INFO - [2024-10-06T23:14:28.022+0000] {dag.py:3722} INFO - Setting next_dagrun for example_setup_teardown_taskflow to 2024-10-05T23:14:28.022341+00:00, run_after=2024-10-06T23:14:28.022341+00:00
[2024-10-06T23:14:28.028+0000] {processor.py:179} INFO - Processing /home/airflow/.local/lib/python3.8/site-packages/airflow/example_dags/example_setup_teardown_taskflow.py took 0.030 seconds
[2024-10-06T23:14:58.446+0000] {processor.py:157} INFO - Started process (PID=29037) to work on /home/airflow/.local/lib/python3.8/site-packages/airflow/example_dags/example_setup_teardown_taskflow.py
[2024-10-06T23:14:58.447+0000] {processor.py:829} INFO - Processing file /home/airflow/.local/lib/python3.8/site-packages/airflow/example_dags/example_setup_teardown_taskflow.py for tasks to queue
[2024-10-06T23:14:58.448+0000] {logging_mixin.py:154} INFO - [2024-10-06T23:14:58.448+0000] {dagbag.py:536} INFO - Filling up the DagBag from /home/airflow/.local/lib/python3.8/site-packages/airflow/example_dags/example_setup_teardown_taskflow.py
[2024-10-06T23:14:58.452+0000] {processor.py:839} INFO - DAG(s) dict_keys(['example_setup_teardown_taskflow']) retrieved from /home/airflow/.local/lib/python3.8/site-packages/airflow/example_dags/example_setup_teardown_taskflow.py
[2024-10-06T23:14:58.460+0000] {logging_mixin.py:154} INFO - [2024-10-06T23:14:58.460+0000] {dag.py:2941} INFO - Sync 1 DAGs
[2024-10-06T23:14:58.468+0000] {logging_mixin.py:154} INFO - [2024-10-06T23:14:58.468+0000] {dag.py:3722} INFO - Setting next_dagrun for example_setup_teardown_taskflow to 2024-10-05T23:14:58.468213+00:00, run_after=2024-10-06T23:14:58.468213+00:00
[2024-10-06T23:14:58.474+0000] {processor.py:179} INFO - Processing /home/airflow/.local/lib/python3.8/site-packages/airflow/example_dags/example_setup_teardown_taskflow.py took 0.029 seconds
[2024-10-06T23:15:28.829+0000] {processor.py:157} INFO - Started process (PID=29091) to work on /home/airflow/.local/lib/python3.8/site-packages/airflow/example_dags/example_setup_teardown_taskflow.py
[2024-10-06T23:15:28.829+0000] {processor.py:829} INFO - Processing file /home/airflow/.local/lib/python3.8/site-packages/airflow/example_dags/example_setup_teardown_taskflow.py for tasks to queue
[2024-10-06T23:15:28.831+0000] {logging_mixin.py:154} INFO - [2024-10-06T23:15:28.831+0000] {dagbag.py:536} INFO - Filling up the DagBag from /home/airflow/.local/lib/python3.8/site-packages/airflow/example_dags/example_setup_teardown_taskflow.py
[2024-10-06T23:15:28.835+0000] {processor.py:839} INFO - DAG(s) dict_keys(['example_setup_teardown_taskflow']) retrieved from /home/airflow/.local/lib/python3.8/site-packages/airflow/example_dags/example_setup_teardown_taskflow.py
[2024-10-06T23:15:28.843+0000] {logging_mixin.py:154} INFO - [2024-10-06T23:15:28.843+0000] {dag.py:2941} INFO - Sync 1 DAGs
[2024-10-06T23:15:28.851+0000] {logging_mixin.py:154} INFO - [2024-10-06T23:15:28.851+0000] {dag.py:3722} INFO - Setting next_dagrun for example_setup_teardown_taskflow to 2024-10-05T23:15:28.851490+00:00, run_after=2024-10-06T23:15:28.851490+00:00
[2024-10-06T23:15:28.858+0000] {processor.py:179} INFO - Processing /home/airflow/.local/lib/python3.8/site-packages/airflow/example_dags/example_setup_teardown_taskflow.py took 0.030 seconds
[2024-10-06T23:54:56.418+0000] {processor.py:157} INFO - Started process (PID=29138) to work on /home/airflow/.local/lib/python3.8/site-packages/airflow/example_dags/example_setup_teardown_taskflow.py
[2024-10-06T23:54:56.420+0000] {processor.py:829} INFO - Processing file /home/airflow/.local/lib/python3.8/site-packages/airflow/example_dags/example_setup_teardown_taskflow.py for tasks to queue
[2024-10-06T23:54:56.421+0000] {logging_mixin.py:154} INFO - [2024-10-06T23:54:56.421+0000] {dagbag.py:536} INFO - Filling up the DagBag from /home/airflow/.local/lib/python3.8/site-packages/airflow/example_dags/example_setup_teardown_taskflow.py
[2024-10-06T23:54:56.429+0000] {processor.py:839} INFO - DAG(s) dict_keys(['example_setup_teardown_taskflow']) retrieved from /home/airflow/.local/lib/python3.8/site-packages/airflow/example_dags/example_setup_teardown_taskflow.py
[2024-10-06T23:54:56.450+0000] {logging_mixin.py:154} INFO - [2024-10-06T23:54:56.450+0000] {dag.py:2941} INFO - Sync 1 DAGs
[2024-10-06T23:54:56.466+0000] {logging_mixin.py:154} INFO - [2024-10-06T23:54:56.465+0000] {dag.py:3722} INFO - Setting next_dagrun for example_setup_teardown_taskflow to 2024-10-05T23:54:56.465505+00:00, run_after=2024-10-06T23:54:56.465505+00:00
[2024-10-06T23:54:56.492+0000] {processor.py:179} INFO - Processing /home/airflow/.local/lib/python3.8/site-packages/airflow/example_dags/example_setup_teardown_taskflow.py took 0.076 seconds
