[2024-10-06T00:48:00.944+0000] {processor.py:157} INFO - Started process (PID=25774) to work on /home/airflow/.local/lib/python3.8/site-packages/airflow/example_dags/example_kubernetes_executor.py
[2024-10-06T00:48:00.944+0000] {processor.py:829} INFO - Processing file /home/airflow/.local/lib/python3.8/site-packages/airflow/example_dags/example_kubernetes_executor.py for tasks to queue
[2024-10-06T00:48:00.946+0000] {logging_mixin.py:154} INFO - [2024-10-06T00:48:00.946+0000] {dagbag.py:536} INFO - Filling up the DagBag from /home/airflow/.local/lib/python3.8/site-packages/airflow/example_dags/example_kubernetes_executor.py
[2024-10-06T00:48:00.958+0000] {processor.py:839} INFO - DAG(s) dict_keys(['example_kubernetes_executor']) retrieved from /home/airflow/.local/lib/python3.8/site-packages/airflow/example_dags/example_kubernetes_executor.py
[2024-10-06T00:48:00.986+0000] {logging_mixin.py:154} INFO - [2024-10-06T00:48:00.986+0000] {dag.py:2941} INFO - Sync 1 DAGs
[2024-10-06T00:48:00.997+0000] {logging_mixin.py:154} INFO - [2024-10-06T00:48:00.997+0000] {dag.py:3722} INFO - Setting next_dagrun for example_kubernetes_executor to None, run_after=None
[2024-10-06T00:48:01.013+0000] {processor.py:179} INFO - Processing /home/airflow/.local/lib/python3.8/site-packages/airflow/example_dags/example_kubernetes_executor.py took 0.072 seconds
[2024-10-06T00:59:18.096+0000] {processor.py:157} INFO - Started process (PID=25828) to work on /home/airflow/.local/lib/python3.8/site-packages/airflow/example_dags/example_kubernetes_executor.py
[2024-10-06T00:59:18.096+0000] {processor.py:829} INFO - Processing file /home/airflow/.local/lib/python3.8/site-packages/airflow/example_dags/example_kubernetes_executor.py for tasks to queue
[2024-10-06T00:59:18.097+0000] {logging_mixin.py:154} INFO - [2024-10-06T00:59:18.097+0000] {dagbag.py:536} INFO - Filling up the DagBag from /home/airflow/.local/lib/python3.8/site-packages/airflow/example_dags/example_kubernetes_executor.py
[2024-10-06T00:59:18.105+0000] {processor.py:839} INFO - DAG(s) dict_keys(['example_kubernetes_executor']) retrieved from /home/airflow/.local/lib/python3.8/site-packages/airflow/example_dags/example_kubernetes_executor.py
[2024-10-06T00:59:18.124+0000] {logging_mixin.py:154} INFO - [2024-10-06T00:59:18.124+0000] {dag.py:2941} INFO - Sync 1 DAGs
[2024-10-06T00:59:18.129+0000] {logging_mixin.py:154} INFO - [2024-10-06T00:59:18.129+0000] {dag.py:3722} INFO - Setting next_dagrun for example_kubernetes_executor to None, run_after=None
[2024-10-06T00:59:18.135+0000] {processor.py:179} INFO - Processing /home/airflow/.local/lib/python3.8/site-packages/airflow/example_dags/example_kubernetes_executor.py took 0.041 seconds
[2024-10-06T02:12:19.179+0000] {processor.py:157} INFO - Started process (PID=25882) to work on /home/airflow/.local/lib/python3.8/site-packages/airflow/example_dags/example_kubernetes_executor.py
[2024-10-06T02:12:19.180+0000] {processor.py:829} INFO - Processing file /home/airflow/.local/lib/python3.8/site-packages/airflow/example_dags/example_kubernetes_executor.py for tasks to queue
[2024-10-06T02:12:19.181+0000] {logging_mixin.py:154} INFO - [2024-10-06T02:12:19.181+0000] {dagbag.py:536} INFO - Filling up the DagBag from /home/airflow/.local/lib/python3.8/site-packages/airflow/example_dags/example_kubernetes_executor.py
[2024-10-06T02:12:19.188+0000] {processor.py:839} INFO - DAG(s) dict_keys(['example_kubernetes_executor']) retrieved from /home/airflow/.local/lib/python3.8/site-packages/airflow/example_dags/example_kubernetes_executor.py
[2024-10-06T02:12:19.207+0000] {logging_mixin.py:154} INFO - [2024-10-06T02:12:19.207+0000] {dag.py:2941} INFO - Sync 1 DAGs
[2024-10-06T02:12:19.212+0000] {logging_mixin.py:154} INFO - [2024-10-06T02:12:19.212+0000] {dag.py:3722} INFO - Setting next_dagrun for example_kubernetes_executor to None, run_after=None
[2024-10-06T02:12:19.218+0000] {processor.py:179} INFO - Processing /home/airflow/.local/lib/python3.8/site-packages/airflow/example_dags/example_kubernetes_executor.py took 0.041 seconds
[2024-10-06T02:48:45.803+0000] {processor.py:157} INFO - Started process (PID=25936) to work on /home/airflow/.local/lib/python3.8/site-packages/airflow/example_dags/example_kubernetes_executor.py
[2024-10-06T02:48:45.804+0000] {processor.py:829} INFO - Processing file /home/airflow/.local/lib/python3.8/site-packages/airflow/example_dags/example_kubernetes_executor.py for tasks to queue
[2024-10-06T02:48:45.806+0000] {logging_mixin.py:154} INFO - [2024-10-06T02:48:45.806+0000] {dagbag.py:536} INFO - Filling up the DagBag from /home/airflow/.local/lib/python3.8/site-packages/airflow/example_dags/example_kubernetes_executor.py
[2024-10-06T02:48:45.817+0000] {processor.py:839} INFO - DAG(s) dict_keys(['example_kubernetes_executor']) retrieved from /home/airflow/.local/lib/python3.8/site-packages/airflow/example_dags/example_kubernetes_executor.py
[2024-10-06T02:48:45.838+0000] {logging_mixin.py:154} INFO - [2024-10-06T02:48:45.838+0000] {dag.py:2941} INFO - Sync 1 DAGs
[2024-10-06T02:48:45.844+0000] {logging_mixin.py:154} INFO - [2024-10-06T02:48:45.844+0000] {dag.py:3722} INFO - Setting next_dagrun for example_kubernetes_executor to None, run_after=None
[2024-10-06T02:48:45.853+0000] {processor.py:179} INFO - Processing /home/airflow/.local/lib/python3.8/site-packages/airflow/example_dags/example_kubernetes_executor.py took 0.052 seconds
[2024-10-06T03:19:21.839+0000] {processor.py:157} INFO - Started process (PID=25990) to work on /home/airflow/.local/lib/python3.8/site-packages/airflow/example_dags/example_kubernetes_executor.py
[2024-10-06T03:19:21.840+0000] {processor.py:829} INFO - Processing file /home/airflow/.local/lib/python3.8/site-packages/airflow/example_dags/example_kubernetes_executor.py for tasks to queue
[2024-10-06T03:19:21.841+0000] {logging_mixin.py:154} INFO - [2024-10-06T03:19:21.841+0000] {dagbag.py:536} INFO - Filling up the DagBag from /home/airflow/.local/lib/python3.8/site-packages/airflow/example_dags/example_kubernetes_executor.py
[2024-10-06T03:19:21.849+0000] {processor.py:839} INFO - DAG(s) dict_keys(['example_kubernetes_executor']) retrieved from /home/airflow/.local/lib/python3.8/site-packages/airflow/example_dags/example_kubernetes_executor.py
[2024-10-06T03:19:21.869+0000] {logging_mixin.py:154} INFO - [2024-10-06T03:19:21.868+0000] {dag.py:2941} INFO - Sync 1 DAGs
[2024-10-06T03:19:21.873+0000] {logging_mixin.py:154} INFO - [2024-10-06T03:19:21.873+0000] {dag.py:3722} INFO - Setting next_dagrun for example_kubernetes_executor to None, run_after=None
[2024-10-06T03:19:21.880+0000] {processor.py:179} INFO - Processing /home/airflow/.local/lib/python3.8/site-packages/airflow/example_dags/example_kubernetes_executor.py took 0.043 seconds
[2024-10-06T04:34:55.555+0000] {processor.py:157} INFO - Started process (PID=26044) to work on /home/airflow/.local/lib/python3.8/site-packages/airflow/example_dags/example_kubernetes_executor.py
[2024-10-06T04:34:55.556+0000] {processor.py:829} INFO - Processing file /home/airflow/.local/lib/python3.8/site-packages/airflow/example_dags/example_kubernetes_executor.py for tasks to queue
[2024-10-06T04:34:55.558+0000] {logging_mixin.py:154} INFO - [2024-10-06T04:34:55.557+0000] {dagbag.py:536} INFO - Filling up the DagBag from /home/airflow/.local/lib/python3.8/site-packages/airflow/example_dags/example_kubernetes_executor.py
[2024-10-06T04:34:55.566+0000] {processor.py:839} INFO - DAG(s) dict_keys(['example_kubernetes_executor']) retrieved from /home/airflow/.local/lib/python3.8/site-packages/airflow/example_dags/example_kubernetes_executor.py
[2024-10-06T04:34:55.589+0000] {logging_mixin.py:154} INFO - [2024-10-06T04:34:55.589+0000] {dag.py:2941} INFO - Sync 1 DAGs
[2024-10-06T04:34:55.595+0000] {logging_mixin.py:154} INFO - [2024-10-06T04:34:55.595+0000] {dag.py:3722} INFO - Setting next_dagrun for example_kubernetes_executor to None, run_after=None
[2024-10-06T04:34:55.606+0000] {processor.py:179} INFO - Processing /home/airflow/.local/lib/python3.8/site-packages/airflow/example_dags/example_kubernetes_executor.py took 0.053 seconds
[2024-10-06T05:54:00.462+0000] {processor.py:157} INFO - Started process (PID=26098) to work on /home/airflow/.local/lib/python3.8/site-packages/airflow/example_dags/example_kubernetes_executor.py
[2024-10-06T05:54:00.463+0000] {processor.py:829} INFO - Processing file /home/airflow/.local/lib/python3.8/site-packages/airflow/example_dags/example_kubernetes_executor.py for tasks to queue
[2024-10-06T05:54:00.464+0000] {logging_mixin.py:154} INFO - [2024-10-06T05:54:00.464+0000] {dagbag.py:536} INFO - Filling up the DagBag from /home/airflow/.local/lib/python3.8/site-packages/airflow/example_dags/example_kubernetes_executor.py
[2024-10-06T05:54:00.473+0000] {processor.py:839} INFO - DAG(s) dict_keys(['example_kubernetes_executor']) retrieved from /home/airflow/.local/lib/python3.8/site-packages/airflow/example_dags/example_kubernetes_executor.py
[2024-10-06T05:54:00.494+0000] {logging_mixin.py:154} INFO - [2024-10-06T05:54:00.494+0000] {dag.py:2941} INFO - Sync 1 DAGs
[2024-10-06T05:54:00.500+0000] {logging_mixin.py:154} INFO - [2024-10-06T05:54:00.500+0000] {dag.py:3722} INFO - Setting next_dagrun for example_kubernetes_executor to None, run_after=None
[2024-10-06T05:54:00.507+0000] {processor.py:179} INFO - Processing /home/airflow/.local/lib/python3.8/site-packages/airflow/example_dags/example_kubernetes_executor.py took 0.047 seconds
[2024-10-06T06:41:06.249+0000] {processor.py:157} INFO - Started process (PID=26152) to work on /home/airflow/.local/lib/python3.8/site-packages/airflow/example_dags/example_kubernetes_executor.py
[2024-10-06T06:41:06.251+0000] {processor.py:829} INFO - Processing file /home/airflow/.local/lib/python3.8/site-packages/airflow/example_dags/example_kubernetes_executor.py for tasks to queue
[2024-10-06T06:41:06.253+0000] {logging_mixin.py:154} INFO - [2024-10-06T06:41:06.253+0000] {dagbag.py:536} INFO - Filling up the DagBag from /home/airflow/.local/lib/python3.8/site-packages/airflow/example_dags/example_kubernetes_executor.py
[2024-10-06T06:41:06.263+0000] {processor.py:839} INFO - DAG(s) dict_keys(['example_kubernetes_executor']) retrieved from /home/airflow/.local/lib/python3.8/site-packages/airflow/example_dags/example_kubernetes_executor.py
[2024-10-06T06:41:06.282+0000] {logging_mixin.py:154} INFO - [2024-10-06T06:41:06.282+0000] {dag.py:2941} INFO - Sync 1 DAGs
[2024-10-06T06:41:06.287+0000] {logging_mixin.py:154} INFO - [2024-10-06T06:41:06.287+0000] {dag.py:3722} INFO - Setting next_dagrun for example_kubernetes_executor to None, run_after=None
[2024-10-06T06:41:06.293+0000] {processor.py:179} INFO - Processing /home/airflow/.local/lib/python3.8/site-packages/airflow/example_dags/example_kubernetes_executor.py took 0.046 seconds
[2024-10-06T08:19:28.870+0000] {processor.py:157} INFO - Started process (PID=26206) to work on /home/airflow/.local/lib/python3.8/site-packages/airflow/example_dags/example_kubernetes_executor.py
[2024-10-06T08:19:28.870+0000] {processor.py:829} INFO - Processing file /home/airflow/.local/lib/python3.8/site-packages/airflow/example_dags/example_kubernetes_executor.py for tasks to queue
[2024-10-06T08:19:28.871+0000] {logging_mixin.py:154} INFO - [2024-10-06T08:19:28.871+0000] {dagbag.py:536} INFO - Filling up the DagBag from /home/airflow/.local/lib/python3.8/site-packages/airflow/example_dags/example_kubernetes_executor.py
[2024-10-06T08:19:28.878+0000] {processor.py:839} INFO - DAG(s) dict_keys(['example_kubernetes_executor']) retrieved from /home/airflow/.local/lib/python3.8/site-packages/airflow/example_dags/example_kubernetes_executor.py
[2024-10-06T08:19:28.898+0000] {logging_mixin.py:154} INFO - [2024-10-06T08:19:28.898+0000] {dag.py:2941} INFO - Sync 1 DAGs
[2024-10-06T08:19:28.903+0000] {logging_mixin.py:154} INFO - [2024-10-06T08:19:28.903+0000] {dag.py:3722} INFO - Setting next_dagrun for example_kubernetes_executor to None, run_after=None
[2024-10-06T08:19:28.909+0000] {processor.py:179} INFO - Processing /home/airflow/.local/lib/python3.8/site-packages/airflow/example_dags/example_kubernetes_executor.py took 0.041 seconds
[2024-10-06T09:31:44.899+0000] {processor.py:157} INFO - Started process (PID=26260) to work on /home/airflow/.local/lib/python3.8/site-packages/airflow/example_dags/example_kubernetes_executor.py
[2024-10-06T09:31:44.899+0000] {processor.py:829} INFO - Processing file /home/airflow/.local/lib/python3.8/site-packages/airflow/example_dags/example_kubernetes_executor.py for tasks to queue
[2024-10-06T09:31:44.901+0000] {logging_mixin.py:154} INFO - [2024-10-06T09:31:44.901+0000] {dagbag.py:536} INFO - Filling up the DagBag from /home/airflow/.local/lib/python3.8/site-packages/airflow/example_dags/example_kubernetes_executor.py
[2024-10-06T09:31:44.909+0000] {processor.py:839} INFO - DAG(s) dict_keys(['example_kubernetes_executor']) retrieved from /home/airflow/.local/lib/python3.8/site-packages/airflow/example_dags/example_kubernetes_executor.py
[2024-10-06T09:31:44.934+0000] {logging_mixin.py:154} INFO - [2024-10-06T09:31:44.934+0000] {dag.py:2941} INFO - Sync 1 DAGs
[2024-10-06T09:31:44.942+0000] {logging_mixin.py:154} INFO - [2024-10-06T09:31:44.941+0000] {dag.py:3722} INFO - Setting next_dagrun for example_kubernetes_executor to None, run_after=None
[2024-10-06T09:31:44.952+0000] {processor.py:179} INFO - Processing /home/airflow/.local/lib/python3.8/site-packages/airflow/example_dags/example_kubernetes_executor.py took 0.055 seconds
[2024-10-06T10:45:24.531+0000] {processor.py:157} INFO - Started process (PID=26314) to work on /home/airflow/.local/lib/python3.8/site-packages/airflow/example_dags/example_kubernetes_executor.py
[2024-10-06T10:45:24.531+0000] {processor.py:829} INFO - Processing file /home/airflow/.local/lib/python3.8/site-packages/airflow/example_dags/example_kubernetes_executor.py for tasks to queue
[2024-10-06T10:45:24.532+0000] {logging_mixin.py:154} INFO - [2024-10-06T10:45:24.532+0000] {dagbag.py:536} INFO - Filling up the DagBag from /home/airflow/.local/lib/python3.8/site-packages/airflow/example_dags/example_kubernetes_executor.py
[2024-10-06T10:45:24.540+0000] {processor.py:839} INFO - DAG(s) dict_keys(['example_kubernetes_executor']) retrieved from /home/airflow/.local/lib/python3.8/site-packages/airflow/example_dags/example_kubernetes_executor.py
[2024-10-06T10:45:24.559+0000] {logging_mixin.py:154} INFO - [2024-10-06T10:45:24.559+0000] {dag.py:2941} INFO - Sync 1 DAGs
[2024-10-06T10:45:24.564+0000] {logging_mixin.py:154} INFO - [2024-10-06T10:45:24.564+0000] {dag.py:3722} INFO - Setting next_dagrun for example_kubernetes_executor to None, run_after=None
[2024-10-06T10:45:24.571+0000] {processor.py:179} INFO - Processing /home/airflow/.local/lib/python3.8/site-packages/airflow/example_dags/example_kubernetes_executor.py took 0.042 seconds
[2024-10-06T11:46:24.786+0000] {processor.py:157} INFO - Started process (PID=26368) to work on /home/airflow/.local/lib/python3.8/site-packages/airflow/example_dags/example_kubernetes_executor.py
[2024-10-06T11:46:24.789+0000] {processor.py:829} INFO - Processing file /home/airflow/.local/lib/python3.8/site-packages/airflow/example_dags/example_kubernetes_executor.py for tasks to queue
[2024-10-06T11:46:24.791+0000] {logging_mixin.py:154} INFO - [2024-10-06T11:46:24.791+0000] {dagbag.py:536} INFO - Filling up the DagBag from /home/airflow/.local/lib/python3.8/site-packages/airflow/example_dags/example_kubernetes_executor.py
[2024-10-06T11:46:24.799+0000] {processor.py:839} INFO - DAG(s) dict_keys(['example_kubernetes_executor']) retrieved from /home/airflow/.local/lib/python3.8/site-packages/airflow/example_dags/example_kubernetes_executor.py
[2024-10-06T11:46:24.820+0000] {logging_mixin.py:154} INFO - [2024-10-06T11:46:24.820+0000] {dag.py:2941} INFO - Sync 1 DAGs
[2024-10-06T11:46:24.826+0000] {logging_mixin.py:154} INFO - [2024-10-06T11:46:24.826+0000] {dag.py:3722} INFO - Setting next_dagrun for example_kubernetes_executor to None, run_after=None
[2024-10-06T11:46:24.837+0000] {processor.py:179} INFO - Processing /home/airflow/.local/lib/python3.8/site-packages/airflow/example_dags/example_kubernetes_executor.py took 0.053 seconds
[2024-10-06T12:33:56.668+0000] {processor.py:157} INFO - Started process (PID=26422) to work on /home/airflow/.local/lib/python3.8/site-packages/airflow/example_dags/example_kubernetes_executor.py
[2024-10-06T12:33:56.669+0000] {processor.py:829} INFO - Processing file /home/airflow/.local/lib/python3.8/site-packages/airflow/example_dags/example_kubernetes_executor.py for tasks to queue
[2024-10-06T12:33:56.670+0000] {logging_mixin.py:154} INFO - [2024-10-06T12:33:56.670+0000] {dagbag.py:536} INFO - Filling up the DagBag from /home/airflow/.local/lib/python3.8/site-packages/airflow/example_dags/example_kubernetes_executor.py
[2024-10-06T12:33:56.679+0000] {processor.py:839} INFO - DAG(s) dict_keys(['example_kubernetes_executor']) retrieved from /home/airflow/.local/lib/python3.8/site-packages/airflow/example_dags/example_kubernetes_executor.py
[2024-10-06T12:33:56.701+0000] {logging_mixin.py:154} INFO - [2024-10-06T12:33:56.701+0000] {dag.py:2941} INFO - Sync 1 DAGs
[2024-10-06T12:33:56.707+0000] {logging_mixin.py:154} INFO - [2024-10-06T12:33:56.707+0000] {dag.py:3722} INFO - Setting next_dagrun for example_kubernetes_executor to None, run_after=None
[2024-10-06T12:33:56.717+0000] {processor.py:179} INFO - Processing /home/airflow/.local/lib/python3.8/site-packages/airflow/example_dags/example_kubernetes_executor.py took 0.051 seconds
[2024-10-06T13:17:26.844+0000] {processor.py:157} INFO - Started process (PID=26476) to work on /home/airflow/.local/lib/python3.8/site-packages/airflow/example_dags/example_kubernetes_executor.py
[2024-10-06T13:17:26.844+0000] {processor.py:829} INFO - Processing file /home/airflow/.local/lib/python3.8/site-packages/airflow/example_dags/example_kubernetes_executor.py for tasks to queue
[2024-10-06T13:17:26.845+0000] {logging_mixin.py:154} INFO - [2024-10-06T13:17:26.845+0000] {dagbag.py:536} INFO - Filling up the DagBag from /home/airflow/.local/lib/python3.8/site-packages/airflow/example_dags/example_kubernetes_executor.py
[2024-10-06T13:17:26.853+0000] {processor.py:839} INFO - DAG(s) dict_keys(['example_kubernetes_executor']) retrieved from /home/airflow/.local/lib/python3.8/site-packages/airflow/example_dags/example_kubernetes_executor.py
[2024-10-06T13:17:27.145+0000] {logging_mixin.py:154} INFO - [2024-10-06T13:17:27.144+0000] {dag.py:2941} INFO - Sync 1 DAGs
[2024-10-06T13:17:27.154+0000] {logging_mixin.py:154} INFO - [2024-10-06T13:17:27.154+0000] {dag.py:3722} INFO - Setting next_dagrun for example_kubernetes_executor to None, run_after=None
[2024-10-06T13:17:27.234+0000] {processor.py:179} INFO - Processing /home/airflow/.local/lib/python3.8/site-packages/airflow/example_dags/example_kubernetes_executor.py took 0.391 seconds
[2024-10-06T14:49:25.702+0000] {processor.py:157} INFO - Started process (PID=26530) to work on /home/airflow/.local/lib/python3.8/site-packages/airflow/example_dags/example_kubernetes_executor.py
[2024-10-06T14:49:25.703+0000] {processor.py:829} INFO - Processing file /home/airflow/.local/lib/python3.8/site-packages/airflow/example_dags/example_kubernetes_executor.py for tasks to queue
[2024-10-06T14:49:25.704+0000] {logging_mixin.py:154} INFO - [2024-10-06T14:49:25.704+0000] {dagbag.py:536} INFO - Filling up the DagBag from /home/airflow/.local/lib/python3.8/site-packages/airflow/example_dags/example_kubernetes_executor.py
[2024-10-06T14:49:25.713+0000] {processor.py:839} INFO - DAG(s) dict_keys(['example_kubernetes_executor']) retrieved from /home/airflow/.local/lib/python3.8/site-packages/airflow/example_dags/example_kubernetes_executor.py
[2024-10-06T14:49:25.738+0000] {logging_mixin.py:154} INFO - [2024-10-06T14:49:25.737+0000] {dag.py:2941} INFO - Sync 1 DAGs
[2024-10-06T14:49:25.745+0000] {logging_mixin.py:154} INFO - [2024-10-06T14:49:25.745+0000] {dag.py:3722} INFO - Setting next_dagrun for example_kubernetes_executor to None, run_after=None
[2024-10-06T14:49:25.757+0000] {processor.py:179} INFO - Processing /home/airflow/.local/lib/python3.8/site-packages/airflow/example_dags/example_kubernetes_executor.py took 0.057 seconds
[2024-10-06T15:50:29.908+0000] {processor.py:157} INFO - Started process (PID=26584) to work on /home/airflow/.local/lib/python3.8/site-packages/airflow/example_dags/example_kubernetes_executor.py
[2024-10-06T15:50:29.908+0000] {processor.py:829} INFO - Processing file /home/airflow/.local/lib/python3.8/site-packages/airflow/example_dags/example_kubernetes_executor.py for tasks to queue
[2024-10-06T15:50:29.909+0000] {logging_mixin.py:154} INFO - [2024-10-06T15:50:29.909+0000] {dagbag.py:536} INFO - Filling up the DagBag from /home/airflow/.local/lib/python3.8/site-packages/airflow/example_dags/example_kubernetes_executor.py
[2024-10-06T15:50:29.917+0000] {processor.py:839} INFO - DAG(s) dict_keys(['example_kubernetes_executor']) retrieved from /home/airflow/.local/lib/python3.8/site-packages/airflow/example_dags/example_kubernetes_executor.py
[2024-10-06T15:50:29.936+0000] {logging_mixin.py:154} INFO - [2024-10-06T15:50:29.935+0000] {dag.py:2941} INFO - Sync 1 DAGs
[2024-10-06T15:50:29.941+0000] {logging_mixin.py:154} INFO - [2024-10-06T15:50:29.941+0000] {dag.py:3722} INFO - Setting next_dagrun for example_kubernetes_executor to None, run_after=None
[2024-10-06T15:50:29.947+0000] {processor.py:179} INFO - Processing /home/airflow/.local/lib/python3.8/site-packages/airflow/example_dags/example_kubernetes_executor.py took 0.041 seconds
[2024-10-06T16:11:22.405+0000] {processor.py:157} INFO - Started process (PID=26638) to work on /home/airflow/.local/lib/python3.8/site-packages/airflow/example_dags/example_kubernetes_executor.py
[2024-10-06T16:11:22.405+0000] {processor.py:829} INFO - Processing file /home/airflow/.local/lib/python3.8/site-packages/airflow/example_dags/example_kubernetes_executor.py for tasks to queue
[2024-10-06T16:11:22.407+0000] {logging_mixin.py:154} INFO - [2024-10-06T16:11:22.406+0000] {dagbag.py:536} INFO - Filling up the DagBag from /home/airflow/.local/lib/python3.8/site-packages/airflow/example_dags/example_kubernetes_executor.py
[2024-10-06T16:11:22.416+0000] {processor.py:839} INFO - DAG(s) dict_keys(['example_kubernetes_executor']) retrieved from /home/airflow/.local/lib/python3.8/site-packages/airflow/example_dags/example_kubernetes_executor.py
[2024-10-06T16:11:22.442+0000] {logging_mixin.py:154} INFO - [2024-10-06T16:11:22.442+0000] {dag.py:2941} INFO - Sync 1 DAGs
[2024-10-06T16:11:22.450+0000] {logging_mixin.py:154} INFO - [2024-10-06T16:11:22.450+0000] {dag.py:3722} INFO - Setting next_dagrun for example_kubernetes_executor to None, run_after=None
[2024-10-06T16:11:22.469+0000] {processor.py:179} INFO - Processing /home/airflow/.local/lib/python3.8/site-packages/airflow/example_dags/example_kubernetes_executor.py took 0.066 seconds
[2024-10-06T16:16:59.870+0000] {processor.py:157} INFO - Started process (PID=26692) to work on /home/airflow/.local/lib/python3.8/site-packages/airflow/example_dags/example_kubernetes_executor.py
[2024-10-06T16:16:59.870+0000] {processor.py:829} INFO - Processing file /home/airflow/.local/lib/python3.8/site-packages/airflow/example_dags/example_kubernetes_executor.py for tasks to queue
[2024-10-06T16:16:59.872+0000] {logging_mixin.py:154} INFO - [2024-10-06T16:16:59.871+0000] {dagbag.py:536} INFO - Filling up the DagBag from /home/airflow/.local/lib/python3.8/site-packages/airflow/example_dags/example_kubernetes_executor.py
[2024-10-06T16:16:59.879+0000] {processor.py:839} INFO - DAG(s) dict_keys(['example_kubernetes_executor']) retrieved from /home/airflow/.local/lib/python3.8/site-packages/airflow/example_dags/example_kubernetes_executor.py
[2024-10-06T16:16:59.900+0000] {logging_mixin.py:154} INFO - [2024-10-06T16:16:59.900+0000] {dag.py:2941} INFO - Sync 1 DAGs
[2024-10-06T16:16:59.907+0000] {logging_mixin.py:154} INFO - [2024-10-06T16:16:59.907+0000] {dag.py:3722} INFO - Setting next_dagrun for example_kubernetes_executor to None, run_after=None
[2024-10-06T16:16:59.919+0000] {processor.py:179} INFO - Processing /home/airflow/.local/lib/python3.8/site-packages/airflow/example_dags/example_kubernetes_executor.py took 0.051 seconds
[2024-10-06T17:25:36.781+0000] {processor.py:157} INFO - Started process (PID=26746) to work on /home/airflow/.local/lib/python3.8/site-packages/airflow/example_dags/example_kubernetes_executor.py
[2024-10-06T17:25:36.782+0000] {processor.py:829} INFO - Processing file /home/airflow/.local/lib/python3.8/site-packages/airflow/example_dags/example_kubernetes_executor.py for tasks to queue
[2024-10-06T17:25:36.784+0000] {logging_mixin.py:154} INFO - [2024-10-06T17:25:36.784+0000] {dagbag.py:536} INFO - Filling up the DagBag from /home/airflow/.local/lib/python3.8/site-packages/airflow/example_dags/example_kubernetes_executor.py
[2024-10-06T17:25:36.793+0000] {processor.py:839} INFO - DAG(s) dict_keys(['example_kubernetes_executor']) retrieved from /home/airflow/.local/lib/python3.8/site-packages/airflow/example_dags/example_kubernetes_executor.py
[2024-10-06T17:25:36.816+0000] {logging_mixin.py:154} INFO - [2024-10-06T17:25:36.816+0000] {dag.py:2941} INFO - Sync 1 DAGs
[2024-10-06T17:25:36.823+0000] {logging_mixin.py:154} INFO - [2024-10-06T17:25:36.823+0000] {dag.py:3722} INFO - Setting next_dagrun for example_kubernetes_executor to None, run_after=None
[2024-10-06T17:25:36.834+0000] {processor.py:179} INFO - Processing /home/airflow/.local/lib/python3.8/site-packages/airflow/example_dags/example_kubernetes_executor.py took 0.054 seconds
[2024-10-06T17:48:09.269+0000] {processor.py:157} INFO - Started process (PID=26800) to work on /home/airflow/.local/lib/python3.8/site-packages/airflow/example_dags/example_kubernetes_executor.py
[2024-10-06T17:48:09.270+0000] {processor.py:829} INFO - Processing file /home/airflow/.local/lib/python3.8/site-packages/airflow/example_dags/example_kubernetes_executor.py for tasks to queue
[2024-10-06T17:48:09.271+0000] {logging_mixin.py:154} INFO - [2024-10-06T17:48:09.271+0000] {dagbag.py:536} INFO - Filling up the DagBag from /home/airflow/.local/lib/python3.8/site-packages/airflow/example_dags/example_kubernetes_executor.py
[2024-10-06T17:48:09.279+0000] {processor.py:839} INFO - DAG(s) dict_keys(['example_kubernetes_executor']) retrieved from /home/airflow/.local/lib/python3.8/site-packages/airflow/example_dags/example_kubernetes_executor.py
[2024-10-06T17:48:09.299+0000] {logging_mixin.py:154} INFO - [2024-10-06T17:48:09.298+0000] {dag.py:2941} INFO - Sync 1 DAGs
[2024-10-06T17:48:09.303+0000] {logging_mixin.py:154} INFO - [2024-10-06T17:48:09.303+0000] {dag.py:3722} INFO - Setting next_dagrun for example_kubernetes_executor to None, run_after=None
[2024-10-06T17:48:09.310+0000] {processor.py:179} INFO - Processing /home/airflow/.local/lib/python3.8/site-packages/airflow/example_dags/example_kubernetes_executor.py took 0.042 seconds
[2024-10-06T18:17:57.586+0000] {processor.py:157} INFO - Started process (PID=26854) to work on /home/airflow/.local/lib/python3.8/site-packages/airflow/example_dags/example_kubernetes_executor.py
[2024-10-06T18:17:57.586+0000] {processor.py:829} INFO - Processing file /home/airflow/.local/lib/python3.8/site-packages/airflow/example_dags/example_kubernetes_executor.py for tasks to queue
[2024-10-06T18:17:57.588+0000] {logging_mixin.py:154} INFO - [2024-10-06T18:17:57.587+0000] {dagbag.py:536} INFO - Filling up the DagBag from /home/airflow/.local/lib/python3.8/site-packages/airflow/example_dags/example_kubernetes_executor.py
[2024-10-06T18:17:57.594+0000] {processor.py:839} INFO - DAG(s) dict_keys(['example_kubernetes_executor']) retrieved from /home/airflow/.local/lib/python3.8/site-packages/airflow/example_dags/example_kubernetes_executor.py
[2024-10-06T18:17:57.615+0000] {logging_mixin.py:154} INFO - [2024-10-06T18:17:57.614+0000] {dag.py:2941} INFO - Sync 1 DAGs
[2024-10-06T18:17:57.621+0000] {logging_mixin.py:154} INFO - [2024-10-06T18:17:57.620+0000] {dag.py:3722} INFO - Setting next_dagrun for example_kubernetes_executor to None, run_after=None
[2024-10-06T18:17:57.627+0000] {processor.py:179} INFO - Processing /home/airflow/.local/lib/python3.8/site-packages/airflow/example_dags/example_kubernetes_executor.py took 0.044 seconds
[2024-10-06T19:43:22.089+0000] {processor.py:157} INFO - Started process (PID=26908) to work on /home/airflow/.local/lib/python3.8/site-packages/airflow/example_dags/example_kubernetes_executor.py
[2024-10-06T19:43:22.090+0000] {processor.py:829} INFO - Processing file /home/airflow/.local/lib/python3.8/site-packages/airflow/example_dags/example_kubernetes_executor.py for tasks to queue
[2024-10-06T19:43:22.091+0000] {logging_mixin.py:154} INFO - [2024-10-06T19:43:22.091+0000] {dagbag.py:536} INFO - Filling up the DagBag from /home/airflow/.local/lib/python3.8/site-packages/airflow/example_dags/example_kubernetes_executor.py
[2024-10-06T19:43:22.100+0000] {processor.py:839} INFO - DAG(s) dict_keys(['example_kubernetes_executor']) retrieved from /home/airflow/.local/lib/python3.8/site-packages/airflow/example_dags/example_kubernetes_executor.py
[2024-10-06T19:43:22.121+0000] {logging_mixin.py:154} INFO - [2024-10-06T19:43:22.121+0000] {dag.py:2941} INFO - Sync 1 DAGs
[2024-10-06T19:43:22.126+0000] {logging_mixin.py:154} INFO - [2024-10-06T19:43:22.126+0000] {dag.py:3722} INFO - Setting next_dagrun for example_kubernetes_executor to None, run_after=None
[2024-10-06T19:43:22.134+0000] {processor.py:179} INFO - Processing /home/airflow/.local/lib/python3.8/site-packages/airflow/example_dags/example_kubernetes_executor.py took 0.046 seconds
[2024-10-06T20:31:09.319+0000] {processor.py:157} INFO - Started process (PID=26962) to work on /home/airflow/.local/lib/python3.8/site-packages/airflow/example_dags/example_kubernetes_executor.py
[2024-10-06T20:31:09.320+0000] {processor.py:829} INFO - Processing file /home/airflow/.local/lib/python3.8/site-packages/airflow/example_dags/example_kubernetes_executor.py for tasks to queue
[2024-10-06T20:31:09.321+0000] {logging_mixin.py:154} INFO - [2024-10-06T20:31:09.321+0000] {dagbag.py:536} INFO - Filling up the DagBag from /home/airflow/.local/lib/python3.8/site-packages/airflow/example_dags/example_kubernetes_executor.py
[2024-10-06T20:31:09.328+0000] {processor.py:839} INFO - DAG(s) dict_keys(['example_kubernetes_executor']) retrieved from /home/airflow/.local/lib/python3.8/site-packages/airflow/example_dags/example_kubernetes_executor.py
[2024-10-06T20:31:09.347+0000] {logging_mixin.py:154} INFO - [2024-10-06T20:31:09.346+0000] {dag.py:2941} INFO - Sync 1 DAGs
[2024-10-06T20:31:09.351+0000] {logging_mixin.py:154} INFO - [2024-10-06T20:31:09.351+0000] {dag.py:3722} INFO - Setting next_dagrun for example_kubernetes_executor to None, run_after=None
[2024-10-06T20:31:09.358+0000] {processor.py:179} INFO - Processing /home/airflow/.local/lib/python3.8/site-packages/airflow/example_dags/example_kubernetes_executor.py took 0.041 seconds
[2024-10-06T20:40:14.188+0000] {processor.py:157} INFO - Started process (PID=27016) to work on /home/airflow/.local/lib/python3.8/site-packages/airflow/example_dags/example_kubernetes_executor.py
[2024-10-06T20:40:14.189+0000] {processor.py:829} INFO - Processing file /home/airflow/.local/lib/python3.8/site-packages/airflow/example_dags/example_kubernetes_executor.py for tasks to queue
[2024-10-06T20:40:14.191+0000] {logging_mixin.py:154} INFO - [2024-10-06T20:40:14.191+0000] {dagbag.py:536} INFO - Filling up the DagBag from /home/airflow/.local/lib/python3.8/site-packages/airflow/example_dags/example_kubernetes_executor.py
[2024-10-06T20:40:14.201+0000] {processor.py:839} INFO - DAG(s) dict_keys(['example_kubernetes_executor']) retrieved from /home/airflow/.local/lib/python3.8/site-packages/airflow/example_dags/example_kubernetes_executor.py
[2024-10-06T20:40:14.227+0000] {logging_mixin.py:154} INFO - [2024-10-06T20:40:14.226+0000] {dag.py:2941} INFO - Sync 1 DAGs
[2024-10-06T20:40:14.233+0000] {logging_mixin.py:154} INFO - [2024-10-06T20:40:14.233+0000] {dag.py:3722} INFO - Setting next_dagrun for example_kubernetes_executor to None, run_after=None
[2024-10-06T20:40:14.281+0000] {processor.py:179} INFO - Processing /home/airflow/.local/lib/python3.8/site-packages/airflow/example_dags/example_kubernetes_executor.py took 0.095 seconds
[2024-10-06T20:43:24.604+0000] {processor.py:157} INFO - Started process (PID=27070) to work on /home/airflow/.local/lib/python3.8/site-packages/airflow/example_dags/example_kubernetes_executor.py
[2024-10-06T20:43:24.605+0000] {processor.py:829} INFO - Processing file /home/airflow/.local/lib/python3.8/site-packages/airflow/example_dags/example_kubernetes_executor.py for tasks to queue
[2024-10-06T20:43:24.606+0000] {logging_mixin.py:154} INFO - [2024-10-06T20:43:24.606+0000] {dagbag.py:536} INFO - Filling up the DagBag from /home/airflow/.local/lib/python3.8/site-packages/airflow/example_dags/example_kubernetes_executor.py
[2024-10-06T20:43:24.615+0000] {processor.py:839} INFO - DAG(s) dict_keys(['example_kubernetes_executor']) retrieved from /home/airflow/.local/lib/python3.8/site-packages/airflow/example_dags/example_kubernetes_executor.py
[2024-10-06T20:43:24.639+0000] {logging_mixin.py:154} INFO - [2024-10-06T20:43:24.639+0000] {dag.py:2941} INFO - Sync 1 DAGs
[2024-10-06T20:43:24.645+0000] {logging_mixin.py:154} INFO - [2024-10-06T20:43:24.645+0000] {dag.py:3722} INFO - Setting next_dagrun for example_kubernetes_executor to None, run_after=None
[2024-10-06T20:43:24.655+0000] {processor.py:179} INFO - Processing /home/airflow/.local/lib/python3.8/site-packages/airflow/example_dags/example_kubernetes_executor.py took 0.053 seconds
[2024-10-06T21:12:02.672+0000] {processor.py:157} INFO - Started process (PID=27124) to work on /home/airflow/.local/lib/python3.8/site-packages/airflow/example_dags/example_kubernetes_executor.py
[2024-10-06T21:12:02.673+0000] {processor.py:829} INFO - Processing file /home/airflow/.local/lib/python3.8/site-packages/airflow/example_dags/example_kubernetes_executor.py for tasks to queue
[2024-10-06T21:12:02.674+0000] {logging_mixin.py:154} INFO - [2024-10-06T21:12:02.674+0000] {dagbag.py:536} INFO - Filling up the DagBag from /home/airflow/.local/lib/python3.8/site-packages/airflow/example_dags/example_kubernetes_executor.py
[2024-10-06T21:12:02.684+0000] {processor.py:839} INFO - DAG(s) dict_keys(['example_kubernetes_executor']) retrieved from /home/airflow/.local/lib/python3.8/site-packages/airflow/example_dags/example_kubernetes_executor.py
[2024-10-06T21:12:02.711+0000] {logging_mixin.py:154} INFO - [2024-10-06T21:12:02.710+0000] {dag.py:2941} INFO - Sync 1 DAGs
[2024-10-06T21:12:02.718+0000] {logging_mixin.py:154} INFO - [2024-10-06T21:12:02.718+0000] {dag.py:3722} INFO - Setting next_dagrun for example_kubernetes_executor to None, run_after=None
[2024-10-06T21:12:02.730+0000] {processor.py:179} INFO - Processing /home/airflow/.local/lib/python3.8/site-packages/airflow/example_dags/example_kubernetes_executor.py took 0.060 seconds
[2024-10-06T21:13:25.633+0000] {processor.py:157} INFO - Started process (PID=27178) to work on /home/airflow/.local/lib/python3.8/site-packages/airflow/example_dags/example_kubernetes_executor.py
[2024-10-06T21:13:25.634+0000] {processor.py:829} INFO - Processing file /home/airflow/.local/lib/python3.8/site-packages/airflow/example_dags/example_kubernetes_executor.py for tasks to queue
[2024-10-06T21:13:25.635+0000] {logging_mixin.py:154} INFO - [2024-10-06T21:13:25.635+0000] {dagbag.py:536} INFO - Filling up the DagBag from /home/airflow/.local/lib/python3.8/site-packages/airflow/example_dags/example_kubernetes_executor.py
[2024-10-06T21:13:25.645+0000] {processor.py:839} INFO - DAG(s) dict_keys(['example_kubernetes_executor']) retrieved from /home/airflow/.local/lib/python3.8/site-packages/airflow/example_dags/example_kubernetes_executor.py
[2024-10-06T21:13:25.666+0000] {logging_mixin.py:154} INFO - [2024-10-06T21:13:25.665+0000] {dag.py:2941} INFO - Sync 1 DAGs
[2024-10-06T21:13:25.671+0000] {logging_mixin.py:154} INFO - [2024-10-06T21:13:25.671+0000] {dag.py:3722} INFO - Setting next_dagrun for example_kubernetes_executor to None, run_after=None
[2024-10-06T21:13:25.679+0000] {processor.py:179} INFO - Processing /home/airflow/.local/lib/python3.8/site-packages/airflow/example_dags/example_kubernetes_executor.py took 0.048 seconds
[2024-10-06T21:23:59.780+0000] {processor.py:157} INFO - Started process (PID=27232) to work on /home/airflow/.local/lib/python3.8/site-packages/airflow/example_dags/example_kubernetes_executor.py
[2024-10-06T21:23:59.781+0000] {processor.py:829} INFO - Processing file /home/airflow/.local/lib/python3.8/site-packages/airflow/example_dags/example_kubernetes_executor.py for tasks to queue
[2024-10-06T21:23:59.782+0000] {logging_mixin.py:154} INFO - [2024-10-06T21:23:59.782+0000] {dagbag.py:536} INFO - Filling up the DagBag from /home/airflow/.local/lib/python3.8/site-packages/airflow/example_dags/example_kubernetes_executor.py
[2024-10-06T21:23:59.788+0000] {processor.py:839} INFO - DAG(s) dict_keys(['example_kubernetes_executor']) retrieved from /home/airflow/.local/lib/python3.8/site-packages/airflow/example_dags/example_kubernetes_executor.py
[2024-10-06T21:23:59.805+0000] {logging_mixin.py:154} INFO - [2024-10-06T21:23:59.805+0000] {dag.py:2941} INFO - Sync 1 DAGs
[2024-10-06T21:23:59.810+0000] {logging_mixin.py:154} INFO - [2024-10-06T21:23:59.810+0000] {dag.py:3722} INFO - Setting next_dagrun for example_kubernetes_executor to None, run_after=None
[2024-10-06T21:23:59.817+0000] {processor.py:179} INFO - Processing /home/airflow/.local/lib/python3.8/site-packages/airflow/example_dags/example_kubernetes_executor.py took 0.038 seconds
[2024-10-06T22:02:21.379+0000] {processor.py:157} INFO - Started process (PID=27286) to work on /home/airflow/.local/lib/python3.8/site-packages/airflow/example_dags/example_kubernetes_executor.py
[2024-10-06T22:02:21.380+0000] {processor.py:829} INFO - Processing file /home/airflow/.local/lib/python3.8/site-packages/airflow/example_dags/example_kubernetes_executor.py for tasks to queue
[2024-10-06T22:02:21.381+0000] {logging_mixin.py:154} INFO - [2024-10-06T22:02:21.381+0000] {dagbag.py:536} INFO - Filling up the DagBag from /home/airflow/.local/lib/python3.8/site-packages/airflow/example_dags/example_kubernetes_executor.py
[2024-10-06T22:02:21.394+0000] {processor.py:839} INFO - DAG(s) dict_keys(['example_kubernetes_executor']) retrieved from /home/airflow/.local/lib/python3.8/site-packages/airflow/example_dags/example_kubernetes_executor.py
[2024-10-06T22:02:21.419+0000] {logging_mixin.py:154} INFO - [2024-10-06T22:02:21.418+0000] {dag.py:2941} INFO - Sync 1 DAGs
[2024-10-06T22:02:21.430+0000] {logging_mixin.py:154} INFO - [2024-10-06T22:02:21.430+0000] {dag.py:3722} INFO - Setting next_dagrun for example_kubernetes_executor to None, run_after=None
[2024-10-06T22:02:21.444+0000] {processor.py:179} INFO - Processing /home/airflow/.local/lib/python3.8/site-packages/airflow/example_dags/example_kubernetes_executor.py took 0.067 seconds
[2024-10-06T22:28:54.365+0000] {processor.py:157} INFO - Started process (PID=27340) to work on /home/airflow/.local/lib/python3.8/site-packages/airflow/example_dags/example_kubernetes_executor.py
[2024-10-06T22:28:54.366+0000] {processor.py:829} INFO - Processing file /home/airflow/.local/lib/python3.8/site-packages/airflow/example_dags/example_kubernetes_executor.py for tasks to queue
[2024-10-06T22:28:54.368+0000] {logging_mixin.py:154} INFO - [2024-10-06T22:28:54.368+0000] {dagbag.py:536} INFO - Filling up the DagBag from /home/airflow/.local/lib/python3.8/site-packages/airflow/example_dags/example_kubernetes_executor.py
[2024-10-06T22:28:54.383+0000] {processor.py:839} INFO - DAG(s) dict_keys(['example_kubernetes_executor']) retrieved from /home/airflow/.local/lib/python3.8/site-packages/airflow/example_dags/example_kubernetes_executor.py
[2024-10-06T22:28:54.409+0000] {logging_mixin.py:154} INFO - [2024-10-06T22:28:54.409+0000] {dag.py:2941} INFO - Sync 1 DAGs
[2024-10-06T22:28:54.415+0000] {logging_mixin.py:154} INFO - [2024-10-06T22:28:54.415+0000] {dag.py:3722} INFO - Setting next_dagrun for example_kubernetes_executor to None, run_after=None
[2024-10-06T22:28:54.424+0000] {processor.py:179} INFO - Processing /home/airflow/.local/lib/python3.8/site-packages/airflow/example_dags/example_kubernetes_executor.py took 0.062 seconds
[2024-10-06T22:59:43.755+0000] {processor.py:157} INFO - Started process (PID=27394) to work on /home/airflow/.local/lib/python3.8/site-packages/airflow/example_dags/example_kubernetes_executor.py
[2024-10-06T22:59:43.756+0000] {processor.py:829} INFO - Processing file /home/airflow/.local/lib/python3.8/site-packages/airflow/example_dags/example_kubernetes_executor.py for tasks to queue
[2024-10-06T22:59:43.757+0000] {logging_mixin.py:154} INFO - [2024-10-06T22:59:43.757+0000] {dagbag.py:536} INFO - Filling up the DagBag from /home/airflow/.local/lib/python3.8/site-packages/airflow/example_dags/example_kubernetes_executor.py
[2024-10-06T22:59:43.765+0000] {processor.py:839} INFO - DAG(s) dict_keys(['example_kubernetes_executor']) retrieved from /home/airflow/.local/lib/python3.8/site-packages/airflow/example_dags/example_kubernetes_executor.py
[2024-10-06T22:59:43.786+0000] {logging_mixin.py:154} INFO - [2024-10-06T22:59:43.786+0000] {dag.py:2941} INFO - Sync 1 DAGs
[2024-10-06T22:59:43.792+0000] {logging_mixin.py:154} INFO - [2024-10-06T22:59:43.792+0000] {dag.py:3722} INFO - Setting next_dagrun for example_kubernetes_executor to None, run_after=None
[2024-10-06T22:59:43.800+0000] {processor.py:179} INFO - Processing /home/airflow/.local/lib/python3.8/site-packages/airflow/example_dags/example_kubernetes_executor.py took 0.047 seconds
[2024-10-06T23:00:14.660+0000] {processor.py:157} INFO - Started process (PID=27448) to work on /home/airflow/.local/lib/python3.8/site-packages/airflow/example_dags/example_kubernetes_executor.py
[2024-10-06T23:00:14.660+0000] {processor.py:829} INFO - Processing file /home/airflow/.local/lib/python3.8/site-packages/airflow/example_dags/example_kubernetes_executor.py for tasks to queue
[2024-10-06T23:00:14.662+0000] {logging_mixin.py:154} INFO - [2024-10-06T23:00:14.662+0000] {dagbag.py:536} INFO - Filling up the DagBag from /home/airflow/.local/lib/python3.8/site-packages/airflow/example_dags/example_kubernetes_executor.py
[2024-10-06T23:00:14.675+0000] {processor.py:839} INFO - DAG(s) dict_keys(['example_kubernetes_executor']) retrieved from /home/airflow/.local/lib/python3.8/site-packages/airflow/example_dags/example_kubernetes_executor.py
[2024-10-06T23:00:14.698+0000] {logging_mixin.py:154} INFO - [2024-10-06T23:00:14.698+0000] {dag.py:2941} INFO - Sync 1 DAGs
[2024-10-06T23:00:14.705+0000] {logging_mixin.py:154} INFO - [2024-10-06T23:00:14.705+0000] {dag.py:3722} INFO - Setting next_dagrun for example_kubernetes_executor to None, run_after=None
[2024-10-06T23:00:14.712+0000] {processor.py:179} INFO - Processing /home/airflow/.local/lib/python3.8/site-packages/airflow/example_dags/example_kubernetes_executor.py took 0.055 seconds
[2024-10-06T23:00:45.585+0000] {processor.py:157} INFO - Started process (PID=27502) to work on /home/airflow/.local/lib/python3.8/site-packages/airflow/example_dags/example_kubernetes_executor.py
[2024-10-06T23:00:45.585+0000] {processor.py:829} INFO - Processing file /home/airflow/.local/lib/python3.8/site-packages/airflow/example_dags/example_kubernetes_executor.py for tasks to queue
[2024-10-06T23:00:45.587+0000] {logging_mixin.py:154} INFO - [2024-10-06T23:00:45.587+0000] {dagbag.py:536} INFO - Filling up the DagBag from /home/airflow/.local/lib/python3.8/site-packages/airflow/example_dags/example_kubernetes_executor.py
[2024-10-06T23:00:45.597+0000] {processor.py:839} INFO - DAG(s) dict_keys(['example_kubernetes_executor']) retrieved from /home/airflow/.local/lib/python3.8/site-packages/airflow/example_dags/example_kubernetes_executor.py
[2024-10-06T23:00:45.617+0000] {logging_mixin.py:154} INFO - [2024-10-06T23:00:45.617+0000] {dag.py:2941} INFO - Sync 1 DAGs
[2024-10-06T23:00:45.622+0000] {logging_mixin.py:154} INFO - [2024-10-06T23:00:45.622+0000] {dag.py:3722} INFO - Setting next_dagrun for example_kubernetes_executor to None, run_after=None
[2024-10-06T23:00:45.629+0000] {processor.py:179} INFO - Processing /home/airflow/.local/lib/python3.8/site-packages/airflow/example_dags/example_kubernetes_executor.py took 0.047 seconds
[2024-10-06T23:01:16.166+0000] {processor.py:157} INFO - Started process (PID=27556) to work on /home/airflow/.local/lib/python3.8/site-packages/airflow/example_dags/example_kubernetes_executor.py
[2024-10-06T23:01:16.167+0000] {processor.py:829} INFO - Processing file /home/airflow/.local/lib/python3.8/site-packages/airflow/example_dags/example_kubernetes_executor.py for tasks to queue
[2024-10-06T23:01:16.169+0000] {logging_mixin.py:154} INFO - [2024-10-06T23:01:16.169+0000] {dagbag.py:536} INFO - Filling up the DagBag from /home/airflow/.local/lib/python3.8/site-packages/airflow/example_dags/example_kubernetes_executor.py
[2024-10-06T23:01:16.179+0000] {processor.py:839} INFO - DAG(s) dict_keys(['example_kubernetes_executor']) retrieved from /home/airflow/.local/lib/python3.8/site-packages/airflow/example_dags/example_kubernetes_executor.py
[2024-10-06T23:01:16.200+0000] {logging_mixin.py:154} INFO - [2024-10-06T23:01:16.199+0000] {dag.py:2941} INFO - Sync 1 DAGs
[2024-10-06T23:01:16.205+0000] {logging_mixin.py:154} INFO - [2024-10-06T23:01:16.205+0000] {dag.py:3722} INFO - Setting next_dagrun for example_kubernetes_executor to None, run_after=None
[2024-10-06T23:01:16.213+0000] {processor.py:179} INFO - Processing /home/airflow/.local/lib/python3.8/site-packages/airflow/example_dags/example_kubernetes_executor.py took 0.049 seconds
[2024-10-06T23:01:46.692+0000] {processor.py:157} INFO - Started process (PID=27610) to work on /home/airflow/.local/lib/python3.8/site-packages/airflow/example_dags/example_kubernetes_executor.py
[2024-10-06T23:01:46.692+0000] {processor.py:829} INFO - Processing file /home/airflow/.local/lib/python3.8/site-packages/airflow/example_dags/example_kubernetes_executor.py for tasks to queue
[2024-10-06T23:01:46.694+0000] {logging_mixin.py:154} INFO - [2024-10-06T23:01:46.694+0000] {dagbag.py:536} INFO - Filling up the DagBag from /home/airflow/.local/lib/python3.8/site-packages/airflow/example_dags/example_kubernetes_executor.py
[2024-10-06T23:01:46.703+0000] {processor.py:839} INFO - DAG(s) dict_keys(['example_kubernetes_executor']) retrieved from /home/airflow/.local/lib/python3.8/site-packages/airflow/example_dags/example_kubernetes_executor.py
[2024-10-06T23:01:46.724+0000] {logging_mixin.py:154} INFO - [2024-10-06T23:01:46.724+0000] {dag.py:2941} INFO - Sync 1 DAGs
[2024-10-06T23:01:46.730+0000] {logging_mixin.py:154} INFO - [2024-10-06T23:01:46.730+0000] {dag.py:3722} INFO - Setting next_dagrun for example_kubernetes_executor to None, run_after=None
[2024-10-06T23:01:46.738+0000] {processor.py:179} INFO - Processing /home/airflow/.local/lib/python3.8/site-packages/airflow/example_dags/example_kubernetes_executor.py took 0.048 seconds
[2024-10-06T23:02:17.104+0000] {processor.py:157} INFO - Started process (PID=27664) to work on /home/airflow/.local/lib/python3.8/site-packages/airflow/example_dags/example_kubernetes_executor.py
[2024-10-06T23:02:17.105+0000] {processor.py:829} INFO - Processing file /home/airflow/.local/lib/python3.8/site-packages/airflow/example_dags/example_kubernetes_executor.py for tasks to queue
[2024-10-06T23:02:17.106+0000] {logging_mixin.py:154} INFO - [2024-10-06T23:02:17.106+0000] {dagbag.py:536} INFO - Filling up the DagBag from /home/airflow/.local/lib/python3.8/site-packages/airflow/example_dags/example_kubernetes_executor.py
[2024-10-06T23:02:17.116+0000] {processor.py:839} INFO - DAG(s) dict_keys(['example_kubernetes_executor']) retrieved from /home/airflow/.local/lib/python3.8/site-packages/airflow/example_dags/example_kubernetes_executor.py
[2024-10-06T23:02:17.137+0000] {logging_mixin.py:154} INFO - [2024-10-06T23:02:17.137+0000] {dag.py:2941} INFO - Sync 1 DAGs
[2024-10-06T23:02:17.142+0000] {logging_mixin.py:154} INFO - [2024-10-06T23:02:17.142+0000] {dag.py:3722} INFO - Setting next_dagrun for example_kubernetes_executor to None, run_after=None
[2024-10-06T23:02:17.150+0000] {processor.py:179} INFO - Processing /home/airflow/.local/lib/python3.8/site-packages/airflow/example_dags/example_kubernetes_executor.py took 0.048 seconds
[2024-10-06T23:02:47.510+0000] {processor.py:157} INFO - Started process (PID=27718) to work on /home/airflow/.local/lib/python3.8/site-packages/airflow/example_dags/example_kubernetes_executor.py
[2024-10-06T23:02:47.510+0000] {processor.py:829} INFO - Processing file /home/airflow/.local/lib/python3.8/site-packages/airflow/example_dags/example_kubernetes_executor.py for tasks to queue
[2024-10-06T23:02:47.513+0000] {logging_mixin.py:154} INFO - [2024-10-06T23:02:47.512+0000] {dagbag.py:536} INFO - Filling up the DagBag from /home/airflow/.local/lib/python3.8/site-packages/airflow/example_dags/example_kubernetes_executor.py
[2024-10-06T23:02:47.523+0000] {processor.py:839} INFO - DAG(s) dict_keys(['example_kubernetes_executor']) retrieved from /home/airflow/.local/lib/python3.8/site-packages/airflow/example_dags/example_kubernetes_executor.py
[2024-10-06T23:02:47.545+0000] {logging_mixin.py:154} INFO - [2024-10-06T23:02:47.545+0000] {dag.py:2941} INFO - Sync 1 DAGs
[2024-10-06T23:02:47.550+0000] {logging_mixin.py:154} INFO - [2024-10-06T23:02:47.550+0000] {dag.py:3722} INFO - Setting next_dagrun for example_kubernetes_executor to None, run_after=None
[2024-10-06T23:02:47.557+0000] {processor.py:179} INFO - Processing /home/airflow/.local/lib/python3.8/site-packages/airflow/example_dags/example_kubernetes_executor.py took 0.050 seconds
[2024-10-06T23:03:17.926+0000] {processor.py:157} INFO - Started process (PID=27772) to work on /home/airflow/.local/lib/python3.8/site-packages/airflow/example_dags/example_kubernetes_executor.py
[2024-10-06T23:03:17.927+0000] {processor.py:829} INFO - Processing file /home/airflow/.local/lib/python3.8/site-packages/airflow/example_dags/example_kubernetes_executor.py for tasks to queue
[2024-10-06T23:03:17.929+0000] {logging_mixin.py:154} INFO - [2024-10-06T23:03:17.929+0000] {dagbag.py:536} INFO - Filling up the DagBag from /home/airflow/.local/lib/python3.8/site-packages/airflow/example_dags/example_kubernetes_executor.py
[2024-10-06T23:03:17.937+0000] {processor.py:839} INFO - DAG(s) dict_keys(['example_kubernetes_executor']) retrieved from /home/airflow/.local/lib/python3.8/site-packages/airflow/example_dags/example_kubernetes_executor.py
[2024-10-06T23:03:17.958+0000] {logging_mixin.py:154} INFO - [2024-10-06T23:03:17.958+0000] {dag.py:2941} INFO - Sync 1 DAGs
[2024-10-06T23:03:17.963+0000] {logging_mixin.py:154} INFO - [2024-10-06T23:03:17.963+0000] {dag.py:3722} INFO - Setting next_dagrun for example_kubernetes_executor to None, run_after=None
[2024-10-06T23:03:17.970+0000] {processor.py:179} INFO - Processing /home/airflow/.local/lib/python3.8/site-packages/airflow/example_dags/example_kubernetes_executor.py took 0.046 seconds
[2024-10-06T23:03:48.408+0000] {processor.py:157} INFO - Started process (PID=27826) to work on /home/airflow/.local/lib/python3.8/site-packages/airflow/example_dags/example_kubernetes_executor.py
[2024-10-06T23:03:48.409+0000] {processor.py:829} INFO - Processing file /home/airflow/.local/lib/python3.8/site-packages/airflow/example_dags/example_kubernetes_executor.py for tasks to queue
[2024-10-06T23:03:48.410+0000] {logging_mixin.py:154} INFO - [2024-10-06T23:03:48.410+0000] {dagbag.py:536} INFO - Filling up the DagBag from /home/airflow/.local/lib/python3.8/site-packages/airflow/example_dags/example_kubernetes_executor.py
[2024-10-06T23:03:48.419+0000] {processor.py:839} INFO - DAG(s) dict_keys(['example_kubernetes_executor']) retrieved from /home/airflow/.local/lib/python3.8/site-packages/airflow/example_dags/example_kubernetes_executor.py
[2024-10-06T23:03:48.440+0000] {logging_mixin.py:154} INFO - [2024-10-06T23:03:48.440+0000] {dag.py:2941} INFO - Sync 1 DAGs
[2024-10-06T23:03:48.446+0000] {logging_mixin.py:154} INFO - [2024-10-06T23:03:48.446+0000] {dag.py:3722} INFO - Setting next_dagrun for example_kubernetes_executor to None, run_after=None
[2024-10-06T23:03:48.452+0000] {processor.py:179} INFO - Processing /home/airflow/.local/lib/python3.8/site-packages/airflow/example_dags/example_kubernetes_executor.py took 0.047 seconds
[2024-10-06T23:04:18.846+0000] {processor.py:157} INFO - Started process (PID=27880) to work on /home/airflow/.local/lib/python3.8/site-packages/airflow/example_dags/example_kubernetes_executor.py
[2024-10-06T23:04:18.846+0000] {processor.py:829} INFO - Processing file /home/airflow/.local/lib/python3.8/site-packages/airflow/example_dags/example_kubernetes_executor.py for tasks to queue
[2024-10-06T23:04:18.848+0000] {logging_mixin.py:154} INFO - [2024-10-06T23:04:18.848+0000] {dagbag.py:536} INFO - Filling up the DagBag from /home/airflow/.local/lib/python3.8/site-packages/airflow/example_dags/example_kubernetes_executor.py
[2024-10-06T23:04:18.857+0000] {processor.py:839} INFO - DAG(s) dict_keys(['example_kubernetes_executor']) retrieved from /home/airflow/.local/lib/python3.8/site-packages/airflow/example_dags/example_kubernetes_executor.py
[2024-10-06T23:04:18.878+0000] {logging_mixin.py:154} INFO - [2024-10-06T23:04:18.877+0000] {dag.py:2941} INFO - Sync 1 DAGs
[2024-10-06T23:04:18.883+0000] {logging_mixin.py:154} INFO - [2024-10-06T23:04:18.883+0000] {dag.py:3722} INFO - Setting next_dagrun for example_kubernetes_executor to None, run_after=None
[2024-10-06T23:04:18.891+0000] {processor.py:179} INFO - Processing /home/airflow/.local/lib/python3.8/site-packages/airflow/example_dags/example_kubernetes_executor.py took 0.048 seconds
[2024-10-06T23:04:49.301+0000] {processor.py:157} INFO - Started process (PID=27934) to work on /home/airflow/.local/lib/python3.8/site-packages/airflow/example_dags/example_kubernetes_executor.py
[2024-10-06T23:04:49.302+0000] {processor.py:829} INFO - Processing file /home/airflow/.local/lib/python3.8/site-packages/airflow/example_dags/example_kubernetes_executor.py for tasks to queue
[2024-10-06T23:04:49.303+0000] {logging_mixin.py:154} INFO - [2024-10-06T23:04:49.303+0000] {dagbag.py:536} INFO - Filling up the DagBag from /home/airflow/.local/lib/python3.8/site-packages/airflow/example_dags/example_kubernetes_executor.py
[2024-10-06T23:04:49.312+0000] {processor.py:839} INFO - DAG(s) dict_keys(['example_kubernetes_executor']) retrieved from /home/airflow/.local/lib/python3.8/site-packages/airflow/example_dags/example_kubernetes_executor.py
[2024-10-06T23:04:49.333+0000] {logging_mixin.py:154} INFO - [2024-10-06T23:04:49.332+0000] {dag.py:2941} INFO - Sync 1 DAGs
[2024-10-06T23:04:49.338+0000] {logging_mixin.py:154} INFO - [2024-10-06T23:04:49.338+0000] {dag.py:3722} INFO - Setting next_dagrun for example_kubernetes_executor to None, run_after=None
[2024-10-06T23:04:49.345+0000] {processor.py:179} INFO - Processing /home/airflow/.local/lib/python3.8/site-packages/airflow/example_dags/example_kubernetes_executor.py took 0.046 seconds
[2024-10-06T23:05:19.669+0000] {processor.py:157} INFO - Started process (PID=27988) to work on /home/airflow/.local/lib/python3.8/site-packages/airflow/example_dags/example_kubernetes_executor.py
[2024-10-06T23:05:19.669+0000] {processor.py:829} INFO - Processing file /home/airflow/.local/lib/python3.8/site-packages/airflow/example_dags/example_kubernetes_executor.py for tasks to queue
[2024-10-06T23:05:19.670+0000] {logging_mixin.py:154} INFO - [2024-10-06T23:05:19.670+0000] {dagbag.py:536} INFO - Filling up the DagBag from /home/airflow/.local/lib/python3.8/site-packages/airflow/example_dags/example_kubernetes_executor.py
[2024-10-06T23:05:19.677+0000] {processor.py:839} INFO - DAG(s) dict_keys(['example_kubernetes_executor']) retrieved from /home/airflow/.local/lib/python3.8/site-packages/airflow/example_dags/example_kubernetes_executor.py
[2024-10-06T23:05:19.695+0000] {logging_mixin.py:154} INFO - [2024-10-06T23:05:19.694+0000] {dag.py:2941} INFO - Sync 1 DAGs
[2024-10-06T23:05:19.699+0000] {logging_mixin.py:154} INFO - [2024-10-06T23:05:19.699+0000] {dag.py:3722} INFO - Setting next_dagrun for example_kubernetes_executor to None, run_after=None
[2024-10-06T23:05:19.706+0000] {processor.py:179} INFO - Processing /home/airflow/.local/lib/python3.8/site-packages/airflow/example_dags/example_kubernetes_executor.py took 0.039 seconds
[2024-10-06T23:05:50.099+0000] {processor.py:157} INFO - Started process (PID=28042) to work on /home/airflow/.local/lib/python3.8/site-packages/airflow/example_dags/example_kubernetes_executor.py
[2024-10-06T23:05:50.100+0000] {processor.py:829} INFO - Processing file /home/airflow/.local/lib/python3.8/site-packages/airflow/example_dags/example_kubernetes_executor.py for tasks to queue
[2024-10-06T23:05:50.102+0000] {logging_mixin.py:154} INFO - [2024-10-06T23:05:50.102+0000] {dagbag.py:536} INFO - Filling up the DagBag from /home/airflow/.local/lib/python3.8/site-packages/airflow/example_dags/example_kubernetes_executor.py
[2024-10-06T23:05:50.111+0000] {processor.py:839} INFO - DAG(s) dict_keys(['example_kubernetes_executor']) retrieved from /home/airflow/.local/lib/python3.8/site-packages/airflow/example_dags/example_kubernetes_executor.py
[2024-10-06T23:05:50.132+0000] {logging_mixin.py:154} INFO - [2024-10-06T23:05:50.132+0000] {dag.py:2941} INFO - Sync 1 DAGs
[2024-10-06T23:05:50.137+0000] {logging_mixin.py:154} INFO - [2024-10-06T23:05:50.137+0000] {dag.py:3722} INFO - Setting next_dagrun for example_kubernetes_executor to None, run_after=None
[2024-10-06T23:05:50.144+0000] {processor.py:179} INFO - Processing /home/airflow/.local/lib/python3.8/site-packages/airflow/example_dags/example_kubernetes_executor.py took 0.047 seconds
[2024-10-06T23:06:20.541+0000] {processor.py:157} INFO - Started process (PID=28096) to work on /home/airflow/.local/lib/python3.8/site-packages/airflow/example_dags/example_kubernetes_executor.py
[2024-10-06T23:06:20.541+0000] {processor.py:829} INFO - Processing file /home/airflow/.local/lib/python3.8/site-packages/airflow/example_dags/example_kubernetes_executor.py for tasks to queue
[2024-10-06T23:06:20.544+0000] {logging_mixin.py:154} INFO - [2024-10-06T23:06:20.543+0000] {dagbag.py:536} INFO - Filling up the DagBag from /home/airflow/.local/lib/python3.8/site-packages/airflow/example_dags/example_kubernetes_executor.py
[2024-10-06T23:06:20.553+0000] {processor.py:839} INFO - DAG(s) dict_keys(['example_kubernetes_executor']) retrieved from /home/airflow/.local/lib/python3.8/site-packages/airflow/example_dags/example_kubernetes_executor.py
[2024-10-06T23:06:20.573+0000] {logging_mixin.py:154} INFO - [2024-10-06T23:06:20.573+0000] {dag.py:2941} INFO - Sync 1 DAGs
[2024-10-06T23:06:20.579+0000] {logging_mixin.py:154} INFO - [2024-10-06T23:06:20.579+0000] {dag.py:3722} INFO - Setting next_dagrun for example_kubernetes_executor to None, run_after=None
[2024-10-06T23:06:20.586+0000] {processor.py:179} INFO - Processing /home/airflow/.local/lib/python3.8/site-packages/airflow/example_dags/example_kubernetes_executor.py took 0.048 seconds
[2024-10-06T23:06:50.956+0000] {processor.py:157} INFO - Started process (PID=28150) to work on /home/airflow/.local/lib/python3.8/site-packages/airflow/example_dags/example_kubernetes_executor.py
[2024-10-06T23:06:50.956+0000] {processor.py:829} INFO - Processing file /home/airflow/.local/lib/python3.8/site-packages/airflow/example_dags/example_kubernetes_executor.py for tasks to queue
[2024-10-06T23:06:50.958+0000] {logging_mixin.py:154} INFO - [2024-10-06T23:06:50.958+0000] {dagbag.py:536} INFO - Filling up the DagBag from /home/airflow/.local/lib/python3.8/site-packages/airflow/example_dags/example_kubernetes_executor.py
[2024-10-06T23:06:50.967+0000] {processor.py:839} INFO - DAG(s) dict_keys(['example_kubernetes_executor']) retrieved from /home/airflow/.local/lib/python3.8/site-packages/airflow/example_dags/example_kubernetes_executor.py
[2024-10-06T23:06:50.988+0000] {logging_mixin.py:154} INFO - [2024-10-06T23:06:50.988+0000] {dag.py:2941} INFO - Sync 1 DAGs
[2024-10-06T23:06:50.993+0000] {logging_mixin.py:154} INFO - [2024-10-06T23:06:50.993+0000] {dag.py:3722} INFO - Setting next_dagrun for example_kubernetes_executor to None, run_after=None
[2024-10-06T23:06:51.000+0000] {processor.py:179} INFO - Processing /home/airflow/.local/lib/python3.8/site-packages/airflow/example_dags/example_kubernetes_executor.py took 0.046 seconds
[2024-10-06T23:07:21.383+0000] {processor.py:157} INFO - Started process (PID=28204) to work on /home/airflow/.local/lib/python3.8/site-packages/airflow/example_dags/example_kubernetes_executor.py
[2024-10-06T23:07:21.384+0000] {processor.py:829} INFO - Processing file /home/airflow/.local/lib/python3.8/site-packages/airflow/example_dags/example_kubernetes_executor.py for tasks to queue
[2024-10-06T23:07:21.386+0000] {logging_mixin.py:154} INFO - [2024-10-06T23:07:21.386+0000] {dagbag.py:536} INFO - Filling up the DagBag from /home/airflow/.local/lib/python3.8/site-packages/airflow/example_dags/example_kubernetes_executor.py
[2024-10-06T23:07:21.395+0000] {processor.py:839} INFO - DAG(s) dict_keys(['example_kubernetes_executor']) retrieved from /home/airflow/.local/lib/python3.8/site-packages/airflow/example_dags/example_kubernetes_executor.py
[2024-10-06T23:07:21.416+0000] {logging_mixin.py:154} INFO - [2024-10-06T23:07:21.416+0000] {dag.py:2941} INFO - Sync 1 DAGs
[2024-10-06T23:07:21.421+0000] {logging_mixin.py:154} INFO - [2024-10-06T23:07:21.421+0000] {dag.py:3722} INFO - Setting next_dagrun for example_kubernetes_executor to None, run_after=None
[2024-10-06T23:07:21.428+0000] {processor.py:179} INFO - Processing /home/airflow/.local/lib/python3.8/site-packages/airflow/example_dags/example_kubernetes_executor.py took 0.047 seconds
[2024-10-06T23:07:51.867+0000] {processor.py:157} INFO - Started process (PID=28258) to work on /home/airflow/.local/lib/python3.8/site-packages/airflow/example_dags/example_kubernetes_executor.py
[2024-10-06T23:07:51.867+0000] {processor.py:829} INFO - Processing file /home/airflow/.local/lib/python3.8/site-packages/airflow/example_dags/example_kubernetes_executor.py for tasks to queue
[2024-10-06T23:07:51.869+0000] {logging_mixin.py:154} INFO - [2024-10-06T23:07:51.869+0000] {dagbag.py:536} INFO - Filling up the DagBag from /home/airflow/.local/lib/python3.8/site-packages/airflow/example_dags/example_kubernetes_executor.py
[2024-10-06T23:07:51.878+0000] {processor.py:839} INFO - DAG(s) dict_keys(['example_kubernetes_executor']) retrieved from /home/airflow/.local/lib/python3.8/site-packages/airflow/example_dags/example_kubernetes_executor.py
[2024-10-06T23:07:51.899+0000] {logging_mixin.py:154} INFO - [2024-10-06T23:07:51.899+0000] {dag.py:2941} INFO - Sync 1 DAGs
[2024-10-06T23:07:51.905+0000] {logging_mixin.py:154} INFO - [2024-10-06T23:07:51.905+0000] {dag.py:3722} INFO - Setting next_dagrun for example_kubernetes_executor to None, run_after=None
[2024-10-06T23:07:51.911+0000] {processor.py:179} INFO - Processing /home/airflow/.local/lib/python3.8/site-packages/airflow/example_dags/example_kubernetes_executor.py took 0.047 seconds
[2024-10-06T23:08:22.226+0000] {processor.py:157} INFO - Started process (PID=28312) to work on /home/airflow/.local/lib/python3.8/site-packages/airflow/example_dags/example_kubernetes_executor.py
[2024-10-06T23:08:22.226+0000] {processor.py:829} INFO - Processing file /home/airflow/.local/lib/python3.8/site-packages/airflow/example_dags/example_kubernetes_executor.py for tasks to queue
[2024-10-06T23:08:22.229+0000] {logging_mixin.py:154} INFO - [2024-10-06T23:08:22.228+0000] {dagbag.py:536} INFO - Filling up the DagBag from /home/airflow/.local/lib/python3.8/site-packages/airflow/example_dags/example_kubernetes_executor.py
[2024-10-06T23:08:22.238+0000] {processor.py:839} INFO - DAG(s) dict_keys(['example_kubernetes_executor']) retrieved from /home/airflow/.local/lib/python3.8/site-packages/airflow/example_dags/example_kubernetes_executor.py
[2024-10-06T23:08:22.259+0000] {logging_mixin.py:154} INFO - [2024-10-06T23:08:22.258+0000] {dag.py:2941} INFO - Sync 1 DAGs
[2024-10-06T23:08:22.264+0000] {logging_mixin.py:154} INFO - [2024-10-06T23:08:22.264+0000] {dag.py:3722} INFO - Setting next_dagrun for example_kubernetes_executor to None, run_after=None
[2024-10-06T23:08:22.271+0000] {processor.py:179} INFO - Processing /home/airflow/.local/lib/python3.8/site-packages/airflow/example_dags/example_kubernetes_executor.py took 0.048 seconds
[2024-10-06T23:08:52.657+0000] {processor.py:157} INFO - Started process (PID=28366) to work on /home/airflow/.local/lib/python3.8/site-packages/airflow/example_dags/example_kubernetes_executor.py
[2024-10-06T23:08:52.658+0000] {processor.py:829} INFO - Processing file /home/airflow/.local/lib/python3.8/site-packages/airflow/example_dags/example_kubernetes_executor.py for tasks to queue
[2024-10-06T23:08:52.659+0000] {logging_mixin.py:154} INFO - [2024-10-06T23:08:52.659+0000] {dagbag.py:536} INFO - Filling up the DagBag from /home/airflow/.local/lib/python3.8/site-packages/airflow/example_dags/example_kubernetes_executor.py
[2024-10-06T23:08:52.669+0000] {processor.py:839} INFO - DAG(s) dict_keys(['example_kubernetes_executor']) retrieved from /home/airflow/.local/lib/python3.8/site-packages/airflow/example_dags/example_kubernetes_executor.py
[2024-10-06T23:08:52.690+0000] {logging_mixin.py:154} INFO - [2024-10-06T23:08:52.690+0000] {dag.py:2941} INFO - Sync 1 DAGs
[2024-10-06T23:08:52.696+0000] {logging_mixin.py:154} INFO - [2024-10-06T23:08:52.695+0000] {dag.py:3722} INFO - Setting next_dagrun for example_kubernetes_executor to None, run_after=None
[2024-10-06T23:08:52.702+0000] {processor.py:179} INFO - Processing /home/airflow/.local/lib/python3.8/site-packages/airflow/example_dags/example_kubernetes_executor.py took 0.048 seconds
[2024-10-06T23:09:23.055+0000] {processor.py:157} INFO - Started process (PID=28427) to work on /home/airflow/.local/lib/python3.8/site-packages/airflow/example_dags/example_kubernetes_executor.py
[2024-10-06T23:09:23.056+0000] {processor.py:829} INFO - Processing file /home/airflow/.local/lib/python3.8/site-packages/airflow/example_dags/example_kubernetes_executor.py for tasks to queue
[2024-10-06T23:09:23.057+0000] {logging_mixin.py:154} INFO - [2024-10-06T23:09:23.057+0000] {dagbag.py:536} INFO - Filling up the DagBag from /home/airflow/.local/lib/python3.8/site-packages/airflow/example_dags/example_kubernetes_executor.py
[2024-10-06T23:09:23.066+0000] {processor.py:839} INFO - DAG(s) dict_keys(['example_kubernetes_executor']) retrieved from /home/airflow/.local/lib/python3.8/site-packages/airflow/example_dags/example_kubernetes_executor.py
[2024-10-06T23:09:23.085+0000] {logging_mixin.py:154} INFO - [2024-10-06T23:09:23.085+0000] {dag.py:2941} INFO - Sync 1 DAGs
[2024-10-06T23:09:23.090+0000] {logging_mixin.py:154} INFO - [2024-10-06T23:09:23.090+0000] {dag.py:3722} INFO - Setting next_dagrun for example_kubernetes_executor to None, run_after=None
[2024-10-06T23:09:23.097+0000] {processor.py:179} INFO - Processing /home/airflow/.local/lib/python3.8/site-packages/airflow/example_dags/example_kubernetes_executor.py took 0.043 seconds
[2024-10-06T23:09:53.499+0000] {processor.py:157} INFO - Started process (PID=28481) to work on /home/airflow/.local/lib/python3.8/site-packages/airflow/example_dags/example_kubernetes_executor.py
[2024-10-06T23:09:53.499+0000] {processor.py:829} INFO - Processing file /home/airflow/.local/lib/python3.8/site-packages/airflow/example_dags/example_kubernetes_executor.py for tasks to queue
[2024-10-06T23:09:53.501+0000] {logging_mixin.py:154} INFO - [2024-10-06T23:09:53.500+0000] {dagbag.py:536} INFO - Filling up the DagBag from /home/airflow/.local/lib/python3.8/site-packages/airflow/example_dags/example_kubernetes_executor.py
[2024-10-06T23:09:53.510+0000] {processor.py:839} INFO - DAG(s) dict_keys(['example_kubernetes_executor']) retrieved from /home/airflow/.local/lib/python3.8/site-packages/airflow/example_dags/example_kubernetes_executor.py
[2024-10-06T23:09:53.530+0000] {logging_mixin.py:154} INFO - [2024-10-06T23:09:53.530+0000] {dag.py:2941} INFO - Sync 1 DAGs
[2024-10-06T23:09:53.536+0000] {logging_mixin.py:154} INFO - [2024-10-06T23:09:53.536+0000] {dag.py:3722} INFO - Setting next_dagrun for example_kubernetes_executor to None, run_after=None
[2024-10-06T23:09:53.543+0000] {processor.py:179} INFO - Processing /home/airflow/.local/lib/python3.8/site-packages/airflow/example_dags/example_kubernetes_executor.py took 0.047 seconds
[2024-10-06T23:10:23.960+0000] {processor.py:157} INFO - Started process (PID=28535) to work on /home/airflow/.local/lib/python3.8/site-packages/airflow/example_dags/example_kubernetes_executor.py
[2024-10-06T23:10:23.961+0000] {processor.py:829} INFO - Processing file /home/airflow/.local/lib/python3.8/site-packages/airflow/example_dags/example_kubernetes_executor.py for tasks to queue
[2024-10-06T23:10:23.963+0000] {logging_mixin.py:154} INFO - [2024-10-06T23:10:23.962+0000] {dagbag.py:536} INFO - Filling up the DagBag from /home/airflow/.local/lib/python3.8/site-packages/airflow/example_dags/example_kubernetes_executor.py
[2024-10-06T23:10:23.973+0000] {processor.py:839} INFO - DAG(s) dict_keys(['example_kubernetes_executor']) retrieved from /home/airflow/.local/lib/python3.8/site-packages/airflow/example_dags/example_kubernetes_executor.py
[2024-10-06T23:10:23.993+0000] {logging_mixin.py:154} INFO - [2024-10-06T23:10:23.993+0000] {dag.py:2941} INFO - Sync 1 DAGs
[2024-10-06T23:10:23.999+0000] {logging_mixin.py:154} INFO - [2024-10-06T23:10:23.998+0000] {dag.py:3722} INFO - Setting next_dagrun for example_kubernetes_executor to None, run_after=None
[2024-10-06T23:10:24.006+0000] {processor.py:179} INFO - Processing /home/airflow/.local/lib/python3.8/site-packages/airflow/example_dags/example_kubernetes_executor.py took 0.048 seconds
[2024-10-06T23:10:54.376+0000] {processor.py:157} INFO - Started process (PID=28589) to work on /home/airflow/.local/lib/python3.8/site-packages/airflow/example_dags/example_kubernetes_executor.py
[2024-10-06T23:10:54.377+0000] {processor.py:829} INFO - Processing file /home/airflow/.local/lib/python3.8/site-packages/airflow/example_dags/example_kubernetes_executor.py for tasks to queue
[2024-10-06T23:10:54.379+0000] {logging_mixin.py:154} INFO - [2024-10-06T23:10:54.378+0000] {dagbag.py:536} INFO - Filling up the DagBag from /home/airflow/.local/lib/python3.8/site-packages/airflow/example_dags/example_kubernetes_executor.py
[2024-10-06T23:10:54.387+0000] {processor.py:839} INFO - DAG(s) dict_keys(['example_kubernetes_executor']) retrieved from /home/airflow/.local/lib/python3.8/site-packages/airflow/example_dags/example_kubernetes_executor.py
[2024-10-06T23:10:54.408+0000] {logging_mixin.py:154} INFO - [2024-10-06T23:10:54.408+0000] {dag.py:2941} INFO - Sync 1 DAGs
[2024-10-06T23:10:54.413+0000] {logging_mixin.py:154} INFO - [2024-10-06T23:10:54.413+0000] {dag.py:3722} INFO - Setting next_dagrun for example_kubernetes_executor to None, run_after=None
[2024-10-06T23:10:54.420+0000] {processor.py:179} INFO - Processing /home/airflow/.local/lib/python3.8/site-packages/airflow/example_dags/example_kubernetes_executor.py took 0.046 seconds
[2024-10-06T23:11:24.764+0000] {processor.py:157} INFO - Started process (PID=28643) to work on /home/airflow/.local/lib/python3.8/site-packages/airflow/example_dags/example_kubernetes_executor.py
[2024-10-06T23:11:24.765+0000] {processor.py:829} INFO - Processing file /home/airflow/.local/lib/python3.8/site-packages/airflow/example_dags/example_kubernetes_executor.py for tasks to queue
[2024-10-06T23:11:24.767+0000] {logging_mixin.py:154} INFO - [2024-10-06T23:11:24.767+0000] {dagbag.py:536} INFO - Filling up the DagBag from /home/airflow/.local/lib/python3.8/site-packages/airflow/example_dags/example_kubernetes_executor.py
[2024-10-06T23:11:24.777+0000] {processor.py:839} INFO - DAG(s) dict_keys(['example_kubernetes_executor']) retrieved from /home/airflow/.local/lib/python3.8/site-packages/airflow/example_dags/example_kubernetes_executor.py
[2024-10-06T23:11:24.802+0000] {logging_mixin.py:154} INFO - [2024-10-06T23:11:24.801+0000] {dag.py:2941} INFO - Sync 1 DAGs
[2024-10-06T23:11:24.807+0000] {logging_mixin.py:154} INFO - [2024-10-06T23:11:24.807+0000] {dag.py:3722} INFO - Setting next_dagrun for example_kubernetes_executor to None, run_after=None
[2024-10-06T23:11:24.815+0000] {processor.py:179} INFO - Processing /home/airflow/.local/lib/python3.8/site-packages/airflow/example_dags/example_kubernetes_executor.py took 0.054 seconds
[2024-10-06T23:11:55.243+0000] {processor.py:157} INFO - Started process (PID=28697) to work on /home/airflow/.local/lib/python3.8/site-packages/airflow/example_dags/example_kubernetes_executor.py
[2024-10-06T23:11:55.243+0000] {processor.py:829} INFO - Processing file /home/airflow/.local/lib/python3.8/site-packages/airflow/example_dags/example_kubernetes_executor.py for tasks to queue
[2024-10-06T23:11:55.245+0000] {logging_mixin.py:154} INFO - [2024-10-06T23:11:55.245+0000] {dagbag.py:536} INFO - Filling up the DagBag from /home/airflow/.local/lib/python3.8/site-packages/airflow/example_dags/example_kubernetes_executor.py
[2024-10-06T23:11:55.253+0000] {processor.py:839} INFO - DAG(s) dict_keys(['example_kubernetes_executor']) retrieved from /home/airflow/.local/lib/python3.8/site-packages/airflow/example_dags/example_kubernetes_executor.py
[2024-10-06T23:11:55.275+0000] {logging_mixin.py:154} INFO - [2024-10-06T23:11:55.275+0000] {dag.py:2941} INFO - Sync 1 DAGs
[2024-10-06T23:11:55.282+0000] {logging_mixin.py:154} INFO - [2024-10-06T23:11:55.281+0000] {dag.py:3722} INFO - Setting next_dagrun for example_kubernetes_executor to None, run_after=None
[2024-10-06T23:11:55.289+0000] {processor.py:179} INFO - Processing /home/airflow/.local/lib/python3.8/site-packages/airflow/example_dags/example_kubernetes_executor.py took 0.048 seconds
[2024-10-06T23:12:25.749+0000] {processor.py:157} INFO - Started process (PID=28751) to work on /home/airflow/.local/lib/python3.8/site-packages/airflow/example_dags/example_kubernetes_executor.py
[2024-10-06T23:12:25.749+0000] {processor.py:829} INFO - Processing file /home/airflow/.local/lib/python3.8/site-packages/airflow/example_dags/example_kubernetes_executor.py for tasks to queue
[2024-10-06T23:12:25.751+0000] {logging_mixin.py:154} INFO - [2024-10-06T23:12:25.751+0000] {dagbag.py:536} INFO - Filling up the DagBag from /home/airflow/.local/lib/python3.8/site-packages/airflow/example_dags/example_kubernetes_executor.py
[2024-10-06T23:12:25.761+0000] {processor.py:839} INFO - DAG(s) dict_keys(['example_kubernetes_executor']) retrieved from /home/airflow/.local/lib/python3.8/site-packages/airflow/example_dags/example_kubernetes_executor.py
[2024-10-06T23:12:25.782+0000] {logging_mixin.py:154} INFO - [2024-10-06T23:12:25.781+0000] {dag.py:2941} INFO - Sync 1 DAGs
[2024-10-06T23:12:25.787+0000] {logging_mixin.py:154} INFO - [2024-10-06T23:12:25.787+0000] {dag.py:3722} INFO - Setting next_dagrun for example_kubernetes_executor to None, run_after=None
[2024-10-06T23:12:25.794+0000] {processor.py:179} INFO - Processing /home/airflow/.local/lib/python3.8/site-packages/airflow/example_dags/example_kubernetes_executor.py took 0.048 seconds
[2024-10-06T23:12:56.135+0000] {processor.py:157} INFO - Started process (PID=28805) to work on /home/airflow/.local/lib/python3.8/site-packages/airflow/example_dags/example_kubernetes_executor.py
[2024-10-06T23:12:56.136+0000] {processor.py:829} INFO - Processing file /home/airflow/.local/lib/python3.8/site-packages/airflow/example_dags/example_kubernetes_executor.py for tasks to queue
[2024-10-06T23:12:56.137+0000] {logging_mixin.py:154} INFO - [2024-10-06T23:12:56.137+0000] {dagbag.py:536} INFO - Filling up the DagBag from /home/airflow/.local/lib/python3.8/site-packages/airflow/example_dags/example_kubernetes_executor.py
[2024-10-06T23:12:56.147+0000] {processor.py:839} INFO - DAG(s) dict_keys(['example_kubernetes_executor']) retrieved from /home/airflow/.local/lib/python3.8/site-packages/airflow/example_dags/example_kubernetes_executor.py
[2024-10-06T23:12:56.168+0000] {logging_mixin.py:154} INFO - [2024-10-06T23:12:56.167+0000] {dag.py:2941} INFO - Sync 1 DAGs
[2024-10-06T23:12:56.173+0000] {logging_mixin.py:154} INFO - [2024-10-06T23:12:56.173+0000] {dag.py:3722} INFO - Setting next_dagrun for example_kubernetes_executor to None, run_after=None
[2024-10-06T23:12:56.180+0000] {processor.py:179} INFO - Processing /home/airflow/.local/lib/python3.8/site-packages/airflow/example_dags/example_kubernetes_executor.py took 0.047 seconds
[2024-10-06T23:13:26.668+0000] {processor.py:157} INFO - Started process (PID=28859) to work on /home/airflow/.local/lib/python3.8/site-packages/airflow/example_dags/example_kubernetes_executor.py
[2024-10-06T23:13:26.668+0000] {processor.py:829} INFO - Processing file /home/airflow/.local/lib/python3.8/site-packages/airflow/example_dags/example_kubernetes_executor.py for tasks to queue
[2024-10-06T23:13:26.670+0000] {logging_mixin.py:154} INFO - [2024-10-06T23:13:26.670+0000] {dagbag.py:536} INFO - Filling up the DagBag from /home/airflow/.local/lib/python3.8/site-packages/airflow/example_dags/example_kubernetes_executor.py
[2024-10-06T23:13:26.679+0000] {processor.py:839} INFO - DAG(s) dict_keys(['example_kubernetes_executor']) retrieved from /home/airflow/.local/lib/python3.8/site-packages/airflow/example_dags/example_kubernetes_executor.py
[2024-10-06T23:13:26.701+0000] {logging_mixin.py:154} INFO - [2024-10-06T23:13:26.700+0000] {dag.py:2941} INFO - Sync 1 DAGs
[2024-10-06T23:13:26.706+0000] {logging_mixin.py:154} INFO - [2024-10-06T23:13:26.706+0000] {dag.py:3722} INFO - Setting next_dagrun for example_kubernetes_executor to None, run_after=None
[2024-10-06T23:13:26.712+0000] {processor.py:179} INFO - Processing /home/airflow/.local/lib/python3.8/site-packages/airflow/example_dags/example_kubernetes_executor.py took 0.047 seconds
[2024-10-06T23:13:57.048+0000] {processor.py:157} INFO - Started process (PID=28913) to work on /home/airflow/.local/lib/python3.8/site-packages/airflow/example_dags/example_kubernetes_executor.py
[2024-10-06T23:13:57.049+0000] {processor.py:829} INFO - Processing file /home/airflow/.local/lib/python3.8/site-packages/airflow/example_dags/example_kubernetes_executor.py for tasks to queue
[2024-10-06T23:13:57.050+0000] {logging_mixin.py:154} INFO - [2024-10-06T23:13:57.050+0000] {dagbag.py:536} INFO - Filling up the DagBag from /home/airflow/.local/lib/python3.8/site-packages/airflow/example_dags/example_kubernetes_executor.py
[2024-10-06T23:13:57.061+0000] {processor.py:839} INFO - DAG(s) dict_keys(['example_kubernetes_executor']) retrieved from /home/airflow/.local/lib/python3.8/site-packages/airflow/example_dags/example_kubernetes_executor.py
[2024-10-06T23:13:57.082+0000] {logging_mixin.py:154} INFO - [2024-10-06T23:13:57.082+0000] {dag.py:2941} INFO - Sync 1 DAGs
[2024-10-06T23:13:57.088+0000] {logging_mixin.py:154} INFO - [2024-10-06T23:13:57.088+0000] {dag.py:3722} INFO - Setting next_dagrun for example_kubernetes_executor to None, run_after=None
[2024-10-06T23:13:57.095+0000] {processor.py:179} INFO - Processing /home/airflow/.local/lib/python3.8/site-packages/airflow/example_dags/example_kubernetes_executor.py took 0.049 seconds
[2024-10-06T23:14:27.580+0000] {processor.py:157} INFO - Started process (PID=28967) to work on /home/airflow/.local/lib/python3.8/site-packages/airflow/example_dags/example_kubernetes_executor.py
[2024-10-06T23:14:27.581+0000] {processor.py:829} INFO - Processing file /home/airflow/.local/lib/python3.8/site-packages/airflow/example_dags/example_kubernetes_executor.py for tasks to queue
[2024-10-06T23:14:27.582+0000] {logging_mixin.py:154} INFO - [2024-10-06T23:14:27.582+0000] {dagbag.py:536} INFO - Filling up the DagBag from /home/airflow/.local/lib/python3.8/site-packages/airflow/example_dags/example_kubernetes_executor.py
[2024-10-06T23:14:27.592+0000] {processor.py:839} INFO - DAG(s) dict_keys(['example_kubernetes_executor']) retrieved from /home/airflow/.local/lib/python3.8/site-packages/airflow/example_dags/example_kubernetes_executor.py
[2024-10-06T23:14:27.613+0000] {logging_mixin.py:154} INFO - [2024-10-06T23:14:27.613+0000] {dag.py:2941} INFO - Sync 1 DAGs
[2024-10-06T23:14:27.619+0000] {logging_mixin.py:154} INFO - [2024-10-06T23:14:27.619+0000] {dag.py:3722} INFO - Setting next_dagrun for example_kubernetes_executor to None, run_after=None
[2024-10-06T23:14:27.626+0000] {processor.py:179} INFO - Processing /home/airflow/.local/lib/python3.8/site-packages/airflow/example_dags/example_kubernetes_executor.py took 0.048 seconds
[2024-10-06T23:14:58.096+0000] {processor.py:157} INFO - Started process (PID=29021) to work on /home/airflow/.local/lib/python3.8/site-packages/airflow/example_dags/example_kubernetes_executor.py
[2024-10-06T23:14:58.097+0000] {processor.py:829} INFO - Processing file /home/airflow/.local/lib/python3.8/site-packages/airflow/example_dags/example_kubernetes_executor.py for tasks to queue
[2024-10-06T23:14:58.099+0000] {logging_mixin.py:154} INFO - [2024-10-06T23:14:58.099+0000] {dagbag.py:536} INFO - Filling up the DagBag from /home/airflow/.local/lib/python3.8/site-packages/airflow/example_dags/example_kubernetes_executor.py
[2024-10-06T23:14:58.108+0000] {processor.py:839} INFO - DAG(s) dict_keys(['example_kubernetes_executor']) retrieved from /home/airflow/.local/lib/python3.8/site-packages/airflow/example_dags/example_kubernetes_executor.py
[2024-10-06T23:14:58.129+0000] {logging_mixin.py:154} INFO - [2024-10-06T23:14:58.129+0000] {dag.py:2941} INFO - Sync 1 DAGs
[2024-10-06T23:14:58.135+0000] {logging_mixin.py:154} INFO - [2024-10-06T23:14:58.134+0000] {dag.py:3722} INFO - Setting next_dagrun for example_kubernetes_executor to None, run_after=None
[2024-10-06T23:14:58.141+0000] {processor.py:179} INFO - Processing /home/airflow/.local/lib/python3.8/site-packages/airflow/example_dags/example_kubernetes_executor.py took 0.048 seconds
[2024-10-06T23:15:28.444+0000] {processor.py:157} INFO - Started process (PID=29075) to work on /home/airflow/.local/lib/python3.8/site-packages/airflow/example_dags/example_kubernetes_executor.py
[2024-10-06T23:15:28.444+0000] {processor.py:829} INFO - Processing file /home/airflow/.local/lib/python3.8/site-packages/airflow/example_dags/example_kubernetes_executor.py for tasks to queue
[2024-10-06T23:15:28.446+0000] {logging_mixin.py:154} INFO - [2024-10-06T23:15:28.446+0000] {dagbag.py:536} INFO - Filling up the DagBag from /home/airflow/.local/lib/python3.8/site-packages/airflow/example_dags/example_kubernetes_executor.py
[2024-10-06T23:15:28.456+0000] {processor.py:839} INFO - DAG(s) dict_keys(['example_kubernetes_executor']) retrieved from /home/airflow/.local/lib/python3.8/site-packages/airflow/example_dags/example_kubernetes_executor.py
[2024-10-06T23:15:28.477+0000] {logging_mixin.py:154} INFO - [2024-10-06T23:15:28.477+0000] {dag.py:2941} INFO - Sync 1 DAGs
[2024-10-06T23:15:28.482+0000] {logging_mixin.py:154} INFO - [2024-10-06T23:15:28.482+0000] {dag.py:3722} INFO - Setting next_dagrun for example_kubernetes_executor to None, run_after=None
[2024-10-06T23:15:28.489+0000] {processor.py:179} INFO - Processing /home/airflow/.local/lib/python3.8/site-packages/airflow/example_dags/example_kubernetes_executor.py took 0.048 seconds
[2024-10-06T23:54:55.498+0000] {processor.py:157} INFO - Started process (PID=29122) to work on /home/airflow/.local/lib/python3.8/site-packages/airflow/example_dags/example_kubernetes_executor.py
[2024-10-06T23:54:55.499+0000] {processor.py:829} INFO - Processing file /home/airflow/.local/lib/python3.8/site-packages/airflow/example_dags/example_kubernetes_executor.py for tasks to queue
[2024-10-06T23:54:55.500+0000] {logging_mixin.py:154} INFO - [2024-10-06T23:54:55.500+0000] {dagbag.py:536} INFO - Filling up the DagBag from /home/airflow/.local/lib/python3.8/site-packages/airflow/example_dags/example_kubernetes_executor.py
[2024-10-06T23:54:55.507+0000] {processor.py:839} INFO - DAG(s) dict_keys(['example_kubernetes_executor']) retrieved from /home/airflow/.local/lib/python3.8/site-packages/airflow/example_dags/example_kubernetes_executor.py
[2024-10-06T23:54:55.525+0000] {logging_mixin.py:154} INFO - [2024-10-06T23:54:55.525+0000] {dag.py:2941} INFO - Sync 1 DAGs
[2024-10-06T23:54:55.529+0000] {logging_mixin.py:154} INFO - [2024-10-06T23:54:55.529+0000] {dag.py:3722} INFO - Setting next_dagrun for example_kubernetes_executor to None, run_after=None
[2024-10-06T23:54:55.537+0000] {processor.py:179} INFO - Processing /home/airflow/.local/lib/python3.8/site-packages/airflow/example_dags/example_kubernetes_executor.py took 0.040 seconds
