[2024-10-06T00:48:02.159+0000] {processor.py:157} INFO - Started process (PID=25814) to work on /home/airflow/.local/lib/python3.8/site-packages/airflow/example_dags/example_bash_operator.py
[2024-10-06T00:48:02.160+0000] {processor.py:829} INFO - Processing file /home/airflow/.local/lib/python3.8/site-packages/airflow/example_dags/example_bash_operator.py for tasks to queue
[2024-10-06T00:48:02.161+0000] {logging_mixin.py:154} INFO - [2024-10-06T00:48:02.161+0000] {dagbag.py:536} INFO - Filling up the DagBag from /home/airflow/.local/lib/python3.8/site-packages/airflow/example_dags/example_bash_operator.py
[2024-10-06T00:48:02.167+0000] {processor.py:839} INFO - DAG(s) dict_keys(['example_bash_operator']) retrieved from /home/airflow/.local/lib/python3.8/site-packages/airflow/example_dags/example_bash_operator.py
[2024-10-06T00:48:02.179+0000] {logging_mixin.py:154} INFO - [2024-10-06T00:48:02.179+0000] {dag.py:2941} INFO - Sync 1 DAGs
[2024-10-06T00:48:02.188+0000] {logging_mixin.py:154} INFO - [2024-10-06T00:48:02.188+0000] {dag.py:3722} INFO - Setting next_dagrun for example_bash_operator to 2024-10-05T00:00:00+00:00, run_after=2024-10-06T00:00:00+00:00
[2024-10-06T00:48:02.195+0000] {processor.py:179} INFO - Processing /home/airflow/.local/lib/python3.8/site-packages/airflow/example_dags/example_bash_operator.py took 0.037 seconds
[2024-10-06T00:59:19.322+0000] {processor.py:157} INFO - Started process (PID=25868) to work on /home/airflow/.local/lib/python3.8/site-packages/airflow/example_dags/example_bash_operator.py
[2024-10-06T00:59:19.323+0000] {processor.py:829} INFO - Processing file /home/airflow/.local/lib/python3.8/site-packages/airflow/example_dags/example_bash_operator.py for tasks to queue
[2024-10-06T00:59:19.324+0000] {logging_mixin.py:154} INFO - [2024-10-06T00:59:19.324+0000] {dagbag.py:536} INFO - Filling up the DagBag from /home/airflow/.local/lib/python3.8/site-packages/airflow/example_dags/example_bash_operator.py
[2024-10-06T00:59:19.331+0000] {processor.py:839} INFO - DAG(s) dict_keys(['example_bash_operator']) retrieved from /home/airflow/.local/lib/python3.8/site-packages/airflow/example_dags/example_bash_operator.py
[2024-10-06T00:59:19.347+0000] {logging_mixin.py:154} INFO - [2024-10-06T00:59:19.347+0000] {dag.py:2941} INFO - Sync 1 DAGs
[2024-10-06T00:59:19.357+0000] {logging_mixin.py:154} INFO - [2024-10-06T00:59:19.357+0000] {dag.py:3722} INFO - Setting next_dagrun for example_bash_operator to 2024-10-05T00:00:00+00:00, run_after=2024-10-06T00:00:00+00:00
[2024-10-06T00:59:19.365+0000] {processor.py:179} INFO - Processing /home/airflow/.local/lib/python3.8/site-packages/airflow/example_dags/example_bash_operator.py took 0.045 seconds
[2024-10-06T02:12:20.383+0000] {processor.py:157} INFO - Started process (PID=25922) to work on /home/airflow/.local/lib/python3.8/site-packages/airflow/example_dags/example_bash_operator.py
[2024-10-06T02:12:20.384+0000] {processor.py:829} INFO - Processing file /home/airflow/.local/lib/python3.8/site-packages/airflow/example_dags/example_bash_operator.py for tasks to queue
[2024-10-06T02:12:20.385+0000] {logging_mixin.py:154} INFO - [2024-10-06T02:12:20.385+0000] {dagbag.py:536} INFO - Filling up the DagBag from /home/airflow/.local/lib/python3.8/site-packages/airflow/example_dags/example_bash_operator.py
[2024-10-06T02:12:20.392+0000] {processor.py:839} INFO - DAG(s) dict_keys(['example_bash_operator']) retrieved from /home/airflow/.local/lib/python3.8/site-packages/airflow/example_dags/example_bash_operator.py
[2024-10-06T02:12:20.407+0000] {logging_mixin.py:154} INFO - [2024-10-06T02:12:20.407+0000] {dag.py:2941} INFO - Sync 1 DAGs
[2024-10-06T02:12:20.420+0000] {logging_mixin.py:154} INFO - [2024-10-06T02:12:20.419+0000] {dag.py:3722} INFO - Setting next_dagrun for example_bash_operator to 2024-10-05T00:00:00+00:00, run_after=2024-10-06T00:00:00+00:00
[2024-10-06T02:12:20.431+0000] {processor.py:179} INFO - Processing /home/airflow/.local/lib/python3.8/site-packages/airflow/example_dags/example_bash_operator.py took 0.050 seconds
[2024-10-06T02:48:47.474+0000] {processor.py:157} INFO - Started process (PID=25976) to work on /home/airflow/.local/lib/python3.8/site-packages/airflow/example_dags/example_bash_operator.py
[2024-10-06T02:48:47.474+0000] {processor.py:829} INFO - Processing file /home/airflow/.local/lib/python3.8/site-packages/airflow/example_dags/example_bash_operator.py for tasks to queue
[2024-10-06T02:48:47.475+0000] {logging_mixin.py:154} INFO - [2024-10-06T02:48:47.475+0000] {dagbag.py:536} INFO - Filling up the DagBag from /home/airflow/.local/lib/python3.8/site-packages/airflow/example_dags/example_bash_operator.py
[2024-10-06T02:48:47.481+0000] {processor.py:839} INFO - DAG(s) dict_keys(['example_bash_operator']) retrieved from /home/airflow/.local/lib/python3.8/site-packages/airflow/example_dags/example_bash_operator.py
[2024-10-06T02:48:47.493+0000] {logging_mixin.py:154} INFO - [2024-10-06T02:48:47.493+0000] {dag.py:2941} INFO - Sync 1 DAGs
[2024-10-06T02:48:47.502+0000] {logging_mixin.py:154} INFO - [2024-10-06T02:48:47.502+0000] {dag.py:3722} INFO - Setting next_dagrun for example_bash_operator to 2024-10-05T00:00:00+00:00, run_after=2024-10-06T00:00:00+00:00
[2024-10-06T02:48:47.509+0000] {processor.py:179} INFO - Processing /home/airflow/.local/lib/python3.8/site-packages/airflow/example_dags/example_bash_operator.py took 0.037 seconds
[2024-10-06T03:19:23.106+0000] {processor.py:157} INFO - Started process (PID=26030) to work on /home/airflow/.local/lib/python3.8/site-packages/airflow/example_dags/example_bash_operator.py
[2024-10-06T03:19:23.106+0000] {processor.py:829} INFO - Processing file /home/airflow/.local/lib/python3.8/site-packages/airflow/example_dags/example_bash_operator.py for tasks to queue
[2024-10-06T03:19:23.107+0000] {logging_mixin.py:154} INFO - [2024-10-06T03:19:23.107+0000] {dagbag.py:536} INFO - Filling up the DagBag from /home/airflow/.local/lib/python3.8/site-packages/airflow/example_dags/example_bash_operator.py
[2024-10-06T03:19:23.113+0000] {processor.py:839} INFO - DAG(s) dict_keys(['example_bash_operator']) retrieved from /home/airflow/.local/lib/python3.8/site-packages/airflow/example_dags/example_bash_operator.py
[2024-10-06T03:19:23.124+0000] {logging_mixin.py:154} INFO - [2024-10-06T03:19:23.124+0000] {dag.py:2941} INFO - Sync 1 DAGs
[2024-10-06T03:19:23.132+0000] {logging_mixin.py:154} INFO - [2024-10-06T03:19:23.132+0000] {dag.py:3722} INFO - Setting next_dagrun for example_bash_operator to 2024-10-05T00:00:00+00:00, run_after=2024-10-06T00:00:00+00:00
[2024-10-06T03:19:23.139+0000] {processor.py:179} INFO - Processing /home/airflow/.local/lib/python3.8/site-packages/airflow/example_dags/example_bash_operator.py took 0.034 seconds
[2024-10-06T04:34:56.706+0000] {processor.py:157} INFO - Started process (PID=26084) to work on /home/airflow/.local/lib/python3.8/site-packages/airflow/example_dags/example_bash_operator.py
[2024-10-06T04:34:56.706+0000] {processor.py:829} INFO - Processing file /home/airflow/.local/lib/python3.8/site-packages/airflow/example_dags/example_bash_operator.py for tasks to queue
[2024-10-06T04:34:56.707+0000] {logging_mixin.py:154} INFO - [2024-10-06T04:34:56.707+0000] {dagbag.py:536} INFO - Filling up the DagBag from /home/airflow/.local/lib/python3.8/site-packages/airflow/example_dags/example_bash_operator.py
[2024-10-06T04:34:56.713+0000] {processor.py:839} INFO - DAG(s) dict_keys(['example_bash_operator']) retrieved from /home/airflow/.local/lib/python3.8/site-packages/airflow/example_dags/example_bash_operator.py
[2024-10-06T04:34:56.724+0000] {logging_mixin.py:154} INFO - [2024-10-06T04:34:56.724+0000] {dag.py:2941} INFO - Sync 1 DAGs
[2024-10-06T04:34:56.733+0000] {logging_mixin.py:154} INFO - [2024-10-06T04:34:56.733+0000] {dag.py:3722} INFO - Setting next_dagrun for example_bash_operator to 2024-10-05T00:00:00+00:00, run_after=2024-10-06T00:00:00+00:00
[2024-10-06T04:34:56.739+0000] {processor.py:179} INFO - Processing /home/airflow/.local/lib/python3.8/site-packages/airflow/example_dags/example_bash_operator.py took 0.035 seconds
[2024-10-06T05:54:01.544+0000] {processor.py:157} INFO - Started process (PID=26138) to work on /home/airflow/.local/lib/python3.8/site-packages/airflow/example_dags/example_bash_operator.py
[2024-10-06T05:54:01.545+0000] {processor.py:829} INFO - Processing file /home/airflow/.local/lib/python3.8/site-packages/airflow/example_dags/example_bash_operator.py for tasks to queue
[2024-10-06T05:54:01.546+0000] {logging_mixin.py:154} INFO - [2024-10-06T05:54:01.546+0000] {dagbag.py:536} INFO - Filling up the DagBag from /home/airflow/.local/lib/python3.8/site-packages/airflow/example_dags/example_bash_operator.py
[2024-10-06T05:54:01.553+0000] {processor.py:839} INFO - DAG(s) dict_keys(['example_bash_operator']) retrieved from /home/airflow/.local/lib/python3.8/site-packages/airflow/example_dags/example_bash_operator.py
[2024-10-06T05:54:01.569+0000] {logging_mixin.py:154} INFO - [2024-10-06T05:54:01.568+0000] {dag.py:2941} INFO - Sync 1 DAGs
[2024-10-06T05:54:01.581+0000] {logging_mixin.py:154} INFO - [2024-10-06T05:54:01.581+0000] {dag.py:3722} INFO - Setting next_dagrun for example_bash_operator to 2024-10-05T00:00:00+00:00, run_after=2024-10-06T00:00:00+00:00
[2024-10-06T05:54:01.592+0000] {processor.py:179} INFO - Processing /home/airflow/.local/lib/python3.8/site-packages/airflow/example_dags/example_bash_operator.py took 0.049 seconds
[2024-10-06T06:41:07.316+0000] {processor.py:157} INFO - Started process (PID=26192) to work on /home/airflow/.local/lib/python3.8/site-packages/airflow/example_dags/example_bash_operator.py
[2024-10-06T06:41:07.317+0000] {processor.py:829} INFO - Processing file /home/airflow/.local/lib/python3.8/site-packages/airflow/example_dags/example_bash_operator.py for tasks to queue
[2024-10-06T06:41:07.319+0000] {logging_mixin.py:154} INFO - [2024-10-06T06:41:07.319+0000] {dagbag.py:536} INFO - Filling up the DagBag from /home/airflow/.local/lib/python3.8/site-packages/airflow/example_dags/example_bash_operator.py
[2024-10-06T06:41:07.327+0000] {processor.py:839} INFO - DAG(s) dict_keys(['example_bash_operator']) retrieved from /home/airflow/.local/lib/python3.8/site-packages/airflow/example_dags/example_bash_operator.py
[2024-10-06T06:41:07.343+0000] {logging_mixin.py:154} INFO - [2024-10-06T06:41:07.343+0000] {dag.py:2941} INFO - Sync 1 DAGs
[2024-10-06T06:41:07.354+0000] {logging_mixin.py:154} INFO - [2024-10-06T06:41:07.354+0000] {dag.py:3722} INFO - Setting next_dagrun for example_bash_operator to 2024-10-05T00:00:00+00:00, run_after=2024-10-06T00:00:00+00:00
[2024-10-06T06:41:07.364+0000] {processor.py:179} INFO - Processing /home/airflow/.local/lib/python3.8/site-packages/airflow/example_dags/example_bash_operator.py took 0.050 seconds
[2024-10-06T08:19:29.991+0000] {processor.py:157} INFO - Started process (PID=26246) to work on /home/airflow/.local/lib/python3.8/site-packages/airflow/example_dags/example_bash_operator.py
[2024-10-06T08:19:29.992+0000] {processor.py:829} INFO - Processing file /home/airflow/.local/lib/python3.8/site-packages/airflow/example_dags/example_bash_operator.py for tasks to queue
[2024-10-06T08:19:29.993+0000] {logging_mixin.py:154} INFO - [2024-10-06T08:19:29.993+0000] {dagbag.py:536} INFO - Filling up the DagBag from /home/airflow/.local/lib/python3.8/site-packages/airflow/example_dags/example_bash_operator.py
[2024-10-06T08:19:30.001+0000] {processor.py:839} INFO - DAG(s) dict_keys(['example_bash_operator']) retrieved from /home/airflow/.local/lib/python3.8/site-packages/airflow/example_dags/example_bash_operator.py
[2024-10-06T08:19:30.020+0000] {logging_mixin.py:154} INFO - [2024-10-06T08:19:30.020+0000] {dag.py:2941} INFO - Sync 1 DAGs
[2024-10-06T08:19:30.034+0000] {logging_mixin.py:154} INFO - [2024-10-06T08:19:30.034+0000] {dag.py:3722} INFO - Setting next_dagrun for example_bash_operator to 2024-10-05T00:00:00+00:00, run_after=2024-10-06T00:00:00+00:00
[2024-10-06T08:19:30.045+0000] {processor.py:179} INFO - Processing /home/airflow/.local/lib/python3.8/site-packages/airflow/example_dags/example_bash_operator.py took 0.055 seconds
[2024-10-06T09:31:45.909+0000] {processor.py:157} INFO - Started process (PID=26300) to work on /home/airflow/.local/lib/python3.8/site-packages/airflow/example_dags/example_bash_operator.py
[2024-10-06T09:31:45.909+0000] {processor.py:829} INFO - Processing file /home/airflow/.local/lib/python3.8/site-packages/airflow/example_dags/example_bash_operator.py for tasks to queue
[2024-10-06T09:31:45.910+0000] {logging_mixin.py:154} INFO - [2024-10-06T09:31:45.910+0000] {dagbag.py:536} INFO - Filling up the DagBag from /home/airflow/.local/lib/python3.8/site-packages/airflow/example_dags/example_bash_operator.py
[2024-10-06T09:31:45.916+0000] {processor.py:839} INFO - DAG(s) dict_keys(['example_bash_operator']) retrieved from /home/airflow/.local/lib/python3.8/site-packages/airflow/example_dags/example_bash_operator.py
[2024-10-06T09:31:45.928+0000] {logging_mixin.py:154} INFO - [2024-10-06T09:31:45.928+0000] {dag.py:2941} INFO - Sync 1 DAGs
[2024-10-06T09:31:45.937+0000] {logging_mixin.py:154} INFO - [2024-10-06T09:31:45.936+0000] {dag.py:3722} INFO - Setting next_dagrun for example_bash_operator to 2024-10-05T00:00:00+00:00, run_after=2024-10-06T00:00:00+00:00
[2024-10-06T09:31:45.943+0000] {processor.py:179} INFO - Processing /home/airflow/.local/lib/python3.8/site-packages/airflow/example_dags/example_bash_operator.py took 0.036 seconds
[2024-10-06T10:45:25.843+0000] {processor.py:157} INFO - Started process (PID=26354) to work on /home/airflow/.local/lib/python3.8/site-packages/airflow/example_dags/example_bash_operator.py
[2024-10-06T10:45:25.844+0000] {processor.py:829} INFO - Processing file /home/airflow/.local/lib/python3.8/site-packages/airflow/example_dags/example_bash_operator.py for tasks to queue
[2024-10-06T10:45:25.845+0000] {logging_mixin.py:154} INFO - [2024-10-06T10:45:25.845+0000] {dagbag.py:536} INFO - Filling up the DagBag from /home/airflow/.local/lib/python3.8/site-packages/airflow/example_dags/example_bash_operator.py
[2024-10-06T10:45:25.851+0000] {processor.py:839} INFO - DAG(s) dict_keys(['example_bash_operator']) retrieved from /home/airflow/.local/lib/python3.8/site-packages/airflow/example_dags/example_bash_operator.py
[2024-10-06T10:45:25.862+0000] {logging_mixin.py:154} INFO - [2024-10-06T10:45:25.862+0000] {dag.py:2941} INFO - Sync 1 DAGs
[2024-10-06T10:45:25.870+0000] {logging_mixin.py:154} INFO - [2024-10-06T10:45:25.870+0000] {dag.py:3722} INFO - Setting next_dagrun for example_bash_operator to 2024-10-05T00:00:00+00:00, run_after=2024-10-06T00:00:00+00:00
[2024-10-06T10:45:25.877+0000] {processor.py:179} INFO - Processing /home/airflow/.local/lib/python3.8/site-packages/airflow/example_dags/example_bash_operator.py took 0.035 seconds
[2024-10-06T11:46:26.217+0000] {processor.py:157} INFO - Started process (PID=26408) to work on /home/airflow/.local/lib/python3.8/site-packages/airflow/example_dags/example_bash_operator.py
[2024-10-06T11:46:26.218+0000] {processor.py:829} INFO - Processing file /home/airflow/.local/lib/python3.8/site-packages/airflow/example_dags/example_bash_operator.py for tasks to queue
[2024-10-06T11:46:26.218+0000] {logging_mixin.py:154} INFO - [2024-10-06T11:46:26.218+0000] {dagbag.py:536} INFO - Filling up the DagBag from /home/airflow/.local/lib/python3.8/site-packages/airflow/example_dags/example_bash_operator.py
[2024-10-06T11:46:26.224+0000] {processor.py:839} INFO - DAG(s) dict_keys(['example_bash_operator']) retrieved from /home/airflow/.local/lib/python3.8/site-packages/airflow/example_dags/example_bash_operator.py
[2024-10-06T11:46:26.234+0000] {logging_mixin.py:154} INFO - [2024-10-06T11:46:26.234+0000] {dag.py:2941} INFO - Sync 1 DAGs
[2024-10-06T11:46:26.242+0000] {logging_mixin.py:154} INFO - [2024-10-06T11:46:26.242+0000] {dag.py:3722} INFO - Setting next_dagrun for example_bash_operator to 2024-10-05T00:00:00+00:00, run_after=2024-10-06T00:00:00+00:00
[2024-10-06T11:46:26.248+0000] {processor.py:179} INFO - Processing /home/airflow/.local/lib/python3.8/site-packages/airflow/example_dags/example_bash_operator.py took 0.032 seconds
[2024-10-06T12:33:57.745+0000] {processor.py:157} INFO - Started process (PID=26462) to work on /home/airflow/.local/lib/python3.8/site-packages/airflow/example_dags/example_bash_operator.py
[2024-10-06T12:33:57.746+0000] {processor.py:829} INFO - Processing file /home/airflow/.local/lib/python3.8/site-packages/airflow/example_dags/example_bash_operator.py for tasks to queue
[2024-10-06T12:33:57.749+0000] {logging_mixin.py:154} INFO - [2024-10-06T12:33:57.748+0000] {dagbag.py:536} INFO - Filling up the DagBag from /home/airflow/.local/lib/python3.8/site-packages/airflow/example_dags/example_bash_operator.py
[2024-10-06T12:33:57.755+0000] {processor.py:839} INFO - DAG(s) dict_keys(['example_bash_operator']) retrieved from /home/airflow/.local/lib/python3.8/site-packages/airflow/example_dags/example_bash_operator.py
[2024-10-06T12:33:57.766+0000] {logging_mixin.py:154} INFO - [2024-10-06T12:33:57.766+0000] {dag.py:2941} INFO - Sync 1 DAGs
[2024-10-06T12:33:57.774+0000] {logging_mixin.py:154} INFO - [2024-10-06T12:33:57.774+0000] {dag.py:3722} INFO - Setting next_dagrun for example_bash_operator to 2024-10-05T00:00:00+00:00, run_after=2024-10-06T00:00:00+00:00
[2024-10-06T12:33:57.781+0000] {processor.py:179} INFO - Processing /home/airflow/.local/lib/python3.8/site-packages/airflow/example_dags/example_bash_operator.py took 0.037 seconds
[2024-10-06T13:17:28.491+0000] {processor.py:157} INFO - Started process (PID=26516) to work on /home/airflow/.local/lib/python3.8/site-packages/airflow/example_dags/example_bash_operator.py
[2024-10-06T13:17:28.492+0000] {processor.py:829} INFO - Processing file /home/airflow/.local/lib/python3.8/site-packages/airflow/example_dags/example_bash_operator.py for tasks to queue
[2024-10-06T13:17:28.493+0000] {logging_mixin.py:154} INFO - [2024-10-06T13:17:28.493+0000] {dagbag.py:536} INFO - Filling up the DagBag from /home/airflow/.local/lib/python3.8/site-packages/airflow/example_dags/example_bash_operator.py
[2024-10-06T13:17:28.499+0000] {processor.py:839} INFO - DAG(s) dict_keys(['example_bash_operator']) retrieved from /home/airflow/.local/lib/python3.8/site-packages/airflow/example_dags/example_bash_operator.py
[2024-10-06T13:17:28.511+0000] {logging_mixin.py:154} INFO - [2024-10-06T13:17:28.511+0000] {dag.py:2941} INFO - Sync 1 DAGs
[2024-10-06T13:17:28.519+0000] {logging_mixin.py:154} INFO - [2024-10-06T13:17:28.519+0000] {dag.py:3722} INFO - Setting next_dagrun for example_bash_operator to 2024-10-05T00:00:00+00:00, run_after=2024-10-06T00:00:00+00:00
[2024-10-06T13:17:28.526+0000] {processor.py:179} INFO - Processing /home/airflow/.local/lib/python3.8/site-packages/airflow/example_dags/example_bash_operator.py took 0.036 seconds
[2024-10-06T14:49:26.848+0000] {processor.py:157} INFO - Started process (PID=26570) to work on /home/airflow/.local/lib/python3.8/site-packages/airflow/example_dags/example_bash_operator.py
[2024-10-06T14:49:26.849+0000] {processor.py:829} INFO - Processing file /home/airflow/.local/lib/python3.8/site-packages/airflow/example_dags/example_bash_operator.py for tasks to queue
[2024-10-06T14:49:26.850+0000] {logging_mixin.py:154} INFO - [2024-10-06T14:49:26.850+0000] {dagbag.py:536} INFO - Filling up the DagBag from /home/airflow/.local/lib/python3.8/site-packages/airflow/example_dags/example_bash_operator.py
[2024-10-06T14:49:26.856+0000] {processor.py:839} INFO - DAG(s) dict_keys(['example_bash_operator']) retrieved from /home/airflow/.local/lib/python3.8/site-packages/airflow/example_dags/example_bash_operator.py
[2024-10-06T14:49:26.869+0000] {logging_mixin.py:154} INFO - [2024-10-06T14:49:26.869+0000] {dag.py:2941} INFO - Sync 1 DAGs
[2024-10-06T14:49:26.879+0000] {logging_mixin.py:154} INFO - [2024-10-06T14:49:26.879+0000] {dag.py:3722} INFO - Setting next_dagrun for example_bash_operator to 2024-10-05T00:00:00+00:00, run_after=2024-10-06T00:00:00+00:00
[2024-10-06T14:49:26.886+0000] {processor.py:179} INFO - Processing /home/airflow/.local/lib/python3.8/site-packages/airflow/example_dags/example_bash_operator.py took 0.039 seconds
[2024-10-06T15:50:31.207+0000] {processor.py:157} INFO - Started process (PID=26624) to work on /home/airflow/.local/lib/python3.8/site-packages/airflow/example_dags/example_bash_operator.py
[2024-10-06T15:50:31.207+0000] {processor.py:829} INFO - Processing file /home/airflow/.local/lib/python3.8/site-packages/airflow/example_dags/example_bash_operator.py for tasks to queue
[2024-10-06T15:50:31.208+0000] {logging_mixin.py:154} INFO - [2024-10-06T15:50:31.208+0000] {dagbag.py:536} INFO - Filling up the DagBag from /home/airflow/.local/lib/python3.8/site-packages/airflow/example_dags/example_bash_operator.py
[2024-10-06T15:50:31.214+0000] {processor.py:839} INFO - DAG(s) dict_keys(['example_bash_operator']) retrieved from /home/airflow/.local/lib/python3.8/site-packages/airflow/example_dags/example_bash_operator.py
[2024-10-06T15:50:31.225+0000] {logging_mixin.py:154} INFO - [2024-10-06T15:50:31.225+0000] {dag.py:2941} INFO - Sync 1 DAGs
[2024-10-06T15:50:31.233+0000] {logging_mixin.py:154} INFO - [2024-10-06T15:50:31.233+0000] {dag.py:3722} INFO - Setting next_dagrun for example_bash_operator to 2024-10-05T00:00:00+00:00, run_after=2024-10-06T00:00:00+00:00
[2024-10-06T15:50:31.239+0000] {processor.py:179} INFO - Processing /home/airflow/.local/lib/python3.8/site-packages/airflow/example_dags/example_bash_operator.py took 0.033 seconds
[2024-10-06T16:11:24.198+0000] {processor.py:157} INFO - Started process (PID=26678) to work on /home/airflow/.local/lib/python3.8/site-packages/airflow/example_dags/example_bash_operator.py
[2024-10-06T16:11:24.199+0000] {processor.py:829} INFO - Processing file /home/airflow/.local/lib/python3.8/site-packages/airflow/example_dags/example_bash_operator.py for tasks to queue
[2024-10-06T16:11:24.200+0000] {logging_mixin.py:154} INFO - [2024-10-06T16:11:24.200+0000] {dagbag.py:536} INFO - Filling up the DagBag from /home/airflow/.local/lib/python3.8/site-packages/airflow/example_dags/example_bash_operator.py
[2024-10-06T16:11:24.205+0000] {processor.py:839} INFO - DAG(s) dict_keys(['example_bash_operator']) retrieved from /home/airflow/.local/lib/python3.8/site-packages/airflow/example_dags/example_bash_operator.py
[2024-10-06T16:11:24.216+0000] {logging_mixin.py:154} INFO - [2024-10-06T16:11:24.216+0000] {dag.py:2941} INFO - Sync 1 DAGs
[2024-10-06T16:11:24.224+0000] {logging_mixin.py:154} INFO - [2024-10-06T16:11:24.224+0000] {dag.py:3722} INFO - Setting next_dagrun for example_bash_operator to 2024-10-05T00:00:00+00:00, run_after=2024-10-06T00:00:00+00:00
[2024-10-06T16:11:24.230+0000] {processor.py:179} INFO - Processing /home/airflow/.local/lib/python3.8/site-packages/airflow/example_dags/example_bash_operator.py took 0.033 seconds
[2024-10-06T16:17:00.978+0000] {processor.py:157} INFO - Started process (PID=26732) to work on /home/airflow/.local/lib/python3.8/site-packages/airflow/example_dags/example_bash_operator.py
[2024-10-06T16:17:00.978+0000] {processor.py:829} INFO - Processing file /home/airflow/.local/lib/python3.8/site-packages/airflow/example_dags/example_bash_operator.py for tasks to queue
[2024-10-06T16:17:00.979+0000] {logging_mixin.py:154} INFO - [2024-10-06T16:17:00.979+0000] {dagbag.py:536} INFO - Filling up the DagBag from /home/airflow/.local/lib/python3.8/site-packages/airflow/example_dags/example_bash_operator.py
[2024-10-06T16:17:00.985+0000] {processor.py:839} INFO - DAG(s) dict_keys(['example_bash_operator']) retrieved from /home/airflow/.local/lib/python3.8/site-packages/airflow/example_dags/example_bash_operator.py
[2024-10-06T16:17:00.997+0000] {logging_mixin.py:154} INFO - [2024-10-06T16:17:00.997+0000] {dag.py:2941} INFO - Sync 1 DAGs
[2024-10-06T16:17:01.006+0000] {logging_mixin.py:154} INFO - [2024-10-06T16:17:01.006+0000] {dag.py:3722} INFO - Setting next_dagrun for example_bash_operator to 2024-10-05T00:00:00+00:00, run_after=2024-10-06T00:00:00+00:00
[2024-10-06T16:17:01.013+0000] {processor.py:179} INFO - Processing /home/airflow/.local/lib/python3.8/site-packages/airflow/example_dags/example_bash_operator.py took 0.037 seconds
[2024-10-06T17:25:37.895+0000] {processor.py:157} INFO - Started process (PID=26786) to work on /home/airflow/.local/lib/python3.8/site-packages/airflow/example_dags/example_bash_operator.py
[2024-10-06T17:25:37.896+0000] {processor.py:829} INFO - Processing file /home/airflow/.local/lib/python3.8/site-packages/airflow/example_dags/example_bash_operator.py for tasks to queue
[2024-10-06T17:25:37.897+0000] {logging_mixin.py:154} INFO - [2024-10-06T17:25:37.896+0000] {dagbag.py:536} INFO - Filling up the DagBag from /home/airflow/.local/lib/python3.8/site-packages/airflow/example_dags/example_bash_operator.py
[2024-10-06T17:25:37.902+0000] {processor.py:839} INFO - DAG(s) dict_keys(['example_bash_operator']) retrieved from /home/airflow/.local/lib/python3.8/site-packages/airflow/example_dags/example_bash_operator.py
[2024-10-06T17:25:37.913+0000] {logging_mixin.py:154} INFO - [2024-10-06T17:25:37.913+0000] {dag.py:2941} INFO - Sync 1 DAGs
[2024-10-06T17:25:37.921+0000] {logging_mixin.py:154} INFO - [2024-10-06T17:25:37.921+0000] {dag.py:3722} INFO - Setting next_dagrun for example_bash_operator to 2024-10-05T00:00:00+00:00, run_after=2024-10-06T00:00:00+00:00
[2024-10-06T17:25:37.926+0000] {processor.py:179} INFO - Processing /home/airflow/.local/lib/python3.8/site-packages/airflow/example_dags/example_bash_operator.py took 0.033 seconds
[2024-10-06T17:48:10.782+0000] {processor.py:157} INFO - Started process (PID=26840) to work on /home/airflow/.local/lib/python3.8/site-packages/airflow/example_dags/example_bash_operator.py
[2024-10-06T17:48:10.782+0000] {processor.py:829} INFO - Processing file /home/airflow/.local/lib/python3.8/site-packages/airflow/example_dags/example_bash_operator.py for tasks to queue
[2024-10-06T17:48:10.783+0000] {logging_mixin.py:154} INFO - [2024-10-06T17:48:10.783+0000] {dagbag.py:536} INFO - Filling up the DagBag from /home/airflow/.local/lib/python3.8/site-packages/airflow/example_dags/example_bash_operator.py
[2024-10-06T17:48:10.789+0000] {processor.py:839} INFO - DAG(s) dict_keys(['example_bash_operator']) retrieved from /home/airflow/.local/lib/python3.8/site-packages/airflow/example_dags/example_bash_operator.py
[2024-10-06T17:48:10.801+0000] {logging_mixin.py:154} INFO - [2024-10-06T17:48:10.801+0000] {dag.py:2941} INFO - Sync 1 DAGs
[2024-10-06T17:48:10.809+0000] {logging_mixin.py:154} INFO - [2024-10-06T17:48:10.809+0000] {dag.py:3722} INFO - Setting next_dagrun for example_bash_operator to 2024-10-05T00:00:00+00:00, run_after=2024-10-06T00:00:00+00:00
[2024-10-06T17:48:10.815+0000] {processor.py:179} INFO - Processing /home/airflow/.local/lib/python3.8/site-packages/airflow/example_dags/example_bash_operator.py took 0.035 seconds
[2024-10-06T18:17:58.737+0000] {processor.py:157} INFO - Started process (PID=26894) to work on /home/airflow/.local/lib/python3.8/site-packages/airflow/example_dags/example_bash_operator.py
[2024-10-06T18:17:58.738+0000] {processor.py:829} INFO - Processing file /home/airflow/.local/lib/python3.8/site-packages/airflow/example_dags/example_bash_operator.py for tasks to queue
[2024-10-06T18:17:58.740+0000] {logging_mixin.py:154} INFO - [2024-10-06T18:17:58.739+0000] {dagbag.py:536} INFO - Filling up the DagBag from /home/airflow/.local/lib/python3.8/site-packages/airflow/example_dags/example_bash_operator.py
[2024-10-06T18:17:58.748+0000] {processor.py:839} INFO - DAG(s) dict_keys(['example_bash_operator']) retrieved from /home/airflow/.local/lib/python3.8/site-packages/airflow/example_dags/example_bash_operator.py
[2024-10-06T18:17:58.766+0000] {logging_mixin.py:154} INFO - [2024-10-06T18:17:58.766+0000] {dag.py:2941} INFO - Sync 1 DAGs
[2024-10-06T18:17:58.779+0000] {logging_mixin.py:154} INFO - [2024-10-06T18:17:58.779+0000] {dag.py:3722} INFO - Setting next_dagrun for example_bash_operator to 2024-10-05T00:00:00+00:00, run_after=2024-10-06T00:00:00+00:00
[2024-10-06T18:17:58.788+0000] {processor.py:179} INFO - Processing /home/airflow/.local/lib/python3.8/site-packages/airflow/example_dags/example_bash_operator.py took 0.053 seconds
[2024-10-06T19:43:23.357+0000] {processor.py:157} INFO - Started process (PID=26948) to work on /home/airflow/.local/lib/python3.8/site-packages/airflow/example_dags/example_bash_operator.py
[2024-10-06T19:43:23.357+0000] {processor.py:829} INFO - Processing file /home/airflow/.local/lib/python3.8/site-packages/airflow/example_dags/example_bash_operator.py for tasks to queue
[2024-10-06T19:43:23.358+0000] {logging_mixin.py:154} INFO - [2024-10-06T19:43:23.358+0000] {dagbag.py:536} INFO - Filling up the DagBag from /home/airflow/.local/lib/python3.8/site-packages/airflow/example_dags/example_bash_operator.py
[2024-10-06T19:43:23.364+0000] {processor.py:839} INFO - DAG(s) dict_keys(['example_bash_operator']) retrieved from /home/airflow/.local/lib/python3.8/site-packages/airflow/example_dags/example_bash_operator.py
[2024-10-06T19:43:23.376+0000] {logging_mixin.py:154} INFO - [2024-10-06T19:43:23.376+0000] {dag.py:2941} INFO - Sync 1 DAGs
[2024-10-06T19:43:23.385+0000] {logging_mixin.py:154} INFO - [2024-10-06T19:43:23.385+0000] {dag.py:3722} INFO - Setting next_dagrun for example_bash_operator to 2024-10-05T00:00:00+00:00, run_after=2024-10-06T00:00:00+00:00
[2024-10-06T19:43:23.391+0000] {processor.py:179} INFO - Processing /home/airflow/.local/lib/python3.8/site-packages/airflow/example_dags/example_bash_operator.py took 0.036 seconds
[2024-10-06T20:31:10.340+0000] {processor.py:157} INFO - Started process (PID=27002) to work on /home/airflow/.local/lib/python3.8/site-packages/airflow/example_dags/example_bash_operator.py
[2024-10-06T20:31:10.341+0000] {processor.py:829} INFO - Processing file /home/airflow/.local/lib/python3.8/site-packages/airflow/example_dags/example_bash_operator.py for tasks to queue
[2024-10-06T20:31:10.343+0000] {logging_mixin.py:154} INFO - [2024-10-06T20:31:10.342+0000] {dagbag.py:536} INFO - Filling up the DagBag from /home/airflow/.local/lib/python3.8/site-packages/airflow/example_dags/example_bash_operator.py
[2024-10-06T20:31:10.350+0000] {processor.py:839} INFO - DAG(s) dict_keys(['example_bash_operator']) retrieved from /home/airflow/.local/lib/python3.8/site-packages/airflow/example_dags/example_bash_operator.py
[2024-10-06T20:31:10.366+0000] {logging_mixin.py:154} INFO - [2024-10-06T20:31:10.366+0000] {dag.py:2941} INFO - Sync 1 DAGs
[2024-10-06T20:31:10.377+0000] {logging_mixin.py:154} INFO - [2024-10-06T20:31:10.377+0000] {dag.py:3722} INFO - Setting next_dagrun for example_bash_operator to 2024-10-05T00:00:00+00:00, run_after=2024-10-06T00:00:00+00:00
[2024-10-06T20:31:10.385+0000] {processor.py:179} INFO - Processing /home/airflow/.local/lib/python3.8/site-packages/airflow/example_dags/example_bash_operator.py took 0.048 seconds
[2024-10-06T20:40:15.371+0000] {processor.py:157} INFO - Started process (PID=27056) to work on /home/airflow/.local/lib/python3.8/site-packages/airflow/example_dags/example_bash_operator.py
[2024-10-06T20:40:15.372+0000] {processor.py:829} INFO - Processing file /home/airflow/.local/lib/python3.8/site-packages/airflow/example_dags/example_bash_operator.py for tasks to queue
[2024-10-06T20:40:15.374+0000] {logging_mixin.py:154} INFO - [2024-10-06T20:40:15.374+0000] {dagbag.py:536} INFO - Filling up the DagBag from /home/airflow/.local/lib/python3.8/site-packages/airflow/example_dags/example_bash_operator.py
[2024-10-06T20:40:15.382+0000] {processor.py:839} INFO - DAG(s) dict_keys(['example_bash_operator']) retrieved from /home/airflow/.local/lib/python3.8/site-packages/airflow/example_dags/example_bash_operator.py
[2024-10-06T20:40:15.398+0000] {logging_mixin.py:154} INFO - [2024-10-06T20:40:15.398+0000] {dag.py:2941} INFO - Sync 1 DAGs
[2024-10-06T20:40:15.411+0000] {logging_mixin.py:154} INFO - [2024-10-06T20:40:15.410+0000] {dag.py:3722} INFO - Setting next_dagrun for example_bash_operator to 2024-10-05T00:00:00+00:00, run_after=2024-10-06T00:00:00+00:00
[2024-10-06T20:40:15.421+0000] {processor.py:179} INFO - Processing /home/airflow/.local/lib/python3.8/site-packages/airflow/example_dags/example_bash_operator.py took 0.052 seconds
[2024-10-06T20:43:25.569+0000] {processor.py:157} INFO - Started process (PID=27110) to work on /home/airflow/.local/lib/python3.8/site-packages/airflow/example_dags/example_bash_operator.py
[2024-10-06T20:43:25.570+0000] {processor.py:829} INFO - Processing file /home/airflow/.local/lib/python3.8/site-packages/airflow/example_dags/example_bash_operator.py for tasks to queue
[2024-10-06T20:43:25.571+0000] {logging_mixin.py:154} INFO - [2024-10-06T20:43:25.571+0000] {dagbag.py:536} INFO - Filling up the DagBag from /home/airflow/.local/lib/python3.8/site-packages/airflow/example_dags/example_bash_operator.py
[2024-10-06T20:43:25.577+0000] {processor.py:839} INFO - DAG(s) dict_keys(['example_bash_operator']) retrieved from /home/airflow/.local/lib/python3.8/site-packages/airflow/example_dags/example_bash_operator.py
[2024-10-06T20:43:25.588+0000] {logging_mixin.py:154} INFO - [2024-10-06T20:43:25.588+0000] {dag.py:2941} INFO - Sync 1 DAGs
[2024-10-06T20:43:25.597+0000] {logging_mixin.py:154} INFO - [2024-10-06T20:43:25.596+0000] {dag.py:3722} INFO - Setting next_dagrun for example_bash_operator to 2024-10-05T00:00:00+00:00, run_after=2024-10-06T00:00:00+00:00
[2024-10-06T20:43:25.602+0000] {processor.py:179} INFO - Processing /home/airflow/.local/lib/python3.8/site-packages/airflow/example_dags/example_bash_operator.py took 0.035 seconds
[2024-10-06T21:12:03.942+0000] {processor.py:157} INFO - Started process (PID=27164) to work on /home/airflow/.local/lib/python3.8/site-packages/airflow/example_dags/example_bash_operator.py
[2024-10-06T21:12:03.942+0000] {processor.py:829} INFO - Processing file /home/airflow/.local/lib/python3.8/site-packages/airflow/example_dags/example_bash_operator.py for tasks to queue
[2024-10-06T21:12:03.943+0000] {logging_mixin.py:154} INFO - [2024-10-06T21:12:03.943+0000] {dagbag.py:536} INFO - Filling up the DagBag from /home/airflow/.local/lib/python3.8/site-packages/airflow/example_dags/example_bash_operator.py
[2024-10-06T21:12:03.949+0000] {processor.py:839} INFO - DAG(s) dict_keys(['example_bash_operator']) retrieved from /home/airflow/.local/lib/python3.8/site-packages/airflow/example_dags/example_bash_operator.py
[2024-10-06T21:12:03.961+0000] {logging_mixin.py:154} INFO - [2024-10-06T21:12:03.961+0000] {dag.py:2941} INFO - Sync 1 DAGs
[2024-10-06T21:12:03.969+0000] {logging_mixin.py:154} INFO - [2024-10-06T21:12:03.969+0000] {dag.py:3722} INFO - Setting next_dagrun for example_bash_operator to 2024-10-05T00:00:00+00:00, run_after=2024-10-06T00:00:00+00:00
[2024-10-06T21:12:03.975+0000] {processor.py:179} INFO - Processing /home/airflow/.local/lib/python3.8/site-packages/airflow/example_dags/example_bash_operator.py took 0.035 seconds
[2024-10-06T21:13:26.630+0000] {processor.py:157} INFO - Started process (PID=27218) to work on /home/airflow/.local/lib/python3.8/site-packages/airflow/example_dags/example_bash_operator.py
[2024-10-06T21:13:26.630+0000] {processor.py:829} INFO - Processing file /home/airflow/.local/lib/python3.8/site-packages/airflow/example_dags/example_bash_operator.py for tasks to queue
[2024-10-06T21:13:26.631+0000] {logging_mixin.py:154} INFO - [2024-10-06T21:13:26.631+0000] {dagbag.py:536} INFO - Filling up the DagBag from /home/airflow/.local/lib/python3.8/site-packages/airflow/example_dags/example_bash_operator.py
[2024-10-06T21:13:26.637+0000] {processor.py:839} INFO - DAG(s) dict_keys(['example_bash_operator']) retrieved from /home/airflow/.local/lib/python3.8/site-packages/airflow/example_dags/example_bash_operator.py
[2024-10-06T21:13:26.649+0000] {logging_mixin.py:154} INFO - [2024-10-06T21:13:26.649+0000] {dag.py:2941} INFO - Sync 1 DAGs
[2024-10-06T21:13:26.657+0000] {logging_mixin.py:154} INFO - [2024-10-06T21:13:26.657+0000] {dag.py:3722} INFO - Setting next_dagrun for example_bash_operator to 2024-10-05T00:00:00+00:00, run_after=2024-10-06T00:00:00+00:00
[2024-10-06T21:13:26.663+0000] {processor.py:179} INFO - Processing /home/airflow/.local/lib/python3.8/site-packages/airflow/example_dags/example_bash_operator.py took 0.035 seconds
[2024-10-06T21:24:00.952+0000] {processor.py:157} INFO - Started process (PID=27272) to work on /home/airflow/.local/lib/python3.8/site-packages/airflow/example_dags/example_bash_operator.py
[2024-10-06T21:24:00.952+0000] {processor.py:829} INFO - Processing file /home/airflow/.local/lib/python3.8/site-packages/airflow/example_dags/example_bash_operator.py for tasks to queue
[2024-10-06T21:24:00.954+0000] {logging_mixin.py:154} INFO - [2024-10-06T21:24:00.954+0000] {dagbag.py:536} INFO - Filling up the DagBag from /home/airflow/.local/lib/python3.8/site-packages/airflow/example_dags/example_bash_operator.py
[2024-10-06T21:24:00.961+0000] {processor.py:839} INFO - DAG(s) dict_keys(['example_bash_operator']) retrieved from /home/airflow/.local/lib/python3.8/site-packages/airflow/example_dags/example_bash_operator.py
[2024-10-06T21:24:00.979+0000] {logging_mixin.py:154} INFO - [2024-10-06T21:24:00.979+0000] {dag.py:2941} INFO - Sync 1 DAGs
[2024-10-06T21:24:00.992+0000] {logging_mixin.py:154} INFO - [2024-10-06T21:24:00.992+0000] {dag.py:3722} INFO - Setting next_dagrun for example_bash_operator to 2024-10-05T00:00:00+00:00, run_after=2024-10-06T00:00:00+00:00
[2024-10-06T21:24:01.002+0000] {processor.py:179} INFO - Processing /home/airflow/.local/lib/python3.8/site-packages/airflow/example_dags/example_bash_operator.py took 0.052 seconds
[2024-10-06T22:02:22.434+0000] {processor.py:157} INFO - Started process (PID=27326) to work on /home/airflow/.local/lib/python3.8/site-packages/airflow/example_dags/example_bash_operator.py
[2024-10-06T22:02:22.434+0000] {processor.py:829} INFO - Processing file /home/airflow/.local/lib/python3.8/site-packages/airflow/example_dags/example_bash_operator.py for tasks to queue
[2024-10-06T22:02:22.435+0000] {logging_mixin.py:154} INFO - [2024-10-06T22:02:22.435+0000] {dagbag.py:536} INFO - Filling up the DagBag from /home/airflow/.local/lib/python3.8/site-packages/airflow/example_dags/example_bash_operator.py
[2024-10-06T22:02:22.441+0000] {processor.py:839} INFO - DAG(s) dict_keys(['example_bash_operator']) retrieved from /home/airflow/.local/lib/python3.8/site-packages/airflow/example_dags/example_bash_operator.py
[2024-10-06T22:02:22.453+0000] {logging_mixin.py:154} INFO - [2024-10-06T22:02:22.453+0000] {dag.py:2941} INFO - Sync 1 DAGs
[2024-10-06T22:02:22.461+0000] {logging_mixin.py:154} INFO - [2024-10-06T22:02:22.461+0000] {dag.py:3722} INFO - Setting next_dagrun for example_bash_operator to 2024-10-05T00:00:00+00:00, run_after=2024-10-06T00:00:00+00:00
[2024-10-06T22:02:22.468+0000] {processor.py:179} INFO - Processing /home/airflow/.local/lib/python3.8/site-packages/airflow/example_dags/example_bash_operator.py took 0.036 seconds
[2024-10-06T22:28:55.429+0000] {processor.py:157} INFO - Started process (PID=27380) to work on /home/airflow/.local/lib/python3.8/site-packages/airflow/example_dags/example_bash_operator.py
[2024-10-06T22:28:55.430+0000] {processor.py:829} INFO - Processing file /home/airflow/.local/lib/python3.8/site-packages/airflow/example_dags/example_bash_operator.py for tasks to queue
[2024-10-06T22:28:55.431+0000] {logging_mixin.py:154} INFO - [2024-10-06T22:28:55.431+0000] {dagbag.py:536} INFO - Filling up the DagBag from /home/airflow/.local/lib/python3.8/site-packages/airflow/example_dags/example_bash_operator.py
[2024-10-06T22:28:55.437+0000] {processor.py:839} INFO - DAG(s) dict_keys(['example_bash_operator']) retrieved from /home/airflow/.local/lib/python3.8/site-packages/airflow/example_dags/example_bash_operator.py
[2024-10-06T22:28:55.449+0000] {logging_mixin.py:154} INFO - [2024-10-06T22:28:55.449+0000] {dag.py:2941} INFO - Sync 1 DAGs
[2024-10-06T22:28:55.458+0000] {logging_mixin.py:154} INFO - [2024-10-06T22:28:55.458+0000] {dag.py:3722} INFO - Setting next_dagrun for example_bash_operator to 2024-10-05T00:00:00+00:00, run_after=2024-10-06T00:00:00+00:00
[2024-10-06T22:28:55.464+0000] {processor.py:179} INFO - Processing /home/airflow/.local/lib/python3.8/site-packages/airflow/example_dags/example_bash_operator.py took 0.036 seconds
[2024-10-06T22:59:45.144+0000] {processor.py:157} INFO - Started process (PID=27434) to work on /home/airflow/.local/lib/python3.8/site-packages/airflow/example_dags/example_bash_operator.py
[2024-10-06T22:59:45.145+0000] {processor.py:829} INFO - Processing file /home/airflow/.local/lib/python3.8/site-packages/airflow/example_dags/example_bash_operator.py for tasks to queue
[2024-10-06T22:59:45.146+0000] {logging_mixin.py:154} INFO - [2024-10-06T22:59:45.146+0000] {dagbag.py:536} INFO - Filling up the DagBag from /home/airflow/.local/lib/python3.8/site-packages/airflow/example_dags/example_bash_operator.py
[2024-10-06T22:59:45.153+0000] {processor.py:839} INFO - DAG(s) dict_keys(['example_bash_operator']) retrieved from /home/airflow/.local/lib/python3.8/site-packages/airflow/example_dags/example_bash_operator.py
[2024-10-06T22:59:45.166+0000] {logging_mixin.py:154} INFO - [2024-10-06T22:59:45.166+0000] {dag.py:2941} INFO - Sync 1 DAGs
[2024-10-06T22:59:45.175+0000] {logging_mixin.py:154} INFO - [2024-10-06T22:59:45.175+0000] {dag.py:3722} INFO - Setting next_dagrun for example_bash_operator to 2024-10-05T00:00:00+00:00, run_after=2024-10-06T00:00:00+00:00
[2024-10-06T22:59:45.182+0000] {processor.py:179} INFO - Processing /home/airflow/.local/lib/python3.8/site-packages/airflow/example_dags/example_bash_operator.py took 0.039 seconds
[2024-10-06T23:00:16.087+0000] {processor.py:157} INFO - Started process (PID=27488) to work on /home/airflow/.local/lib/python3.8/site-packages/airflow/example_dags/example_bash_operator.py
[2024-10-06T23:00:16.088+0000] {processor.py:829} INFO - Processing file /home/airflow/.local/lib/python3.8/site-packages/airflow/example_dags/example_bash_operator.py for tasks to queue
[2024-10-06T23:00:16.090+0000] {logging_mixin.py:154} INFO - [2024-10-06T23:00:16.090+0000] {dagbag.py:536} INFO - Filling up the DagBag from /home/airflow/.local/lib/python3.8/site-packages/airflow/example_dags/example_bash_operator.py
[2024-10-06T23:00:16.098+0000] {processor.py:839} INFO - DAG(s) dict_keys(['example_bash_operator']) retrieved from /home/airflow/.local/lib/python3.8/site-packages/airflow/example_dags/example_bash_operator.py
[2024-10-06T23:00:16.114+0000] {logging_mixin.py:154} INFO - [2024-10-06T23:00:16.114+0000] {dag.py:2941} INFO - Sync 1 DAGs
[2024-10-06T23:00:16.127+0000] {logging_mixin.py:154} INFO - [2024-10-06T23:00:16.127+0000] {dag.py:3722} INFO - Setting next_dagrun for example_bash_operator to 2024-10-05T00:00:00+00:00, run_after=2024-10-06T00:00:00+00:00
[2024-10-06T23:00:16.137+0000] {processor.py:179} INFO - Processing /home/airflow/.local/lib/python3.8/site-packages/airflow/example_dags/example_bash_operator.py took 0.053 seconds
[2024-10-06T23:00:46.651+0000] {processor.py:157} INFO - Started process (PID=27542) to work on /home/airflow/.local/lib/python3.8/site-packages/airflow/example_dags/example_bash_operator.py
[2024-10-06T23:00:46.651+0000] {processor.py:829} INFO - Processing file /home/airflow/.local/lib/python3.8/site-packages/airflow/example_dags/example_bash_operator.py for tasks to queue
[2024-10-06T23:00:46.652+0000] {logging_mixin.py:154} INFO - [2024-10-06T23:00:46.652+0000] {dagbag.py:536} INFO - Filling up the DagBag from /home/airflow/.local/lib/python3.8/site-packages/airflow/example_dags/example_bash_operator.py
[2024-10-06T23:00:46.659+0000] {processor.py:839} INFO - DAG(s) dict_keys(['example_bash_operator']) retrieved from /home/airflow/.local/lib/python3.8/site-packages/airflow/example_dags/example_bash_operator.py
[2024-10-06T23:00:46.674+0000] {logging_mixin.py:154} INFO - [2024-10-06T23:00:46.674+0000] {dag.py:2941} INFO - Sync 1 DAGs
[2024-10-06T23:00:46.686+0000] {logging_mixin.py:154} INFO - [2024-10-06T23:00:46.685+0000] {dag.py:3722} INFO - Setting next_dagrun for example_bash_operator to 2024-10-05T00:00:00+00:00, run_after=2024-10-06T00:00:00+00:00
[2024-10-06T23:00:46.696+0000] {processor.py:179} INFO - Processing /home/airflow/.local/lib/python3.8/site-packages/airflow/example_dags/example_bash_operator.py took 0.047 seconds
[2024-10-06T23:01:17.205+0000] {processor.py:157} INFO - Started process (PID=27596) to work on /home/airflow/.local/lib/python3.8/site-packages/airflow/example_dags/example_bash_operator.py
[2024-10-06T23:01:17.206+0000] {processor.py:829} INFO - Processing file /home/airflow/.local/lib/python3.8/site-packages/airflow/example_dags/example_bash_operator.py for tasks to queue
[2024-10-06T23:01:17.207+0000] {logging_mixin.py:154} INFO - [2024-10-06T23:01:17.207+0000] {dagbag.py:536} INFO - Filling up the DagBag from /home/airflow/.local/lib/python3.8/site-packages/airflow/example_dags/example_bash_operator.py
[2024-10-06T23:01:17.212+0000] {processor.py:839} INFO - DAG(s) dict_keys(['example_bash_operator']) retrieved from /home/airflow/.local/lib/python3.8/site-packages/airflow/example_dags/example_bash_operator.py
[2024-10-06T23:01:17.223+0000] {logging_mixin.py:154} INFO - [2024-10-06T23:01:17.223+0000] {dag.py:2941} INFO - Sync 1 DAGs
[2024-10-06T23:01:17.231+0000] {logging_mixin.py:154} INFO - [2024-10-06T23:01:17.231+0000] {dag.py:3722} INFO - Setting next_dagrun for example_bash_operator to 2024-10-05T00:00:00+00:00, run_after=2024-10-06T00:00:00+00:00
[2024-10-06T23:01:17.237+0000] {processor.py:179} INFO - Processing /home/airflow/.local/lib/python3.8/site-packages/airflow/example_dags/example_bash_operator.py took 0.033 seconds
[2024-10-06T23:01:47.653+0000] {processor.py:157} INFO - Started process (PID=27650) to work on /home/airflow/.local/lib/python3.8/site-packages/airflow/example_dags/example_bash_operator.py
[2024-10-06T23:01:47.654+0000] {processor.py:829} INFO - Processing file /home/airflow/.local/lib/python3.8/site-packages/airflow/example_dags/example_bash_operator.py for tasks to queue
[2024-10-06T23:01:47.655+0000] {logging_mixin.py:154} INFO - [2024-10-06T23:01:47.655+0000] {dagbag.py:536} INFO - Filling up the DagBag from /home/airflow/.local/lib/python3.8/site-packages/airflow/example_dags/example_bash_operator.py
[2024-10-06T23:01:47.660+0000] {processor.py:839} INFO - DAG(s) dict_keys(['example_bash_operator']) retrieved from /home/airflow/.local/lib/python3.8/site-packages/airflow/example_dags/example_bash_operator.py
[2024-10-06T23:01:47.671+0000] {logging_mixin.py:154} INFO - [2024-10-06T23:01:47.671+0000] {dag.py:2941} INFO - Sync 1 DAGs
[2024-10-06T23:01:47.679+0000] {logging_mixin.py:154} INFO - [2024-10-06T23:01:47.679+0000] {dag.py:3722} INFO - Setting next_dagrun for example_bash_operator to 2024-10-05T00:00:00+00:00, run_after=2024-10-06T00:00:00+00:00
[2024-10-06T23:01:47.685+0000] {processor.py:179} INFO - Processing /home/airflow/.local/lib/python3.8/site-packages/airflow/example_dags/example_bash_operator.py took 0.033 seconds
[2024-10-06T23:02:18.031+0000] {processor.py:157} INFO - Started process (PID=27704) to work on /home/airflow/.local/lib/python3.8/site-packages/airflow/example_dags/example_bash_operator.py
[2024-10-06T23:02:18.031+0000] {processor.py:829} INFO - Processing file /home/airflow/.local/lib/python3.8/site-packages/airflow/example_dags/example_bash_operator.py for tasks to queue
[2024-10-06T23:02:18.032+0000] {logging_mixin.py:154} INFO - [2024-10-06T23:02:18.032+0000] {dagbag.py:536} INFO - Filling up the DagBag from /home/airflow/.local/lib/python3.8/site-packages/airflow/example_dags/example_bash_operator.py
[2024-10-06T23:02:18.038+0000] {processor.py:839} INFO - DAG(s) dict_keys(['example_bash_operator']) retrieved from /home/airflow/.local/lib/python3.8/site-packages/airflow/example_dags/example_bash_operator.py
[2024-10-06T23:02:18.049+0000] {logging_mixin.py:154} INFO - [2024-10-06T23:02:18.049+0000] {dag.py:2941} INFO - Sync 1 DAGs
[2024-10-06T23:02:18.058+0000] {logging_mixin.py:154} INFO - [2024-10-06T23:02:18.058+0000] {dag.py:3722} INFO - Setting next_dagrun for example_bash_operator to 2024-10-05T00:00:00+00:00, run_after=2024-10-06T00:00:00+00:00
[2024-10-06T23:02:18.064+0000] {processor.py:179} INFO - Processing /home/airflow/.local/lib/python3.8/site-packages/airflow/example_dags/example_bash_operator.py took 0.035 seconds
[2024-10-06T23:02:48.463+0000] {processor.py:157} INFO - Started process (PID=27758) to work on /home/airflow/.local/lib/python3.8/site-packages/airflow/example_dags/example_bash_operator.py
[2024-10-06T23:02:48.463+0000] {processor.py:829} INFO - Processing file /home/airflow/.local/lib/python3.8/site-packages/airflow/example_dags/example_bash_operator.py for tasks to queue
[2024-10-06T23:02:48.465+0000] {logging_mixin.py:154} INFO - [2024-10-06T23:02:48.464+0000] {dagbag.py:536} INFO - Filling up the DagBag from /home/airflow/.local/lib/python3.8/site-packages/airflow/example_dags/example_bash_operator.py
[2024-10-06T23:02:48.470+0000] {processor.py:839} INFO - DAG(s) dict_keys(['example_bash_operator']) retrieved from /home/airflow/.local/lib/python3.8/site-packages/airflow/example_dags/example_bash_operator.py
[2024-10-06T23:02:48.482+0000] {logging_mixin.py:154} INFO - [2024-10-06T23:02:48.482+0000] {dag.py:2941} INFO - Sync 1 DAGs
[2024-10-06T23:02:48.491+0000] {logging_mixin.py:154} INFO - [2024-10-06T23:02:48.491+0000] {dag.py:3722} INFO - Setting next_dagrun for example_bash_operator to 2024-10-05T00:00:00+00:00, run_after=2024-10-06T00:00:00+00:00
[2024-10-06T23:02:48.498+0000] {processor.py:179} INFO - Processing /home/airflow/.local/lib/python3.8/site-packages/airflow/example_dags/example_bash_operator.py took 0.037 seconds
[2024-10-06T23:03:18.894+0000] {processor.py:157} INFO - Started process (PID=27812) to work on /home/airflow/.local/lib/python3.8/site-packages/airflow/example_dags/example_bash_operator.py
[2024-10-06T23:03:18.895+0000] {processor.py:829} INFO - Processing file /home/airflow/.local/lib/python3.8/site-packages/airflow/example_dags/example_bash_operator.py for tasks to queue
[2024-10-06T23:03:18.896+0000] {logging_mixin.py:154} INFO - [2024-10-06T23:03:18.896+0000] {dagbag.py:536} INFO - Filling up the DagBag from /home/airflow/.local/lib/python3.8/site-packages/airflow/example_dags/example_bash_operator.py
[2024-10-06T23:03:18.901+0000] {processor.py:839} INFO - DAG(s) dict_keys(['example_bash_operator']) retrieved from /home/airflow/.local/lib/python3.8/site-packages/airflow/example_dags/example_bash_operator.py
[2024-10-06T23:03:18.912+0000] {logging_mixin.py:154} INFO - [2024-10-06T23:03:18.912+0000] {dag.py:2941} INFO - Sync 1 DAGs
[2024-10-06T23:03:18.920+0000] {logging_mixin.py:154} INFO - [2024-10-06T23:03:18.920+0000] {dag.py:3722} INFO - Setting next_dagrun for example_bash_operator to 2024-10-05T00:00:00+00:00, run_after=2024-10-06T00:00:00+00:00
[2024-10-06T23:03:18.926+0000] {processor.py:179} INFO - Processing /home/airflow/.local/lib/python3.8/site-packages/airflow/example_dags/example_bash_operator.py took 0.033 seconds
[2024-10-06T23:03:49.374+0000] {processor.py:157} INFO - Started process (PID=27866) to work on /home/airflow/.local/lib/python3.8/site-packages/airflow/example_dags/example_bash_operator.py
[2024-10-06T23:03:49.375+0000] {processor.py:829} INFO - Processing file /home/airflow/.local/lib/python3.8/site-packages/airflow/example_dags/example_bash_operator.py for tasks to queue
[2024-10-06T23:03:49.376+0000] {logging_mixin.py:154} INFO - [2024-10-06T23:03:49.376+0000] {dagbag.py:536} INFO - Filling up the DagBag from /home/airflow/.local/lib/python3.8/site-packages/airflow/example_dags/example_bash_operator.py
[2024-10-06T23:03:49.382+0000] {processor.py:839} INFO - DAG(s) dict_keys(['example_bash_operator']) retrieved from /home/airflow/.local/lib/python3.8/site-packages/airflow/example_dags/example_bash_operator.py
[2024-10-06T23:03:49.394+0000] {logging_mixin.py:154} INFO - [2024-10-06T23:03:49.394+0000] {dag.py:2941} INFO - Sync 1 DAGs
[2024-10-06T23:03:49.402+0000] {logging_mixin.py:154} INFO - [2024-10-06T23:03:49.402+0000] {dag.py:3722} INFO - Setting next_dagrun for example_bash_operator to 2024-10-05T00:00:00+00:00, run_after=2024-10-06T00:00:00+00:00
[2024-10-06T23:03:49.408+0000] {processor.py:179} INFO - Processing /home/airflow/.local/lib/python3.8/site-packages/airflow/example_dags/example_bash_operator.py took 0.035 seconds
[2024-10-06T23:04:19.803+0000] {processor.py:157} INFO - Started process (PID=27920) to work on /home/airflow/.local/lib/python3.8/site-packages/airflow/example_dags/example_bash_operator.py
[2024-10-06T23:04:19.803+0000] {processor.py:829} INFO - Processing file /home/airflow/.local/lib/python3.8/site-packages/airflow/example_dags/example_bash_operator.py for tasks to queue
[2024-10-06T23:04:19.804+0000] {logging_mixin.py:154} INFO - [2024-10-06T23:04:19.804+0000] {dagbag.py:536} INFO - Filling up the DagBag from /home/airflow/.local/lib/python3.8/site-packages/airflow/example_dags/example_bash_operator.py
[2024-10-06T23:04:19.810+0000] {processor.py:839} INFO - DAG(s) dict_keys(['example_bash_operator']) retrieved from /home/airflow/.local/lib/python3.8/site-packages/airflow/example_dags/example_bash_operator.py
[2024-10-06T23:04:19.822+0000] {logging_mixin.py:154} INFO - [2024-10-06T23:04:19.822+0000] {dag.py:2941} INFO - Sync 1 DAGs
[2024-10-06T23:04:19.830+0000] {logging_mixin.py:154} INFO - [2024-10-06T23:04:19.830+0000] {dag.py:3722} INFO - Setting next_dagrun for example_bash_operator to 2024-10-05T00:00:00+00:00, run_after=2024-10-06T00:00:00+00:00
[2024-10-06T23:04:19.836+0000] {processor.py:179} INFO - Processing /home/airflow/.local/lib/python3.8/site-packages/airflow/example_dags/example_bash_operator.py took 0.035 seconds
[2024-10-06T23:04:50.224+0000] {processor.py:157} INFO - Started process (PID=27974) to work on /home/airflow/.local/lib/python3.8/site-packages/airflow/example_dags/example_bash_operator.py
[2024-10-06T23:04:50.225+0000] {processor.py:829} INFO - Processing file /home/airflow/.local/lib/python3.8/site-packages/airflow/example_dags/example_bash_operator.py for tasks to queue
[2024-10-06T23:04:50.226+0000] {logging_mixin.py:154} INFO - [2024-10-06T23:04:50.226+0000] {dagbag.py:536} INFO - Filling up the DagBag from /home/airflow/.local/lib/python3.8/site-packages/airflow/example_dags/example_bash_operator.py
[2024-10-06T23:04:50.232+0000] {processor.py:839} INFO - DAG(s) dict_keys(['example_bash_operator']) retrieved from /home/airflow/.local/lib/python3.8/site-packages/airflow/example_dags/example_bash_operator.py
[2024-10-06T23:04:50.243+0000] {logging_mixin.py:154} INFO - [2024-10-06T23:04:50.243+0000] {dag.py:2941} INFO - Sync 1 DAGs
[2024-10-06T23:04:50.252+0000] {logging_mixin.py:154} INFO - [2024-10-06T23:04:50.252+0000] {dag.py:3722} INFO - Setting next_dagrun for example_bash_operator to 2024-10-05T00:00:00+00:00, run_after=2024-10-06T00:00:00+00:00
[2024-10-06T23:04:50.259+0000] {processor.py:179} INFO - Processing /home/airflow/.local/lib/python3.8/site-packages/airflow/example_dags/example_bash_operator.py took 0.036 seconds
[2024-10-06T23:05:20.646+0000] {processor.py:157} INFO - Started process (PID=28028) to work on /home/airflow/.local/lib/python3.8/site-packages/airflow/example_dags/example_bash_operator.py
[2024-10-06T23:05:20.646+0000] {processor.py:829} INFO - Processing file /home/airflow/.local/lib/python3.8/site-packages/airflow/example_dags/example_bash_operator.py for tasks to queue
[2024-10-06T23:05:20.647+0000] {logging_mixin.py:154} INFO - [2024-10-06T23:05:20.647+0000] {dagbag.py:536} INFO - Filling up the DagBag from /home/airflow/.local/lib/python3.8/site-packages/airflow/example_dags/example_bash_operator.py
[2024-10-06T23:05:20.653+0000] {processor.py:839} INFO - DAG(s) dict_keys(['example_bash_operator']) retrieved from /home/airflow/.local/lib/python3.8/site-packages/airflow/example_dags/example_bash_operator.py
[2024-10-06T23:05:20.665+0000] {logging_mixin.py:154} INFO - [2024-10-06T23:05:20.665+0000] {dag.py:2941} INFO - Sync 1 DAGs
[2024-10-06T23:05:20.674+0000] {logging_mixin.py:154} INFO - [2024-10-06T23:05:20.674+0000] {dag.py:3722} INFO - Setting next_dagrun for example_bash_operator to 2024-10-05T00:00:00+00:00, run_after=2024-10-06T00:00:00+00:00
[2024-10-06T23:05:20.680+0000] {processor.py:179} INFO - Processing /home/airflow/.local/lib/python3.8/site-packages/airflow/example_dags/example_bash_operator.py took 0.036 seconds
[2024-10-06T23:05:51.060+0000] {processor.py:157} INFO - Started process (PID=28082) to work on /home/airflow/.local/lib/python3.8/site-packages/airflow/example_dags/example_bash_operator.py
[2024-10-06T23:05:51.061+0000] {processor.py:829} INFO - Processing file /home/airflow/.local/lib/python3.8/site-packages/airflow/example_dags/example_bash_operator.py for tasks to queue
[2024-10-06T23:05:51.062+0000] {logging_mixin.py:154} INFO - [2024-10-06T23:05:51.062+0000] {dagbag.py:536} INFO - Filling up the DagBag from /home/airflow/.local/lib/python3.8/site-packages/airflow/example_dags/example_bash_operator.py
[2024-10-06T23:05:51.068+0000] {processor.py:839} INFO - DAG(s) dict_keys(['example_bash_operator']) retrieved from /home/airflow/.local/lib/python3.8/site-packages/airflow/example_dags/example_bash_operator.py
[2024-10-06T23:05:51.079+0000] {logging_mixin.py:154} INFO - [2024-10-06T23:05:51.079+0000] {dag.py:2941} INFO - Sync 1 DAGs
[2024-10-06T23:05:51.088+0000] {logging_mixin.py:154} INFO - [2024-10-06T23:05:51.087+0000] {dag.py:3722} INFO - Setting next_dagrun for example_bash_operator to 2024-10-05T00:00:00+00:00, run_after=2024-10-06T00:00:00+00:00
[2024-10-06T23:05:51.094+0000] {processor.py:179} INFO - Processing /home/airflow/.local/lib/python3.8/site-packages/airflow/example_dags/example_bash_operator.py took 0.035 seconds
[2024-10-06T23:06:21.502+0000] {processor.py:157} INFO - Started process (PID=28136) to work on /home/airflow/.local/lib/python3.8/site-packages/airflow/example_dags/example_bash_operator.py
[2024-10-06T23:06:21.503+0000] {processor.py:829} INFO - Processing file /home/airflow/.local/lib/python3.8/site-packages/airflow/example_dags/example_bash_operator.py for tasks to queue
[2024-10-06T23:06:21.504+0000] {logging_mixin.py:154} INFO - [2024-10-06T23:06:21.504+0000] {dagbag.py:536} INFO - Filling up the DagBag from /home/airflow/.local/lib/python3.8/site-packages/airflow/example_dags/example_bash_operator.py
[2024-10-06T23:06:21.510+0000] {processor.py:839} INFO - DAG(s) dict_keys(['example_bash_operator']) retrieved from /home/airflow/.local/lib/python3.8/site-packages/airflow/example_dags/example_bash_operator.py
[2024-10-06T23:06:21.521+0000] {logging_mixin.py:154} INFO - [2024-10-06T23:06:21.521+0000] {dag.py:2941} INFO - Sync 1 DAGs
[2024-10-06T23:06:21.530+0000] {logging_mixin.py:154} INFO - [2024-10-06T23:06:21.530+0000] {dag.py:3722} INFO - Setting next_dagrun for example_bash_operator to 2024-10-05T00:00:00+00:00, run_after=2024-10-06T00:00:00+00:00
[2024-10-06T23:06:21.536+0000] {processor.py:179} INFO - Processing /home/airflow/.local/lib/python3.8/site-packages/airflow/example_dags/example_bash_operator.py took 0.035 seconds
[2024-10-06T23:06:51.901+0000] {processor.py:157} INFO - Started process (PID=28190) to work on /home/airflow/.local/lib/python3.8/site-packages/airflow/example_dags/example_bash_operator.py
[2024-10-06T23:06:51.901+0000] {processor.py:829} INFO - Processing file /home/airflow/.local/lib/python3.8/site-packages/airflow/example_dags/example_bash_operator.py for tasks to queue
[2024-10-06T23:06:51.902+0000] {logging_mixin.py:154} INFO - [2024-10-06T23:06:51.902+0000] {dagbag.py:536} INFO - Filling up the DagBag from /home/airflow/.local/lib/python3.8/site-packages/airflow/example_dags/example_bash_operator.py
[2024-10-06T23:06:51.908+0000] {processor.py:839} INFO - DAG(s) dict_keys(['example_bash_operator']) retrieved from /home/airflow/.local/lib/python3.8/site-packages/airflow/example_dags/example_bash_operator.py
[2024-10-06T23:06:51.919+0000] {logging_mixin.py:154} INFO - [2024-10-06T23:06:51.919+0000] {dag.py:2941} INFO - Sync 1 DAGs
[2024-10-06T23:06:51.927+0000] {logging_mixin.py:154} INFO - [2024-10-06T23:06:51.927+0000] {dag.py:3722} INFO - Setting next_dagrun for example_bash_operator to 2024-10-05T00:00:00+00:00, run_after=2024-10-06T00:00:00+00:00
[2024-10-06T23:06:51.934+0000] {processor.py:179} INFO - Processing /home/airflow/.local/lib/python3.8/site-packages/airflow/example_dags/example_bash_operator.py took 0.034 seconds
[2024-10-06T23:07:22.389+0000] {processor.py:157} INFO - Started process (PID=28244) to work on /home/airflow/.local/lib/python3.8/site-packages/airflow/example_dags/example_bash_operator.py
[2024-10-06T23:07:22.390+0000] {processor.py:829} INFO - Processing file /home/airflow/.local/lib/python3.8/site-packages/airflow/example_dags/example_bash_operator.py for tasks to queue
[2024-10-06T23:07:22.391+0000] {logging_mixin.py:154} INFO - [2024-10-06T23:07:22.391+0000] {dagbag.py:536} INFO - Filling up the DagBag from /home/airflow/.local/lib/python3.8/site-packages/airflow/example_dags/example_bash_operator.py
[2024-10-06T23:07:22.396+0000] {processor.py:839} INFO - DAG(s) dict_keys(['example_bash_operator']) retrieved from /home/airflow/.local/lib/python3.8/site-packages/airflow/example_dags/example_bash_operator.py
[2024-10-06T23:07:22.408+0000] {logging_mixin.py:154} INFO - [2024-10-06T23:07:22.408+0000] {dag.py:2941} INFO - Sync 1 DAGs
[2024-10-06T23:07:22.416+0000] {logging_mixin.py:154} INFO - [2024-10-06T23:07:22.416+0000] {dag.py:3722} INFO - Setting next_dagrun for example_bash_operator to 2024-10-05T00:00:00+00:00, run_after=2024-10-06T00:00:00+00:00
[2024-10-06T23:07:22.423+0000] {processor.py:179} INFO - Processing /home/airflow/.local/lib/python3.8/site-packages/airflow/example_dags/example_bash_operator.py took 0.035 seconds
[2024-10-06T23:07:52.798+0000] {processor.py:157} INFO - Started process (PID=28298) to work on /home/airflow/.local/lib/python3.8/site-packages/airflow/example_dags/example_bash_operator.py
[2024-10-06T23:07:52.798+0000] {processor.py:829} INFO - Processing file /home/airflow/.local/lib/python3.8/site-packages/airflow/example_dags/example_bash_operator.py for tasks to queue
[2024-10-06T23:07:52.799+0000] {logging_mixin.py:154} INFO - [2024-10-06T23:07:52.799+0000] {dagbag.py:536} INFO - Filling up the DagBag from /home/airflow/.local/lib/python3.8/site-packages/airflow/example_dags/example_bash_operator.py
[2024-10-06T23:07:52.805+0000] {processor.py:839} INFO - DAG(s) dict_keys(['example_bash_operator']) retrieved from /home/airflow/.local/lib/python3.8/site-packages/airflow/example_dags/example_bash_operator.py
[2024-10-06T23:07:52.816+0000] {logging_mixin.py:154} INFO - [2024-10-06T23:07:52.816+0000] {dag.py:2941} INFO - Sync 1 DAGs
[2024-10-06T23:07:52.824+0000] {logging_mixin.py:154} INFO - [2024-10-06T23:07:52.824+0000] {dag.py:3722} INFO - Setting next_dagrun for example_bash_operator to 2024-10-05T00:00:00+00:00, run_after=2024-10-06T00:00:00+00:00
[2024-10-06T23:07:52.831+0000] {processor.py:179} INFO - Processing /home/airflow/.local/lib/python3.8/site-packages/airflow/example_dags/example_bash_operator.py took 0.034 seconds
[2024-10-06T23:08:23.191+0000] {processor.py:157} INFO - Started process (PID=28359) to work on /home/airflow/.local/lib/python3.8/site-packages/airflow/example_dags/example_bash_operator.py
[2024-10-06T23:08:23.192+0000] {processor.py:829} INFO - Processing file /home/airflow/.local/lib/python3.8/site-packages/airflow/example_dags/example_bash_operator.py for tasks to queue
[2024-10-06T23:08:23.193+0000] {logging_mixin.py:154} INFO - [2024-10-06T23:08:23.193+0000] {dagbag.py:536} INFO - Filling up the DagBag from /home/airflow/.local/lib/python3.8/site-packages/airflow/example_dags/example_bash_operator.py
[2024-10-06T23:08:23.199+0000] {processor.py:839} INFO - DAG(s) dict_keys(['example_bash_operator']) retrieved from /home/airflow/.local/lib/python3.8/site-packages/airflow/example_dags/example_bash_operator.py
[2024-10-06T23:08:23.210+0000] {logging_mixin.py:154} INFO - [2024-10-06T23:08:23.210+0000] {dag.py:2941} INFO - Sync 1 DAGs
[2024-10-06T23:08:23.220+0000] {logging_mixin.py:154} INFO - [2024-10-06T23:08:23.220+0000] {dag.py:3722} INFO - Setting next_dagrun for example_bash_operator to 2024-10-05T00:00:00+00:00, run_after=2024-10-06T00:00:00+00:00
[2024-10-06T23:08:23.227+0000] {processor.py:179} INFO - Processing /home/airflow/.local/lib/python3.8/site-packages/airflow/example_dags/example_bash_operator.py took 0.037 seconds
[2024-10-06T23:08:53.630+0000] {processor.py:157} INFO - Started process (PID=28413) to work on /home/airflow/.local/lib/python3.8/site-packages/airflow/example_dags/example_bash_operator.py
[2024-10-06T23:08:53.630+0000] {processor.py:829} INFO - Processing file /home/airflow/.local/lib/python3.8/site-packages/airflow/example_dags/example_bash_operator.py for tasks to queue
[2024-10-06T23:08:53.631+0000] {logging_mixin.py:154} INFO - [2024-10-06T23:08:53.631+0000] {dagbag.py:536} INFO - Filling up the DagBag from /home/airflow/.local/lib/python3.8/site-packages/airflow/example_dags/example_bash_operator.py
[2024-10-06T23:08:53.637+0000] {processor.py:839} INFO - DAG(s) dict_keys(['example_bash_operator']) retrieved from /home/airflow/.local/lib/python3.8/site-packages/airflow/example_dags/example_bash_operator.py
[2024-10-06T23:08:53.649+0000] {logging_mixin.py:154} INFO - [2024-10-06T23:08:53.649+0000] {dag.py:2941} INFO - Sync 1 DAGs
[2024-10-06T23:08:53.658+0000] {logging_mixin.py:154} INFO - [2024-10-06T23:08:53.658+0000] {dag.py:3722} INFO - Setting next_dagrun for example_bash_operator to 2024-10-05T00:00:00+00:00, run_after=2024-10-06T00:00:00+00:00
[2024-10-06T23:08:53.664+0000] {processor.py:179} INFO - Processing /home/airflow/.local/lib/python3.8/site-packages/airflow/example_dags/example_bash_operator.py took 0.035 seconds
[2024-10-06T23:09:24.013+0000] {processor.py:157} INFO - Started process (PID=28467) to work on /home/airflow/.local/lib/python3.8/site-packages/airflow/example_dags/example_bash_operator.py
[2024-10-06T23:09:24.013+0000] {processor.py:829} INFO - Processing file /home/airflow/.local/lib/python3.8/site-packages/airflow/example_dags/example_bash_operator.py for tasks to queue
[2024-10-06T23:09:24.015+0000] {logging_mixin.py:154} INFO - [2024-10-06T23:09:24.014+0000] {dagbag.py:536} INFO - Filling up the DagBag from /home/airflow/.local/lib/python3.8/site-packages/airflow/example_dags/example_bash_operator.py
[2024-10-06T23:09:24.020+0000] {processor.py:839} INFO - DAG(s) dict_keys(['example_bash_operator']) retrieved from /home/airflow/.local/lib/python3.8/site-packages/airflow/example_dags/example_bash_operator.py
[2024-10-06T23:09:24.032+0000] {logging_mixin.py:154} INFO - [2024-10-06T23:09:24.032+0000] {dag.py:2941} INFO - Sync 1 DAGs
[2024-10-06T23:09:24.040+0000] {logging_mixin.py:154} INFO - [2024-10-06T23:09:24.040+0000] {dag.py:3722} INFO - Setting next_dagrun for example_bash_operator to 2024-10-05T00:00:00+00:00, run_after=2024-10-06T00:00:00+00:00
[2024-10-06T23:09:24.047+0000] {processor.py:179} INFO - Processing /home/airflow/.local/lib/python3.8/site-packages/airflow/example_dags/example_bash_operator.py took 0.035 seconds
[2024-10-06T23:09:54.506+0000] {processor.py:157} INFO - Started process (PID=28521) to work on /home/airflow/.local/lib/python3.8/site-packages/airflow/example_dags/example_bash_operator.py
[2024-10-06T23:09:54.506+0000] {processor.py:829} INFO - Processing file /home/airflow/.local/lib/python3.8/site-packages/airflow/example_dags/example_bash_operator.py for tasks to queue
[2024-10-06T23:09:54.507+0000] {logging_mixin.py:154} INFO - [2024-10-06T23:09:54.507+0000] {dagbag.py:536} INFO - Filling up the DagBag from /home/airflow/.local/lib/python3.8/site-packages/airflow/example_dags/example_bash_operator.py
[2024-10-06T23:09:54.513+0000] {processor.py:839} INFO - DAG(s) dict_keys(['example_bash_operator']) retrieved from /home/airflow/.local/lib/python3.8/site-packages/airflow/example_dags/example_bash_operator.py
[2024-10-06T23:09:54.525+0000] {logging_mixin.py:154} INFO - [2024-10-06T23:09:54.525+0000] {dag.py:2941} INFO - Sync 1 DAGs
[2024-10-06T23:09:54.534+0000] {logging_mixin.py:154} INFO - [2024-10-06T23:09:54.534+0000] {dag.py:3722} INFO - Setting next_dagrun for example_bash_operator to 2024-10-05T00:00:00+00:00, run_after=2024-10-06T00:00:00+00:00
[2024-10-06T23:09:54.541+0000] {processor.py:179} INFO - Processing /home/airflow/.local/lib/python3.8/site-packages/airflow/example_dags/example_bash_operator.py took 0.037 seconds
[2024-10-06T23:10:24.941+0000] {processor.py:157} INFO - Started process (PID=28575) to work on /home/airflow/.local/lib/python3.8/site-packages/airflow/example_dags/example_bash_operator.py
[2024-10-06T23:10:24.941+0000] {processor.py:829} INFO - Processing file /home/airflow/.local/lib/python3.8/site-packages/airflow/example_dags/example_bash_operator.py for tasks to queue
[2024-10-06T23:10:24.942+0000] {logging_mixin.py:154} INFO - [2024-10-06T23:10:24.942+0000] {dagbag.py:536} INFO - Filling up the DagBag from /home/airflow/.local/lib/python3.8/site-packages/airflow/example_dags/example_bash_operator.py
[2024-10-06T23:10:24.948+0000] {processor.py:839} INFO - DAG(s) dict_keys(['example_bash_operator']) retrieved from /home/airflow/.local/lib/python3.8/site-packages/airflow/example_dags/example_bash_operator.py
[2024-10-06T23:10:24.960+0000] {logging_mixin.py:154} INFO - [2024-10-06T23:10:24.960+0000] {dag.py:2941} INFO - Sync 1 DAGs
[2024-10-06T23:10:24.969+0000] {logging_mixin.py:154} INFO - [2024-10-06T23:10:24.969+0000] {dag.py:3722} INFO - Setting next_dagrun for example_bash_operator to 2024-10-05T00:00:00+00:00, run_after=2024-10-06T00:00:00+00:00
[2024-10-06T23:10:24.975+0000] {processor.py:179} INFO - Processing /home/airflow/.local/lib/python3.8/site-packages/airflow/example_dags/example_bash_operator.py took 0.036 seconds
[2024-10-06T23:10:55.338+0000] {processor.py:157} INFO - Started process (PID=28629) to work on /home/airflow/.local/lib/python3.8/site-packages/airflow/example_dags/example_bash_operator.py
[2024-10-06T23:10:55.339+0000] {processor.py:829} INFO - Processing file /home/airflow/.local/lib/python3.8/site-packages/airflow/example_dags/example_bash_operator.py for tasks to queue
[2024-10-06T23:10:55.340+0000] {logging_mixin.py:154} INFO - [2024-10-06T23:10:55.340+0000] {dagbag.py:536} INFO - Filling up the DagBag from /home/airflow/.local/lib/python3.8/site-packages/airflow/example_dags/example_bash_operator.py
[2024-10-06T23:10:55.346+0000] {processor.py:839} INFO - DAG(s) dict_keys(['example_bash_operator']) retrieved from /home/airflow/.local/lib/python3.8/site-packages/airflow/example_dags/example_bash_operator.py
[2024-10-06T23:10:55.358+0000] {logging_mixin.py:154} INFO - [2024-10-06T23:10:55.358+0000] {dag.py:2941} INFO - Sync 1 DAGs
[2024-10-06T23:10:55.366+0000] {logging_mixin.py:154} INFO - [2024-10-06T23:10:55.366+0000] {dag.py:3722} INFO - Setting next_dagrun for example_bash_operator to 2024-10-05T00:00:00+00:00, run_after=2024-10-06T00:00:00+00:00
[2024-10-06T23:10:55.373+0000] {processor.py:179} INFO - Processing /home/airflow/.local/lib/python3.8/site-packages/airflow/example_dags/example_bash_operator.py took 0.037 seconds
[2024-10-06T23:11:25.759+0000] {processor.py:157} INFO - Started process (PID=28683) to work on /home/airflow/.local/lib/python3.8/site-packages/airflow/example_dags/example_bash_operator.py
[2024-10-06T23:11:25.760+0000] {processor.py:829} INFO - Processing file /home/airflow/.local/lib/python3.8/site-packages/airflow/example_dags/example_bash_operator.py for tasks to queue
[2024-10-06T23:11:25.761+0000] {logging_mixin.py:154} INFO - [2024-10-06T23:11:25.761+0000] {dagbag.py:536} INFO - Filling up the DagBag from /home/airflow/.local/lib/python3.8/site-packages/airflow/example_dags/example_bash_operator.py
[2024-10-06T23:11:25.767+0000] {processor.py:839} INFO - DAG(s) dict_keys(['example_bash_operator']) retrieved from /home/airflow/.local/lib/python3.8/site-packages/airflow/example_dags/example_bash_operator.py
[2024-10-06T23:11:25.778+0000] {logging_mixin.py:154} INFO - [2024-10-06T23:11:25.778+0000] {dag.py:2941} INFO - Sync 1 DAGs
[2024-10-06T23:11:25.787+0000] {logging_mixin.py:154} INFO - [2024-10-06T23:11:25.787+0000] {dag.py:3722} INFO - Setting next_dagrun for example_bash_operator to 2024-10-05T00:00:00+00:00, run_after=2024-10-06T00:00:00+00:00
[2024-10-06T23:11:25.794+0000] {processor.py:179} INFO - Processing /home/airflow/.local/lib/python3.8/site-packages/airflow/example_dags/example_bash_operator.py took 0.037 seconds
[2024-10-06T23:11:56.259+0000] {processor.py:157} INFO - Started process (PID=28737) to work on /home/airflow/.local/lib/python3.8/site-packages/airflow/example_dags/example_bash_operator.py
[2024-10-06T23:11:56.259+0000] {processor.py:829} INFO - Processing file /home/airflow/.local/lib/python3.8/site-packages/airflow/example_dags/example_bash_operator.py for tasks to queue
[2024-10-06T23:11:56.260+0000] {logging_mixin.py:154} INFO - [2024-10-06T23:11:56.260+0000] {dagbag.py:536} INFO - Filling up the DagBag from /home/airflow/.local/lib/python3.8/site-packages/airflow/example_dags/example_bash_operator.py
[2024-10-06T23:11:56.267+0000] {processor.py:839} INFO - DAG(s) dict_keys(['example_bash_operator']) retrieved from /home/airflow/.local/lib/python3.8/site-packages/airflow/example_dags/example_bash_operator.py
[2024-10-06T23:11:56.280+0000] {logging_mixin.py:154} INFO - [2024-10-06T23:11:56.280+0000] {dag.py:2941} INFO - Sync 1 DAGs
[2024-10-06T23:11:56.290+0000] {logging_mixin.py:154} INFO - [2024-10-06T23:11:56.290+0000] {dag.py:3722} INFO - Setting next_dagrun for example_bash_operator to 2024-10-05T00:00:00+00:00, run_after=2024-10-06T00:00:00+00:00
[2024-10-06T23:11:56.297+0000] {processor.py:179} INFO - Processing /home/airflow/.local/lib/python3.8/site-packages/airflow/example_dags/example_bash_operator.py took 0.040 seconds
[2024-10-06T23:12:26.690+0000] {processor.py:157} INFO - Started process (PID=28791) to work on /home/airflow/.local/lib/python3.8/site-packages/airflow/example_dags/example_bash_operator.py
[2024-10-06T23:12:26.690+0000] {processor.py:829} INFO - Processing file /home/airflow/.local/lib/python3.8/site-packages/airflow/example_dags/example_bash_operator.py for tasks to queue
[2024-10-06T23:12:26.691+0000] {logging_mixin.py:154} INFO - [2024-10-06T23:12:26.691+0000] {dagbag.py:536} INFO - Filling up the DagBag from /home/airflow/.local/lib/python3.8/site-packages/airflow/example_dags/example_bash_operator.py
[2024-10-06T23:12:26.697+0000] {processor.py:839} INFO - DAG(s) dict_keys(['example_bash_operator']) retrieved from /home/airflow/.local/lib/python3.8/site-packages/airflow/example_dags/example_bash_operator.py
[2024-10-06T23:12:26.708+0000] {logging_mixin.py:154} INFO - [2024-10-06T23:12:26.708+0000] {dag.py:2941} INFO - Sync 1 DAGs
[2024-10-06T23:12:26.717+0000] {logging_mixin.py:154} INFO - [2024-10-06T23:12:26.717+0000] {dag.py:3722} INFO - Setting next_dagrun for example_bash_operator to 2024-10-05T00:00:00+00:00, run_after=2024-10-06T00:00:00+00:00
[2024-10-06T23:12:26.724+0000] {processor.py:179} INFO - Processing /home/airflow/.local/lib/python3.8/site-packages/airflow/example_dags/example_bash_operator.py took 0.035 seconds
[2024-10-06T23:12:57.220+0000] {processor.py:157} INFO - Started process (PID=28845) to work on /home/airflow/.local/lib/python3.8/site-packages/airflow/example_dags/example_bash_operator.py
[2024-10-06T23:12:57.220+0000] {processor.py:829} INFO - Processing file /home/airflow/.local/lib/python3.8/site-packages/airflow/example_dags/example_bash_operator.py for tasks to queue
[2024-10-06T23:12:57.222+0000] {logging_mixin.py:154} INFO - [2024-10-06T23:12:57.221+0000] {dagbag.py:536} INFO - Filling up the DagBag from /home/airflow/.local/lib/python3.8/site-packages/airflow/example_dags/example_bash_operator.py
[2024-10-06T23:12:57.227+0000] {processor.py:839} INFO - DAG(s) dict_keys(['example_bash_operator']) retrieved from /home/airflow/.local/lib/python3.8/site-packages/airflow/example_dags/example_bash_operator.py
[2024-10-06T23:12:57.238+0000] {logging_mixin.py:154} INFO - [2024-10-06T23:12:57.238+0000] {dag.py:2941} INFO - Sync 1 DAGs
[2024-10-06T23:12:57.246+0000] {logging_mixin.py:154} INFO - [2024-10-06T23:12:57.246+0000] {dag.py:3722} INFO - Setting next_dagrun for example_bash_operator to 2024-10-05T00:00:00+00:00, run_after=2024-10-06T00:00:00+00:00
[2024-10-06T23:12:57.252+0000] {processor.py:179} INFO - Processing /home/airflow/.local/lib/python3.8/site-packages/airflow/example_dags/example_bash_operator.py took 0.034 seconds
[2024-10-06T23:13:27.640+0000] {processor.py:157} INFO - Started process (PID=28899) to work on /home/airflow/.local/lib/python3.8/site-packages/airflow/example_dags/example_bash_operator.py
[2024-10-06T23:13:27.641+0000] {processor.py:829} INFO - Processing file /home/airflow/.local/lib/python3.8/site-packages/airflow/example_dags/example_bash_operator.py for tasks to queue
[2024-10-06T23:13:27.642+0000] {logging_mixin.py:154} INFO - [2024-10-06T23:13:27.642+0000] {dagbag.py:536} INFO - Filling up the DagBag from /home/airflow/.local/lib/python3.8/site-packages/airflow/example_dags/example_bash_operator.py
[2024-10-06T23:13:27.648+0000] {processor.py:839} INFO - DAG(s) dict_keys(['example_bash_operator']) retrieved from /home/airflow/.local/lib/python3.8/site-packages/airflow/example_dags/example_bash_operator.py
[2024-10-06T23:13:27.660+0000] {logging_mixin.py:154} INFO - [2024-10-06T23:13:27.660+0000] {dag.py:2941} INFO - Sync 1 DAGs
[2024-10-06T23:13:27.668+0000] {logging_mixin.py:154} INFO - [2024-10-06T23:13:27.668+0000] {dag.py:3722} INFO - Setting next_dagrun for example_bash_operator to 2024-10-05T00:00:00+00:00, run_after=2024-10-06T00:00:00+00:00
[2024-10-06T23:13:27.674+0000] {processor.py:179} INFO - Processing /home/airflow/.local/lib/python3.8/site-packages/airflow/example_dags/example_bash_operator.py took 0.036 seconds
[2024-10-06T23:13:58.126+0000] {processor.py:157} INFO - Started process (PID=28953) to work on /home/airflow/.local/lib/python3.8/site-packages/airflow/example_dags/example_bash_operator.py
[2024-10-06T23:13:58.127+0000] {processor.py:829} INFO - Processing file /home/airflow/.local/lib/python3.8/site-packages/airflow/example_dags/example_bash_operator.py for tasks to queue
[2024-10-06T23:13:58.128+0000] {logging_mixin.py:154} INFO - [2024-10-06T23:13:58.127+0000] {dagbag.py:536} INFO - Filling up the DagBag from /home/airflow/.local/lib/python3.8/site-packages/airflow/example_dags/example_bash_operator.py
[2024-10-06T23:13:58.134+0000] {processor.py:839} INFO - DAG(s) dict_keys(['example_bash_operator']) retrieved from /home/airflow/.local/lib/python3.8/site-packages/airflow/example_dags/example_bash_operator.py
[2024-10-06T23:13:58.145+0000] {logging_mixin.py:154} INFO - [2024-10-06T23:13:58.145+0000] {dag.py:2941} INFO - Sync 1 DAGs
[2024-10-06T23:13:58.154+0000] {logging_mixin.py:154} INFO - [2024-10-06T23:13:58.154+0000] {dag.py:3722} INFO - Setting next_dagrun for example_bash_operator to 2024-10-05T00:00:00+00:00, run_after=2024-10-06T00:00:00+00:00
[2024-10-06T23:13:58.160+0000] {processor.py:179} INFO - Processing /home/airflow/.local/lib/python3.8/site-packages/airflow/example_dags/example_bash_operator.py took 0.036 seconds
[2024-10-06T23:14:28.591+0000] {processor.py:157} INFO - Started process (PID=29007) to work on /home/airflow/.local/lib/python3.8/site-packages/airflow/example_dags/example_bash_operator.py
[2024-10-06T23:14:28.592+0000] {processor.py:829} INFO - Processing file /home/airflow/.local/lib/python3.8/site-packages/airflow/example_dags/example_bash_operator.py for tasks to queue
[2024-10-06T23:14:28.593+0000] {logging_mixin.py:154} INFO - [2024-10-06T23:14:28.593+0000] {dagbag.py:536} INFO - Filling up the DagBag from /home/airflow/.local/lib/python3.8/site-packages/airflow/example_dags/example_bash_operator.py
[2024-10-06T23:14:28.599+0000] {processor.py:839} INFO - DAG(s) dict_keys(['example_bash_operator']) retrieved from /home/airflow/.local/lib/python3.8/site-packages/airflow/example_dags/example_bash_operator.py
[2024-10-06T23:14:28.611+0000] {logging_mixin.py:154} INFO - [2024-10-06T23:14:28.611+0000] {dag.py:2941} INFO - Sync 1 DAGs
[2024-10-06T23:14:28.620+0000] {logging_mixin.py:154} INFO - [2024-10-06T23:14:28.620+0000] {dag.py:3722} INFO - Setting next_dagrun for example_bash_operator to 2024-10-05T00:00:00+00:00, run_after=2024-10-06T00:00:00+00:00
[2024-10-06T23:14:28.626+0000] {processor.py:179} INFO - Processing /home/airflow/.local/lib/python3.8/site-packages/airflow/example_dags/example_bash_operator.py took 0.036 seconds
[2024-10-06T23:14:59.029+0000] {processor.py:157} INFO - Started process (PID=29061) to work on /home/airflow/.local/lib/python3.8/site-packages/airflow/example_dags/example_bash_operator.py
[2024-10-06T23:14:59.029+0000] {processor.py:829} INFO - Processing file /home/airflow/.local/lib/python3.8/site-packages/airflow/example_dags/example_bash_operator.py for tasks to queue
[2024-10-06T23:14:59.030+0000] {logging_mixin.py:154} INFO - [2024-10-06T23:14:59.030+0000] {dagbag.py:536} INFO - Filling up the DagBag from /home/airflow/.local/lib/python3.8/site-packages/airflow/example_dags/example_bash_operator.py
[2024-10-06T23:14:59.037+0000] {processor.py:839} INFO - DAG(s) dict_keys(['example_bash_operator']) retrieved from /home/airflow/.local/lib/python3.8/site-packages/airflow/example_dags/example_bash_operator.py
[2024-10-06T23:14:59.048+0000] {logging_mixin.py:154} INFO - [2024-10-06T23:14:59.048+0000] {dag.py:2941} INFO - Sync 1 DAGs
[2024-10-06T23:14:59.057+0000] {logging_mixin.py:154} INFO - [2024-10-06T23:14:59.057+0000] {dag.py:3722} INFO - Setting next_dagrun for example_bash_operator to 2024-10-05T00:00:00+00:00, run_after=2024-10-06T00:00:00+00:00
[2024-10-06T23:14:59.064+0000] {processor.py:179} INFO - Processing /home/airflow/.local/lib/python3.8/site-packages/airflow/example_dags/example_bash_operator.py took 0.036 seconds
[2024-10-06T23:15:29.467+0000] {processor.py:157} INFO - Started process (PID=29115) to work on /home/airflow/.local/lib/python3.8/site-packages/airflow/example_dags/example_bash_operator.py
[2024-10-06T23:15:29.467+0000] {processor.py:829} INFO - Processing file /home/airflow/.local/lib/python3.8/site-packages/airflow/example_dags/example_bash_operator.py for tasks to queue
[2024-10-06T23:15:29.468+0000] {logging_mixin.py:154} INFO - [2024-10-06T23:15:29.468+0000] {dagbag.py:536} INFO - Filling up the DagBag from /home/airflow/.local/lib/python3.8/site-packages/airflow/example_dags/example_bash_operator.py
[2024-10-06T23:15:29.474+0000] {processor.py:839} INFO - DAG(s) dict_keys(['example_bash_operator']) retrieved from /home/airflow/.local/lib/python3.8/site-packages/airflow/example_dags/example_bash_operator.py
[2024-10-06T23:15:29.486+0000] {logging_mixin.py:154} INFO - [2024-10-06T23:15:29.486+0000] {dag.py:2941} INFO - Sync 1 DAGs
[2024-10-06T23:15:29.495+0000] {logging_mixin.py:154} INFO - [2024-10-06T23:15:29.495+0000] {dag.py:3722} INFO - Setting next_dagrun for example_bash_operator to 2024-10-05T00:00:00+00:00, run_after=2024-10-06T00:00:00+00:00
[2024-10-06T23:15:29.502+0000] {processor.py:179} INFO - Processing /home/airflow/.local/lib/python3.8/site-packages/airflow/example_dags/example_bash_operator.py took 0.037 seconds
[2024-10-06T23:54:57.137+0000] {processor.py:157} INFO - Started process (PID=29162) to work on /home/airflow/.local/lib/python3.8/site-packages/airflow/example_dags/example_bash_operator.py
[2024-10-06T23:54:57.138+0000] {processor.py:829} INFO - Processing file /home/airflow/.local/lib/python3.8/site-packages/airflow/example_dags/example_bash_operator.py for tasks to queue
[2024-10-06T23:54:57.139+0000] {logging_mixin.py:154} INFO - [2024-10-06T23:54:57.139+0000] {dagbag.py:536} INFO - Filling up the DagBag from /home/airflow/.local/lib/python3.8/site-packages/airflow/example_dags/example_bash_operator.py
[2024-10-06T23:54:57.144+0000] {processor.py:839} INFO - DAG(s) dict_keys(['example_bash_operator']) retrieved from /home/airflow/.local/lib/python3.8/site-packages/airflow/example_dags/example_bash_operator.py
[2024-10-06T23:54:57.156+0000] {logging_mixin.py:154} INFO - [2024-10-06T23:54:57.156+0000] {dag.py:2941} INFO - Sync 1 DAGs
[2024-10-06T23:54:57.165+0000] {logging_mixin.py:154} INFO - [2024-10-06T23:54:57.164+0000] {dag.py:3722} INFO - Setting next_dagrun for example_bash_operator to 2024-10-05T00:00:00+00:00, run_after=2024-10-06T00:00:00+00:00
[2024-10-06T23:54:57.171+0000] {processor.py:179} INFO - Processing /home/airflow/.local/lib/python3.8/site-packages/airflow/example_dags/example_bash_operator.py took 0.035 seconds
