[2024-10-06T00:48:01.988+0000] {processor.py:157} INFO - Started process (PID=25809) to work on /home/airflow/.local/lib/python3.8/site-packages/airflow/example_dags/example_local_kubernetes_executor.py
[2024-10-06T00:48:01.988+0000] {processor.py:829} INFO - Processing file /home/airflow/.local/lib/python3.8/site-packages/airflow/example_dags/example_local_kubernetes_executor.py for tasks to queue
[2024-10-06T00:48:01.989+0000] {logging_mixin.py:154} INFO - [2024-10-06T00:48:01.989+0000] {dagbag.py:536} INFO - Filling up the DagBag from /home/airflow/.local/lib/python3.8/site-packages/airflow/example_dags/example_local_kubernetes_executor.py
[2024-10-06T00:48:01.994+0000] {processor.py:839} INFO - DAG(s) dict_keys(['example_local_kubernetes_executor']) retrieved from /home/airflow/.local/lib/python3.8/site-packages/airflow/example_dags/example_local_kubernetes_executor.py
[2024-10-06T00:48:02.011+0000] {logging_mixin.py:154} INFO - [2024-10-06T00:48:02.011+0000] {dag.py:2941} INFO - Sync 1 DAGs
[2024-10-06T00:48:02.016+0000] {logging_mixin.py:154} INFO - [2024-10-06T00:48:02.016+0000] {dag.py:3722} INFO - Setting next_dagrun for example_local_kubernetes_executor to None, run_after=None
[2024-10-06T00:48:02.022+0000] {processor.py:179} INFO - Processing /home/airflow/.local/lib/python3.8/site-packages/airflow/example_dags/example_local_kubernetes_executor.py took 0.036 seconds
[2024-10-06T00:59:19.098+0000] {processor.py:157} INFO - Started process (PID=25863) to work on /home/airflow/.local/lib/python3.8/site-packages/airflow/example_dags/example_local_kubernetes_executor.py
[2024-10-06T00:59:19.099+0000] {processor.py:829} INFO - Processing file /home/airflow/.local/lib/python3.8/site-packages/airflow/example_dags/example_local_kubernetes_executor.py for tasks to queue
[2024-10-06T00:59:19.100+0000] {logging_mixin.py:154} INFO - [2024-10-06T00:59:19.100+0000] {dagbag.py:536} INFO - Filling up the DagBag from /home/airflow/.local/lib/python3.8/site-packages/airflow/example_dags/example_local_kubernetes_executor.py
[2024-10-06T00:59:19.106+0000] {processor.py:839} INFO - DAG(s) dict_keys(['example_local_kubernetes_executor']) retrieved from /home/airflow/.local/lib/python3.8/site-packages/airflow/example_dags/example_local_kubernetes_executor.py
[2024-10-06T00:59:19.128+0000] {logging_mixin.py:154} INFO - [2024-10-06T00:59:19.128+0000] {dag.py:2941} INFO - Sync 1 DAGs
[2024-10-06T00:59:19.135+0000] {logging_mixin.py:154} INFO - [2024-10-06T00:59:19.135+0000] {dag.py:3722} INFO - Setting next_dagrun for example_local_kubernetes_executor to None, run_after=None
[2024-10-06T00:59:19.145+0000] {processor.py:179} INFO - Processing /home/airflow/.local/lib/python3.8/site-packages/airflow/example_dags/example_local_kubernetes_executor.py took 0.050 seconds
[2024-10-06T02:12:20.163+0000] {processor.py:157} INFO - Started process (PID=25917) to work on /home/airflow/.local/lib/python3.8/site-packages/airflow/example_dags/example_local_kubernetes_executor.py
[2024-10-06T02:12:20.164+0000] {processor.py:829} INFO - Processing file /home/airflow/.local/lib/python3.8/site-packages/airflow/example_dags/example_local_kubernetes_executor.py for tasks to queue
[2024-10-06T02:12:20.166+0000] {logging_mixin.py:154} INFO - [2024-10-06T02:12:20.165+0000] {dagbag.py:536} INFO - Filling up the DagBag from /home/airflow/.local/lib/python3.8/site-packages/airflow/example_dags/example_local_kubernetes_executor.py
[2024-10-06T02:12:20.171+0000] {processor.py:839} INFO - DAG(s) dict_keys(['example_local_kubernetes_executor']) retrieved from /home/airflow/.local/lib/python3.8/site-packages/airflow/example_dags/example_local_kubernetes_executor.py
[2024-10-06T02:12:20.193+0000] {logging_mixin.py:154} INFO - [2024-10-06T02:12:20.192+0000] {dag.py:2941} INFO - Sync 1 DAGs
[2024-10-06T02:12:20.200+0000] {logging_mixin.py:154} INFO - [2024-10-06T02:12:20.200+0000] {dag.py:3722} INFO - Setting next_dagrun for example_local_kubernetes_executor to None, run_after=None
[2024-10-06T02:12:20.212+0000] {processor.py:179} INFO - Processing /home/airflow/.local/lib/python3.8/site-packages/airflow/example_dags/example_local_kubernetes_executor.py took 0.051 seconds
[2024-10-06T02:48:47.371+0000] {processor.py:157} INFO - Started process (PID=25971) to work on /home/airflow/.local/lib/python3.8/site-packages/airflow/example_dags/example_local_kubernetes_executor.py
[2024-10-06T02:48:47.372+0000] {processor.py:829} INFO - Processing file /home/airflow/.local/lib/python3.8/site-packages/airflow/example_dags/example_local_kubernetes_executor.py for tasks to queue
[2024-10-06T02:48:47.373+0000] {logging_mixin.py:154} INFO - [2024-10-06T02:48:47.373+0000] {dagbag.py:536} INFO - Filling up the DagBag from /home/airflow/.local/lib/python3.8/site-packages/airflow/example_dags/example_local_kubernetes_executor.py
[2024-10-06T02:48:47.377+0000] {processor.py:839} INFO - DAG(s) dict_keys(['example_local_kubernetes_executor']) retrieved from /home/airflow/.local/lib/python3.8/site-packages/airflow/example_dags/example_local_kubernetes_executor.py
[2024-10-06T02:48:47.393+0000] {logging_mixin.py:154} INFO - [2024-10-06T02:48:47.393+0000] {dag.py:2941} INFO - Sync 1 DAGs
[2024-10-06T02:48:47.398+0000] {logging_mixin.py:154} INFO - [2024-10-06T02:48:47.398+0000] {dag.py:3722} INFO - Setting next_dagrun for example_local_kubernetes_executor to None, run_after=None
[2024-10-06T02:48:47.405+0000] {processor.py:179} INFO - Processing /home/airflow/.local/lib/python3.8/site-packages/airflow/example_dags/example_local_kubernetes_executor.py took 0.035 seconds
[2024-10-06T03:19:22.983+0000] {processor.py:157} INFO - Started process (PID=26025) to work on /home/airflow/.local/lib/python3.8/site-packages/airflow/example_dags/example_local_kubernetes_executor.py
[2024-10-06T03:19:22.984+0000] {processor.py:829} INFO - Processing file /home/airflow/.local/lib/python3.8/site-packages/airflow/example_dags/example_local_kubernetes_executor.py for tasks to queue
[2024-10-06T03:19:22.985+0000] {logging_mixin.py:154} INFO - [2024-10-06T03:19:22.985+0000] {dagbag.py:536} INFO - Filling up the DagBag from /home/airflow/.local/lib/python3.8/site-packages/airflow/example_dags/example_local_kubernetes_executor.py
[2024-10-06T03:19:22.989+0000] {processor.py:839} INFO - DAG(s) dict_keys(['example_local_kubernetes_executor']) retrieved from /home/airflow/.local/lib/python3.8/site-packages/airflow/example_dags/example_local_kubernetes_executor.py
[2024-10-06T03:19:23.005+0000] {logging_mixin.py:154} INFO - [2024-10-06T03:19:23.004+0000] {dag.py:2941} INFO - Sync 1 DAGs
[2024-10-06T03:19:23.010+0000] {logging_mixin.py:154} INFO - [2024-10-06T03:19:23.010+0000] {dag.py:3722} INFO - Setting next_dagrun for example_local_kubernetes_executor to None, run_after=None
[2024-10-06T03:19:23.016+0000] {processor.py:179} INFO - Processing /home/airflow/.local/lib/python3.8/site-packages/airflow/example_dags/example_local_kubernetes_executor.py took 0.035 seconds
[2024-10-06T04:34:56.593+0000] {processor.py:157} INFO - Started process (PID=26079) to work on /home/airflow/.local/lib/python3.8/site-packages/airflow/example_dags/example_local_kubernetes_executor.py
[2024-10-06T04:34:56.593+0000] {processor.py:829} INFO - Processing file /home/airflow/.local/lib/python3.8/site-packages/airflow/example_dags/example_local_kubernetes_executor.py for tasks to queue
[2024-10-06T04:34:56.594+0000] {logging_mixin.py:154} INFO - [2024-10-06T04:34:56.594+0000] {dagbag.py:536} INFO - Filling up the DagBag from /home/airflow/.local/lib/python3.8/site-packages/airflow/example_dags/example_local_kubernetes_executor.py
[2024-10-06T04:34:56.598+0000] {processor.py:839} INFO - DAG(s) dict_keys(['example_local_kubernetes_executor']) retrieved from /home/airflow/.local/lib/python3.8/site-packages/airflow/example_dags/example_local_kubernetes_executor.py
[2024-10-06T04:34:56.614+0000] {logging_mixin.py:154} INFO - [2024-10-06T04:34:56.613+0000] {dag.py:2941} INFO - Sync 1 DAGs
[2024-10-06T04:34:56.619+0000] {logging_mixin.py:154} INFO - [2024-10-06T04:34:56.619+0000] {dag.py:3722} INFO - Setting next_dagrun for example_local_kubernetes_executor to None, run_after=None
[2024-10-06T04:34:56.626+0000] {processor.py:179} INFO - Processing /home/airflow/.local/lib/python3.8/site-packages/airflow/example_dags/example_local_kubernetes_executor.py took 0.034 seconds
[2024-10-06T05:54:01.382+0000] {processor.py:157} INFO - Started process (PID=26133) to work on /home/airflow/.local/lib/python3.8/site-packages/airflow/example_dags/example_local_kubernetes_executor.py
[2024-10-06T05:54:01.383+0000] {processor.py:829} INFO - Processing file /home/airflow/.local/lib/python3.8/site-packages/airflow/example_dags/example_local_kubernetes_executor.py for tasks to queue
[2024-10-06T05:54:01.384+0000] {logging_mixin.py:154} INFO - [2024-10-06T05:54:01.384+0000] {dagbag.py:536} INFO - Filling up the DagBag from /home/airflow/.local/lib/python3.8/site-packages/airflow/example_dags/example_local_kubernetes_executor.py
[2024-10-06T05:54:01.390+0000] {processor.py:839} INFO - DAG(s) dict_keys(['example_local_kubernetes_executor']) retrieved from /home/airflow/.local/lib/python3.8/site-packages/airflow/example_dags/example_local_kubernetes_executor.py
[2024-10-06T05:54:01.412+0000] {logging_mixin.py:154} INFO - [2024-10-06T05:54:01.411+0000] {dag.py:2941} INFO - Sync 1 DAGs
[2024-10-06T05:54:01.419+0000] {logging_mixin.py:154} INFO - [2024-10-06T05:54:01.419+0000] {dag.py:3722} INFO - Setting next_dagrun for example_local_kubernetes_executor to None, run_after=None
[2024-10-06T05:54:01.431+0000] {processor.py:179} INFO - Processing /home/airflow/.local/lib/python3.8/site-packages/airflow/example_dags/example_local_kubernetes_executor.py took 0.051 seconds
[2024-10-06T06:41:07.148+0000] {processor.py:157} INFO - Started process (PID=26187) to work on /home/airflow/.local/lib/python3.8/site-packages/airflow/example_dags/example_local_kubernetes_executor.py
[2024-10-06T06:41:07.149+0000] {processor.py:829} INFO - Processing file /home/airflow/.local/lib/python3.8/site-packages/airflow/example_dags/example_local_kubernetes_executor.py for tasks to queue
[2024-10-06T06:41:07.150+0000] {logging_mixin.py:154} INFO - [2024-10-06T06:41:07.150+0000] {dagbag.py:536} INFO - Filling up the DagBag from /home/airflow/.local/lib/python3.8/site-packages/airflow/example_dags/example_local_kubernetes_executor.py
[2024-10-06T06:41:07.156+0000] {processor.py:839} INFO - DAG(s) dict_keys(['example_local_kubernetes_executor']) retrieved from /home/airflow/.local/lib/python3.8/site-packages/airflow/example_dags/example_local_kubernetes_executor.py
[2024-10-06T06:41:07.179+0000] {logging_mixin.py:154} INFO - [2024-10-06T06:41:07.178+0000] {dag.py:2941} INFO - Sync 1 DAGs
[2024-10-06T06:41:07.185+0000] {logging_mixin.py:154} INFO - [2024-10-06T06:41:07.185+0000] {dag.py:3722} INFO - Setting next_dagrun for example_local_kubernetes_executor to None, run_after=None
[2024-10-06T06:41:07.195+0000] {processor.py:179} INFO - Processing /home/airflow/.local/lib/python3.8/site-packages/airflow/example_dags/example_local_kubernetes_executor.py took 0.049 seconds
[2024-10-06T08:19:29.816+0000] {processor.py:157} INFO - Started process (PID=26241) to work on /home/airflow/.local/lib/python3.8/site-packages/airflow/example_dags/example_local_kubernetes_executor.py
[2024-10-06T08:19:29.817+0000] {processor.py:829} INFO - Processing file /home/airflow/.local/lib/python3.8/site-packages/airflow/example_dags/example_local_kubernetes_executor.py for tasks to queue
[2024-10-06T08:19:29.819+0000] {logging_mixin.py:154} INFO - [2024-10-06T08:19:29.819+0000] {dagbag.py:536} INFO - Filling up the DagBag from /home/airflow/.local/lib/python3.8/site-packages/airflow/example_dags/example_local_kubernetes_executor.py
[2024-10-06T08:19:29.825+0000] {processor.py:839} INFO - DAG(s) dict_keys(['example_local_kubernetes_executor']) retrieved from /home/airflow/.local/lib/python3.8/site-packages/airflow/example_dags/example_local_kubernetes_executor.py
[2024-10-06T08:19:29.848+0000] {logging_mixin.py:154} INFO - [2024-10-06T08:19:29.847+0000] {dag.py:2941} INFO - Sync 1 DAGs
[2024-10-06T08:19:29.855+0000] {logging_mixin.py:154} INFO - [2024-10-06T08:19:29.855+0000] {dag.py:3722} INFO - Setting next_dagrun for example_local_kubernetes_executor to None, run_after=None
[2024-10-06T08:19:29.865+0000] {processor.py:179} INFO - Processing /home/airflow/.local/lib/python3.8/site-packages/airflow/example_dags/example_local_kubernetes_executor.py took 0.051 seconds
[2024-10-06T09:31:45.808+0000] {processor.py:157} INFO - Started process (PID=26295) to work on /home/airflow/.local/lib/python3.8/site-packages/airflow/example_dags/example_local_kubernetes_executor.py
[2024-10-06T09:31:45.808+0000] {processor.py:829} INFO - Processing file /home/airflow/.local/lib/python3.8/site-packages/airflow/example_dags/example_local_kubernetes_executor.py for tasks to queue
[2024-10-06T09:31:45.809+0000] {logging_mixin.py:154} INFO - [2024-10-06T09:31:45.809+0000] {dagbag.py:536} INFO - Filling up the DagBag from /home/airflow/.local/lib/python3.8/site-packages/airflow/example_dags/example_local_kubernetes_executor.py
[2024-10-06T09:31:45.813+0000] {processor.py:839} INFO - DAG(s) dict_keys(['example_local_kubernetes_executor']) retrieved from /home/airflow/.local/lib/python3.8/site-packages/airflow/example_dags/example_local_kubernetes_executor.py
[2024-10-06T09:31:45.829+0000] {logging_mixin.py:154} INFO - [2024-10-06T09:31:45.829+0000] {dag.py:2941} INFO - Sync 1 DAGs
[2024-10-06T09:31:45.835+0000] {logging_mixin.py:154} INFO - [2024-10-06T09:31:45.835+0000] {dag.py:3722} INFO - Setting next_dagrun for example_local_kubernetes_executor to None, run_after=None
[2024-10-06T09:31:45.841+0000] {processor.py:179} INFO - Processing /home/airflow/.local/lib/python3.8/site-packages/airflow/example_dags/example_local_kubernetes_executor.py took 0.035 seconds
[2024-10-06T10:45:25.674+0000] {processor.py:157} INFO - Started process (PID=26349) to work on /home/airflow/.local/lib/python3.8/site-packages/airflow/example_dags/example_local_kubernetes_executor.py
[2024-10-06T10:45:25.674+0000] {processor.py:829} INFO - Processing file /home/airflow/.local/lib/python3.8/site-packages/airflow/example_dags/example_local_kubernetes_executor.py for tasks to queue
[2024-10-06T10:45:25.676+0000] {logging_mixin.py:154} INFO - [2024-10-06T10:45:25.676+0000] {dagbag.py:536} INFO - Filling up the DagBag from /home/airflow/.local/lib/python3.8/site-packages/airflow/example_dags/example_local_kubernetes_executor.py
[2024-10-06T10:45:25.682+0000] {processor.py:839} INFO - DAG(s) dict_keys(['example_local_kubernetes_executor']) retrieved from /home/airflow/.local/lib/python3.8/site-packages/airflow/example_dags/example_local_kubernetes_executor.py
[2024-10-06T10:45:25.703+0000] {logging_mixin.py:154} INFO - [2024-10-06T10:45:25.702+0000] {dag.py:2941} INFO - Sync 1 DAGs
[2024-10-06T10:45:25.709+0000] {logging_mixin.py:154} INFO - [2024-10-06T10:45:25.709+0000] {dag.py:3722} INFO - Setting next_dagrun for example_local_kubernetes_executor to None, run_after=None
[2024-10-06T10:45:25.717+0000] {processor.py:179} INFO - Processing /home/airflow/.local/lib/python3.8/site-packages/airflow/example_dags/example_local_kubernetes_executor.py took 0.046 seconds
[2024-10-06T11:46:26.097+0000] {processor.py:157} INFO - Started process (PID=26403) to work on /home/airflow/.local/lib/python3.8/site-packages/airflow/example_dags/example_local_kubernetes_executor.py
[2024-10-06T11:46:26.097+0000] {processor.py:829} INFO - Processing file /home/airflow/.local/lib/python3.8/site-packages/airflow/example_dags/example_local_kubernetes_executor.py for tasks to queue
[2024-10-06T11:46:26.099+0000] {logging_mixin.py:154} INFO - [2024-10-06T11:46:26.099+0000] {dagbag.py:536} INFO - Filling up the DagBag from /home/airflow/.local/lib/python3.8/site-packages/airflow/example_dags/example_local_kubernetes_executor.py
[2024-10-06T11:46:26.103+0000] {processor.py:839} INFO - DAG(s) dict_keys(['example_local_kubernetes_executor']) retrieved from /home/airflow/.local/lib/python3.8/site-packages/airflow/example_dags/example_local_kubernetes_executor.py
[2024-10-06T11:46:26.119+0000] {logging_mixin.py:154} INFO - [2024-10-06T11:46:26.119+0000] {dag.py:2941} INFO - Sync 1 DAGs
[2024-10-06T11:46:26.124+0000] {logging_mixin.py:154} INFO - [2024-10-06T11:46:26.124+0000] {dag.py:3722} INFO - Setting next_dagrun for example_local_kubernetes_executor to None, run_after=None
[2024-10-06T11:46:26.131+0000] {processor.py:179} INFO - Processing /home/airflow/.local/lib/python3.8/site-packages/airflow/example_dags/example_local_kubernetes_executor.py took 0.035 seconds
[2024-10-06T12:33:57.629+0000] {processor.py:157} INFO - Started process (PID=26457) to work on /home/airflow/.local/lib/python3.8/site-packages/airflow/example_dags/example_local_kubernetes_executor.py
[2024-10-06T12:33:57.630+0000] {processor.py:829} INFO - Processing file /home/airflow/.local/lib/python3.8/site-packages/airflow/example_dags/example_local_kubernetes_executor.py for tasks to queue
[2024-10-06T12:33:57.631+0000] {logging_mixin.py:154} INFO - [2024-10-06T12:33:57.631+0000] {dagbag.py:536} INFO - Filling up the DagBag from /home/airflow/.local/lib/python3.8/site-packages/airflow/example_dags/example_local_kubernetes_executor.py
[2024-10-06T12:33:57.634+0000] {processor.py:839} INFO - DAG(s) dict_keys(['example_local_kubernetes_executor']) retrieved from /home/airflow/.local/lib/python3.8/site-packages/airflow/example_dags/example_local_kubernetes_executor.py
[2024-10-06T12:33:57.650+0000] {logging_mixin.py:154} INFO - [2024-10-06T12:33:57.650+0000] {dag.py:2941} INFO - Sync 1 DAGs
[2024-10-06T12:33:57.655+0000] {logging_mixin.py:154} INFO - [2024-10-06T12:33:57.655+0000] {dag.py:3722} INFO - Setting next_dagrun for example_local_kubernetes_executor to None, run_after=None
[2024-10-06T12:33:57.662+0000] {processor.py:179} INFO - Processing /home/airflow/.local/lib/python3.8/site-packages/airflow/example_dags/example_local_kubernetes_executor.py took 0.034 seconds
[2024-10-06T13:17:28.338+0000] {processor.py:157} INFO - Started process (PID=26511) to work on /home/airflow/.local/lib/python3.8/site-packages/airflow/example_dags/example_local_kubernetes_executor.py
[2024-10-06T13:17:28.339+0000] {processor.py:829} INFO - Processing file /home/airflow/.local/lib/python3.8/site-packages/airflow/example_dags/example_local_kubernetes_executor.py for tasks to queue
[2024-10-06T13:17:28.340+0000] {logging_mixin.py:154} INFO - [2024-10-06T13:17:28.339+0000] {dagbag.py:536} INFO - Filling up the DagBag from /home/airflow/.local/lib/python3.8/site-packages/airflow/example_dags/example_local_kubernetes_executor.py
[2024-10-06T13:17:28.343+0000] {processor.py:839} INFO - DAG(s) dict_keys(['example_local_kubernetes_executor']) retrieved from /home/airflow/.local/lib/python3.8/site-packages/airflow/example_dags/example_local_kubernetes_executor.py
[2024-10-06T13:17:28.359+0000] {logging_mixin.py:154} INFO - [2024-10-06T13:17:28.359+0000] {dag.py:2941} INFO - Sync 1 DAGs
[2024-10-06T13:17:28.364+0000] {logging_mixin.py:154} INFO - [2024-10-06T13:17:28.364+0000] {dag.py:3722} INFO - Setting next_dagrun for example_local_kubernetes_executor to None, run_after=None
[2024-10-06T13:17:28.370+0000] {processor.py:179} INFO - Processing /home/airflow/.local/lib/python3.8/site-packages/airflow/example_dags/example_local_kubernetes_executor.py took 0.034 seconds
[2024-10-06T14:49:26.746+0000] {processor.py:157} INFO - Started process (PID=26565) to work on /home/airflow/.local/lib/python3.8/site-packages/airflow/example_dags/example_local_kubernetes_executor.py
[2024-10-06T14:49:26.746+0000] {processor.py:829} INFO - Processing file /home/airflow/.local/lib/python3.8/site-packages/airflow/example_dags/example_local_kubernetes_executor.py for tasks to queue
[2024-10-06T14:49:26.747+0000] {logging_mixin.py:154} INFO - [2024-10-06T14:49:26.747+0000] {dagbag.py:536} INFO - Filling up the DagBag from /home/airflow/.local/lib/python3.8/site-packages/airflow/example_dags/example_local_kubernetes_executor.py
[2024-10-06T14:49:26.751+0000] {processor.py:839} INFO - DAG(s) dict_keys(['example_local_kubernetes_executor']) retrieved from /home/airflow/.local/lib/python3.8/site-packages/airflow/example_dags/example_local_kubernetes_executor.py
[2024-10-06T14:49:26.767+0000] {logging_mixin.py:154} INFO - [2024-10-06T14:49:26.767+0000] {dag.py:2941} INFO - Sync 1 DAGs
[2024-10-06T14:49:26.772+0000] {logging_mixin.py:154} INFO - [2024-10-06T14:49:26.772+0000] {dag.py:3722} INFO - Setting next_dagrun for example_local_kubernetes_executor to None, run_after=None
[2024-10-06T14:49:26.779+0000] {processor.py:179} INFO - Processing /home/airflow/.local/lib/python3.8/site-packages/airflow/example_dags/example_local_kubernetes_executor.py took 0.035 seconds
[2024-10-06T15:50:31.078+0000] {processor.py:157} INFO - Started process (PID=26619) to work on /home/airflow/.local/lib/python3.8/site-packages/airflow/example_dags/example_local_kubernetes_executor.py
[2024-10-06T15:50:31.078+0000] {processor.py:829} INFO - Processing file /home/airflow/.local/lib/python3.8/site-packages/airflow/example_dags/example_local_kubernetes_executor.py for tasks to queue
[2024-10-06T15:50:31.080+0000] {logging_mixin.py:154} INFO - [2024-10-06T15:50:31.080+0000] {dagbag.py:536} INFO - Filling up the DagBag from /home/airflow/.local/lib/python3.8/site-packages/airflow/example_dags/example_local_kubernetes_executor.py
[2024-10-06T15:50:31.085+0000] {processor.py:839} INFO - DAG(s) dict_keys(['example_local_kubernetes_executor']) retrieved from /home/airflow/.local/lib/python3.8/site-packages/airflow/example_dags/example_local_kubernetes_executor.py
[2024-10-06T15:50:31.107+0000] {logging_mixin.py:154} INFO - [2024-10-06T15:50:31.106+0000] {dag.py:2941} INFO - Sync 1 DAGs
[2024-10-06T15:50:31.113+0000] {logging_mixin.py:154} INFO - [2024-10-06T15:50:31.113+0000] {dag.py:3722} INFO - Setting next_dagrun for example_local_kubernetes_executor to None, run_after=None
[2024-10-06T15:50:31.121+0000] {processor.py:179} INFO - Processing /home/airflow/.local/lib/python3.8/site-packages/airflow/example_dags/example_local_kubernetes_executor.py took 0.046 seconds
[2024-10-06T16:11:24.079+0000] {processor.py:157} INFO - Started process (PID=26673) to work on /home/airflow/.local/lib/python3.8/site-packages/airflow/example_dags/example_local_kubernetes_executor.py
[2024-10-06T16:11:24.079+0000] {processor.py:829} INFO - Processing file /home/airflow/.local/lib/python3.8/site-packages/airflow/example_dags/example_local_kubernetes_executor.py for tasks to queue
[2024-10-06T16:11:24.081+0000] {logging_mixin.py:154} INFO - [2024-10-06T16:11:24.080+0000] {dagbag.py:536} INFO - Filling up the DagBag from /home/airflow/.local/lib/python3.8/site-packages/airflow/example_dags/example_local_kubernetes_executor.py
[2024-10-06T16:11:24.084+0000] {processor.py:839} INFO - DAG(s) dict_keys(['example_local_kubernetes_executor']) retrieved from /home/airflow/.local/lib/python3.8/site-packages/airflow/example_dags/example_local_kubernetes_executor.py
[2024-10-06T16:11:24.101+0000] {logging_mixin.py:154} INFO - [2024-10-06T16:11:24.101+0000] {dag.py:2941} INFO - Sync 1 DAGs
[2024-10-06T16:11:24.108+0000] {logging_mixin.py:154} INFO - [2024-10-06T16:11:24.108+0000] {dag.py:3722} INFO - Setting next_dagrun for example_local_kubernetes_executor to None, run_after=None
[2024-10-06T16:11:24.115+0000] {processor.py:179} INFO - Processing /home/airflow/.local/lib/python3.8/site-packages/airflow/example_dags/example_local_kubernetes_executor.py took 0.037 seconds
[2024-10-06T16:17:00.872+0000] {processor.py:157} INFO - Started process (PID=26727) to work on /home/airflow/.local/lib/python3.8/site-packages/airflow/example_dags/example_local_kubernetes_executor.py
[2024-10-06T16:17:00.872+0000] {processor.py:829} INFO - Processing file /home/airflow/.local/lib/python3.8/site-packages/airflow/example_dags/example_local_kubernetes_executor.py for tasks to queue
[2024-10-06T16:17:00.873+0000] {logging_mixin.py:154} INFO - [2024-10-06T16:17:00.873+0000] {dagbag.py:536} INFO - Filling up the DagBag from /home/airflow/.local/lib/python3.8/site-packages/airflow/example_dags/example_local_kubernetes_executor.py
[2024-10-06T16:17:00.877+0000] {processor.py:839} INFO - DAG(s) dict_keys(['example_local_kubernetes_executor']) retrieved from /home/airflow/.local/lib/python3.8/site-packages/airflow/example_dags/example_local_kubernetes_executor.py
[2024-10-06T16:17:00.893+0000] {logging_mixin.py:154} INFO - [2024-10-06T16:17:00.893+0000] {dag.py:2941} INFO - Sync 1 DAGs
[2024-10-06T16:17:00.900+0000] {logging_mixin.py:154} INFO - [2024-10-06T16:17:00.899+0000] {dag.py:3722} INFO - Setting next_dagrun for example_local_kubernetes_executor to None, run_after=None
[2024-10-06T16:17:00.907+0000] {processor.py:179} INFO - Processing /home/airflow/.local/lib/python3.8/site-packages/airflow/example_dags/example_local_kubernetes_executor.py took 0.037 seconds
[2024-10-06T17:25:37.779+0000] {processor.py:157} INFO - Started process (PID=26781) to work on /home/airflow/.local/lib/python3.8/site-packages/airflow/example_dags/example_local_kubernetes_executor.py
[2024-10-06T17:25:37.779+0000] {processor.py:829} INFO - Processing file /home/airflow/.local/lib/python3.8/site-packages/airflow/example_dags/example_local_kubernetes_executor.py for tasks to queue
[2024-10-06T17:25:37.780+0000] {logging_mixin.py:154} INFO - [2024-10-06T17:25:37.780+0000] {dagbag.py:536} INFO - Filling up the DagBag from /home/airflow/.local/lib/python3.8/site-packages/airflow/example_dags/example_local_kubernetes_executor.py
[2024-10-06T17:25:37.784+0000] {processor.py:839} INFO - DAG(s) dict_keys(['example_local_kubernetes_executor']) retrieved from /home/airflow/.local/lib/python3.8/site-packages/airflow/example_dags/example_local_kubernetes_executor.py
[2024-10-06T17:25:37.800+0000] {logging_mixin.py:154} INFO - [2024-10-06T17:25:37.800+0000] {dag.py:2941} INFO - Sync 1 DAGs
[2024-10-06T17:25:37.805+0000] {logging_mixin.py:154} INFO - [2024-10-06T17:25:37.805+0000] {dag.py:3722} INFO - Setting next_dagrun for example_local_kubernetes_executor to None, run_after=None
[2024-10-06T17:25:37.811+0000] {processor.py:179} INFO - Processing /home/airflow/.local/lib/python3.8/site-packages/airflow/example_dags/example_local_kubernetes_executor.py took 0.033 seconds
[2024-10-06T17:48:10.626+0000] {processor.py:157} INFO - Started process (PID=26835) to work on /home/airflow/.local/lib/python3.8/site-packages/airflow/example_dags/example_local_kubernetes_executor.py
[2024-10-06T17:48:10.627+0000] {processor.py:829} INFO - Processing file /home/airflow/.local/lib/python3.8/site-packages/airflow/example_dags/example_local_kubernetes_executor.py for tasks to queue
[2024-10-06T17:48:10.628+0000] {logging_mixin.py:154} INFO - [2024-10-06T17:48:10.628+0000] {dagbag.py:536} INFO - Filling up the DagBag from /home/airflow/.local/lib/python3.8/site-packages/airflow/example_dags/example_local_kubernetes_executor.py
[2024-10-06T17:48:10.631+0000] {processor.py:839} INFO - DAG(s) dict_keys(['example_local_kubernetes_executor']) retrieved from /home/airflow/.local/lib/python3.8/site-packages/airflow/example_dags/example_local_kubernetes_executor.py
[2024-10-06T17:48:10.647+0000] {logging_mixin.py:154} INFO - [2024-10-06T17:48:10.646+0000] {dag.py:2941} INFO - Sync 1 DAGs
[2024-10-06T17:48:10.652+0000] {logging_mixin.py:154} INFO - [2024-10-06T17:48:10.652+0000] {dag.py:3722} INFO - Setting next_dagrun for example_local_kubernetes_executor to None, run_after=None
[2024-10-06T17:48:10.659+0000] {processor.py:179} INFO - Processing /home/airflow/.local/lib/python3.8/site-packages/airflow/example_dags/example_local_kubernetes_executor.py took 0.034 seconds
[2024-10-06T18:17:58.619+0000] {processor.py:157} INFO - Started process (PID=26889) to work on /home/airflow/.local/lib/python3.8/site-packages/airflow/example_dags/example_local_kubernetes_executor.py
[2024-10-06T18:17:58.620+0000] {processor.py:829} INFO - Processing file /home/airflow/.local/lib/python3.8/site-packages/airflow/example_dags/example_local_kubernetes_executor.py for tasks to queue
[2024-10-06T18:17:58.621+0000] {logging_mixin.py:154} INFO - [2024-10-06T18:17:58.621+0000] {dagbag.py:536} INFO - Filling up the DagBag from /home/airflow/.local/lib/python3.8/site-packages/airflow/example_dags/example_local_kubernetes_executor.py
[2024-10-06T18:17:58.625+0000] {processor.py:839} INFO - DAG(s) dict_keys(['example_local_kubernetes_executor']) retrieved from /home/airflow/.local/lib/python3.8/site-packages/airflow/example_dags/example_local_kubernetes_executor.py
[2024-10-06T18:17:58.645+0000] {logging_mixin.py:154} INFO - [2024-10-06T18:17:58.644+0000] {dag.py:2941} INFO - Sync 1 DAGs
[2024-10-06T18:17:58.652+0000] {logging_mixin.py:154} INFO - [2024-10-06T18:17:58.651+0000] {dag.py:3722} INFO - Setting next_dagrun for example_local_kubernetes_executor to None, run_after=None
[2024-10-06T18:17:58.661+0000] {processor.py:179} INFO - Processing /home/airflow/.local/lib/python3.8/site-packages/airflow/example_dags/example_local_kubernetes_executor.py took 0.044 seconds
[2024-10-06T19:43:23.136+0000] {processor.py:157} INFO - Started process (PID=26943) to work on /home/airflow/.local/lib/python3.8/site-packages/airflow/example_dags/example_local_kubernetes_executor.py
[2024-10-06T19:43:23.136+0000] {processor.py:829} INFO - Processing file /home/airflow/.local/lib/python3.8/site-packages/airflow/example_dags/example_local_kubernetes_executor.py for tasks to queue
[2024-10-06T19:43:23.138+0000] {logging_mixin.py:154} INFO - [2024-10-06T19:43:23.138+0000] {dagbag.py:536} INFO - Filling up the DagBag from /home/airflow/.local/lib/python3.8/site-packages/airflow/example_dags/example_local_kubernetes_executor.py
[2024-10-06T19:43:23.142+0000] {processor.py:839} INFO - DAG(s) dict_keys(['example_local_kubernetes_executor']) retrieved from /home/airflow/.local/lib/python3.8/site-packages/airflow/example_dags/example_local_kubernetes_executor.py
[2024-10-06T19:43:23.163+0000] {logging_mixin.py:154} INFO - [2024-10-06T19:43:23.161+0000] {dag.py:2941} INFO - Sync 1 DAGs
[2024-10-06T19:43:23.170+0000] {logging_mixin.py:154} INFO - [2024-10-06T19:43:23.170+0000] {dag.py:3722} INFO - Setting next_dagrun for example_local_kubernetes_executor to None, run_after=None
[2024-10-06T19:43:23.188+0000] {processor.py:179} INFO - Processing /home/airflow/.local/lib/python3.8/site-packages/airflow/example_dags/example_local_kubernetes_executor.py took 0.055 seconds
[2024-10-06T20:31:10.132+0000] {processor.py:157} INFO - Started process (PID=26997) to work on /home/airflow/.local/lib/python3.8/site-packages/airflow/example_dags/example_local_kubernetes_executor.py
[2024-10-06T20:31:10.133+0000] {processor.py:829} INFO - Processing file /home/airflow/.local/lib/python3.8/site-packages/airflow/example_dags/example_local_kubernetes_executor.py for tasks to queue
[2024-10-06T20:31:10.134+0000] {logging_mixin.py:154} INFO - [2024-10-06T20:31:10.134+0000] {dagbag.py:536} INFO - Filling up the DagBag from /home/airflow/.local/lib/python3.8/site-packages/airflow/example_dags/example_local_kubernetes_executor.py
[2024-10-06T20:31:10.138+0000] {processor.py:839} INFO - DAG(s) dict_keys(['example_local_kubernetes_executor']) retrieved from /home/airflow/.local/lib/python3.8/site-packages/airflow/example_dags/example_local_kubernetes_executor.py
[2024-10-06T20:31:10.153+0000] {logging_mixin.py:154} INFO - [2024-10-06T20:31:10.153+0000] {dag.py:2941} INFO - Sync 1 DAGs
[2024-10-06T20:31:10.159+0000] {logging_mixin.py:154} INFO - [2024-10-06T20:31:10.159+0000] {dag.py:3722} INFO - Setting next_dagrun for example_local_kubernetes_executor to None, run_after=None
[2024-10-06T20:31:10.165+0000] {processor.py:179} INFO - Processing /home/airflow/.local/lib/python3.8/site-packages/airflow/example_dags/example_local_kubernetes_executor.py took 0.034 seconds
[2024-10-06T20:40:15.196+0000] {processor.py:157} INFO - Started process (PID=27051) to work on /home/airflow/.local/lib/python3.8/site-packages/airflow/example_dags/example_local_kubernetes_executor.py
[2024-10-06T20:40:15.197+0000] {processor.py:829} INFO - Processing file /home/airflow/.local/lib/python3.8/site-packages/airflow/example_dags/example_local_kubernetes_executor.py for tasks to queue
[2024-10-06T20:40:15.198+0000] {logging_mixin.py:154} INFO - [2024-10-06T20:40:15.198+0000] {dagbag.py:536} INFO - Filling up the DagBag from /home/airflow/.local/lib/python3.8/site-packages/airflow/example_dags/example_local_kubernetes_executor.py
[2024-10-06T20:40:15.203+0000] {processor.py:839} INFO - DAG(s) dict_keys(['example_local_kubernetes_executor']) retrieved from /home/airflow/.local/lib/python3.8/site-packages/airflow/example_dags/example_local_kubernetes_executor.py
[2024-10-06T20:40:15.223+0000] {logging_mixin.py:154} INFO - [2024-10-06T20:40:15.222+0000] {dag.py:2941} INFO - Sync 1 DAGs
[2024-10-06T20:40:15.229+0000] {logging_mixin.py:154} INFO - [2024-10-06T20:40:15.229+0000] {dag.py:3722} INFO - Setting next_dagrun for example_local_kubernetes_executor to None, run_after=None
[2024-10-06T20:40:15.239+0000] {processor.py:179} INFO - Processing /home/airflow/.local/lib/python3.8/site-packages/airflow/example_dags/example_local_kubernetes_executor.py took 0.045 seconds
[2024-10-06T20:43:25.416+0000] {processor.py:157} INFO - Started process (PID=27105) to work on /home/airflow/.local/lib/python3.8/site-packages/airflow/example_dags/example_local_kubernetes_executor.py
[2024-10-06T20:43:25.417+0000] {processor.py:829} INFO - Processing file /home/airflow/.local/lib/python3.8/site-packages/airflow/example_dags/example_local_kubernetes_executor.py for tasks to queue
[2024-10-06T20:43:25.418+0000] {logging_mixin.py:154} INFO - [2024-10-06T20:43:25.418+0000] {dagbag.py:536} INFO - Filling up the DagBag from /home/airflow/.local/lib/python3.8/site-packages/airflow/example_dags/example_local_kubernetes_executor.py
[2024-10-06T20:43:25.421+0000] {processor.py:839} INFO - DAG(s) dict_keys(['example_local_kubernetes_executor']) retrieved from /home/airflow/.local/lib/python3.8/site-packages/airflow/example_dags/example_local_kubernetes_executor.py
[2024-10-06T20:43:25.436+0000] {logging_mixin.py:154} INFO - [2024-10-06T20:43:25.436+0000] {dag.py:2941} INFO - Sync 1 DAGs
[2024-10-06T20:43:25.441+0000] {logging_mixin.py:154} INFO - [2024-10-06T20:43:25.441+0000] {dag.py:3722} INFO - Setting next_dagrun for example_local_kubernetes_executor to None, run_after=None
[2024-10-06T20:43:25.448+0000] {processor.py:179} INFO - Processing /home/airflow/.local/lib/python3.8/site-packages/airflow/example_dags/example_local_kubernetes_executor.py took 0.033 seconds
[2024-10-06T21:12:03.785+0000] {processor.py:157} INFO - Started process (PID=27159) to work on /home/airflow/.local/lib/python3.8/site-packages/airflow/example_dags/example_local_kubernetes_executor.py
[2024-10-06T21:12:03.785+0000] {processor.py:829} INFO - Processing file /home/airflow/.local/lib/python3.8/site-packages/airflow/example_dags/example_local_kubernetes_executor.py for tasks to queue
[2024-10-06T21:12:03.787+0000] {logging_mixin.py:154} INFO - [2024-10-06T21:12:03.787+0000] {dagbag.py:536} INFO - Filling up the DagBag from /home/airflow/.local/lib/python3.8/site-packages/airflow/example_dags/example_local_kubernetes_executor.py
[2024-10-06T21:12:03.791+0000] {processor.py:839} INFO - DAG(s) dict_keys(['example_local_kubernetes_executor']) retrieved from /home/airflow/.local/lib/python3.8/site-packages/airflow/example_dags/example_local_kubernetes_executor.py
[2024-10-06T21:12:03.807+0000] {logging_mixin.py:154} INFO - [2024-10-06T21:12:03.807+0000] {dag.py:2941} INFO - Sync 1 DAGs
[2024-10-06T21:12:03.812+0000] {logging_mixin.py:154} INFO - [2024-10-06T21:12:03.812+0000] {dag.py:3722} INFO - Setting next_dagrun for example_local_kubernetes_executor to None, run_after=None
[2024-10-06T21:12:03.819+0000] {processor.py:179} INFO - Processing /home/airflow/.local/lib/python3.8/site-packages/airflow/example_dags/example_local_kubernetes_executor.py took 0.036 seconds
[2024-10-06T21:13:26.474+0000] {processor.py:157} INFO - Started process (PID=27213) to work on /home/airflow/.local/lib/python3.8/site-packages/airflow/example_dags/example_local_kubernetes_executor.py
[2024-10-06T21:13:26.474+0000] {processor.py:829} INFO - Processing file /home/airflow/.local/lib/python3.8/site-packages/airflow/example_dags/example_local_kubernetes_executor.py for tasks to queue
[2024-10-06T21:13:26.476+0000] {logging_mixin.py:154} INFO - [2024-10-06T21:13:26.475+0000] {dagbag.py:536} INFO - Filling up the DagBag from /home/airflow/.local/lib/python3.8/site-packages/airflow/example_dags/example_local_kubernetes_executor.py
[2024-10-06T21:13:26.479+0000] {processor.py:839} INFO - DAG(s) dict_keys(['example_local_kubernetes_executor']) retrieved from /home/airflow/.local/lib/python3.8/site-packages/airflow/example_dags/example_local_kubernetes_executor.py
[2024-10-06T21:13:26.495+0000] {logging_mixin.py:154} INFO - [2024-10-06T21:13:26.494+0000] {dag.py:2941} INFO - Sync 1 DAGs
[2024-10-06T21:13:26.500+0000] {logging_mixin.py:154} INFO - [2024-10-06T21:13:26.500+0000] {dag.py:3722} INFO - Setting next_dagrun for example_local_kubernetes_executor to None, run_after=None
[2024-10-06T21:13:26.506+0000] {processor.py:179} INFO - Processing /home/airflow/.local/lib/python3.8/site-packages/airflow/example_dags/example_local_kubernetes_executor.py took 0.034 seconds
[2024-10-06T21:24:00.780+0000] {processor.py:157} INFO - Started process (PID=27267) to work on /home/airflow/.local/lib/python3.8/site-packages/airflow/example_dags/example_local_kubernetes_executor.py
[2024-10-06T21:24:00.781+0000] {processor.py:829} INFO - Processing file /home/airflow/.local/lib/python3.8/site-packages/airflow/example_dags/example_local_kubernetes_executor.py for tasks to queue
[2024-10-06T21:24:00.782+0000] {logging_mixin.py:154} INFO - [2024-10-06T21:24:00.782+0000] {dagbag.py:536} INFO - Filling up the DagBag from /home/airflow/.local/lib/python3.8/site-packages/airflow/example_dags/example_local_kubernetes_executor.py
[2024-10-06T21:24:00.787+0000] {processor.py:839} INFO - DAG(s) dict_keys(['example_local_kubernetes_executor']) retrieved from /home/airflow/.local/lib/python3.8/site-packages/airflow/example_dags/example_local_kubernetes_executor.py
[2024-10-06T21:24:00.808+0000] {logging_mixin.py:154} INFO - [2024-10-06T21:24:00.807+0000] {dag.py:2941} INFO - Sync 1 DAGs
[2024-10-06T21:24:00.815+0000] {logging_mixin.py:154} INFO - [2024-10-06T21:24:00.814+0000] {dag.py:3722} INFO - Setting next_dagrun for example_local_kubernetes_executor to None, run_after=None
[2024-10-06T21:24:00.824+0000] {processor.py:179} INFO - Processing /home/airflow/.local/lib/python3.8/site-packages/airflow/example_dags/example_local_kubernetes_executor.py took 0.046 seconds
[2024-10-06T22:02:22.277+0000] {processor.py:157} INFO - Started process (PID=27321) to work on /home/airflow/.local/lib/python3.8/site-packages/airflow/example_dags/example_local_kubernetes_executor.py
[2024-10-06T22:02:22.278+0000] {processor.py:829} INFO - Processing file /home/airflow/.local/lib/python3.8/site-packages/airflow/example_dags/example_local_kubernetes_executor.py for tasks to queue
[2024-10-06T22:02:22.279+0000] {logging_mixin.py:154} INFO - [2024-10-06T22:02:22.279+0000] {dagbag.py:536} INFO - Filling up the DagBag from /home/airflow/.local/lib/python3.8/site-packages/airflow/example_dags/example_local_kubernetes_executor.py
[2024-10-06T22:02:22.283+0000] {processor.py:839} INFO - DAG(s) dict_keys(['example_local_kubernetes_executor']) retrieved from /home/airflow/.local/lib/python3.8/site-packages/airflow/example_dags/example_local_kubernetes_executor.py
[2024-10-06T22:02:22.299+0000] {logging_mixin.py:154} INFO - [2024-10-06T22:02:22.298+0000] {dag.py:2941} INFO - Sync 1 DAGs
[2024-10-06T22:02:22.303+0000] {logging_mixin.py:154} INFO - [2024-10-06T22:02:22.303+0000] {dag.py:3722} INFO - Setting next_dagrun for example_local_kubernetes_executor to None, run_after=None
[2024-10-06T22:02:22.310+0000] {processor.py:179} INFO - Processing /home/airflow/.local/lib/python3.8/site-packages/airflow/example_dags/example_local_kubernetes_executor.py took 0.034 seconds
[2024-10-06T22:28:55.305+0000] {processor.py:157} INFO - Started process (PID=27375) to work on /home/airflow/.local/lib/python3.8/site-packages/airflow/example_dags/example_local_kubernetes_executor.py
[2024-10-06T22:28:55.306+0000] {processor.py:829} INFO - Processing file /home/airflow/.local/lib/python3.8/site-packages/airflow/example_dags/example_local_kubernetes_executor.py for tasks to queue
[2024-10-06T22:28:55.307+0000] {logging_mixin.py:154} INFO - [2024-10-06T22:28:55.307+0000] {dagbag.py:536} INFO - Filling up the DagBag from /home/airflow/.local/lib/python3.8/site-packages/airflow/example_dags/example_local_kubernetes_executor.py
[2024-10-06T22:28:55.311+0000] {processor.py:839} INFO - DAG(s) dict_keys(['example_local_kubernetes_executor']) retrieved from /home/airflow/.local/lib/python3.8/site-packages/airflow/example_dags/example_local_kubernetes_executor.py
[2024-10-06T22:28:55.329+0000] {logging_mixin.py:154} INFO - [2024-10-06T22:28:55.329+0000] {dag.py:2941} INFO - Sync 1 DAGs
[2024-10-06T22:28:55.335+0000] {logging_mixin.py:154} INFO - [2024-10-06T22:28:55.334+0000] {dag.py:3722} INFO - Setting next_dagrun for example_local_kubernetes_executor to None, run_after=None
[2024-10-06T22:28:55.341+0000] {processor.py:179} INFO - Processing /home/airflow/.local/lib/python3.8/site-packages/airflow/example_dags/example_local_kubernetes_executor.py took 0.038 seconds
[2024-10-06T22:59:44.979+0000] {processor.py:157} INFO - Started process (PID=27429) to work on /home/airflow/.local/lib/python3.8/site-packages/airflow/example_dags/example_local_kubernetes_executor.py
[2024-10-06T22:59:44.980+0000] {processor.py:829} INFO - Processing file /home/airflow/.local/lib/python3.8/site-packages/airflow/example_dags/example_local_kubernetes_executor.py for tasks to queue
[2024-10-06T22:59:44.981+0000] {logging_mixin.py:154} INFO - [2024-10-06T22:59:44.981+0000] {dagbag.py:536} INFO - Filling up the DagBag from /home/airflow/.local/lib/python3.8/site-packages/airflow/example_dags/example_local_kubernetes_executor.py
[2024-10-06T22:59:44.986+0000] {processor.py:839} INFO - DAG(s) dict_keys(['example_local_kubernetes_executor']) retrieved from /home/airflow/.local/lib/python3.8/site-packages/airflow/example_dags/example_local_kubernetes_executor.py
[2024-10-06T22:59:45.002+0000] {logging_mixin.py:154} INFO - [2024-10-06T22:59:45.001+0000] {dag.py:2941} INFO - Sync 1 DAGs
[2024-10-06T22:59:45.006+0000] {logging_mixin.py:154} INFO - [2024-10-06T22:59:45.006+0000] {dag.py:3722} INFO - Setting next_dagrun for example_local_kubernetes_executor to None, run_after=None
[2024-10-06T22:59:45.013+0000] {processor.py:179} INFO - Processing /home/airflow/.local/lib/python3.8/site-packages/airflow/example_dags/example_local_kubernetes_executor.py took 0.036 seconds
[2024-10-06T23:00:15.875+0000] {processor.py:157} INFO - Started process (PID=27483) to work on /home/airflow/.local/lib/python3.8/site-packages/airflow/example_dags/example_local_kubernetes_executor.py
[2024-10-06T23:00:15.875+0000] {processor.py:829} INFO - Processing file /home/airflow/.local/lib/python3.8/site-packages/airflow/example_dags/example_local_kubernetes_executor.py for tasks to queue
[2024-10-06T23:00:15.877+0000] {logging_mixin.py:154} INFO - [2024-10-06T23:00:15.876+0000] {dagbag.py:536} INFO - Filling up the DagBag from /home/airflow/.local/lib/python3.8/site-packages/airflow/example_dags/example_local_kubernetes_executor.py
[2024-10-06T23:00:15.881+0000] {processor.py:839} INFO - DAG(s) dict_keys(['example_local_kubernetes_executor']) retrieved from /home/airflow/.local/lib/python3.8/site-packages/airflow/example_dags/example_local_kubernetes_executor.py
[2024-10-06T23:00:15.905+0000] {logging_mixin.py:154} INFO - [2024-10-06T23:00:15.903+0000] {dag.py:2941} INFO - Sync 1 DAGs
[2024-10-06T23:00:15.911+0000] {logging_mixin.py:154} INFO - [2024-10-06T23:00:15.911+0000] {dag.py:3722} INFO - Setting next_dagrun for example_local_kubernetes_executor to None, run_after=None
[2024-10-06T23:00:15.920+0000] {processor.py:179} INFO - Processing /home/airflow/.local/lib/python3.8/site-packages/airflow/example_dags/example_local_kubernetes_executor.py took 0.048 seconds
[2024-10-06T23:00:46.450+0000] {processor.py:157} INFO - Started process (PID=27537) to work on /home/airflow/.local/lib/python3.8/site-packages/airflow/example_dags/example_local_kubernetes_executor.py
[2024-10-06T23:00:46.451+0000] {processor.py:829} INFO - Processing file /home/airflow/.local/lib/python3.8/site-packages/airflow/example_dags/example_local_kubernetes_executor.py for tasks to queue
[2024-10-06T23:00:46.452+0000] {logging_mixin.py:154} INFO - [2024-10-06T23:00:46.452+0000] {dagbag.py:536} INFO - Filling up the DagBag from /home/airflow/.local/lib/python3.8/site-packages/airflow/example_dags/example_local_kubernetes_executor.py
[2024-10-06T23:00:46.456+0000] {processor.py:839} INFO - DAG(s) dict_keys(['example_local_kubernetes_executor']) retrieved from /home/airflow/.local/lib/python3.8/site-packages/airflow/example_dags/example_local_kubernetes_executor.py
[2024-10-06T23:00:46.475+0000] {logging_mixin.py:154} INFO - [2024-10-06T23:00:46.475+0000] {dag.py:2941} INFO - Sync 1 DAGs
[2024-10-06T23:00:46.481+0000] {logging_mixin.py:154} INFO - [2024-10-06T23:00:46.481+0000] {dag.py:3722} INFO - Setting next_dagrun for example_local_kubernetes_executor to None, run_after=None
[2024-10-06T23:00:46.490+0000] {processor.py:179} INFO - Processing /home/airflow/.local/lib/python3.8/site-packages/airflow/example_dags/example_local_kubernetes_executor.py took 0.041 seconds
[2024-10-06T23:01:17.087+0000] {processor.py:157} INFO - Started process (PID=27591) to work on /home/airflow/.local/lib/python3.8/site-packages/airflow/example_dags/example_local_kubernetes_executor.py
[2024-10-06T23:01:17.088+0000] {processor.py:829} INFO - Processing file /home/airflow/.local/lib/python3.8/site-packages/airflow/example_dags/example_local_kubernetes_executor.py for tasks to queue
[2024-10-06T23:01:17.089+0000] {logging_mixin.py:154} INFO - [2024-10-06T23:01:17.089+0000] {dagbag.py:536} INFO - Filling up the DagBag from /home/airflow/.local/lib/python3.8/site-packages/airflow/example_dags/example_local_kubernetes_executor.py
[2024-10-06T23:01:17.093+0000] {processor.py:839} INFO - DAG(s) dict_keys(['example_local_kubernetes_executor']) retrieved from /home/airflow/.local/lib/python3.8/site-packages/airflow/example_dags/example_local_kubernetes_executor.py
[2024-10-06T23:01:17.109+0000] {logging_mixin.py:154} INFO - [2024-10-06T23:01:17.109+0000] {dag.py:2941} INFO - Sync 1 DAGs
[2024-10-06T23:01:17.114+0000] {logging_mixin.py:154} INFO - [2024-10-06T23:01:17.113+0000] {dag.py:3722} INFO - Setting next_dagrun for example_local_kubernetes_executor to None, run_after=None
[2024-10-06T23:01:17.120+0000] {processor.py:179} INFO - Processing /home/airflow/.local/lib/python3.8/site-packages/airflow/example_dags/example_local_kubernetes_executor.py took 0.034 seconds
[2024-10-06T23:01:47.498+0000] {processor.py:157} INFO - Started process (PID=27645) to work on /home/airflow/.local/lib/python3.8/site-packages/airflow/example_dags/example_local_kubernetes_executor.py
[2024-10-06T23:01:47.498+0000] {processor.py:829} INFO - Processing file /home/airflow/.local/lib/python3.8/site-packages/airflow/example_dags/example_local_kubernetes_executor.py for tasks to queue
[2024-10-06T23:01:47.499+0000] {logging_mixin.py:154} INFO - [2024-10-06T23:01:47.499+0000] {dagbag.py:536} INFO - Filling up the DagBag from /home/airflow/.local/lib/python3.8/site-packages/airflow/example_dags/example_local_kubernetes_executor.py
[2024-10-06T23:01:47.503+0000] {processor.py:839} INFO - DAG(s) dict_keys(['example_local_kubernetes_executor']) retrieved from /home/airflow/.local/lib/python3.8/site-packages/airflow/example_dags/example_local_kubernetes_executor.py
[2024-10-06T23:01:47.518+0000] {logging_mixin.py:154} INFO - [2024-10-06T23:01:47.518+0000] {dag.py:2941} INFO - Sync 1 DAGs
[2024-10-06T23:01:47.523+0000] {logging_mixin.py:154} INFO - [2024-10-06T23:01:47.523+0000] {dag.py:3722} INFO - Setting next_dagrun for example_local_kubernetes_executor to None, run_after=None
[2024-10-06T23:01:47.530+0000] {processor.py:179} INFO - Processing /home/airflow/.local/lib/python3.8/site-packages/airflow/example_dags/example_local_kubernetes_executor.py took 0.033 seconds
[2024-10-06T23:02:17.908+0000] {processor.py:157} INFO - Started process (PID=27699) to work on /home/airflow/.local/lib/python3.8/site-packages/airflow/example_dags/example_local_kubernetes_executor.py
[2024-10-06T23:02:17.908+0000] {processor.py:829} INFO - Processing file /home/airflow/.local/lib/python3.8/site-packages/airflow/example_dags/example_local_kubernetes_executor.py for tasks to queue
[2024-10-06T23:02:17.909+0000] {logging_mixin.py:154} INFO - [2024-10-06T23:02:17.909+0000] {dagbag.py:536} INFO - Filling up the DagBag from /home/airflow/.local/lib/python3.8/site-packages/airflow/example_dags/example_local_kubernetes_executor.py
[2024-10-06T23:02:17.913+0000] {processor.py:839} INFO - DAG(s) dict_keys(['example_local_kubernetes_executor']) retrieved from /home/airflow/.local/lib/python3.8/site-packages/airflow/example_dags/example_local_kubernetes_executor.py
[2024-10-06T23:02:17.928+0000] {logging_mixin.py:154} INFO - [2024-10-06T23:02:17.928+0000] {dag.py:2941} INFO - Sync 1 DAGs
[2024-10-06T23:02:17.934+0000] {logging_mixin.py:154} INFO - [2024-10-06T23:02:17.933+0000] {dag.py:3722} INFO - Setting next_dagrun for example_local_kubernetes_executor to None, run_after=None
[2024-10-06T23:02:17.940+0000] {processor.py:179} INFO - Processing /home/airflow/.local/lib/python3.8/site-packages/airflow/example_dags/example_local_kubernetes_executor.py took 0.034 seconds
[2024-10-06T23:02:48.352+0000] {processor.py:157} INFO - Started process (PID=27753) to work on /home/airflow/.local/lib/python3.8/site-packages/airflow/example_dags/example_local_kubernetes_executor.py
[2024-10-06T23:02:48.352+0000] {processor.py:829} INFO - Processing file /home/airflow/.local/lib/python3.8/site-packages/airflow/example_dags/example_local_kubernetes_executor.py for tasks to queue
[2024-10-06T23:02:48.353+0000] {logging_mixin.py:154} INFO - [2024-10-06T23:02:48.353+0000] {dagbag.py:536} INFO - Filling up the DagBag from /home/airflow/.local/lib/python3.8/site-packages/airflow/example_dags/example_local_kubernetes_executor.py
[2024-10-06T23:02:48.358+0000] {processor.py:839} INFO - DAG(s) dict_keys(['example_local_kubernetes_executor']) retrieved from /home/airflow/.local/lib/python3.8/site-packages/airflow/example_dags/example_local_kubernetes_executor.py
[2024-10-06T23:02:48.375+0000] {logging_mixin.py:154} INFO - [2024-10-06T23:02:48.374+0000] {dag.py:2941} INFO - Sync 1 DAGs
[2024-10-06T23:02:48.380+0000] {logging_mixin.py:154} INFO - [2024-10-06T23:02:48.380+0000] {dag.py:3722} INFO - Setting next_dagrun for example_local_kubernetes_executor to None, run_after=None
[2024-10-06T23:02:48.387+0000] {processor.py:179} INFO - Processing /home/airflow/.local/lib/python3.8/site-packages/airflow/example_dags/example_local_kubernetes_executor.py took 0.037 seconds
[2024-10-06T23:03:18.776+0000] {processor.py:157} INFO - Started process (PID=27807) to work on /home/airflow/.local/lib/python3.8/site-packages/airflow/example_dags/example_local_kubernetes_executor.py
[2024-10-06T23:03:18.777+0000] {processor.py:829} INFO - Processing file /home/airflow/.local/lib/python3.8/site-packages/airflow/example_dags/example_local_kubernetes_executor.py for tasks to queue
[2024-10-06T23:03:18.778+0000] {logging_mixin.py:154} INFO - [2024-10-06T23:03:18.778+0000] {dagbag.py:536} INFO - Filling up the DagBag from /home/airflow/.local/lib/python3.8/site-packages/airflow/example_dags/example_local_kubernetes_executor.py
[2024-10-06T23:03:18.782+0000] {processor.py:839} INFO - DAG(s) dict_keys(['example_local_kubernetes_executor']) retrieved from /home/airflow/.local/lib/python3.8/site-packages/airflow/example_dags/example_local_kubernetes_executor.py
[2024-10-06T23:03:18.798+0000] {logging_mixin.py:154} INFO - [2024-10-06T23:03:18.797+0000] {dag.py:2941} INFO - Sync 1 DAGs
[2024-10-06T23:03:18.802+0000] {logging_mixin.py:154} INFO - [2024-10-06T23:03:18.802+0000] {dag.py:3722} INFO - Setting next_dagrun for example_local_kubernetes_executor to None, run_after=None
[2024-10-06T23:03:18.809+0000] {processor.py:179} INFO - Processing /home/airflow/.local/lib/python3.8/site-packages/airflow/example_dags/example_local_kubernetes_executor.py took 0.034 seconds
[2024-10-06T23:03:49.218+0000] {processor.py:157} INFO - Started process (PID=27861) to work on /home/airflow/.local/lib/python3.8/site-packages/airflow/example_dags/example_local_kubernetes_executor.py
[2024-10-06T23:03:49.219+0000] {processor.py:829} INFO - Processing file /home/airflow/.local/lib/python3.8/site-packages/airflow/example_dags/example_local_kubernetes_executor.py for tasks to queue
[2024-10-06T23:03:49.220+0000] {logging_mixin.py:154} INFO - [2024-10-06T23:03:49.220+0000] {dagbag.py:536} INFO - Filling up the DagBag from /home/airflow/.local/lib/python3.8/site-packages/airflow/example_dags/example_local_kubernetes_executor.py
[2024-10-06T23:03:49.223+0000] {processor.py:839} INFO - DAG(s) dict_keys(['example_local_kubernetes_executor']) retrieved from /home/airflow/.local/lib/python3.8/site-packages/airflow/example_dags/example_local_kubernetes_executor.py
[2024-10-06T23:03:49.239+0000] {logging_mixin.py:154} INFO - [2024-10-06T23:03:49.238+0000] {dag.py:2941} INFO - Sync 1 DAGs
[2024-10-06T23:03:49.243+0000] {logging_mixin.py:154} INFO - [2024-10-06T23:03:49.243+0000] {dag.py:3722} INFO - Setting next_dagrun for example_local_kubernetes_executor to None, run_after=None
[2024-10-06T23:03:49.250+0000] {processor.py:179} INFO - Processing /home/airflow/.local/lib/python3.8/site-packages/airflow/example_dags/example_local_kubernetes_executor.py took 0.034 seconds
[2024-10-06T23:04:19.646+0000] {processor.py:157} INFO - Started process (PID=27915) to work on /home/airflow/.local/lib/python3.8/site-packages/airflow/example_dags/example_local_kubernetes_executor.py
[2024-10-06T23:04:19.646+0000] {processor.py:829} INFO - Processing file /home/airflow/.local/lib/python3.8/site-packages/airflow/example_dags/example_local_kubernetes_executor.py for tasks to queue
[2024-10-06T23:04:19.647+0000] {logging_mixin.py:154} INFO - [2024-10-06T23:04:19.647+0000] {dagbag.py:536} INFO - Filling up the DagBag from /home/airflow/.local/lib/python3.8/site-packages/airflow/example_dags/example_local_kubernetes_executor.py
[2024-10-06T23:04:19.651+0000] {processor.py:839} INFO - DAG(s) dict_keys(['example_local_kubernetes_executor']) retrieved from /home/airflow/.local/lib/python3.8/site-packages/airflow/example_dags/example_local_kubernetes_executor.py
[2024-10-06T23:04:19.667+0000] {logging_mixin.py:154} INFO - [2024-10-06T23:04:19.666+0000] {dag.py:2941} INFO - Sync 1 DAGs
[2024-10-06T23:04:19.672+0000] {logging_mixin.py:154} INFO - [2024-10-06T23:04:19.672+0000] {dag.py:3722} INFO - Setting next_dagrun for example_local_kubernetes_executor to None, run_after=None
[2024-10-06T23:04:19.678+0000] {processor.py:179} INFO - Processing /home/airflow/.local/lib/python3.8/site-packages/airflow/example_dags/example_local_kubernetes_executor.py took 0.034 seconds
[2024-10-06T23:04:50.108+0000] {processor.py:157} INFO - Started process (PID=27969) to work on /home/airflow/.local/lib/python3.8/site-packages/airflow/example_dags/example_local_kubernetes_executor.py
[2024-10-06T23:04:50.109+0000] {processor.py:829} INFO - Processing file /home/airflow/.local/lib/python3.8/site-packages/airflow/example_dags/example_local_kubernetes_executor.py for tasks to queue
[2024-10-06T23:04:50.110+0000] {logging_mixin.py:154} INFO - [2024-10-06T23:04:50.110+0000] {dagbag.py:536} INFO - Filling up the DagBag from /home/airflow/.local/lib/python3.8/site-packages/airflow/example_dags/example_local_kubernetes_executor.py
[2024-10-06T23:04:50.114+0000] {processor.py:839} INFO - DAG(s) dict_keys(['example_local_kubernetes_executor']) retrieved from /home/airflow/.local/lib/python3.8/site-packages/airflow/example_dags/example_local_kubernetes_executor.py
[2024-10-06T23:04:50.130+0000] {logging_mixin.py:154} INFO - [2024-10-06T23:04:50.129+0000] {dag.py:2941} INFO - Sync 1 DAGs
[2024-10-06T23:04:50.135+0000] {logging_mixin.py:154} INFO - [2024-10-06T23:04:50.135+0000] {dag.py:3722} INFO - Setting next_dagrun for example_local_kubernetes_executor to None, run_after=None
[2024-10-06T23:04:50.142+0000] {processor.py:179} INFO - Processing /home/airflow/.local/lib/python3.8/site-packages/airflow/example_dags/example_local_kubernetes_executor.py took 0.035 seconds
[2024-10-06T23:05:20.530+0000] {processor.py:157} INFO - Started process (PID=28023) to work on /home/airflow/.local/lib/python3.8/site-packages/airflow/example_dags/example_local_kubernetes_executor.py
[2024-10-06T23:05:20.531+0000] {processor.py:829} INFO - Processing file /home/airflow/.local/lib/python3.8/site-packages/airflow/example_dags/example_local_kubernetes_executor.py for tasks to queue
[2024-10-06T23:05:20.532+0000] {logging_mixin.py:154} INFO - [2024-10-06T23:05:20.531+0000] {dagbag.py:536} INFO - Filling up the DagBag from /home/airflow/.local/lib/python3.8/site-packages/airflow/example_dags/example_local_kubernetes_executor.py
[2024-10-06T23:05:20.535+0000] {processor.py:839} INFO - DAG(s) dict_keys(['example_local_kubernetes_executor']) retrieved from /home/airflow/.local/lib/python3.8/site-packages/airflow/example_dags/example_local_kubernetes_executor.py
[2024-10-06T23:05:20.552+0000] {logging_mixin.py:154} INFO - [2024-10-06T23:05:20.551+0000] {dag.py:2941} INFO - Sync 1 DAGs
[2024-10-06T23:05:20.557+0000] {logging_mixin.py:154} INFO - [2024-10-06T23:05:20.557+0000] {dag.py:3722} INFO - Setting next_dagrun for example_local_kubernetes_executor to None, run_after=None
[2024-10-06T23:05:20.563+0000] {processor.py:179} INFO - Processing /home/airflow/.local/lib/python3.8/site-packages/airflow/example_dags/example_local_kubernetes_executor.py took 0.035 seconds
[2024-10-06T23:05:50.905+0000] {processor.py:157} INFO - Started process (PID=28077) to work on /home/airflow/.local/lib/python3.8/site-packages/airflow/example_dags/example_local_kubernetes_executor.py
[2024-10-06T23:05:50.905+0000] {processor.py:829} INFO - Processing file /home/airflow/.local/lib/python3.8/site-packages/airflow/example_dags/example_local_kubernetes_executor.py for tasks to queue
[2024-10-06T23:05:50.906+0000] {logging_mixin.py:154} INFO - [2024-10-06T23:05:50.906+0000] {dagbag.py:536} INFO - Filling up the DagBag from /home/airflow/.local/lib/python3.8/site-packages/airflow/example_dags/example_local_kubernetes_executor.py
[2024-10-06T23:05:50.910+0000] {processor.py:839} INFO - DAG(s) dict_keys(['example_local_kubernetes_executor']) retrieved from /home/airflow/.local/lib/python3.8/site-packages/airflow/example_dags/example_local_kubernetes_executor.py
[2024-10-06T23:05:50.925+0000] {logging_mixin.py:154} INFO - [2024-10-06T23:05:50.925+0000] {dag.py:2941} INFO - Sync 1 DAGs
[2024-10-06T23:05:50.930+0000] {logging_mixin.py:154} INFO - [2024-10-06T23:05:50.930+0000] {dag.py:3722} INFO - Setting next_dagrun for example_local_kubernetes_executor to None, run_after=None
[2024-10-06T23:05:50.937+0000] {processor.py:179} INFO - Processing /home/airflow/.local/lib/python3.8/site-packages/airflow/example_dags/example_local_kubernetes_executor.py took 0.034 seconds
[2024-10-06T23:06:21.346+0000] {processor.py:157} INFO - Started process (PID=28131) to work on /home/airflow/.local/lib/python3.8/site-packages/airflow/example_dags/example_local_kubernetes_executor.py
[2024-10-06T23:06:21.347+0000] {processor.py:829} INFO - Processing file /home/airflow/.local/lib/python3.8/site-packages/airflow/example_dags/example_local_kubernetes_executor.py for tasks to queue
[2024-10-06T23:06:21.348+0000] {logging_mixin.py:154} INFO - [2024-10-06T23:06:21.348+0000] {dagbag.py:536} INFO - Filling up the DagBag from /home/airflow/.local/lib/python3.8/site-packages/airflow/example_dags/example_local_kubernetes_executor.py
[2024-10-06T23:06:21.352+0000] {processor.py:839} INFO - DAG(s) dict_keys(['example_local_kubernetes_executor']) retrieved from /home/airflow/.local/lib/python3.8/site-packages/airflow/example_dags/example_local_kubernetes_executor.py
[2024-10-06T23:06:21.367+0000] {logging_mixin.py:154} INFO - [2024-10-06T23:06:21.366+0000] {dag.py:2941} INFO - Sync 1 DAGs
[2024-10-06T23:06:21.372+0000] {logging_mixin.py:154} INFO - [2024-10-06T23:06:21.372+0000] {dag.py:3722} INFO - Setting next_dagrun for example_local_kubernetes_executor to None, run_after=None
[2024-10-06T23:06:21.378+0000] {processor.py:179} INFO - Processing /home/airflow/.local/lib/python3.8/site-packages/airflow/example_dags/example_local_kubernetes_executor.py took 0.034 seconds
[2024-10-06T23:06:51.781+0000] {processor.py:157} INFO - Started process (PID=28185) to work on /home/airflow/.local/lib/python3.8/site-packages/airflow/example_dags/example_local_kubernetes_executor.py
[2024-10-06T23:06:51.782+0000] {processor.py:829} INFO - Processing file /home/airflow/.local/lib/python3.8/site-packages/airflow/example_dags/example_local_kubernetes_executor.py for tasks to queue
[2024-10-06T23:06:51.783+0000] {logging_mixin.py:154} INFO - [2024-10-06T23:06:51.783+0000] {dagbag.py:536} INFO - Filling up the DagBag from /home/airflow/.local/lib/python3.8/site-packages/airflow/example_dags/example_local_kubernetes_executor.py
[2024-10-06T23:06:51.786+0000] {processor.py:839} INFO - DAG(s) dict_keys(['example_local_kubernetes_executor']) retrieved from /home/airflow/.local/lib/python3.8/site-packages/airflow/example_dags/example_local_kubernetes_executor.py
[2024-10-06T23:06:51.802+0000] {logging_mixin.py:154} INFO - [2024-10-06T23:06:51.801+0000] {dag.py:2941} INFO - Sync 1 DAGs
[2024-10-06T23:06:51.806+0000] {logging_mixin.py:154} INFO - [2024-10-06T23:06:51.806+0000] {dag.py:3722} INFO - Setting next_dagrun for example_local_kubernetes_executor to None, run_after=None
[2024-10-06T23:06:51.813+0000] {processor.py:179} INFO - Processing /home/airflow/.local/lib/python3.8/site-packages/airflow/example_dags/example_local_kubernetes_executor.py took 0.034 seconds
[2024-10-06T23:07:22.237+0000] {processor.py:157} INFO - Started process (PID=28239) to work on /home/airflow/.local/lib/python3.8/site-packages/airflow/example_dags/example_local_kubernetes_executor.py
[2024-10-06T23:07:22.237+0000] {processor.py:829} INFO - Processing file /home/airflow/.local/lib/python3.8/site-packages/airflow/example_dags/example_local_kubernetes_executor.py for tasks to queue
[2024-10-06T23:07:22.239+0000] {logging_mixin.py:154} INFO - [2024-10-06T23:07:22.238+0000] {dagbag.py:536} INFO - Filling up the DagBag from /home/airflow/.local/lib/python3.8/site-packages/airflow/example_dags/example_local_kubernetes_executor.py
[2024-10-06T23:07:22.243+0000] {processor.py:839} INFO - DAG(s) dict_keys(['example_local_kubernetes_executor']) retrieved from /home/airflow/.local/lib/python3.8/site-packages/airflow/example_dags/example_local_kubernetes_executor.py
[2024-10-06T23:07:22.258+0000] {logging_mixin.py:154} INFO - [2024-10-06T23:07:22.258+0000] {dag.py:2941} INFO - Sync 1 DAGs
[2024-10-06T23:07:22.263+0000] {logging_mixin.py:154} INFO - [2024-10-06T23:07:22.263+0000] {dag.py:3722} INFO - Setting next_dagrun for example_local_kubernetes_executor to None, run_after=None
[2024-10-06T23:07:22.269+0000] {processor.py:179} INFO - Processing /home/airflow/.local/lib/python3.8/site-packages/airflow/example_dags/example_local_kubernetes_executor.py took 0.034 seconds
[2024-10-06T23:07:52.673+0000] {processor.py:157} INFO - Started process (PID=28293) to work on /home/airflow/.local/lib/python3.8/site-packages/airflow/example_dags/example_local_kubernetes_executor.py
[2024-10-06T23:07:52.673+0000] {processor.py:829} INFO - Processing file /home/airflow/.local/lib/python3.8/site-packages/airflow/example_dags/example_local_kubernetes_executor.py for tasks to queue
[2024-10-06T23:07:52.674+0000] {logging_mixin.py:154} INFO - [2024-10-06T23:07:52.674+0000] {dagbag.py:536} INFO - Filling up the DagBag from /home/airflow/.local/lib/python3.8/site-packages/airflow/example_dags/example_local_kubernetes_executor.py
[2024-10-06T23:07:52.678+0000] {processor.py:839} INFO - DAG(s) dict_keys(['example_local_kubernetes_executor']) retrieved from /home/airflow/.local/lib/python3.8/site-packages/airflow/example_dags/example_local_kubernetes_executor.py
[2024-10-06T23:07:52.694+0000] {logging_mixin.py:154} INFO - [2024-10-06T23:07:52.694+0000] {dag.py:2941} INFO - Sync 1 DAGs
[2024-10-06T23:07:52.699+0000] {logging_mixin.py:154} INFO - [2024-10-06T23:07:52.699+0000] {dag.py:3722} INFO - Setting next_dagrun for example_local_kubernetes_executor to None, run_after=None
[2024-10-06T23:07:52.705+0000] {processor.py:179} INFO - Processing /home/airflow/.local/lib/python3.8/site-packages/airflow/example_dags/example_local_kubernetes_executor.py took 0.034 seconds
[2024-10-06T23:08:23.033+0000] {processor.py:157} INFO - Started process (PID=28354) to work on /home/airflow/.local/lib/python3.8/site-packages/airflow/example_dags/example_local_kubernetes_executor.py
[2024-10-06T23:08:23.034+0000] {processor.py:829} INFO - Processing file /home/airflow/.local/lib/python3.8/site-packages/airflow/example_dags/example_local_kubernetes_executor.py for tasks to queue
[2024-10-06T23:08:23.035+0000] {logging_mixin.py:154} INFO - [2024-10-06T23:08:23.035+0000] {dagbag.py:536} INFO - Filling up the DagBag from /home/airflow/.local/lib/python3.8/site-packages/airflow/example_dags/example_local_kubernetes_executor.py
[2024-10-06T23:08:23.038+0000] {processor.py:839} INFO - DAG(s) dict_keys(['example_local_kubernetes_executor']) retrieved from /home/airflow/.local/lib/python3.8/site-packages/airflow/example_dags/example_local_kubernetes_executor.py
[2024-10-06T23:08:23.054+0000] {logging_mixin.py:154} INFO - [2024-10-06T23:08:23.053+0000] {dag.py:2941} INFO - Sync 1 DAGs
[2024-10-06T23:08:23.059+0000] {logging_mixin.py:154} INFO - [2024-10-06T23:08:23.059+0000] {dag.py:3722} INFO - Setting next_dagrun for example_local_kubernetes_executor to None, run_after=None
[2024-10-06T23:08:23.065+0000] {processor.py:179} INFO - Processing /home/airflow/.local/lib/python3.8/site-packages/airflow/example_dags/example_local_kubernetes_executor.py took 0.034 seconds
[2024-10-06T23:08:53.472+0000] {processor.py:157} INFO - Started process (PID=28408) to work on /home/airflow/.local/lib/python3.8/site-packages/airflow/example_dags/example_local_kubernetes_executor.py
[2024-10-06T23:08:53.472+0000] {processor.py:829} INFO - Processing file /home/airflow/.local/lib/python3.8/site-packages/airflow/example_dags/example_local_kubernetes_executor.py for tasks to queue
[2024-10-06T23:08:53.473+0000] {logging_mixin.py:154} INFO - [2024-10-06T23:08:53.473+0000] {dagbag.py:536} INFO - Filling up the DagBag from /home/airflow/.local/lib/python3.8/site-packages/airflow/example_dags/example_local_kubernetes_executor.py
[2024-10-06T23:08:53.477+0000] {processor.py:839} INFO - DAG(s) dict_keys(['example_local_kubernetes_executor']) retrieved from /home/airflow/.local/lib/python3.8/site-packages/airflow/example_dags/example_local_kubernetes_executor.py
[2024-10-06T23:08:53.492+0000] {logging_mixin.py:154} INFO - [2024-10-06T23:08:53.492+0000] {dag.py:2941} INFO - Sync 1 DAGs
[2024-10-06T23:08:53.497+0000] {logging_mixin.py:154} INFO - [2024-10-06T23:08:53.497+0000] {dag.py:3722} INFO - Setting next_dagrun for example_local_kubernetes_executor to None, run_after=None
[2024-10-06T23:08:53.504+0000] {processor.py:179} INFO - Processing /home/airflow/.local/lib/python3.8/site-packages/airflow/example_dags/example_local_kubernetes_executor.py took 0.034 seconds
[2024-10-06T23:09:23.858+0000] {processor.py:157} INFO - Started process (PID=28462) to work on /home/airflow/.local/lib/python3.8/site-packages/airflow/example_dags/example_local_kubernetes_executor.py
[2024-10-06T23:09:23.858+0000] {processor.py:829} INFO - Processing file /home/airflow/.local/lib/python3.8/site-packages/airflow/example_dags/example_local_kubernetes_executor.py for tasks to queue
[2024-10-06T23:09:23.859+0000] {logging_mixin.py:154} INFO - [2024-10-06T23:09:23.859+0000] {dagbag.py:536} INFO - Filling up the DagBag from /home/airflow/.local/lib/python3.8/site-packages/airflow/example_dags/example_local_kubernetes_executor.py
[2024-10-06T23:09:23.863+0000] {processor.py:839} INFO - DAG(s) dict_keys(['example_local_kubernetes_executor']) retrieved from /home/airflow/.local/lib/python3.8/site-packages/airflow/example_dags/example_local_kubernetes_executor.py
[2024-10-06T23:09:23.878+0000] {logging_mixin.py:154} INFO - [2024-10-06T23:09:23.878+0000] {dag.py:2941} INFO - Sync 1 DAGs
[2024-10-06T23:09:23.883+0000] {logging_mixin.py:154} INFO - [2024-10-06T23:09:23.883+0000] {dag.py:3722} INFO - Setting next_dagrun for example_local_kubernetes_executor to None, run_after=None
[2024-10-06T23:09:23.890+0000] {processor.py:179} INFO - Processing /home/airflow/.local/lib/python3.8/site-packages/airflow/example_dags/example_local_kubernetes_executor.py took 0.034 seconds
[2024-10-06T23:09:54.390+0000] {processor.py:157} INFO - Started process (PID=28516) to work on /home/airflow/.local/lib/python3.8/site-packages/airflow/example_dags/example_local_kubernetes_executor.py
[2024-10-06T23:09:54.390+0000] {processor.py:829} INFO - Processing file /home/airflow/.local/lib/python3.8/site-packages/airflow/example_dags/example_local_kubernetes_executor.py for tasks to queue
[2024-10-06T23:09:54.391+0000] {logging_mixin.py:154} INFO - [2024-10-06T23:09:54.391+0000] {dagbag.py:536} INFO - Filling up the DagBag from /home/airflow/.local/lib/python3.8/site-packages/airflow/example_dags/example_local_kubernetes_executor.py
[2024-10-06T23:09:54.395+0000] {processor.py:839} INFO - DAG(s) dict_keys(['example_local_kubernetes_executor']) retrieved from /home/airflow/.local/lib/python3.8/site-packages/airflow/example_dags/example_local_kubernetes_executor.py
[2024-10-06T23:09:54.412+0000] {logging_mixin.py:154} INFO - [2024-10-06T23:09:54.411+0000] {dag.py:2941} INFO - Sync 1 DAGs
[2024-10-06T23:09:54.416+0000] {logging_mixin.py:154} INFO - [2024-10-06T23:09:54.416+0000] {dag.py:3722} INFO - Setting next_dagrun for example_local_kubernetes_executor to None, run_after=None
[2024-10-06T23:09:54.423+0000] {processor.py:179} INFO - Processing /home/airflow/.local/lib/python3.8/site-packages/airflow/example_dags/example_local_kubernetes_executor.py took 0.035 seconds
[2024-10-06T23:10:24.819+0000] {processor.py:157} INFO - Started process (PID=28570) to work on /home/airflow/.local/lib/python3.8/site-packages/airflow/example_dags/example_local_kubernetes_executor.py
[2024-10-06T23:10:24.820+0000] {processor.py:829} INFO - Processing file /home/airflow/.local/lib/python3.8/site-packages/airflow/example_dags/example_local_kubernetes_executor.py for tasks to queue
[2024-10-06T23:10:24.821+0000] {logging_mixin.py:154} INFO - [2024-10-06T23:10:24.821+0000] {dagbag.py:536} INFO - Filling up the DagBag from /home/airflow/.local/lib/python3.8/site-packages/airflow/example_dags/example_local_kubernetes_executor.py
[2024-10-06T23:10:24.825+0000] {processor.py:839} INFO - DAG(s) dict_keys(['example_local_kubernetes_executor']) retrieved from /home/airflow/.local/lib/python3.8/site-packages/airflow/example_dags/example_local_kubernetes_executor.py
[2024-10-06T23:10:24.842+0000] {logging_mixin.py:154} INFO - [2024-10-06T23:10:24.841+0000] {dag.py:2941} INFO - Sync 1 DAGs
[2024-10-06T23:10:24.847+0000] {logging_mixin.py:154} INFO - [2024-10-06T23:10:24.847+0000] {dag.py:3722} INFO - Setting next_dagrun for example_local_kubernetes_executor to None, run_after=None
[2024-10-06T23:10:24.853+0000] {processor.py:179} INFO - Processing /home/airflow/.local/lib/python3.8/site-packages/airflow/example_dags/example_local_kubernetes_executor.py took 0.035 seconds
[2024-10-06T23:10:55.224+0000] {processor.py:157} INFO - Started process (PID=28624) to work on /home/airflow/.local/lib/python3.8/site-packages/airflow/example_dags/example_local_kubernetes_executor.py
[2024-10-06T23:10:55.224+0000] {processor.py:829} INFO - Processing file /home/airflow/.local/lib/python3.8/site-packages/airflow/example_dags/example_local_kubernetes_executor.py for tasks to queue
[2024-10-06T23:10:55.225+0000] {logging_mixin.py:154} INFO - [2024-10-06T23:10:55.225+0000] {dagbag.py:536} INFO - Filling up the DagBag from /home/airflow/.local/lib/python3.8/site-packages/airflow/example_dags/example_local_kubernetes_executor.py
[2024-10-06T23:10:55.229+0000] {processor.py:839} INFO - DAG(s) dict_keys(['example_local_kubernetes_executor']) retrieved from /home/airflow/.local/lib/python3.8/site-packages/airflow/example_dags/example_local_kubernetes_executor.py
[2024-10-06T23:10:55.245+0000] {logging_mixin.py:154} INFO - [2024-10-06T23:10:55.245+0000] {dag.py:2941} INFO - Sync 1 DAGs
[2024-10-06T23:10:55.250+0000] {logging_mixin.py:154} INFO - [2024-10-06T23:10:55.250+0000] {dag.py:3722} INFO - Setting next_dagrun for example_local_kubernetes_executor to None, run_after=None
[2024-10-06T23:10:55.257+0000] {processor.py:179} INFO - Processing /home/airflow/.local/lib/python3.8/site-packages/airflow/example_dags/example_local_kubernetes_executor.py took 0.034 seconds
[2024-10-06T23:11:25.633+0000] {processor.py:157} INFO - Started process (PID=28678) to work on /home/airflow/.local/lib/python3.8/site-packages/airflow/example_dags/example_local_kubernetes_executor.py
[2024-10-06T23:11:25.633+0000] {processor.py:829} INFO - Processing file /home/airflow/.local/lib/python3.8/site-packages/airflow/example_dags/example_local_kubernetes_executor.py for tasks to queue
[2024-10-06T23:11:25.634+0000] {logging_mixin.py:154} INFO - [2024-10-06T23:11:25.634+0000] {dagbag.py:536} INFO - Filling up the DagBag from /home/airflow/.local/lib/python3.8/site-packages/airflow/example_dags/example_local_kubernetes_executor.py
[2024-10-06T23:11:25.638+0000] {processor.py:839} INFO - DAG(s) dict_keys(['example_local_kubernetes_executor']) retrieved from /home/airflow/.local/lib/python3.8/site-packages/airflow/example_dags/example_local_kubernetes_executor.py
[2024-10-06T23:11:25.654+0000] {logging_mixin.py:154} INFO - [2024-10-06T23:11:25.654+0000] {dag.py:2941} INFO - Sync 1 DAGs
[2024-10-06T23:11:25.659+0000] {logging_mixin.py:154} INFO - [2024-10-06T23:11:25.659+0000] {dag.py:3722} INFO - Setting next_dagrun for example_local_kubernetes_executor to None, run_after=None
[2024-10-06T23:11:25.665+0000] {processor.py:179} INFO - Processing /home/airflow/.local/lib/python3.8/site-packages/airflow/example_dags/example_local_kubernetes_executor.py took 0.034 seconds
[2024-10-06T23:11:56.126+0000] {processor.py:157} INFO - Started process (PID=28732) to work on /home/airflow/.local/lib/python3.8/site-packages/airflow/example_dags/example_local_kubernetes_executor.py
[2024-10-06T23:11:56.126+0000] {processor.py:829} INFO - Processing file /home/airflow/.local/lib/python3.8/site-packages/airflow/example_dags/example_local_kubernetes_executor.py for tasks to queue
[2024-10-06T23:11:56.127+0000] {logging_mixin.py:154} INFO - [2024-10-06T23:11:56.127+0000] {dagbag.py:536} INFO - Filling up the DagBag from /home/airflow/.local/lib/python3.8/site-packages/airflow/example_dags/example_local_kubernetes_executor.py
[2024-10-06T23:11:56.132+0000] {processor.py:839} INFO - DAG(s) dict_keys(['example_local_kubernetes_executor']) retrieved from /home/airflow/.local/lib/python3.8/site-packages/airflow/example_dags/example_local_kubernetes_executor.py
[2024-10-06T23:11:56.150+0000] {logging_mixin.py:154} INFO - [2024-10-06T23:11:56.149+0000] {dag.py:2941} INFO - Sync 1 DAGs
[2024-10-06T23:11:56.155+0000] {logging_mixin.py:154} INFO - [2024-10-06T23:11:56.155+0000] {dag.py:3722} INFO - Setting next_dagrun for example_local_kubernetes_executor to None, run_after=None
[2024-10-06T23:11:56.163+0000] {processor.py:179} INFO - Processing /home/airflow/.local/lib/python3.8/site-packages/airflow/example_dags/example_local_kubernetes_executor.py took 0.039 seconds
[2024-10-06T23:12:26.564+0000] {processor.py:157} INFO - Started process (PID=28786) to work on /home/airflow/.local/lib/python3.8/site-packages/airflow/example_dags/example_local_kubernetes_executor.py
[2024-10-06T23:12:26.565+0000] {processor.py:829} INFO - Processing file /home/airflow/.local/lib/python3.8/site-packages/airflow/example_dags/example_local_kubernetes_executor.py for tasks to queue
[2024-10-06T23:12:26.566+0000] {logging_mixin.py:154} INFO - [2024-10-06T23:12:26.566+0000] {dagbag.py:536} INFO - Filling up the DagBag from /home/airflow/.local/lib/python3.8/site-packages/airflow/example_dags/example_local_kubernetes_executor.py
[2024-10-06T23:12:26.570+0000] {processor.py:839} INFO - DAG(s) dict_keys(['example_local_kubernetes_executor']) retrieved from /home/airflow/.local/lib/python3.8/site-packages/airflow/example_dags/example_local_kubernetes_executor.py
[2024-10-06T23:12:26.586+0000] {logging_mixin.py:154} INFO - [2024-10-06T23:12:26.585+0000] {dag.py:2941} INFO - Sync 1 DAGs
[2024-10-06T23:12:26.591+0000] {logging_mixin.py:154} INFO - [2024-10-06T23:12:26.591+0000] {dag.py:3722} INFO - Setting next_dagrun for example_local_kubernetes_executor to None, run_after=None
[2024-10-06T23:12:26.598+0000] {processor.py:179} INFO - Processing /home/airflow/.local/lib/python3.8/site-packages/airflow/example_dags/example_local_kubernetes_executor.py took 0.035 seconds
[2024-10-06T23:12:57.102+0000] {processor.py:157} INFO - Started process (PID=28840) to work on /home/airflow/.local/lib/python3.8/site-packages/airflow/example_dags/example_local_kubernetes_executor.py
[2024-10-06T23:12:57.102+0000] {processor.py:829} INFO - Processing file /home/airflow/.local/lib/python3.8/site-packages/airflow/example_dags/example_local_kubernetes_executor.py for tasks to queue
[2024-10-06T23:12:57.103+0000] {logging_mixin.py:154} INFO - [2024-10-06T23:12:57.103+0000] {dagbag.py:536} INFO - Filling up the DagBag from /home/airflow/.local/lib/python3.8/site-packages/airflow/example_dags/example_local_kubernetes_executor.py
[2024-10-06T23:12:57.107+0000] {processor.py:839} INFO - DAG(s) dict_keys(['example_local_kubernetes_executor']) retrieved from /home/airflow/.local/lib/python3.8/site-packages/airflow/example_dags/example_local_kubernetes_executor.py
[2024-10-06T23:12:57.123+0000] {logging_mixin.py:154} INFO - [2024-10-06T23:12:57.123+0000] {dag.py:2941} INFO - Sync 1 DAGs
[2024-10-06T23:12:57.128+0000] {logging_mixin.py:154} INFO - [2024-10-06T23:12:57.127+0000] {dag.py:3722} INFO - Setting next_dagrun for example_local_kubernetes_executor to None, run_after=None
[2024-10-06T23:12:57.134+0000] {processor.py:179} INFO - Processing /home/airflow/.local/lib/python3.8/site-packages/airflow/example_dags/example_local_kubernetes_executor.py took 0.034 seconds
[2024-10-06T23:13:27.484+0000] {processor.py:157} INFO - Started process (PID=28894) to work on /home/airflow/.local/lib/python3.8/site-packages/airflow/example_dags/example_local_kubernetes_executor.py
[2024-10-06T23:13:27.484+0000] {processor.py:829} INFO - Processing file /home/airflow/.local/lib/python3.8/site-packages/airflow/example_dags/example_local_kubernetes_executor.py for tasks to queue
[2024-10-06T23:13:27.485+0000] {logging_mixin.py:154} INFO - [2024-10-06T23:13:27.485+0000] {dagbag.py:536} INFO - Filling up the DagBag from /home/airflow/.local/lib/python3.8/site-packages/airflow/example_dags/example_local_kubernetes_executor.py
[2024-10-06T23:13:27.489+0000] {processor.py:839} INFO - DAG(s) dict_keys(['example_local_kubernetes_executor']) retrieved from /home/airflow/.local/lib/python3.8/site-packages/airflow/example_dags/example_local_kubernetes_executor.py
[2024-10-06T23:13:27.505+0000] {logging_mixin.py:154} INFO - [2024-10-06T23:13:27.504+0000] {dag.py:2941} INFO - Sync 1 DAGs
[2024-10-06T23:13:27.510+0000] {logging_mixin.py:154} INFO - [2024-10-06T23:13:27.510+0000] {dag.py:3722} INFO - Setting next_dagrun for example_local_kubernetes_executor to None, run_after=None
[2024-10-06T23:13:27.516+0000] {processor.py:179} INFO - Processing /home/airflow/.local/lib/python3.8/site-packages/airflow/example_dags/example_local_kubernetes_executor.py took 0.034 seconds
[2024-10-06T23:13:57.969+0000] {processor.py:157} INFO - Started process (PID=28948) to work on /home/airflow/.local/lib/python3.8/site-packages/airflow/example_dags/example_local_kubernetes_executor.py
[2024-10-06T23:13:57.970+0000] {processor.py:829} INFO - Processing file /home/airflow/.local/lib/python3.8/site-packages/airflow/example_dags/example_local_kubernetes_executor.py for tasks to queue
[2024-10-06T23:13:57.971+0000] {logging_mixin.py:154} INFO - [2024-10-06T23:13:57.971+0000] {dagbag.py:536} INFO - Filling up the DagBag from /home/airflow/.local/lib/python3.8/site-packages/airflow/example_dags/example_local_kubernetes_executor.py
[2024-10-06T23:13:57.975+0000] {processor.py:839} INFO - DAG(s) dict_keys(['example_local_kubernetes_executor']) retrieved from /home/airflow/.local/lib/python3.8/site-packages/airflow/example_dags/example_local_kubernetes_executor.py
[2024-10-06T23:13:57.990+0000] {logging_mixin.py:154} INFO - [2024-10-06T23:13:57.989+0000] {dag.py:2941} INFO - Sync 1 DAGs
[2024-10-06T23:13:57.995+0000] {logging_mixin.py:154} INFO - [2024-10-06T23:13:57.995+0000] {dag.py:3722} INFO - Setting next_dagrun for example_local_kubernetes_executor to None, run_after=None
[2024-10-06T23:13:58.001+0000] {processor.py:179} INFO - Processing /home/airflow/.local/lib/python3.8/site-packages/airflow/example_dags/example_local_kubernetes_executor.py took 0.034 seconds
[2024-10-06T23:14:28.434+0000] {processor.py:157} INFO - Started process (PID=29002) to work on /home/airflow/.local/lib/python3.8/site-packages/airflow/example_dags/example_local_kubernetes_executor.py
[2024-10-06T23:14:28.434+0000] {processor.py:829} INFO - Processing file /home/airflow/.local/lib/python3.8/site-packages/airflow/example_dags/example_local_kubernetes_executor.py for tasks to queue
[2024-10-06T23:14:28.436+0000] {logging_mixin.py:154} INFO - [2024-10-06T23:14:28.435+0000] {dagbag.py:536} INFO - Filling up the DagBag from /home/airflow/.local/lib/python3.8/site-packages/airflow/example_dags/example_local_kubernetes_executor.py
[2024-10-06T23:14:28.439+0000] {processor.py:839} INFO - DAG(s) dict_keys(['example_local_kubernetes_executor']) retrieved from /home/airflow/.local/lib/python3.8/site-packages/airflow/example_dags/example_local_kubernetes_executor.py
[2024-10-06T23:14:28.454+0000] {logging_mixin.py:154} INFO - [2024-10-06T23:14:28.454+0000] {dag.py:2941} INFO - Sync 1 DAGs
[2024-10-06T23:14:28.459+0000] {logging_mixin.py:154} INFO - [2024-10-06T23:14:28.459+0000] {dag.py:3722} INFO - Setting next_dagrun for example_local_kubernetes_executor to None, run_after=None
[2024-10-06T23:14:28.466+0000] {processor.py:179} INFO - Processing /home/airflow/.local/lib/python3.8/site-packages/airflow/example_dags/example_local_kubernetes_executor.py took 0.034 seconds
[2024-10-06T23:14:58.914+0000] {processor.py:157} INFO - Started process (PID=29056) to work on /home/airflow/.local/lib/python3.8/site-packages/airflow/example_dags/example_local_kubernetes_executor.py
[2024-10-06T23:14:58.915+0000] {processor.py:829} INFO - Processing file /home/airflow/.local/lib/python3.8/site-packages/airflow/example_dags/example_local_kubernetes_executor.py for tasks to queue
[2024-10-06T23:14:58.916+0000] {logging_mixin.py:154} INFO - [2024-10-06T23:14:58.916+0000] {dagbag.py:536} INFO - Filling up the DagBag from /home/airflow/.local/lib/python3.8/site-packages/airflow/example_dags/example_local_kubernetes_executor.py
[2024-10-06T23:14:58.920+0000] {processor.py:839} INFO - DAG(s) dict_keys(['example_local_kubernetes_executor']) retrieved from /home/airflow/.local/lib/python3.8/site-packages/airflow/example_dags/example_local_kubernetes_executor.py
[2024-10-06T23:14:58.936+0000] {logging_mixin.py:154} INFO - [2024-10-06T23:14:58.935+0000] {dag.py:2941} INFO - Sync 1 DAGs
[2024-10-06T23:14:58.941+0000] {logging_mixin.py:154} INFO - [2024-10-06T23:14:58.941+0000] {dag.py:3722} INFO - Setting next_dagrun for example_local_kubernetes_executor to None, run_after=None
[2024-10-06T23:14:58.947+0000] {processor.py:179} INFO - Processing /home/airflow/.local/lib/python3.8/site-packages/airflow/example_dags/example_local_kubernetes_executor.py took 0.034 seconds
[2024-10-06T23:15:29.355+0000] {processor.py:157} INFO - Started process (PID=29110) to work on /home/airflow/.local/lib/python3.8/site-packages/airflow/example_dags/example_local_kubernetes_executor.py
[2024-10-06T23:15:29.355+0000] {processor.py:829} INFO - Processing file /home/airflow/.local/lib/python3.8/site-packages/airflow/example_dags/example_local_kubernetes_executor.py for tasks to queue
[2024-10-06T23:15:29.357+0000] {logging_mixin.py:154} INFO - [2024-10-06T23:15:29.356+0000] {dagbag.py:536} INFO - Filling up the DagBag from /home/airflow/.local/lib/python3.8/site-packages/airflow/example_dags/example_local_kubernetes_executor.py
[2024-10-06T23:15:29.360+0000] {processor.py:839} INFO - DAG(s) dict_keys(['example_local_kubernetes_executor']) retrieved from /home/airflow/.local/lib/python3.8/site-packages/airflow/example_dags/example_local_kubernetes_executor.py
[2024-10-06T23:15:29.377+0000] {logging_mixin.py:154} INFO - [2024-10-06T23:15:29.377+0000] {dag.py:2941} INFO - Sync 1 DAGs
[2024-10-06T23:15:29.382+0000] {logging_mixin.py:154} INFO - [2024-10-06T23:15:29.382+0000] {dag.py:3722} INFO - Setting next_dagrun for example_local_kubernetes_executor to None, run_after=None
[2024-10-06T23:15:29.388+0000] {processor.py:179} INFO - Processing /home/airflow/.local/lib/python3.8/site-packages/airflow/example_dags/example_local_kubernetes_executor.py took 0.035 seconds
[2024-10-06T23:54:57.022+0000] {processor.py:157} INFO - Started process (PID=29157) to work on /home/airflow/.local/lib/python3.8/site-packages/airflow/example_dags/example_local_kubernetes_executor.py
[2024-10-06T23:54:57.023+0000] {processor.py:829} INFO - Processing file /home/airflow/.local/lib/python3.8/site-packages/airflow/example_dags/example_local_kubernetes_executor.py for tasks to queue
[2024-10-06T23:54:57.024+0000] {logging_mixin.py:154} INFO - [2024-10-06T23:54:57.024+0000] {dagbag.py:536} INFO - Filling up the DagBag from /home/airflow/.local/lib/python3.8/site-packages/airflow/example_dags/example_local_kubernetes_executor.py
[2024-10-06T23:54:57.027+0000] {processor.py:839} INFO - DAG(s) dict_keys(['example_local_kubernetes_executor']) retrieved from /home/airflow/.local/lib/python3.8/site-packages/airflow/example_dags/example_local_kubernetes_executor.py
[2024-10-06T23:54:57.045+0000] {logging_mixin.py:154} INFO - [2024-10-06T23:54:57.044+0000] {dag.py:2941} INFO - Sync 1 DAGs
[2024-10-06T23:54:57.050+0000] {logging_mixin.py:154} INFO - [2024-10-06T23:54:57.050+0000] {dag.py:3722} INFO - Setting next_dagrun for example_local_kubernetes_executor to None, run_after=None
[2024-10-06T23:54:57.056+0000] {processor.py:179} INFO - Processing /home/airflow/.local/lib/python3.8/site-packages/airflow/example_dags/example_local_kubernetes_executor.py took 0.035 seconds
