[2024-10-06T00:48:01.198+0000] {processor.py:157} INFO - Started process (PID=25780) to work on /home/airflow/.local/lib/python3.8/site-packages/airflow/example_dags/example_latest_only_with_trigger.py
[2024-10-06T00:48:01.199+0000] {processor.py:829} INFO - Processing file /home/airflow/.local/lib/python3.8/site-packages/airflow/example_dags/example_latest_only_with_trigger.py for tasks to queue
[2024-10-06T00:48:01.201+0000] {logging_mixin.py:154} INFO - [2024-10-06T00:48:01.201+0000] {dagbag.py:536} INFO - Filling up the DagBag from /home/airflow/.local/lib/python3.8/site-packages/airflow/example_dags/example_latest_only_with_trigger.py
[2024-10-06T00:48:01.206+0000] {processor.py:839} INFO - DAG(s) dict_keys(['latest_only_with_trigger']) retrieved from /home/airflow/.local/lib/python3.8/site-packages/airflow/example_dags/example_latest_only_with_trigger.py
[2024-10-06T00:48:01.223+0000] {logging_mixin.py:154} INFO - [2024-10-06T00:48:01.223+0000] {dag.py:2941} INFO - Sync 1 DAGs
[2024-10-06T00:48:01.238+0000] {logging_mixin.py:154} INFO - [2024-10-06T00:48:01.238+0000] {dag.py:3722} INFO - Setting next_dagrun for latest_only_with_trigger to 2024-10-05T20:48:01.237880+00:00, run_after=2024-10-06T00:48:01.237880+00:00
[2024-10-06T00:48:01.249+0000] {processor.py:179} INFO - Processing /home/airflow/.local/lib/python3.8/site-packages/airflow/example_dags/example_latest_only_with_trigger.py took 0.055 seconds
[2024-10-06T00:59:18.249+0000] {processor.py:157} INFO - Started process (PID=25834) to work on /home/airflow/.local/lib/python3.8/site-packages/airflow/example_dags/example_latest_only_with_trigger.py
[2024-10-06T00:59:18.249+0000] {processor.py:829} INFO - Processing file /home/airflow/.local/lib/python3.8/site-packages/airflow/example_dags/example_latest_only_with_trigger.py for tasks to queue
[2024-10-06T00:59:18.250+0000] {logging_mixin.py:154} INFO - [2024-10-06T00:59:18.250+0000] {dagbag.py:536} INFO - Filling up the DagBag from /home/airflow/.local/lib/python3.8/site-packages/airflow/example_dags/example_latest_only_with_trigger.py
[2024-10-06T00:59:18.252+0000] {processor.py:839} INFO - DAG(s) dict_keys(['latest_only_with_trigger']) retrieved from /home/airflow/.local/lib/python3.8/site-packages/airflow/example_dags/example_latest_only_with_trigger.py
[2024-10-06T00:59:18.261+0000] {logging_mixin.py:154} INFO - [2024-10-06T00:59:18.260+0000] {dag.py:2941} INFO - Sync 1 DAGs
[2024-10-06T00:59:18.268+0000] {logging_mixin.py:154} INFO - [2024-10-06T00:59:18.268+0000] {dag.py:3722} INFO - Setting next_dagrun for latest_only_with_trigger to 2024-10-05T20:59:18.268412+00:00, run_after=2024-10-06T00:59:18.268412+00:00
[2024-10-06T00:59:18.274+0000] {processor.py:179} INFO - Processing /home/airflow/.local/lib/python3.8/site-packages/airflow/example_dags/example_latest_only_with_trigger.py took 0.026 seconds
[2024-10-06T02:12:19.332+0000] {processor.py:157} INFO - Started process (PID=25888) to work on /home/airflow/.local/lib/python3.8/site-packages/airflow/example_dags/example_latest_only_with_trigger.py
[2024-10-06T02:12:19.333+0000] {processor.py:829} INFO - Processing file /home/airflow/.local/lib/python3.8/site-packages/airflow/example_dags/example_latest_only_with_trigger.py for tasks to queue
[2024-10-06T02:12:19.334+0000] {logging_mixin.py:154} INFO - [2024-10-06T02:12:19.334+0000] {dagbag.py:536} INFO - Filling up the DagBag from /home/airflow/.local/lib/python3.8/site-packages/airflow/example_dags/example_latest_only_with_trigger.py
[2024-10-06T02:12:19.336+0000] {processor.py:839} INFO - DAG(s) dict_keys(['latest_only_with_trigger']) retrieved from /home/airflow/.local/lib/python3.8/site-packages/airflow/example_dags/example_latest_only_with_trigger.py
[2024-10-06T02:12:19.345+0000] {logging_mixin.py:154} INFO - [2024-10-06T02:12:19.345+0000] {dag.py:2941} INFO - Sync 1 DAGs
[2024-10-06T02:12:19.354+0000] {logging_mixin.py:154} INFO - [2024-10-06T02:12:19.353+0000] {dag.py:3722} INFO - Setting next_dagrun for latest_only_with_trigger to 2024-10-05T22:12:19.353875+00:00, run_after=2024-10-06T02:12:19.353875+00:00
[2024-10-06T02:12:19.360+0000] {processor.py:179} INFO - Processing /home/airflow/.local/lib/python3.8/site-packages/airflow/example_dags/example_latest_only_with_trigger.py took 0.029 seconds
[2024-10-06T02:48:46.123+0000] {processor.py:157} INFO - Started process (PID=25942) to work on /home/airflow/.local/lib/python3.8/site-packages/airflow/example_dags/example_latest_only_with_trigger.py
[2024-10-06T02:48:46.124+0000] {processor.py:829} INFO - Processing file /home/airflow/.local/lib/python3.8/site-packages/airflow/example_dags/example_latest_only_with_trigger.py for tasks to queue
[2024-10-06T02:48:46.127+0000] {logging_mixin.py:154} INFO - [2024-10-06T02:48:46.126+0000] {dagbag.py:536} INFO - Filling up the DagBag from /home/airflow/.local/lib/python3.8/site-packages/airflow/example_dags/example_latest_only_with_trigger.py
[2024-10-06T02:48:46.409+0000] {processor.py:839} INFO - DAG(s) dict_keys(['latest_only_with_trigger']) retrieved from /home/airflow/.local/lib/python3.8/site-packages/airflow/example_dags/example_latest_only_with_trigger.py
[2024-10-06T02:48:46.454+0000] {logging_mixin.py:154} INFO - [2024-10-06T02:48:46.452+0000] {dag.py:2941} INFO - Sync 1 DAGs
[2024-10-06T02:48:46.478+0000] {logging_mixin.py:154} INFO - [2024-10-06T02:48:46.478+0000] {dag.py:3722} INFO - Setting next_dagrun for latest_only_with_trigger to 2024-10-05T22:48:46.477745+00:00, run_after=2024-10-06T02:48:46.477745+00:00
[2024-10-06T02:48:46.556+0000] {processor.py:179} INFO - Processing /home/airflow/.local/lib/python3.8/site-packages/airflow/example_dags/example_latest_only_with_trigger.py took 0.438 seconds
[2024-10-06T03:19:22.017+0000] {processor.py:157} INFO - Started process (PID=25996) to work on /home/airflow/.local/lib/python3.8/site-packages/airflow/example_dags/example_latest_only_with_trigger.py
[2024-10-06T03:19:22.018+0000] {processor.py:829} INFO - Processing file /home/airflow/.local/lib/python3.8/site-packages/airflow/example_dags/example_latest_only_with_trigger.py for tasks to queue
[2024-10-06T03:19:22.019+0000] {logging_mixin.py:154} INFO - [2024-10-06T03:19:22.019+0000] {dagbag.py:536} INFO - Filling up the DagBag from /home/airflow/.local/lib/python3.8/site-packages/airflow/example_dags/example_latest_only_with_trigger.py
[2024-10-06T03:19:22.022+0000] {processor.py:839} INFO - DAG(s) dict_keys(['latest_only_with_trigger']) retrieved from /home/airflow/.local/lib/python3.8/site-packages/airflow/example_dags/example_latest_only_with_trigger.py
[2024-10-06T03:19:22.034+0000] {logging_mixin.py:154} INFO - [2024-10-06T03:19:22.033+0000] {dag.py:2941} INFO - Sync 1 DAGs
[2024-10-06T03:19:22.044+0000] {logging_mixin.py:154} INFO - [2024-10-06T03:19:22.044+0000] {dag.py:3722} INFO - Setting next_dagrun for latest_only_with_trigger to 2024-10-05T23:19:22.044514+00:00, run_after=2024-10-06T03:19:22.044514+00:00
[2024-10-06T03:19:22.053+0000] {processor.py:179} INFO - Processing /home/airflow/.local/lib/python3.8/site-packages/airflow/example_dags/example_latest_only_with_trigger.py took 0.037 seconds
[2024-10-06T04:34:55.768+0000] {processor.py:157} INFO - Started process (PID=26050) to work on /home/airflow/.local/lib/python3.8/site-packages/airflow/example_dags/example_latest_only_with_trigger.py
[2024-10-06T04:34:55.769+0000] {processor.py:829} INFO - Processing file /home/airflow/.local/lib/python3.8/site-packages/airflow/example_dags/example_latest_only_with_trigger.py for tasks to queue
[2024-10-06T04:34:55.771+0000] {logging_mixin.py:154} INFO - [2024-10-06T04:34:55.771+0000] {dagbag.py:536} INFO - Filling up the DagBag from /home/airflow/.local/lib/python3.8/site-packages/airflow/example_dags/example_latest_only_with_trigger.py
[2024-10-06T04:34:55.775+0000] {processor.py:839} INFO - DAG(s) dict_keys(['latest_only_with_trigger']) retrieved from /home/airflow/.local/lib/python3.8/site-packages/airflow/example_dags/example_latest_only_with_trigger.py
[2024-10-06T04:34:55.790+0000] {logging_mixin.py:154} INFO - [2024-10-06T04:34:55.789+0000] {dag.py:2941} INFO - Sync 1 DAGs
[2024-10-06T04:34:55.803+0000] {logging_mixin.py:154} INFO - [2024-10-06T04:34:55.803+0000] {dag.py:3722} INFO - Setting next_dagrun for latest_only_with_trigger to 2024-10-06T00:34:55.803008+00:00, run_after=2024-10-06T04:34:55.803008+00:00
[2024-10-06T04:34:55.813+0000] {processor.py:179} INFO - Processing /home/airflow/.local/lib/python3.8/site-packages/airflow/example_dags/example_latest_only_with_trigger.py took 0.047 seconds
[2024-10-06T05:54:00.628+0000] {processor.py:157} INFO - Started process (PID=26104) to work on /home/airflow/.local/lib/python3.8/site-packages/airflow/example_dags/example_latest_only_with_trigger.py
[2024-10-06T05:54:00.629+0000] {processor.py:829} INFO - Processing file /home/airflow/.local/lib/python3.8/site-packages/airflow/example_dags/example_latest_only_with_trigger.py for tasks to queue
[2024-10-06T05:54:00.630+0000] {logging_mixin.py:154} INFO - [2024-10-06T05:54:00.630+0000] {dagbag.py:536} INFO - Filling up the DagBag from /home/airflow/.local/lib/python3.8/site-packages/airflow/example_dags/example_latest_only_with_trigger.py
[2024-10-06T05:54:00.633+0000] {processor.py:839} INFO - DAG(s) dict_keys(['latest_only_with_trigger']) retrieved from /home/airflow/.local/lib/python3.8/site-packages/airflow/example_dags/example_latest_only_with_trigger.py
[2024-10-06T05:54:00.642+0000] {logging_mixin.py:154} INFO - [2024-10-06T05:54:00.642+0000] {dag.py:2941} INFO - Sync 1 DAGs
[2024-10-06T05:54:00.650+0000] {logging_mixin.py:154} INFO - [2024-10-06T05:54:00.650+0000] {dag.py:3722} INFO - Setting next_dagrun for latest_only_with_trigger to 2024-10-06T01:54:00.650664+00:00, run_after=2024-10-06T05:54:00.650664+00:00
[2024-10-06T05:54:00.657+0000] {processor.py:179} INFO - Processing /home/airflow/.local/lib/python3.8/site-packages/airflow/example_dags/example_latest_only_with_trigger.py took 0.030 seconds
[2024-10-06T06:41:06.407+0000] {processor.py:157} INFO - Started process (PID=26158) to work on /home/airflow/.local/lib/python3.8/site-packages/airflow/example_dags/example_latest_only_with_trigger.py
[2024-10-06T06:41:06.408+0000] {processor.py:829} INFO - Processing file /home/airflow/.local/lib/python3.8/site-packages/airflow/example_dags/example_latest_only_with_trigger.py for tasks to queue
[2024-10-06T06:41:06.409+0000] {logging_mixin.py:154} INFO - [2024-10-06T06:41:06.409+0000] {dagbag.py:536} INFO - Filling up the DagBag from /home/airflow/.local/lib/python3.8/site-packages/airflow/example_dags/example_latest_only_with_trigger.py
[2024-10-06T06:41:06.412+0000] {processor.py:839} INFO - DAG(s) dict_keys(['latest_only_with_trigger']) retrieved from /home/airflow/.local/lib/python3.8/site-packages/airflow/example_dags/example_latest_only_with_trigger.py
[2024-10-06T06:41:06.423+0000] {logging_mixin.py:154} INFO - [2024-10-06T06:41:06.423+0000] {dag.py:2941} INFO - Sync 1 DAGs
[2024-10-06T06:41:06.432+0000] {logging_mixin.py:154} INFO - [2024-10-06T06:41:06.432+0000] {dag.py:3722} INFO - Setting next_dagrun for latest_only_with_trigger to 2024-10-06T02:41:06.432431+00:00, run_after=2024-10-06T06:41:06.432431+00:00
[2024-10-06T06:41:06.439+0000] {processor.py:179} INFO - Processing /home/airflow/.local/lib/python3.8/site-packages/airflow/example_dags/example_latest_only_with_trigger.py took 0.033 seconds
[2024-10-06T08:19:29.026+0000] {processor.py:157} INFO - Started process (PID=26212) to work on /home/airflow/.local/lib/python3.8/site-packages/airflow/example_dags/example_latest_only_with_trigger.py
[2024-10-06T08:19:29.026+0000] {processor.py:829} INFO - Processing file /home/airflow/.local/lib/python3.8/site-packages/airflow/example_dags/example_latest_only_with_trigger.py for tasks to queue
[2024-10-06T08:19:29.027+0000] {logging_mixin.py:154} INFO - [2024-10-06T08:19:29.027+0000] {dagbag.py:536} INFO - Filling up the DagBag from /home/airflow/.local/lib/python3.8/site-packages/airflow/example_dags/example_latest_only_with_trigger.py
[2024-10-06T08:19:29.030+0000] {processor.py:839} INFO - DAG(s) dict_keys(['latest_only_with_trigger']) retrieved from /home/airflow/.local/lib/python3.8/site-packages/airflow/example_dags/example_latest_only_with_trigger.py
[2024-10-06T08:19:29.039+0000] {logging_mixin.py:154} INFO - [2024-10-06T08:19:29.039+0000] {dag.py:2941} INFO - Sync 1 DAGs
[2024-10-06T08:19:29.047+0000] {logging_mixin.py:154} INFO - [2024-10-06T08:19:29.047+0000] {dag.py:3722} INFO - Setting next_dagrun for latest_only_with_trigger to 2024-10-06T04:19:29.047595+00:00, run_after=2024-10-06T08:19:29.047595+00:00
[2024-10-06T08:19:29.054+0000] {processor.py:179} INFO - Processing /home/airflow/.local/lib/python3.8/site-packages/airflow/example_dags/example_latest_only_with_trigger.py took 0.029 seconds
[2024-10-06T09:31:45.117+0000] {processor.py:157} INFO - Started process (PID=26266) to work on /home/airflow/.local/lib/python3.8/site-packages/airflow/example_dags/example_latest_only_with_trigger.py
[2024-10-06T09:31:45.118+0000] {processor.py:829} INFO - Processing file /home/airflow/.local/lib/python3.8/site-packages/airflow/example_dags/example_latest_only_with_trigger.py for tasks to queue
[2024-10-06T09:31:45.120+0000] {logging_mixin.py:154} INFO - [2024-10-06T09:31:45.119+0000] {dagbag.py:536} INFO - Filling up the DagBag from /home/airflow/.local/lib/python3.8/site-packages/airflow/example_dags/example_latest_only_with_trigger.py
[2024-10-06T09:31:45.123+0000] {processor.py:839} INFO - DAG(s) dict_keys(['latest_only_with_trigger']) retrieved from /home/airflow/.local/lib/python3.8/site-packages/airflow/example_dags/example_latest_only_with_trigger.py
[2024-10-06T09:31:45.138+0000] {logging_mixin.py:154} INFO - [2024-10-06T09:31:45.137+0000] {dag.py:2941} INFO - Sync 1 DAGs
[2024-10-06T09:31:45.151+0000] {logging_mixin.py:154} INFO - [2024-10-06T09:31:45.151+0000] {dag.py:3722} INFO - Setting next_dagrun for latest_only_with_trigger to 2024-10-06T05:31:45.151028+00:00, run_after=2024-10-06T09:31:45.151028+00:00
[2024-10-06T09:31:45.160+0000] {processor.py:179} INFO - Processing /home/airflow/.local/lib/python3.8/site-packages/airflow/example_dags/example_latest_only_with_trigger.py took 0.045 seconds
[2024-10-06T10:45:24.688+0000] {processor.py:157} INFO - Started process (PID=26320) to work on /home/airflow/.local/lib/python3.8/site-packages/airflow/example_dags/example_latest_only_with_trigger.py
[2024-10-06T10:45:24.688+0000] {processor.py:829} INFO - Processing file /home/airflow/.local/lib/python3.8/site-packages/airflow/example_dags/example_latest_only_with_trigger.py for tasks to queue
[2024-10-06T10:45:24.689+0000] {logging_mixin.py:154} INFO - [2024-10-06T10:45:24.689+0000] {dagbag.py:536} INFO - Filling up the DagBag from /home/airflow/.local/lib/python3.8/site-packages/airflow/example_dags/example_latest_only_with_trigger.py
[2024-10-06T10:45:24.692+0000] {processor.py:839} INFO - DAG(s) dict_keys(['latest_only_with_trigger']) retrieved from /home/airflow/.local/lib/python3.8/site-packages/airflow/example_dags/example_latest_only_with_trigger.py
[2024-10-06T10:45:24.700+0000] {logging_mixin.py:154} INFO - [2024-10-06T10:45:24.700+0000] {dag.py:2941} INFO - Sync 1 DAGs
[2024-10-06T10:45:24.710+0000] {logging_mixin.py:154} INFO - [2024-10-06T10:45:24.710+0000] {dag.py:3722} INFO - Setting next_dagrun for latest_only_with_trigger to 2024-10-06T06:45:24.710553+00:00, run_after=2024-10-06T10:45:24.710553+00:00
[2024-10-06T10:45:24.721+0000] {processor.py:179} INFO - Processing /home/airflow/.local/lib/python3.8/site-packages/airflow/example_dags/example_latest_only_with_trigger.py took 0.034 seconds
[2024-10-06T11:46:25.005+0000] {processor.py:157} INFO - Started process (PID=26374) to work on /home/airflow/.local/lib/python3.8/site-packages/airflow/example_dags/example_latest_only_with_trigger.py
[2024-10-06T11:46:25.006+0000] {processor.py:829} INFO - Processing file /home/airflow/.local/lib/python3.8/site-packages/airflow/example_dags/example_latest_only_with_trigger.py for tasks to queue
[2024-10-06T11:46:25.008+0000] {logging_mixin.py:154} INFO - [2024-10-06T11:46:25.008+0000] {dagbag.py:536} INFO - Filling up the DagBag from /home/airflow/.local/lib/python3.8/site-packages/airflow/example_dags/example_latest_only_with_trigger.py
[2024-10-06T11:46:25.012+0000] {processor.py:839} INFO - DAG(s) dict_keys(['latest_only_with_trigger']) retrieved from /home/airflow/.local/lib/python3.8/site-packages/airflow/example_dags/example_latest_only_with_trigger.py
[2024-10-06T11:46:25.042+0000] {logging_mixin.py:154} INFO - [2024-10-06T11:46:25.041+0000] {dag.py:2941} INFO - Sync 1 DAGs
[2024-10-06T11:46:25.058+0000] {logging_mixin.py:154} INFO - [2024-10-06T11:46:25.058+0000] {dag.py:3722} INFO - Setting next_dagrun for latest_only_with_trigger to 2024-10-06T07:46:25.058203+00:00, run_after=2024-10-06T11:46:25.058203+00:00
[2024-10-06T11:46:25.089+0000] {processor.py:179} INFO - Processing /home/airflow/.local/lib/python3.8/site-packages/airflow/example_dags/example_latest_only_with_trigger.py took 0.086 seconds
[2024-10-06T12:33:56.890+0000] {processor.py:157} INFO - Started process (PID=26428) to work on /home/airflow/.local/lib/python3.8/site-packages/airflow/example_dags/example_latest_only_with_trigger.py
[2024-10-06T12:33:56.891+0000] {processor.py:829} INFO - Processing file /home/airflow/.local/lib/python3.8/site-packages/airflow/example_dags/example_latest_only_with_trigger.py for tasks to queue
[2024-10-06T12:33:56.894+0000] {logging_mixin.py:154} INFO - [2024-10-06T12:33:56.894+0000] {dagbag.py:536} INFO - Filling up the DagBag from /home/airflow/.local/lib/python3.8/site-packages/airflow/example_dags/example_latest_only_with_trigger.py
[2024-10-06T12:33:56.902+0000] {processor.py:839} INFO - DAG(s) dict_keys(['latest_only_with_trigger']) retrieved from /home/airflow/.local/lib/python3.8/site-packages/airflow/example_dags/example_latest_only_with_trigger.py
[2024-10-06T12:33:56.916+0000] {logging_mixin.py:154} INFO - [2024-10-06T12:33:56.915+0000] {dag.py:2941} INFO - Sync 1 DAGs
[2024-10-06T12:33:56.927+0000] {logging_mixin.py:154} INFO - [2024-10-06T12:33:56.927+0000] {dag.py:3722} INFO - Setting next_dagrun for latest_only_with_trigger to 2024-10-06T08:33:56.927538+00:00, run_after=2024-10-06T12:33:56.927538+00:00
[2024-10-06T12:33:56.937+0000] {processor.py:179} INFO - Processing /home/airflow/.local/lib/python3.8/site-packages/airflow/example_dags/example_latest_only_with_trigger.py took 0.049 seconds
[2024-10-06T13:17:27.414+0000] {processor.py:157} INFO - Started process (PID=26482) to work on /home/airflow/.local/lib/python3.8/site-packages/airflow/example_dags/example_latest_only_with_trigger.py
[2024-10-06T13:17:27.415+0000] {processor.py:829} INFO - Processing file /home/airflow/.local/lib/python3.8/site-packages/airflow/example_dags/example_latest_only_with_trigger.py for tasks to queue
[2024-10-06T13:17:27.417+0000] {logging_mixin.py:154} INFO - [2024-10-06T13:17:27.417+0000] {dagbag.py:536} INFO - Filling up the DagBag from /home/airflow/.local/lib/python3.8/site-packages/airflow/example_dags/example_latest_only_with_trigger.py
[2024-10-06T13:17:27.421+0000] {processor.py:839} INFO - DAG(s) dict_keys(['latest_only_with_trigger']) retrieved from /home/airflow/.local/lib/python3.8/site-packages/airflow/example_dags/example_latest_only_with_trigger.py
[2024-10-06T13:17:27.434+0000] {logging_mixin.py:154} INFO - [2024-10-06T13:17:27.433+0000] {dag.py:2941} INFO - Sync 1 DAGs
[2024-10-06T13:17:27.445+0000] {logging_mixin.py:154} INFO - [2024-10-06T13:17:27.445+0000] {dag.py:3722} INFO - Setting next_dagrun for latest_only_with_trigger to 2024-10-06T09:17:27.445196+00:00, run_after=2024-10-06T13:17:27.445196+00:00
[2024-10-06T13:17:27.454+0000] {processor.py:179} INFO - Processing /home/airflow/.local/lib/python3.8/site-packages/airflow/example_dags/example_latest_only_with_trigger.py took 0.042 seconds
[2024-10-06T14:49:25.914+0000] {processor.py:157} INFO - Started process (PID=26536) to work on /home/airflow/.local/lib/python3.8/site-packages/airflow/example_dags/example_latest_only_with_trigger.py
[2024-10-06T14:49:25.915+0000] {processor.py:829} INFO - Processing file /home/airflow/.local/lib/python3.8/site-packages/airflow/example_dags/example_latest_only_with_trigger.py for tasks to queue
[2024-10-06T14:49:25.916+0000] {logging_mixin.py:154} INFO - [2024-10-06T14:49:25.916+0000] {dagbag.py:536} INFO - Filling up the DagBag from /home/airflow/.local/lib/python3.8/site-packages/airflow/example_dags/example_latest_only_with_trigger.py
[2024-10-06T14:49:25.920+0000] {processor.py:839} INFO - DAG(s) dict_keys(['latest_only_with_trigger']) retrieved from /home/airflow/.local/lib/python3.8/site-packages/airflow/example_dags/example_latest_only_with_trigger.py
[2024-10-06T14:49:25.933+0000] {logging_mixin.py:154} INFO - [2024-10-06T14:49:25.933+0000] {dag.py:2941} INFO - Sync 1 DAGs
[2024-10-06T14:49:25.944+0000] {logging_mixin.py:154} INFO - [2024-10-06T14:49:25.944+0000] {dag.py:3722} INFO - Setting next_dagrun for latest_only_with_trigger to 2024-10-06T10:49:25.944572+00:00, run_after=2024-10-06T14:49:25.944572+00:00
[2024-10-06T14:49:25.953+0000] {processor.py:179} INFO - Processing /home/airflow/.local/lib/python3.8/site-packages/airflow/example_dags/example_latest_only_with_trigger.py took 0.041 seconds
[2024-10-06T15:50:30.060+0000] {processor.py:157} INFO - Started process (PID=26590) to work on /home/airflow/.local/lib/python3.8/site-packages/airflow/example_dags/example_latest_only_with_trigger.py
[2024-10-06T15:50:30.061+0000] {processor.py:829} INFO - Processing file /home/airflow/.local/lib/python3.8/site-packages/airflow/example_dags/example_latest_only_with_trigger.py for tasks to queue
[2024-10-06T15:50:30.062+0000] {logging_mixin.py:154} INFO - [2024-10-06T15:50:30.062+0000] {dagbag.py:536} INFO - Filling up the DagBag from /home/airflow/.local/lib/python3.8/site-packages/airflow/example_dags/example_latest_only_with_trigger.py
[2024-10-06T15:50:30.064+0000] {processor.py:839} INFO - DAG(s) dict_keys(['latest_only_with_trigger']) retrieved from /home/airflow/.local/lib/python3.8/site-packages/airflow/example_dags/example_latest_only_with_trigger.py
[2024-10-06T15:50:30.073+0000] {logging_mixin.py:154} INFO - [2024-10-06T15:50:30.073+0000] {dag.py:2941} INFO - Sync 1 DAGs
[2024-10-06T15:50:30.080+0000] {logging_mixin.py:154} INFO - [2024-10-06T15:50:30.080+0000] {dag.py:3722} INFO - Setting next_dagrun for latest_only_with_trigger to 2024-10-06T11:50:30.080470+00:00, run_after=2024-10-06T15:50:30.080470+00:00
[2024-10-06T15:50:30.086+0000] {processor.py:179} INFO - Processing /home/airflow/.local/lib/python3.8/site-packages/airflow/example_dags/example_latest_only_with_trigger.py took 0.028 seconds
[2024-10-06T16:11:22.979+0000] {processor.py:157} INFO - Started process (PID=26644) to work on /home/airflow/.local/lib/python3.8/site-packages/airflow/example_dags/example_latest_only_with_trigger.py
[2024-10-06T16:11:22.980+0000] {processor.py:829} INFO - Processing file /home/airflow/.local/lib/python3.8/site-packages/airflow/example_dags/example_latest_only_with_trigger.py for tasks to queue
[2024-10-06T16:11:22.982+0000] {logging_mixin.py:154} INFO - [2024-10-06T16:11:22.982+0000] {dagbag.py:536} INFO - Filling up the DagBag from /home/airflow/.local/lib/python3.8/site-packages/airflow/example_dags/example_latest_only_with_trigger.py
[2024-10-06T16:11:22.987+0000] {processor.py:839} INFO - DAG(s) dict_keys(['latest_only_with_trigger']) retrieved from /home/airflow/.local/lib/python3.8/site-packages/airflow/example_dags/example_latest_only_with_trigger.py
[2024-10-06T16:11:23.003+0000] {logging_mixin.py:154} INFO - [2024-10-06T16:11:23.002+0000] {dag.py:2941} INFO - Sync 1 DAGs
[2024-10-06T16:11:23.031+0000] {logging_mixin.py:154} INFO - [2024-10-06T16:11:23.031+0000] {dag.py:3722} INFO - Setting next_dagrun for latest_only_with_trigger to 2024-10-06T12:11:23.031015+00:00, run_after=2024-10-06T16:11:23.031015+00:00
[2024-10-06T16:11:23.058+0000] {processor.py:179} INFO - Processing /home/airflow/.local/lib/python3.8/site-packages/airflow/example_dags/example_latest_only_with_trigger.py took 0.082 seconds
[2024-10-06T16:17:00.096+0000] {processor.py:157} INFO - Started process (PID=26698) to work on /home/airflow/.local/lib/python3.8/site-packages/airflow/example_dags/example_latest_only_with_trigger.py
[2024-10-06T16:17:00.097+0000] {processor.py:829} INFO - Processing file /home/airflow/.local/lib/python3.8/site-packages/airflow/example_dags/example_latest_only_with_trigger.py for tasks to queue
[2024-10-06T16:17:00.099+0000] {logging_mixin.py:154} INFO - [2024-10-06T16:17:00.099+0000] {dagbag.py:536} INFO - Filling up the DagBag from /home/airflow/.local/lib/python3.8/site-packages/airflow/example_dags/example_latest_only_with_trigger.py
[2024-10-06T16:17:00.103+0000] {processor.py:839} INFO - DAG(s) dict_keys(['latest_only_with_trigger']) retrieved from /home/airflow/.local/lib/python3.8/site-packages/airflow/example_dags/example_latest_only_with_trigger.py
[2024-10-06T16:17:00.116+0000] {logging_mixin.py:154} INFO - [2024-10-06T16:17:00.115+0000] {dag.py:2941} INFO - Sync 1 DAGs
[2024-10-06T16:17:00.127+0000] {logging_mixin.py:154} INFO - [2024-10-06T16:17:00.127+0000] {dag.py:3722} INFO - Setting next_dagrun for latest_only_with_trigger to 2024-10-06T12:17:00.127591+00:00, run_after=2024-10-06T16:17:00.127591+00:00
[2024-10-06T16:17:00.137+0000] {processor.py:179} INFO - Processing /home/airflow/.local/lib/python3.8/site-packages/airflow/example_dags/example_latest_only_with_trigger.py took 0.042 seconds
[2024-10-06T17:25:37.001+0000] {processor.py:157} INFO - Started process (PID=26752) to work on /home/airflow/.local/lib/python3.8/site-packages/airflow/example_dags/example_latest_only_with_trigger.py
[2024-10-06T17:25:37.002+0000] {processor.py:829} INFO - Processing file /home/airflow/.local/lib/python3.8/site-packages/airflow/example_dags/example_latest_only_with_trigger.py for tasks to queue
[2024-10-06T17:25:37.003+0000] {logging_mixin.py:154} INFO - [2024-10-06T17:25:37.003+0000] {dagbag.py:536} INFO - Filling up the DagBag from /home/airflow/.local/lib/python3.8/site-packages/airflow/example_dags/example_latest_only_with_trigger.py
[2024-10-06T17:25:37.006+0000] {processor.py:839} INFO - DAG(s) dict_keys(['latest_only_with_trigger']) retrieved from /home/airflow/.local/lib/python3.8/site-packages/airflow/example_dags/example_latest_only_with_trigger.py
[2024-10-06T17:25:37.019+0000] {logging_mixin.py:154} INFO - [2024-10-06T17:25:37.018+0000] {dag.py:2941} INFO - Sync 1 DAGs
[2024-10-06T17:25:37.031+0000] {logging_mixin.py:154} INFO - [2024-10-06T17:25:37.030+0000] {dag.py:3722} INFO - Setting next_dagrun for latest_only_with_trigger to 2024-10-06T13:25:37.030760+00:00, run_after=2024-10-06T17:25:37.030760+00:00
[2024-10-06T17:25:37.040+0000] {processor.py:179} INFO - Processing /home/airflow/.local/lib/python3.8/site-packages/airflow/example_dags/example_latest_only_with_trigger.py took 0.041 seconds
[2024-10-06T17:48:09.423+0000] {processor.py:157} INFO - Started process (PID=26806) to work on /home/airflow/.local/lib/python3.8/site-packages/airflow/example_dags/example_latest_only_with_trigger.py
[2024-10-06T17:48:09.424+0000] {processor.py:829} INFO - Processing file /home/airflow/.local/lib/python3.8/site-packages/airflow/example_dags/example_latest_only_with_trigger.py for tasks to queue
[2024-10-06T17:48:09.425+0000] {logging_mixin.py:154} INFO - [2024-10-06T17:48:09.425+0000] {dagbag.py:536} INFO - Filling up the DagBag from /home/airflow/.local/lib/python3.8/site-packages/airflow/example_dags/example_latest_only_with_trigger.py
[2024-10-06T17:48:09.428+0000] {processor.py:839} INFO - DAG(s) dict_keys(['latest_only_with_trigger']) retrieved from /home/airflow/.local/lib/python3.8/site-packages/airflow/example_dags/example_latest_only_with_trigger.py
[2024-10-06T17:48:09.436+0000] {logging_mixin.py:154} INFO - [2024-10-06T17:48:09.436+0000] {dag.py:2941} INFO - Sync 1 DAGs
[2024-10-06T17:48:09.445+0000] {logging_mixin.py:154} INFO - [2024-10-06T17:48:09.445+0000] {dag.py:3722} INFO - Setting next_dagrun for latest_only_with_trigger to 2024-10-06T13:48:09.445041+00:00, run_after=2024-10-06T17:48:09.445041+00:00
[2024-10-06T17:48:09.451+0000] {processor.py:179} INFO - Processing /home/airflow/.local/lib/python3.8/site-packages/airflow/example_dags/example_latest_only_with_trigger.py took 0.029 seconds
[2024-10-06T18:17:57.756+0000] {processor.py:157} INFO - Started process (PID=26860) to work on /home/airflow/.local/lib/python3.8/site-packages/airflow/example_dags/example_latest_only_with_trigger.py
[2024-10-06T18:17:57.756+0000] {processor.py:829} INFO - Processing file /home/airflow/.local/lib/python3.8/site-packages/airflow/example_dags/example_latest_only_with_trigger.py for tasks to queue
[2024-10-06T18:17:57.758+0000] {logging_mixin.py:154} INFO - [2024-10-06T18:17:57.757+0000] {dagbag.py:536} INFO - Filling up the DagBag from /home/airflow/.local/lib/python3.8/site-packages/airflow/example_dags/example_latest_only_with_trigger.py
[2024-10-06T18:17:57.760+0000] {processor.py:839} INFO - DAG(s) dict_keys(['latest_only_with_trigger']) retrieved from /home/airflow/.local/lib/python3.8/site-packages/airflow/example_dags/example_latest_only_with_trigger.py
[2024-10-06T18:17:57.771+0000] {logging_mixin.py:154} INFO - [2024-10-06T18:17:57.771+0000] {dag.py:2941} INFO - Sync 1 DAGs
[2024-10-06T18:17:57.780+0000] {logging_mixin.py:154} INFO - [2024-10-06T18:17:57.780+0000] {dag.py:3722} INFO - Setting next_dagrun for latest_only_with_trigger to 2024-10-06T14:17:57.780111+00:00, run_after=2024-10-06T18:17:57.780111+00:00
[2024-10-06T18:17:57.787+0000] {processor.py:179} INFO - Processing /home/airflow/.local/lib/python3.8/site-packages/airflow/example_dags/example_latest_only_with_trigger.py took 0.032 seconds
[2024-10-06T19:43:22.261+0000] {processor.py:157} INFO - Started process (PID=26914) to work on /home/airflow/.local/lib/python3.8/site-packages/airflow/example_dags/example_latest_only_with_trigger.py
[2024-10-06T19:43:22.262+0000] {processor.py:829} INFO - Processing file /home/airflow/.local/lib/python3.8/site-packages/airflow/example_dags/example_latest_only_with_trigger.py for tasks to queue
[2024-10-06T19:43:22.263+0000] {logging_mixin.py:154} INFO - [2024-10-06T19:43:22.262+0000] {dagbag.py:536} INFO - Filling up the DagBag from /home/airflow/.local/lib/python3.8/site-packages/airflow/example_dags/example_latest_only_with_trigger.py
[2024-10-06T19:43:22.265+0000] {processor.py:839} INFO - DAG(s) dict_keys(['latest_only_with_trigger']) retrieved from /home/airflow/.local/lib/python3.8/site-packages/airflow/example_dags/example_latest_only_with_trigger.py
[2024-10-06T19:43:22.275+0000] {logging_mixin.py:154} INFO - [2024-10-06T19:43:22.275+0000] {dag.py:2941} INFO - Sync 1 DAGs
[2024-10-06T19:43:22.283+0000] {logging_mixin.py:154} INFO - [2024-10-06T19:43:22.283+0000] {dag.py:3722} INFO - Setting next_dagrun for latest_only_with_trigger to 2024-10-06T15:43:22.283490+00:00, run_after=2024-10-06T19:43:22.283490+00:00
[2024-10-06T19:43:22.290+0000] {processor.py:179} INFO - Processing /home/airflow/.local/lib/python3.8/site-packages/airflow/example_dags/example_latest_only_with_trigger.py took 0.030 seconds
[2024-10-06T20:31:09.478+0000] {processor.py:157} INFO - Started process (PID=26968) to work on /home/airflow/.local/lib/python3.8/site-packages/airflow/example_dags/example_latest_only_with_trigger.py
[2024-10-06T20:31:09.478+0000] {processor.py:829} INFO - Processing file /home/airflow/.local/lib/python3.8/site-packages/airflow/example_dags/example_latest_only_with_trigger.py for tasks to queue
[2024-10-06T20:31:09.479+0000] {logging_mixin.py:154} INFO - [2024-10-06T20:31:09.479+0000] {dagbag.py:536} INFO - Filling up the DagBag from /home/airflow/.local/lib/python3.8/site-packages/airflow/example_dags/example_latest_only_with_trigger.py
[2024-10-06T20:31:09.482+0000] {processor.py:839} INFO - DAG(s) dict_keys(['latest_only_with_trigger']) retrieved from /home/airflow/.local/lib/python3.8/site-packages/airflow/example_dags/example_latest_only_with_trigger.py
[2024-10-06T20:31:09.492+0000] {logging_mixin.py:154} INFO - [2024-10-06T20:31:09.492+0000] {dag.py:2941} INFO - Sync 1 DAGs
[2024-10-06T20:31:09.501+0000] {logging_mixin.py:154} INFO - [2024-10-06T20:31:09.501+0000] {dag.py:3722} INFO - Setting next_dagrun for latest_only_with_trigger to 2024-10-06T16:31:09.501041+00:00, run_after=2024-10-06T20:31:09.501041+00:00
[2024-10-06T20:31:09.507+0000] {processor.py:179} INFO - Processing /home/airflow/.local/lib/python3.8/site-packages/airflow/example_dags/example_latest_only_with_trigger.py took 0.031 seconds
[2024-10-06T20:40:14.404+0000] {processor.py:157} INFO - Started process (PID=27022) to work on /home/airflow/.local/lib/python3.8/site-packages/airflow/example_dags/example_latest_only_with_trigger.py
[2024-10-06T20:40:14.405+0000] {processor.py:829} INFO - Processing file /home/airflow/.local/lib/python3.8/site-packages/airflow/example_dags/example_latest_only_with_trigger.py for tasks to queue
[2024-10-06T20:40:14.406+0000] {logging_mixin.py:154} INFO - [2024-10-06T20:40:14.406+0000] {dagbag.py:536} INFO - Filling up the DagBag from /home/airflow/.local/lib/python3.8/site-packages/airflow/example_dags/example_latest_only_with_trigger.py
[2024-10-06T20:40:14.408+0000] {processor.py:839} INFO - DAG(s) dict_keys(['latest_only_with_trigger']) retrieved from /home/airflow/.local/lib/python3.8/site-packages/airflow/example_dags/example_latest_only_with_trigger.py
[2024-10-06T20:40:14.417+0000] {logging_mixin.py:154} INFO - [2024-10-06T20:40:14.417+0000] {dag.py:2941} INFO - Sync 1 DAGs
[2024-10-06T20:40:14.425+0000] {logging_mixin.py:154} INFO - [2024-10-06T20:40:14.425+0000] {dag.py:3722} INFO - Setting next_dagrun for latest_only_with_trigger to 2024-10-06T16:40:14.425493+00:00, run_after=2024-10-06T20:40:14.425493+00:00
[2024-10-06T20:40:14.431+0000] {processor.py:179} INFO - Processing /home/airflow/.local/lib/python3.8/site-packages/airflow/example_dags/example_latest_only_with_trigger.py took 0.029 seconds
[2024-10-06T20:43:24.773+0000] {processor.py:157} INFO - Started process (PID=27076) to work on /home/airflow/.local/lib/python3.8/site-packages/airflow/example_dags/example_latest_only_with_trigger.py
[2024-10-06T20:43:24.773+0000] {processor.py:829} INFO - Processing file /home/airflow/.local/lib/python3.8/site-packages/airflow/example_dags/example_latest_only_with_trigger.py for tasks to queue
[2024-10-06T20:43:24.774+0000] {logging_mixin.py:154} INFO - [2024-10-06T20:43:24.774+0000] {dagbag.py:536} INFO - Filling up the DagBag from /home/airflow/.local/lib/python3.8/site-packages/airflow/example_dags/example_latest_only_with_trigger.py
[2024-10-06T20:43:24.777+0000] {processor.py:839} INFO - DAG(s) dict_keys(['latest_only_with_trigger']) retrieved from /home/airflow/.local/lib/python3.8/site-packages/airflow/example_dags/example_latest_only_with_trigger.py
[2024-10-06T20:43:24.785+0000] {logging_mixin.py:154} INFO - [2024-10-06T20:43:24.785+0000] {dag.py:2941} INFO - Sync 1 DAGs
[2024-10-06T20:43:24.794+0000] {logging_mixin.py:154} INFO - [2024-10-06T20:43:24.794+0000] {dag.py:3722} INFO - Setting next_dagrun for latest_only_with_trigger to 2024-10-06T16:43:24.793960+00:00, run_after=2024-10-06T20:43:24.793960+00:00
[2024-10-06T20:43:24.800+0000] {processor.py:179} INFO - Processing /home/airflow/.local/lib/python3.8/site-packages/airflow/example_dags/example_latest_only_with_trigger.py took 0.028 seconds
[2024-10-06T21:12:02.926+0000] {processor.py:157} INFO - Started process (PID=27130) to work on /home/airflow/.local/lib/python3.8/site-packages/airflow/example_dags/example_latest_only_with_trigger.py
[2024-10-06T21:12:02.926+0000] {processor.py:829} INFO - Processing file /home/airflow/.local/lib/python3.8/site-packages/airflow/example_dags/example_latest_only_with_trigger.py for tasks to queue
[2024-10-06T21:12:02.928+0000] {logging_mixin.py:154} INFO - [2024-10-06T21:12:02.928+0000] {dagbag.py:536} INFO - Filling up the DagBag from /home/airflow/.local/lib/python3.8/site-packages/airflow/example_dags/example_latest_only_with_trigger.py
[2024-10-06T21:12:02.932+0000] {processor.py:839} INFO - DAG(s) dict_keys(['latest_only_with_trigger']) retrieved from /home/airflow/.local/lib/python3.8/site-packages/airflow/example_dags/example_latest_only_with_trigger.py
[2024-10-06T21:12:02.945+0000] {logging_mixin.py:154} INFO - [2024-10-06T21:12:02.944+0000] {dag.py:2941} INFO - Sync 1 DAGs
[2024-10-06T21:12:02.956+0000] {logging_mixin.py:154} INFO - [2024-10-06T21:12:02.956+0000] {dag.py:3722} INFO - Setting next_dagrun for latest_only_with_trigger to 2024-10-06T17:12:02.956040+00:00, run_after=2024-10-06T21:12:02.956040+00:00
[2024-10-06T21:12:02.966+0000] {processor.py:179} INFO - Processing /home/airflow/.local/lib/python3.8/site-packages/airflow/example_dags/example_latest_only_with_trigger.py took 0.042 seconds
[2024-10-06T21:13:25.793+0000] {processor.py:157} INFO - Started process (PID=27184) to work on /home/airflow/.local/lib/python3.8/site-packages/airflow/example_dags/example_latest_only_with_trigger.py
[2024-10-06T21:13:25.794+0000] {processor.py:829} INFO - Processing file /home/airflow/.local/lib/python3.8/site-packages/airflow/example_dags/example_latest_only_with_trigger.py for tasks to queue
[2024-10-06T21:13:25.795+0000] {logging_mixin.py:154} INFO - [2024-10-06T21:13:25.794+0000] {dagbag.py:536} INFO - Filling up the DagBag from /home/airflow/.local/lib/python3.8/site-packages/airflow/example_dags/example_latest_only_with_trigger.py
[2024-10-06T21:13:25.797+0000] {processor.py:839} INFO - DAG(s) dict_keys(['latest_only_with_trigger']) retrieved from /home/airflow/.local/lib/python3.8/site-packages/airflow/example_dags/example_latest_only_with_trigger.py
[2024-10-06T21:13:25.805+0000] {logging_mixin.py:154} INFO - [2024-10-06T21:13:25.805+0000] {dag.py:2941} INFO - Sync 1 DAGs
[2024-10-06T21:13:25.813+0000] {logging_mixin.py:154} INFO - [2024-10-06T21:13:25.813+0000] {dag.py:3722} INFO - Setting next_dagrun for latest_only_with_trigger to 2024-10-06T17:13:25.812932+00:00, run_after=2024-10-06T21:13:25.812932+00:00
[2024-10-06T21:13:25.818+0000] {processor.py:179} INFO - Processing /home/airflow/.local/lib/python3.8/site-packages/airflow/example_dags/example_latest_only_with_trigger.py took 0.027 seconds
[2024-10-06T21:23:59.936+0000] {processor.py:157} INFO - Started process (PID=27238) to work on /home/airflow/.local/lib/python3.8/site-packages/airflow/example_dags/example_latest_only_with_trigger.py
[2024-10-06T21:23:59.936+0000] {processor.py:829} INFO - Processing file /home/airflow/.local/lib/python3.8/site-packages/airflow/example_dags/example_latest_only_with_trigger.py for tasks to queue
[2024-10-06T21:23:59.937+0000] {logging_mixin.py:154} INFO - [2024-10-06T21:23:59.937+0000] {dagbag.py:536} INFO - Filling up the DagBag from /home/airflow/.local/lib/python3.8/site-packages/airflow/example_dags/example_latest_only_with_trigger.py
[2024-10-06T21:23:59.940+0000] {processor.py:839} INFO - DAG(s) dict_keys(['latest_only_with_trigger']) retrieved from /home/airflow/.local/lib/python3.8/site-packages/airflow/example_dags/example_latest_only_with_trigger.py
[2024-10-06T21:23:59.949+0000] {logging_mixin.py:154} INFO - [2024-10-06T21:23:59.949+0000] {dag.py:2941} INFO - Sync 1 DAGs
[2024-10-06T21:23:59.957+0000] {logging_mixin.py:154} INFO - [2024-10-06T21:23:59.957+0000] {dag.py:3722} INFO - Setting next_dagrun for latest_only_with_trigger to 2024-10-06T17:23:59.957528+00:00, run_after=2024-10-06T21:23:59.957528+00:00
[2024-10-06T21:23:59.964+0000] {processor.py:179} INFO - Processing /home/airflow/.local/lib/python3.8/site-packages/airflow/example_dags/example_latest_only_with_trigger.py took 0.030 seconds
[2024-10-06T22:02:21.620+0000] {processor.py:157} INFO - Started process (PID=27292) to work on /home/airflow/.local/lib/python3.8/site-packages/airflow/example_dags/example_latest_only_with_trigger.py
[2024-10-06T22:02:21.621+0000] {processor.py:829} INFO - Processing file /home/airflow/.local/lib/python3.8/site-packages/airflow/example_dags/example_latest_only_with_trigger.py for tasks to queue
[2024-10-06T22:02:21.623+0000] {logging_mixin.py:154} INFO - [2024-10-06T22:02:21.623+0000] {dagbag.py:536} INFO - Filling up the DagBag from /home/airflow/.local/lib/python3.8/site-packages/airflow/example_dags/example_latest_only_with_trigger.py
[2024-10-06T22:02:21.627+0000] {processor.py:839} INFO - DAG(s) dict_keys(['latest_only_with_trigger']) retrieved from /home/airflow/.local/lib/python3.8/site-packages/airflow/example_dags/example_latest_only_with_trigger.py
[2024-10-06T22:02:21.641+0000] {logging_mixin.py:154} INFO - [2024-10-06T22:02:21.641+0000] {dag.py:2941} INFO - Sync 1 DAGs
[2024-10-06T22:02:21.653+0000] {logging_mixin.py:154} INFO - [2024-10-06T22:02:21.653+0000] {dag.py:3722} INFO - Setting next_dagrun for latest_only_with_trigger to 2024-10-06T18:02:21.653381+00:00, run_after=2024-10-06T22:02:21.653381+00:00
[2024-10-06T22:02:21.663+0000] {processor.py:179} INFO - Processing /home/airflow/.local/lib/python3.8/site-packages/airflow/example_dags/example_latest_only_with_trigger.py took 0.045 seconds
[2024-10-06T22:28:54.588+0000] {processor.py:157} INFO - Started process (PID=27346) to work on /home/airflow/.local/lib/python3.8/site-packages/airflow/example_dags/example_latest_only_with_trigger.py
[2024-10-06T22:28:54.588+0000] {processor.py:829} INFO - Processing file /home/airflow/.local/lib/python3.8/site-packages/airflow/example_dags/example_latest_only_with_trigger.py for tasks to queue
[2024-10-06T22:28:54.590+0000] {logging_mixin.py:154} INFO - [2024-10-06T22:28:54.589+0000] {dagbag.py:536} INFO - Filling up the DagBag from /home/airflow/.local/lib/python3.8/site-packages/airflow/example_dags/example_latest_only_with_trigger.py
[2024-10-06T22:28:54.593+0000] {processor.py:839} INFO - DAG(s) dict_keys(['latest_only_with_trigger']) retrieved from /home/airflow/.local/lib/python3.8/site-packages/airflow/example_dags/example_latest_only_with_trigger.py
[2024-10-06T22:28:54.603+0000] {logging_mixin.py:154} INFO - [2024-10-06T22:28:54.602+0000] {dag.py:2941} INFO - Sync 1 DAGs
[2024-10-06T22:28:54.611+0000] {logging_mixin.py:154} INFO - [2024-10-06T22:28:54.611+0000] {dag.py:3722} INFO - Setting next_dagrun for latest_only_with_trigger to 2024-10-06T18:28:54.611760+00:00, run_after=2024-10-06T22:28:54.611760+00:00
[2024-10-06T22:28:54.618+0000] {processor.py:179} INFO - Processing /home/airflow/.local/lib/python3.8/site-packages/airflow/example_dags/example_latest_only_with_trigger.py took 0.031 seconds
[2024-10-06T22:59:43.947+0000] {processor.py:157} INFO - Started process (PID=27400) to work on /home/airflow/.local/lib/python3.8/site-packages/airflow/example_dags/example_latest_only_with_trigger.py
[2024-10-06T22:59:43.956+0000] {processor.py:829} INFO - Processing file /home/airflow/.local/lib/python3.8/site-packages/airflow/example_dags/example_latest_only_with_trigger.py for tasks to queue
[2024-10-06T22:59:43.982+0000] {logging_mixin.py:154} INFO - [2024-10-06T22:59:43.980+0000] {dagbag.py:536} INFO - Filling up the DagBag from /home/airflow/.local/lib/python3.8/site-packages/airflow/example_dags/example_latest_only_with_trigger.py
[2024-10-06T22:59:43.989+0000] {processor.py:839} INFO - DAG(s) dict_keys(['latest_only_with_trigger']) retrieved from /home/airflow/.local/lib/python3.8/site-packages/airflow/example_dags/example_latest_only_with_trigger.py
[2024-10-06T22:59:44.014+0000] {logging_mixin.py:154} INFO - [2024-10-06T22:59:44.014+0000] {dag.py:2941} INFO - Sync 1 DAGs
[2024-10-06T22:59:44.026+0000] {logging_mixin.py:154} INFO - [2024-10-06T22:59:44.026+0000] {dag.py:3722} INFO - Setting next_dagrun for latest_only_with_trigger to 2024-10-06T18:59:44.026547+00:00, run_after=2024-10-06T22:59:44.026547+00:00
[2024-10-06T22:59:44.038+0000] {processor.py:179} INFO - Processing /home/airflow/.local/lib/python3.8/site-packages/airflow/example_dags/example_latest_only_with_trigger.py took 0.095 seconds
[2024-10-06T23:00:14.844+0000] {processor.py:157} INFO - Started process (PID=27454) to work on /home/airflow/.local/lib/python3.8/site-packages/airflow/example_dags/example_latest_only_with_trigger.py
[2024-10-06T23:00:14.845+0000] {processor.py:829} INFO - Processing file /home/airflow/.local/lib/python3.8/site-packages/airflow/example_dags/example_latest_only_with_trigger.py for tasks to queue
[2024-10-06T23:00:14.847+0000] {logging_mixin.py:154} INFO - [2024-10-06T23:00:14.846+0000] {dagbag.py:536} INFO - Filling up the DagBag from /home/airflow/.local/lib/python3.8/site-packages/airflow/example_dags/example_latest_only_with_trigger.py
[2024-10-06T23:00:14.853+0000] {processor.py:839} INFO - DAG(s) dict_keys(['latest_only_with_trigger']) retrieved from /home/airflow/.local/lib/python3.8/site-packages/airflow/example_dags/example_latest_only_with_trigger.py
[2024-10-06T23:00:14.868+0000] {logging_mixin.py:154} INFO - [2024-10-06T23:00:14.868+0000] {dag.py:2941} INFO - Sync 1 DAGs
[2024-10-06T23:00:14.890+0000] {logging_mixin.py:154} INFO - [2024-10-06T23:00:14.890+0000] {dag.py:3722} INFO - Setting next_dagrun for latest_only_with_trigger to 2024-10-06T19:00:14.889858+00:00, run_after=2024-10-06T23:00:14.889858+00:00
[2024-10-06T23:00:14.907+0000] {processor.py:179} INFO - Processing /home/airflow/.local/lib/python3.8/site-packages/airflow/example_dags/example_latest_only_with_trigger.py took 0.065 seconds
[2024-10-06T23:00:45.750+0000] {processor.py:157} INFO - Started process (PID=27508) to work on /home/airflow/.local/lib/python3.8/site-packages/airflow/example_dags/example_latest_only_with_trigger.py
[2024-10-06T23:00:45.750+0000] {processor.py:829} INFO - Processing file /home/airflow/.local/lib/python3.8/site-packages/airflow/example_dags/example_latest_only_with_trigger.py for tasks to queue
[2024-10-06T23:00:45.751+0000] {logging_mixin.py:154} INFO - [2024-10-06T23:00:45.751+0000] {dagbag.py:536} INFO - Filling up the DagBag from /home/airflow/.local/lib/python3.8/site-packages/airflow/example_dags/example_latest_only_with_trigger.py
[2024-10-06T23:00:45.754+0000] {processor.py:839} INFO - DAG(s) dict_keys(['latest_only_with_trigger']) retrieved from /home/airflow/.local/lib/python3.8/site-packages/airflow/example_dags/example_latest_only_with_trigger.py
[2024-10-06T23:00:45.763+0000] {logging_mixin.py:154} INFO - [2024-10-06T23:00:45.763+0000] {dag.py:2941} INFO - Sync 1 DAGs
[2024-10-06T23:00:45.771+0000] {logging_mixin.py:154} INFO - [2024-10-06T23:00:45.770+0000] {dag.py:3722} INFO - Setting next_dagrun for latest_only_with_trigger to 2024-10-06T19:00:45.770852+00:00, run_after=2024-10-06T23:00:45.770852+00:00
[2024-10-06T23:00:45.777+0000] {processor.py:179} INFO - Processing /home/airflow/.local/lib/python3.8/site-packages/airflow/example_dags/example_latest_only_with_trigger.py took 0.029 seconds
[2024-10-06T23:01:16.326+0000] {processor.py:157} INFO - Started process (PID=27562) to work on /home/airflow/.local/lib/python3.8/site-packages/airflow/example_dags/example_latest_only_with_trigger.py
[2024-10-06T23:01:16.326+0000] {processor.py:829} INFO - Processing file /home/airflow/.local/lib/python3.8/site-packages/airflow/example_dags/example_latest_only_with_trigger.py for tasks to queue
[2024-10-06T23:01:16.327+0000] {logging_mixin.py:154} INFO - [2024-10-06T23:01:16.327+0000] {dagbag.py:536} INFO - Filling up the DagBag from /home/airflow/.local/lib/python3.8/site-packages/airflow/example_dags/example_latest_only_with_trigger.py
[2024-10-06T23:01:16.330+0000] {processor.py:839} INFO - DAG(s) dict_keys(['latest_only_with_trigger']) retrieved from /home/airflow/.local/lib/python3.8/site-packages/airflow/example_dags/example_latest_only_with_trigger.py
[2024-10-06T23:01:16.339+0000] {logging_mixin.py:154} INFO - [2024-10-06T23:01:16.339+0000] {dag.py:2941} INFO - Sync 1 DAGs
[2024-10-06T23:01:16.347+0000] {logging_mixin.py:154} INFO - [2024-10-06T23:01:16.347+0000] {dag.py:3722} INFO - Setting next_dagrun for latest_only_with_trigger to 2024-10-06T19:01:16.347750+00:00, run_after=2024-10-06T23:01:16.347750+00:00
[2024-10-06T23:01:16.354+0000] {processor.py:179} INFO - Processing /home/airflow/.local/lib/python3.8/site-packages/airflow/example_dags/example_latest_only_with_trigger.py took 0.029 seconds
[2024-10-06T23:01:46.852+0000] {processor.py:157} INFO - Started process (PID=27616) to work on /home/airflow/.local/lib/python3.8/site-packages/airflow/example_dags/example_latest_only_with_trigger.py
[2024-10-06T23:01:46.852+0000] {processor.py:829} INFO - Processing file /home/airflow/.local/lib/python3.8/site-packages/airflow/example_dags/example_latest_only_with_trigger.py for tasks to queue
[2024-10-06T23:01:46.854+0000] {logging_mixin.py:154} INFO - [2024-10-06T23:01:46.853+0000] {dagbag.py:536} INFO - Filling up the DagBag from /home/airflow/.local/lib/python3.8/site-packages/airflow/example_dags/example_latest_only_with_trigger.py
[2024-10-06T23:01:46.856+0000] {processor.py:839} INFO - DAG(s) dict_keys(['latest_only_with_trigger']) retrieved from /home/airflow/.local/lib/python3.8/site-packages/airflow/example_dags/example_latest_only_with_trigger.py
[2024-10-06T23:01:46.865+0000] {logging_mixin.py:154} INFO - [2024-10-06T23:01:46.865+0000] {dag.py:2941} INFO - Sync 1 DAGs
[2024-10-06T23:01:46.874+0000] {logging_mixin.py:154} INFO - [2024-10-06T23:01:46.874+0000] {dag.py:3722} INFO - Setting next_dagrun for latest_only_with_trigger to 2024-10-06T19:01:46.874541+00:00, run_after=2024-10-06T23:01:46.874541+00:00
[2024-10-06T23:01:46.880+0000] {processor.py:179} INFO - Processing /home/airflow/.local/lib/python3.8/site-packages/airflow/example_dags/example_latest_only_with_trigger.py took 0.030 seconds
[2024-10-06T23:02:17.263+0000] {processor.py:157} INFO - Started process (PID=27670) to work on /home/airflow/.local/lib/python3.8/site-packages/airflow/example_dags/example_latest_only_with_trigger.py
[2024-10-06T23:02:17.263+0000] {processor.py:829} INFO - Processing file /home/airflow/.local/lib/python3.8/site-packages/airflow/example_dags/example_latest_only_with_trigger.py for tasks to queue
[2024-10-06T23:02:17.264+0000] {logging_mixin.py:154} INFO - [2024-10-06T23:02:17.264+0000] {dagbag.py:536} INFO - Filling up the DagBag from /home/airflow/.local/lib/python3.8/site-packages/airflow/example_dags/example_latest_only_with_trigger.py
[2024-10-06T23:02:17.267+0000] {processor.py:839} INFO - DAG(s) dict_keys(['latest_only_with_trigger']) retrieved from /home/airflow/.local/lib/python3.8/site-packages/airflow/example_dags/example_latest_only_with_trigger.py
[2024-10-06T23:02:17.276+0000] {logging_mixin.py:154} INFO - [2024-10-06T23:02:17.276+0000] {dag.py:2941} INFO - Sync 1 DAGs
[2024-10-06T23:02:17.284+0000] {logging_mixin.py:154} INFO - [2024-10-06T23:02:17.284+0000] {dag.py:3722} INFO - Setting next_dagrun for latest_only_with_trigger to 2024-10-06T19:02:17.284482+00:00, run_after=2024-10-06T23:02:17.284482+00:00
[2024-10-06T23:02:17.291+0000] {processor.py:179} INFO - Processing /home/airflow/.local/lib/python3.8/site-packages/airflow/example_dags/example_latest_only_with_trigger.py took 0.030 seconds
[2024-10-06T23:02:47.676+0000] {processor.py:157} INFO - Started process (PID=27724) to work on /home/airflow/.local/lib/python3.8/site-packages/airflow/example_dags/example_latest_only_with_trigger.py
[2024-10-06T23:02:47.676+0000] {processor.py:829} INFO - Processing file /home/airflow/.local/lib/python3.8/site-packages/airflow/example_dags/example_latest_only_with_trigger.py for tasks to queue
[2024-10-06T23:02:47.677+0000] {logging_mixin.py:154} INFO - [2024-10-06T23:02:47.677+0000] {dagbag.py:536} INFO - Filling up the DagBag from /home/airflow/.local/lib/python3.8/site-packages/airflow/example_dags/example_latest_only_with_trigger.py
[2024-10-06T23:02:47.680+0000] {processor.py:839} INFO - DAG(s) dict_keys(['latest_only_with_trigger']) retrieved from /home/airflow/.local/lib/python3.8/site-packages/airflow/example_dags/example_latest_only_with_trigger.py
[2024-10-06T23:02:47.689+0000] {logging_mixin.py:154} INFO - [2024-10-06T23:02:47.689+0000] {dag.py:2941} INFO - Sync 1 DAGs
[2024-10-06T23:02:47.697+0000] {logging_mixin.py:154} INFO - [2024-10-06T23:02:47.697+0000] {dag.py:3722} INFO - Setting next_dagrun for latest_only_with_trigger to 2024-10-06T19:02:47.697458+00:00, run_after=2024-10-06T23:02:47.697458+00:00
[2024-10-06T23:02:47.703+0000] {processor.py:179} INFO - Processing /home/airflow/.local/lib/python3.8/site-packages/airflow/example_dags/example_latest_only_with_trigger.py took 0.029 seconds
[2024-10-06T23:03:18.083+0000] {processor.py:157} INFO - Started process (PID=27778) to work on /home/airflow/.local/lib/python3.8/site-packages/airflow/example_dags/example_latest_only_with_trigger.py
[2024-10-06T23:03:18.084+0000] {processor.py:829} INFO - Processing file /home/airflow/.local/lib/python3.8/site-packages/airflow/example_dags/example_latest_only_with_trigger.py for tasks to queue
[2024-10-06T23:03:18.085+0000] {logging_mixin.py:154} INFO - [2024-10-06T23:03:18.085+0000] {dagbag.py:536} INFO - Filling up the DagBag from /home/airflow/.local/lib/python3.8/site-packages/airflow/example_dags/example_latest_only_with_trigger.py
[2024-10-06T23:03:18.088+0000] {processor.py:839} INFO - DAG(s) dict_keys(['latest_only_with_trigger']) retrieved from /home/airflow/.local/lib/python3.8/site-packages/airflow/example_dags/example_latest_only_with_trigger.py
[2024-10-06T23:03:18.097+0000] {logging_mixin.py:154} INFO - [2024-10-06T23:03:18.097+0000] {dag.py:2941} INFO - Sync 1 DAGs
[2024-10-06T23:03:18.105+0000] {logging_mixin.py:154} INFO - [2024-10-06T23:03:18.105+0000] {dag.py:3722} INFO - Setting next_dagrun for latest_only_with_trigger to 2024-10-06T19:03:18.105596+00:00, run_after=2024-10-06T23:03:18.105596+00:00
[2024-10-06T23:03:18.111+0000] {processor.py:179} INFO - Processing /home/airflow/.local/lib/python3.8/site-packages/airflow/example_dags/example_latest_only_with_trigger.py took 0.029 seconds
[2024-10-06T23:03:48.566+0000] {processor.py:157} INFO - Started process (PID=27832) to work on /home/airflow/.local/lib/python3.8/site-packages/airflow/example_dags/example_latest_only_with_trigger.py
[2024-10-06T23:03:48.566+0000] {processor.py:829} INFO - Processing file /home/airflow/.local/lib/python3.8/site-packages/airflow/example_dags/example_latest_only_with_trigger.py for tasks to queue
[2024-10-06T23:03:48.567+0000] {logging_mixin.py:154} INFO - [2024-10-06T23:03:48.567+0000] {dagbag.py:536} INFO - Filling up the DagBag from /home/airflow/.local/lib/python3.8/site-packages/airflow/example_dags/example_latest_only_with_trigger.py
[2024-10-06T23:03:48.570+0000] {processor.py:839} INFO - DAG(s) dict_keys(['latest_only_with_trigger']) retrieved from /home/airflow/.local/lib/python3.8/site-packages/airflow/example_dags/example_latest_only_with_trigger.py
[2024-10-06T23:03:48.579+0000] {logging_mixin.py:154} INFO - [2024-10-06T23:03:48.579+0000] {dag.py:2941} INFO - Sync 1 DAGs
[2024-10-06T23:03:48.587+0000] {logging_mixin.py:154} INFO - [2024-10-06T23:03:48.587+0000] {dag.py:3722} INFO - Setting next_dagrun for latest_only_with_trigger to 2024-10-06T19:03:48.587732+00:00, run_after=2024-10-06T23:03:48.587732+00:00
[2024-10-06T23:03:48.594+0000] {processor.py:179} INFO - Processing /home/airflow/.local/lib/python3.8/site-packages/airflow/example_dags/example_latest_only_with_trigger.py took 0.029 seconds
[2024-10-06T23:04:19.007+0000] {processor.py:157} INFO - Started process (PID=27886) to work on /home/airflow/.local/lib/python3.8/site-packages/airflow/example_dags/example_latest_only_with_trigger.py
[2024-10-06T23:04:19.008+0000] {processor.py:829} INFO - Processing file /home/airflow/.local/lib/python3.8/site-packages/airflow/example_dags/example_latest_only_with_trigger.py for tasks to queue
[2024-10-06T23:04:19.009+0000] {logging_mixin.py:154} INFO - [2024-10-06T23:04:19.009+0000] {dagbag.py:536} INFO - Filling up the DagBag from /home/airflow/.local/lib/python3.8/site-packages/airflow/example_dags/example_latest_only_with_trigger.py
[2024-10-06T23:04:19.011+0000] {processor.py:839} INFO - DAG(s) dict_keys(['latest_only_with_trigger']) retrieved from /home/airflow/.local/lib/python3.8/site-packages/airflow/example_dags/example_latest_only_with_trigger.py
[2024-10-06T23:04:19.022+0000] {logging_mixin.py:154} INFO - [2024-10-06T23:04:19.022+0000] {dag.py:2941} INFO - Sync 1 DAGs
[2024-10-06T23:04:19.030+0000] {logging_mixin.py:154} INFO - [2024-10-06T23:04:19.030+0000] {dag.py:3722} INFO - Setting next_dagrun for latest_only_with_trigger to 2024-10-06T19:04:19.030136+00:00, run_after=2024-10-06T23:04:19.030136+00:00
[2024-10-06T23:04:19.036+0000] {processor.py:179} INFO - Processing /home/airflow/.local/lib/python3.8/site-packages/airflow/example_dags/example_latest_only_with_trigger.py took 0.031 seconds
[2024-10-06T23:04:49.460+0000] {processor.py:157} INFO - Started process (PID=27940) to work on /home/airflow/.local/lib/python3.8/site-packages/airflow/example_dags/example_latest_only_with_trigger.py
[2024-10-06T23:04:49.461+0000] {processor.py:829} INFO - Processing file /home/airflow/.local/lib/python3.8/site-packages/airflow/example_dags/example_latest_only_with_trigger.py for tasks to queue
[2024-10-06T23:04:49.462+0000] {logging_mixin.py:154} INFO - [2024-10-06T23:04:49.462+0000] {dagbag.py:536} INFO - Filling up the DagBag from /home/airflow/.local/lib/python3.8/site-packages/airflow/example_dags/example_latest_only_with_trigger.py
[2024-10-06T23:04:49.464+0000] {processor.py:839} INFO - DAG(s) dict_keys(['latest_only_with_trigger']) retrieved from /home/airflow/.local/lib/python3.8/site-packages/airflow/example_dags/example_latest_only_with_trigger.py
[2024-10-06T23:04:49.473+0000] {logging_mixin.py:154} INFO - [2024-10-06T23:04:49.473+0000] {dag.py:2941} INFO - Sync 1 DAGs
[2024-10-06T23:04:49.481+0000] {logging_mixin.py:154} INFO - [2024-10-06T23:04:49.481+0000] {dag.py:3722} INFO - Setting next_dagrun for latest_only_with_trigger to 2024-10-06T19:04:49.481543+00:00, run_after=2024-10-06T23:04:49.481543+00:00
[2024-10-06T23:04:49.487+0000] {processor.py:179} INFO - Processing /home/airflow/.local/lib/python3.8/site-packages/airflow/example_dags/example_latest_only_with_trigger.py took 0.028 seconds
[2024-10-06T23:05:19.829+0000] {processor.py:157} INFO - Started process (PID=27994) to work on /home/airflow/.local/lib/python3.8/site-packages/airflow/example_dags/example_latest_only_with_trigger.py
[2024-10-06T23:05:19.829+0000] {processor.py:829} INFO - Processing file /home/airflow/.local/lib/python3.8/site-packages/airflow/example_dags/example_latest_only_with_trigger.py for tasks to queue
[2024-10-06T23:05:19.831+0000] {logging_mixin.py:154} INFO - [2024-10-06T23:05:19.830+0000] {dagbag.py:536} INFO - Filling up the DagBag from /home/airflow/.local/lib/python3.8/site-packages/airflow/example_dags/example_latest_only_with_trigger.py
[2024-10-06T23:05:19.834+0000] {processor.py:839} INFO - DAG(s) dict_keys(['latest_only_with_trigger']) retrieved from /home/airflow/.local/lib/python3.8/site-packages/airflow/example_dags/example_latest_only_with_trigger.py
[2024-10-06T23:05:19.844+0000] {logging_mixin.py:154} INFO - [2024-10-06T23:05:19.844+0000] {dag.py:2941} INFO - Sync 1 DAGs
[2024-10-06T23:05:19.852+0000] {logging_mixin.py:154} INFO - [2024-10-06T23:05:19.852+0000] {dag.py:3722} INFO - Setting next_dagrun for latest_only_with_trigger to 2024-10-06T19:05:19.852764+00:00, run_after=2024-10-06T23:05:19.852764+00:00
[2024-10-06T23:05:19.859+0000] {processor.py:179} INFO - Processing /home/airflow/.local/lib/python3.8/site-packages/airflow/example_dags/example_latest_only_with_trigger.py took 0.032 seconds
[2024-10-06T23:05:50.257+0000] {processor.py:157} INFO - Started process (PID=28048) to work on /home/airflow/.local/lib/python3.8/site-packages/airflow/example_dags/example_latest_only_with_trigger.py
[2024-10-06T23:05:50.257+0000] {processor.py:829} INFO - Processing file /home/airflow/.local/lib/python3.8/site-packages/airflow/example_dags/example_latest_only_with_trigger.py for tasks to queue
[2024-10-06T23:05:50.259+0000] {logging_mixin.py:154} INFO - [2024-10-06T23:05:50.258+0000] {dagbag.py:536} INFO - Filling up the DagBag from /home/airflow/.local/lib/python3.8/site-packages/airflow/example_dags/example_latest_only_with_trigger.py
[2024-10-06T23:05:50.261+0000] {processor.py:839} INFO - DAG(s) dict_keys(['latest_only_with_trigger']) retrieved from /home/airflow/.local/lib/python3.8/site-packages/airflow/example_dags/example_latest_only_with_trigger.py
[2024-10-06T23:05:50.270+0000] {logging_mixin.py:154} INFO - [2024-10-06T23:05:50.270+0000] {dag.py:2941} INFO - Sync 1 DAGs
[2024-10-06T23:05:50.278+0000] {logging_mixin.py:154} INFO - [2024-10-06T23:05:50.278+0000] {dag.py:3722} INFO - Setting next_dagrun for latest_only_with_trigger to 2024-10-06T19:05:50.278601+00:00, run_after=2024-10-06T23:05:50.278601+00:00
[2024-10-06T23:05:50.285+0000] {processor.py:179} INFO - Processing /home/airflow/.local/lib/python3.8/site-packages/airflow/example_dags/example_latest_only_with_trigger.py took 0.029 seconds
[2024-10-06T23:06:20.701+0000] {processor.py:157} INFO - Started process (PID=28102) to work on /home/airflow/.local/lib/python3.8/site-packages/airflow/example_dags/example_latest_only_with_trigger.py
[2024-10-06T23:06:20.702+0000] {processor.py:829} INFO - Processing file /home/airflow/.local/lib/python3.8/site-packages/airflow/example_dags/example_latest_only_with_trigger.py for tasks to queue
[2024-10-06T23:06:20.703+0000] {logging_mixin.py:154} INFO - [2024-10-06T23:06:20.703+0000] {dagbag.py:536} INFO - Filling up the DagBag from /home/airflow/.local/lib/python3.8/site-packages/airflow/example_dags/example_latest_only_with_trigger.py
[2024-10-06T23:06:20.706+0000] {processor.py:839} INFO - DAG(s) dict_keys(['latest_only_with_trigger']) retrieved from /home/airflow/.local/lib/python3.8/site-packages/airflow/example_dags/example_latest_only_with_trigger.py
[2024-10-06T23:06:20.715+0000] {logging_mixin.py:154} INFO - [2024-10-06T23:06:20.715+0000] {dag.py:2941} INFO - Sync 1 DAGs
[2024-10-06T23:06:20.723+0000] {logging_mixin.py:154} INFO - [2024-10-06T23:06:20.723+0000] {dag.py:3722} INFO - Setting next_dagrun for latest_only_with_trigger to 2024-10-06T19:06:20.723645+00:00, run_after=2024-10-06T23:06:20.723645+00:00
[2024-10-06T23:06:20.729+0000] {processor.py:179} INFO - Processing /home/airflow/.local/lib/python3.8/site-packages/airflow/example_dags/example_latest_only_with_trigger.py took 0.030 seconds
[2024-10-06T23:06:51.113+0000] {processor.py:157} INFO - Started process (PID=28156) to work on /home/airflow/.local/lib/python3.8/site-packages/airflow/example_dags/example_latest_only_with_trigger.py
[2024-10-06T23:06:51.113+0000] {processor.py:829} INFO - Processing file /home/airflow/.local/lib/python3.8/site-packages/airflow/example_dags/example_latest_only_with_trigger.py for tasks to queue
[2024-10-06T23:06:51.115+0000] {logging_mixin.py:154} INFO - [2024-10-06T23:06:51.114+0000] {dagbag.py:536} INFO - Filling up the DagBag from /home/airflow/.local/lib/python3.8/site-packages/airflow/example_dags/example_latest_only_with_trigger.py
[2024-10-06T23:06:51.117+0000] {processor.py:839} INFO - DAG(s) dict_keys(['latest_only_with_trigger']) retrieved from /home/airflow/.local/lib/python3.8/site-packages/airflow/example_dags/example_latest_only_with_trigger.py
[2024-10-06T23:06:51.125+0000] {logging_mixin.py:154} INFO - [2024-10-06T23:06:51.125+0000] {dag.py:2941} INFO - Sync 1 DAGs
[2024-10-06T23:06:51.133+0000] {logging_mixin.py:154} INFO - [2024-10-06T23:06:51.133+0000] {dag.py:3722} INFO - Setting next_dagrun for latest_only_with_trigger to 2024-10-06T19:06:51.133235+00:00, run_after=2024-10-06T23:06:51.133235+00:00
[2024-10-06T23:06:51.139+0000] {processor.py:179} INFO - Processing /home/airflow/.local/lib/python3.8/site-packages/airflow/example_dags/example_latest_only_with_trigger.py took 0.027 seconds
[2024-10-06T23:07:21.543+0000] {processor.py:157} INFO - Started process (PID=28210) to work on /home/airflow/.local/lib/python3.8/site-packages/airflow/example_dags/example_latest_only_with_trigger.py
[2024-10-06T23:07:21.543+0000] {processor.py:829} INFO - Processing file /home/airflow/.local/lib/python3.8/site-packages/airflow/example_dags/example_latest_only_with_trigger.py for tasks to queue
[2024-10-06T23:07:21.544+0000] {logging_mixin.py:154} INFO - [2024-10-06T23:07:21.544+0000] {dagbag.py:536} INFO - Filling up the DagBag from /home/airflow/.local/lib/python3.8/site-packages/airflow/example_dags/example_latest_only_with_trigger.py
[2024-10-06T23:07:21.547+0000] {processor.py:839} INFO - DAG(s) dict_keys(['latest_only_with_trigger']) retrieved from /home/airflow/.local/lib/python3.8/site-packages/airflow/example_dags/example_latest_only_with_trigger.py
[2024-10-06T23:07:21.556+0000] {logging_mixin.py:154} INFO - [2024-10-06T23:07:21.556+0000] {dag.py:2941} INFO - Sync 1 DAGs
[2024-10-06T23:07:21.564+0000] {logging_mixin.py:154} INFO - [2024-10-06T23:07:21.564+0000] {dag.py:3722} INFO - Setting next_dagrun for latest_only_with_trigger to 2024-10-06T19:07:21.564448+00:00, run_after=2024-10-06T23:07:21.564448+00:00
[2024-10-06T23:07:21.570+0000] {processor.py:179} INFO - Processing /home/airflow/.local/lib/python3.8/site-packages/airflow/example_dags/example_latest_only_with_trigger.py took 0.029 seconds
[2024-10-06T23:07:52.027+0000] {processor.py:157} INFO - Started process (PID=28264) to work on /home/airflow/.local/lib/python3.8/site-packages/airflow/example_dags/example_latest_only_with_trigger.py
[2024-10-06T23:07:52.027+0000] {processor.py:829} INFO - Processing file /home/airflow/.local/lib/python3.8/site-packages/airflow/example_dags/example_latest_only_with_trigger.py for tasks to queue
[2024-10-06T23:07:52.028+0000] {logging_mixin.py:154} INFO - [2024-10-06T23:07:52.028+0000] {dagbag.py:536} INFO - Filling up the DagBag from /home/airflow/.local/lib/python3.8/site-packages/airflow/example_dags/example_latest_only_with_trigger.py
[2024-10-06T23:07:52.031+0000] {processor.py:839} INFO - DAG(s) dict_keys(['latest_only_with_trigger']) retrieved from /home/airflow/.local/lib/python3.8/site-packages/airflow/example_dags/example_latest_only_with_trigger.py
[2024-10-06T23:07:52.040+0000] {logging_mixin.py:154} INFO - [2024-10-06T23:07:52.040+0000] {dag.py:2941} INFO - Sync 1 DAGs
[2024-10-06T23:07:52.049+0000] {logging_mixin.py:154} INFO - [2024-10-06T23:07:52.048+0000] {dag.py:3722} INFO - Setting next_dagrun for latest_only_with_trigger to 2024-10-06T19:07:52.048907+00:00, run_after=2024-10-06T23:07:52.048907+00:00
[2024-10-06T23:07:52.055+0000] {processor.py:179} INFO - Processing /home/airflow/.local/lib/python3.8/site-packages/airflow/example_dags/example_latest_only_with_trigger.py took 0.029 seconds
[2024-10-06T23:08:22.385+0000] {processor.py:157} INFO - Started process (PID=28318) to work on /home/airflow/.local/lib/python3.8/site-packages/airflow/example_dags/example_latest_only_with_trigger.py
[2024-10-06T23:08:22.385+0000] {processor.py:829} INFO - Processing file /home/airflow/.local/lib/python3.8/site-packages/airflow/example_dags/example_latest_only_with_trigger.py for tasks to queue
[2024-10-06T23:08:22.386+0000] {logging_mixin.py:154} INFO - [2024-10-06T23:08:22.386+0000] {dagbag.py:536} INFO - Filling up the DagBag from /home/airflow/.local/lib/python3.8/site-packages/airflow/example_dags/example_latest_only_with_trigger.py
[2024-10-06T23:08:22.389+0000] {processor.py:839} INFO - DAG(s) dict_keys(['latest_only_with_trigger']) retrieved from /home/airflow/.local/lib/python3.8/site-packages/airflow/example_dags/example_latest_only_with_trigger.py
[2024-10-06T23:08:22.398+0000] {logging_mixin.py:154} INFO - [2024-10-06T23:08:22.398+0000] {dag.py:2941} INFO - Sync 1 DAGs
[2024-10-06T23:08:22.406+0000] {logging_mixin.py:154} INFO - [2024-10-06T23:08:22.406+0000] {dag.py:3722} INFO - Setting next_dagrun for latest_only_with_trigger to 2024-10-06T19:08:22.406455+00:00, run_after=2024-10-06T23:08:22.406455+00:00
[2024-10-06T23:08:22.412+0000] {processor.py:179} INFO - Processing /home/airflow/.local/lib/python3.8/site-packages/airflow/example_dags/example_latest_only_with_trigger.py took 0.029 seconds
[2024-10-06T23:08:52.815+0000] {processor.py:157} INFO - Started process (PID=28372) to work on /home/airflow/.local/lib/python3.8/site-packages/airflow/example_dags/example_latest_only_with_trigger.py
[2024-10-06T23:08:52.816+0000] {processor.py:829} INFO - Processing file /home/airflow/.local/lib/python3.8/site-packages/airflow/example_dags/example_latest_only_with_trigger.py for tasks to queue
[2024-10-06T23:08:52.817+0000] {logging_mixin.py:154} INFO - [2024-10-06T23:08:52.817+0000] {dagbag.py:536} INFO - Filling up the DagBag from /home/airflow/.local/lib/python3.8/site-packages/airflow/example_dags/example_latest_only_with_trigger.py
[2024-10-06T23:08:52.819+0000] {processor.py:839} INFO - DAG(s) dict_keys(['latest_only_with_trigger']) retrieved from /home/airflow/.local/lib/python3.8/site-packages/airflow/example_dags/example_latest_only_with_trigger.py
[2024-10-06T23:08:52.828+0000] {logging_mixin.py:154} INFO - [2024-10-06T23:08:52.828+0000] {dag.py:2941} INFO - Sync 1 DAGs
[2024-10-06T23:08:52.836+0000] {logging_mixin.py:154} INFO - [2024-10-06T23:08:52.836+0000] {dag.py:3722} INFO - Setting next_dagrun for latest_only_with_trigger to 2024-10-06T19:08:52.836816+00:00, run_after=2024-10-06T23:08:52.836816+00:00
[2024-10-06T23:08:52.843+0000] {processor.py:179} INFO - Processing /home/airflow/.local/lib/python3.8/site-packages/airflow/example_dags/example_latest_only_with_trigger.py took 0.029 seconds
[2024-10-06T23:09:23.210+0000] {processor.py:157} INFO - Started process (PID=28433) to work on /home/airflow/.local/lib/python3.8/site-packages/airflow/example_dags/example_latest_only_with_trigger.py
[2024-10-06T23:09:23.211+0000] {processor.py:829} INFO - Processing file /home/airflow/.local/lib/python3.8/site-packages/airflow/example_dags/example_latest_only_with_trigger.py for tasks to queue
[2024-10-06T23:09:23.212+0000] {logging_mixin.py:154} INFO - [2024-10-06T23:09:23.212+0000] {dagbag.py:536} INFO - Filling up the DagBag from /home/airflow/.local/lib/python3.8/site-packages/airflow/example_dags/example_latest_only_with_trigger.py
[2024-10-06T23:09:23.214+0000] {processor.py:839} INFO - DAG(s) dict_keys(['latest_only_with_trigger']) retrieved from /home/airflow/.local/lib/python3.8/site-packages/airflow/example_dags/example_latest_only_with_trigger.py
[2024-10-06T23:09:23.223+0000] {logging_mixin.py:154} INFO - [2024-10-06T23:09:23.222+0000] {dag.py:2941} INFO - Sync 1 DAGs
[2024-10-06T23:09:23.230+0000] {logging_mixin.py:154} INFO - [2024-10-06T23:09:23.230+0000] {dag.py:3722} INFO - Setting next_dagrun for latest_only_with_trigger to 2024-10-06T19:09:23.230490+00:00, run_after=2024-10-06T23:09:23.230490+00:00
[2024-10-06T23:09:23.236+0000] {processor.py:179} INFO - Processing /home/airflow/.local/lib/python3.8/site-packages/airflow/example_dags/example_latest_only_with_trigger.py took 0.027 seconds
[2024-10-06T23:09:53.673+0000] {processor.py:157} INFO - Started process (PID=28487) to work on /home/airflow/.local/lib/python3.8/site-packages/airflow/example_dags/example_latest_only_with_trigger.py
[2024-10-06T23:09:53.673+0000] {processor.py:829} INFO - Processing file /home/airflow/.local/lib/python3.8/site-packages/airflow/example_dags/example_latest_only_with_trigger.py for tasks to queue
[2024-10-06T23:09:53.674+0000] {logging_mixin.py:154} INFO - [2024-10-06T23:09:53.674+0000] {dagbag.py:536} INFO - Filling up the DagBag from /home/airflow/.local/lib/python3.8/site-packages/airflow/example_dags/example_latest_only_with_trigger.py
[2024-10-06T23:09:53.677+0000] {processor.py:839} INFO - DAG(s) dict_keys(['latest_only_with_trigger']) retrieved from /home/airflow/.local/lib/python3.8/site-packages/airflow/example_dags/example_latest_only_with_trigger.py
[2024-10-06T23:09:53.686+0000] {logging_mixin.py:154} INFO - [2024-10-06T23:09:53.686+0000] {dag.py:2941} INFO - Sync 1 DAGs
[2024-10-06T23:09:53.694+0000] {logging_mixin.py:154} INFO - [2024-10-06T23:09:53.694+0000] {dag.py:3722} INFO - Setting next_dagrun for latest_only_with_trigger to 2024-10-06T19:09:53.694721+00:00, run_after=2024-10-06T23:09:53.694721+00:00
[2024-10-06T23:09:53.700+0000] {processor.py:179} INFO - Processing /home/airflow/.local/lib/python3.8/site-packages/airflow/example_dags/example_latest_only_with_trigger.py took 0.029 seconds
[2024-10-06T23:10:24.128+0000] {processor.py:157} INFO - Started process (PID=28541) to work on /home/airflow/.local/lib/python3.8/site-packages/airflow/example_dags/example_latest_only_with_trigger.py
[2024-10-06T23:10:24.129+0000] {processor.py:829} INFO - Processing file /home/airflow/.local/lib/python3.8/site-packages/airflow/example_dags/example_latest_only_with_trigger.py for tasks to queue
[2024-10-06T23:10:24.130+0000] {logging_mixin.py:154} INFO - [2024-10-06T23:10:24.130+0000] {dagbag.py:536} INFO - Filling up the DagBag from /home/airflow/.local/lib/python3.8/site-packages/airflow/example_dags/example_latest_only_with_trigger.py
[2024-10-06T23:10:24.133+0000] {processor.py:839} INFO - DAG(s) dict_keys(['latest_only_with_trigger']) retrieved from /home/airflow/.local/lib/python3.8/site-packages/airflow/example_dags/example_latest_only_with_trigger.py
[2024-10-06T23:10:24.143+0000] {logging_mixin.py:154} INFO - [2024-10-06T23:10:24.142+0000] {dag.py:2941} INFO - Sync 1 DAGs
[2024-10-06T23:10:24.151+0000] {logging_mixin.py:154} INFO - [2024-10-06T23:10:24.151+0000] {dag.py:3722} INFO - Setting next_dagrun for latest_only_with_trigger to 2024-10-06T19:10:24.151141+00:00, run_after=2024-10-06T23:10:24.151141+00:00
[2024-10-06T23:10:24.157+0000] {processor.py:179} INFO - Processing /home/airflow/.local/lib/python3.8/site-packages/airflow/example_dags/example_latest_only_with_trigger.py took 0.031 seconds
[2024-10-06T23:10:54.534+0000] {processor.py:157} INFO - Started process (PID=28595) to work on /home/airflow/.local/lib/python3.8/site-packages/airflow/example_dags/example_latest_only_with_trigger.py
[2024-10-06T23:10:54.535+0000] {processor.py:829} INFO - Processing file /home/airflow/.local/lib/python3.8/site-packages/airflow/example_dags/example_latest_only_with_trigger.py for tasks to queue
[2024-10-06T23:10:54.535+0000] {logging_mixin.py:154} INFO - [2024-10-06T23:10:54.535+0000] {dagbag.py:536} INFO - Filling up the DagBag from /home/airflow/.local/lib/python3.8/site-packages/airflow/example_dags/example_latest_only_with_trigger.py
[2024-10-06T23:10:54.538+0000] {processor.py:839} INFO - DAG(s) dict_keys(['latest_only_with_trigger']) retrieved from /home/airflow/.local/lib/python3.8/site-packages/airflow/example_dags/example_latest_only_with_trigger.py
[2024-10-06T23:10:54.546+0000] {logging_mixin.py:154} INFO - [2024-10-06T23:10:54.546+0000] {dag.py:2941} INFO - Sync 1 DAGs
[2024-10-06T23:10:54.554+0000] {logging_mixin.py:154} INFO - [2024-10-06T23:10:54.554+0000] {dag.py:3722} INFO - Setting next_dagrun for latest_only_with_trigger to 2024-10-06T19:10:54.553925+00:00, run_after=2024-10-06T23:10:54.553925+00:00
[2024-10-06T23:10:54.559+0000] {processor.py:179} INFO - Processing /home/airflow/.local/lib/python3.8/site-packages/airflow/example_dags/example_latest_only_with_trigger.py took 0.027 seconds
[2024-10-06T23:11:24.941+0000] {processor.py:157} INFO - Started process (PID=28649) to work on /home/airflow/.local/lib/python3.8/site-packages/airflow/example_dags/example_latest_only_with_trigger.py
[2024-10-06T23:11:24.941+0000] {processor.py:829} INFO - Processing file /home/airflow/.local/lib/python3.8/site-packages/airflow/example_dags/example_latest_only_with_trigger.py for tasks to queue
[2024-10-06T23:11:24.942+0000] {logging_mixin.py:154} INFO - [2024-10-06T23:11:24.942+0000] {dagbag.py:536} INFO - Filling up the DagBag from /home/airflow/.local/lib/python3.8/site-packages/airflow/example_dags/example_latest_only_with_trigger.py
[2024-10-06T23:11:24.945+0000] {processor.py:839} INFO - DAG(s) dict_keys(['latest_only_with_trigger']) retrieved from /home/airflow/.local/lib/python3.8/site-packages/airflow/example_dags/example_latest_only_with_trigger.py
[2024-10-06T23:11:24.954+0000] {logging_mixin.py:154} INFO - [2024-10-06T23:11:24.954+0000] {dag.py:2941} INFO - Sync 1 DAGs
[2024-10-06T23:11:24.962+0000] {logging_mixin.py:154} INFO - [2024-10-06T23:11:24.962+0000] {dag.py:3722} INFO - Setting next_dagrun for latest_only_with_trigger to 2024-10-06T19:11:24.962789+00:00, run_after=2024-10-06T23:11:24.962789+00:00
[2024-10-06T23:11:24.969+0000] {processor.py:179} INFO - Processing /home/airflow/.local/lib/python3.8/site-packages/airflow/example_dags/example_latest_only_with_trigger.py took 0.029 seconds
[2024-10-06T23:11:55.418+0000] {processor.py:157} INFO - Started process (PID=28703) to work on /home/airflow/.local/lib/python3.8/site-packages/airflow/example_dags/example_latest_only_with_trigger.py
[2024-10-06T23:11:55.418+0000] {processor.py:829} INFO - Processing file /home/airflow/.local/lib/python3.8/site-packages/airflow/example_dags/example_latest_only_with_trigger.py for tasks to queue
[2024-10-06T23:11:55.420+0000] {logging_mixin.py:154} INFO - [2024-10-06T23:11:55.419+0000] {dagbag.py:536} INFO - Filling up the DagBag from /home/airflow/.local/lib/python3.8/site-packages/airflow/example_dags/example_latest_only_with_trigger.py
[2024-10-06T23:11:55.422+0000] {processor.py:839} INFO - DAG(s) dict_keys(['latest_only_with_trigger']) retrieved from /home/airflow/.local/lib/python3.8/site-packages/airflow/example_dags/example_latest_only_with_trigger.py
[2024-10-06T23:11:55.432+0000] {logging_mixin.py:154} INFO - [2024-10-06T23:11:55.432+0000] {dag.py:2941} INFO - Sync 1 DAGs
[2024-10-06T23:11:55.442+0000] {logging_mixin.py:154} INFO - [2024-10-06T23:11:55.442+0000] {dag.py:3722} INFO - Setting next_dagrun for latest_only_with_trigger to 2024-10-06T19:11:55.442071+00:00, run_after=2024-10-06T23:11:55.442071+00:00
[2024-10-06T23:11:55.450+0000] {processor.py:179} INFO - Processing /home/airflow/.local/lib/python3.8/site-packages/airflow/example_dags/example_latest_only_with_trigger.py took 0.033 seconds
[2024-10-06T23:12:25.909+0000] {processor.py:157} INFO - Started process (PID=28757) to work on /home/airflow/.local/lib/python3.8/site-packages/airflow/example_dags/example_latest_only_with_trigger.py
[2024-10-06T23:12:25.910+0000] {processor.py:829} INFO - Processing file /home/airflow/.local/lib/python3.8/site-packages/airflow/example_dags/example_latest_only_with_trigger.py for tasks to queue
[2024-10-06T23:12:25.911+0000] {logging_mixin.py:154} INFO - [2024-10-06T23:12:25.911+0000] {dagbag.py:536} INFO - Filling up the DagBag from /home/airflow/.local/lib/python3.8/site-packages/airflow/example_dags/example_latest_only_with_trigger.py
[2024-10-06T23:12:25.913+0000] {processor.py:839} INFO - DAG(s) dict_keys(['latest_only_with_trigger']) retrieved from /home/airflow/.local/lib/python3.8/site-packages/airflow/example_dags/example_latest_only_with_trigger.py
[2024-10-06T23:12:25.923+0000] {logging_mixin.py:154} INFO - [2024-10-06T23:12:25.923+0000] {dag.py:2941} INFO - Sync 1 DAGs
[2024-10-06T23:12:25.931+0000] {logging_mixin.py:154} INFO - [2024-10-06T23:12:25.931+0000] {dag.py:3722} INFO - Setting next_dagrun for latest_only_with_trigger to 2024-10-06T19:12:25.931317+00:00, run_after=2024-10-06T23:12:25.931317+00:00
[2024-10-06T23:12:25.937+0000] {processor.py:179} INFO - Processing /home/airflow/.local/lib/python3.8/site-packages/airflow/example_dags/example_latest_only_with_trigger.py took 0.030 seconds
[2024-10-06T23:12:56.301+0000] {processor.py:157} INFO - Started process (PID=28811) to work on /home/airflow/.local/lib/python3.8/site-packages/airflow/example_dags/example_latest_only_with_trigger.py
[2024-10-06T23:12:56.301+0000] {processor.py:829} INFO - Processing file /home/airflow/.local/lib/python3.8/site-packages/airflow/example_dags/example_latest_only_with_trigger.py for tasks to queue
[2024-10-06T23:12:56.302+0000] {logging_mixin.py:154} INFO - [2024-10-06T23:12:56.302+0000] {dagbag.py:536} INFO - Filling up the DagBag from /home/airflow/.local/lib/python3.8/site-packages/airflow/example_dags/example_latest_only_with_trigger.py
[2024-10-06T23:12:56.304+0000] {processor.py:839} INFO - DAG(s) dict_keys(['latest_only_with_trigger']) retrieved from /home/airflow/.local/lib/python3.8/site-packages/airflow/example_dags/example_latest_only_with_trigger.py
[2024-10-06T23:12:56.313+0000] {logging_mixin.py:154} INFO - [2024-10-06T23:12:56.313+0000] {dag.py:2941} INFO - Sync 1 DAGs
[2024-10-06T23:12:56.320+0000] {logging_mixin.py:154} INFO - [2024-10-06T23:12:56.320+0000] {dag.py:3722} INFO - Setting next_dagrun for latest_only_with_trigger to 2024-10-06T19:12:56.320504+00:00, run_after=2024-10-06T23:12:56.320504+00:00
[2024-10-06T23:12:56.326+0000] {processor.py:179} INFO - Processing /home/airflow/.local/lib/python3.8/site-packages/airflow/example_dags/example_latest_only_with_trigger.py took 0.027 seconds
[2024-10-06T23:13:26.829+0000] {processor.py:157} INFO - Started process (PID=28865) to work on /home/airflow/.local/lib/python3.8/site-packages/airflow/example_dags/example_latest_only_with_trigger.py
[2024-10-06T23:13:26.829+0000] {processor.py:829} INFO - Processing file /home/airflow/.local/lib/python3.8/site-packages/airflow/example_dags/example_latest_only_with_trigger.py for tasks to queue
[2024-10-06T23:13:26.830+0000] {logging_mixin.py:154} INFO - [2024-10-06T23:13:26.830+0000] {dagbag.py:536} INFO - Filling up the DagBag from /home/airflow/.local/lib/python3.8/site-packages/airflow/example_dags/example_latest_only_with_trigger.py
[2024-10-06T23:13:26.833+0000] {processor.py:839} INFO - DAG(s) dict_keys(['latest_only_with_trigger']) retrieved from /home/airflow/.local/lib/python3.8/site-packages/airflow/example_dags/example_latest_only_with_trigger.py
[2024-10-06T23:13:26.842+0000] {logging_mixin.py:154} INFO - [2024-10-06T23:13:26.842+0000] {dag.py:2941} INFO - Sync 1 DAGs
[2024-10-06T23:13:26.851+0000] {logging_mixin.py:154} INFO - [2024-10-06T23:13:26.850+0000] {dag.py:3722} INFO - Setting next_dagrun for latest_only_with_trigger to 2024-10-06T19:13:26.850870+00:00, run_after=2024-10-06T23:13:26.850870+00:00
[2024-10-06T23:13:26.857+0000] {processor.py:179} INFO - Processing /home/airflow/.local/lib/python3.8/site-packages/airflow/example_dags/example_latest_only_with_trigger.py took 0.029 seconds
[2024-10-06T23:13:57.222+0000] {processor.py:157} INFO - Started process (PID=28919) to work on /home/airflow/.local/lib/python3.8/site-packages/airflow/example_dags/example_latest_only_with_trigger.py
[2024-10-06T23:13:57.222+0000] {processor.py:829} INFO - Processing file /home/airflow/.local/lib/python3.8/site-packages/airflow/example_dags/example_latest_only_with_trigger.py for tasks to queue
[2024-10-06T23:13:57.223+0000] {logging_mixin.py:154} INFO - [2024-10-06T23:13:57.223+0000] {dagbag.py:536} INFO - Filling up the DagBag from /home/airflow/.local/lib/python3.8/site-packages/airflow/example_dags/example_latest_only_with_trigger.py
[2024-10-06T23:13:57.226+0000] {processor.py:839} INFO - DAG(s) dict_keys(['latest_only_with_trigger']) retrieved from /home/airflow/.local/lib/python3.8/site-packages/airflow/example_dags/example_latest_only_with_trigger.py
[2024-10-06T23:13:57.235+0000] {logging_mixin.py:154} INFO - [2024-10-06T23:13:57.235+0000] {dag.py:2941} INFO - Sync 1 DAGs
[2024-10-06T23:13:57.243+0000] {logging_mixin.py:154} INFO - [2024-10-06T23:13:57.243+0000] {dag.py:3722} INFO - Setting next_dagrun for latest_only_with_trigger to 2024-10-06T19:13:57.243724+00:00, run_after=2024-10-06T23:13:57.243724+00:00
[2024-10-06T23:13:57.251+0000] {processor.py:179} INFO - Processing /home/airflow/.local/lib/python3.8/site-packages/airflow/example_dags/example_latest_only_with_trigger.py took 0.031 seconds
[2024-10-06T23:14:27.743+0000] {processor.py:157} INFO - Started process (PID=28973) to work on /home/airflow/.local/lib/python3.8/site-packages/airflow/example_dags/example_latest_only_with_trigger.py
[2024-10-06T23:14:27.744+0000] {processor.py:829} INFO - Processing file /home/airflow/.local/lib/python3.8/site-packages/airflow/example_dags/example_latest_only_with_trigger.py for tasks to queue
[2024-10-06T23:14:27.745+0000] {logging_mixin.py:154} INFO - [2024-10-06T23:14:27.744+0000] {dagbag.py:536} INFO - Filling up the DagBag from /home/airflow/.local/lib/python3.8/site-packages/airflow/example_dags/example_latest_only_with_trigger.py
[2024-10-06T23:14:27.747+0000] {processor.py:839} INFO - DAG(s) dict_keys(['latest_only_with_trigger']) retrieved from /home/airflow/.local/lib/python3.8/site-packages/airflow/example_dags/example_latest_only_with_trigger.py
[2024-10-06T23:14:27.756+0000] {logging_mixin.py:154} INFO - [2024-10-06T23:14:27.755+0000] {dag.py:2941} INFO - Sync 1 DAGs
[2024-10-06T23:14:27.763+0000] {logging_mixin.py:154} INFO - [2024-10-06T23:14:27.763+0000] {dag.py:3722} INFO - Setting next_dagrun for latest_only_with_trigger to 2024-10-06T19:14:27.763376+00:00, run_after=2024-10-06T23:14:27.763376+00:00
[2024-10-06T23:14:27.769+0000] {processor.py:179} INFO - Processing /home/airflow/.local/lib/python3.8/site-packages/airflow/example_dags/example_latest_only_with_trigger.py took 0.027 seconds
[2024-10-06T23:14:58.256+0000] {processor.py:157} INFO - Started process (PID=29027) to work on /home/airflow/.local/lib/python3.8/site-packages/airflow/example_dags/example_latest_only_with_trigger.py
[2024-10-06T23:14:58.257+0000] {processor.py:829} INFO - Processing file /home/airflow/.local/lib/python3.8/site-packages/airflow/example_dags/example_latest_only_with_trigger.py for tasks to queue
[2024-10-06T23:14:58.258+0000] {logging_mixin.py:154} INFO - [2024-10-06T23:14:58.258+0000] {dagbag.py:536} INFO - Filling up the DagBag from /home/airflow/.local/lib/python3.8/site-packages/airflow/example_dags/example_latest_only_with_trigger.py
[2024-10-06T23:14:58.260+0000] {processor.py:839} INFO - DAG(s) dict_keys(['latest_only_with_trigger']) retrieved from /home/airflow/.local/lib/python3.8/site-packages/airflow/example_dags/example_latest_only_with_trigger.py
[2024-10-06T23:14:58.270+0000] {logging_mixin.py:154} INFO - [2024-10-06T23:14:58.270+0000] {dag.py:2941} INFO - Sync 1 DAGs
[2024-10-06T23:14:58.278+0000] {logging_mixin.py:154} INFO - [2024-10-06T23:14:58.278+0000] {dag.py:3722} INFO - Setting next_dagrun for latest_only_with_trigger to 2024-10-06T19:14:58.278429+00:00, run_after=2024-10-06T23:14:58.278429+00:00
[2024-10-06T23:14:58.285+0000] {processor.py:179} INFO - Processing /home/airflow/.local/lib/python3.8/site-packages/airflow/example_dags/example_latest_only_with_trigger.py took 0.030 seconds
[2024-10-06T23:15:28.609+0000] {processor.py:157} INFO - Started process (PID=29081) to work on /home/airflow/.local/lib/python3.8/site-packages/airflow/example_dags/example_latest_only_with_trigger.py
[2024-10-06T23:15:28.609+0000] {processor.py:829} INFO - Processing file /home/airflow/.local/lib/python3.8/site-packages/airflow/example_dags/example_latest_only_with_trigger.py for tasks to queue
[2024-10-06T23:15:28.610+0000] {logging_mixin.py:154} INFO - [2024-10-06T23:15:28.610+0000] {dagbag.py:536} INFO - Filling up the DagBag from /home/airflow/.local/lib/python3.8/site-packages/airflow/example_dags/example_latest_only_with_trigger.py
[2024-10-06T23:15:28.612+0000] {processor.py:839} INFO - DAG(s) dict_keys(['latest_only_with_trigger']) retrieved from /home/airflow/.local/lib/python3.8/site-packages/airflow/example_dags/example_latest_only_with_trigger.py
[2024-10-06T23:15:28.621+0000] {logging_mixin.py:154} INFO - [2024-10-06T23:15:28.621+0000] {dag.py:2941} INFO - Sync 1 DAGs
[2024-10-06T23:15:28.628+0000] {logging_mixin.py:154} INFO - [2024-10-06T23:15:28.628+0000] {dag.py:3722} INFO - Setting next_dagrun for latest_only_with_trigger to 2024-10-06T19:15:28.628839+00:00, run_after=2024-10-06T23:15:28.628839+00:00
[2024-10-06T23:15:28.634+0000] {processor.py:179} INFO - Processing /home/airflow/.local/lib/python3.8/site-packages/airflow/example_dags/example_latest_only_with_trigger.py took 0.027 seconds
[2024-10-06T23:54:55.626+0000] {processor.py:157} INFO - Started process (PID=29128) to work on /home/airflow/.local/lib/python3.8/site-packages/airflow/example_dags/example_latest_only_with_trigger.py
[2024-10-06T23:54:55.626+0000] {processor.py:829} INFO - Processing file /home/airflow/.local/lib/python3.8/site-packages/airflow/example_dags/example_latest_only_with_trigger.py for tasks to queue
[2024-10-06T23:54:55.627+0000] {logging_mixin.py:154} INFO - [2024-10-06T23:54:55.627+0000] {dagbag.py:536} INFO - Filling up the DagBag from /home/airflow/.local/lib/python3.8/site-packages/airflow/example_dags/example_latest_only_with_trigger.py
[2024-10-06T23:54:55.630+0000] {processor.py:839} INFO - DAG(s) dict_keys(['latest_only_with_trigger']) retrieved from /home/airflow/.local/lib/python3.8/site-packages/airflow/example_dags/example_latest_only_with_trigger.py
[2024-10-06T23:54:55.638+0000] {logging_mixin.py:154} INFO - [2024-10-06T23:54:55.638+0000] {dag.py:2941} INFO - Sync 1 DAGs
[2024-10-06T23:54:55.646+0000] {logging_mixin.py:154} INFO - [2024-10-06T23:54:55.646+0000] {dag.py:3722} INFO - Setting next_dagrun for latest_only_with_trigger to 2024-10-06T19:54:55.645940+00:00, run_after=2024-10-06T23:54:55.645940+00:00
[2024-10-06T23:54:55.652+0000] {processor.py:179} INFO - Processing /home/airflow/.local/lib/python3.8/site-packages/airflow/example_dags/example_latest_only_with_trigger.py took 0.028 seconds
