[2024-10-06T00:48:01.818+0000] {processor.py:157} INFO - Started process (PID=25803) to work on /home/airflow/.local/lib/python3.8/site-packages/airflow/example_dags/example_short_circuit_operator.py
[2024-10-06T00:48:01.819+0000] {processor.py:829} INFO - Processing file /home/airflow/.local/lib/python3.8/site-packages/airflow/example_dags/example_short_circuit_operator.py for tasks to queue
[2024-10-06T00:48:01.820+0000] {logging_mixin.py:154} INFO - [2024-10-06T00:48:01.819+0000] {dagbag.py:536} INFO - Filling up the DagBag from /home/airflow/.local/lib/python3.8/site-packages/airflow/example_dags/example_short_circuit_operator.py
[2024-10-06T00:48:01.823+0000] {processor.py:839} INFO - DAG(s) dict_keys(['example_short_circuit_operator']) retrieved from /home/airflow/.local/lib/python3.8/site-packages/airflow/example_dags/example_short_circuit_operator.py
[2024-10-06T00:48:01.834+0000] {logging_mixin.py:154} INFO - [2024-10-06T00:48:01.833+0000] {dag.py:2941} INFO - Sync 1 DAGs
[2024-10-06T00:48:01.842+0000] {logging_mixin.py:154} INFO - [2024-10-06T00:48:01.842+0000] {dag.py:3722} INFO - Setting next_dagrun for example_short_circuit_operator to 2024-10-05T00:48:01.842502+00:00, run_after=2024-10-06T00:48:01.842502+00:00
[2024-10-06T00:48:01.850+0000] {processor.py:179} INFO - Processing /home/airflow/.local/lib/python3.8/site-packages/airflow/example_dags/example_short_circuit_operator.py took 0.033 seconds
[2024-10-06T00:59:18.921+0000] {processor.py:157} INFO - Started process (PID=25857) to work on /home/airflow/.local/lib/python3.8/site-packages/airflow/example_dags/example_short_circuit_operator.py
[2024-10-06T00:59:18.921+0000] {processor.py:829} INFO - Processing file /home/airflow/.local/lib/python3.8/site-packages/airflow/example_dags/example_short_circuit_operator.py for tasks to queue
[2024-10-06T00:59:18.923+0000] {logging_mixin.py:154} INFO - [2024-10-06T00:59:18.923+0000] {dagbag.py:536} INFO - Filling up the DagBag from /home/airflow/.local/lib/python3.8/site-packages/airflow/example_dags/example_short_circuit_operator.py
[2024-10-06T00:59:18.927+0000] {processor.py:839} INFO - DAG(s) dict_keys(['example_short_circuit_operator']) retrieved from /home/airflow/.local/lib/python3.8/site-packages/airflow/example_dags/example_short_circuit_operator.py
[2024-10-06T00:59:18.939+0000] {logging_mixin.py:154} INFO - [2024-10-06T00:59:18.939+0000] {dag.py:2941} INFO - Sync 1 DAGs
[2024-10-06T00:59:18.950+0000] {logging_mixin.py:154} INFO - [2024-10-06T00:59:18.949+0000] {dag.py:3722} INFO - Setting next_dagrun for example_short_circuit_operator to 2024-10-05T00:59:18.949776+00:00, run_after=2024-10-06T00:59:18.949776+00:00
[2024-10-06T00:59:18.962+0000] {processor.py:179} INFO - Processing /home/airflow/.local/lib/python3.8/site-packages/airflow/example_dags/example_short_circuit_operator.py took 0.042 seconds
[2024-10-06T02:12:19.970+0000] {processor.py:157} INFO - Started process (PID=25911) to work on /home/airflow/.local/lib/python3.8/site-packages/airflow/example_dags/example_short_circuit_operator.py
[2024-10-06T02:12:19.971+0000] {processor.py:829} INFO - Processing file /home/airflow/.local/lib/python3.8/site-packages/airflow/example_dags/example_short_circuit_operator.py for tasks to queue
[2024-10-06T02:12:19.972+0000] {logging_mixin.py:154} INFO - [2024-10-06T02:12:19.972+0000] {dagbag.py:536} INFO - Filling up the DagBag from /home/airflow/.local/lib/python3.8/site-packages/airflow/example_dags/example_short_circuit_operator.py
[2024-10-06T02:12:19.977+0000] {processor.py:839} INFO - DAG(s) dict_keys(['example_short_circuit_operator']) retrieved from /home/airflow/.local/lib/python3.8/site-packages/airflow/example_dags/example_short_circuit_operator.py
[2024-10-06T02:12:19.993+0000] {logging_mixin.py:154} INFO - [2024-10-06T02:12:19.992+0000] {dag.py:2941} INFO - Sync 1 DAGs
[2024-10-06T02:12:20.006+0000] {logging_mixin.py:154} INFO - [2024-10-06T02:12:20.006+0000] {dag.py:3722} INFO - Setting next_dagrun for example_short_circuit_operator to 2024-10-05T02:12:20.006412+00:00, run_after=2024-10-06T02:12:20.006412+00:00
[2024-10-06T02:12:20.020+0000] {processor.py:179} INFO - Processing /home/airflow/.local/lib/python3.8/site-packages/airflow/example_dags/example_short_circuit_operator.py took 0.052 seconds
[2024-10-06T02:48:47.212+0000] {processor.py:157} INFO - Started process (PID=25965) to work on /home/airflow/.local/lib/python3.8/site-packages/airflow/example_dags/example_short_circuit_operator.py
[2024-10-06T02:48:47.212+0000] {processor.py:829} INFO - Processing file /home/airflow/.local/lib/python3.8/site-packages/airflow/example_dags/example_short_circuit_operator.py for tasks to queue
[2024-10-06T02:48:47.213+0000] {logging_mixin.py:154} INFO - [2024-10-06T02:48:47.213+0000] {dagbag.py:536} INFO - Filling up the DagBag from /home/airflow/.local/lib/python3.8/site-packages/airflow/example_dags/example_short_circuit_operator.py
[2024-10-06T02:48:47.217+0000] {processor.py:839} INFO - DAG(s) dict_keys(['example_short_circuit_operator']) retrieved from /home/airflow/.local/lib/python3.8/site-packages/airflow/example_dags/example_short_circuit_operator.py
[2024-10-06T02:48:47.227+0000] {logging_mixin.py:154} INFO - [2024-10-06T02:48:47.227+0000] {dag.py:2941} INFO - Sync 1 DAGs
[2024-10-06T02:48:47.236+0000] {logging_mixin.py:154} INFO - [2024-10-06T02:48:47.235+0000] {dag.py:3722} INFO - Setting next_dagrun for example_short_circuit_operator to 2024-10-05T02:48:47.235820+00:00, run_after=2024-10-06T02:48:47.235820+00:00
[2024-10-06T02:48:47.242+0000] {processor.py:179} INFO - Processing /home/airflow/.local/lib/python3.8/site-packages/airflow/example_dags/example_short_circuit_operator.py took 0.032 seconds
[2024-10-06T03:19:22.811+0000] {processor.py:157} INFO - Started process (PID=26019) to work on /home/airflow/.local/lib/python3.8/site-packages/airflow/example_dags/example_short_circuit_operator.py
[2024-10-06T03:19:22.811+0000] {processor.py:829} INFO - Processing file /home/airflow/.local/lib/python3.8/site-packages/airflow/example_dags/example_short_circuit_operator.py for tasks to queue
[2024-10-06T03:19:22.813+0000] {logging_mixin.py:154} INFO - [2024-10-06T03:19:22.813+0000] {dagbag.py:536} INFO - Filling up the DagBag from /home/airflow/.local/lib/python3.8/site-packages/airflow/example_dags/example_short_circuit_operator.py
[2024-10-06T03:19:22.818+0000] {processor.py:839} INFO - DAG(s) dict_keys(['example_short_circuit_operator']) retrieved from /home/airflow/.local/lib/python3.8/site-packages/airflow/example_dags/example_short_circuit_operator.py
[2024-10-06T03:19:22.830+0000] {logging_mixin.py:154} INFO - [2024-10-06T03:19:22.830+0000] {dag.py:2941} INFO - Sync 1 DAGs
[2024-10-06T03:19:22.842+0000] {logging_mixin.py:154} INFO - [2024-10-06T03:19:22.842+0000] {dag.py:3722} INFO - Setting next_dagrun for example_short_circuit_operator to 2024-10-05T03:19:22.841873+00:00, run_after=2024-10-06T03:19:22.841873+00:00
[2024-10-06T03:19:22.851+0000] {processor.py:179} INFO - Processing /home/airflow/.local/lib/python3.8/site-packages/airflow/example_dags/example_short_circuit_operator.py took 0.042 seconds
[2024-10-06T04:34:56.439+0000] {processor.py:157} INFO - Started process (PID=26073) to work on /home/airflow/.local/lib/python3.8/site-packages/airflow/example_dags/example_short_circuit_operator.py
[2024-10-06T04:34:56.440+0000] {processor.py:829} INFO - Processing file /home/airflow/.local/lib/python3.8/site-packages/airflow/example_dags/example_short_circuit_operator.py for tasks to queue
[2024-10-06T04:34:56.441+0000] {logging_mixin.py:154} INFO - [2024-10-06T04:34:56.441+0000] {dagbag.py:536} INFO - Filling up the DagBag from /home/airflow/.local/lib/python3.8/site-packages/airflow/example_dags/example_short_circuit_operator.py
[2024-10-06T04:34:56.444+0000] {processor.py:839} INFO - DAG(s) dict_keys(['example_short_circuit_operator']) retrieved from /home/airflow/.local/lib/python3.8/site-packages/airflow/example_dags/example_short_circuit_operator.py
[2024-10-06T04:34:56.454+0000] {logging_mixin.py:154} INFO - [2024-10-06T04:34:56.453+0000] {dag.py:2941} INFO - Sync 1 DAGs
[2024-10-06T04:34:56.462+0000] {logging_mixin.py:154} INFO - [2024-10-06T04:34:56.462+0000] {dag.py:3722} INFO - Setting next_dagrun for example_short_circuit_operator to 2024-10-05T04:34:56.462595+00:00, run_after=2024-10-06T04:34:56.462595+00:00
[2024-10-06T04:34:56.469+0000] {processor.py:179} INFO - Processing /home/airflow/.local/lib/python3.8/site-packages/airflow/example_dags/example_short_circuit_operator.py took 0.031 seconds
[2024-10-06T05:54:01.166+0000] {processor.py:157} INFO - Started process (PID=26127) to work on /home/airflow/.local/lib/python3.8/site-packages/airflow/example_dags/example_short_circuit_operator.py
[2024-10-06T05:54:01.166+0000] {processor.py:829} INFO - Processing file /home/airflow/.local/lib/python3.8/site-packages/airflow/example_dags/example_short_circuit_operator.py for tasks to queue
[2024-10-06T05:54:01.168+0000] {logging_mixin.py:154} INFO - [2024-10-06T05:54:01.168+0000] {dagbag.py:536} INFO - Filling up the DagBag from /home/airflow/.local/lib/python3.8/site-packages/airflow/example_dags/example_short_circuit_operator.py
[2024-10-06T05:54:01.173+0000] {processor.py:839} INFO - DAG(s) dict_keys(['example_short_circuit_operator']) retrieved from /home/airflow/.local/lib/python3.8/site-packages/airflow/example_dags/example_short_circuit_operator.py
[2024-10-06T05:54:01.188+0000] {logging_mixin.py:154} INFO - [2024-10-06T05:54:01.187+0000] {dag.py:2941} INFO - Sync 1 DAGs
[2024-10-06T05:54:01.199+0000] {logging_mixin.py:154} INFO - [2024-10-06T05:54:01.199+0000] {dag.py:3722} INFO - Setting next_dagrun for example_short_circuit_operator to 2024-10-05T05:54:01.199497+00:00, run_after=2024-10-06T05:54:01.199497+00:00
[2024-10-06T05:54:01.210+0000] {processor.py:179} INFO - Processing /home/airflow/.local/lib/python3.8/site-packages/airflow/example_dags/example_short_circuit_operator.py took 0.047 seconds
[2024-10-06T06:41:06.983+0000] {processor.py:157} INFO - Started process (PID=26181) to work on /home/airflow/.local/lib/python3.8/site-packages/airflow/example_dags/example_short_circuit_operator.py
[2024-10-06T06:41:06.983+0000] {processor.py:829} INFO - Processing file /home/airflow/.local/lib/python3.8/site-packages/airflow/example_dags/example_short_circuit_operator.py for tasks to queue
[2024-10-06T06:41:06.985+0000] {logging_mixin.py:154} INFO - [2024-10-06T06:41:06.985+0000] {dagbag.py:536} INFO - Filling up the DagBag from /home/airflow/.local/lib/python3.8/site-packages/airflow/example_dags/example_short_circuit_operator.py
[2024-10-06T06:41:06.989+0000] {processor.py:839} INFO - DAG(s) dict_keys(['example_short_circuit_operator']) retrieved from /home/airflow/.local/lib/python3.8/site-packages/airflow/example_dags/example_short_circuit_operator.py
[2024-10-06T06:41:07.003+0000] {logging_mixin.py:154} INFO - [2024-10-06T06:41:07.003+0000] {dag.py:2941} INFO - Sync 1 DAGs
[2024-10-06T06:41:07.014+0000] {logging_mixin.py:154} INFO - [2024-10-06T06:41:07.014+0000] {dag.py:3722} INFO - Setting next_dagrun for example_short_circuit_operator to 2024-10-05T06:41:07.014263+00:00, run_after=2024-10-06T06:41:07.014263+00:00
[2024-10-06T06:41:07.023+0000] {processor.py:179} INFO - Processing /home/airflow/.local/lib/python3.8/site-packages/airflow/example_dags/example_short_circuit_operator.py took 0.043 seconds
[2024-10-06T08:19:29.647+0000] {processor.py:157} INFO - Started process (PID=26235) to work on /home/airflow/.local/lib/python3.8/site-packages/airflow/example_dags/example_short_circuit_operator.py
[2024-10-06T08:19:29.648+0000] {processor.py:829} INFO - Processing file /home/airflow/.local/lib/python3.8/site-packages/airflow/example_dags/example_short_circuit_operator.py for tasks to queue
[2024-10-06T08:19:29.649+0000] {logging_mixin.py:154} INFO - [2024-10-06T08:19:29.649+0000] {dagbag.py:536} INFO - Filling up the DagBag from /home/airflow/.local/lib/python3.8/site-packages/airflow/example_dags/example_short_circuit_operator.py
[2024-10-06T08:19:29.653+0000] {processor.py:839} INFO - DAG(s) dict_keys(['example_short_circuit_operator']) retrieved from /home/airflow/.local/lib/python3.8/site-packages/airflow/example_dags/example_short_circuit_operator.py
[2024-10-06T08:19:29.666+0000] {logging_mixin.py:154} INFO - [2024-10-06T08:19:29.665+0000] {dag.py:2941} INFO - Sync 1 DAGs
[2024-10-06T08:19:29.676+0000] {logging_mixin.py:154} INFO - [2024-10-06T08:19:29.676+0000] {dag.py:3722} INFO - Setting next_dagrun for example_short_circuit_operator to 2024-10-05T08:19:29.676361+00:00, run_after=2024-10-06T08:19:29.676361+00:00
[2024-10-06T08:19:29.687+0000] {processor.py:179} INFO - Processing /home/airflow/.local/lib/python3.8/site-packages/airflow/example_dags/example_short_circuit_operator.py took 0.041 seconds
[2024-10-06T09:31:45.645+0000] {processor.py:157} INFO - Started process (PID=26289) to work on /home/airflow/.local/lib/python3.8/site-packages/airflow/example_dags/example_short_circuit_operator.py
[2024-10-06T09:31:45.645+0000] {processor.py:829} INFO - Processing file /home/airflow/.local/lib/python3.8/site-packages/airflow/example_dags/example_short_circuit_operator.py for tasks to queue
[2024-10-06T09:31:45.646+0000] {logging_mixin.py:154} INFO - [2024-10-06T09:31:45.646+0000] {dagbag.py:536} INFO - Filling up the DagBag from /home/airflow/.local/lib/python3.8/site-packages/airflow/example_dags/example_short_circuit_operator.py
[2024-10-06T09:31:45.650+0000] {processor.py:839} INFO - DAG(s) dict_keys(['example_short_circuit_operator']) retrieved from /home/airflow/.local/lib/python3.8/site-packages/airflow/example_dags/example_short_circuit_operator.py
[2024-10-06T09:31:45.659+0000] {logging_mixin.py:154} INFO - [2024-10-06T09:31:45.659+0000] {dag.py:2941} INFO - Sync 1 DAGs
[2024-10-06T09:31:45.667+0000] {logging_mixin.py:154} INFO - [2024-10-06T09:31:45.667+0000] {dag.py:3722} INFO - Setting next_dagrun for example_short_circuit_operator to 2024-10-05T09:31:45.667156+00:00, run_after=2024-10-06T09:31:45.667156+00:00
[2024-10-06T09:31:45.673+0000] {processor.py:179} INFO - Processing /home/airflow/.local/lib/python3.8/site-packages/airflow/example_dags/example_short_circuit_operator.py took 0.030 seconds
[2024-10-06T10:45:25.494+0000] {processor.py:157} INFO - Started process (PID=26343) to work on /home/airflow/.local/lib/python3.8/site-packages/airflow/example_dags/example_short_circuit_operator.py
[2024-10-06T10:45:25.495+0000] {processor.py:829} INFO - Processing file /home/airflow/.local/lib/python3.8/site-packages/airflow/example_dags/example_short_circuit_operator.py for tasks to queue
[2024-10-06T10:45:25.496+0000] {logging_mixin.py:154} INFO - [2024-10-06T10:45:25.496+0000] {dagbag.py:536} INFO - Filling up the DagBag from /home/airflow/.local/lib/python3.8/site-packages/airflow/example_dags/example_short_circuit_operator.py
[2024-10-06T10:45:25.500+0000] {processor.py:839} INFO - DAG(s) dict_keys(['example_short_circuit_operator']) retrieved from /home/airflow/.local/lib/python3.8/site-packages/airflow/example_dags/example_short_circuit_operator.py
[2024-10-06T10:45:25.514+0000] {logging_mixin.py:154} INFO - [2024-10-06T10:45:25.513+0000] {dag.py:2941} INFO - Sync 1 DAGs
[2024-10-06T10:45:25.528+0000] {logging_mixin.py:154} INFO - [2024-10-06T10:45:25.528+0000] {dag.py:3722} INFO - Setting next_dagrun for example_short_circuit_operator to 2024-10-05T10:45:25.527989+00:00, run_after=2024-10-06T10:45:25.527989+00:00
[2024-10-06T10:45:25.540+0000] {processor.py:179} INFO - Processing /home/airflow/.local/lib/python3.8/site-packages/airflow/example_dags/example_short_circuit_operator.py took 0.048 seconds
[2024-10-06T11:46:25.932+0000] {processor.py:157} INFO - Started process (PID=26397) to work on /home/airflow/.local/lib/python3.8/site-packages/airflow/example_dags/example_short_circuit_operator.py
[2024-10-06T11:46:25.932+0000] {processor.py:829} INFO - Processing file /home/airflow/.local/lib/python3.8/site-packages/airflow/example_dags/example_short_circuit_operator.py for tasks to queue
[2024-10-06T11:46:25.933+0000] {logging_mixin.py:154} INFO - [2024-10-06T11:46:25.933+0000] {dagbag.py:536} INFO - Filling up the DagBag from /home/airflow/.local/lib/python3.8/site-packages/airflow/example_dags/example_short_circuit_operator.py
[2024-10-06T11:46:25.937+0000] {processor.py:839} INFO - DAG(s) dict_keys(['example_short_circuit_operator']) retrieved from /home/airflow/.local/lib/python3.8/site-packages/airflow/example_dags/example_short_circuit_operator.py
[2024-10-06T11:46:25.947+0000] {logging_mixin.py:154} INFO - [2024-10-06T11:46:25.946+0000] {dag.py:2941} INFO - Sync 1 DAGs
[2024-10-06T11:46:25.956+0000] {logging_mixin.py:154} INFO - [2024-10-06T11:46:25.955+0000] {dag.py:3722} INFO - Setting next_dagrun for example_short_circuit_operator to 2024-10-05T11:46:25.955841+00:00, run_after=2024-10-06T11:46:25.955841+00:00
[2024-10-06T11:46:25.962+0000] {processor.py:179} INFO - Processing /home/airflow/.local/lib/python3.8/site-packages/airflow/example_dags/example_short_circuit_operator.py took 0.032 seconds
[2024-10-06T12:33:57.478+0000] {processor.py:157} INFO - Started process (PID=26451) to work on /home/airflow/.local/lib/python3.8/site-packages/airflow/example_dags/example_short_circuit_operator.py
[2024-10-06T12:33:57.478+0000] {processor.py:829} INFO - Processing file /home/airflow/.local/lib/python3.8/site-packages/airflow/example_dags/example_short_circuit_operator.py for tasks to queue
[2024-10-06T12:33:57.479+0000] {logging_mixin.py:154} INFO - [2024-10-06T12:33:57.479+0000] {dagbag.py:536} INFO - Filling up the DagBag from /home/airflow/.local/lib/python3.8/site-packages/airflow/example_dags/example_short_circuit_operator.py
[2024-10-06T12:33:57.483+0000] {processor.py:839} INFO - DAG(s) dict_keys(['example_short_circuit_operator']) retrieved from /home/airflow/.local/lib/python3.8/site-packages/airflow/example_dags/example_short_circuit_operator.py
[2024-10-06T12:33:57.492+0000] {logging_mixin.py:154} INFO - [2024-10-06T12:33:57.492+0000] {dag.py:2941} INFO - Sync 1 DAGs
[2024-10-06T12:33:57.500+0000] {logging_mixin.py:154} INFO - [2024-10-06T12:33:57.500+0000] {dag.py:3722} INFO - Setting next_dagrun for example_short_circuit_operator to 2024-10-05T12:33:57.500660+00:00, run_after=2024-10-06T12:33:57.500660+00:00
[2024-10-06T12:33:57.506+0000] {processor.py:179} INFO - Processing /home/airflow/.local/lib/python3.8/site-packages/airflow/example_dags/example_short_circuit_operator.py took 0.030 seconds
[2024-10-06T13:17:28.188+0000] {processor.py:157} INFO - Started process (PID=26505) to work on /home/airflow/.local/lib/python3.8/site-packages/airflow/example_dags/example_short_circuit_operator.py
[2024-10-06T13:17:28.189+0000] {processor.py:829} INFO - Processing file /home/airflow/.local/lib/python3.8/site-packages/airflow/example_dags/example_short_circuit_operator.py for tasks to queue
[2024-10-06T13:17:28.190+0000] {logging_mixin.py:154} INFO - [2024-10-06T13:17:28.190+0000] {dagbag.py:536} INFO - Filling up the DagBag from /home/airflow/.local/lib/python3.8/site-packages/airflow/example_dags/example_short_circuit_operator.py
[2024-10-06T13:17:28.195+0000] {processor.py:839} INFO - DAG(s) dict_keys(['example_short_circuit_operator']) retrieved from /home/airflow/.local/lib/python3.8/site-packages/airflow/example_dags/example_short_circuit_operator.py
[2024-10-06T13:17:28.210+0000] {logging_mixin.py:154} INFO - [2024-10-06T13:17:28.209+0000] {dag.py:2941} INFO - Sync 1 DAGs
[2024-10-06T13:17:28.222+0000] {logging_mixin.py:154} INFO - [2024-10-06T13:17:28.222+0000] {dag.py:3722} INFO - Setting next_dagrun for example_short_circuit_operator to 2024-10-05T13:17:28.222103+00:00, run_after=2024-10-06T13:17:28.222103+00:00
[2024-10-06T13:17:28.233+0000] {processor.py:179} INFO - Processing /home/airflow/.local/lib/python3.8/site-packages/airflow/example_dags/example_short_circuit_operator.py took 0.047 seconds
[2024-10-06T14:49:26.579+0000] {processor.py:157} INFO - Started process (PID=26559) to work on /home/airflow/.local/lib/python3.8/site-packages/airflow/example_dags/example_short_circuit_operator.py
[2024-10-06T14:49:26.579+0000] {processor.py:829} INFO - Processing file /home/airflow/.local/lib/python3.8/site-packages/airflow/example_dags/example_short_circuit_operator.py for tasks to queue
[2024-10-06T14:49:26.580+0000] {logging_mixin.py:154} INFO - [2024-10-06T14:49:26.580+0000] {dagbag.py:536} INFO - Filling up the DagBag from /home/airflow/.local/lib/python3.8/site-packages/airflow/example_dags/example_short_circuit_operator.py
[2024-10-06T14:49:26.584+0000] {processor.py:839} INFO - DAG(s) dict_keys(['example_short_circuit_operator']) retrieved from /home/airflow/.local/lib/python3.8/site-packages/airflow/example_dags/example_short_circuit_operator.py
[2024-10-06T14:49:26.593+0000] {logging_mixin.py:154} INFO - [2024-10-06T14:49:26.593+0000] {dag.py:2941} INFO - Sync 1 DAGs
[2024-10-06T14:49:26.601+0000] {logging_mixin.py:154} INFO - [2024-10-06T14:49:26.601+0000] {dag.py:3722} INFO - Setting next_dagrun for example_short_circuit_operator to 2024-10-05T14:49:26.601549+00:00, run_after=2024-10-06T14:49:26.601549+00:00
[2024-10-06T14:49:26.608+0000] {processor.py:179} INFO - Processing /home/airflow/.local/lib/python3.8/site-packages/airflow/example_dags/example_short_circuit_operator.py took 0.031 seconds
[2024-10-06T15:50:30.836+0000] {processor.py:157} INFO - Started process (PID=26613) to work on /home/airflow/.local/lib/python3.8/site-packages/airflow/example_dags/example_short_circuit_operator.py
[2024-10-06T15:50:30.836+0000] {processor.py:829} INFO - Processing file /home/airflow/.local/lib/python3.8/site-packages/airflow/example_dags/example_short_circuit_operator.py for tasks to queue
[2024-10-06T15:50:30.838+0000] {logging_mixin.py:154} INFO - [2024-10-06T15:50:30.838+0000] {dagbag.py:536} INFO - Filling up the DagBag from /home/airflow/.local/lib/python3.8/site-packages/airflow/example_dags/example_short_circuit_operator.py
[2024-10-06T15:50:30.843+0000] {processor.py:839} INFO - DAG(s) dict_keys(['example_short_circuit_operator']) retrieved from /home/airflow/.local/lib/python3.8/site-packages/airflow/example_dags/example_short_circuit_operator.py
[2024-10-06T15:50:30.858+0000] {logging_mixin.py:154} INFO - [2024-10-06T15:50:30.857+0000] {dag.py:2941} INFO - Sync 1 DAGs
[2024-10-06T15:50:30.871+0000] {logging_mixin.py:154} INFO - [2024-10-06T15:50:30.871+0000] {dag.py:3722} INFO - Setting next_dagrun for example_short_circuit_operator to 2024-10-05T15:50:30.871075+00:00, run_after=2024-10-06T15:50:30.871075+00:00
[2024-10-06T15:50:30.881+0000] {processor.py:179} INFO - Processing /home/airflow/.local/lib/python3.8/site-packages/airflow/example_dags/example_short_circuit_operator.py took 0.048 seconds
[2024-10-06T16:11:23.931+0000] {processor.py:157} INFO - Started process (PID=26667) to work on /home/airflow/.local/lib/python3.8/site-packages/airflow/example_dags/example_short_circuit_operator.py
[2024-10-06T16:11:23.932+0000] {processor.py:829} INFO - Processing file /home/airflow/.local/lib/python3.8/site-packages/airflow/example_dags/example_short_circuit_operator.py for tasks to queue
[2024-10-06T16:11:23.933+0000] {logging_mixin.py:154} INFO - [2024-10-06T16:11:23.933+0000] {dagbag.py:536} INFO - Filling up the DagBag from /home/airflow/.local/lib/python3.8/site-packages/airflow/example_dags/example_short_circuit_operator.py
[2024-10-06T16:11:23.938+0000] {processor.py:839} INFO - DAG(s) dict_keys(['example_short_circuit_operator']) retrieved from /home/airflow/.local/lib/python3.8/site-packages/airflow/example_dags/example_short_circuit_operator.py
[2024-10-06T16:11:23.951+0000] {logging_mixin.py:154} INFO - [2024-10-06T16:11:23.951+0000] {dag.py:2941} INFO - Sync 1 DAGs
[2024-10-06T16:11:23.964+0000] {logging_mixin.py:154} INFO - [2024-10-06T16:11:23.964+0000] {dag.py:3722} INFO - Setting next_dagrun for example_short_circuit_operator to 2024-10-05T16:11:23.964055+00:00, run_after=2024-10-06T16:11:23.964055+00:00
[2024-10-06T16:11:23.977+0000] {processor.py:179} INFO - Processing /home/airflow/.local/lib/python3.8/site-packages/airflow/example_dags/example_short_circuit_operator.py took 0.047 seconds
[2024-10-06T16:17:00.707+0000] {processor.py:157} INFO - Started process (PID=26721) to work on /home/airflow/.local/lib/python3.8/site-packages/airflow/example_dags/example_short_circuit_operator.py
[2024-10-06T16:17:00.707+0000] {processor.py:829} INFO - Processing file /home/airflow/.local/lib/python3.8/site-packages/airflow/example_dags/example_short_circuit_operator.py for tasks to queue
[2024-10-06T16:17:00.709+0000] {logging_mixin.py:154} INFO - [2024-10-06T16:17:00.708+0000] {dagbag.py:536} INFO - Filling up the DagBag from /home/airflow/.local/lib/python3.8/site-packages/airflow/example_dags/example_short_circuit_operator.py
[2024-10-06T16:17:00.712+0000] {processor.py:839} INFO - DAG(s) dict_keys(['example_short_circuit_operator']) retrieved from /home/airflow/.local/lib/python3.8/site-packages/airflow/example_dags/example_short_circuit_operator.py
[2024-10-06T16:17:00.721+0000] {logging_mixin.py:154} INFO - [2024-10-06T16:17:00.721+0000] {dag.py:2941} INFO - Sync 1 DAGs
[2024-10-06T16:17:00.729+0000] {logging_mixin.py:154} INFO - [2024-10-06T16:17:00.729+0000] {dag.py:3722} INFO - Setting next_dagrun for example_short_circuit_operator to 2024-10-05T16:17:00.728939+00:00, run_after=2024-10-06T16:17:00.728939+00:00
[2024-10-06T16:17:00.735+0000] {processor.py:179} INFO - Processing /home/airflow/.local/lib/python3.8/site-packages/airflow/example_dags/example_short_circuit_operator.py took 0.029 seconds
[2024-10-06T17:25:37.617+0000] {processor.py:157} INFO - Started process (PID=26775) to work on /home/airflow/.local/lib/python3.8/site-packages/airflow/example_dags/example_short_circuit_operator.py
[2024-10-06T17:25:37.617+0000] {processor.py:829} INFO - Processing file /home/airflow/.local/lib/python3.8/site-packages/airflow/example_dags/example_short_circuit_operator.py for tasks to queue
[2024-10-06T17:25:37.618+0000] {logging_mixin.py:154} INFO - [2024-10-06T17:25:37.618+0000] {dagbag.py:536} INFO - Filling up the DagBag from /home/airflow/.local/lib/python3.8/site-packages/airflow/example_dags/example_short_circuit_operator.py
[2024-10-06T17:25:37.622+0000] {processor.py:839} INFO - DAG(s) dict_keys(['example_short_circuit_operator']) retrieved from /home/airflow/.local/lib/python3.8/site-packages/airflow/example_dags/example_short_circuit_operator.py
[2024-10-06T17:25:37.632+0000] {logging_mixin.py:154} INFO - [2024-10-06T17:25:37.631+0000] {dag.py:2941} INFO - Sync 1 DAGs
[2024-10-06T17:25:37.640+0000] {logging_mixin.py:154} INFO - [2024-10-06T17:25:37.640+0000] {dag.py:3722} INFO - Setting next_dagrun for example_short_circuit_operator to 2024-10-05T17:25:37.640156+00:00, run_after=2024-10-06T17:25:37.640156+00:00
[2024-10-06T17:25:37.647+0000] {processor.py:179} INFO - Processing /home/airflow/.local/lib/python3.8/site-packages/airflow/example_dags/example_short_circuit_operator.py took 0.031 seconds
[2024-10-06T17:48:10.505+0000] {processor.py:157} INFO - Started process (PID=26829) to work on /home/airflow/.local/lib/python3.8/site-packages/airflow/example_dags/example_short_circuit_operator.py
[2024-10-06T17:48:10.506+0000] {processor.py:829} INFO - Processing file /home/airflow/.local/lib/python3.8/site-packages/airflow/example_dags/example_short_circuit_operator.py for tasks to queue
[2024-10-06T17:48:10.507+0000] {logging_mixin.py:154} INFO - [2024-10-06T17:48:10.507+0000] {dagbag.py:536} INFO - Filling up the DagBag from /home/airflow/.local/lib/python3.8/site-packages/airflow/example_dags/example_short_circuit_operator.py
[2024-10-06T17:48:10.512+0000] {processor.py:839} INFO - DAG(s) dict_keys(['example_short_circuit_operator']) retrieved from /home/airflow/.local/lib/python3.8/site-packages/airflow/example_dags/example_short_circuit_operator.py
[2024-10-06T17:48:10.522+0000] {logging_mixin.py:154} INFO - [2024-10-06T17:48:10.522+0000] {dag.py:2941} INFO - Sync 1 DAGs
[2024-10-06T17:48:10.531+0000] {logging_mixin.py:154} INFO - [2024-10-06T17:48:10.531+0000] {dag.py:3722} INFO - Setting next_dagrun for example_short_circuit_operator to 2024-10-05T17:48:10.531483+00:00, run_after=2024-10-06T17:48:10.531483+00:00
[2024-10-06T17:48:10.538+0000] {processor.py:179} INFO - Processing /home/airflow/.local/lib/python3.8/site-packages/airflow/example_dags/example_short_circuit_operator.py took 0.035 seconds
[2024-10-06T18:17:58.381+0000] {processor.py:157} INFO - Started process (PID=26883) to work on /home/airflow/.local/lib/python3.8/site-packages/airflow/example_dags/example_short_circuit_operator.py
[2024-10-06T18:17:58.382+0000] {processor.py:829} INFO - Processing file /home/airflow/.local/lib/python3.8/site-packages/airflow/example_dags/example_short_circuit_operator.py for tasks to queue
[2024-10-06T18:17:58.383+0000] {logging_mixin.py:154} INFO - [2024-10-06T18:17:58.383+0000] {dagbag.py:536} INFO - Filling up the DagBag from /home/airflow/.local/lib/python3.8/site-packages/airflow/example_dags/example_short_circuit_operator.py
[2024-10-06T18:17:58.388+0000] {processor.py:839} INFO - DAG(s) dict_keys(['example_short_circuit_operator']) retrieved from /home/airflow/.local/lib/python3.8/site-packages/airflow/example_dags/example_short_circuit_operator.py
[2024-10-06T18:17:58.401+0000] {logging_mixin.py:154} INFO - [2024-10-06T18:17:58.401+0000] {dag.py:2941} INFO - Sync 1 DAGs
[2024-10-06T18:17:58.415+0000] {logging_mixin.py:154} INFO - [2024-10-06T18:17:58.415+0000] {dag.py:3722} INFO - Setting next_dagrun for example_short_circuit_operator to 2024-10-05T18:17:58.415579+00:00, run_after=2024-10-06T18:17:58.415579+00:00
[2024-10-06T18:17:58.427+0000] {processor.py:179} INFO - Processing /home/airflow/.local/lib/python3.8/site-packages/airflow/example_dags/example_short_circuit_operator.py took 0.049 seconds
[2024-10-06T19:43:22.956+0000] {processor.py:157} INFO - Started process (PID=26937) to work on /home/airflow/.local/lib/python3.8/site-packages/airflow/example_dags/example_short_circuit_operator.py
[2024-10-06T19:43:22.957+0000] {processor.py:829} INFO - Processing file /home/airflow/.local/lib/python3.8/site-packages/airflow/example_dags/example_short_circuit_operator.py for tasks to queue
[2024-10-06T19:43:22.959+0000] {logging_mixin.py:154} INFO - [2024-10-06T19:43:22.959+0000] {dagbag.py:536} INFO - Filling up the DagBag from /home/airflow/.local/lib/python3.8/site-packages/airflow/example_dags/example_short_circuit_operator.py
[2024-10-06T19:43:22.964+0000] {processor.py:839} INFO - DAG(s) dict_keys(['example_short_circuit_operator']) retrieved from /home/airflow/.local/lib/python3.8/site-packages/airflow/example_dags/example_short_circuit_operator.py
[2024-10-06T19:43:22.978+0000] {logging_mixin.py:154} INFO - [2024-10-06T19:43:22.978+0000] {dag.py:2941} INFO - Sync 1 DAGs
[2024-10-06T19:43:22.990+0000] {logging_mixin.py:154} INFO - [2024-10-06T19:43:22.990+0000] {dag.py:3722} INFO - Setting next_dagrun for example_short_circuit_operator to 2024-10-05T19:43:22.990457+00:00, run_after=2024-10-06T19:43:22.990457+00:00
[2024-10-06T19:43:23.000+0000] {processor.py:179} INFO - Processing /home/airflow/.local/lib/python3.8/site-packages/airflow/example_dags/example_short_circuit_operator.py took 0.046 seconds
[2024-10-06T20:31:10.010+0000] {processor.py:157} INFO - Started process (PID=26991) to work on /home/airflow/.local/lib/python3.8/site-packages/airflow/example_dags/example_short_circuit_operator.py
[2024-10-06T20:31:10.010+0000] {processor.py:829} INFO - Processing file /home/airflow/.local/lib/python3.8/site-packages/airflow/example_dags/example_short_circuit_operator.py for tasks to queue
[2024-10-06T20:31:10.011+0000] {logging_mixin.py:154} INFO - [2024-10-06T20:31:10.011+0000] {dagbag.py:536} INFO - Filling up the DagBag from /home/airflow/.local/lib/python3.8/site-packages/airflow/example_dags/example_short_circuit_operator.py
[2024-10-06T20:31:10.015+0000] {processor.py:839} INFO - DAG(s) dict_keys(['example_short_circuit_operator']) retrieved from /home/airflow/.local/lib/python3.8/site-packages/airflow/example_dags/example_short_circuit_operator.py
[2024-10-06T20:31:10.025+0000] {logging_mixin.py:154} INFO - [2024-10-06T20:31:10.025+0000] {dag.py:2941} INFO - Sync 1 DAGs
[2024-10-06T20:31:10.034+0000] {logging_mixin.py:154} INFO - [2024-10-06T20:31:10.034+0000] {dag.py:3722} INFO - Setting next_dagrun for example_short_circuit_operator to 2024-10-05T20:31:10.034107+00:00, run_after=2024-10-06T20:31:10.034107+00:00
[2024-10-06T20:31:10.041+0000] {processor.py:179} INFO - Processing /home/airflow/.local/lib/python3.8/site-packages/airflow/example_dags/example_short_circuit_operator.py took 0.033 seconds
[2024-10-06T20:40:15.036+0000] {processor.py:157} INFO - Started process (PID=27045) to work on /home/airflow/.local/lib/python3.8/site-packages/airflow/example_dags/example_short_circuit_operator.py
[2024-10-06T20:40:15.036+0000] {processor.py:829} INFO - Processing file /home/airflow/.local/lib/python3.8/site-packages/airflow/example_dags/example_short_circuit_operator.py for tasks to queue
[2024-10-06T20:40:15.038+0000] {logging_mixin.py:154} INFO - [2024-10-06T20:40:15.037+0000] {dagbag.py:536} INFO - Filling up the DagBag from /home/airflow/.local/lib/python3.8/site-packages/airflow/example_dags/example_short_circuit_operator.py
[2024-10-06T20:40:15.042+0000] {processor.py:839} INFO - DAG(s) dict_keys(['example_short_circuit_operator']) retrieved from /home/airflow/.local/lib/python3.8/site-packages/airflow/example_dags/example_short_circuit_operator.py
[2024-10-06T20:40:15.055+0000] {logging_mixin.py:154} INFO - [2024-10-06T20:40:15.055+0000] {dag.py:2941} INFO - Sync 1 DAGs
[2024-10-06T20:40:15.066+0000] {logging_mixin.py:154} INFO - [2024-10-06T20:40:15.066+0000] {dag.py:3722} INFO - Setting next_dagrun for example_short_circuit_operator to 2024-10-05T20:40:15.066649+00:00, run_after=2024-10-06T20:40:15.066649+00:00
[2024-10-06T20:40:15.076+0000] {processor.py:179} INFO - Processing /home/airflow/.local/lib/python3.8/site-packages/airflow/example_dags/example_short_circuit_operator.py took 0.043 seconds
[2024-10-06T20:43:25.294+0000] {processor.py:157} INFO - Started process (PID=27099) to work on /home/airflow/.local/lib/python3.8/site-packages/airflow/example_dags/example_short_circuit_operator.py
[2024-10-06T20:43:25.295+0000] {processor.py:829} INFO - Processing file /home/airflow/.local/lib/python3.8/site-packages/airflow/example_dags/example_short_circuit_operator.py for tasks to queue
[2024-10-06T20:43:25.296+0000] {logging_mixin.py:154} INFO - [2024-10-06T20:43:25.295+0000] {dagbag.py:536} INFO - Filling up the DagBag from /home/airflow/.local/lib/python3.8/site-packages/airflow/example_dags/example_short_circuit_operator.py
[2024-10-06T20:43:25.299+0000] {processor.py:839} INFO - DAG(s) dict_keys(['example_short_circuit_operator']) retrieved from /home/airflow/.local/lib/python3.8/site-packages/airflow/example_dags/example_short_circuit_operator.py
[2024-10-06T20:43:25.309+0000] {logging_mixin.py:154} INFO - [2024-10-06T20:43:25.309+0000] {dag.py:2941} INFO - Sync 1 DAGs
[2024-10-06T20:43:25.318+0000] {logging_mixin.py:154} INFO - [2024-10-06T20:43:25.318+0000] {dag.py:3722} INFO - Setting next_dagrun for example_short_circuit_operator to 2024-10-05T20:43:25.317958+00:00, run_after=2024-10-06T20:43:25.317958+00:00
[2024-10-06T20:43:25.324+0000] {processor.py:179} INFO - Processing /home/airflow/.local/lib/python3.8/site-packages/airflow/example_dags/example_short_circuit_operator.py took 0.031 seconds
[2024-10-06T21:12:03.654+0000] {processor.py:157} INFO - Started process (PID=27153) to work on /home/airflow/.local/lib/python3.8/site-packages/airflow/example_dags/example_short_circuit_operator.py
[2024-10-06T21:12:03.654+0000] {processor.py:829} INFO - Processing file /home/airflow/.local/lib/python3.8/site-packages/airflow/example_dags/example_short_circuit_operator.py for tasks to queue
[2024-10-06T21:12:03.656+0000] {logging_mixin.py:154} INFO - [2024-10-06T21:12:03.656+0000] {dagbag.py:536} INFO - Filling up the DagBag from /home/airflow/.local/lib/python3.8/site-packages/airflow/example_dags/example_short_circuit_operator.py
[2024-10-06T21:12:03.661+0000] {processor.py:839} INFO - DAG(s) dict_keys(['example_short_circuit_operator']) retrieved from /home/airflow/.local/lib/python3.8/site-packages/airflow/example_dags/example_short_circuit_operator.py
[2024-10-06T21:12:03.676+0000] {logging_mixin.py:154} INFO - [2024-10-06T21:12:03.676+0000] {dag.py:2941} INFO - Sync 1 DAGs
[2024-10-06T21:12:03.688+0000] {logging_mixin.py:154} INFO - [2024-10-06T21:12:03.688+0000] {dag.py:3722} INFO - Setting next_dagrun for example_short_circuit_operator to 2024-10-05T21:12:03.688415+00:00, run_after=2024-10-06T21:12:03.688415+00:00
[2024-10-06T21:12:03.697+0000] {processor.py:179} INFO - Processing /home/airflow/.local/lib/python3.8/site-packages/airflow/example_dags/example_short_circuit_operator.py took 0.045 seconds
[2024-10-06T21:13:26.349+0000] {processor.py:157} INFO - Started process (PID=27207) to work on /home/airflow/.local/lib/python3.8/site-packages/airflow/example_dags/example_short_circuit_operator.py
[2024-10-06T21:13:26.350+0000] {processor.py:829} INFO - Processing file /home/airflow/.local/lib/python3.8/site-packages/airflow/example_dags/example_short_circuit_operator.py for tasks to queue
[2024-10-06T21:13:26.351+0000] {logging_mixin.py:154} INFO - [2024-10-06T21:13:26.351+0000] {dagbag.py:536} INFO - Filling up the DagBag from /home/airflow/.local/lib/python3.8/site-packages/airflow/example_dags/example_short_circuit_operator.py
[2024-10-06T21:13:26.354+0000] {processor.py:839} INFO - DAG(s) dict_keys(['example_short_circuit_operator']) retrieved from /home/airflow/.local/lib/python3.8/site-packages/airflow/example_dags/example_short_circuit_operator.py
[2024-10-06T21:13:26.365+0000] {logging_mixin.py:154} INFO - [2024-10-06T21:13:26.364+0000] {dag.py:2941} INFO - Sync 1 DAGs
[2024-10-06T21:13:26.373+0000] {logging_mixin.py:154} INFO - [2024-10-06T21:13:26.373+0000] {dag.py:3722} INFO - Setting next_dagrun for example_short_circuit_operator to 2024-10-05T21:13:26.373662+00:00, run_after=2024-10-06T21:13:26.373662+00:00
[2024-10-06T21:13:26.380+0000] {processor.py:179} INFO - Processing /home/airflow/.local/lib/python3.8/site-packages/airflow/example_dags/example_short_circuit_operator.py took 0.032 seconds
[2024-10-06T21:24:00.535+0000] {processor.py:157} INFO - Started process (PID=27261) to work on /home/airflow/.local/lib/python3.8/site-packages/airflow/example_dags/example_short_circuit_operator.py
[2024-10-06T21:24:00.536+0000] {processor.py:829} INFO - Processing file /home/airflow/.local/lib/python3.8/site-packages/airflow/example_dags/example_short_circuit_operator.py for tasks to queue
[2024-10-06T21:24:00.538+0000] {logging_mixin.py:154} INFO - [2024-10-06T21:24:00.537+0000] {dagbag.py:536} INFO - Filling up the DagBag from /home/airflow/.local/lib/python3.8/site-packages/airflow/example_dags/example_short_circuit_operator.py
[2024-10-06T21:24:00.542+0000] {processor.py:839} INFO - DAG(s) dict_keys(['example_short_circuit_operator']) retrieved from /home/airflow/.local/lib/python3.8/site-packages/airflow/example_dags/example_short_circuit_operator.py
[2024-10-06T21:24:00.557+0000] {logging_mixin.py:154} INFO - [2024-10-06T21:24:00.556+0000] {dag.py:2941} INFO - Sync 1 DAGs
[2024-10-06T21:24:00.569+0000] {logging_mixin.py:154} INFO - [2024-10-06T21:24:00.569+0000] {dag.py:3722} INFO - Setting next_dagrun for example_short_circuit_operator to 2024-10-05T21:24:00.569043+00:00, run_after=2024-10-06T21:24:00.569043+00:00
[2024-10-06T21:24:00.580+0000] {processor.py:179} INFO - Processing /home/airflow/.local/lib/python3.8/site-packages/airflow/example_dags/example_short_circuit_operator.py took 0.047 seconds
[2024-10-06T22:02:22.162+0000] {processor.py:157} INFO - Started process (PID=27315) to work on /home/airflow/.local/lib/python3.8/site-packages/airflow/example_dags/example_short_circuit_operator.py
[2024-10-06T22:02:22.162+0000] {processor.py:829} INFO - Processing file /home/airflow/.local/lib/python3.8/site-packages/airflow/example_dags/example_short_circuit_operator.py for tasks to queue
[2024-10-06T22:02:22.163+0000] {logging_mixin.py:154} INFO - [2024-10-06T22:02:22.163+0000] {dagbag.py:536} INFO - Filling up the DagBag from /home/airflow/.local/lib/python3.8/site-packages/airflow/example_dags/example_short_circuit_operator.py
[2024-10-06T22:02:22.167+0000] {processor.py:839} INFO - DAG(s) dict_keys(['example_short_circuit_operator']) retrieved from /home/airflow/.local/lib/python3.8/site-packages/airflow/example_dags/example_short_circuit_operator.py
[2024-10-06T22:02:22.177+0000] {logging_mixin.py:154} INFO - [2024-10-06T22:02:22.177+0000] {dag.py:2941} INFO - Sync 1 DAGs
[2024-10-06T22:02:22.186+0000] {logging_mixin.py:154} INFO - [2024-10-06T22:02:22.186+0000] {dag.py:3722} INFO - Setting next_dagrun for example_short_circuit_operator to 2024-10-05T22:02:22.186224+00:00, run_after=2024-10-06T22:02:22.186224+00:00
[2024-10-06T22:02:22.193+0000] {processor.py:179} INFO - Processing /home/airflow/.local/lib/python3.8/site-packages/airflow/example_dags/example_short_circuit_operator.py took 0.033 seconds
[2024-10-06T22:28:55.139+0000] {processor.py:157} INFO - Started process (PID=27369) to work on /home/airflow/.local/lib/python3.8/site-packages/airflow/example_dags/example_short_circuit_operator.py
[2024-10-06T22:28:55.139+0000] {processor.py:829} INFO - Processing file /home/airflow/.local/lib/python3.8/site-packages/airflow/example_dags/example_short_circuit_operator.py for tasks to queue
[2024-10-06T22:28:55.140+0000] {logging_mixin.py:154} INFO - [2024-10-06T22:28:55.140+0000] {dagbag.py:536} INFO - Filling up the DagBag from /home/airflow/.local/lib/python3.8/site-packages/airflow/example_dags/example_short_circuit_operator.py
[2024-10-06T22:28:55.144+0000] {processor.py:839} INFO - DAG(s) dict_keys(['example_short_circuit_operator']) retrieved from /home/airflow/.local/lib/python3.8/site-packages/airflow/example_dags/example_short_circuit_operator.py
[2024-10-06T22:28:55.155+0000] {logging_mixin.py:154} INFO - [2024-10-06T22:28:55.155+0000] {dag.py:2941} INFO - Sync 1 DAGs
[2024-10-06T22:28:55.165+0000] {logging_mixin.py:154} INFO - [2024-10-06T22:28:55.164+0000] {dag.py:3722} INFO - Setting next_dagrun for example_short_circuit_operator to 2024-10-05T22:28:55.164857+00:00, run_after=2024-10-06T22:28:55.164857+00:00
[2024-10-06T22:28:55.171+0000] {processor.py:179} INFO - Processing /home/airflow/.local/lib/python3.8/site-packages/airflow/example_dags/example_short_circuit_operator.py took 0.034 seconds
[2024-10-06T22:59:44.784+0000] {processor.py:157} INFO - Started process (PID=27423) to work on /home/airflow/.local/lib/python3.8/site-packages/airflow/example_dags/example_short_circuit_operator.py
[2024-10-06T22:59:44.784+0000] {processor.py:829} INFO - Processing file /home/airflow/.local/lib/python3.8/site-packages/airflow/example_dags/example_short_circuit_operator.py for tasks to queue
[2024-10-06T22:59:44.786+0000] {logging_mixin.py:154} INFO - [2024-10-06T22:59:44.786+0000] {dagbag.py:536} INFO - Filling up the DagBag from /home/airflow/.local/lib/python3.8/site-packages/airflow/example_dags/example_short_circuit_operator.py
[2024-10-06T22:59:44.791+0000] {processor.py:839} INFO - DAG(s) dict_keys(['example_short_circuit_operator']) retrieved from /home/airflow/.local/lib/python3.8/site-packages/airflow/example_dags/example_short_circuit_operator.py
[2024-10-06T22:59:44.807+0000] {logging_mixin.py:154} INFO - [2024-10-06T22:59:44.806+0000] {dag.py:2941} INFO - Sync 1 DAGs
[2024-10-06T22:59:44.819+0000] {logging_mixin.py:154} INFO - [2024-10-06T22:59:44.819+0000] {dag.py:3722} INFO - Setting next_dagrun for example_short_circuit_operator to 2024-10-05T22:59:44.819542+00:00, run_after=2024-10-06T22:59:44.819542+00:00
[2024-10-06T22:59:44.831+0000] {processor.py:179} INFO - Processing /home/airflow/.local/lib/python3.8/site-packages/airflow/example_dags/example_short_circuit_operator.py took 0.050 seconds
[2024-10-06T23:00:15.725+0000] {processor.py:157} INFO - Started process (PID=27477) to work on /home/airflow/.local/lib/python3.8/site-packages/airflow/example_dags/example_short_circuit_operator.py
[2024-10-06T23:00:15.725+0000] {processor.py:829} INFO - Processing file /home/airflow/.local/lib/python3.8/site-packages/airflow/example_dags/example_short_circuit_operator.py for tasks to queue
[2024-10-06T23:00:15.727+0000] {logging_mixin.py:154} INFO - [2024-10-06T23:00:15.726+0000] {dagbag.py:536} INFO - Filling up the DagBag from /home/airflow/.local/lib/python3.8/site-packages/airflow/example_dags/example_short_circuit_operator.py
[2024-10-06T23:00:15.731+0000] {processor.py:839} INFO - DAG(s) dict_keys(['example_short_circuit_operator']) retrieved from /home/airflow/.local/lib/python3.8/site-packages/airflow/example_dags/example_short_circuit_operator.py
[2024-10-06T23:00:15.743+0000] {logging_mixin.py:154} INFO - [2024-10-06T23:00:15.742+0000] {dag.py:2941} INFO - Sync 1 DAGs
[2024-10-06T23:00:15.753+0000] {logging_mixin.py:154} INFO - [2024-10-06T23:00:15.753+0000] {dag.py:3722} INFO - Setting next_dagrun for example_short_circuit_operator to 2024-10-05T23:00:15.753699+00:00, run_after=2024-10-06T23:00:15.753699+00:00
[2024-10-06T23:00:15.761+0000] {processor.py:179} INFO - Processing /home/airflow/.local/lib/python3.8/site-packages/airflow/example_dags/example_short_circuit_operator.py took 0.038 seconds
[2024-10-06T23:00:46.295+0000] {processor.py:157} INFO - Started process (PID=27531) to work on /home/airflow/.local/lib/python3.8/site-packages/airflow/example_dags/example_short_circuit_operator.py
[2024-10-06T23:00:46.295+0000] {processor.py:829} INFO - Processing file /home/airflow/.local/lib/python3.8/site-packages/airflow/example_dags/example_short_circuit_operator.py for tasks to queue
[2024-10-06T23:00:46.296+0000] {logging_mixin.py:154} INFO - [2024-10-06T23:00:46.296+0000] {dagbag.py:536} INFO - Filling up the DagBag from /home/airflow/.local/lib/python3.8/site-packages/airflow/example_dags/example_short_circuit_operator.py
[2024-10-06T23:00:46.301+0000] {processor.py:839} INFO - DAG(s) dict_keys(['example_short_circuit_operator']) retrieved from /home/airflow/.local/lib/python3.8/site-packages/airflow/example_dags/example_short_circuit_operator.py
[2024-10-06T23:00:46.313+0000] {logging_mixin.py:154} INFO - [2024-10-06T23:00:46.313+0000] {dag.py:2941} INFO - Sync 1 DAGs
[2024-10-06T23:00:46.326+0000] {logging_mixin.py:154} INFO - [2024-10-06T23:00:46.326+0000] {dag.py:3722} INFO - Setting next_dagrun for example_short_circuit_operator to 2024-10-05T23:00:46.325965+00:00, run_after=2024-10-06T23:00:46.325965+00:00
[2024-10-06T23:00:46.335+0000] {processor.py:179} INFO - Processing /home/airflow/.local/lib/python3.8/site-packages/airflow/example_dags/example_short_circuit_operator.py took 0.042 seconds
[2024-10-06T23:01:16.907+0000] {processor.py:157} INFO - Started process (PID=27585) to work on /home/airflow/.local/lib/python3.8/site-packages/airflow/example_dags/example_short_circuit_operator.py
[2024-10-06T23:01:16.908+0000] {processor.py:829} INFO - Processing file /home/airflow/.local/lib/python3.8/site-packages/airflow/example_dags/example_short_circuit_operator.py for tasks to queue
[2024-10-06T23:01:16.909+0000] {logging_mixin.py:154} INFO - [2024-10-06T23:01:16.908+0000] {dagbag.py:536} INFO - Filling up the DagBag from /home/airflow/.local/lib/python3.8/site-packages/airflow/example_dags/example_short_circuit_operator.py
[2024-10-06T23:01:16.912+0000] {processor.py:839} INFO - DAG(s) dict_keys(['example_short_circuit_operator']) retrieved from /home/airflow/.local/lib/python3.8/site-packages/airflow/example_dags/example_short_circuit_operator.py
[2024-10-06T23:01:16.922+0000] {logging_mixin.py:154} INFO - [2024-10-06T23:01:16.922+0000] {dag.py:2941} INFO - Sync 1 DAGs
[2024-10-06T23:01:16.930+0000] {logging_mixin.py:154} INFO - [2024-10-06T23:01:16.930+0000] {dag.py:3722} INFO - Setting next_dagrun for example_short_circuit_operator to 2024-10-05T23:01:16.930438+00:00, run_after=2024-10-06T23:01:16.930438+00:00
[2024-10-06T23:01:16.937+0000] {processor.py:179} INFO - Processing /home/airflow/.local/lib/python3.8/site-packages/airflow/example_dags/example_short_circuit_operator.py took 0.031 seconds
[2024-10-06T23:01:47.375+0000] {processor.py:157} INFO - Started process (PID=27639) to work on /home/airflow/.local/lib/python3.8/site-packages/airflow/example_dags/example_short_circuit_operator.py
[2024-10-06T23:01:47.375+0000] {processor.py:829} INFO - Processing file /home/airflow/.local/lib/python3.8/site-packages/airflow/example_dags/example_short_circuit_operator.py for tasks to queue
[2024-10-06T23:01:47.376+0000] {logging_mixin.py:154} INFO - [2024-10-06T23:01:47.376+0000] {dagbag.py:536} INFO - Filling up the DagBag from /home/airflow/.local/lib/python3.8/site-packages/airflow/example_dags/example_short_circuit_operator.py
[2024-10-06T23:01:47.380+0000] {processor.py:839} INFO - DAG(s) dict_keys(['example_short_circuit_operator']) retrieved from /home/airflow/.local/lib/python3.8/site-packages/airflow/example_dags/example_short_circuit_operator.py
[2024-10-06T23:01:47.390+0000] {logging_mixin.py:154} INFO - [2024-10-06T23:01:47.389+0000] {dag.py:2941} INFO - Sync 1 DAGs
[2024-10-06T23:01:47.398+0000] {logging_mixin.py:154} INFO - [2024-10-06T23:01:47.398+0000] {dag.py:3722} INFO - Setting next_dagrun for example_short_circuit_operator to 2024-10-05T23:01:47.398506+00:00, run_after=2024-10-06T23:01:47.398506+00:00
[2024-10-06T23:01:47.405+0000] {processor.py:179} INFO - Processing /home/airflow/.local/lib/python3.8/site-packages/airflow/example_dags/example_short_circuit_operator.py took 0.031 seconds
[2024-10-06T23:02:17.784+0000] {processor.py:157} INFO - Started process (PID=27693) to work on /home/airflow/.local/lib/python3.8/site-packages/airflow/example_dags/example_short_circuit_operator.py
[2024-10-06T23:02:17.784+0000] {processor.py:829} INFO - Processing file /home/airflow/.local/lib/python3.8/site-packages/airflow/example_dags/example_short_circuit_operator.py for tasks to queue
[2024-10-06T23:02:17.785+0000] {logging_mixin.py:154} INFO - [2024-10-06T23:02:17.785+0000] {dagbag.py:536} INFO - Filling up the DagBag from /home/airflow/.local/lib/python3.8/site-packages/airflow/example_dags/example_short_circuit_operator.py
[2024-10-06T23:02:17.789+0000] {processor.py:839} INFO - DAG(s) dict_keys(['example_short_circuit_operator']) retrieved from /home/airflow/.local/lib/python3.8/site-packages/airflow/example_dags/example_short_circuit_operator.py
[2024-10-06T23:02:17.799+0000] {logging_mixin.py:154} INFO - [2024-10-06T23:02:17.799+0000] {dag.py:2941} INFO - Sync 1 DAGs
[2024-10-06T23:02:17.807+0000] {logging_mixin.py:154} INFO - [2024-10-06T23:02:17.807+0000] {dag.py:3722} INFO - Setting next_dagrun for example_short_circuit_operator to 2024-10-05T23:02:17.807491+00:00, run_after=2024-10-06T23:02:17.807491+00:00
[2024-10-06T23:02:17.814+0000] {processor.py:179} INFO - Processing /home/airflow/.local/lib/python3.8/site-packages/airflow/example_dags/example_short_circuit_operator.py took 0.032 seconds
[2024-10-06T23:02:48.206+0000] {processor.py:157} INFO - Started process (PID=27747) to work on /home/airflow/.local/lib/python3.8/site-packages/airflow/example_dags/example_short_circuit_operator.py
[2024-10-06T23:02:48.206+0000] {processor.py:829} INFO - Processing file /home/airflow/.local/lib/python3.8/site-packages/airflow/example_dags/example_short_circuit_operator.py for tasks to queue
[2024-10-06T23:02:48.208+0000] {logging_mixin.py:154} INFO - [2024-10-06T23:02:48.207+0000] {dagbag.py:536} INFO - Filling up the DagBag from /home/airflow/.local/lib/python3.8/site-packages/airflow/example_dags/example_short_circuit_operator.py
[2024-10-06T23:02:48.211+0000] {processor.py:839} INFO - DAG(s) dict_keys(['example_short_circuit_operator']) retrieved from /home/airflow/.local/lib/python3.8/site-packages/airflow/example_dags/example_short_circuit_operator.py
[2024-10-06T23:02:48.221+0000] {logging_mixin.py:154} INFO - [2024-10-06T23:02:48.221+0000] {dag.py:2941} INFO - Sync 1 DAGs
[2024-10-06T23:02:48.230+0000] {logging_mixin.py:154} INFO - [2024-10-06T23:02:48.230+0000] {dag.py:3722} INFO - Setting next_dagrun for example_short_circuit_operator to 2024-10-05T23:02:48.230352+00:00, run_after=2024-10-06T23:02:48.230352+00:00
[2024-10-06T23:02:48.237+0000] {processor.py:179} INFO - Processing /home/airflow/.local/lib/python3.8/site-packages/airflow/example_dags/example_short_circuit_operator.py took 0.033 seconds
[2024-10-06T23:03:18.605+0000] {processor.py:157} INFO - Started process (PID=27801) to work on /home/airflow/.local/lib/python3.8/site-packages/airflow/example_dags/example_short_circuit_operator.py
[2024-10-06T23:03:18.606+0000] {processor.py:829} INFO - Processing file /home/airflow/.local/lib/python3.8/site-packages/airflow/example_dags/example_short_circuit_operator.py for tasks to queue
[2024-10-06T23:03:18.607+0000] {logging_mixin.py:154} INFO - [2024-10-06T23:03:18.607+0000] {dagbag.py:536} INFO - Filling up the DagBag from /home/airflow/.local/lib/python3.8/site-packages/airflow/example_dags/example_short_circuit_operator.py
[2024-10-06T23:03:18.610+0000] {processor.py:839} INFO - DAG(s) dict_keys(['example_short_circuit_operator']) retrieved from /home/airflow/.local/lib/python3.8/site-packages/airflow/example_dags/example_short_circuit_operator.py
[2024-10-06T23:03:18.620+0000] {logging_mixin.py:154} INFO - [2024-10-06T23:03:18.620+0000] {dag.py:2941} INFO - Sync 1 DAGs
[2024-10-06T23:03:18.629+0000] {logging_mixin.py:154} INFO - [2024-10-06T23:03:18.629+0000] {dag.py:3722} INFO - Setting next_dagrun for example_short_circuit_operator to 2024-10-05T23:03:18.629087+00:00, run_after=2024-10-06T23:03:18.629087+00:00
[2024-10-06T23:03:18.635+0000] {processor.py:179} INFO - Processing /home/airflow/.local/lib/python3.8/site-packages/airflow/example_dags/example_short_circuit_operator.py took 0.031 seconds
[2024-10-06T23:03:49.095+0000] {processor.py:157} INFO - Started process (PID=27855) to work on /home/airflow/.local/lib/python3.8/site-packages/airflow/example_dags/example_short_circuit_operator.py
[2024-10-06T23:03:49.095+0000] {processor.py:829} INFO - Processing file /home/airflow/.local/lib/python3.8/site-packages/airflow/example_dags/example_short_circuit_operator.py for tasks to queue
[2024-10-06T23:03:49.096+0000] {logging_mixin.py:154} INFO - [2024-10-06T23:03:49.096+0000] {dagbag.py:536} INFO - Filling up the DagBag from /home/airflow/.local/lib/python3.8/site-packages/airflow/example_dags/example_short_circuit_operator.py
[2024-10-06T23:03:49.100+0000] {processor.py:839} INFO - DAG(s) dict_keys(['example_short_circuit_operator']) retrieved from /home/airflow/.local/lib/python3.8/site-packages/airflow/example_dags/example_short_circuit_operator.py
[2024-10-06T23:03:49.110+0000] {logging_mixin.py:154} INFO - [2024-10-06T23:03:49.110+0000] {dag.py:2941} INFO - Sync 1 DAGs
[2024-10-06T23:03:49.119+0000] {logging_mixin.py:154} INFO - [2024-10-06T23:03:49.119+0000] {dag.py:3722} INFO - Setting next_dagrun for example_short_circuit_operator to 2024-10-05T23:03:49.119244+00:00, run_after=2024-10-06T23:03:49.119244+00:00
[2024-10-06T23:03:49.125+0000] {processor.py:179} INFO - Processing /home/airflow/.local/lib/python3.8/site-packages/airflow/example_dags/example_short_circuit_operator.py took 0.032 seconds
[2024-10-06T23:04:19.528+0000] {processor.py:157} INFO - Started process (PID=27909) to work on /home/airflow/.local/lib/python3.8/site-packages/airflow/example_dags/example_short_circuit_operator.py
[2024-10-06T23:04:19.528+0000] {processor.py:829} INFO - Processing file /home/airflow/.local/lib/python3.8/site-packages/airflow/example_dags/example_short_circuit_operator.py for tasks to queue
[2024-10-06T23:04:19.529+0000] {logging_mixin.py:154} INFO - [2024-10-06T23:04:19.529+0000] {dagbag.py:536} INFO - Filling up the DagBag from /home/airflow/.local/lib/python3.8/site-packages/airflow/example_dags/example_short_circuit_operator.py
[2024-10-06T23:04:19.533+0000] {processor.py:839} INFO - DAG(s) dict_keys(['example_short_circuit_operator']) retrieved from /home/airflow/.local/lib/python3.8/site-packages/airflow/example_dags/example_short_circuit_operator.py
[2024-10-06T23:04:19.543+0000] {logging_mixin.py:154} INFO - [2024-10-06T23:04:19.543+0000] {dag.py:2941} INFO - Sync 1 DAGs
[2024-10-06T23:04:19.552+0000] {logging_mixin.py:154} INFO - [2024-10-06T23:04:19.552+0000] {dag.py:3722} INFO - Setting next_dagrun for example_short_circuit_operator to 2024-10-05T23:04:19.552329+00:00, run_after=2024-10-06T23:04:19.552329+00:00
[2024-10-06T23:04:19.559+0000] {processor.py:179} INFO - Processing /home/airflow/.local/lib/python3.8/site-packages/airflow/example_dags/example_short_circuit_operator.py took 0.033 seconds
[2024-10-06T23:04:49.957+0000] {processor.py:157} INFO - Started process (PID=27963) to work on /home/airflow/.local/lib/python3.8/site-packages/airflow/example_dags/example_short_circuit_operator.py
[2024-10-06T23:04:49.957+0000] {processor.py:829} INFO - Processing file /home/airflow/.local/lib/python3.8/site-packages/airflow/example_dags/example_short_circuit_operator.py for tasks to queue
[2024-10-06T23:04:49.958+0000] {logging_mixin.py:154} INFO - [2024-10-06T23:04:49.958+0000] {dagbag.py:536} INFO - Filling up the DagBag from /home/airflow/.local/lib/python3.8/site-packages/airflow/example_dags/example_short_circuit_operator.py
[2024-10-06T23:04:49.962+0000] {processor.py:839} INFO - DAG(s) dict_keys(['example_short_circuit_operator']) retrieved from /home/airflow/.local/lib/python3.8/site-packages/airflow/example_dags/example_short_circuit_operator.py
[2024-10-06T23:04:49.971+0000] {logging_mixin.py:154} INFO - [2024-10-06T23:04:49.971+0000] {dag.py:2941} INFO - Sync 1 DAGs
[2024-10-06T23:04:49.980+0000] {logging_mixin.py:154} INFO - [2024-10-06T23:04:49.979+0000] {dag.py:3722} INFO - Setting next_dagrun for example_short_circuit_operator to 2024-10-05T23:04:49.979836+00:00, run_after=2024-10-06T23:04:49.979836+00:00
[2024-10-06T23:04:49.986+0000] {processor.py:179} INFO - Processing /home/airflow/.local/lib/python3.8/site-packages/airflow/example_dags/example_short_circuit_operator.py took 0.031 seconds
[2024-10-06T23:05:20.376+0000] {processor.py:157} INFO - Started process (PID=28017) to work on /home/airflow/.local/lib/python3.8/site-packages/airflow/example_dags/example_short_circuit_operator.py
[2024-10-06T23:05:20.377+0000] {processor.py:829} INFO - Processing file /home/airflow/.local/lib/python3.8/site-packages/airflow/example_dags/example_short_circuit_operator.py for tasks to queue
[2024-10-06T23:05:20.378+0000] {logging_mixin.py:154} INFO - [2024-10-06T23:05:20.378+0000] {dagbag.py:536} INFO - Filling up the DagBag from /home/airflow/.local/lib/python3.8/site-packages/airflow/example_dags/example_short_circuit_operator.py
[2024-10-06T23:05:20.381+0000] {processor.py:839} INFO - DAG(s) dict_keys(['example_short_circuit_operator']) retrieved from /home/airflow/.local/lib/python3.8/site-packages/airflow/example_dags/example_short_circuit_operator.py
[2024-10-06T23:05:20.391+0000] {logging_mixin.py:154} INFO - [2024-10-06T23:05:20.391+0000] {dag.py:2941} INFO - Sync 1 DAGs
[2024-10-06T23:05:20.399+0000] {logging_mixin.py:154} INFO - [2024-10-06T23:05:20.399+0000] {dag.py:3722} INFO - Setting next_dagrun for example_short_circuit_operator to 2024-10-05T23:05:20.399504+00:00, run_after=2024-10-06T23:05:20.399504+00:00
[2024-10-06T23:05:20.406+0000] {processor.py:179} INFO - Processing /home/airflow/.local/lib/python3.8/site-packages/airflow/example_dags/example_short_circuit_operator.py took 0.031 seconds
[2024-10-06T23:05:50.782+0000] {processor.py:157} INFO - Started process (PID=28071) to work on /home/airflow/.local/lib/python3.8/site-packages/airflow/example_dags/example_short_circuit_operator.py
[2024-10-06T23:05:50.783+0000] {processor.py:829} INFO - Processing file /home/airflow/.local/lib/python3.8/site-packages/airflow/example_dags/example_short_circuit_operator.py for tasks to queue
[2024-10-06T23:05:50.784+0000] {logging_mixin.py:154} INFO - [2024-10-06T23:05:50.784+0000] {dagbag.py:536} INFO - Filling up the DagBag from /home/airflow/.local/lib/python3.8/site-packages/airflow/example_dags/example_short_circuit_operator.py
[2024-10-06T23:05:50.787+0000] {processor.py:839} INFO - DAG(s) dict_keys(['example_short_circuit_operator']) retrieved from /home/airflow/.local/lib/python3.8/site-packages/airflow/example_dags/example_short_circuit_operator.py
[2024-10-06T23:05:50.797+0000] {logging_mixin.py:154} INFO - [2024-10-06T23:05:50.797+0000] {dag.py:2941} INFO - Sync 1 DAGs
[2024-10-06T23:05:50.806+0000] {logging_mixin.py:154} INFO - [2024-10-06T23:05:50.806+0000] {dag.py:3722} INFO - Setting next_dagrun for example_short_circuit_operator to 2024-10-05T23:05:50.806104+00:00, run_after=2024-10-06T23:05:50.806104+00:00
[2024-10-06T23:05:50.812+0000] {processor.py:179} INFO - Processing /home/airflow/.local/lib/python3.8/site-packages/airflow/example_dags/example_short_circuit_operator.py took 0.031 seconds
[2024-10-06T23:06:21.222+0000] {processor.py:157} INFO - Started process (PID=28125) to work on /home/airflow/.local/lib/python3.8/site-packages/airflow/example_dags/example_short_circuit_operator.py
[2024-10-06T23:06:21.223+0000] {processor.py:829} INFO - Processing file /home/airflow/.local/lib/python3.8/site-packages/airflow/example_dags/example_short_circuit_operator.py for tasks to queue
[2024-10-06T23:06:21.224+0000] {logging_mixin.py:154} INFO - [2024-10-06T23:06:21.224+0000] {dagbag.py:536} INFO - Filling up the DagBag from /home/airflow/.local/lib/python3.8/site-packages/airflow/example_dags/example_short_circuit_operator.py
[2024-10-06T23:06:21.227+0000] {processor.py:839} INFO - DAG(s) dict_keys(['example_short_circuit_operator']) retrieved from /home/airflow/.local/lib/python3.8/site-packages/airflow/example_dags/example_short_circuit_operator.py
[2024-10-06T23:06:21.237+0000] {logging_mixin.py:154} INFO - [2024-10-06T23:06:21.237+0000] {dag.py:2941} INFO - Sync 1 DAGs
[2024-10-06T23:06:21.246+0000] {logging_mixin.py:154} INFO - [2024-10-06T23:06:21.246+0000] {dag.py:3722} INFO - Setting next_dagrun for example_short_circuit_operator to 2024-10-05T23:06:21.246509+00:00, run_after=2024-10-06T23:06:21.246509+00:00
[2024-10-06T23:06:21.253+0000] {processor.py:179} INFO - Processing /home/airflow/.local/lib/python3.8/site-packages/airflow/example_dags/example_short_circuit_operator.py took 0.032 seconds
[2024-10-06T23:06:51.662+0000] {processor.py:157} INFO - Started process (PID=28179) to work on /home/airflow/.local/lib/python3.8/site-packages/airflow/example_dags/example_short_circuit_operator.py
[2024-10-06T23:06:51.662+0000] {processor.py:829} INFO - Processing file /home/airflow/.local/lib/python3.8/site-packages/airflow/example_dags/example_short_circuit_operator.py for tasks to queue
[2024-10-06T23:06:51.663+0000] {logging_mixin.py:154} INFO - [2024-10-06T23:06:51.663+0000] {dagbag.py:536} INFO - Filling up the DagBag from /home/airflow/.local/lib/python3.8/site-packages/airflow/example_dags/example_short_circuit_operator.py
[2024-10-06T23:06:51.666+0000] {processor.py:839} INFO - DAG(s) dict_keys(['example_short_circuit_operator']) retrieved from /home/airflow/.local/lib/python3.8/site-packages/airflow/example_dags/example_short_circuit_operator.py
[2024-10-06T23:06:51.676+0000] {logging_mixin.py:154} INFO - [2024-10-06T23:06:51.676+0000] {dag.py:2941} INFO - Sync 1 DAGs
[2024-10-06T23:06:51.685+0000] {logging_mixin.py:154} INFO - [2024-10-06T23:06:51.685+0000] {dag.py:3722} INFO - Setting next_dagrun for example_short_circuit_operator to 2024-10-05T23:06:51.685232+00:00, run_after=2024-10-06T23:06:51.685232+00:00
[2024-10-06T23:06:51.691+0000] {processor.py:179} INFO - Processing /home/airflow/.local/lib/python3.8/site-packages/airflow/example_dags/example_short_circuit_operator.py took 0.031 seconds
[2024-10-06T23:07:22.073+0000] {processor.py:157} INFO - Started process (PID=28233) to work on /home/airflow/.local/lib/python3.8/site-packages/airflow/example_dags/example_short_circuit_operator.py
[2024-10-06T23:07:22.074+0000] {processor.py:829} INFO - Processing file /home/airflow/.local/lib/python3.8/site-packages/airflow/example_dags/example_short_circuit_operator.py for tasks to queue
[2024-10-06T23:07:22.075+0000] {logging_mixin.py:154} INFO - [2024-10-06T23:07:22.075+0000] {dagbag.py:536} INFO - Filling up the DagBag from /home/airflow/.local/lib/python3.8/site-packages/airflow/example_dags/example_short_circuit_operator.py
[2024-10-06T23:07:22.078+0000] {processor.py:839} INFO - DAG(s) dict_keys(['example_short_circuit_operator']) retrieved from /home/airflow/.local/lib/python3.8/site-packages/airflow/example_dags/example_short_circuit_operator.py
[2024-10-06T23:07:22.088+0000] {logging_mixin.py:154} INFO - [2024-10-06T23:07:22.088+0000] {dag.py:2941} INFO - Sync 1 DAGs
[2024-10-06T23:07:22.096+0000] {logging_mixin.py:154} INFO - [2024-10-06T23:07:22.096+0000] {dag.py:3722} INFO - Setting next_dagrun for example_short_circuit_operator to 2024-10-05T23:07:22.096716+00:00, run_after=2024-10-06T23:07:22.096716+00:00
[2024-10-06T23:07:22.103+0000] {processor.py:179} INFO - Processing /home/airflow/.local/lib/python3.8/site-packages/airflow/example_dags/example_short_circuit_operator.py took 0.031 seconds
[2024-10-06T23:07:52.550+0000] {processor.py:157} INFO - Started process (PID=28287) to work on /home/airflow/.local/lib/python3.8/site-packages/airflow/example_dags/example_short_circuit_operator.py
[2024-10-06T23:07:52.550+0000] {processor.py:829} INFO - Processing file /home/airflow/.local/lib/python3.8/site-packages/airflow/example_dags/example_short_circuit_operator.py for tasks to queue
[2024-10-06T23:07:52.551+0000] {logging_mixin.py:154} INFO - [2024-10-06T23:07:52.551+0000] {dagbag.py:536} INFO - Filling up the DagBag from /home/airflow/.local/lib/python3.8/site-packages/airflow/example_dags/example_short_circuit_operator.py
[2024-10-06T23:07:52.555+0000] {processor.py:839} INFO - DAG(s) dict_keys(['example_short_circuit_operator']) retrieved from /home/airflow/.local/lib/python3.8/site-packages/airflow/example_dags/example_short_circuit_operator.py
[2024-10-06T23:07:52.565+0000] {logging_mixin.py:154} INFO - [2024-10-06T23:07:52.565+0000] {dag.py:2941} INFO - Sync 1 DAGs
[2024-10-06T23:07:52.574+0000] {logging_mixin.py:154} INFO - [2024-10-06T23:07:52.574+0000] {dag.py:3722} INFO - Setting next_dagrun for example_short_circuit_operator to 2024-10-05T23:07:52.574036+00:00, run_after=2024-10-06T23:07:52.574036+00:00
[2024-10-06T23:07:52.580+0000] {processor.py:179} INFO - Processing /home/airflow/.local/lib/python3.8/site-packages/airflow/example_dags/example_short_circuit_operator.py took 0.032 seconds
[2024-10-06T23:08:22.907+0000] {processor.py:157} INFO - Started process (PID=28341) to work on /home/airflow/.local/lib/python3.8/site-packages/airflow/example_dags/example_short_circuit_operator.py
[2024-10-06T23:08:22.907+0000] {processor.py:829} INFO - Processing file /home/airflow/.local/lib/python3.8/site-packages/airflow/example_dags/example_short_circuit_operator.py for tasks to queue
[2024-10-06T23:08:22.908+0000] {logging_mixin.py:154} INFO - [2024-10-06T23:08:22.908+0000] {dagbag.py:536} INFO - Filling up the DagBag from /home/airflow/.local/lib/python3.8/site-packages/airflow/example_dags/example_short_circuit_operator.py
[2024-10-06T23:08:22.912+0000] {processor.py:839} INFO - DAG(s) dict_keys(['example_short_circuit_operator']) retrieved from /home/airflow/.local/lib/python3.8/site-packages/airflow/example_dags/example_short_circuit_operator.py
[2024-10-06T23:08:22.922+0000] {logging_mixin.py:154} INFO - [2024-10-06T23:08:22.921+0000] {dag.py:2941} INFO - Sync 1 DAGs
[2024-10-06T23:08:22.930+0000] {logging_mixin.py:154} INFO - [2024-10-06T23:08:22.930+0000] {dag.py:3722} INFO - Setting next_dagrun for example_short_circuit_operator to 2024-10-05T23:08:22.930720+00:00, run_after=2024-10-06T23:08:22.930720+00:00
[2024-10-06T23:08:22.937+0000] {processor.py:179} INFO - Processing /home/airflow/.local/lib/python3.8/site-packages/airflow/example_dags/example_short_circuit_operator.py took 0.032 seconds
[2024-10-06T23:08:53.348+0000] {processor.py:157} INFO - Started process (PID=28402) to work on /home/airflow/.local/lib/python3.8/site-packages/airflow/example_dags/example_short_circuit_operator.py
[2024-10-06T23:08:53.349+0000] {processor.py:829} INFO - Processing file /home/airflow/.local/lib/python3.8/site-packages/airflow/example_dags/example_short_circuit_operator.py for tasks to queue
[2024-10-06T23:08:53.350+0000] {logging_mixin.py:154} INFO - [2024-10-06T23:08:53.350+0000] {dagbag.py:536} INFO - Filling up the DagBag from /home/airflow/.local/lib/python3.8/site-packages/airflow/example_dags/example_short_circuit_operator.py
[2024-10-06T23:08:53.353+0000] {processor.py:839} INFO - DAG(s) dict_keys(['example_short_circuit_operator']) retrieved from /home/airflow/.local/lib/python3.8/site-packages/airflow/example_dags/example_short_circuit_operator.py
[2024-10-06T23:08:53.363+0000] {logging_mixin.py:154} INFO - [2024-10-06T23:08:53.363+0000] {dag.py:2941} INFO - Sync 1 DAGs
[2024-10-06T23:08:53.372+0000] {logging_mixin.py:154} INFO - [2024-10-06T23:08:53.372+0000] {dag.py:3722} INFO - Setting next_dagrun for example_short_circuit_operator to 2024-10-05T23:08:53.372333+00:00, run_after=2024-10-06T23:08:53.372333+00:00
[2024-10-06T23:08:53.379+0000] {processor.py:179} INFO - Processing /home/airflow/.local/lib/python3.8/site-packages/airflow/example_dags/example_short_circuit_operator.py took 0.032 seconds
[2024-10-06T23:09:23.733+0000] {processor.py:157} INFO - Started process (PID=28456) to work on /home/airflow/.local/lib/python3.8/site-packages/airflow/example_dags/example_short_circuit_operator.py
[2024-10-06T23:09:23.733+0000] {processor.py:829} INFO - Processing file /home/airflow/.local/lib/python3.8/site-packages/airflow/example_dags/example_short_circuit_operator.py for tasks to queue
[2024-10-06T23:09:23.735+0000] {logging_mixin.py:154} INFO - [2024-10-06T23:09:23.734+0000] {dagbag.py:536} INFO - Filling up the DagBag from /home/airflow/.local/lib/python3.8/site-packages/airflow/example_dags/example_short_circuit_operator.py
[2024-10-06T23:09:23.738+0000] {processor.py:839} INFO - DAG(s) dict_keys(['example_short_circuit_operator']) retrieved from /home/airflow/.local/lib/python3.8/site-packages/airflow/example_dags/example_short_circuit_operator.py
[2024-10-06T23:09:23.748+0000] {logging_mixin.py:154} INFO - [2024-10-06T23:09:23.748+0000] {dag.py:2941} INFO - Sync 1 DAGs
[2024-10-06T23:09:23.756+0000] {logging_mixin.py:154} INFO - [2024-10-06T23:09:23.756+0000] {dag.py:3722} INFO - Setting next_dagrun for example_short_circuit_operator to 2024-10-05T23:09:23.756651+00:00, run_after=2024-10-06T23:09:23.756651+00:00
[2024-10-06T23:09:23.763+0000] {processor.py:179} INFO - Processing /home/airflow/.local/lib/python3.8/site-packages/airflow/example_dags/example_short_circuit_operator.py took 0.031 seconds
[2024-10-06T23:09:54.237+0000] {processor.py:157} INFO - Started process (PID=28510) to work on /home/airflow/.local/lib/python3.8/site-packages/airflow/example_dags/example_short_circuit_operator.py
[2024-10-06T23:09:54.237+0000] {processor.py:829} INFO - Processing file /home/airflow/.local/lib/python3.8/site-packages/airflow/example_dags/example_short_circuit_operator.py for tasks to queue
[2024-10-06T23:09:54.238+0000] {logging_mixin.py:154} INFO - [2024-10-06T23:09:54.238+0000] {dagbag.py:536} INFO - Filling up the DagBag from /home/airflow/.local/lib/python3.8/site-packages/airflow/example_dags/example_short_circuit_operator.py
[2024-10-06T23:09:54.242+0000] {processor.py:839} INFO - DAG(s) dict_keys(['example_short_circuit_operator']) retrieved from /home/airflow/.local/lib/python3.8/site-packages/airflow/example_dags/example_short_circuit_operator.py
[2024-10-06T23:09:54.252+0000] {logging_mixin.py:154} INFO - [2024-10-06T23:09:54.252+0000] {dag.py:2941} INFO - Sync 1 DAGs
[2024-10-06T23:09:54.261+0000] {logging_mixin.py:154} INFO - [2024-10-06T23:09:54.261+0000] {dag.py:3722} INFO - Setting next_dagrun for example_short_circuit_operator to 2024-10-05T23:09:54.260976+00:00, run_after=2024-10-06T23:09:54.260976+00:00
[2024-10-06T23:09:54.267+0000] {processor.py:179} INFO - Processing /home/airflow/.local/lib/python3.8/site-packages/airflow/example_dags/example_short_circuit_operator.py took 0.032 seconds
[2024-10-06T23:10:24.667+0000] {processor.py:157} INFO - Started process (PID=28564) to work on /home/airflow/.local/lib/python3.8/site-packages/airflow/example_dags/example_short_circuit_operator.py
[2024-10-06T23:10:24.667+0000] {processor.py:829} INFO - Processing file /home/airflow/.local/lib/python3.8/site-packages/airflow/example_dags/example_short_circuit_operator.py for tasks to queue
[2024-10-06T23:10:24.668+0000] {logging_mixin.py:154} INFO - [2024-10-06T23:10:24.668+0000] {dagbag.py:536} INFO - Filling up the DagBag from /home/airflow/.local/lib/python3.8/site-packages/airflow/example_dags/example_short_circuit_operator.py
[2024-10-06T23:10:24.671+0000] {processor.py:839} INFO - DAG(s) dict_keys(['example_short_circuit_operator']) retrieved from /home/airflow/.local/lib/python3.8/site-packages/airflow/example_dags/example_short_circuit_operator.py
[2024-10-06T23:10:24.681+0000] {logging_mixin.py:154} INFO - [2024-10-06T23:10:24.681+0000] {dag.py:2941} INFO - Sync 1 DAGs
[2024-10-06T23:10:24.689+0000] {logging_mixin.py:154} INFO - [2024-10-06T23:10:24.689+0000] {dag.py:3722} INFO - Setting next_dagrun for example_short_circuit_operator to 2024-10-05T23:10:24.689382+00:00, run_after=2024-10-06T23:10:24.689382+00:00
[2024-10-06T23:10:24.696+0000] {processor.py:179} INFO - Processing /home/airflow/.local/lib/python3.8/site-packages/airflow/example_dags/example_short_circuit_operator.py took 0.031 seconds
[2024-10-06T23:10:55.072+0000] {processor.py:157} INFO - Started process (PID=28618) to work on /home/airflow/.local/lib/python3.8/site-packages/airflow/example_dags/example_short_circuit_operator.py
[2024-10-06T23:10:55.073+0000] {processor.py:829} INFO - Processing file /home/airflow/.local/lib/python3.8/site-packages/airflow/example_dags/example_short_circuit_operator.py for tasks to queue
[2024-10-06T23:10:55.074+0000] {logging_mixin.py:154} INFO - [2024-10-06T23:10:55.074+0000] {dagbag.py:536} INFO - Filling up the DagBag from /home/airflow/.local/lib/python3.8/site-packages/airflow/example_dags/example_short_circuit_operator.py
[2024-10-06T23:10:55.077+0000] {processor.py:839} INFO - DAG(s) dict_keys(['example_short_circuit_operator']) retrieved from /home/airflow/.local/lib/python3.8/site-packages/airflow/example_dags/example_short_circuit_operator.py
[2024-10-06T23:10:55.087+0000] {logging_mixin.py:154} INFO - [2024-10-06T23:10:55.087+0000] {dag.py:2941} INFO - Sync 1 DAGs
[2024-10-06T23:10:55.095+0000] {logging_mixin.py:154} INFO - [2024-10-06T23:10:55.095+0000] {dag.py:3722} INFO - Setting next_dagrun for example_short_circuit_operator to 2024-10-05T23:10:55.095262+00:00, run_after=2024-10-06T23:10:55.095262+00:00
[2024-10-06T23:10:55.101+0000] {processor.py:179} INFO - Processing /home/airflow/.local/lib/python3.8/site-packages/airflow/example_dags/example_short_circuit_operator.py took 0.031 seconds
[2024-10-06T23:11:25.503+0000] {processor.py:157} INFO - Started process (PID=28672) to work on /home/airflow/.local/lib/python3.8/site-packages/airflow/example_dags/example_short_circuit_operator.py
[2024-10-06T23:11:25.504+0000] {processor.py:829} INFO - Processing file /home/airflow/.local/lib/python3.8/site-packages/airflow/example_dags/example_short_circuit_operator.py for tasks to queue
[2024-10-06T23:11:25.505+0000] {logging_mixin.py:154} INFO - [2024-10-06T23:11:25.505+0000] {dagbag.py:536} INFO - Filling up the DagBag from /home/airflow/.local/lib/python3.8/site-packages/airflow/example_dags/example_short_circuit_operator.py
[2024-10-06T23:11:25.509+0000] {processor.py:839} INFO - DAG(s) dict_keys(['example_short_circuit_operator']) retrieved from /home/airflow/.local/lib/python3.8/site-packages/airflow/example_dags/example_short_circuit_operator.py
[2024-10-06T23:11:25.520+0000] {logging_mixin.py:154} INFO - [2024-10-06T23:11:25.520+0000] {dag.py:2941} INFO - Sync 1 DAGs
[2024-10-06T23:11:25.529+0000] {logging_mixin.py:154} INFO - [2024-10-06T23:11:25.529+0000] {dag.py:3722} INFO - Setting next_dagrun for example_short_circuit_operator to 2024-10-05T23:11:25.529032+00:00, run_after=2024-10-06T23:11:25.529032+00:00
[2024-10-06T23:11:25.536+0000] {processor.py:179} INFO - Processing /home/airflow/.local/lib/python3.8/site-packages/airflow/example_dags/example_short_circuit_operator.py took 0.034 seconds
[2024-10-06T23:11:55.952+0000] {processor.py:157} INFO - Started process (PID=28726) to work on /home/airflow/.local/lib/python3.8/site-packages/airflow/example_dags/example_short_circuit_operator.py
[2024-10-06T23:11:55.952+0000] {processor.py:829} INFO - Processing file /home/airflow/.local/lib/python3.8/site-packages/airflow/example_dags/example_short_circuit_operator.py for tasks to queue
[2024-10-06T23:11:55.954+0000] {logging_mixin.py:154} INFO - [2024-10-06T23:11:55.954+0000] {dagbag.py:536} INFO - Filling up the DagBag from /home/airflow/.local/lib/python3.8/site-packages/airflow/example_dags/example_short_circuit_operator.py
[2024-10-06T23:11:55.958+0000] {processor.py:839} INFO - DAG(s) dict_keys(['example_short_circuit_operator']) retrieved from /home/airflow/.local/lib/python3.8/site-packages/airflow/example_dags/example_short_circuit_operator.py
[2024-10-06T23:11:55.968+0000] {logging_mixin.py:154} INFO - [2024-10-06T23:11:55.968+0000] {dag.py:2941} INFO - Sync 1 DAGs
[2024-10-06T23:11:55.978+0000] {logging_mixin.py:154} INFO - [2024-10-06T23:11:55.978+0000] {dag.py:3722} INFO - Setting next_dagrun for example_short_circuit_operator to 2024-10-05T23:11:55.978220+00:00, run_after=2024-10-06T23:11:55.978220+00:00
[2024-10-06T23:11:55.985+0000] {processor.py:179} INFO - Processing /home/airflow/.local/lib/python3.8/site-packages/airflow/example_dags/example_short_circuit_operator.py took 0.035 seconds
[2024-10-06T23:12:26.440+0000] {processor.py:157} INFO - Started process (PID=28780) to work on /home/airflow/.local/lib/python3.8/site-packages/airflow/example_dags/example_short_circuit_operator.py
[2024-10-06T23:12:26.440+0000] {processor.py:829} INFO - Processing file /home/airflow/.local/lib/python3.8/site-packages/airflow/example_dags/example_short_circuit_operator.py for tasks to queue
[2024-10-06T23:12:26.441+0000] {logging_mixin.py:154} INFO - [2024-10-06T23:12:26.441+0000] {dagbag.py:536} INFO - Filling up the DagBag from /home/airflow/.local/lib/python3.8/site-packages/airflow/example_dags/example_short_circuit_operator.py
[2024-10-06T23:12:26.445+0000] {processor.py:839} INFO - DAG(s) dict_keys(['example_short_circuit_operator']) retrieved from /home/airflow/.local/lib/python3.8/site-packages/airflow/example_dags/example_short_circuit_operator.py
[2024-10-06T23:12:26.455+0000] {logging_mixin.py:154} INFO - [2024-10-06T23:12:26.455+0000] {dag.py:2941} INFO - Sync 1 DAGs
[2024-10-06T23:12:26.463+0000] {logging_mixin.py:154} INFO - [2024-10-06T23:12:26.463+0000] {dag.py:3722} INFO - Setting next_dagrun for example_short_circuit_operator to 2024-10-05T23:12:26.463362+00:00, run_after=2024-10-06T23:12:26.463362+00:00
[2024-10-06T23:12:26.470+0000] {processor.py:179} INFO - Processing /home/airflow/.local/lib/python3.8/site-packages/airflow/example_dags/example_short_circuit_operator.py took 0.032 seconds
[2024-10-06T23:12:56.919+0000] {processor.py:157} INFO - Started process (PID=28834) to work on /home/airflow/.local/lib/python3.8/site-packages/airflow/example_dags/example_short_circuit_operator.py
[2024-10-06T23:12:56.919+0000] {processor.py:829} INFO - Processing file /home/airflow/.local/lib/python3.8/site-packages/airflow/example_dags/example_short_circuit_operator.py for tasks to queue
[2024-10-06T23:12:56.920+0000] {logging_mixin.py:154} INFO - [2024-10-06T23:12:56.920+0000] {dagbag.py:536} INFO - Filling up the DagBag from /home/airflow/.local/lib/python3.8/site-packages/airflow/example_dags/example_short_circuit_operator.py
[2024-10-06T23:12:56.923+0000] {processor.py:839} INFO - DAG(s) dict_keys(['example_short_circuit_operator']) retrieved from /home/airflow/.local/lib/python3.8/site-packages/airflow/example_dags/example_short_circuit_operator.py
[2024-10-06T23:12:56.933+0000] {logging_mixin.py:154} INFO - [2024-10-06T23:12:56.933+0000] {dag.py:2941} INFO - Sync 1 DAGs
[2024-10-06T23:12:56.942+0000] {logging_mixin.py:154} INFO - [2024-10-06T23:12:56.942+0000] {dag.py:3722} INFO - Setting next_dagrun for example_short_circuit_operator to 2024-10-05T23:12:56.942284+00:00, run_after=2024-10-06T23:12:56.942284+00:00
[2024-10-06T23:12:56.948+0000] {processor.py:179} INFO - Processing /home/airflow/.local/lib/python3.8/site-packages/airflow/example_dags/example_short_circuit_operator.py took 0.031 seconds
[2024-10-06T23:13:27.362+0000] {processor.py:157} INFO - Started process (PID=28888) to work on /home/airflow/.local/lib/python3.8/site-packages/airflow/example_dags/example_short_circuit_operator.py
[2024-10-06T23:13:27.362+0000] {processor.py:829} INFO - Processing file /home/airflow/.local/lib/python3.8/site-packages/airflow/example_dags/example_short_circuit_operator.py for tasks to queue
[2024-10-06T23:13:27.363+0000] {logging_mixin.py:154} INFO - [2024-10-06T23:13:27.363+0000] {dagbag.py:536} INFO - Filling up the DagBag from /home/airflow/.local/lib/python3.8/site-packages/airflow/example_dags/example_short_circuit_operator.py
[2024-10-06T23:13:27.367+0000] {processor.py:839} INFO - DAG(s) dict_keys(['example_short_circuit_operator']) retrieved from /home/airflow/.local/lib/python3.8/site-packages/airflow/example_dags/example_short_circuit_operator.py
[2024-10-06T23:13:27.377+0000] {logging_mixin.py:154} INFO - [2024-10-06T23:13:27.377+0000] {dag.py:2941} INFO - Sync 1 DAGs
[2024-10-06T23:13:27.386+0000] {logging_mixin.py:154} INFO - [2024-10-06T23:13:27.386+0000] {dag.py:3722} INFO - Setting next_dagrun for example_short_circuit_operator to 2024-10-05T23:13:27.385913+00:00, run_after=2024-10-06T23:13:27.385913+00:00
[2024-10-06T23:13:27.392+0000] {processor.py:179} INFO - Processing /home/airflow/.local/lib/python3.8/site-packages/airflow/example_dags/example_short_circuit_operator.py took 0.032 seconds
[2024-10-06T23:13:57.845+0000] {processor.py:157} INFO - Started process (PID=28942) to work on /home/airflow/.local/lib/python3.8/site-packages/airflow/example_dags/example_short_circuit_operator.py
[2024-10-06T23:13:57.846+0000] {processor.py:829} INFO - Processing file /home/airflow/.local/lib/python3.8/site-packages/airflow/example_dags/example_short_circuit_operator.py for tasks to queue
[2024-10-06T23:13:57.847+0000] {logging_mixin.py:154} INFO - [2024-10-06T23:13:57.847+0000] {dagbag.py:536} INFO - Filling up the DagBag from /home/airflow/.local/lib/python3.8/site-packages/airflow/example_dags/example_short_circuit_operator.py
[2024-10-06T23:13:57.851+0000] {processor.py:839} INFO - DAG(s) dict_keys(['example_short_circuit_operator']) retrieved from /home/airflow/.local/lib/python3.8/site-packages/airflow/example_dags/example_short_circuit_operator.py
[2024-10-06T23:13:57.860+0000] {logging_mixin.py:154} INFO - [2024-10-06T23:13:57.860+0000] {dag.py:2941} INFO - Sync 1 DAGs
[2024-10-06T23:13:57.870+0000] {logging_mixin.py:154} INFO - [2024-10-06T23:13:57.870+0000] {dag.py:3722} INFO - Setting next_dagrun for example_short_circuit_operator to 2024-10-05T23:13:57.870089+00:00, run_after=2024-10-06T23:13:57.870089+00:00
[2024-10-06T23:13:57.877+0000] {processor.py:179} INFO - Processing /home/airflow/.local/lib/python3.8/site-packages/airflow/example_dags/example_short_circuit_operator.py took 0.033 seconds
[2024-10-06T23:14:28.305+0000] {processor.py:157} INFO - Started process (PID=28996) to work on /home/airflow/.local/lib/python3.8/site-packages/airflow/example_dags/example_short_circuit_operator.py
[2024-10-06T23:14:28.306+0000] {processor.py:829} INFO - Processing file /home/airflow/.local/lib/python3.8/site-packages/airflow/example_dags/example_short_circuit_operator.py for tasks to queue
[2024-10-06T23:14:28.307+0000] {logging_mixin.py:154} INFO - [2024-10-06T23:14:28.307+0000] {dagbag.py:536} INFO - Filling up the DagBag from /home/airflow/.local/lib/python3.8/site-packages/airflow/example_dags/example_short_circuit_operator.py
[2024-10-06T23:14:28.310+0000] {processor.py:839} INFO - DAG(s) dict_keys(['example_short_circuit_operator']) retrieved from /home/airflow/.local/lib/python3.8/site-packages/airflow/example_dags/example_short_circuit_operator.py
[2024-10-06T23:14:28.320+0000] {logging_mixin.py:154} INFO - [2024-10-06T23:14:28.320+0000] {dag.py:2941} INFO - Sync 1 DAGs
[2024-10-06T23:14:28.329+0000] {logging_mixin.py:154} INFO - [2024-10-06T23:14:28.329+0000] {dag.py:3722} INFO - Setting next_dagrun for example_short_circuit_operator to 2024-10-05T23:14:28.329429+00:00, run_after=2024-10-06T23:14:28.329429+00:00
[2024-10-06T23:14:28.336+0000] {processor.py:179} INFO - Processing /home/airflow/.local/lib/python3.8/site-packages/airflow/example_dags/example_short_circuit_operator.py took 0.032 seconds
[2024-10-06T23:14:58.761+0000] {processor.py:157} INFO - Started process (PID=29050) to work on /home/airflow/.local/lib/python3.8/site-packages/airflow/example_dags/example_short_circuit_operator.py
[2024-10-06T23:14:58.762+0000] {processor.py:829} INFO - Processing file /home/airflow/.local/lib/python3.8/site-packages/airflow/example_dags/example_short_circuit_operator.py for tasks to queue
[2024-10-06T23:14:58.763+0000] {logging_mixin.py:154} INFO - [2024-10-06T23:14:58.763+0000] {dagbag.py:536} INFO - Filling up the DagBag from /home/airflow/.local/lib/python3.8/site-packages/airflow/example_dags/example_short_circuit_operator.py
[2024-10-06T23:14:58.766+0000] {processor.py:839} INFO - DAG(s) dict_keys(['example_short_circuit_operator']) retrieved from /home/airflow/.local/lib/python3.8/site-packages/airflow/example_dags/example_short_circuit_operator.py
[2024-10-06T23:14:58.776+0000] {logging_mixin.py:154} INFO - [2024-10-06T23:14:58.776+0000] {dag.py:2941} INFO - Sync 1 DAGs
[2024-10-06T23:14:58.784+0000] {logging_mixin.py:154} INFO - [2024-10-06T23:14:58.784+0000] {dag.py:3722} INFO - Setting next_dagrun for example_short_circuit_operator to 2024-10-05T23:14:58.784125+00:00, run_after=2024-10-06T23:14:58.784125+00:00
[2024-10-06T23:14:58.790+0000] {processor.py:179} INFO - Processing /home/airflow/.local/lib/python3.8/site-packages/airflow/example_dags/example_short_circuit_operator.py took 0.031 seconds
[2024-10-06T23:15:29.187+0000] {processor.py:157} INFO - Started process (PID=29104) to work on /home/airflow/.local/lib/python3.8/site-packages/airflow/example_dags/example_short_circuit_operator.py
[2024-10-06T23:15:29.188+0000] {processor.py:829} INFO - Processing file /home/airflow/.local/lib/python3.8/site-packages/airflow/example_dags/example_short_circuit_operator.py for tasks to queue
[2024-10-06T23:15:29.189+0000] {logging_mixin.py:154} INFO - [2024-10-06T23:15:29.189+0000] {dagbag.py:536} INFO - Filling up the DagBag from /home/airflow/.local/lib/python3.8/site-packages/airflow/example_dags/example_short_circuit_operator.py
[2024-10-06T23:15:29.192+0000] {processor.py:839} INFO - DAG(s) dict_keys(['example_short_circuit_operator']) retrieved from /home/airflow/.local/lib/python3.8/site-packages/airflow/example_dags/example_short_circuit_operator.py
[2024-10-06T23:15:29.202+0000] {logging_mixin.py:154} INFO - [2024-10-06T23:15:29.201+0000] {dag.py:2941} INFO - Sync 1 DAGs
[2024-10-06T23:15:29.210+0000] {logging_mixin.py:154} INFO - [2024-10-06T23:15:29.210+0000] {dag.py:3722} INFO - Setting next_dagrun for example_short_circuit_operator to 2024-10-05T23:15:29.210191+00:00, run_after=2024-10-06T23:15:29.210191+00:00
[2024-10-06T23:15:29.217+0000] {processor.py:179} INFO - Processing /home/airflow/.local/lib/python3.8/site-packages/airflow/example_dags/example_short_circuit_operator.py took 0.031 seconds
[2024-10-06T23:54:56.868+0000] {processor.py:157} INFO - Started process (PID=29151) to work on /home/airflow/.local/lib/python3.8/site-packages/airflow/example_dags/example_short_circuit_operator.py
[2024-10-06T23:54:56.868+0000] {processor.py:829} INFO - Processing file /home/airflow/.local/lib/python3.8/site-packages/airflow/example_dags/example_short_circuit_operator.py for tasks to queue
[2024-10-06T23:54:56.869+0000] {logging_mixin.py:154} INFO - [2024-10-06T23:54:56.869+0000] {dagbag.py:536} INFO - Filling up the DagBag from /home/airflow/.local/lib/python3.8/site-packages/airflow/example_dags/example_short_circuit_operator.py
[2024-10-06T23:54:56.873+0000] {processor.py:839} INFO - DAG(s) dict_keys(['example_short_circuit_operator']) retrieved from /home/airflow/.local/lib/python3.8/site-packages/airflow/example_dags/example_short_circuit_operator.py
[2024-10-06T23:54:56.883+0000] {logging_mixin.py:154} INFO - [2024-10-06T23:54:56.883+0000] {dag.py:2941} INFO - Sync 1 DAGs
[2024-10-06T23:54:56.891+0000] {logging_mixin.py:154} INFO - [2024-10-06T23:54:56.891+0000] {dag.py:3722} INFO - Setting next_dagrun for example_short_circuit_operator to 2024-10-05T23:54:56.891715+00:00, run_after=2024-10-06T23:54:56.891715+00:00
[2024-10-06T23:54:56.898+0000] {processor.py:179} INFO - Processing /home/airflow/.local/lib/python3.8/site-packages/airflow/example_dags/example_short_circuit_operator.py took 0.032 seconds
