[2024-10-06T00:48:02.075+0000] {processor.py:157} INFO - Started process (PID=25811) to work on /home/airflow/.local/lib/python3.8/site-packages/airflow/example_dags/example_branch_day_of_week_operator.py
[2024-10-06T00:48:02.076+0000] {processor.py:829} INFO - Processing file /home/airflow/.local/lib/python3.8/site-packages/airflow/example_dags/example_branch_day_of_week_operator.py for tasks to queue
[2024-10-06T00:48:02.077+0000] {logging_mixin.py:154} INFO - [2024-10-06T00:48:02.077+0000] {dagbag.py:536} INFO - Filling up the DagBag from /home/airflow/.local/lib/python3.8/site-packages/airflow/example_dags/example_branch_day_of_week_operator.py
[2024-10-06T00:48:02.082+0000] {processor.py:839} INFO - DAG(s) dict_keys(['example_weekday_branch_operator']) retrieved from /home/airflow/.local/lib/python3.8/site-packages/airflow/example_dags/example_branch_day_of_week_operator.py
[2024-10-06T00:48:02.092+0000] {logging_mixin.py:154} INFO - [2024-10-06T00:48:02.092+0000] {dag.py:2941} INFO - Sync 1 DAGs
[2024-10-06T00:48:02.101+0000] {logging_mixin.py:154} INFO - [2024-10-06T00:48:02.101+0000] {dag.py:3722} INFO - Setting next_dagrun for example_weekday_branch_operator to 2024-10-05T00:00:00+00:00, run_after=2024-10-06T00:00:00+00:00
[2024-10-06T00:48:02.109+0000] {processor.py:179} INFO - Processing /home/airflow/.local/lib/python3.8/site-packages/airflow/example_dags/example_branch_day_of_week_operator.py took 0.036 seconds
[2024-10-06T00:59:19.210+0000] {processor.py:157} INFO - Started process (PID=25865) to work on /home/airflow/.local/lib/python3.8/site-packages/airflow/example_dags/example_branch_day_of_week_operator.py
[2024-10-06T00:59:19.211+0000] {processor.py:829} INFO - Processing file /home/airflow/.local/lib/python3.8/site-packages/airflow/example_dags/example_branch_day_of_week_operator.py for tasks to queue
[2024-10-06T00:59:19.212+0000] {logging_mixin.py:154} INFO - [2024-10-06T00:59:19.212+0000] {dagbag.py:536} INFO - Filling up the DagBag from /home/airflow/.local/lib/python3.8/site-packages/airflow/example_dags/example_branch_day_of_week_operator.py
[2024-10-06T00:59:19.218+0000] {processor.py:839} INFO - DAG(s) dict_keys(['example_weekday_branch_operator']) retrieved from /home/airflow/.local/lib/python3.8/site-packages/airflow/example_dags/example_branch_day_of_week_operator.py
[2024-10-06T00:59:19.233+0000] {logging_mixin.py:154} INFO - [2024-10-06T00:59:19.233+0000] {dag.py:2941} INFO - Sync 1 DAGs
[2024-10-06T00:59:19.245+0000] {logging_mixin.py:154} INFO - [2024-10-06T00:59:19.245+0000] {dag.py:3722} INFO - Setting next_dagrun for example_weekday_branch_operator to 2024-10-05T00:00:00+00:00, run_after=2024-10-06T00:00:00+00:00
[2024-10-06T00:59:19.254+0000] {processor.py:179} INFO - Processing /home/airflow/.local/lib/python3.8/site-packages/airflow/example_dags/example_branch_day_of_week_operator.py took 0.047 seconds
[2024-10-06T02:12:20.276+0000] {processor.py:157} INFO - Started process (PID=25919) to work on /home/airflow/.local/lib/python3.8/site-packages/airflow/example_dags/example_branch_day_of_week_operator.py
[2024-10-06T02:12:20.276+0000] {processor.py:829} INFO - Processing file /home/airflow/.local/lib/python3.8/site-packages/airflow/example_dags/example_branch_day_of_week_operator.py for tasks to queue
[2024-10-06T02:12:20.278+0000] {logging_mixin.py:154} INFO - [2024-10-06T02:12:20.277+0000] {dagbag.py:536} INFO - Filling up the DagBag from /home/airflow/.local/lib/python3.8/site-packages/airflow/example_dags/example_branch_day_of_week_operator.py
[2024-10-06T02:12:20.282+0000] {processor.py:839} INFO - DAG(s) dict_keys(['example_weekday_branch_operator']) retrieved from /home/airflow/.local/lib/python3.8/site-packages/airflow/example_dags/example_branch_day_of_week_operator.py
[2024-10-06T02:12:20.295+0000] {logging_mixin.py:154} INFO - [2024-10-06T02:12:20.295+0000] {dag.py:2941} INFO - Sync 1 DAGs
[2024-10-06T02:12:20.307+0000] {logging_mixin.py:154} INFO - [2024-10-06T02:12:20.307+0000] {dag.py:3722} INFO - Setting next_dagrun for example_weekday_branch_operator to 2024-10-05T00:00:00+00:00, run_after=2024-10-06T00:00:00+00:00
[2024-10-06T02:12:20.317+0000] {processor.py:179} INFO - Processing /home/airflow/.local/lib/python3.8/site-packages/airflow/example_dags/example_branch_day_of_week_operator.py took 0.043 seconds
[2024-10-06T02:48:47.415+0000] {processor.py:157} INFO - Started process (PID=25973) to work on /home/airflow/.local/lib/python3.8/site-packages/airflow/example_dags/example_branch_day_of_week_operator.py
[2024-10-06T02:48:47.416+0000] {processor.py:829} INFO - Processing file /home/airflow/.local/lib/python3.8/site-packages/airflow/example_dags/example_branch_day_of_week_operator.py for tasks to queue
[2024-10-06T02:48:47.417+0000] {logging_mixin.py:154} INFO - [2024-10-06T02:48:47.417+0000] {dagbag.py:536} INFO - Filling up the DagBag from /home/airflow/.local/lib/python3.8/site-packages/airflow/example_dags/example_branch_day_of_week_operator.py
[2024-10-06T02:48:47.421+0000] {processor.py:839} INFO - DAG(s) dict_keys(['example_weekday_branch_operator']) retrieved from /home/airflow/.local/lib/python3.8/site-packages/airflow/example_dags/example_branch_day_of_week_operator.py
[2024-10-06T02:48:47.432+0000] {logging_mixin.py:154} INFO - [2024-10-06T02:48:47.432+0000] {dag.py:2941} INFO - Sync 1 DAGs
[2024-10-06T02:48:47.442+0000] {logging_mixin.py:154} INFO - [2024-10-06T02:48:47.441+0000] {dag.py:3722} INFO - Setting next_dagrun for example_weekday_branch_operator to 2024-10-05T00:00:00+00:00, run_after=2024-10-06T00:00:00+00:00
[2024-10-06T02:48:47.448+0000] {processor.py:179} INFO - Processing /home/airflow/.local/lib/python3.8/site-packages/airflow/example_dags/example_branch_day_of_week_operator.py took 0.034 seconds
[2024-10-06T03:19:23.028+0000] {processor.py:157} INFO - Started process (PID=26027) to work on /home/airflow/.local/lib/python3.8/site-packages/airflow/example_dags/example_branch_day_of_week_operator.py
[2024-10-06T03:19:23.028+0000] {processor.py:829} INFO - Processing file /home/airflow/.local/lib/python3.8/site-packages/airflow/example_dags/example_branch_day_of_week_operator.py for tasks to queue
[2024-10-06T03:19:23.029+0000] {logging_mixin.py:154} INFO - [2024-10-06T03:19:23.029+0000] {dagbag.py:536} INFO - Filling up the DagBag from /home/airflow/.local/lib/python3.8/site-packages/airflow/example_dags/example_branch_day_of_week_operator.py
[2024-10-06T03:19:23.033+0000] {processor.py:839} INFO - DAG(s) dict_keys(['example_weekday_branch_operator']) retrieved from /home/airflow/.local/lib/python3.8/site-packages/airflow/example_dags/example_branch_day_of_week_operator.py
[2024-10-06T03:19:23.042+0000] {logging_mixin.py:154} INFO - [2024-10-06T03:19:23.042+0000] {dag.py:2941} INFO - Sync 1 DAGs
[2024-10-06T03:19:23.051+0000] {logging_mixin.py:154} INFO - [2024-10-06T03:19:23.051+0000] {dag.py:3722} INFO - Setting next_dagrun for example_weekday_branch_operator to 2024-10-05T00:00:00+00:00, run_after=2024-10-06T00:00:00+00:00
[2024-10-06T03:19:23.057+0000] {processor.py:179} INFO - Processing /home/airflow/.local/lib/python3.8/site-packages/airflow/example_dags/example_branch_day_of_week_operator.py took 0.031 seconds
[2024-10-06T04:34:56.636+0000] {processor.py:157} INFO - Started process (PID=26081) to work on /home/airflow/.local/lib/python3.8/site-packages/airflow/example_dags/example_branch_day_of_week_operator.py
[2024-10-06T04:34:56.637+0000] {processor.py:829} INFO - Processing file /home/airflow/.local/lib/python3.8/site-packages/airflow/example_dags/example_branch_day_of_week_operator.py for tasks to queue
[2024-10-06T04:34:56.638+0000] {logging_mixin.py:154} INFO - [2024-10-06T04:34:56.638+0000] {dagbag.py:536} INFO - Filling up the DagBag from /home/airflow/.local/lib/python3.8/site-packages/airflow/example_dags/example_branch_day_of_week_operator.py
[2024-10-06T04:34:56.641+0000] {processor.py:839} INFO - DAG(s) dict_keys(['example_weekday_branch_operator']) retrieved from /home/airflow/.local/lib/python3.8/site-packages/airflow/example_dags/example_branch_day_of_week_operator.py
[2024-10-06T04:34:56.651+0000] {logging_mixin.py:154} INFO - [2024-10-06T04:34:56.650+0000] {dag.py:2941} INFO - Sync 1 DAGs
[2024-10-06T04:34:56.660+0000] {logging_mixin.py:154} INFO - [2024-10-06T04:34:56.660+0000] {dag.py:3722} INFO - Setting next_dagrun for example_weekday_branch_operator to 2024-10-05T00:00:00+00:00, run_after=2024-10-06T00:00:00+00:00
[2024-10-06T04:34:56.666+0000] {processor.py:179} INFO - Processing /home/airflow/.local/lib/python3.8/site-packages/airflow/example_dags/example_branch_day_of_week_operator.py took 0.031 seconds
[2024-10-06T05:54:01.445+0000] {processor.py:157} INFO - Started process (PID=26135) to work on /home/airflow/.local/lib/python3.8/site-packages/airflow/example_dags/example_branch_day_of_week_operator.py
[2024-10-06T05:54:01.445+0000] {processor.py:829} INFO - Processing file /home/airflow/.local/lib/python3.8/site-packages/airflow/example_dags/example_branch_day_of_week_operator.py for tasks to queue
[2024-10-06T05:54:01.447+0000] {logging_mixin.py:154} INFO - [2024-10-06T05:54:01.447+0000] {dagbag.py:536} INFO - Filling up the DagBag from /home/airflow/.local/lib/python3.8/site-packages/airflow/example_dags/example_branch_day_of_week_operator.py
[2024-10-06T05:54:01.452+0000] {processor.py:839} INFO - DAG(s) dict_keys(['example_weekday_branch_operator']) retrieved from /home/airflow/.local/lib/python3.8/site-packages/airflow/example_dags/example_branch_day_of_week_operator.py
[2024-10-06T05:54:01.465+0000] {logging_mixin.py:154} INFO - [2024-10-06T05:54:01.464+0000] {dag.py:2941} INFO - Sync 1 DAGs
[2024-10-06T05:54:01.476+0000] {logging_mixin.py:154} INFO - [2024-10-06T05:54:01.476+0000] {dag.py:3722} INFO - Setting next_dagrun for example_weekday_branch_operator to 2024-10-05T00:00:00+00:00, run_after=2024-10-06T00:00:00+00:00
[2024-10-06T05:54:01.488+0000] {processor.py:179} INFO - Processing /home/airflow/.local/lib/python3.8/site-packages/airflow/example_dags/example_branch_day_of_week_operator.py took 0.046 seconds
[2024-10-06T06:41:07.216+0000] {processor.py:157} INFO - Started process (PID=26189) to work on /home/airflow/.local/lib/python3.8/site-packages/airflow/example_dags/example_branch_day_of_week_operator.py
[2024-10-06T06:41:07.217+0000] {processor.py:829} INFO - Processing file /home/airflow/.local/lib/python3.8/site-packages/airflow/example_dags/example_branch_day_of_week_operator.py for tasks to queue
[2024-10-06T06:41:07.219+0000] {logging_mixin.py:154} INFO - [2024-10-06T06:41:07.219+0000] {dagbag.py:536} INFO - Filling up the DagBag from /home/airflow/.local/lib/python3.8/site-packages/airflow/example_dags/example_branch_day_of_week_operator.py
[2024-10-06T06:41:07.224+0000] {processor.py:839} INFO - DAG(s) dict_keys(['example_weekday_branch_operator']) retrieved from /home/airflow/.local/lib/python3.8/site-packages/airflow/example_dags/example_branch_day_of_week_operator.py
[2024-10-06T06:41:07.236+0000] {logging_mixin.py:154} INFO - [2024-10-06T06:41:07.236+0000] {dag.py:2941} INFO - Sync 1 DAGs
[2024-10-06T06:41:07.247+0000] {logging_mixin.py:154} INFO - [2024-10-06T06:41:07.247+0000] {dag.py:3722} INFO - Setting next_dagrun for example_weekday_branch_operator to 2024-10-05T00:00:00+00:00, run_after=2024-10-06T00:00:00+00:00
[2024-10-06T06:41:07.257+0000] {processor.py:179} INFO - Processing /home/airflow/.local/lib/python3.8/site-packages/airflow/example_dags/example_branch_day_of_week_operator.py took 0.043 seconds
[2024-10-06T08:19:29.883+0000] {processor.py:157} INFO - Started process (PID=26243) to work on /home/airflow/.local/lib/python3.8/site-packages/airflow/example_dags/example_branch_day_of_week_operator.py
[2024-10-06T08:19:29.884+0000] {processor.py:829} INFO - Processing file /home/airflow/.local/lib/python3.8/site-packages/airflow/example_dags/example_branch_day_of_week_operator.py for tasks to queue
[2024-10-06T08:19:29.885+0000] {logging_mixin.py:154} INFO - [2024-10-06T08:19:29.885+0000] {dagbag.py:536} INFO - Filling up the DagBag from /home/airflow/.local/lib/python3.8/site-packages/airflow/example_dags/example_branch_day_of_week_operator.py
[2024-10-06T08:19:29.890+0000] {processor.py:839} INFO - DAG(s) dict_keys(['example_weekday_branch_operator']) retrieved from /home/airflow/.local/lib/python3.8/site-packages/airflow/example_dags/example_branch_day_of_week_operator.py
[2024-10-06T08:19:29.902+0000] {logging_mixin.py:154} INFO - [2024-10-06T08:19:29.902+0000] {dag.py:2941} INFO - Sync 1 DAGs
[2024-10-06T08:19:29.913+0000] {logging_mixin.py:154} INFO - [2024-10-06T08:19:29.913+0000] {dag.py:3722} INFO - Setting next_dagrun for example_weekday_branch_operator to 2024-10-05T00:00:00+00:00, run_after=2024-10-06T00:00:00+00:00
[2024-10-06T08:19:29.923+0000] {processor.py:179} INFO - Processing /home/airflow/.local/lib/python3.8/site-packages/airflow/example_dags/example_branch_day_of_week_operator.py took 0.043 seconds
[2024-10-06T09:31:45.851+0000] {processor.py:157} INFO - Started process (PID=26297) to work on /home/airflow/.local/lib/python3.8/site-packages/airflow/example_dags/example_branch_day_of_week_operator.py
[2024-10-06T09:31:45.852+0000] {processor.py:829} INFO - Processing file /home/airflow/.local/lib/python3.8/site-packages/airflow/example_dags/example_branch_day_of_week_operator.py for tasks to queue
[2024-10-06T09:31:45.853+0000] {logging_mixin.py:154} INFO - [2024-10-06T09:31:45.853+0000] {dagbag.py:536} INFO - Filling up the DagBag from /home/airflow/.local/lib/python3.8/site-packages/airflow/example_dags/example_branch_day_of_week_operator.py
[2024-10-06T09:31:45.857+0000] {processor.py:839} INFO - DAG(s) dict_keys(['example_weekday_branch_operator']) retrieved from /home/airflow/.local/lib/python3.8/site-packages/airflow/example_dags/example_branch_day_of_week_operator.py
[2024-10-06T09:31:45.866+0000] {logging_mixin.py:154} INFO - [2024-10-06T09:31:45.866+0000] {dag.py:2941} INFO - Sync 1 DAGs
[2024-10-06T09:31:45.875+0000] {logging_mixin.py:154} INFO - [2024-10-06T09:31:45.875+0000] {dag.py:3722} INFO - Setting next_dagrun for example_weekday_branch_operator to 2024-10-05T00:00:00+00:00, run_after=2024-10-06T00:00:00+00:00
[2024-10-06T09:31:45.882+0000] {processor.py:179} INFO - Processing /home/airflow/.local/lib/python3.8/site-packages/airflow/example_dags/example_branch_day_of_week_operator.py took 0.032 seconds
[2024-10-06T10:45:25.766+0000] {processor.py:157} INFO - Started process (PID=26351) to work on /home/airflow/.local/lib/python3.8/site-packages/airflow/example_dags/example_branch_day_of_week_operator.py
[2024-10-06T10:45:25.766+0000] {processor.py:829} INFO - Processing file /home/airflow/.local/lib/python3.8/site-packages/airflow/example_dags/example_branch_day_of_week_operator.py for tasks to queue
[2024-10-06T10:45:25.768+0000] {logging_mixin.py:154} INFO - [2024-10-06T10:45:25.767+0000] {dagbag.py:536} INFO - Filling up the DagBag from /home/airflow/.local/lib/python3.8/site-packages/airflow/example_dags/example_branch_day_of_week_operator.py
[2024-10-06T10:45:25.771+0000] {processor.py:839} INFO - DAG(s) dict_keys(['example_weekday_branch_operator']) retrieved from /home/airflow/.local/lib/python3.8/site-packages/airflow/example_dags/example_branch_day_of_week_operator.py
[2024-10-06T10:45:25.781+0000] {logging_mixin.py:154} INFO - [2024-10-06T10:45:25.780+0000] {dag.py:2941} INFO - Sync 1 DAGs
[2024-10-06T10:45:25.789+0000] {logging_mixin.py:154} INFO - [2024-10-06T10:45:25.789+0000] {dag.py:3722} INFO - Setting next_dagrun for example_weekday_branch_operator to 2024-10-05T00:00:00+00:00, run_after=2024-10-06T00:00:00+00:00
[2024-10-06T10:45:25.796+0000] {processor.py:179} INFO - Processing /home/airflow/.local/lib/python3.8/site-packages/airflow/example_dags/example_branch_day_of_week_operator.py took 0.032 seconds
[2024-10-06T11:46:26.141+0000] {processor.py:157} INFO - Started process (PID=26405) to work on /home/airflow/.local/lib/python3.8/site-packages/airflow/example_dags/example_branch_day_of_week_operator.py
[2024-10-06T11:46:26.141+0000] {processor.py:829} INFO - Processing file /home/airflow/.local/lib/python3.8/site-packages/airflow/example_dags/example_branch_day_of_week_operator.py for tasks to queue
[2024-10-06T11:46:26.142+0000] {logging_mixin.py:154} INFO - [2024-10-06T11:46:26.142+0000] {dagbag.py:536} INFO - Filling up the DagBag from /home/airflow/.local/lib/python3.8/site-packages/airflow/example_dags/example_branch_day_of_week_operator.py
[2024-10-06T11:46:26.146+0000] {processor.py:839} INFO - DAG(s) dict_keys(['example_weekday_branch_operator']) retrieved from /home/airflow/.local/lib/python3.8/site-packages/airflow/example_dags/example_branch_day_of_week_operator.py
[2024-10-06T11:46:26.155+0000] {logging_mixin.py:154} INFO - [2024-10-06T11:46:26.155+0000] {dag.py:2941} INFO - Sync 1 DAGs
[2024-10-06T11:46:26.163+0000] {logging_mixin.py:154} INFO - [2024-10-06T11:46:26.163+0000] {dag.py:3722} INFO - Setting next_dagrun for example_weekday_branch_operator to 2024-10-05T00:00:00+00:00, run_after=2024-10-06T00:00:00+00:00
[2024-10-06T11:46:26.169+0000] {processor.py:179} INFO - Processing /home/airflow/.local/lib/python3.8/site-packages/airflow/example_dags/example_branch_day_of_week_operator.py took 0.029 seconds
[2024-10-06T12:33:57.672+0000] {processor.py:157} INFO - Started process (PID=26459) to work on /home/airflow/.local/lib/python3.8/site-packages/airflow/example_dags/example_branch_day_of_week_operator.py
[2024-10-06T12:33:57.672+0000] {processor.py:829} INFO - Processing file /home/airflow/.local/lib/python3.8/site-packages/airflow/example_dags/example_branch_day_of_week_operator.py for tasks to queue
[2024-10-06T12:33:57.674+0000] {logging_mixin.py:154} INFO - [2024-10-06T12:33:57.673+0000] {dagbag.py:536} INFO - Filling up the DagBag from /home/airflow/.local/lib/python3.8/site-packages/airflow/example_dags/example_branch_day_of_week_operator.py
[2024-10-06T12:33:57.677+0000] {processor.py:839} INFO - DAG(s) dict_keys(['example_weekday_branch_operator']) retrieved from /home/airflow/.local/lib/python3.8/site-packages/airflow/example_dags/example_branch_day_of_week_operator.py
[2024-10-06T12:33:57.686+0000] {logging_mixin.py:154} INFO - [2024-10-06T12:33:57.686+0000] {dag.py:2941} INFO - Sync 1 DAGs
[2024-10-06T12:33:57.695+0000] {logging_mixin.py:154} INFO - [2024-10-06T12:33:57.695+0000] {dag.py:3722} INFO - Setting next_dagrun for example_weekday_branch_operator to 2024-10-05T00:00:00+00:00, run_after=2024-10-06T00:00:00+00:00
[2024-10-06T12:33:57.702+0000] {processor.py:179} INFO - Processing /home/airflow/.local/lib/python3.8/site-packages/airflow/example_dags/example_branch_day_of_week_operator.py took 0.031 seconds
[2024-10-06T13:17:28.417+0000] {processor.py:157} INFO - Started process (PID=26513) to work on /home/airflow/.local/lib/python3.8/site-packages/airflow/example_dags/example_branch_day_of_week_operator.py
[2024-10-06T13:17:28.418+0000] {processor.py:829} INFO - Processing file /home/airflow/.local/lib/python3.8/site-packages/airflow/example_dags/example_branch_day_of_week_operator.py for tasks to queue
[2024-10-06T13:17:28.419+0000] {logging_mixin.py:154} INFO - [2024-10-06T13:17:28.419+0000] {dagbag.py:536} INFO - Filling up the DagBag from /home/airflow/.local/lib/python3.8/site-packages/airflow/example_dags/example_branch_day_of_week_operator.py
[2024-10-06T13:17:28.422+0000] {processor.py:839} INFO - DAG(s) dict_keys(['example_weekday_branch_operator']) retrieved from /home/airflow/.local/lib/python3.8/site-packages/airflow/example_dags/example_branch_day_of_week_operator.py
[2024-10-06T13:17:28.432+0000] {logging_mixin.py:154} INFO - [2024-10-06T13:17:28.432+0000] {dag.py:2941} INFO - Sync 1 DAGs
[2024-10-06T13:17:28.440+0000] {logging_mixin.py:154} INFO - [2024-10-06T13:17:28.440+0000] {dag.py:3722} INFO - Setting next_dagrun for example_weekday_branch_operator to 2024-10-05T00:00:00+00:00, run_after=2024-10-06T00:00:00+00:00
[2024-10-06T13:17:28.447+0000] {processor.py:179} INFO - Processing /home/airflow/.local/lib/python3.8/site-packages/airflow/example_dags/example_branch_day_of_week_operator.py took 0.031 seconds
[2024-10-06T14:49:26.789+0000] {processor.py:157} INFO - Started process (PID=26567) to work on /home/airflow/.local/lib/python3.8/site-packages/airflow/example_dags/example_branch_day_of_week_operator.py
[2024-10-06T14:49:26.790+0000] {processor.py:829} INFO - Processing file /home/airflow/.local/lib/python3.8/site-packages/airflow/example_dags/example_branch_day_of_week_operator.py for tasks to queue
[2024-10-06T14:49:26.791+0000] {logging_mixin.py:154} INFO - [2024-10-06T14:49:26.791+0000] {dagbag.py:536} INFO - Filling up the DagBag from /home/airflow/.local/lib/python3.8/site-packages/airflow/example_dags/example_branch_day_of_week_operator.py
[2024-10-06T14:49:26.795+0000] {processor.py:839} INFO - DAG(s) dict_keys(['example_weekday_branch_operator']) retrieved from /home/airflow/.local/lib/python3.8/site-packages/airflow/example_dags/example_branch_day_of_week_operator.py
[2024-10-06T14:49:26.804+0000] {logging_mixin.py:154} INFO - [2024-10-06T14:49:26.804+0000] {dag.py:2941} INFO - Sync 1 DAGs
[2024-10-06T14:49:26.814+0000] {logging_mixin.py:154} INFO - [2024-10-06T14:49:26.813+0000] {dag.py:3722} INFO - Setting next_dagrun for example_weekday_branch_operator to 2024-10-05T00:00:00+00:00, run_after=2024-10-06T00:00:00+00:00
[2024-10-06T14:49:26.820+0000] {processor.py:179} INFO - Processing /home/airflow/.local/lib/python3.8/site-packages/airflow/example_dags/example_branch_day_of_week_operator.py took 0.033 seconds
[2024-10-06T15:50:31.128+0000] {processor.py:157} INFO - Started process (PID=26621) to work on /home/airflow/.local/lib/python3.8/site-packages/airflow/example_dags/example_branch_day_of_week_operator.py
[2024-10-06T15:50:31.129+0000] {processor.py:829} INFO - Processing file /home/airflow/.local/lib/python3.8/site-packages/airflow/example_dags/example_branch_day_of_week_operator.py for tasks to queue
[2024-10-06T15:50:31.129+0000] {logging_mixin.py:154} INFO - [2024-10-06T15:50:31.129+0000] {dagbag.py:536} INFO - Filling up the DagBag from /home/airflow/.local/lib/python3.8/site-packages/airflow/example_dags/example_branch_day_of_week_operator.py
[2024-10-06T15:50:31.133+0000] {processor.py:839} INFO - DAG(s) dict_keys(['example_weekday_branch_operator']) retrieved from /home/airflow/.local/lib/python3.8/site-packages/airflow/example_dags/example_branch_day_of_week_operator.py
[2024-10-06T15:50:31.143+0000] {logging_mixin.py:154} INFO - [2024-10-06T15:50:31.142+0000] {dag.py:2941} INFO - Sync 1 DAGs
[2024-10-06T15:50:31.152+0000] {logging_mixin.py:154} INFO - [2024-10-06T15:50:31.152+0000] {dag.py:3722} INFO - Setting next_dagrun for example_weekday_branch_operator to 2024-10-05T00:00:00+00:00, run_after=2024-10-06T00:00:00+00:00
[2024-10-06T15:50:31.158+0000] {processor.py:179} INFO - Processing /home/airflow/.local/lib/python3.8/site-packages/airflow/example_dags/example_branch_day_of_week_operator.py took 0.032 seconds
[2024-10-06T16:11:24.125+0000] {processor.py:157} INFO - Started process (PID=26675) to work on /home/airflow/.local/lib/python3.8/site-packages/airflow/example_dags/example_branch_day_of_week_operator.py
[2024-10-06T16:11:24.125+0000] {processor.py:829} INFO - Processing file /home/airflow/.local/lib/python3.8/site-packages/airflow/example_dags/example_branch_day_of_week_operator.py for tasks to queue
[2024-10-06T16:11:24.126+0000] {logging_mixin.py:154} INFO - [2024-10-06T16:11:24.126+0000] {dagbag.py:536} INFO - Filling up the DagBag from /home/airflow/.local/lib/python3.8/site-packages/airflow/example_dags/example_branch_day_of_week_operator.py
[2024-10-06T16:11:24.130+0000] {processor.py:839} INFO - DAG(s) dict_keys(['example_weekday_branch_operator']) retrieved from /home/airflow/.local/lib/python3.8/site-packages/airflow/example_dags/example_branch_day_of_week_operator.py
[2024-10-06T16:11:24.139+0000] {logging_mixin.py:154} INFO - [2024-10-06T16:11:24.139+0000] {dag.py:2941} INFO - Sync 1 DAGs
[2024-10-06T16:11:24.147+0000] {logging_mixin.py:154} INFO - [2024-10-06T16:11:24.147+0000] {dag.py:3722} INFO - Setting next_dagrun for example_weekday_branch_operator to 2024-10-05T00:00:00+00:00, run_after=2024-10-06T00:00:00+00:00
[2024-10-06T16:11:24.153+0000] {processor.py:179} INFO - Processing /home/airflow/.local/lib/python3.8/site-packages/airflow/example_dags/example_branch_day_of_week_operator.py took 0.030 seconds
[2024-10-06T16:17:00.917+0000] {processor.py:157} INFO - Started process (PID=26729) to work on /home/airflow/.local/lib/python3.8/site-packages/airflow/example_dags/example_branch_day_of_week_operator.py
[2024-10-06T16:17:00.918+0000] {processor.py:829} INFO - Processing file /home/airflow/.local/lib/python3.8/site-packages/airflow/example_dags/example_branch_day_of_week_operator.py for tasks to queue
[2024-10-06T16:17:00.919+0000] {logging_mixin.py:154} INFO - [2024-10-06T16:17:00.919+0000] {dagbag.py:536} INFO - Filling up the DagBag from /home/airflow/.local/lib/python3.8/site-packages/airflow/example_dags/example_branch_day_of_week_operator.py
[2024-10-06T16:17:00.924+0000] {processor.py:839} INFO - DAG(s) dict_keys(['example_weekday_branch_operator']) retrieved from /home/airflow/.local/lib/python3.8/site-packages/airflow/example_dags/example_branch_day_of_week_operator.py
[2024-10-06T16:17:00.934+0000] {logging_mixin.py:154} INFO - [2024-10-06T16:17:00.934+0000] {dag.py:2941} INFO - Sync 1 DAGs
[2024-10-06T16:17:00.943+0000] {logging_mixin.py:154} INFO - [2024-10-06T16:17:00.943+0000] {dag.py:3722} INFO - Setting next_dagrun for example_weekday_branch_operator to 2024-10-05T00:00:00+00:00, run_after=2024-10-06T00:00:00+00:00
[2024-10-06T16:17:00.950+0000] {processor.py:179} INFO - Processing /home/airflow/.local/lib/python3.8/site-packages/airflow/example_dags/example_branch_day_of_week_operator.py took 0.035 seconds
[2024-10-06T17:25:37.820+0000] {processor.py:157} INFO - Started process (PID=26783) to work on /home/airflow/.local/lib/python3.8/site-packages/airflow/example_dags/example_branch_day_of_week_operator.py
[2024-10-06T17:25:37.821+0000] {processor.py:829} INFO - Processing file /home/airflow/.local/lib/python3.8/site-packages/airflow/example_dags/example_branch_day_of_week_operator.py for tasks to queue
[2024-10-06T17:25:37.822+0000] {logging_mixin.py:154} INFO - [2024-10-06T17:25:37.821+0000] {dagbag.py:536} INFO - Filling up the DagBag from /home/airflow/.local/lib/python3.8/site-packages/airflow/example_dags/example_branch_day_of_week_operator.py
[2024-10-06T17:25:37.825+0000] {processor.py:839} INFO - DAG(s) dict_keys(['example_weekday_branch_operator']) retrieved from /home/airflow/.local/lib/python3.8/site-packages/airflow/example_dags/example_branch_day_of_week_operator.py
[2024-10-06T17:25:37.834+0000] {logging_mixin.py:154} INFO - [2024-10-06T17:25:37.833+0000] {dag.py:2941} INFO - Sync 1 DAGs
[2024-10-06T17:25:37.841+0000] {logging_mixin.py:154} INFO - [2024-10-06T17:25:37.841+0000] {dag.py:3722} INFO - Setting next_dagrun for example_weekday_branch_operator to 2024-10-05T00:00:00+00:00, run_after=2024-10-06T00:00:00+00:00
[2024-10-06T17:25:37.847+0000] {processor.py:179} INFO - Processing /home/airflow/.local/lib/python3.8/site-packages/airflow/example_dags/example_branch_day_of_week_operator.py took 0.029 seconds
[2024-10-06T17:48:10.706+0000] {processor.py:157} INFO - Started process (PID=26837) to work on /home/airflow/.local/lib/python3.8/site-packages/airflow/example_dags/example_branch_day_of_week_operator.py
[2024-10-06T17:48:10.706+0000] {processor.py:829} INFO - Processing file /home/airflow/.local/lib/python3.8/site-packages/airflow/example_dags/example_branch_day_of_week_operator.py for tasks to queue
[2024-10-06T17:48:10.708+0000] {logging_mixin.py:154} INFO - [2024-10-06T17:48:10.707+0000] {dagbag.py:536} INFO - Filling up the DagBag from /home/airflow/.local/lib/python3.8/site-packages/airflow/example_dags/example_branch_day_of_week_operator.py
[2024-10-06T17:48:10.712+0000] {processor.py:839} INFO - DAG(s) dict_keys(['example_weekday_branch_operator']) retrieved from /home/airflow/.local/lib/python3.8/site-packages/airflow/example_dags/example_branch_day_of_week_operator.py
[2024-10-06T17:48:10.722+0000] {logging_mixin.py:154} INFO - [2024-10-06T17:48:10.721+0000] {dag.py:2941} INFO - Sync 1 DAGs
[2024-10-06T17:48:10.730+0000] {logging_mixin.py:154} INFO - [2024-10-06T17:48:10.730+0000] {dag.py:3722} INFO - Setting next_dagrun for example_weekday_branch_operator to 2024-10-05T00:00:00+00:00, run_after=2024-10-06T00:00:00+00:00
[2024-10-06T17:48:10.737+0000] {processor.py:179} INFO - Processing /home/airflow/.local/lib/python3.8/site-packages/airflow/example_dags/example_branch_day_of_week_operator.py took 0.033 seconds
[2024-10-06T18:17:58.676+0000] {processor.py:157} INFO - Started process (PID=26891) to work on /home/airflow/.local/lib/python3.8/site-packages/airflow/example_dags/example_branch_day_of_week_operator.py
[2024-10-06T18:17:58.677+0000] {processor.py:829} INFO - Processing file /home/airflow/.local/lib/python3.8/site-packages/airflow/example_dags/example_branch_day_of_week_operator.py for tasks to queue
[2024-10-06T18:17:58.679+0000] {logging_mixin.py:154} INFO - [2024-10-06T18:17:58.678+0000] {dagbag.py:536} INFO - Filling up the DagBag from /home/airflow/.local/lib/python3.8/site-packages/airflow/example_dags/example_branch_day_of_week_operator.py
[2024-10-06T18:17:58.684+0000] {processor.py:839} INFO - DAG(s) dict_keys(['example_weekday_branch_operator']) retrieved from /home/airflow/.local/lib/python3.8/site-packages/airflow/example_dags/example_branch_day_of_week_operator.py
[2024-10-06T18:17:58.697+0000] {logging_mixin.py:154} INFO - [2024-10-06T18:17:58.697+0000] {dag.py:2941} INFO - Sync 1 DAGs
[2024-10-06T18:17:58.708+0000] {logging_mixin.py:154} INFO - [2024-10-06T18:17:58.708+0000] {dag.py:3722} INFO - Setting next_dagrun for example_weekday_branch_operator to 2024-10-05T00:00:00+00:00, run_after=2024-10-06T00:00:00+00:00
[2024-10-06T18:17:58.718+0000] {processor.py:179} INFO - Processing /home/airflow/.local/lib/python3.8/site-packages/airflow/example_dags/example_branch_day_of_week_operator.py took 0.045 seconds
[2024-10-06T19:43:23.253+0000] {processor.py:157} INFO - Started process (PID=26945) to work on /home/airflow/.local/lib/python3.8/site-packages/airflow/example_dags/example_branch_day_of_week_operator.py
[2024-10-06T19:43:23.254+0000] {processor.py:829} INFO - Processing file /home/airflow/.local/lib/python3.8/site-packages/airflow/example_dags/example_branch_day_of_week_operator.py for tasks to queue
[2024-10-06T19:43:23.255+0000] {logging_mixin.py:154} INFO - [2024-10-06T19:43:23.255+0000] {dagbag.py:536} INFO - Filling up the DagBag from /home/airflow/.local/lib/python3.8/site-packages/airflow/example_dags/example_branch_day_of_week_operator.py
[2024-10-06T19:43:23.260+0000] {processor.py:839} INFO - DAG(s) dict_keys(['example_weekday_branch_operator']) retrieved from /home/airflow/.local/lib/python3.8/site-packages/airflow/example_dags/example_branch_day_of_week_operator.py
[2024-10-06T19:43:23.274+0000] {logging_mixin.py:154} INFO - [2024-10-06T19:43:23.274+0000] {dag.py:2941} INFO - Sync 1 DAGs
[2024-10-06T19:43:23.286+0000] {logging_mixin.py:154} INFO - [2024-10-06T19:43:23.286+0000] {dag.py:3722} INFO - Setting next_dagrun for example_weekday_branch_operator to 2024-10-05T00:00:00+00:00, run_after=2024-10-06T00:00:00+00:00
[2024-10-06T19:43:23.296+0000] {processor.py:179} INFO - Processing /home/airflow/.local/lib/python3.8/site-packages/airflow/example_dags/example_branch_day_of_week_operator.py took 0.045 seconds
[2024-10-06T20:31:10.231+0000] {processor.py:157} INFO - Started process (PID=26999) to work on /home/airflow/.local/lib/python3.8/site-packages/airflow/example_dags/example_branch_day_of_week_operator.py
[2024-10-06T20:31:10.231+0000] {processor.py:829} INFO - Processing file /home/airflow/.local/lib/python3.8/site-packages/airflow/example_dags/example_branch_day_of_week_operator.py for tasks to queue
[2024-10-06T20:31:10.233+0000] {logging_mixin.py:154} INFO - [2024-10-06T20:31:10.233+0000] {dagbag.py:536} INFO - Filling up the DagBag from /home/airflow/.local/lib/python3.8/site-packages/airflow/example_dags/example_branch_day_of_week_operator.py
[2024-10-06T20:31:10.238+0000] {processor.py:839} INFO - DAG(s) dict_keys(['example_weekday_branch_operator']) retrieved from /home/airflow/.local/lib/python3.8/site-packages/airflow/example_dags/example_branch_day_of_week_operator.py
[2024-10-06T20:31:10.251+0000] {logging_mixin.py:154} INFO - [2024-10-06T20:31:10.250+0000] {dag.py:2941} INFO - Sync 1 DAGs
[2024-10-06T20:31:10.263+0000] {logging_mixin.py:154} INFO - [2024-10-06T20:31:10.263+0000] {dag.py:3722} INFO - Setting next_dagrun for example_weekday_branch_operator to 2024-10-05T00:00:00+00:00, run_after=2024-10-06T00:00:00+00:00
[2024-10-06T20:31:10.273+0000] {processor.py:179} INFO - Processing /home/airflow/.local/lib/python3.8/site-packages/airflow/example_dags/example_branch_day_of_week_operator.py took 0.044 seconds
[2024-10-06T20:40:15.266+0000] {processor.py:157} INFO - Started process (PID=27053) to work on /home/airflow/.local/lib/python3.8/site-packages/airflow/example_dags/example_branch_day_of_week_operator.py
[2024-10-06T20:40:15.267+0000] {processor.py:829} INFO - Processing file /home/airflow/.local/lib/python3.8/site-packages/airflow/example_dags/example_branch_day_of_week_operator.py for tasks to queue
[2024-10-06T20:40:15.269+0000] {logging_mixin.py:154} INFO - [2024-10-06T20:40:15.268+0000] {dagbag.py:536} INFO - Filling up the DagBag from /home/airflow/.local/lib/python3.8/site-packages/airflow/example_dags/example_branch_day_of_week_operator.py
[2024-10-06T20:40:15.274+0000] {processor.py:839} INFO - DAG(s) dict_keys(['example_weekday_branch_operator']) retrieved from /home/airflow/.local/lib/python3.8/site-packages/airflow/example_dags/example_branch_day_of_week_operator.py
[2024-10-06T20:40:15.289+0000] {logging_mixin.py:154} INFO - [2024-10-06T20:40:15.289+0000] {dag.py:2941} INFO - Sync 1 DAGs
[2024-10-06T20:40:15.302+0000] {logging_mixin.py:154} INFO - [2024-10-06T20:40:15.301+0000] {dag.py:3722} INFO - Setting next_dagrun for example_weekday_branch_operator to 2024-10-05T00:00:00+00:00, run_after=2024-10-06T00:00:00+00:00
[2024-10-06T20:40:15.313+0000] {processor.py:179} INFO - Processing /home/airflow/.local/lib/python3.8/site-packages/airflow/example_dags/example_branch_day_of_week_operator.py took 0.050 seconds
[2024-10-06T20:43:25.494+0000] {processor.py:157} INFO - Started process (PID=27107) to work on /home/airflow/.local/lib/python3.8/site-packages/airflow/example_dags/example_branch_day_of_week_operator.py
[2024-10-06T20:43:25.495+0000] {processor.py:829} INFO - Processing file /home/airflow/.local/lib/python3.8/site-packages/airflow/example_dags/example_branch_day_of_week_operator.py for tasks to queue
[2024-10-06T20:43:25.496+0000] {logging_mixin.py:154} INFO - [2024-10-06T20:43:25.496+0000] {dagbag.py:536} INFO - Filling up the DagBag from /home/airflow/.local/lib/python3.8/site-packages/airflow/example_dags/example_branch_day_of_week_operator.py
[2024-10-06T20:43:25.499+0000] {processor.py:839} INFO - DAG(s) dict_keys(['example_weekday_branch_operator']) retrieved from /home/airflow/.local/lib/python3.8/site-packages/airflow/example_dags/example_branch_day_of_week_operator.py
[2024-10-06T20:43:25.509+0000] {logging_mixin.py:154} INFO - [2024-10-06T20:43:25.509+0000] {dag.py:2941} INFO - Sync 1 DAGs
[2024-10-06T20:43:25.517+0000] {logging_mixin.py:154} INFO - [2024-10-06T20:43:25.517+0000] {dag.py:3722} INFO - Setting next_dagrun for example_weekday_branch_operator to 2024-10-05T00:00:00+00:00, run_after=2024-10-06T00:00:00+00:00
[2024-10-06T20:43:25.524+0000] {processor.py:179} INFO - Processing /home/airflow/.local/lib/python3.8/site-packages/airflow/example_dags/example_branch_day_of_week_operator.py took 0.031 seconds
[2024-10-06T21:12:03.866+0000] {processor.py:157} INFO - Started process (PID=27161) to work on /home/airflow/.local/lib/python3.8/site-packages/airflow/example_dags/example_branch_day_of_week_operator.py
[2024-10-06T21:12:03.866+0000] {processor.py:829} INFO - Processing file /home/airflow/.local/lib/python3.8/site-packages/airflow/example_dags/example_branch_day_of_week_operator.py for tasks to queue
[2024-10-06T21:12:03.867+0000] {logging_mixin.py:154} INFO - [2024-10-06T21:12:03.867+0000] {dagbag.py:536} INFO - Filling up the DagBag from /home/airflow/.local/lib/python3.8/site-packages/airflow/example_dags/example_branch_day_of_week_operator.py
[2024-10-06T21:12:03.871+0000] {processor.py:839} INFO - DAG(s) dict_keys(['example_weekday_branch_operator']) retrieved from /home/airflow/.local/lib/python3.8/site-packages/airflow/example_dags/example_branch_day_of_week_operator.py
[2024-10-06T21:12:03.881+0000] {logging_mixin.py:154} INFO - [2024-10-06T21:12:03.881+0000] {dag.py:2941} INFO - Sync 1 DAGs
[2024-10-06T21:12:03.890+0000] {logging_mixin.py:154} INFO - [2024-10-06T21:12:03.890+0000] {dag.py:3722} INFO - Setting next_dagrun for example_weekday_branch_operator to 2024-10-05T00:00:00+00:00, run_after=2024-10-06T00:00:00+00:00
[2024-10-06T21:12:03.896+0000] {processor.py:179} INFO - Processing /home/airflow/.local/lib/python3.8/site-packages/airflow/example_dags/example_branch_day_of_week_operator.py took 0.032 seconds
[2024-10-06T21:13:26.554+0000] {processor.py:157} INFO - Started process (PID=27215) to work on /home/airflow/.local/lib/python3.8/site-packages/airflow/example_dags/example_branch_day_of_week_operator.py
[2024-10-06T21:13:26.554+0000] {processor.py:829} INFO - Processing file /home/airflow/.local/lib/python3.8/site-packages/airflow/example_dags/example_branch_day_of_week_operator.py for tasks to queue
[2024-10-06T21:13:26.555+0000] {logging_mixin.py:154} INFO - [2024-10-06T21:13:26.555+0000] {dagbag.py:536} INFO - Filling up the DagBag from /home/airflow/.local/lib/python3.8/site-packages/airflow/example_dags/example_branch_day_of_week_operator.py
[2024-10-06T21:13:26.559+0000] {processor.py:839} INFO - DAG(s) dict_keys(['example_weekday_branch_operator']) retrieved from /home/airflow/.local/lib/python3.8/site-packages/airflow/example_dags/example_branch_day_of_week_operator.py
[2024-10-06T21:13:26.569+0000] {logging_mixin.py:154} INFO - [2024-10-06T21:13:26.569+0000] {dag.py:2941} INFO - Sync 1 DAGs
[2024-10-06T21:13:26.578+0000] {logging_mixin.py:154} INFO - [2024-10-06T21:13:26.578+0000] {dag.py:3722} INFO - Setting next_dagrun for example_weekday_branch_operator to 2024-10-05T00:00:00+00:00, run_after=2024-10-06T00:00:00+00:00
[2024-10-06T21:13:26.585+0000] {processor.py:179} INFO - Processing /home/airflow/.local/lib/python3.8/site-packages/airflow/example_dags/example_branch_day_of_week_operator.py took 0.033 seconds
[2024-10-06T21:24:00.833+0000] {processor.py:157} INFO - Started process (PID=27269) to work on /home/airflow/.local/lib/python3.8/site-packages/airflow/example_dags/example_branch_day_of_week_operator.py
[2024-10-06T21:24:00.834+0000] {processor.py:829} INFO - Processing file /home/airflow/.local/lib/python3.8/site-packages/airflow/example_dags/example_branch_day_of_week_operator.py for tasks to queue
[2024-10-06T21:24:00.835+0000] {logging_mixin.py:154} INFO - [2024-10-06T21:24:00.835+0000] {dagbag.py:536} INFO - Filling up the DagBag from /home/airflow/.local/lib/python3.8/site-packages/airflow/example_dags/example_branch_day_of_week_operator.py
[2024-10-06T21:24:00.841+0000] {processor.py:839} INFO - DAG(s) dict_keys(['example_weekday_branch_operator']) retrieved from /home/airflow/.local/lib/python3.8/site-packages/airflow/example_dags/example_branch_day_of_week_operator.py
[2024-10-06T21:24:00.855+0000] {logging_mixin.py:154} INFO - [2024-10-06T21:24:00.854+0000] {dag.py:2941} INFO - Sync 1 DAGs
[2024-10-06T21:24:00.869+0000] {logging_mixin.py:154} INFO - [2024-10-06T21:24:00.869+0000] {dag.py:3722} INFO - Setting next_dagrun for example_weekday_branch_operator to 2024-10-05T00:00:00+00:00, run_after=2024-10-06T00:00:00+00:00
[2024-10-06T21:24:00.879+0000] {processor.py:179} INFO - Processing /home/airflow/.local/lib/python3.8/site-packages/airflow/example_dags/example_branch_day_of_week_operator.py took 0.048 seconds
[2024-10-06T22:02:22.356+0000] {processor.py:157} INFO - Started process (PID=27323) to work on /home/airflow/.local/lib/python3.8/site-packages/airflow/example_dags/example_branch_day_of_week_operator.py
[2024-10-06T22:02:22.356+0000] {processor.py:829} INFO - Processing file /home/airflow/.local/lib/python3.8/site-packages/airflow/example_dags/example_branch_day_of_week_operator.py for tasks to queue
[2024-10-06T22:02:22.358+0000] {logging_mixin.py:154} INFO - [2024-10-06T22:02:22.357+0000] {dagbag.py:536} INFO - Filling up the DagBag from /home/airflow/.local/lib/python3.8/site-packages/airflow/example_dags/example_branch_day_of_week_operator.py
[2024-10-06T22:02:22.362+0000] {processor.py:839} INFO - DAG(s) dict_keys(['example_weekday_branch_operator']) retrieved from /home/airflow/.local/lib/python3.8/site-packages/airflow/example_dags/example_branch_day_of_week_operator.py
[2024-10-06T22:02:22.371+0000] {logging_mixin.py:154} INFO - [2024-10-06T22:02:22.371+0000] {dag.py:2941} INFO - Sync 1 DAGs
[2024-10-06T22:02:22.380+0000] {logging_mixin.py:154} INFO - [2024-10-06T22:02:22.380+0000] {dag.py:3722} INFO - Setting next_dagrun for example_weekday_branch_operator to 2024-10-05T00:00:00+00:00, run_after=2024-10-06T00:00:00+00:00
[2024-10-06T22:02:22.387+0000] {processor.py:179} INFO - Processing /home/airflow/.local/lib/python3.8/site-packages/airflow/example_dags/example_branch_day_of_week_operator.py took 0.032 seconds
[2024-10-06T22:28:55.353+0000] {processor.py:157} INFO - Started process (PID=27377) to work on /home/airflow/.local/lib/python3.8/site-packages/airflow/example_dags/example_branch_day_of_week_operator.py
[2024-10-06T22:28:55.354+0000] {processor.py:829} INFO - Processing file /home/airflow/.local/lib/python3.8/site-packages/airflow/example_dags/example_branch_day_of_week_operator.py for tasks to queue
[2024-10-06T22:28:55.355+0000] {logging_mixin.py:154} INFO - [2024-10-06T22:28:55.355+0000] {dagbag.py:536} INFO - Filling up the DagBag from /home/airflow/.local/lib/python3.8/site-packages/airflow/example_dags/example_branch_day_of_week_operator.py
[2024-10-06T22:28:55.359+0000] {processor.py:839} INFO - DAG(s) dict_keys(['example_weekday_branch_operator']) retrieved from /home/airflow/.local/lib/python3.8/site-packages/airflow/example_dags/example_branch_day_of_week_operator.py
[2024-10-06T22:28:55.370+0000] {logging_mixin.py:154} INFO - [2024-10-06T22:28:55.370+0000] {dag.py:2941} INFO - Sync 1 DAGs
[2024-10-06T22:28:55.380+0000] {logging_mixin.py:154} INFO - [2024-10-06T22:28:55.380+0000] {dag.py:3722} INFO - Setting next_dagrun for example_weekday_branch_operator to 2024-10-05T00:00:00+00:00, run_after=2024-10-06T00:00:00+00:00
[2024-10-06T22:28:55.387+0000] {processor.py:179} INFO - Processing /home/airflow/.local/lib/python3.8/site-packages/airflow/example_dags/example_branch_day_of_week_operator.py took 0.035 seconds
[2024-10-06T22:59:45.063+0000] {processor.py:157} INFO - Started process (PID=27431) to work on /home/airflow/.local/lib/python3.8/site-packages/airflow/example_dags/example_branch_day_of_week_operator.py
[2024-10-06T22:59:45.063+0000] {processor.py:829} INFO - Processing file /home/airflow/.local/lib/python3.8/site-packages/airflow/example_dags/example_branch_day_of_week_operator.py for tasks to queue
[2024-10-06T22:59:45.064+0000] {logging_mixin.py:154} INFO - [2024-10-06T22:59:45.064+0000] {dagbag.py:536} INFO - Filling up the DagBag from /home/airflow/.local/lib/python3.8/site-packages/airflow/example_dags/example_branch_day_of_week_operator.py
[2024-10-06T22:59:45.068+0000] {processor.py:839} INFO - DAG(s) dict_keys(['example_weekday_branch_operator']) retrieved from /home/airflow/.local/lib/python3.8/site-packages/airflow/example_dags/example_branch_day_of_week_operator.py
[2024-10-06T22:59:45.078+0000] {logging_mixin.py:154} INFO - [2024-10-06T22:59:45.078+0000] {dag.py:2941} INFO - Sync 1 DAGs
[2024-10-06T22:59:45.087+0000] {logging_mixin.py:154} INFO - [2024-10-06T22:59:45.087+0000] {dag.py:3722} INFO - Setting next_dagrun for example_weekday_branch_operator to 2024-10-05T00:00:00+00:00, run_after=2024-10-06T00:00:00+00:00
[2024-10-06T22:59:45.094+0000] {processor.py:179} INFO - Processing /home/airflow/.local/lib/python3.8/site-packages/airflow/example_dags/example_branch_day_of_week_operator.py took 0.033 seconds
[2024-10-06T23:00:15.985+0000] {processor.py:157} INFO - Started process (PID=27485) to work on /home/airflow/.local/lib/python3.8/site-packages/airflow/example_dags/example_branch_day_of_week_operator.py
[2024-10-06T23:00:15.985+0000] {processor.py:829} INFO - Processing file /home/airflow/.local/lib/python3.8/site-packages/airflow/example_dags/example_branch_day_of_week_operator.py for tasks to queue
[2024-10-06T23:00:15.987+0000] {logging_mixin.py:154} INFO - [2024-10-06T23:00:15.986+0000] {dagbag.py:536} INFO - Filling up the DagBag from /home/airflow/.local/lib/python3.8/site-packages/airflow/example_dags/example_branch_day_of_week_operator.py
[2024-10-06T23:00:15.991+0000] {processor.py:839} INFO - DAG(s) dict_keys(['example_weekday_branch_operator']) retrieved from /home/airflow/.local/lib/python3.8/site-packages/airflow/example_dags/example_branch_day_of_week_operator.py
[2024-10-06T23:00:16.004+0000] {logging_mixin.py:154} INFO - [2024-10-06T23:00:16.003+0000] {dag.py:2941} INFO - Sync 1 DAGs
[2024-10-06T23:00:16.015+0000] {logging_mixin.py:154} INFO - [2024-10-06T23:00:16.015+0000] {dag.py:3722} INFO - Setting next_dagrun for example_weekday_branch_operator to 2024-10-05T00:00:00+00:00, run_after=2024-10-06T00:00:00+00:00
[2024-10-06T23:00:16.023+0000] {processor.py:179} INFO - Processing /home/airflow/.local/lib/python3.8/site-packages/airflow/example_dags/example_branch_day_of_week_operator.py took 0.041 seconds
[2024-10-06T23:00:46.553+0000] {processor.py:157} INFO - Started process (PID=27539) to work on /home/airflow/.local/lib/python3.8/site-packages/airflow/example_dags/example_branch_day_of_week_operator.py
[2024-10-06T23:00:46.554+0000] {processor.py:829} INFO - Processing file /home/airflow/.local/lib/python3.8/site-packages/airflow/example_dags/example_branch_day_of_week_operator.py for tasks to queue
[2024-10-06T23:00:46.555+0000] {logging_mixin.py:154} INFO - [2024-10-06T23:00:46.555+0000] {dagbag.py:536} INFO - Filling up the DagBag from /home/airflow/.local/lib/python3.8/site-packages/airflow/example_dags/example_branch_day_of_week_operator.py
[2024-10-06T23:00:46.560+0000] {processor.py:839} INFO - DAG(s) dict_keys(['example_weekday_branch_operator']) retrieved from /home/airflow/.local/lib/python3.8/site-packages/airflow/example_dags/example_branch_day_of_week_operator.py
[2024-10-06T23:00:46.573+0000] {logging_mixin.py:154} INFO - [2024-10-06T23:00:46.573+0000] {dag.py:2941} INFO - Sync 1 DAGs
[2024-10-06T23:00:46.584+0000] {logging_mixin.py:154} INFO - [2024-10-06T23:00:46.584+0000] {dag.py:3722} INFO - Setting next_dagrun for example_weekday_branch_operator to 2024-10-05T00:00:00+00:00, run_after=2024-10-06T00:00:00+00:00
[2024-10-06T23:00:46.593+0000] {processor.py:179} INFO - Processing /home/airflow/.local/lib/python3.8/site-packages/airflow/example_dags/example_branch_day_of_week_operator.py took 0.042 seconds
[2024-10-06T23:01:17.130+0000] {processor.py:157} INFO - Started process (PID=27593) to work on /home/airflow/.local/lib/python3.8/site-packages/airflow/example_dags/example_branch_day_of_week_operator.py
[2024-10-06T23:01:17.130+0000] {processor.py:829} INFO - Processing file /home/airflow/.local/lib/python3.8/site-packages/airflow/example_dags/example_branch_day_of_week_operator.py for tasks to queue
[2024-10-06T23:01:17.131+0000] {logging_mixin.py:154} INFO - [2024-10-06T23:01:17.131+0000] {dagbag.py:536} INFO - Filling up the DagBag from /home/airflow/.local/lib/python3.8/site-packages/airflow/example_dags/example_branch_day_of_week_operator.py
[2024-10-06T23:01:17.134+0000] {processor.py:839} INFO - DAG(s) dict_keys(['example_weekday_branch_operator']) retrieved from /home/airflow/.local/lib/python3.8/site-packages/airflow/example_dags/example_branch_day_of_week_operator.py
[2024-10-06T23:01:17.143+0000] {logging_mixin.py:154} INFO - [2024-10-06T23:01:17.143+0000] {dag.py:2941} INFO - Sync 1 DAGs
[2024-10-06T23:01:17.151+0000] {logging_mixin.py:154} INFO - [2024-10-06T23:01:17.151+0000] {dag.py:3722} INFO - Setting next_dagrun for example_weekday_branch_operator to 2024-10-05T00:00:00+00:00, run_after=2024-10-06T00:00:00+00:00
[2024-10-06T23:01:17.157+0000] {processor.py:179} INFO - Processing /home/airflow/.local/lib/python3.8/site-packages/airflow/example_dags/example_branch_day_of_week_operator.py took 0.029 seconds
[2024-10-06T23:01:47.577+0000] {processor.py:157} INFO - Started process (PID=27647) to work on /home/airflow/.local/lib/python3.8/site-packages/airflow/example_dags/example_branch_day_of_week_operator.py
[2024-10-06T23:01:47.577+0000] {processor.py:829} INFO - Processing file /home/airflow/.local/lib/python3.8/site-packages/airflow/example_dags/example_branch_day_of_week_operator.py for tasks to queue
[2024-10-06T23:01:47.578+0000] {logging_mixin.py:154} INFO - [2024-10-06T23:01:47.578+0000] {dagbag.py:536} INFO - Filling up the DagBag from /home/airflow/.local/lib/python3.8/site-packages/airflow/example_dags/example_branch_day_of_week_operator.py
[2024-10-06T23:01:47.582+0000] {processor.py:839} INFO - DAG(s) dict_keys(['example_weekday_branch_operator']) retrieved from /home/airflow/.local/lib/python3.8/site-packages/airflow/example_dags/example_branch_day_of_week_operator.py
[2024-10-06T23:01:47.591+0000] {logging_mixin.py:154} INFO - [2024-10-06T23:01:47.591+0000] {dag.py:2941} INFO - Sync 1 DAGs
[2024-10-06T23:01:47.599+0000] {logging_mixin.py:154} INFO - [2024-10-06T23:01:47.599+0000] {dag.py:3722} INFO - Setting next_dagrun for example_weekday_branch_operator to 2024-10-05T00:00:00+00:00, run_after=2024-10-06T00:00:00+00:00
[2024-10-06T23:01:47.605+0000] {processor.py:179} INFO - Processing /home/airflow/.local/lib/python3.8/site-packages/airflow/example_dags/example_branch_day_of_week_operator.py took 0.029 seconds
[2024-10-06T23:02:17.952+0000] {processor.py:157} INFO - Started process (PID=27701) to work on /home/airflow/.local/lib/python3.8/site-packages/airflow/example_dags/example_branch_day_of_week_operator.py
[2024-10-06T23:02:17.953+0000] {processor.py:829} INFO - Processing file /home/airflow/.local/lib/python3.8/site-packages/airflow/example_dags/example_branch_day_of_week_operator.py for tasks to queue
[2024-10-06T23:02:17.954+0000] {logging_mixin.py:154} INFO - [2024-10-06T23:02:17.954+0000] {dagbag.py:536} INFO - Filling up the DagBag from /home/airflow/.local/lib/python3.8/site-packages/airflow/example_dags/example_branch_day_of_week_operator.py
[2024-10-06T23:02:17.957+0000] {processor.py:839} INFO - DAG(s) dict_keys(['example_weekday_branch_operator']) retrieved from /home/airflow/.local/lib/python3.8/site-packages/airflow/example_dags/example_branch_day_of_week_operator.py
[2024-10-06T23:02:17.966+0000] {logging_mixin.py:154} INFO - [2024-10-06T23:02:17.966+0000] {dag.py:2941} INFO - Sync 1 DAGs
[2024-10-06T23:02:17.975+0000] {logging_mixin.py:154} INFO - [2024-10-06T23:02:17.975+0000] {dag.py:3722} INFO - Setting next_dagrun for example_weekday_branch_operator to 2024-10-05T00:00:00+00:00, run_after=2024-10-06T00:00:00+00:00
[2024-10-06T23:02:17.982+0000] {processor.py:179} INFO - Processing /home/airflow/.local/lib/python3.8/site-packages/airflow/example_dags/example_branch_day_of_week_operator.py took 0.031 seconds
[2024-10-06T23:02:48.398+0000] {processor.py:157} INFO - Started process (PID=27755) to work on /home/airflow/.local/lib/python3.8/site-packages/airflow/example_dags/example_branch_day_of_week_operator.py
[2024-10-06T23:02:48.398+0000] {processor.py:829} INFO - Processing file /home/airflow/.local/lib/python3.8/site-packages/airflow/example_dags/example_branch_day_of_week_operator.py for tasks to queue
[2024-10-06T23:02:48.399+0000] {logging_mixin.py:154} INFO - [2024-10-06T23:02:48.399+0000] {dagbag.py:536} INFO - Filling up the DagBag from /home/airflow/.local/lib/python3.8/site-packages/airflow/example_dags/example_branch_day_of_week_operator.py
[2024-10-06T23:02:48.403+0000] {processor.py:839} INFO - DAG(s) dict_keys(['example_weekday_branch_operator']) retrieved from /home/airflow/.local/lib/python3.8/site-packages/airflow/example_dags/example_branch_day_of_week_operator.py
[2024-10-06T23:02:48.412+0000] {logging_mixin.py:154} INFO - [2024-10-06T23:02:48.412+0000] {dag.py:2941} INFO - Sync 1 DAGs
[2024-10-06T23:02:48.421+0000] {logging_mixin.py:154} INFO - [2024-10-06T23:02:48.421+0000] {dag.py:3722} INFO - Setting next_dagrun for example_weekday_branch_operator to 2024-10-05T00:00:00+00:00, run_after=2024-10-06T00:00:00+00:00
[2024-10-06T23:02:48.429+0000] {processor.py:179} INFO - Processing /home/airflow/.local/lib/python3.8/site-packages/airflow/example_dags/example_branch_day_of_week_operator.py took 0.032 seconds
[2024-10-06T23:03:18.818+0000] {processor.py:157} INFO - Started process (PID=27809) to work on /home/airflow/.local/lib/python3.8/site-packages/airflow/example_dags/example_branch_day_of_week_operator.py
[2024-10-06T23:03:18.819+0000] {processor.py:829} INFO - Processing file /home/airflow/.local/lib/python3.8/site-packages/airflow/example_dags/example_branch_day_of_week_operator.py for tasks to queue
[2024-10-06T23:03:18.820+0000] {logging_mixin.py:154} INFO - [2024-10-06T23:03:18.819+0000] {dagbag.py:536} INFO - Filling up the DagBag from /home/airflow/.local/lib/python3.8/site-packages/airflow/example_dags/example_branch_day_of_week_operator.py
[2024-10-06T23:03:18.823+0000] {processor.py:839} INFO - DAG(s) dict_keys(['example_weekday_branch_operator']) retrieved from /home/airflow/.local/lib/python3.8/site-packages/airflow/example_dags/example_branch_day_of_week_operator.py
[2024-10-06T23:03:18.832+0000] {logging_mixin.py:154} INFO - [2024-10-06T23:03:18.832+0000] {dag.py:2941} INFO - Sync 1 DAGs
[2024-10-06T23:03:18.840+0000] {logging_mixin.py:154} INFO - [2024-10-06T23:03:18.840+0000] {dag.py:3722} INFO - Setting next_dagrun for example_weekday_branch_operator to 2024-10-05T00:00:00+00:00, run_after=2024-10-06T00:00:00+00:00
[2024-10-06T23:03:18.846+0000] {processor.py:179} INFO - Processing /home/airflow/.local/lib/python3.8/site-packages/airflow/example_dags/example_branch_day_of_week_operator.py took 0.029 seconds
[2024-10-06T23:03:49.298+0000] {processor.py:157} INFO - Started process (PID=27863) to work on /home/airflow/.local/lib/python3.8/site-packages/airflow/example_dags/example_branch_day_of_week_operator.py
[2024-10-06T23:03:49.299+0000] {processor.py:829} INFO - Processing file /home/airflow/.local/lib/python3.8/site-packages/airflow/example_dags/example_branch_day_of_week_operator.py for tasks to queue
[2024-10-06T23:03:49.300+0000] {logging_mixin.py:154} INFO - [2024-10-06T23:03:49.299+0000] {dagbag.py:536} INFO - Filling up the DagBag from /home/airflow/.local/lib/python3.8/site-packages/airflow/example_dags/example_branch_day_of_week_operator.py
[2024-10-06T23:03:49.303+0000] {processor.py:839} INFO - DAG(s) dict_keys(['example_weekday_branch_operator']) retrieved from /home/airflow/.local/lib/python3.8/site-packages/airflow/example_dags/example_branch_day_of_week_operator.py
[2024-10-06T23:03:49.312+0000] {logging_mixin.py:154} INFO - [2024-10-06T23:03:49.312+0000] {dag.py:2941} INFO - Sync 1 DAGs
[2024-10-06T23:03:49.320+0000] {logging_mixin.py:154} INFO - [2024-10-06T23:03:49.320+0000] {dag.py:3722} INFO - Setting next_dagrun for example_weekday_branch_operator to 2024-10-05T00:00:00+00:00, run_after=2024-10-06T00:00:00+00:00
[2024-10-06T23:03:49.326+0000] {processor.py:179} INFO - Processing /home/airflow/.local/lib/python3.8/site-packages/airflow/example_dags/example_branch_day_of_week_operator.py took 0.029 seconds
[2024-10-06T23:04:19.727+0000] {processor.py:157} INFO - Started process (PID=27917) to work on /home/airflow/.local/lib/python3.8/site-packages/airflow/example_dags/example_branch_day_of_week_operator.py
[2024-10-06T23:04:19.727+0000] {processor.py:829} INFO - Processing file /home/airflow/.local/lib/python3.8/site-packages/airflow/example_dags/example_branch_day_of_week_operator.py for tasks to queue
[2024-10-06T23:04:19.728+0000] {logging_mixin.py:154} INFO - [2024-10-06T23:04:19.728+0000] {dagbag.py:536} INFO - Filling up the DagBag from /home/airflow/.local/lib/python3.8/site-packages/airflow/example_dags/example_branch_day_of_week_operator.py
[2024-10-06T23:04:19.732+0000] {processor.py:839} INFO - DAG(s) dict_keys(['example_weekday_branch_operator']) retrieved from /home/airflow/.local/lib/python3.8/site-packages/airflow/example_dags/example_branch_day_of_week_operator.py
[2024-10-06T23:04:19.742+0000] {logging_mixin.py:154} INFO - [2024-10-06T23:04:19.742+0000] {dag.py:2941} INFO - Sync 1 DAGs
[2024-10-06T23:04:19.751+0000] {logging_mixin.py:154} INFO - [2024-10-06T23:04:19.751+0000] {dag.py:3722} INFO - Setting next_dagrun for example_weekday_branch_operator to 2024-10-05T00:00:00+00:00, run_after=2024-10-06T00:00:00+00:00
[2024-10-06T23:04:19.757+0000] {processor.py:179} INFO - Processing /home/airflow/.local/lib/python3.8/site-packages/airflow/example_dags/example_branch_day_of_week_operator.py took 0.032 seconds
[2024-10-06T23:04:50.153+0000] {processor.py:157} INFO - Started process (PID=27971) to work on /home/airflow/.local/lib/python3.8/site-packages/airflow/example_dags/example_branch_day_of_week_operator.py
[2024-10-06T23:04:50.153+0000] {processor.py:829} INFO - Processing file /home/airflow/.local/lib/python3.8/site-packages/airflow/example_dags/example_branch_day_of_week_operator.py for tasks to queue
[2024-10-06T23:04:50.154+0000] {logging_mixin.py:154} INFO - [2024-10-06T23:04:50.154+0000] {dagbag.py:536} INFO - Filling up the DagBag from /home/airflow/.local/lib/python3.8/site-packages/airflow/example_dags/example_branch_day_of_week_operator.py
[2024-10-06T23:04:50.158+0000] {processor.py:839} INFO - DAG(s) dict_keys(['example_weekday_branch_operator']) retrieved from /home/airflow/.local/lib/python3.8/site-packages/airflow/example_dags/example_branch_day_of_week_operator.py
[2024-10-06T23:04:50.167+0000] {logging_mixin.py:154} INFO - [2024-10-06T23:04:50.167+0000] {dag.py:2941} INFO - Sync 1 DAGs
[2024-10-06T23:04:50.176+0000] {logging_mixin.py:154} INFO - [2024-10-06T23:04:50.176+0000] {dag.py:3722} INFO - Setting next_dagrun for example_weekday_branch_operator to 2024-10-05T00:00:00+00:00, run_after=2024-10-06T00:00:00+00:00
[2024-10-06T23:04:50.182+0000] {processor.py:179} INFO - Processing /home/airflow/.local/lib/python3.8/site-packages/airflow/example_dags/example_branch_day_of_week_operator.py took 0.031 seconds
[2024-10-06T23:05:20.574+0000] {processor.py:157} INFO - Started process (PID=28025) to work on /home/airflow/.local/lib/python3.8/site-packages/airflow/example_dags/example_branch_day_of_week_operator.py
[2024-10-06T23:05:20.575+0000] {processor.py:829} INFO - Processing file /home/airflow/.local/lib/python3.8/site-packages/airflow/example_dags/example_branch_day_of_week_operator.py for tasks to queue
[2024-10-06T23:05:20.576+0000] {logging_mixin.py:154} INFO - [2024-10-06T23:05:20.576+0000] {dagbag.py:536} INFO - Filling up the DagBag from /home/airflow/.local/lib/python3.8/site-packages/airflow/example_dags/example_branch_day_of_week_operator.py
[2024-10-06T23:05:20.580+0000] {processor.py:839} INFO - DAG(s) dict_keys(['example_weekday_branch_operator']) retrieved from /home/airflow/.local/lib/python3.8/site-packages/airflow/example_dags/example_branch_day_of_week_operator.py
[2024-10-06T23:05:20.589+0000] {logging_mixin.py:154} INFO - [2024-10-06T23:05:20.589+0000] {dag.py:2941} INFO - Sync 1 DAGs
[2024-10-06T23:05:20.599+0000] {logging_mixin.py:154} INFO - [2024-10-06T23:05:20.598+0000] {dag.py:3722} INFO - Setting next_dagrun for example_weekday_branch_operator to 2024-10-05T00:00:00+00:00, run_after=2024-10-06T00:00:00+00:00
[2024-10-06T23:05:20.605+0000] {processor.py:179} INFO - Processing /home/airflow/.local/lib/python3.8/site-packages/airflow/example_dags/example_branch_day_of_week_operator.py took 0.032 seconds
[2024-10-06T23:05:50.985+0000] {processor.py:157} INFO - Started process (PID=28079) to work on /home/airflow/.local/lib/python3.8/site-packages/airflow/example_dags/example_branch_day_of_week_operator.py
[2024-10-06T23:05:50.985+0000] {processor.py:829} INFO - Processing file /home/airflow/.local/lib/python3.8/site-packages/airflow/example_dags/example_branch_day_of_week_operator.py for tasks to queue
[2024-10-06T23:05:50.986+0000] {logging_mixin.py:154} INFO - [2024-10-06T23:05:50.986+0000] {dagbag.py:536} INFO - Filling up the DagBag from /home/airflow/.local/lib/python3.8/site-packages/airflow/example_dags/example_branch_day_of_week_operator.py
[2024-10-06T23:05:50.990+0000] {processor.py:839} INFO - DAG(s) dict_keys(['example_weekday_branch_operator']) retrieved from /home/airflow/.local/lib/python3.8/site-packages/airflow/example_dags/example_branch_day_of_week_operator.py
[2024-10-06T23:05:51.000+0000] {logging_mixin.py:154} INFO - [2024-10-06T23:05:51.000+0000] {dag.py:2941} INFO - Sync 1 DAGs
[2024-10-06T23:05:51.008+0000] {logging_mixin.py:154} INFO - [2024-10-06T23:05:51.008+0000] {dag.py:3722} INFO - Setting next_dagrun for example_weekday_branch_operator to 2024-10-05T00:00:00+00:00, run_after=2024-10-06T00:00:00+00:00
[2024-10-06T23:05:51.015+0000] {processor.py:179} INFO - Processing /home/airflow/.local/lib/python3.8/site-packages/airflow/example_dags/example_branch_day_of_week_operator.py took 0.032 seconds
[2024-10-06T23:06:21.427+0000] {processor.py:157} INFO - Started process (PID=28133) to work on /home/airflow/.local/lib/python3.8/site-packages/airflow/example_dags/example_branch_day_of_week_operator.py
[2024-10-06T23:06:21.428+0000] {processor.py:829} INFO - Processing file /home/airflow/.local/lib/python3.8/site-packages/airflow/example_dags/example_branch_day_of_week_operator.py for tasks to queue
[2024-10-06T23:06:21.429+0000] {logging_mixin.py:154} INFO - [2024-10-06T23:06:21.428+0000] {dagbag.py:536} INFO - Filling up the DagBag from /home/airflow/.local/lib/python3.8/site-packages/airflow/example_dags/example_branch_day_of_week_operator.py
[2024-10-06T23:06:21.432+0000] {processor.py:839} INFO - DAG(s) dict_keys(['example_weekday_branch_operator']) retrieved from /home/airflow/.local/lib/python3.8/site-packages/airflow/example_dags/example_branch_day_of_week_operator.py
[2024-10-06T23:06:21.442+0000] {logging_mixin.py:154} INFO - [2024-10-06T23:06:21.442+0000] {dag.py:2941} INFO - Sync 1 DAGs
[2024-10-06T23:06:21.451+0000] {logging_mixin.py:154} INFO - [2024-10-06T23:06:21.451+0000] {dag.py:3722} INFO - Setting next_dagrun for example_weekday_branch_operator to 2024-10-05T00:00:00+00:00, run_after=2024-10-06T00:00:00+00:00
[2024-10-06T23:06:21.457+0000] {processor.py:179} INFO - Processing /home/airflow/.local/lib/python3.8/site-packages/airflow/example_dags/example_branch_day_of_week_operator.py took 0.032 seconds
[2024-10-06T23:06:51.859+0000] {processor.py:157} INFO - Started process (PID=28187) to work on /home/airflow/.local/lib/python3.8/site-packages/airflow/example_dags/example_branch_day_of_week_operator.py
[2024-10-06T23:06:51.860+0000] {processor.py:829} INFO - Processing file /home/airflow/.local/lib/python3.8/site-packages/airflow/example_dags/example_branch_day_of_week_operator.py for tasks to queue
[2024-10-06T23:06:51.861+0000] {logging_mixin.py:154} INFO - [2024-10-06T23:06:51.861+0000] {dagbag.py:536} INFO - Filling up the DagBag from /home/airflow/.local/lib/python3.8/site-packages/airflow/example_dags/example_branch_day_of_week_operator.py
[2024-10-06T23:06:51.864+0000] {processor.py:839} INFO - DAG(s) dict_keys(['example_weekday_branch_operator']) retrieved from /home/airflow/.local/lib/python3.8/site-packages/airflow/example_dags/example_branch_day_of_week_operator.py
[2024-10-06T23:06:51.874+0000] {logging_mixin.py:154} INFO - [2024-10-06T23:06:51.874+0000] {dag.py:2941} INFO - Sync 1 DAGs
[2024-10-06T23:06:51.882+0000] {logging_mixin.py:154} INFO - [2024-10-06T23:06:51.882+0000] {dag.py:3722} INFO - Setting next_dagrun for example_weekday_branch_operator to 2024-10-05T00:00:00+00:00, run_after=2024-10-06T00:00:00+00:00
[2024-10-06T23:06:51.889+0000] {processor.py:179} INFO - Processing /home/airflow/.local/lib/python3.8/site-packages/airflow/example_dags/example_branch_day_of_week_operator.py took 0.031 seconds
[2024-10-06T23:07:22.313+0000] {processor.py:157} INFO - Started process (PID=28241) to work on /home/airflow/.local/lib/python3.8/site-packages/airflow/example_dags/example_branch_day_of_week_operator.py
[2024-10-06T23:07:22.314+0000] {processor.py:829} INFO - Processing file /home/airflow/.local/lib/python3.8/site-packages/airflow/example_dags/example_branch_day_of_week_operator.py for tasks to queue
[2024-10-06T23:07:22.315+0000] {logging_mixin.py:154} INFO - [2024-10-06T23:07:22.315+0000] {dagbag.py:536} INFO - Filling up the DagBag from /home/airflow/.local/lib/python3.8/site-packages/airflow/example_dags/example_branch_day_of_week_operator.py
[2024-10-06T23:07:22.319+0000] {processor.py:839} INFO - DAG(s) dict_keys(['example_weekday_branch_operator']) retrieved from /home/airflow/.local/lib/python3.8/site-packages/airflow/example_dags/example_branch_day_of_week_operator.py
[2024-10-06T23:07:22.328+0000] {logging_mixin.py:154} INFO - [2024-10-06T23:07:22.328+0000] {dag.py:2941} INFO - Sync 1 DAGs
[2024-10-06T23:07:22.337+0000] {logging_mixin.py:154} INFO - [2024-10-06T23:07:22.337+0000] {dag.py:3722} INFO - Setting next_dagrun for example_weekday_branch_operator to 2024-10-05T00:00:00+00:00, run_after=2024-10-06T00:00:00+00:00
[2024-10-06T23:07:22.343+0000] {processor.py:179} INFO - Processing /home/airflow/.local/lib/python3.8/site-packages/airflow/example_dags/example_branch_day_of_week_operator.py took 0.032 seconds
[2024-10-06T23:07:52.754+0000] {processor.py:157} INFO - Started process (PID=28295) to work on /home/airflow/.local/lib/python3.8/site-packages/airflow/example_dags/example_branch_day_of_week_operator.py
[2024-10-06T23:07:52.754+0000] {processor.py:829} INFO - Processing file /home/airflow/.local/lib/python3.8/site-packages/airflow/example_dags/example_branch_day_of_week_operator.py for tasks to queue
[2024-10-06T23:07:52.755+0000] {logging_mixin.py:154} INFO - [2024-10-06T23:07:52.755+0000] {dagbag.py:536} INFO - Filling up the DagBag from /home/airflow/.local/lib/python3.8/site-packages/airflow/example_dags/example_branch_day_of_week_operator.py
[2024-10-06T23:07:52.759+0000] {processor.py:839} INFO - DAG(s) dict_keys(['example_weekday_branch_operator']) retrieved from /home/airflow/.local/lib/python3.8/site-packages/airflow/example_dags/example_branch_day_of_week_operator.py
[2024-10-06T23:07:52.770+0000] {logging_mixin.py:154} INFO - [2024-10-06T23:07:52.769+0000] {dag.py:2941} INFO - Sync 1 DAGs
[2024-10-06T23:07:52.780+0000] {logging_mixin.py:154} INFO - [2024-10-06T23:07:52.780+0000] {dag.py:3722} INFO - Setting next_dagrun for example_weekday_branch_operator to 2024-10-05T00:00:00+00:00, run_after=2024-10-06T00:00:00+00:00
[2024-10-06T23:07:52.786+0000] {processor.py:179} INFO - Processing /home/airflow/.local/lib/python3.8/site-packages/airflow/example_dags/example_branch_day_of_week_operator.py took 0.034 seconds
[2024-10-06T23:08:23.115+0000] {processor.py:157} INFO - Started process (PID=28356) to work on /home/airflow/.local/lib/python3.8/site-packages/airflow/example_dags/example_branch_day_of_week_operator.py
[2024-10-06T23:08:23.115+0000] {processor.py:829} INFO - Processing file /home/airflow/.local/lib/python3.8/site-packages/airflow/example_dags/example_branch_day_of_week_operator.py for tasks to queue
[2024-10-06T23:08:23.116+0000] {logging_mixin.py:154} INFO - [2024-10-06T23:08:23.116+0000] {dagbag.py:536} INFO - Filling up the DagBag from /home/airflow/.local/lib/python3.8/site-packages/airflow/example_dags/example_branch_day_of_week_operator.py
[2024-10-06T23:08:23.120+0000] {processor.py:839} INFO - DAG(s) dict_keys(['example_weekday_branch_operator']) retrieved from /home/airflow/.local/lib/python3.8/site-packages/airflow/example_dags/example_branch_day_of_week_operator.py
[2024-10-06T23:08:23.130+0000] {logging_mixin.py:154} INFO - [2024-10-06T23:08:23.130+0000] {dag.py:2941} INFO - Sync 1 DAGs
[2024-10-06T23:08:23.139+0000] {logging_mixin.py:154} INFO - [2024-10-06T23:08:23.139+0000] {dag.py:3722} INFO - Setting next_dagrun for example_weekday_branch_operator to 2024-10-05T00:00:00+00:00, run_after=2024-10-06T00:00:00+00:00
[2024-10-06T23:08:23.145+0000] {processor.py:179} INFO - Processing /home/airflow/.local/lib/python3.8/site-packages/airflow/example_dags/example_branch_day_of_week_operator.py took 0.032 seconds
[2024-10-06T23:08:53.553+0000] {processor.py:157} INFO - Started process (PID=28410) to work on /home/airflow/.local/lib/python3.8/site-packages/airflow/example_dags/example_branch_day_of_week_operator.py
[2024-10-06T23:08:53.554+0000] {processor.py:829} INFO - Processing file /home/airflow/.local/lib/python3.8/site-packages/airflow/example_dags/example_branch_day_of_week_operator.py for tasks to queue
[2024-10-06T23:08:53.555+0000] {logging_mixin.py:154} INFO - [2024-10-06T23:08:53.555+0000] {dagbag.py:536} INFO - Filling up the DagBag from /home/airflow/.local/lib/python3.8/site-packages/airflow/example_dags/example_branch_day_of_week_operator.py
[2024-10-06T23:08:53.559+0000] {processor.py:839} INFO - DAG(s) dict_keys(['example_weekday_branch_operator']) retrieved from /home/airflow/.local/lib/python3.8/site-packages/airflow/example_dags/example_branch_day_of_week_operator.py
[2024-10-06T23:08:53.569+0000] {logging_mixin.py:154} INFO - [2024-10-06T23:08:53.568+0000] {dag.py:2941} INFO - Sync 1 DAGs
[2024-10-06T23:08:53.577+0000] {logging_mixin.py:154} INFO - [2024-10-06T23:08:53.577+0000] {dag.py:3722} INFO - Setting next_dagrun for example_weekday_branch_operator to 2024-10-05T00:00:00+00:00, run_after=2024-10-06T00:00:00+00:00
[2024-10-06T23:08:53.584+0000] {processor.py:179} INFO - Processing /home/airflow/.local/lib/python3.8/site-packages/airflow/example_dags/example_branch_day_of_week_operator.py took 0.032 seconds
[2024-10-06T23:09:23.938+0000] {processor.py:157} INFO - Started process (PID=28464) to work on /home/airflow/.local/lib/python3.8/site-packages/airflow/example_dags/example_branch_day_of_week_operator.py
[2024-10-06T23:09:23.939+0000] {processor.py:829} INFO - Processing file /home/airflow/.local/lib/python3.8/site-packages/airflow/example_dags/example_branch_day_of_week_operator.py for tasks to queue
[2024-10-06T23:09:23.940+0000] {logging_mixin.py:154} INFO - [2024-10-06T23:09:23.940+0000] {dagbag.py:536} INFO - Filling up the DagBag from /home/airflow/.local/lib/python3.8/site-packages/airflow/example_dags/example_branch_day_of_week_operator.py
[2024-10-06T23:09:23.944+0000] {processor.py:839} INFO - DAG(s) dict_keys(['example_weekday_branch_operator']) retrieved from /home/airflow/.local/lib/python3.8/site-packages/airflow/example_dags/example_branch_day_of_week_operator.py
[2024-10-06T23:09:23.953+0000] {logging_mixin.py:154} INFO - [2024-10-06T23:09:23.953+0000] {dag.py:2941} INFO - Sync 1 DAGs
[2024-10-06T23:09:23.961+0000] {logging_mixin.py:154} INFO - [2024-10-06T23:09:23.961+0000] {dag.py:3722} INFO - Setting next_dagrun for example_weekday_branch_operator to 2024-10-05T00:00:00+00:00, run_after=2024-10-06T00:00:00+00:00
[2024-10-06T23:09:23.968+0000] {processor.py:179} INFO - Processing /home/airflow/.local/lib/python3.8/site-packages/airflow/example_dags/example_branch_day_of_week_operator.py took 0.031 seconds
[2024-10-06T23:09:54.434+0000] {processor.py:157} INFO - Started process (PID=28518) to work on /home/airflow/.local/lib/python3.8/site-packages/airflow/example_dags/example_branch_day_of_week_operator.py
[2024-10-06T23:09:54.434+0000] {processor.py:829} INFO - Processing file /home/airflow/.local/lib/python3.8/site-packages/airflow/example_dags/example_branch_day_of_week_operator.py for tasks to queue
[2024-10-06T23:09:54.436+0000] {logging_mixin.py:154} INFO - [2024-10-06T23:09:54.436+0000] {dagbag.py:536} INFO - Filling up the DagBag from /home/airflow/.local/lib/python3.8/site-packages/airflow/example_dags/example_branch_day_of_week_operator.py
[2024-10-06T23:09:54.439+0000] {processor.py:839} INFO - DAG(s) dict_keys(['example_weekday_branch_operator']) retrieved from /home/airflow/.local/lib/python3.8/site-packages/airflow/example_dags/example_branch_day_of_week_operator.py
[2024-10-06T23:09:54.449+0000] {logging_mixin.py:154} INFO - [2024-10-06T23:09:54.449+0000] {dag.py:2941} INFO - Sync 1 DAGs
[2024-10-06T23:09:54.458+0000] {logging_mixin.py:154} INFO - [2024-10-06T23:09:54.458+0000] {dag.py:3722} INFO - Setting next_dagrun for example_weekday_branch_operator to 2024-10-05T00:00:00+00:00, run_after=2024-10-06T00:00:00+00:00
[2024-10-06T23:09:54.464+0000] {processor.py:179} INFO - Processing /home/airflow/.local/lib/python3.8/site-packages/airflow/example_dags/example_branch_day_of_week_operator.py took 0.032 seconds
[2024-10-06T23:10:24.865+0000] {processor.py:157} INFO - Started process (PID=28572) to work on /home/airflow/.local/lib/python3.8/site-packages/airflow/example_dags/example_branch_day_of_week_operator.py
[2024-10-06T23:10:24.865+0000] {processor.py:829} INFO - Processing file /home/airflow/.local/lib/python3.8/site-packages/airflow/example_dags/example_branch_day_of_week_operator.py for tasks to queue
[2024-10-06T23:10:24.866+0000] {logging_mixin.py:154} INFO - [2024-10-06T23:10:24.866+0000] {dagbag.py:536} INFO - Filling up the DagBag from /home/airflow/.local/lib/python3.8/site-packages/airflow/example_dags/example_branch_day_of_week_operator.py
[2024-10-06T23:10:24.870+0000] {processor.py:839} INFO - DAG(s) dict_keys(['example_weekday_branch_operator']) retrieved from /home/airflow/.local/lib/python3.8/site-packages/airflow/example_dags/example_branch_day_of_week_operator.py
[2024-10-06T23:10:24.881+0000] {logging_mixin.py:154} INFO - [2024-10-06T23:10:24.881+0000] {dag.py:2941} INFO - Sync 1 DAGs
[2024-10-06T23:10:24.891+0000] {logging_mixin.py:154} INFO - [2024-10-06T23:10:24.891+0000] {dag.py:3722} INFO - Setting next_dagrun for example_weekday_branch_operator to 2024-10-05T00:00:00+00:00, run_after=2024-10-06T00:00:00+00:00
[2024-10-06T23:10:24.899+0000] {processor.py:179} INFO - Processing /home/airflow/.local/lib/python3.8/site-packages/airflow/example_dags/example_branch_day_of_week_operator.py took 0.036 seconds
[2024-10-06T23:10:55.267+0000] {processor.py:157} INFO - Started process (PID=28626) to work on /home/airflow/.local/lib/python3.8/site-packages/airflow/example_dags/example_branch_day_of_week_operator.py
[2024-10-06T23:10:55.268+0000] {processor.py:829} INFO - Processing file /home/airflow/.local/lib/python3.8/site-packages/airflow/example_dags/example_branch_day_of_week_operator.py for tasks to queue
[2024-10-06T23:10:55.269+0000] {logging_mixin.py:154} INFO - [2024-10-06T23:10:55.269+0000] {dagbag.py:536} INFO - Filling up the DagBag from /home/airflow/.local/lib/python3.8/site-packages/airflow/example_dags/example_branch_day_of_week_operator.py
[2024-10-06T23:10:55.273+0000] {processor.py:839} INFO - DAG(s) dict_keys(['example_weekday_branch_operator']) retrieved from /home/airflow/.local/lib/python3.8/site-packages/airflow/example_dags/example_branch_day_of_week_operator.py
[2024-10-06T23:10:55.282+0000] {logging_mixin.py:154} INFO - [2024-10-06T23:10:55.282+0000] {dag.py:2941} INFO - Sync 1 DAGs
[2024-10-06T23:10:55.291+0000] {logging_mixin.py:154} INFO - [2024-10-06T23:10:55.291+0000] {dag.py:3722} INFO - Setting next_dagrun for example_weekday_branch_operator to 2024-10-05T00:00:00+00:00, run_after=2024-10-06T00:00:00+00:00
[2024-10-06T23:10:55.297+0000] {processor.py:179} INFO - Processing /home/airflow/.local/lib/python3.8/site-packages/airflow/example_dags/example_branch_day_of_week_operator.py took 0.031 seconds
[2024-10-06T23:11:25.714+0000] {processor.py:157} INFO - Started process (PID=28680) to work on /home/airflow/.local/lib/python3.8/site-packages/airflow/example_dags/example_branch_day_of_week_operator.py
[2024-10-06T23:11:25.714+0000] {processor.py:829} INFO - Processing file /home/airflow/.local/lib/python3.8/site-packages/airflow/example_dags/example_branch_day_of_week_operator.py for tasks to queue
[2024-10-06T23:11:25.715+0000] {logging_mixin.py:154} INFO - [2024-10-06T23:11:25.715+0000] {dagbag.py:536} INFO - Filling up the DagBag from /home/airflow/.local/lib/python3.8/site-packages/airflow/example_dags/example_branch_day_of_week_operator.py
[2024-10-06T23:11:25.719+0000] {processor.py:839} INFO - DAG(s) dict_keys(['example_weekday_branch_operator']) retrieved from /home/airflow/.local/lib/python3.8/site-packages/airflow/example_dags/example_branch_day_of_week_operator.py
[2024-10-06T23:11:25.729+0000] {logging_mixin.py:154} INFO - [2024-10-06T23:11:25.729+0000] {dag.py:2941} INFO - Sync 1 DAGs
[2024-10-06T23:11:25.738+0000] {logging_mixin.py:154} INFO - [2024-10-06T23:11:25.738+0000] {dag.py:3722} INFO - Setting next_dagrun for example_weekday_branch_operator to 2024-10-05T00:00:00+00:00, run_after=2024-10-06T00:00:00+00:00
[2024-10-06T23:11:25.746+0000] {processor.py:179} INFO - Processing /home/airflow/.local/lib/python3.8/site-packages/airflow/example_dags/example_branch_day_of_week_operator.py took 0.034 seconds
[2024-10-06T23:11:56.175+0000] {processor.py:157} INFO - Started process (PID=28734) to work on /home/airflow/.local/lib/python3.8/site-packages/airflow/example_dags/example_branch_day_of_week_operator.py
[2024-10-06T23:11:56.176+0000] {processor.py:829} INFO - Processing file /home/airflow/.local/lib/python3.8/site-packages/airflow/example_dags/example_branch_day_of_week_operator.py for tasks to queue
[2024-10-06T23:11:56.177+0000] {logging_mixin.py:154} INFO - [2024-10-06T23:11:56.177+0000] {dagbag.py:536} INFO - Filling up the DagBag from /home/airflow/.local/lib/python3.8/site-packages/airflow/example_dags/example_branch_day_of_week_operator.py
[2024-10-06T23:11:56.181+0000] {processor.py:839} INFO - DAG(s) dict_keys(['example_weekday_branch_operator']) retrieved from /home/airflow/.local/lib/python3.8/site-packages/airflow/example_dags/example_branch_day_of_week_operator.py
[2024-10-06T23:11:56.193+0000] {logging_mixin.py:154} INFO - [2024-10-06T23:11:56.193+0000] {dag.py:2941} INFO - Sync 1 DAGs
[2024-10-06T23:11:56.204+0000] {logging_mixin.py:154} INFO - [2024-10-06T23:11:56.204+0000] {dag.py:3722} INFO - Setting next_dagrun for example_weekday_branch_operator to 2024-10-05T00:00:00+00:00, run_after=2024-10-06T00:00:00+00:00
[2024-10-06T23:11:56.213+0000] {processor.py:179} INFO - Processing /home/airflow/.local/lib/python3.8/site-packages/airflow/example_dags/example_branch_day_of_week_operator.py took 0.039 seconds
[2024-10-06T23:12:26.647+0000] {processor.py:157} INFO - Started process (PID=28788) to work on /home/airflow/.local/lib/python3.8/site-packages/airflow/example_dags/example_branch_day_of_week_operator.py
[2024-10-06T23:12:26.647+0000] {processor.py:829} INFO - Processing file /home/airflow/.local/lib/python3.8/site-packages/airflow/example_dags/example_branch_day_of_week_operator.py for tasks to queue
[2024-10-06T23:12:26.648+0000] {logging_mixin.py:154} INFO - [2024-10-06T23:12:26.648+0000] {dagbag.py:536} INFO - Filling up the DagBag from /home/airflow/.local/lib/python3.8/site-packages/airflow/example_dags/example_branch_day_of_week_operator.py
[2024-10-06T23:12:26.652+0000] {processor.py:839} INFO - DAG(s) dict_keys(['example_weekday_branch_operator']) retrieved from /home/airflow/.local/lib/python3.8/site-packages/airflow/example_dags/example_branch_day_of_week_operator.py
[2024-10-06T23:12:26.662+0000] {logging_mixin.py:154} INFO - [2024-10-06T23:12:26.662+0000] {dag.py:2941} INFO - Sync 1 DAGs
[2024-10-06T23:12:26.671+0000] {logging_mixin.py:154} INFO - [2024-10-06T23:12:26.671+0000] {dag.py:3722} INFO - Setting next_dagrun for example_weekday_branch_operator to 2024-10-05T00:00:00+00:00, run_after=2024-10-06T00:00:00+00:00
[2024-10-06T23:12:26.678+0000] {processor.py:179} INFO - Processing /home/airflow/.local/lib/python3.8/site-packages/airflow/example_dags/example_branch_day_of_week_operator.py took 0.033 seconds
[2024-10-06T23:12:57.143+0000] {processor.py:157} INFO - Started process (PID=28842) to work on /home/airflow/.local/lib/python3.8/site-packages/airflow/example_dags/example_branch_day_of_week_operator.py
[2024-10-06T23:12:57.144+0000] {processor.py:829} INFO - Processing file /home/airflow/.local/lib/python3.8/site-packages/airflow/example_dags/example_branch_day_of_week_operator.py for tasks to queue
[2024-10-06T23:12:57.145+0000] {logging_mixin.py:154} INFO - [2024-10-06T23:12:57.145+0000] {dagbag.py:536} INFO - Filling up the DagBag from /home/airflow/.local/lib/python3.8/site-packages/airflow/example_dags/example_branch_day_of_week_operator.py
[2024-10-06T23:12:57.148+0000] {processor.py:839} INFO - DAG(s) dict_keys(['example_weekday_branch_operator']) retrieved from /home/airflow/.local/lib/python3.8/site-packages/airflow/example_dags/example_branch_day_of_week_operator.py
[2024-10-06T23:12:57.157+0000] {logging_mixin.py:154} INFO - [2024-10-06T23:12:57.157+0000] {dag.py:2941} INFO - Sync 1 DAGs
[2024-10-06T23:12:57.165+0000] {logging_mixin.py:154} INFO - [2024-10-06T23:12:57.165+0000] {dag.py:3722} INFO - Setting next_dagrun for example_weekday_branch_operator to 2024-10-05T00:00:00+00:00, run_after=2024-10-06T00:00:00+00:00
[2024-10-06T23:12:57.171+0000] {processor.py:179} INFO - Processing /home/airflow/.local/lib/python3.8/site-packages/airflow/example_dags/example_branch_day_of_week_operator.py took 0.029 seconds
[2024-10-06T23:13:27.564+0000] {processor.py:157} INFO - Started process (PID=28896) to work on /home/airflow/.local/lib/python3.8/site-packages/airflow/example_dags/example_branch_day_of_week_operator.py
[2024-10-06T23:13:27.564+0000] {processor.py:829} INFO - Processing file /home/airflow/.local/lib/python3.8/site-packages/airflow/example_dags/example_branch_day_of_week_operator.py for tasks to queue
[2024-10-06T23:13:27.565+0000] {logging_mixin.py:154} INFO - [2024-10-06T23:13:27.565+0000] {dagbag.py:536} INFO - Filling up the DagBag from /home/airflow/.local/lib/python3.8/site-packages/airflow/example_dags/example_branch_day_of_week_operator.py
[2024-10-06T23:13:27.569+0000] {processor.py:839} INFO - DAG(s) dict_keys(['example_weekday_branch_operator']) retrieved from /home/airflow/.local/lib/python3.8/site-packages/airflow/example_dags/example_branch_day_of_week_operator.py
[2024-10-06T23:13:27.579+0000] {logging_mixin.py:154} INFO - [2024-10-06T23:13:27.579+0000] {dag.py:2941} INFO - Sync 1 DAGs
[2024-10-06T23:13:27.588+0000] {logging_mixin.py:154} INFO - [2024-10-06T23:13:27.587+0000] {dag.py:3722} INFO - Setting next_dagrun for example_weekday_branch_operator to 2024-10-05T00:00:00+00:00, run_after=2024-10-06T00:00:00+00:00
[2024-10-06T23:13:27.594+0000] {processor.py:179} INFO - Processing /home/airflow/.local/lib/python3.8/site-packages/airflow/example_dags/example_branch_day_of_week_operator.py took 0.032 seconds
[2024-10-06T23:13:58.050+0000] {processor.py:157} INFO - Started process (PID=28950) to work on /home/airflow/.local/lib/python3.8/site-packages/airflow/example_dags/example_branch_day_of_week_operator.py
[2024-10-06T23:13:58.050+0000] {processor.py:829} INFO - Processing file /home/airflow/.local/lib/python3.8/site-packages/airflow/example_dags/example_branch_day_of_week_operator.py for tasks to queue
[2024-10-06T23:13:58.051+0000] {logging_mixin.py:154} INFO - [2024-10-06T23:13:58.051+0000] {dagbag.py:536} INFO - Filling up the DagBag from /home/airflow/.local/lib/python3.8/site-packages/airflow/example_dags/example_branch_day_of_week_operator.py
[2024-10-06T23:13:58.055+0000] {processor.py:839} INFO - DAG(s) dict_keys(['example_weekday_branch_operator']) retrieved from /home/airflow/.local/lib/python3.8/site-packages/airflow/example_dags/example_branch_day_of_week_operator.py
[2024-10-06T23:13:58.065+0000] {logging_mixin.py:154} INFO - [2024-10-06T23:13:58.065+0000] {dag.py:2941} INFO - Sync 1 DAGs
[2024-10-06T23:13:58.074+0000] {logging_mixin.py:154} INFO - [2024-10-06T23:13:58.074+0000] {dag.py:3722} INFO - Setting next_dagrun for example_weekday_branch_operator to 2024-10-05T00:00:00+00:00, run_after=2024-10-06T00:00:00+00:00
[2024-10-06T23:13:58.080+0000] {processor.py:179} INFO - Processing /home/airflow/.local/lib/python3.8/site-packages/airflow/example_dags/example_branch_day_of_week_operator.py took 0.032 seconds
[2024-10-06T23:14:28.514+0000] {processor.py:157} INFO - Started process (PID=29004) to work on /home/airflow/.local/lib/python3.8/site-packages/airflow/example_dags/example_branch_day_of_week_operator.py
[2024-10-06T23:14:28.515+0000] {processor.py:829} INFO - Processing file /home/airflow/.local/lib/python3.8/site-packages/airflow/example_dags/example_branch_day_of_week_operator.py for tasks to queue
[2024-10-06T23:14:28.516+0000] {logging_mixin.py:154} INFO - [2024-10-06T23:14:28.516+0000] {dagbag.py:536} INFO - Filling up the DagBag from /home/airflow/.local/lib/python3.8/site-packages/airflow/example_dags/example_branch_day_of_week_operator.py
[2024-10-06T23:14:28.520+0000] {processor.py:839} INFO - DAG(s) dict_keys(['example_weekday_branch_operator']) retrieved from /home/airflow/.local/lib/python3.8/site-packages/airflow/example_dags/example_branch_day_of_week_operator.py
[2024-10-06T23:14:28.530+0000] {logging_mixin.py:154} INFO - [2024-10-06T23:14:28.530+0000] {dag.py:2941} INFO - Sync 1 DAGs
[2024-10-06T23:14:28.538+0000] {logging_mixin.py:154} INFO - [2024-10-06T23:14:28.538+0000] {dag.py:3722} INFO - Setting next_dagrun for example_weekday_branch_operator to 2024-10-05T00:00:00+00:00, run_after=2024-10-06T00:00:00+00:00
[2024-10-06T23:14:28.545+0000] {processor.py:179} INFO - Processing /home/airflow/.local/lib/python3.8/site-packages/airflow/example_dags/example_branch_day_of_week_operator.py took 0.033 seconds
[2024-10-06T23:14:58.958+0000] {processor.py:157} INFO - Started process (PID=29058) to work on /home/airflow/.local/lib/python3.8/site-packages/airflow/example_dags/example_branch_day_of_week_operator.py
[2024-10-06T23:14:58.958+0000] {processor.py:829} INFO - Processing file /home/airflow/.local/lib/python3.8/site-packages/airflow/example_dags/example_branch_day_of_week_operator.py for tasks to queue
[2024-10-06T23:14:58.959+0000] {logging_mixin.py:154} INFO - [2024-10-06T23:14:58.959+0000] {dagbag.py:536} INFO - Filling up the DagBag from /home/airflow/.local/lib/python3.8/site-packages/airflow/example_dags/example_branch_day_of_week_operator.py
[2024-10-06T23:14:58.963+0000] {processor.py:839} INFO - DAG(s) dict_keys(['example_weekday_branch_operator']) retrieved from /home/airflow/.local/lib/python3.8/site-packages/airflow/example_dags/example_branch_day_of_week_operator.py
[2024-10-06T23:14:58.972+0000] {logging_mixin.py:154} INFO - [2024-10-06T23:14:58.972+0000] {dag.py:2941} INFO - Sync 1 DAGs
[2024-10-06T23:14:58.981+0000] {logging_mixin.py:154} INFO - [2024-10-06T23:14:58.981+0000] {dag.py:3722} INFO - Setting next_dagrun for example_weekday_branch_operator to 2024-10-05T00:00:00+00:00, run_after=2024-10-06T00:00:00+00:00
[2024-10-06T23:14:58.987+0000] {processor.py:179} INFO - Processing /home/airflow/.local/lib/python3.8/site-packages/airflow/example_dags/example_branch_day_of_week_operator.py took 0.031 seconds
[2024-10-06T23:15:29.401+0000] {processor.py:157} INFO - Started process (PID=29112) to work on /home/airflow/.local/lib/python3.8/site-packages/airflow/example_dags/example_branch_day_of_week_operator.py
[2024-10-06T23:15:29.402+0000] {processor.py:829} INFO - Processing file /home/airflow/.local/lib/python3.8/site-packages/airflow/example_dags/example_branch_day_of_week_operator.py for tasks to queue
[2024-10-06T23:15:29.403+0000] {logging_mixin.py:154} INFO - [2024-10-06T23:15:29.403+0000] {dagbag.py:536} INFO - Filling up the DagBag from /home/airflow/.local/lib/python3.8/site-packages/airflow/example_dags/example_branch_day_of_week_operator.py
[2024-10-06T23:15:29.407+0000] {processor.py:839} INFO - DAG(s) dict_keys(['example_weekday_branch_operator']) retrieved from /home/airflow/.local/lib/python3.8/site-packages/airflow/example_dags/example_branch_day_of_week_operator.py
[2024-10-06T23:15:29.416+0000] {logging_mixin.py:154} INFO - [2024-10-06T23:15:29.416+0000] {dag.py:2941} INFO - Sync 1 DAGs
[2024-10-06T23:15:29.425+0000] {logging_mixin.py:154} INFO - [2024-10-06T23:15:29.425+0000] {dag.py:3722} INFO - Setting next_dagrun for example_weekday_branch_operator to 2024-10-05T00:00:00+00:00, run_after=2024-10-06T00:00:00+00:00
[2024-10-06T23:15:29.432+0000] {processor.py:179} INFO - Processing /home/airflow/.local/lib/python3.8/site-packages/airflow/example_dags/example_branch_day_of_week_operator.py took 0.032 seconds
[2024-10-06T23:54:57.066+0000] {processor.py:157} INFO - Started process (PID=29159) to work on /home/airflow/.local/lib/python3.8/site-packages/airflow/example_dags/example_branch_day_of_week_operator.py
[2024-10-06T23:54:57.067+0000] {processor.py:829} INFO - Processing file /home/airflow/.local/lib/python3.8/site-packages/airflow/example_dags/example_branch_day_of_week_operator.py for tasks to queue
[2024-10-06T23:54:57.068+0000] {logging_mixin.py:154} INFO - [2024-10-06T23:54:57.068+0000] {dagbag.py:536} INFO - Filling up the DagBag from /home/airflow/.local/lib/python3.8/site-packages/airflow/example_dags/example_branch_day_of_week_operator.py
[2024-10-06T23:54:57.072+0000] {processor.py:839} INFO - DAG(s) dict_keys(['example_weekday_branch_operator']) retrieved from /home/airflow/.local/lib/python3.8/site-packages/airflow/example_dags/example_branch_day_of_week_operator.py
[2024-10-06T23:54:57.081+0000] {logging_mixin.py:154} INFO - [2024-10-06T23:54:57.081+0000] {dag.py:2941} INFO - Sync 1 DAGs
[2024-10-06T23:54:57.090+0000] {logging_mixin.py:154} INFO - [2024-10-06T23:54:57.090+0000] {dag.py:3722} INFO - Setting next_dagrun for example_weekday_branch_operator to 2024-10-05T00:00:00+00:00, run_after=2024-10-06T00:00:00+00:00
[2024-10-06T23:54:57.096+0000] {processor.py:179} INFO - Processing /home/airflow/.local/lib/python3.8/site-packages/airflow/example_dags/example_branch_day_of_week_operator.py took 0.032 seconds
