[2024-10-06T00:48:01.412+0000] {processor.py:157} INFO - Started process (PID=25786) to work on /home/airflow/.local/lib/python3.8/site-packages/airflow/example_dags/example_task_group.py
[2024-10-06T00:48:01.414+0000] {processor.py:829} INFO - Processing file /home/airflow/.local/lib/python3.8/site-packages/airflow/example_dags/example_task_group.py for tasks to queue
[2024-10-06T00:48:01.416+0000] {logging_mixin.py:154} INFO - [2024-10-06T00:48:01.416+0000] {dagbag.py:536} INFO - Filling up the DagBag from /home/airflow/.local/lib/python3.8/site-packages/airflow/example_dags/example_task_group.py
[2024-10-06T00:48:01.420+0000] {processor.py:839} INFO - DAG(s) dict_keys(['example_task_group']) retrieved from /home/airflow/.local/lib/python3.8/site-packages/airflow/example_dags/example_task_group.py
[2024-10-06T00:48:01.429+0000] {logging_mixin.py:154} INFO - [2024-10-06T00:48:01.429+0000] {dag.py:2941} INFO - Sync 1 DAGs
[2024-10-06T00:48:01.438+0000] {logging_mixin.py:154} INFO - [2024-10-06T00:48:01.438+0000] {dag.py:3722} INFO - Setting next_dagrun for example_task_group to 2024-10-05T00:48:01.438309+00:00, run_after=2024-10-06T00:48:01.438309+00:00
[2024-10-06T00:48:01.445+0000] {processor.py:179} INFO - Processing /home/airflow/.local/lib/python3.8/site-packages/airflow/example_dags/example_task_group.py took 0.034 seconds
[2024-10-06T00:59:18.395+0000] {processor.py:157} INFO - Started process (PID=25840) to work on /home/airflow/.local/lib/python3.8/site-packages/airflow/example_dags/example_task_group.py
[2024-10-06T00:59:18.395+0000] {processor.py:829} INFO - Processing file /home/airflow/.local/lib/python3.8/site-packages/airflow/example_dags/example_task_group.py for tasks to queue
[2024-10-06T00:59:18.397+0000] {logging_mixin.py:154} INFO - [2024-10-06T00:59:18.397+0000] {dagbag.py:536} INFO - Filling up the DagBag from /home/airflow/.local/lib/python3.8/site-packages/airflow/example_dags/example_task_group.py
[2024-10-06T00:59:18.400+0000] {processor.py:839} INFO - DAG(s) dict_keys(['example_task_group']) retrieved from /home/airflow/.local/lib/python3.8/site-packages/airflow/example_dags/example_task_group.py
[2024-10-06T00:59:18.408+0000] {logging_mixin.py:154} INFO - [2024-10-06T00:59:18.408+0000] {dag.py:2941} INFO - Sync 1 DAGs
[2024-10-06T00:59:18.416+0000] {logging_mixin.py:154} INFO - [2024-10-06T00:59:18.416+0000] {dag.py:3722} INFO - Setting next_dagrun for example_task_group to 2024-10-05T00:59:18.415927+00:00, run_after=2024-10-06T00:59:18.415927+00:00
[2024-10-06T00:59:18.421+0000] {processor.py:179} INFO - Processing /home/airflow/.local/lib/python3.8/site-packages/airflow/example_dags/example_task_group.py took 0.028 seconds
[2024-10-06T02:12:19.448+0000] {processor.py:157} INFO - Started process (PID=25894) to work on /home/airflow/.local/lib/python3.8/site-packages/airflow/example_dags/example_task_group.py
[2024-10-06T02:12:19.448+0000] {processor.py:829} INFO - Processing file /home/airflow/.local/lib/python3.8/site-packages/airflow/example_dags/example_task_group.py for tasks to queue
[2024-10-06T02:12:19.450+0000] {logging_mixin.py:154} INFO - [2024-10-06T02:12:19.449+0000] {dagbag.py:536} INFO - Filling up the DagBag from /home/airflow/.local/lib/python3.8/site-packages/airflow/example_dags/example_task_group.py
[2024-10-06T02:12:19.452+0000] {processor.py:839} INFO - DAG(s) dict_keys(['example_task_group']) retrieved from /home/airflow/.local/lib/python3.8/site-packages/airflow/example_dags/example_task_group.py
[2024-10-06T02:12:19.461+0000] {logging_mixin.py:154} INFO - [2024-10-06T02:12:19.461+0000] {dag.py:2941} INFO - Sync 1 DAGs
[2024-10-06T02:12:19.469+0000] {logging_mixin.py:154} INFO - [2024-10-06T02:12:19.469+0000] {dag.py:3722} INFO - Setting next_dagrun for example_task_group to 2024-10-05T02:12:19.469053+00:00, run_after=2024-10-06T02:12:19.469053+00:00
[2024-10-06T02:12:19.474+0000] {processor.py:179} INFO - Processing /home/airflow/.local/lib/python3.8/site-packages/airflow/example_dags/example_task_group.py took 0.028 seconds
[2024-10-06T02:48:46.721+0000] {processor.py:157} INFO - Started process (PID=25948) to work on /home/airflow/.local/lib/python3.8/site-packages/airflow/example_dags/example_task_group.py
[2024-10-06T02:48:46.721+0000] {processor.py:829} INFO - Processing file /home/airflow/.local/lib/python3.8/site-packages/airflow/example_dags/example_task_group.py for tasks to queue
[2024-10-06T02:48:46.724+0000] {logging_mixin.py:154} INFO - [2024-10-06T02:48:46.723+0000] {dagbag.py:536} INFO - Filling up the DagBag from /home/airflow/.local/lib/python3.8/site-packages/airflow/example_dags/example_task_group.py
[2024-10-06T02:48:46.729+0000] {processor.py:839} INFO - DAG(s) dict_keys(['example_task_group']) retrieved from /home/airflow/.local/lib/python3.8/site-packages/airflow/example_dags/example_task_group.py
[2024-10-06T02:48:46.744+0000] {logging_mixin.py:154} INFO - [2024-10-06T02:48:46.744+0000] {dag.py:2941} INFO - Sync 1 DAGs
[2024-10-06T02:48:46.758+0000] {logging_mixin.py:154} INFO - [2024-10-06T02:48:46.757+0000] {dag.py:3722} INFO - Setting next_dagrun for example_task_group to 2024-10-05T02:48:46.757624+00:00, run_after=2024-10-06T02:48:46.757624+00:00
[2024-10-06T02:48:46.772+0000] {processor.py:179} INFO - Processing /home/airflow/.local/lib/python3.8/site-packages/airflow/example_dags/example_task_group.py took 0.054 seconds
[2024-10-06T03:19:22.227+0000] {processor.py:157} INFO - Started process (PID=26002) to work on /home/airflow/.local/lib/python3.8/site-packages/airflow/example_dags/example_task_group.py
[2024-10-06T03:19:22.227+0000] {processor.py:829} INFO - Processing file /home/airflow/.local/lib/python3.8/site-packages/airflow/example_dags/example_task_group.py for tasks to queue
[2024-10-06T03:19:22.229+0000] {logging_mixin.py:154} INFO - [2024-10-06T03:19:22.229+0000] {dagbag.py:536} INFO - Filling up the DagBag from /home/airflow/.local/lib/python3.8/site-packages/airflow/example_dags/example_task_group.py
[2024-10-06T03:19:22.234+0000] {processor.py:839} INFO - DAG(s) dict_keys(['example_task_group']) retrieved from /home/airflow/.local/lib/python3.8/site-packages/airflow/example_dags/example_task_group.py
[2024-10-06T03:19:22.247+0000] {logging_mixin.py:154} INFO - [2024-10-06T03:19:22.246+0000] {dag.py:2941} INFO - Sync 1 DAGs
[2024-10-06T03:19:22.258+0000] {logging_mixin.py:154} INFO - [2024-10-06T03:19:22.258+0000] {dag.py:3722} INFO - Setting next_dagrun for example_task_group to 2024-10-05T03:19:22.258142+00:00, run_after=2024-10-06T03:19:22.258142+00:00
[2024-10-06T03:19:22.267+0000] {processor.py:179} INFO - Processing /home/airflow/.local/lib/python3.8/site-packages/airflow/example_dags/example_task_group.py took 0.043 seconds
[2024-10-06T04:34:55.932+0000] {processor.py:157} INFO - Started process (PID=26056) to work on /home/airflow/.local/lib/python3.8/site-packages/airflow/example_dags/example_task_group.py
[2024-10-06T04:34:55.933+0000] {processor.py:829} INFO - Processing file /home/airflow/.local/lib/python3.8/site-packages/airflow/example_dags/example_task_group.py for tasks to queue
[2024-10-06T04:34:55.935+0000] {logging_mixin.py:154} INFO - [2024-10-06T04:34:55.935+0000] {dagbag.py:536} INFO - Filling up the DagBag from /home/airflow/.local/lib/python3.8/site-packages/airflow/example_dags/example_task_group.py
[2024-10-06T04:34:55.940+0000] {processor.py:839} INFO - DAG(s) dict_keys(['example_task_group']) retrieved from /home/airflow/.local/lib/python3.8/site-packages/airflow/example_dags/example_task_group.py
[2024-10-06T04:34:55.953+0000] {logging_mixin.py:154} INFO - [2024-10-06T04:34:55.953+0000] {dag.py:2941} INFO - Sync 1 DAGs
[2024-10-06T04:34:55.965+0000] {logging_mixin.py:154} INFO - [2024-10-06T04:34:55.965+0000] {dag.py:3722} INFO - Setting next_dagrun for example_task_group to 2024-10-05T04:34:55.965102+00:00, run_after=2024-10-06T04:34:55.965102+00:00
[2024-10-06T04:34:55.974+0000] {processor.py:179} INFO - Processing /home/airflow/.local/lib/python3.8/site-packages/airflow/example_dags/example_task_group.py took 0.044 seconds
[2024-10-06T05:54:00.749+0000] {processor.py:157} INFO - Started process (PID=26110) to work on /home/airflow/.local/lib/python3.8/site-packages/airflow/example_dags/example_task_group.py
[2024-10-06T05:54:00.749+0000] {processor.py:829} INFO - Processing file /home/airflow/.local/lib/python3.8/site-packages/airflow/example_dags/example_task_group.py for tasks to queue
[2024-10-06T05:54:00.751+0000] {logging_mixin.py:154} INFO - [2024-10-06T05:54:00.751+0000] {dagbag.py:536} INFO - Filling up the DagBag from /home/airflow/.local/lib/python3.8/site-packages/airflow/example_dags/example_task_group.py
[2024-10-06T05:54:00.754+0000] {processor.py:839} INFO - DAG(s) dict_keys(['example_task_group']) retrieved from /home/airflow/.local/lib/python3.8/site-packages/airflow/example_dags/example_task_group.py
[2024-10-06T05:54:00.764+0000] {logging_mixin.py:154} INFO - [2024-10-06T05:54:00.764+0000] {dag.py:2941} INFO - Sync 1 DAGs
[2024-10-06T05:54:00.773+0000] {logging_mixin.py:154} INFO - [2024-10-06T05:54:00.773+0000] {dag.py:3722} INFO - Setting next_dagrun for example_task_group to 2024-10-05T05:54:00.773163+00:00, run_after=2024-10-06T05:54:00.773163+00:00
[2024-10-06T05:54:00.779+0000] {processor.py:179} INFO - Processing /home/airflow/.local/lib/python3.8/site-packages/airflow/example_dags/example_task_group.py took 0.032 seconds
[2024-10-06T06:41:06.526+0000] {processor.py:157} INFO - Started process (PID=26164) to work on /home/airflow/.local/lib/python3.8/site-packages/airflow/example_dags/example_task_group.py
[2024-10-06T06:41:06.527+0000] {processor.py:829} INFO - Processing file /home/airflow/.local/lib/python3.8/site-packages/airflow/example_dags/example_task_group.py for tasks to queue
[2024-10-06T06:41:06.528+0000] {logging_mixin.py:154} INFO - [2024-10-06T06:41:06.528+0000] {dagbag.py:536} INFO - Filling up the DagBag from /home/airflow/.local/lib/python3.8/site-packages/airflow/example_dags/example_task_group.py
[2024-10-06T06:41:06.531+0000] {processor.py:839} INFO - DAG(s) dict_keys(['example_task_group']) retrieved from /home/airflow/.local/lib/python3.8/site-packages/airflow/example_dags/example_task_group.py
[2024-10-06T06:41:06.539+0000] {logging_mixin.py:154} INFO - [2024-10-06T06:41:06.539+0000] {dag.py:2941} INFO - Sync 1 DAGs
[2024-10-06T06:41:06.547+0000] {logging_mixin.py:154} INFO - [2024-10-06T06:41:06.547+0000] {dag.py:3722} INFO - Setting next_dagrun for example_task_group to 2024-10-05T06:41:06.547826+00:00, run_after=2024-10-06T06:41:06.547826+00:00
[2024-10-06T06:41:06.554+0000] {processor.py:179} INFO - Processing /home/airflow/.local/lib/python3.8/site-packages/airflow/example_dags/example_task_group.py took 0.029 seconds
[2024-10-06T08:19:29.143+0000] {processor.py:157} INFO - Started process (PID=26218) to work on /home/airflow/.local/lib/python3.8/site-packages/airflow/example_dags/example_task_group.py
[2024-10-06T08:19:29.143+0000] {processor.py:829} INFO - Processing file /home/airflow/.local/lib/python3.8/site-packages/airflow/example_dags/example_task_group.py for tasks to queue
[2024-10-06T08:19:29.145+0000] {logging_mixin.py:154} INFO - [2024-10-06T08:19:29.145+0000] {dagbag.py:536} INFO - Filling up the DagBag from /home/airflow/.local/lib/python3.8/site-packages/airflow/example_dags/example_task_group.py
[2024-10-06T08:19:29.148+0000] {processor.py:839} INFO - DAG(s) dict_keys(['example_task_group']) retrieved from /home/airflow/.local/lib/python3.8/site-packages/airflow/example_dags/example_task_group.py
[2024-10-06T08:19:29.157+0000] {logging_mixin.py:154} INFO - [2024-10-06T08:19:29.157+0000] {dag.py:2941} INFO - Sync 1 DAGs
[2024-10-06T08:19:29.166+0000] {logging_mixin.py:154} INFO - [2024-10-06T08:19:29.165+0000] {dag.py:3722} INFO - Setting next_dagrun for example_task_group to 2024-10-05T08:19:29.165827+00:00, run_after=2024-10-06T08:19:29.165827+00:00
[2024-10-06T08:19:29.174+0000] {processor.py:179} INFO - Processing /home/airflow/.local/lib/python3.8/site-packages/airflow/example_dags/example_task_group.py took 0.033 seconds
[2024-10-06T09:31:45.254+0000] {processor.py:157} INFO - Started process (PID=26272) to work on /home/airflow/.local/lib/python3.8/site-packages/airflow/example_dags/example_task_group.py
[2024-10-06T09:31:45.255+0000] {processor.py:829} INFO - Processing file /home/airflow/.local/lib/python3.8/site-packages/airflow/example_dags/example_task_group.py for tasks to queue
[2024-10-06T09:31:45.256+0000] {logging_mixin.py:154} INFO - [2024-10-06T09:31:45.256+0000] {dagbag.py:536} INFO - Filling up the DagBag from /home/airflow/.local/lib/python3.8/site-packages/airflow/example_dags/example_task_group.py
[2024-10-06T09:31:45.259+0000] {processor.py:839} INFO - DAG(s) dict_keys(['example_task_group']) retrieved from /home/airflow/.local/lib/python3.8/site-packages/airflow/example_dags/example_task_group.py
[2024-10-06T09:31:45.268+0000] {logging_mixin.py:154} INFO - [2024-10-06T09:31:45.268+0000] {dag.py:2941} INFO - Sync 1 DAGs
[2024-10-06T09:31:45.278+0000] {logging_mixin.py:154} INFO - [2024-10-06T09:31:45.277+0000] {dag.py:3722} INFO - Setting next_dagrun for example_task_group to 2024-10-05T09:31:45.277855+00:00, run_after=2024-10-06T09:31:45.277855+00:00
[2024-10-06T09:31:45.284+0000] {processor.py:179} INFO - Processing /home/airflow/.local/lib/python3.8/site-packages/airflow/example_dags/example_task_group.py took 0.032 seconds
[2024-10-06T10:45:24.904+0000] {processor.py:157} INFO - Started process (PID=26326) to work on /home/airflow/.local/lib/python3.8/site-packages/airflow/example_dags/example_task_group.py
[2024-10-06T10:45:24.904+0000] {processor.py:829} INFO - Processing file /home/airflow/.local/lib/python3.8/site-packages/airflow/example_dags/example_task_group.py for tasks to queue
[2024-10-06T10:45:24.906+0000] {logging_mixin.py:154} INFO - [2024-10-06T10:45:24.906+0000] {dagbag.py:536} INFO - Filling up the DagBag from /home/airflow/.local/lib/python3.8/site-packages/airflow/example_dags/example_task_group.py
[2024-10-06T10:45:24.910+0000] {processor.py:839} INFO - DAG(s) dict_keys(['example_task_group']) retrieved from /home/airflow/.local/lib/python3.8/site-packages/airflow/example_dags/example_task_group.py
[2024-10-06T10:45:24.921+0000] {logging_mixin.py:154} INFO - [2024-10-06T10:45:24.921+0000] {dag.py:2941} INFO - Sync 1 DAGs
[2024-10-06T10:45:24.931+0000] {logging_mixin.py:154} INFO - [2024-10-06T10:45:24.931+0000] {dag.py:3722} INFO - Setting next_dagrun for example_task_group to 2024-10-05T10:45:24.931496+00:00, run_after=2024-10-06T10:45:24.931496+00:00
[2024-10-06T10:45:24.941+0000] {processor.py:179} INFO - Processing /home/airflow/.local/lib/python3.8/site-packages/airflow/example_dags/example_task_group.py took 0.039 seconds
[2024-10-06T11:46:25.377+0000] {processor.py:157} INFO - Started process (PID=26380) to work on /home/airflow/.local/lib/python3.8/site-packages/airflow/example_dags/example_task_group.py
[2024-10-06T11:46:25.378+0000] {processor.py:829} INFO - Processing file /home/airflow/.local/lib/python3.8/site-packages/airflow/example_dags/example_task_group.py for tasks to queue
[2024-10-06T11:46:25.384+0000] {logging_mixin.py:154} INFO - [2024-10-06T11:46:25.383+0000] {dagbag.py:536} INFO - Filling up the DagBag from /home/airflow/.local/lib/python3.8/site-packages/airflow/example_dags/example_task_group.py
[2024-10-06T11:46:25.394+0000] {processor.py:839} INFO - DAG(s) dict_keys(['example_task_group']) retrieved from /home/airflow/.local/lib/python3.8/site-packages/airflow/example_dags/example_task_group.py
[2024-10-06T11:46:25.421+0000] {logging_mixin.py:154} INFO - [2024-10-06T11:46:25.421+0000] {dag.py:2941} INFO - Sync 1 DAGs
[2024-10-06T11:46:25.455+0000] {logging_mixin.py:154} INFO - [2024-10-06T11:46:25.455+0000] {dag.py:3722} INFO - Setting next_dagrun for example_task_group to 2024-10-05T11:46:25.455163+00:00, run_after=2024-10-06T11:46:25.455163+00:00
[2024-10-06T11:46:25.484+0000] {processor.py:179} INFO - Processing /home/airflow/.local/lib/python3.8/site-packages/airflow/example_dags/example_task_group.py took 0.114 seconds
[2024-10-06T12:33:57.064+0000] {processor.py:157} INFO - Started process (PID=26434) to work on /home/airflow/.local/lib/python3.8/site-packages/airflow/example_dags/example_task_group.py
[2024-10-06T12:33:57.065+0000] {processor.py:829} INFO - Processing file /home/airflow/.local/lib/python3.8/site-packages/airflow/example_dags/example_task_group.py for tasks to queue
[2024-10-06T12:33:57.068+0000] {logging_mixin.py:154} INFO - [2024-10-06T12:33:57.068+0000] {dagbag.py:536} INFO - Filling up the DagBag from /home/airflow/.local/lib/python3.8/site-packages/airflow/example_dags/example_task_group.py
[2024-10-06T12:33:57.073+0000] {processor.py:839} INFO - DAG(s) dict_keys(['example_task_group']) retrieved from /home/airflow/.local/lib/python3.8/site-packages/airflow/example_dags/example_task_group.py
[2024-10-06T12:33:57.085+0000] {logging_mixin.py:154} INFO - [2024-10-06T12:33:57.085+0000] {dag.py:2941} INFO - Sync 1 DAGs
[2024-10-06T12:33:57.097+0000] {logging_mixin.py:154} INFO - [2024-10-06T12:33:57.097+0000] {dag.py:3722} INFO - Setting next_dagrun for example_task_group to 2024-10-05T12:33:57.097501+00:00, run_after=2024-10-06T12:33:57.097501+00:00
[2024-10-06T12:33:57.107+0000] {processor.py:179} INFO - Processing /home/airflow/.local/lib/python3.8/site-packages/airflow/example_dags/example_task_group.py took 0.045 seconds
[2024-10-06T13:17:27.638+0000] {processor.py:157} INFO - Started process (PID=26488) to work on /home/airflow/.local/lib/python3.8/site-packages/airflow/example_dags/example_task_group.py
[2024-10-06T13:17:27.639+0000] {processor.py:829} INFO - Processing file /home/airflow/.local/lib/python3.8/site-packages/airflow/example_dags/example_task_group.py for tasks to queue
[2024-10-06T13:17:27.641+0000] {logging_mixin.py:154} INFO - [2024-10-06T13:17:27.640+0000] {dagbag.py:536} INFO - Filling up the DagBag from /home/airflow/.local/lib/python3.8/site-packages/airflow/example_dags/example_task_group.py
[2024-10-06T13:17:27.645+0000] {processor.py:839} INFO - DAG(s) dict_keys(['example_task_group']) retrieved from /home/airflow/.local/lib/python3.8/site-packages/airflow/example_dags/example_task_group.py
[2024-10-06T13:17:27.658+0000] {logging_mixin.py:154} INFO - [2024-10-06T13:17:27.657+0000] {dag.py:2941} INFO - Sync 1 DAGs
[2024-10-06T13:17:27.669+0000] {logging_mixin.py:154} INFO - [2024-10-06T13:17:27.668+0000] {dag.py:3722} INFO - Setting next_dagrun for example_task_group to 2024-10-05T13:17:27.668853+00:00, run_after=2024-10-06T13:17:27.668853+00:00
[2024-10-06T13:17:27.678+0000] {processor.py:179} INFO - Processing /home/airflow/.local/lib/python3.8/site-packages/airflow/example_dags/example_task_group.py took 0.042 seconds
[2024-10-06T14:49:26.089+0000] {processor.py:157} INFO - Started process (PID=26542) to work on /home/airflow/.local/lib/python3.8/site-packages/airflow/example_dags/example_task_group.py
[2024-10-06T14:49:26.090+0000] {processor.py:829} INFO - Processing file /home/airflow/.local/lib/python3.8/site-packages/airflow/example_dags/example_task_group.py for tasks to queue
[2024-10-06T14:49:26.092+0000] {logging_mixin.py:154} INFO - [2024-10-06T14:49:26.092+0000] {dagbag.py:536} INFO - Filling up the DagBag from /home/airflow/.local/lib/python3.8/site-packages/airflow/example_dags/example_task_group.py
[2024-10-06T14:49:26.096+0000] {processor.py:839} INFO - DAG(s) dict_keys(['example_task_group']) retrieved from /home/airflow/.local/lib/python3.8/site-packages/airflow/example_dags/example_task_group.py
[2024-10-06T14:49:26.109+0000] {logging_mixin.py:154} INFO - [2024-10-06T14:49:26.109+0000] {dag.py:2941} INFO - Sync 1 DAGs
[2024-10-06T14:49:26.121+0000] {logging_mixin.py:154} INFO - [2024-10-06T14:49:26.121+0000] {dag.py:3722} INFO - Setting next_dagrun for example_task_group to 2024-10-05T14:49:26.121459+00:00, run_after=2024-10-06T14:49:26.121459+00:00
[2024-10-06T14:49:26.132+0000] {processor.py:179} INFO - Processing /home/airflow/.local/lib/python3.8/site-packages/airflow/example_dags/example_task_group.py took 0.045 seconds
[2024-10-06T15:50:30.258+0000] {processor.py:157} INFO - Started process (PID=26596) to work on /home/airflow/.local/lib/python3.8/site-packages/airflow/example_dags/example_task_group.py
[2024-10-06T15:50:30.259+0000] {processor.py:829} INFO - Processing file /home/airflow/.local/lib/python3.8/site-packages/airflow/example_dags/example_task_group.py for tasks to queue
[2024-10-06T15:50:30.261+0000] {logging_mixin.py:154} INFO - [2024-10-06T15:50:30.261+0000] {dagbag.py:536} INFO - Filling up the DagBag from /home/airflow/.local/lib/python3.8/site-packages/airflow/example_dags/example_task_group.py
[2024-10-06T15:50:30.266+0000] {processor.py:839} INFO - DAG(s) dict_keys(['example_task_group']) retrieved from /home/airflow/.local/lib/python3.8/site-packages/airflow/example_dags/example_task_group.py
[2024-10-06T15:50:30.280+0000] {logging_mixin.py:154} INFO - [2024-10-06T15:50:30.280+0000] {dag.py:2941} INFO - Sync 1 DAGs
[2024-10-06T15:50:30.291+0000] {logging_mixin.py:154} INFO - [2024-10-06T15:50:30.291+0000] {dag.py:3722} INFO - Setting next_dagrun for example_task_group to 2024-10-05T15:50:30.291693+00:00, run_after=2024-10-06T15:50:30.291693+00:00
[2024-10-06T15:50:30.302+0000] {processor.py:179} INFO - Processing /home/airflow/.local/lib/python3.8/site-packages/airflow/example_dags/example_task_group.py took 0.045 seconds
[2024-10-06T16:11:23.298+0000] {processor.py:157} INFO - Started process (PID=26650) to work on /home/airflow/.local/lib/python3.8/site-packages/airflow/example_dags/example_task_group.py
[2024-10-06T16:11:23.299+0000] {processor.py:829} INFO - Processing file /home/airflow/.local/lib/python3.8/site-packages/airflow/example_dags/example_task_group.py for tasks to queue
[2024-10-06T16:11:23.301+0000] {logging_mixin.py:154} INFO - [2024-10-06T16:11:23.301+0000] {dagbag.py:536} INFO - Filling up the DagBag from /home/airflow/.local/lib/python3.8/site-packages/airflow/example_dags/example_task_group.py
[2024-10-06T16:11:23.306+0000] {processor.py:839} INFO - DAG(s) dict_keys(['example_task_group']) retrieved from /home/airflow/.local/lib/python3.8/site-packages/airflow/example_dags/example_task_group.py
[2024-10-06T16:11:23.325+0000] {logging_mixin.py:154} INFO - [2024-10-06T16:11:23.325+0000] {dag.py:2941} INFO - Sync 1 DAGs
[2024-10-06T16:11:23.340+0000] {logging_mixin.py:154} INFO - [2024-10-06T16:11:23.340+0000] {dag.py:3722} INFO - Setting next_dagrun for example_task_group to 2024-10-05T16:11:23.340660+00:00, run_after=2024-10-06T16:11:23.340660+00:00
[2024-10-06T16:11:23.364+0000] {processor.py:179} INFO - Processing /home/airflow/.local/lib/python3.8/site-packages/airflow/example_dags/example_task_group.py took 0.068 seconds
[2024-10-06T16:17:00.270+0000] {processor.py:157} INFO - Started process (PID=26704) to work on /home/airflow/.local/lib/python3.8/site-packages/airflow/example_dags/example_task_group.py
[2024-10-06T16:17:00.271+0000] {processor.py:829} INFO - Processing file /home/airflow/.local/lib/python3.8/site-packages/airflow/example_dags/example_task_group.py for tasks to queue
[2024-10-06T16:17:00.273+0000] {logging_mixin.py:154} INFO - [2024-10-06T16:17:00.273+0000] {dagbag.py:536} INFO - Filling up the DagBag from /home/airflow/.local/lib/python3.8/site-packages/airflow/example_dags/example_task_group.py
[2024-10-06T16:17:00.278+0000] {processor.py:839} INFO - DAG(s) dict_keys(['example_task_group']) retrieved from /home/airflow/.local/lib/python3.8/site-packages/airflow/example_dags/example_task_group.py
[2024-10-06T16:17:00.290+0000] {logging_mixin.py:154} INFO - [2024-10-06T16:17:00.290+0000] {dag.py:2941} INFO - Sync 1 DAGs
[2024-10-06T16:17:00.300+0000] {logging_mixin.py:154} INFO - [2024-10-06T16:17:00.300+0000] {dag.py:3722} INFO - Setting next_dagrun for example_task_group to 2024-10-05T16:17:00.300425+00:00, run_after=2024-10-06T16:17:00.300425+00:00
[2024-10-06T16:17:00.309+0000] {processor.py:179} INFO - Processing /home/airflow/.local/lib/python3.8/site-packages/airflow/example_dags/example_task_group.py took 0.041 seconds
[2024-10-06T17:25:37.171+0000] {processor.py:157} INFO - Started process (PID=26758) to work on /home/airflow/.local/lib/python3.8/site-packages/airflow/example_dags/example_task_group.py
[2024-10-06T17:25:37.172+0000] {processor.py:829} INFO - Processing file /home/airflow/.local/lib/python3.8/site-packages/airflow/example_dags/example_task_group.py for tasks to queue
[2024-10-06T17:25:37.174+0000] {logging_mixin.py:154} INFO - [2024-10-06T17:25:37.174+0000] {dagbag.py:536} INFO - Filling up the DagBag from /home/airflow/.local/lib/python3.8/site-packages/airflow/example_dags/example_task_group.py
[2024-10-06T17:25:37.178+0000] {processor.py:839} INFO - DAG(s) dict_keys(['example_task_group']) retrieved from /home/airflow/.local/lib/python3.8/site-packages/airflow/example_dags/example_task_group.py
[2024-10-06T17:25:37.190+0000] {logging_mixin.py:154} INFO - [2024-10-06T17:25:37.190+0000] {dag.py:2941} INFO - Sync 1 DAGs
[2024-10-06T17:25:37.201+0000] {logging_mixin.py:154} INFO - [2024-10-06T17:25:37.201+0000] {dag.py:3722} INFO - Setting next_dagrun for example_task_group to 2024-10-05T17:25:37.201423+00:00, run_after=2024-10-06T17:25:37.201423+00:00
[2024-10-06T17:25:37.209+0000] {processor.py:179} INFO - Processing /home/airflow/.local/lib/python3.8/site-packages/airflow/example_dags/example_task_group.py took 0.040 seconds
[2024-10-06T17:48:09.559+0000] {processor.py:157} INFO - Started process (PID=26812) to work on /home/airflow/.local/lib/python3.8/site-packages/airflow/example_dags/example_task_group.py
[2024-10-06T17:48:09.560+0000] {processor.py:829} INFO - Processing file /home/airflow/.local/lib/python3.8/site-packages/airflow/example_dags/example_task_group.py for tasks to queue
[2024-10-06T17:48:09.562+0000] {logging_mixin.py:154} INFO - [2024-10-06T17:48:09.562+0000] {dagbag.py:536} INFO - Filling up the DagBag from /home/airflow/.local/lib/python3.8/site-packages/airflow/example_dags/example_task_group.py
[2024-10-06T17:48:09.567+0000] {processor.py:839} INFO - DAG(s) dict_keys(['example_task_group']) retrieved from /home/airflow/.local/lib/python3.8/site-packages/airflow/example_dags/example_task_group.py
[2024-10-06T17:48:09.579+0000] {logging_mixin.py:154} INFO - [2024-10-06T17:48:09.579+0000] {dag.py:2941} INFO - Sync 1 DAGs
[2024-10-06T17:48:09.592+0000] {logging_mixin.py:154} INFO - [2024-10-06T17:48:09.592+0000] {dag.py:3722} INFO - Setting next_dagrun for example_task_group to 2024-10-05T17:48:09.592074+00:00, run_after=2024-10-06T17:48:09.592074+00:00
[2024-10-06T17:48:09.602+0000] {processor.py:179} INFO - Processing /home/airflow/.local/lib/python3.8/site-packages/airflow/example_dags/example_task_group.py took 0.044 seconds
[2024-10-06T18:17:57.881+0000] {processor.py:157} INFO - Started process (PID=26866) to work on /home/airflow/.local/lib/python3.8/site-packages/airflow/example_dags/example_task_group.py
[2024-10-06T18:17:57.881+0000] {processor.py:829} INFO - Processing file /home/airflow/.local/lib/python3.8/site-packages/airflow/example_dags/example_task_group.py for tasks to queue
[2024-10-06T18:17:57.882+0000] {logging_mixin.py:154} INFO - [2024-10-06T18:17:57.882+0000] {dagbag.py:536} INFO - Filling up the DagBag from /home/airflow/.local/lib/python3.8/site-packages/airflow/example_dags/example_task_group.py
[2024-10-06T18:17:57.886+0000] {processor.py:839} INFO - DAG(s) dict_keys(['example_task_group']) retrieved from /home/airflow/.local/lib/python3.8/site-packages/airflow/example_dags/example_task_group.py
[2024-10-06T18:17:57.894+0000] {logging_mixin.py:154} INFO - [2024-10-06T18:17:57.894+0000] {dag.py:2941} INFO - Sync 1 DAGs
[2024-10-06T18:17:57.903+0000] {logging_mixin.py:154} INFO - [2024-10-06T18:17:57.903+0000] {dag.py:3722} INFO - Setting next_dagrun for example_task_group to 2024-10-05T18:17:57.903169+00:00, run_after=2024-10-06T18:17:57.903169+00:00
[2024-10-06T18:17:57.909+0000] {processor.py:179} INFO - Processing /home/airflow/.local/lib/python3.8/site-packages/airflow/example_dags/example_task_group.py took 0.030 seconds
[2024-10-06T19:43:22.400+0000] {processor.py:157} INFO - Started process (PID=26920) to work on /home/airflow/.local/lib/python3.8/site-packages/airflow/example_dags/example_task_group.py
[2024-10-06T19:43:22.401+0000] {processor.py:829} INFO - Processing file /home/airflow/.local/lib/python3.8/site-packages/airflow/example_dags/example_task_group.py for tasks to queue
[2024-10-06T19:43:22.403+0000] {logging_mixin.py:154} INFO - [2024-10-06T19:43:22.403+0000] {dagbag.py:536} INFO - Filling up the DagBag from /home/airflow/.local/lib/python3.8/site-packages/airflow/example_dags/example_task_group.py
[2024-10-06T19:43:22.407+0000] {processor.py:839} INFO - DAG(s) dict_keys(['example_task_group']) retrieved from /home/airflow/.local/lib/python3.8/site-packages/airflow/example_dags/example_task_group.py
[2024-10-06T19:43:22.420+0000] {logging_mixin.py:154} INFO - [2024-10-06T19:43:22.420+0000] {dag.py:2941} INFO - Sync 1 DAGs
[2024-10-06T19:43:22.430+0000] {logging_mixin.py:154} INFO - [2024-10-06T19:43:22.430+0000] {dag.py:3722} INFO - Setting next_dagrun for example_task_group to 2024-10-05T19:43:22.430331+00:00, run_after=2024-10-06T19:43:22.430331+00:00
[2024-10-06T19:43:22.442+0000] {processor.py:179} INFO - Processing /home/airflow/.local/lib/python3.8/site-packages/airflow/example_dags/example_task_group.py took 0.044 seconds
[2024-10-06T20:31:09.597+0000] {processor.py:157} INFO - Started process (PID=26974) to work on /home/airflow/.local/lib/python3.8/site-packages/airflow/example_dags/example_task_group.py
[2024-10-06T20:31:09.598+0000] {processor.py:829} INFO - Processing file /home/airflow/.local/lib/python3.8/site-packages/airflow/example_dags/example_task_group.py for tasks to queue
[2024-10-06T20:31:09.599+0000] {logging_mixin.py:154} INFO - [2024-10-06T20:31:09.599+0000] {dagbag.py:536} INFO - Filling up the DagBag from /home/airflow/.local/lib/python3.8/site-packages/airflow/example_dags/example_task_group.py
[2024-10-06T20:31:09.602+0000] {processor.py:839} INFO - DAG(s) dict_keys(['example_task_group']) retrieved from /home/airflow/.local/lib/python3.8/site-packages/airflow/example_dags/example_task_group.py
[2024-10-06T20:31:09.610+0000] {logging_mixin.py:154} INFO - [2024-10-06T20:31:09.610+0000] {dag.py:2941} INFO - Sync 1 DAGs
[2024-10-06T20:31:09.618+0000] {logging_mixin.py:154} INFO - [2024-10-06T20:31:09.618+0000] {dag.py:3722} INFO - Setting next_dagrun for example_task_group to 2024-10-05T20:31:09.618783+00:00, run_after=2024-10-06T20:31:09.618783+00:00
[2024-10-06T20:31:09.625+0000] {processor.py:179} INFO - Processing /home/airflow/.local/lib/python3.8/site-packages/airflow/example_dags/example_task_group.py took 0.029 seconds
[2024-10-06T20:40:14.520+0000] {processor.py:157} INFO - Started process (PID=27028) to work on /home/airflow/.local/lib/python3.8/site-packages/airflow/example_dags/example_task_group.py
[2024-10-06T20:40:14.520+0000] {processor.py:829} INFO - Processing file /home/airflow/.local/lib/python3.8/site-packages/airflow/example_dags/example_task_group.py for tasks to queue
[2024-10-06T20:40:14.522+0000] {logging_mixin.py:154} INFO - [2024-10-06T20:40:14.521+0000] {dagbag.py:536} INFO - Filling up the DagBag from /home/airflow/.local/lib/python3.8/site-packages/airflow/example_dags/example_task_group.py
[2024-10-06T20:40:14.525+0000] {processor.py:839} INFO - DAG(s) dict_keys(['example_task_group']) retrieved from /home/airflow/.local/lib/python3.8/site-packages/airflow/example_dags/example_task_group.py
[2024-10-06T20:40:14.533+0000] {logging_mixin.py:154} INFO - [2024-10-06T20:40:14.533+0000] {dag.py:2941} INFO - Sync 1 DAGs
[2024-10-06T20:40:14.541+0000] {logging_mixin.py:154} INFO - [2024-10-06T20:40:14.540+0000] {dag.py:3722} INFO - Setting next_dagrun for example_task_group to 2024-10-05T20:40:14.540869+00:00, run_after=2024-10-06T20:40:14.540869+00:00
[2024-10-06T20:40:14.547+0000] {processor.py:179} INFO - Processing /home/airflow/.local/lib/python3.8/site-packages/airflow/example_dags/example_task_group.py took 0.028 seconds
[2024-10-06T20:43:24.886+0000] {processor.py:157} INFO - Started process (PID=27082) to work on /home/airflow/.local/lib/python3.8/site-packages/airflow/example_dags/example_task_group.py
[2024-10-06T20:43:24.887+0000] {processor.py:829} INFO - Processing file /home/airflow/.local/lib/python3.8/site-packages/airflow/example_dags/example_task_group.py for tasks to queue
[2024-10-06T20:43:24.888+0000] {logging_mixin.py:154} INFO - [2024-10-06T20:43:24.888+0000] {dagbag.py:536} INFO - Filling up the DagBag from /home/airflow/.local/lib/python3.8/site-packages/airflow/example_dags/example_task_group.py
[2024-10-06T20:43:24.891+0000] {processor.py:839} INFO - DAG(s) dict_keys(['example_task_group']) retrieved from /home/airflow/.local/lib/python3.8/site-packages/airflow/example_dags/example_task_group.py
[2024-10-06T20:43:24.899+0000] {logging_mixin.py:154} INFO - [2024-10-06T20:43:24.899+0000] {dag.py:2941} INFO - Sync 1 DAGs
[2024-10-06T20:43:24.907+0000] {logging_mixin.py:154} INFO - [2024-10-06T20:43:24.907+0000] {dag.py:3722} INFO - Setting next_dagrun for example_task_group to 2024-10-05T20:43:24.907070+00:00, run_after=2024-10-06T20:43:24.907070+00:00
[2024-10-06T20:43:24.912+0000] {processor.py:179} INFO - Processing /home/airflow/.local/lib/python3.8/site-packages/airflow/example_dags/example_task_group.py took 0.027 seconds
[2024-10-06T21:12:03.104+0000] {processor.py:157} INFO - Started process (PID=27136) to work on /home/airflow/.local/lib/python3.8/site-packages/airflow/example_dags/example_task_group.py
[2024-10-06T21:12:03.105+0000] {processor.py:829} INFO - Processing file /home/airflow/.local/lib/python3.8/site-packages/airflow/example_dags/example_task_group.py for tasks to queue
[2024-10-06T21:12:03.107+0000] {logging_mixin.py:154} INFO - [2024-10-06T21:12:03.107+0000] {dagbag.py:536} INFO - Filling up the DagBag from /home/airflow/.local/lib/python3.8/site-packages/airflow/example_dags/example_task_group.py
[2024-10-06T21:12:03.112+0000] {processor.py:839} INFO - DAG(s) dict_keys(['example_task_group']) retrieved from /home/airflow/.local/lib/python3.8/site-packages/airflow/example_dags/example_task_group.py
[2024-10-06T21:12:03.124+0000] {logging_mixin.py:154} INFO - [2024-10-06T21:12:03.124+0000] {dag.py:2941} INFO - Sync 1 DAGs
[2024-10-06T21:12:03.136+0000] {logging_mixin.py:154} INFO - [2024-10-06T21:12:03.136+0000] {dag.py:3722} INFO - Setting next_dagrun for example_task_group to 2024-10-05T21:12:03.135971+00:00, run_after=2024-10-06T21:12:03.135971+00:00
[2024-10-06T21:12:03.145+0000] {processor.py:179} INFO - Processing /home/airflow/.local/lib/python3.8/site-packages/airflow/example_dags/example_task_group.py took 0.043 seconds
[2024-10-06T21:13:25.939+0000] {processor.py:157} INFO - Started process (PID=27190) to work on /home/airflow/.local/lib/python3.8/site-packages/airflow/example_dags/example_task_group.py
[2024-10-06T21:13:25.940+0000] {processor.py:829} INFO - Processing file /home/airflow/.local/lib/python3.8/site-packages/airflow/example_dags/example_task_group.py for tasks to queue
[2024-10-06T21:13:25.941+0000] {logging_mixin.py:154} INFO - [2024-10-06T21:13:25.941+0000] {dagbag.py:536} INFO - Filling up the DagBag from /home/airflow/.local/lib/python3.8/site-packages/airflow/example_dags/example_task_group.py
[2024-10-06T21:13:25.944+0000] {processor.py:839} INFO - DAG(s) dict_keys(['example_task_group']) retrieved from /home/airflow/.local/lib/python3.8/site-packages/airflow/example_dags/example_task_group.py
[2024-10-06T21:13:25.952+0000] {logging_mixin.py:154} INFO - [2024-10-06T21:13:25.952+0000] {dag.py:2941} INFO - Sync 1 DAGs
[2024-10-06T21:13:25.959+0000] {logging_mixin.py:154} INFO - [2024-10-06T21:13:25.959+0000] {dag.py:3722} INFO - Setting next_dagrun for example_task_group to 2024-10-05T21:13:25.959825+00:00, run_after=2024-10-06T21:13:25.959825+00:00
[2024-10-06T21:13:25.966+0000] {processor.py:179} INFO - Processing /home/airflow/.local/lib/python3.8/site-packages/airflow/example_dags/example_task_group.py took 0.028 seconds
[2024-10-06T21:24:00.049+0000] {processor.py:157} INFO - Started process (PID=27244) to work on /home/airflow/.local/lib/python3.8/site-packages/airflow/example_dags/example_task_group.py
[2024-10-06T21:24:00.050+0000] {processor.py:829} INFO - Processing file /home/airflow/.local/lib/python3.8/site-packages/airflow/example_dags/example_task_group.py for tasks to queue
[2024-10-06T21:24:00.051+0000] {logging_mixin.py:154} INFO - [2024-10-06T21:24:00.051+0000] {dagbag.py:536} INFO - Filling up the DagBag from /home/airflow/.local/lib/python3.8/site-packages/airflow/example_dags/example_task_group.py
[2024-10-06T21:24:00.054+0000] {processor.py:839} INFO - DAG(s) dict_keys(['example_task_group']) retrieved from /home/airflow/.local/lib/python3.8/site-packages/airflow/example_dags/example_task_group.py
[2024-10-06T21:24:00.062+0000] {logging_mixin.py:154} INFO - [2024-10-06T21:24:00.062+0000] {dag.py:2941} INFO - Sync 1 DAGs
[2024-10-06T21:24:00.070+0000] {logging_mixin.py:154} INFO - [2024-10-06T21:24:00.070+0000] {dag.py:3722} INFO - Setting next_dagrun for example_task_group to 2024-10-05T21:24:00.070699+00:00, run_after=2024-10-06T21:24:00.070699+00:00
[2024-10-06T21:24:00.077+0000] {processor.py:179} INFO - Processing /home/airflow/.local/lib/python3.8/site-packages/airflow/example_dags/example_task_group.py took 0.029 seconds
[2024-10-06T22:02:21.774+0000] {processor.py:157} INFO - Started process (PID=27298) to work on /home/airflow/.local/lib/python3.8/site-packages/airflow/example_dags/example_task_group.py
[2024-10-06T22:02:21.775+0000] {processor.py:829} INFO - Processing file /home/airflow/.local/lib/python3.8/site-packages/airflow/example_dags/example_task_group.py for tasks to queue
[2024-10-06T22:02:21.776+0000] {logging_mixin.py:154} INFO - [2024-10-06T22:02:21.776+0000] {dagbag.py:536} INFO - Filling up the DagBag from /home/airflow/.local/lib/python3.8/site-packages/airflow/example_dags/example_task_group.py
[2024-10-06T22:02:21.779+0000] {processor.py:839} INFO - DAG(s) dict_keys(['example_task_group']) retrieved from /home/airflow/.local/lib/python3.8/site-packages/airflow/example_dags/example_task_group.py
[2024-10-06T22:02:21.788+0000] {logging_mixin.py:154} INFO - [2024-10-06T22:02:21.788+0000] {dag.py:2941} INFO - Sync 1 DAGs
[2024-10-06T22:02:21.797+0000] {logging_mixin.py:154} INFO - [2024-10-06T22:02:21.797+0000] {dag.py:3722} INFO - Setting next_dagrun for example_task_group to 2024-10-05T22:02:21.797321+00:00, run_after=2024-10-06T22:02:21.797321+00:00
[2024-10-06T22:02:21.804+0000] {processor.py:179} INFO - Processing /home/airflow/.local/lib/python3.8/site-packages/airflow/example_dags/example_task_group.py took 0.031 seconds
[2024-10-06T22:28:54.721+0000] {processor.py:157} INFO - Started process (PID=27352) to work on /home/airflow/.local/lib/python3.8/site-packages/airflow/example_dags/example_task_group.py
[2024-10-06T22:28:54.722+0000] {processor.py:829} INFO - Processing file /home/airflow/.local/lib/python3.8/site-packages/airflow/example_dags/example_task_group.py for tasks to queue
[2024-10-06T22:28:54.723+0000] {logging_mixin.py:154} INFO - [2024-10-06T22:28:54.723+0000] {dagbag.py:536} INFO - Filling up the DagBag from /home/airflow/.local/lib/python3.8/site-packages/airflow/example_dags/example_task_group.py
[2024-10-06T22:28:54.727+0000] {processor.py:839} INFO - DAG(s) dict_keys(['example_task_group']) retrieved from /home/airflow/.local/lib/python3.8/site-packages/airflow/example_dags/example_task_group.py
[2024-10-06T22:28:54.736+0000] {logging_mixin.py:154} INFO - [2024-10-06T22:28:54.736+0000] {dag.py:2941} INFO - Sync 1 DAGs
[2024-10-06T22:28:54.744+0000] {logging_mixin.py:154} INFO - [2024-10-06T22:28:54.744+0000] {dag.py:3722} INFO - Setting next_dagrun for example_task_group to 2024-10-05T22:28:54.744718+00:00, run_after=2024-10-06T22:28:54.744718+00:00
[2024-10-06T22:28:54.751+0000] {processor.py:179} INFO - Processing /home/airflow/.local/lib/python3.8/site-packages/airflow/example_dags/example_task_group.py took 0.031 seconds
[2024-10-06T22:59:44.193+0000] {processor.py:157} INFO - Started process (PID=27406) to work on /home/airflow/.local/lib/python3.8/site-packages/airflow/example_dags/example_task_group.py
[2024-10-06T22:59:44.194+0000] {processor.py:829} INFO - Processing file /home/airflow/.local/lib/python3.8/site-packages/airflow/example_dags/example_task_group.py for tasks to queue
[2024-10-06T22:59:44.197+0000] {logging_mixin.py:154} INFO - [2024-10-06T22:59:44.197+0000] {dagbag.py:536} INFO - Filling up the DagBag from /home/airflow/.local/lib/python3.8/site-packages/airflow/example_dags/example_task_group.py
[2024-10-06T22:59:44.202+0000] {processor.py:839} INFO - DAG(s) dict_keys(['example_task_group']) retrieved from /home/airflow/.local/lib/python3.8/site-packages/airflow/example_dags/example_task_group.py
[2024-10-06T22:59:44.217+0000] {logging_mixin.py:154} INFO - [2024-10-06T22:59:44.217+0000] {dag.py:2941} INFO - Sync 1 DAGs
[2024-10-06T22:59:44.231+0000] {logging_mixin.py:154} INFO - [2024-10-06T22:59:44.231+0000] {dag.py:3722} INFO - Setting next_dagrun for example_task_group to 2024-10-05T22:59:44.231108+00:00, run_after=2024-10-06T22:59:44.231108+00:00
[2024-10-06T22:59:44.242+0000] {processor.py:179} INFO - Processing /home/airflow/.local/lib/python3.8/site-packages/airflow/example_dags/example_task_group.py took 0.051 seconds
[2024-10-06T23:00:15.123+0000] {processor.py:157} INFO - Started process (PID=27460) to work on /home/airflow/.local/lib/python3.8/site-packages/airflow/example_dags/example_task_group.py
[2024-10-06T23:00:15.124+0000] {processor.py:829} INFO - Processing file /home/airflow/.local/lib/python3.8/site-packages/airflow/example_dags/example_task_group.py for tasks to queue
[2024-10-06T23:00:15.126+0000] {logging_mixin.py:154} INFO - [2024-10-06T23:00:15.126+0000] {dagbag.py:536} INFO - Filling up the DagBag from /home/airflow/.local/lib/python3.8/site-packages/airflow/example_dags/example_task_group.py
[2024-10-06T23:00:15.131+0000] {processor.py:839} INFO - DAG(s) dict_keys(['example_task_group']) retrieved from /home/airflow/.local/lib/python3.8/site-packages/airflow/example_dags/example_task_group.py
[2024-10-06T23:00:15.146+0000] {logging_mixin.py:154} INFO - [2024-10-06T23:00:15.146+0000] {dag.py:2941} INFO - Sync 1 DAGs
[2024-10-06T23:00:15.160+0000] {logging_mixin.py:154} INFO - [2024-10-06T23:00:15.160+0000] {dag.py:3722} INFO - Setting next_dagrun for example_task_group to 2024-10-05T23:00:15.160678+00:00, run_after=2024-10-06T23:00:15.160678+00:00
[2024-10-06T23:00:15.173+0000] {processor.py:179} INFO - Processing /home/airflow/.local/lib/python3.8/site-packages/airflow/example_dags/example_task_group.py took 0.053 seconds
[2024-10-06T23:00:45.872+0000] {processor.py:157} INFO - Started process (PID=27514) to work on /home/airflow/.local/lib/python3.8/site-packages/airflow/example_dags/example_task_group.py
[2024-10-06T23:00:45.872+0000] {processor.py:829} INFO - Processing file /home/airflow/.local/lib/python3.8/site-packages/airflow/example_dags/example_task_group.py for tasks to queue
[2024-10-06T23:00:45.873+0000] {logging_mixin.py:154} INFO - [2024-10-06T23:00:45.873+0000] {dagbag.py:536} INFO - Filling up the DagBag from /home/airflow/.local/lib/python3.8/site-packages/airflow/example_dags/example_task_group.py
[2024-10-06T23:00:45.877+0000] {processor.py:839} INFO - DAG(s) dict_keys(['example_task_group']) retrieved from /home/airflow/.local/lib/python3.8/site-packages/airflow/example_dags/example_task_group.py
[2024-10-06T23:00:45.885+0000] {logging_mixin.py:154} INFO - [2024-10-06T23:00:45.885+0000] {dag.py:2941} INFO - Sync 1 DAGs
[2024-10-06T23:00:45.894+0000] {logging_mixin.py:154} INFO - [2024-10-06T23:00:45.894+0000] {dag.py:3722} INFO - Setting next_dagrun for example_task_group to 2024-10-05T23:00:45.893947+00:00, run_after=2024-10-06T23:00:45.893947+00:00
[2024-10-06T23:00:45.900+0000] {processor.py:179} INFO - Processing /home/airflow/.local/lib/python3.8/site-packages/airflow/example_dags/example_task_group.py took 0.030 seconds
[2024-10-06T23:01:16.438+0000] {processor.py:157} INFO - Started process (PID=27568) to work on /home/airflow/.local/lib/python3.8/site-packages/airflow/example_dags/example_task_group.py
[2024-10-06T23:01:16.439+0000] {processor.py:829} INFO - Processing file /home/airflow/.local/lib/python3.8/site-packages/airflow/example_dags/example_task_group.py for tasks to queue
[2024-10-06T23:01:16.440+0000] {logging_mixin.py:154} INFO - [2024-10-06T23:01:16.440+0000] {dagbag.py:536} INFO - Filling up the DagBag from /home/airflow/.local/lib/python3.8/site-packages/airflow/example_dags/example_task_group.py
[2024-10-06T23:01:16.443+0000] {processor.py:839} INFO - DAG(s) dict_keys(['example_task_group']) retrieved from /home/airflow/.local/lib/python3.8/site-packages/airflow/example_dags/example_task_group.py
[2024-10-06T23:01:16.451+0000] {logging_mixin.py:154} INFO - [2024-10-06T23:01:16.451+0000] {dag.py:2941} INFO - Sync 1 DAGs
[2024-10-06T23:01:16.459+0000] {logging_mixin.py:154} INFO - [2024-10-06T23:01:16.459+0000] {dag.py:3722} INFO - Setting next_dagrun for example_task_group to 2024-10-05T23:01:16.459684+00:00, run_after=2024-10-06T23:01:16.459684+00:00
[2024-10-06T23:01:16.465+0000] {processor.py:179} INFO - Processing /home/airflow/.local/lib/python3.8/site-packages/airflow/example_dags/example_task_group.py took 0.029 seconds
[2024-10-06T23:01:46.969+0000] {processor.py:157} INFO - Started process (PID=27622) to work on /home/airflow/.local/lib/python3.8/site-packages/airflow/example_dags/example_task_group.py
[2024-10-06T23:01:46.969+0000] {processor.py:829} INFO - Processing file /home/airflow/.local/lib/python3.8/site-packages/airflow/example_dags/example_task_group.py for tasks to queue
[2024-10-06T23:01:46.970+0000] {logging_mixin.py:154} INFO - [2024-10-06T23:01:46.970+0000] {dagbag.py:536} INFO - Filling up the DagBag from /home/airflow/.local/lib/python3.8/site-packages/airflow/example_dags/example_task_group.py
[2024-10-06T23:01:46.973+0000] {processor.py:839} INFO - DAG(s) dict_keys(['example_task_group']) retrieved from /home/airflow/.local/lib/python3.8/site-packages/airflow/example_dags/example_task_group.py
[2024-10-06T23:01:46.982+0000] {logging_mixin.py:154} INFO - [2024-10-06T23:01:46.982+0000] {dag.py:2941} INFO - Sync 1 DAGs
[2024-10-06T23:01:46.989+0000] {logging_mixin.py:154} INFO - [2024-10-06T23:01:46.989+0000] {dag.py:3722} INFO - Setting next_dagrun for example_task_group to 2024-10-05T23:01:46.989661+00:00, run_after=2024-10-06T23:01:46.989661+00:00
[2024-10-06T23:01:46.995+0000] {processor.py:179} INFO - Processing /home/airflow/.local/lib/python3.8/site-packages/airflow/example_dags/example_task_group.py took 0.028 seconds
[2024-10-06T23:02:17.376+0000] {processor.py:157} INFO - Started process (PID=27676) to work on /home/airflow/.local/lib/python3.8/site-packages/airflow/example_dags/example_task_group.py
[2024-10-06T23:02:17.377+0000] {processor.py:829} INFO - Processing file /home/airflow/.local/lib/python3.8/site-packages/airflow/example_dags/example_task_group.py for tasks to queue
[2024-10-06T23:02:17.378+0000] {logging_mixin.py:154} INFO - [2024-10-06T23:02:17.378+0000] {dagbag.py:536} INFO - Filling up the DagBag from /home/airflow/.local/lib/python3.8/site-packages/airflow/example_dags/example_task_group.py
[2024-10-06T23:02:17.381+0000] {processor.py:839} INFO - DAG(s) dict_keys(['example_task_group']) retrieved from /home/airflow/.local/lib/python3.8/site-packages/airflow/example_dags/example_task_group.py
[2024-10-06T23:02:17.390+0000] {logging_mixin.py:154} INFO - [2024-10-06T23:02:17.390+0000] {dag.py:2941} INFO - Sync 1 DAGs
[2024-10-06T23:02:17.398+0000] {logging_mixin.py:154} INFO - [2024-10-06T23:02:17.398+0000] {dag.py:3722} INFO - Setting next_dagrun for example_task_group to 2024-10-05T23:02:17.397953+00:00, run_after=2024-10-06T23:02:17.397953+00:00
[2024-10-06T23:02:17.404+0000] {processor.py:179} INFO - Processing /home/airflow/.local/lib/python3.8/site-packages/airflow/example_dags/example_task_group.py took 0.029 seconds
[2024-10-06T23:02:47.790+0000] {processor.py:157} INFO - Started process (PID=27730) to work on /home/airflow/.local/lib/python3.8/site-packages/airflow/example_dags/example_task_group.py
[2024-10-06T23:02:47.790+0000] {processor.py:829} INFO - Processing file /home/airflow/.local/lib/python3.8/site-packages/airflow/example_dags/example_task_group.py for tasks to queue
[2024-10-06T23:02:47.791+0000] {logging_mixin.py:154} INFO - [2024-10-06T23:02:47.791+0000] {dagbag.py:536} INFO - Filling up the DagBag from /home/airflow/.local/lib/python3.8/site-packages/airflow/example_dags/example_task_group.py
[2024-10-06T23:02:47.794+0000] {processor.py:839} INFO - DAG(s) dict_keys(['example_task_group']) retrieved from /home/airflow/.local/lib/python3.8/site-packages/airflow/example_dags/example_task_group.py
[2024-10-06T23:02:47.803+0000] {logging_mixin.py:154} INFO - [2024-10-06T23:02:47.802+0000] {dag.py:2941} INFO - Sync 1 DAGs
[2024-10-06T23:02:47.811+0000] {logging_mixin.py:154} INFO - [2024-10-06T23:02:47.811+0000] {dag.py:3722} INFO - Setting next_dagrun for example_task_group to 2024-10-05T23:02:47.810941+00:00, run_after=2024-10-06T23:02:47.810941+00:00
[2024-10-06T23:02:47.817+0000] {processor.py:179} INFO - Processing /home/airflow/.local/lib/python3.8/site-packages/airflow/example_dags/example_task_group.py took 0.029 seconds
[2024-10-06T23:03:18.198+0000] {processor.py:157} INFO - Started process (PID=27784) to work on /home/airflow/.local/lib/python3.8/site-packages/airflow/example_dags/example_task_group.py
[2024-10-06T23:03:18.198+0000] {processor.py:829} INFO - Processing file /home/airflow/.local/lib/python3.8/site-packages/airflow/example_dags/example_task_group.py for tasks to queue
[2024-10-06T23:03:18.199+0000] {logging_mixin.py:154} INFO - [2024-10-06T23:03:18.199+0000] {dagbag.py:536} INFO - Filling up the DagBag from /home/airflow/.local/lib/python3.8/site-packages/airflow/example_dags/example_task_group.py
[2024-10-06T23:03:18.203+0000] {processor.py:839} INFO - DAG(s) dict_keys(['example_task_group']) retrieved from /home/airflow/.local/lib/python3.8/site-packages/airflow/example_dags/example_task_group.py
[2024-10-06T23:03:18.211+0000] {logging_mixin.py:154} INFO - [2024-10-06T23:03:18.211+0000] {dag.py:2941} INFO - Sync 1 DAGs
[2024-10-06T23:03:18.219+0000] {logging_mixin.py:154} INFO - [2024-10-06T23:03:18.219+0000] {dag.py:3722} INFO - Setting next_dagrun for example_task_group to 2024-10-05T23:03:18.219646+00:00, run_after=2024-10-06T23:03:18.219646+00:00
[2024-10-06T23:03:18.226+0000] {processor.py:179} INFO - Processing /home/airflow/.local/lib/python3.8/site-packages/airflow/example_dags/example_task_group.py took 0.029 seconds
[2024-10-06T23:03:48.681+0000] {processor.py:157} INFO - Started process (PID=27838) to work on /home/airflow/.local/lib/python3.8/site-packages/airflow/example_dags/example_task_group.py
[2024-10-06T23:03:48.681+0000] {processor.py:829} INFO - Processing file /home/airflow/.local/lib/python3.8/site-packages/airflow/example_dags/example_task_group.py for tasks to queue
[2024-10-06T23:03:48.683+0000] {logging_mixin.py:154} INFO - [2024-10-06T23:03:48.682+0000] {dagbag.py:536} INFO - Filling up the DagBag from /home/airflow/.local/lib/python3.8/site-packages/airflow/example_dags/example_task_group.py
[2024-10-06T23:03:48.685+0000] {processor.py:839} INFO - DAG(s) dict_keys(['example_task_group']) retrieved from /home/airflow/.local/lib/python3.8/site-packages/airflow/example_dags/example_task_group.py
[2024-10-06T23:03:48.694+0000] {logging_mixin.py:154} INFO - [2024-10-06T23:03:48.694+0000] {dag.py:2941} INFO - Sync 1 DAGs
[2024-10-06T23:03:48.702+0000] {logging_mixin.py:154} INFO - [2024-10-06T23:03:48.701+0000] {dag.py:3722} INFO - Setting next_dagrun for example_task_group to 2024-10-05T23:03:48.701893+00:00, run_after=2024-10-06T23:03:48.701893+00:00
[2024-10-06T23:03:48.707+0000] {processor.py:179} INFO - Processing /home/airflow/.local/lib/python3.8/site-packages/airflow/example_dags/example_task_group.py took 0.028 seconds
[2024-10-06T23:04:19.121+0000] {processor.py:157} INFO - Started process (PID=27892) to work on /home/airflow/.local/lib/python3.8/site-packages/airflow/example_dags/example_task_group.py
[2024-10-06T23:04:19.121+0000] {processor.py:829} INFO - Processing file /home/airflow/.local/lib/python3.8/site-packages/airflow/example_dags/example_task_group.py for tasks to queue
[2024-10-06T23:04:19.123+0000] {logging_mixin.py:154} INFO - [2024-10-06T23:04:19.122+0000] {dagbag.py:536} INFO - Filling up the DagBag from /home/airflow/.local/lib/python3.8/site-packages/airflow/example_dags/example_task_group.py
[2024-10-06T23:04:19.126+0000] {processor.py:839} INFO - DAG(s) dict_keys(['example_task_group']) retrieved from /home/airflow/.local/lib/python3.8/site-packages/airflow/example_dags/example_task_group.py
[2024-10-06T23:04:19.134+0000] {logging_mixin.py:154} INFO - [2024-10-06T23:04:19.134+0000] {dag.py:2941} INFO - Sync 1 DAGs
[2024-10-06T23:04:19.142+0000] {logging_mixin.py:154} INFO - [2024-10-06T23:04:19.142+0000] {dag.py:3722} INFO - Setting next_dagrun for example_task_group to 2024-10-05T23:04:19.142507+00:00, run_after=2024-10-06T23:04:19.142507+00:00
[2024-10-06T23:04:19.148+0000] {processor.py:179} INFO - Processing /home/airflow/.local/lib/python3.8/site-packages/airflow/example_dags/example_task_group.py took 0.029 seconds
[2024-10-06T23:04:49.574+0000] {processor.py:157} INFO - Started process (PID=27946) to work on /home/airflow/.local/lib/python3.8/site-packages/airflow/example_dags/example_task_group.py
[2024-10-06T23:04:49.574+0000] {processor.py:829} INFO - Processing file /home/airflow/.local/lib/python3.8/site-packages/airflow/example_dags/example_task_group.py for tasks to queue
[2024-10-06T23:04:49.575+0000] {logging_mixin.py:154} INFO - [2024-10-06T23:04:49.575+0000] {dagbag.py:536} INFO - Filling up the DagBag from /home/airflow/.local/lib/python3.8/site-packages/airflow/example_dags/example_task_group.py
[2024-10-06T23:04:49.578+0000] {processor.py:839} INFO - DAG(s) dict_keys(['example_task_group']) retrieved from /home/airflow/.local/lib/python3.8/site-packages/airflow/example_dags/example_task_group.py
[2024-10-06T23:04:49.587+0000] {logging_mixin.py:154} INFO - [2024-10-06T23:04:49.587+0000] {dag.py:2941} INFO - Sync 1 DAGs
[2024-10-06T23:04:49.594+0000] {logging_mixin.py:154} INFO - [2024-10-06T23:04:49.594+0000] {dag.py:3722} INFO - Setting next_dagrun for example_task_group to 2024-10-05T23:04:49.594306+00:00, run_after=2024-10-06T23:04:49.594306+00:00
[2024-10-06T23:04:49.600+0000] {processor.py:179} INFO - Processing /home/airflow/.local/lib/python3.8/site-packages/airflow/example_dags/example_task_group.py took 0.027 seconds
[2024-10-06T23:05:19.949+0000] {processor.py:157} INFO - Started process (PID=28000) to work on /home/airflow/.local/lib/python3.8/site-packages/airflow/example_dags/example_task_group.py
[2024-10-06T23:05:19.949+0000] {processor.py:829} INFO - Processing file /home/airflow/.local/lib/python3.8/site-packages/airflow/example_dags/example_task_group.py for tasks to queue
[2024-10-06T23:05:19.950+0000] {logging_mixin.py:154} INFO - [2024-10-06T23:05:19.950+0000] {dagbag.py:536} INFO - Filling up the DagBag from /home/airflow/.local/lib/python3.8/site-packages/airflow/example_dags/example_task_group.py
[2024-10-06T23:05:19.954+0000] {processor.py:839} INFO - DAG(s) dict_keys(['example_task_group']) retrieved from /home/airflow/.local/lib/python3.8/site-packages/airflow/example_dags/example_task_group.py
[2024-10-06T23:05:19.962+0000] {logging_mixin.py:154} INFO - [2024-10-06T23:05:19.962+0000] {dag.py:2941} INFO - Sync 1 DAGs
[2024-10-06T23:05:19.970+0000] {logging_mixin.py:154} INFO - [2024-10-06T23:05:19.970+0000] {dag.py:3722} INFO - Setting next_dagrun for example_task_group to 2024-10-05T23:05:19.970717+00:00, run_after=2024-10-06T23:05:19.970717+00:00
[2024-10-06T23:05:19.977+0000] {processor.py:179} INFO - Processing /home/airflow/.local/lib/python3.8/site-packages/airflow/example_dags/example_task_group.py took 0.029 seconds
[2024-10-06T23:05:50.372+0000] {processor.py:157} INFO - Started process (PID=28054) to work on /home/airflow/.local/lib/python3.8/site-packages/airflow/example_dags/example_task_group.py
[2024-10-06T23:05:50.372+0000] {processor.py:829} INFO - Processing file /home/airflow/.local/lib/python3.8/site-packages/airflow/example_dags/example_task_group.py for tasks to queue
[2024-10-06T23:05:50.373+0000] {logging_mixin.py:154} INFO - [2024-10-06T23:05:50.373+0000] {dagbag.py:536} INFO - Filling up the DagBag from /home/airflow/.local/lib/python3.8/site-packages/airflow/example_dags/example_task_group.py
[2024-10-06T23:05:50.376+0000] {processor.py:839} INFO - DAG(s) dict_keys(['example_task_group']) retrieved from /home/airflow/.local/lib/python3.8/site-packages/airflow/example_dags/example_task_group.py
[2024-10-06T23:05:50.385+0000] {logging_mixin.py:154} INFO - [2024-10-06T23:05:50.384+0000] {dag.py:2941} INFO - Sync 1 DAGs
[2024-10-06T23:05:50.392+0000] {logging_mixin.py:154} INFO - [2024-10-06T23:05:50.392+0000] {dag.py:3722} INFO - Setting next_dagrun for example_task_group to 2024-10-05T23:05:50.392521+00:00, run_after=2024-10-06T23:05:50.392521+00:00
[2024-10-06T23:05:50.398+0000] {processor.py:179} INFO - Processing /home/airflow/.local/lib/python3.8/site-packages/airflow/example_dags/example_task_group.py took 0.027 seconds
[2024-10-06T23:06:20.814+0000] {processor.py:157} INFO - Started process (PID=28108) to work on /home/airflow/.local/lib/python3.8/site-packages/airflow/example_dags/example_task_group.py
[2024-10-06T23:06:20.815+0000] {processor.py:829} INFO - Processing file /home/airflow/.local/lib/python3.8/site-packages/airflow/example_dags/example_task_group.py for tasks to queue
[2024-10-06T23:06:20.816+0000] {logging_mixin.py:154} INFO - [2024-10-06T23:06:20.816+0000] {dagbag.py:536} INFO - Filling up the DagBag from /home/airflow/.local/lib/python3.8/site-packages/airflow/example_dags/example_task_group.py
[2024-10-06T23:06:20.819+0000] {processor.py:839} INFO - DAG(s) dict_keys(['example_task_group']) retrieved from /home/airflow/.local/lib/python3.8/site-packages/airflow/example_dags/example_task_group.py
[2024-10-06T23:06:20.828+0000] {logging_mixin.py:154} INFO - [2024-10-06T23:06:20.827+0000] {dag.py:2941} INFO - Sync 1 DAGs
[2024-10-06T23:06:20.836+0000] {logging_mixin.py:154} INFO - [2024-10-06T23:06:20.836+0000] {dag.py:3722} INFO - Setting next_dagrun for example_task_group to 2024-10-05T23:06:20.835978+00:00, run_after=2024-10-06T23:06:20.835978+00:00
[2024-10-06T23:06:20.842+0000] {processor.py:179} INFO - Processing /home/airflow/.local/lib/python3.8/site-packages/airflow/example_dags/example_task_group.py took 0.029 seconds
[2024-10-06T23:06:51.261+0000] {processor.py:157} INFO - Started process (PID=28162) to work on /home/airflow/.local/lib/python3.8/site-packages/airflow/example_dags/example_task_group.py
[2024-10-06T23:06:51.261+0000] {processor.py:829} INFO - Processing file /home/airflow/.local/lib/python3.8/site-packages/airflow/example_dags/example_task_group.py for tasks to queue
[2024-10-06T23:06:51.262+0000] {logging_mixin.py:154} INFO - [2024-10-06T23:06:51.262+0000] {dagbag.py:536} INFO - Filling up the DagBag from /home/airflow/.local/lib/python3.8/site-packages/airflow/example_dags/example_task_group.py
[2024-10-06T23:06:51.265+0000] {processor.py:839} INFO - DAG(s) dict_keys(['example_task_group']) retrieved from /home/airflow/.local/lib/python3.8/site-packages/airflow/example_dags/example_task_group.py
[2024-10-06T23:06:51.274+0000] {logging_mixin.py:154} INFO - [2024-10-06T23:06:51.273+0000] {dag.py:2941} INFO - Sync 1 DAGs
[2024-10-06T23:06:51.281+0000] {logging_mixin.py:154} INFO - [2024-10-06T23:06:51.281+0000] {dag.py:3722} INFO - Setting next_dagrun for example_task_group to 2024-10-05T23:06:51.281154+00:00, run_after=2024-10-06T23:06:51.281154+00:00
[2024-10-06T23:06:51.287+0000] {processor.py:179} INFO - Processing /home/airflow/.local/lib/python3.8/site-packages/airflow/example_dags/example_task_group.py took 0.027 seconds
[2024-10-06T23:07:21.656+0000] {processor.py:157} INFO - Started process (PID=28216) to work on /home/airflow/.local/lib/python3.8/site-packages/airflow/example_dags/example_task_group.py
[2024-10-06T23:07:21.656+0000] {processor.py:829} INFO - Processing file /home/airflow/.local/lib/python3.8/site-packages/airflow/example_dags/example_task_group.py for tasks to queue
[2024-10-06T23:07:21.657+0000] {logging_mixin.py:154} INFO - [2024-10-06T23:07:21.657+0000] {dagbag.py:536} INFO - Filling up the DagBag from /home/airflow/.local/lib/python3.8/site-packages/airflow/example_dags/example_task_group.py
[2024-10-06T23:07:21.660+0000] {processor.py:839} INFO - DAG(s) dict_keys(['example_task_group']) retrieved from /home/airflow/.local/lib/python3.8/site-packages/airflow/example_dags/example_task_group.py
[2024-10-06T23:07:21.669+0000] {logging_mixin.py:154} INFO - [2024-10-06T23:07:21.669+0000] {dag.py:2941} INFO - Sync 1 DAGs
[2024-10-06T23:07:21.677+0000] {logging_mixin.py:154} INFO - [2024-10-06T23:07:21.677+0000] {dag.py:3722} INFO - Setting next_dagrun for example_task_group to 2024-10-05T23:07:21.677358+00:00, run_after=2024-10-06T23:07:21.677358+00:00
[2024-10-06T23:07:21.683+0000] {processor.py:179} INFO - Processing /home/airflow/.local/lib/python3.8/site-packages/airflow/example_dags/example_task_group.py took 0.029 seconds
[2024-10-06T23:07:52.141+0000] {processor.py:157} INFO - Started process (PID=28270) to work on /home/airflow/.local/lib/python3.8/site-packages/airflow/example_dags/example_task_group.py
[2024-10-06T23:07:52.141+0000] {processor.py:829} INFO - Processing file /home/airflow/.local/lib/python3.8/site-packages/airflow/example_dags/example_task_group.py for tasks to queue
[2024-10-06T23:07:52.143+0000] {logging_mixin.py:154} INFO - [2024-10-06T23:07:52.142+0000] {dagbag.py:536} INFO - Filling up the DagBag from /home/airflow/.local/lib/python3.8/site-packages/airflow/example_dags/example_task_group.py
[2024-10-06T23:07:52.146+0000] {processor.py:839} INFO - DAG(s) dict_keys(['example_task_group']) retrieved from /home/airflow/.local/lib/python3.8/site-packages/airflow/example_dags/example_task_group.py
[2024-10-06T23:07:52.154+0000] {logging_mixin.py:154} INFO - [2024-10-06T23:07:52.154+0000] {dag.py:2941} INFO - Sync 1 DAGs
[2024-10-06T23:07:52.162+0000] {logging_mixin.py:154} INFO - [2024-10-06T23:07:52.162+0000] {dag.py:3722} INFO - Setting next_dagrun for example_task_group to 2024-10-05T23:07:52.162827+00:00, run_after=2024-10-06T23:07:52.162827+00:00
[2024-10-06T23:07:52.169+0000] {processor.py:179} INFO - Processing /home/airflow/.local/lib/python3.8/site-packages/airflow/example_dags/example_task_group.py took 0.030 seconds
[2024-10-06T23:08:22.498+0000] {processor.py:157} INFO - Started process (PID=28324) to work on /home/airflow/.local/lib/python3.8/site-packages/airflow/example_dags/example_task_group.py
[2024-10-06T23:08:22.499+0000] {processor.py:829} INFO - Processing file /home/airflow/.local/lib/python3.8/site-packages/airflow/example_dags/example_task_group.py for tasks to queue
[2024-10-06T23:08:22.500+0000] {logging_mixin.py:154} INFO - [2024-10-06T23:08:22.500+0000] {dagbag.py:536} INFO - Filling up the DagBag from /home/airflow/.local/lib/python3.8/site-packages/airflow/example_dags/example_task_group.py
[2024-10-06T23:08:22.503+0000] {processor.py:839} INFO - DAG(s) dict_keys(['example_task_group']) retrieved from /home/airflow/.local/lib/python3.8/site-packages/airflow/example_dags/example_task_group.py
[2024-10-06T23:08:22.511+0000] {logging_mixin.py:154} INFO - [2024-10-06T23:08:22.511+0000] {dag.py:2941} INFO - Sync 1 DAGs
[2024-10-06T23:08:22.520+0000] {logging_mixin.py:154} INFO - [2024-10-06T23:08:22.520+0000] {dag.py:3722} INFO - Setting next_dagrun for example_task_group to 2024-10-05T23:08:22.520113+00:00, run_after=2024-10-06T23:08:22.520113+00:00
[2024-10-06T23:08:22.527+0000] {processor.py:179} INFO - Processing /home/airflow/.local/lib/python3.8/site-packages/airflow/example_dags/example_task_group.py took 0.029 seconds
[2024-10-06T23:08:52.931+0000] {processor.py:157} INFO - Started process (PID=28378) to work on /home/airflow/.local/lib/python3.8/site-packages/airflow/example_dags/example_task_group.py
[2024-10-06T23:08:52.931+0000] {processor.py:829} INFO - Processing file /home/airflow/.local/lib/python3.8/site-packages/airflow/example_dags/example_task_group.py for tasks to queue
[2024-10-06T23:08:52.932+0000] {logging_mixin.py:154} INFO - [2024-10-06T23:08:52.932+0000] {dagbag.py:536} INFO - Filling up the DagBag from /home/airflow/.local/lib/python3.8/site-packages/airflow/example_dags/example_task_group.py
[2024-10-06T23:08:52.935+0000] {processor.py:839} INFO - DAG(s) dict_keys(['example_task_group']) retrieved from /home/airflow/.local/lib/python3.8/site-packages/airflow/example_dags/example_task_group.py
[2024-10-06T23:08:52.944+0000] {logging_mixin.py:154} INFO - [2024-10-06T23:08:52.944+0000] {dag.py:2941} INFO - Sync 1 DAGs
[2024-10-06T23:08:52.951+0000] {logging_mixin.py:154} INFO - [2024-10-06T23:08:52.951+0000] {dag.py:3722} INFO - Setting next_dagrun for example_task_group to 2024-10-05T23:08:52.951588+00:00, run_after=2024-10-06T23:08:52.951588+00:00
[2024-10-06T23:08:52.957+0000] {processor.py:179} INFO - Processing /home/airflow/.local/lib/python3.8/site-packages/airflow/example_dags/example_task_group.py took 0.028 seconds
[2024-10-06T23:09:23.326+0000] {processor.py:157} INFO - Started process (PID=28439) to work on /home/airflow/.local/lib/python3.8/site-packages/airflow/example_dags/example_task_group.py
[2024-10-06T23:09:23.327+0000] {processor.py:829} INFO - Processing file /home/airflow/.local/lib/python3.8/site-packages/airflow/example_dags/example_task_group.py for tasks to queue
[2024-10-06T23:09:23.328+0000] {logging_mixin.py:154} INFO - [2024-10-06T23:09:23.328+0000] {dagbag.py:536} INFO - Filling up the DagBag from /home/airflow/.local/lib/python3.8/site-packages/airflow/example_dags/example_task_group.py
[2024-10-06T23:09:23.331+0000] {processor.py:839} INFO - DAG(s) dict_keys(['example_task_group']) retrieved from /home/airflow/.local/lib/python3.8/site-packages/airflow/example_dags/example_task_group.py
[2024-10-06T23:09:23.340+0000] {logging_mixin.py:154} INFO - [2024-10-06T23:09:23.340+0000] {dag.py:2941} INFO - Sync 1 DAGs
[2024-10-06T23:09:23.348+0000] {logging_mixin.py:154} INFO - [2024-10-06T23:09:23.348+0000] {dag.py:3722} INFO - Setting next_dagrun for example_task_group to 2024-10-05T23:09:23.348590+00:00, run_after=2024-10-06T23:09:23.348590+00:00
[2024-10-06T23:09:23.354+0000] {processor.py:179} INFO - Processing /home/airflow/.local/lib/python3.8/site-packages/airflow/example_dags/example_task_group.py took 0.029 seconds
[2024-10-06T23:09:53.831+0000] {processor.py:157} INFO - Started process (PID=28493) to work on /home/airflow/.local/lib/python3.8/site-packages/airflow/example_dags/example_task_group.py
[2024-10-06T23:09:53.832+0000] {processor.py:829} INFO - Processing file /home/airflow/.local/lib/python3.8/site-packages/airflow/example_dags/example_task_group.py for tasks to queue
[2024-10-06T23:09:53.833+0000] {logging_mixin.py:154} INFO - [2024-10-06T23:09:53.833+0000] {dagbag.py:536} INFO - Filling up the DagBag from /home/airflow/.local/lib/python3.8/site-packages/airflow/example_dags/example_task_group.py
[2024-10-06T23:09:53.836+0000] {processor.py:839} INFO - DAG(s) dict_keys(['example_task_group']) retrieved from /home/airflow/.local/lib/python3.8/site-packages/airflow/example_dags/example_task_group.py
[2024-10-06T23:09:53.845+0000] {logging_mixin.py:154} INFO - [2024-10-06T23:09:53.845+0000] {dag.py:2941} INFO - Sync 1 DAGs
[2024-10-06T23:09:53.854+0000] {logging_mixin.py:154} INFO - [2024-10-06T23:09:53.854+0000] {dag.py:3722} INFO - Setting next_dagrun for example_task_group to 2024-10-05T23:09:53.854142+00:00, run_after=2024-10-06T23:09:53.854142+00:00
[2024-10-06T23:09:53.861+0000] {processor.py:179} INFO - Processing /home/airflow/.local/lib/python3.8/site-packages/airflow/example_dags/example_task_group.py took 0.031 seconds
[2024-10-06T23:10:24.246+0000] {processor.py:157} INFO - Started process (PID=28547) to work on /home/airflow/.local/lib/python3.8/site-packages/airflow/example_dags/example_task_group.py
[2024-10-06T23:10:24.247+0000] {processor.py:829} INFO - Processing file /home/airflow/.local/lib/python3.8/site-packages/airflow/example_dags/example_task_group.py for tasks to queue
[2024-10-06T23:10:24.248+0000] {logging_mixin.py:154} INFO - [2024-10-06T23:10:24.248+0000] {dagbag.py:536} INFO - Filling up the DagBag from /home/airflow/.local/lib/python3.8/site-packages/airflow/example_dags/example_task_group.py
[2024-10-06T23:10:24.251+0000] {processor.py:839} INFO - DAG(s) dict_keys(['example_task_group']) retrieved from /home/airflow/.local/lib/python3.8/site-packages/airflow/example_dags/example_task_group.py
[2024-10-06T23:10:24.260+0000] {logging_mixin.py:154} INFO - [2024-10-06T23:10:24.260+0000] {dag.py:2941} INFO - Sync 1 DAGs
[2024-10-06T23:10:24.268+0000] {logging_mixin.py:154} INFO - [2024-10-06T23:10:24.268+0000] {dag.py:3722} INFO - Setting next_dagrun for example_task_group to 2024-10-05T23:10:24.268751+00:00, run_after=2024-10-06T23:10:24.268751+00:00
[2024-10-06T23:10:24.275+0000] {processor.py:179} INFO - Processing /home/airflow/.local/lib/python3.8/site-packages/airflow/example_dags/example_task_group.py took 0.030 seconds
[2024-10-06T23:10:54.682+0000] {processor.py:157} INFO - Started process (PID=28601) to work on /home/airflow/.local/lib/python3.8/site-packages/airflow/example_dags/example_task_group.py
[2024-10-06T23:10:54.682+0000] {processor.py:829} INFO - Processing file /home/airflow/.local/lib/python3.8/site-packages/airflow/example_dags/example_task_group.py for tasks to queue
[2024-10-06T23:10:54.684+0000] {logging_mixin.py:154} INFO - [2024-10-06T23:10:54.684+0000] {dagbag.py:536} INFO - Filling up the DagBag from /home/airflow/.local/lib/python3.8/site-packages/airflow/example_dags/example_task_group.py
[2024-10-06T23:10:54.687+0000] {processor.py:839} INFO - DAG(s) dict_keys(['example_task_group']) retrieved from /home/airflow/.local/lib/python3.8/site-packages/airflow/example_dags/example_task_group.py
[2024-10-06T23:10:54.696+0000] {logging_mixin.py:154} INFO - [2024-10-06T23:10:54.696+0000] {dag.py:2941} INFO - Sync 1 DAGs
[2024-10-06T23:10:54.704+0000] {logging_mixin.py:154} INFO - [2024-10-06T23:10:54.704+0000] {dag.py:3722} INFO - Setting next_dagrun for example_task_group to 2024-10-05T23:10:54.704304+00:00, run_after=2024-10-06T23:10:54.704304+00:00
[2024-10-06T23:10:54.711+0000] {processor.py:179} INFO - Processing /home/airflow/.local/lib/python3.8/site-packages/airflow/example_dags/example_task_group.py took 0.030 seconds
[2024-10-06T23:11:25.067+0000] {processor.py:157} INFO - Started process (PID=28655) to work on /home/airflow/.local/lib/python3.8/site-packages/airflow/example_dags/example_task_group.py
[2024-10-06T23:11:25.068+0000] {processor.py:829} INFO - Processing file /home/airflow/.local/lib/python3.8/site-packages/airflow/example_dags/example_task_group.py for tasks to queue
[2024-10-06T23:11:25.069+0000] {logging_mixin.py:154} INFO - [2024-10-06T23:11:25.069+0000] {dagbag.py:536} INFO - Filling up the DagBag from /home/airflow/.local/lib/python3.8/site-packages/airflow/example_dags/example_task_group.py
[2024-10-06T23:11:25.073+0000] {processor.py:839} INFO - DAG(s) dict_keys(['example_task_group']) retrieved from /home/airflow/.local/lib/python3.8/site-packages/airflow/example_dags/example_task_group.py
[2024-10-06T23:11:25.082+0000] {logging_mixin.py:154} INFO - [2024-10-06T23:11:25.082+0000] {dag.py:2941} INFO - Sync 1 DAGs
[2024-10-06T23:11:25.092+0000] {logging_mixin.py:154} INFO - [2024-10-06T23:11:25.091+0000] {dag.py:3722} INFO - Setting next_dagrun for example_task_group to 2024-10-05T23:11:25.091883+00:00, run_after=2024-10-06T23:11:25.091883+00:00
[2024-10-06T23:11:25.098+0000] {processor.py:179} INFO - Processing /home/airflow/.local/lib/python3.8/site-packages/airflow/example_dags/example_task_group.py took 0.032 seconds
[2024-10-06T23:11:55.550+0000] {processor.py:157} INFO - Started process (PID=28709) to work on /home/airflow/.local/lib/python3.8/site-packages/airflow/example_dags/example_task_group.py
[2024-10-06T23:11:55.551+0000] {processor.py:829} INFO - Processing file /home/airflow/.local/lib/python3.8/site-packages/airflow/example_dags/example_task_group.py for tasks to queue
[2024-10-06T23:11:55.552+0000] {logging_mixin.py:154} INFO - [2024-10-06T23:11:55.552+0000] {dagbag.py:536} INFO - Filling up the DagBag from /home/airflow/.local/lib/python3.8/site-packages/airflow/example_dags/example_task_group.py
[2024-10-06T23:11:55.556+0000] {processor.py:839} INFO - DAG(s) dict_keys(['example_task_group']) retrieved from /home/airflow/.local/lib/python3.8/site-packages/airflow/example_dags/example_task_group.py
[2024-10-06T23:11:55.567+0000] {logging_mixin.py:154} INFO - [2024-10-06T23:11:55.567+0000] {dag.py:2941} INFO - Sync 1 DAGs
[2024-10-06T23:11:55.576+0000] {logging_mixin.py:154} INFO - [2024-10-06T23:11:55.576+0000] {dag.py:3722} INFO - Setting next_dagrun for example_task_group to 2024-10-05T23:11:55.576286+00:00, run_after=2024-10-06T23:11:55.576286+00:00
[2024-10-06T23:11:55.584+0000] {processor.py:179} INFO - Processing /home/airflow/.local/lib/python3.8/site-packages/airflow/example_dags/example_task_group.py took 0.035 seconds
[2024-10-06T23:12:26.025+0000] {processor.py:157} INFO - Started process (PID=28763) to work on /home/airflow/.local/lib/python3.8/site-packages/airflow/example_dags/example_task_group.py
[2024-10-06T23:12:26.025+0000] {processor.py:829} INFO - Processing file /home/airflow/.local/lib/python3.8/site-packages/airflow/example_dags/example_task_group.py for tasks to queue
[2024-10-06T23:12:26.026+0000] {logging_mixin.py:154} INFO - [2024-10-06T23:12:26.026+0000] {dagbag.py:536} INFO - Filling up the DagBag from /home/airflow/.local/lib/python3.8/site-packages/airflow/example_dags/example_task_group.py
[2024-10-06T23:12:26.030+0000] {processor.py:839} INFO - DAG(s) dict_keys(['example_task_group']) retrieved from /home/airflow/.local/lib/python3.8/site-packages/airflow/example_dags/example_task_group.py
[2024-10-06T23:12:26.038+0000] {logging_mixin.py:154} INFO - [2024-10-06T23:12:26.038+0000] {dag.py:2941} INFO - Sync 1 DAGs
[2024-10-06T23:12:26.046+0000] {logging_mixin.py:154} INFO - [2024-10-06T23:12:26.046+0000] {dag.py:3722} INFO - Setting next_dagrun for example_task_group to 2024-10-05T23:12:26.046640+00:00, run_after=2024-10-06T23:12:26.046640+00:00
[2024-10-06T23:12:26.052+0000] {processor.py:179} INFO - Processing /home/airflow/.local/lib/python3.8/site-packages/airflow/example_dags/example_task_group.py took 0.029 seconds
[2024-10-06T23:12:56.448+0000] {processor.py:157} INFO - Started process (PID=28817) to work on /home/airflow/.local/lib/python3.8/site-packages/airflow/example_dags/example_task_group.py
[2024-10-06T23:12:56.448+0000] {processor.py:829} INFO - Processing file /home/airflow/.local/lib/python3.8/site-packages/airflow/example_dags/example_task_group.py for tasks to queue
[2024-10-06T23:12:56.449+0000] {logging_mixin.py:154} INFO - [2024-10-06T23:12:56.449+0000] {dagbag.py:536} INFO - Filling up the DagBag from /home/airflow/.local/lib/python3.8/site-packages/airflow/example_dags/example_task_group.py
[2024-10-06T23:12:56.452+0000] {processor.py:839} INFO - DAG(s) dict_keys(['example_task_group']) retrieved from /home/airflow/.local/lib/python3.8/site-packages/airflow/example_dags/example_task_group.py
[2024-10-06T23:12:56.461+0000] {logging_mixin.py:154} INFO - [2024-10-06T23:12:56.461+0000] {dag.py:2941} INFO - Sync 1 DAGs
[2024-10-06T23:12:56.468+0000] {logging_mixin.py:154} INFO - [2024-10-06T23:12:56.468+0000] {dag.py:3722} INFO - Setting next_dagrun for example_task_group to 2024-10-05T23:12:56.468717+00:00, run_after=2024-10-06T23:12:56.468717+00:00
[2024-10-06T23:12:56.474+0000] {processor.py:179} INFO - Processing /home/airflow/.local/lib/python3.8/site-packages/airflow/example_dags/example_task_group.py took 0.028 seconds
[2024-10-06T23:13:26.945+0000] {processor.py:157} INFO - Started process (PID=28871) to work on /home/airflow/.local/lib/python3.8/site-packages/airflow/example_dags/example_task_group.py
[2024-10-06T23:13:26.945+0000] {processor.py:829} INFO - Processing file /home/airflow/.local/lib/python3.8/site-packages/airflow/example_dags/example_task_group.py for tasks to queue
[2024-10-06T23:13:26.946+0000] {logging_mixin.py:154} INFO - [2024-10-06T23:13:26.946+0000] {dagbag.py:536} INFO - Filling up the DagBag from /home/airflow/.local/lib/python3.8/site-packages/airflow/example_dags/example_task_group.py
[2024-10-06T23:13:26.950+0000] {processor.py:839} INFO - DAG(s) dict_keys(['example_task_group']) retrieved from /home/airflow/.local/lib/python3.8/site-packages/airflow/example_dags/example_task_group.py
[2024-10-06T23:13:26.958+0000] {logging_mixin.py:154} INFO - [2024-10-06T23:13:26.958+0000] {dag.py:2941} INFO - Sync 1 DAGs
[2024-10-06T23:13:26.965+0000] {logging_mixin.py:154} INFO - [2024-10-06T23:13:26.965+0000] {dag.py:3722} INFO - Setting next_dagrun for example_task_group to 2024-10-05T23:13:26.965608+00:00, run_after=2024-10-06T23:13:26.965608+00:00
[2024-10-06T23:13:26.971+0000] {processor.py:179} INFO - Processing /home/airflow/.local/lib/python3.8/site-packages/airflow/example_dags/example_task_group.py took 0.028 seconds
[2024-10-06T23:13:57.383+0000] {processor.py:157} INFO - Started process (PID=28925) to work on /home/airflow/.local/lib/python3.8/site-packages/airflow/example_dags/example_task_group.py
[2024-10-06T23:13:57.383+0000] {processor.py:829} INFO - Processing file /home/airflow/.local/lib/python3.8/site-packages/airflow/example_dags/example_task_group.py for tasks to queue
[2024-10-06T23:13:57.384+0000] {logging_mixin.py:154} INFO - [2024-10-06T23:13:57.384+0000] {dagbag.py:536} INFO - Filling up the DagBag from /home/airflow/.local/lib/python3.8/site-packages/airflow/example_dags/example_task_group.py
[2024-10-06T23:13:57.388+0000] {processor.py:839} INFO - DAG(s) dict_keys(['example_task_group']) retrieved from /home/airflow/.local/lib/python3.8/site-packages/airflow/example_dags/example_task_group.py
[2024-10-06T23:13:57.397+0000] {logging_mixin.py:154} INFO - [2024-10-06T23:13:57.396+0000] {dag.py:2941} INFO - Sync 1 DAGs
[2024-10-06T23:13:57.404+0000] {logging_mixin.py:154} INFO - [2024-10-06T23:13:57.404+0000] {dag.py:3722} INFO - Setting next_dagrun for example_task_group to 2024-10-05T23:13:57.404675+00:00, run_after=2024-10-06T23:13:57.404675+00:00
[2024-10-06T23:13:57.411+0000] {processor.py:179} INFO - Processing /home/airflow/.local/lib/python3.8/site-packages/airflow/example_dags/example_task_group.py took 0.030 seconds
[2024-10-06T23:14:27.892+0000] {processor.py:157} INFO - Started process (PID=28979) to work on /home/airflow/.local/lib/python3.8/site-packages/airflow/example_dags/example_task_group.py
[2024-10-06T23:14:27.892+0000] {processor.py:829} INFO - Processing file /home/airflow/.local/lib/python3.8/site-packages/airflow/example_dags/example_task_group.py for tasks to queue
[2024-10-06T23:14:27.893+0000] {logging_mixin.py:154} INFO - [2024-10-06T23:14:27.893+0000] {dagbag.py:536} INFO - Filling up the DagBag from /home/airflow/.local/lib/python3.8/site-packages/airflow/example_dags/example_task_group.py
[2024-10-06T23:14:27.896+0000] {processor.py:839} INFO - DAG(s) dict_keys(['example_task_group']) retrieved from /home/airflow/.local/lib/python3.8/site-packages/airflow/example_dags/example_task_group.py
[2024-10-06T23:14:27.905+0000] {logging_mixin.py:154} INFO - [2024-10-06T23:14:27.905+0000] {dag.py:2941} INFO - Sync 1 DAGs
[2024-10-06T23:14:27.912+0000] {logging_mixin.py:154} INFO - [2024-10-06T23:14:27.912+0000] {dag.py:3722} INFO - Setting next_dagrun for example_task_group to 2024-10-05T23:14:27.912334+00:00, run_after=2024-10-06T23:14:27.912334+00:00
[2024-10-06T23:14:27.918+0000] {processor.py:179} INFO - Processing /home/airflow/.local/lib/python3.8/site-packages/airflow/example_dags/example_task_group.py took 0.028 seconds
[2024-10-06T23:14:58.373+0000] {processor.py:157} INFO - Started process (PID=29033) to work on /home/airflow/.local/lib/python3.8/site-packages/airflow/example_dags/example_task_group.py
[2024-10-06T23:14:58.374+0000] {processor.py:829} INFO - Processing file /home/airflow/.local/lib/python3.8/site-packages/airflow/example_dags/example_task_group.py for tasks to queue
[2024-10-06T23:14:58.375+0000] {logging_mixin.py:154} INFO - [2024-10-06T23:14:58.375+0000] {dagbag.py:536} INFO - Filling up the DagBag from /home/airflow/.local/lib/python3.8/site-packages/airflow/example_dags/example_task_group.py
[2024-10-06T23:14:58.378+0000] {processor.py:839} INFO - DAG(s) dict_keys(['example_task_group']) retrieved from /home/airflow/.local/lib/python3.8/site-packages/airflow/example_dags/example_task_group.py
[2024-10-06T23:14:58.388+0000] {logging_mixin.py:154} INFO - [2024-10-06T23:14:58.387+0000] {dag.py:2941} INFO - Sync 1 DAGs
[2024-10-06T23:14:58.396+0000] {logging_mixin.py:154} INFO - [2024-10-06T23:14:58.395+0000] {dag.py:3722} INFO - Setting next_dagrun for example_task_group to 2024-10-05T23:14:58.395867+00:00, run_after=2024-10-06T23:14:58.395867+00:00
[2024-10-06T23:14:58.402+0000] {processor.py:179} INFO - Processing /home/airflow/.local/lib/python3.8/site-packages/airflow/example_dags/example_task_group.py took 0.030 seconds
[2024-10-06T23:15:28.756+0000] {processor.py:157} INFO - Started process (PID=29087) to work on /home/airflow/.local/lib/python3.8/site-packages/airflow/example_dags/example_task_group.py
[2024-10-06T23:15:28.756+0000] {processor.py:829} INFO - Processing file /home/airflow/.local/lib/python3.8/site-packages/airflow/example_dags/example_task_group.py for tasks to queue
[2024-10-06T23:15:28.757+0000] {logging_mixin.py:154} INFO - [2024-10-06T23:15:28.757+0000] {dagbag.py:536} INFO - Filling up the DagBag from /home/airflow/.local/lib/python3.8/site-packages/airflow/example_dags/example_task_group.py
[2024-10-06T23:15:28.761+0000] {processor.py:839} INFO - DAG(s) dict_keys(['example_task_group']) retrieved from /home/airflow/.local/lib/python3.8/site-packages/airflow/example_dags/example_task_group.py
[2024-10-06T23:15:28.770+0000] {logging_mixin.py:154} INFO - [2024-10-06T23:15:28.770+0000] {dag.py:2941} INFO - Sync 1 DAGs
[2024-10-06T23:15:28.779+0000] {logging_mixin.py:154} INFO - [2024-10-06T23:15:28.779+0000] {dag.py:3722} INFO - Setting next_dagrun for example_task_group to 2024-10-05T23:15:28.778911+00:00, run_after=2024-10-06T23:15:28.778911+00:00
[2024-10-06T23:15:28.785+0000] {processor.py:179} INFO - Processing /home/airflow/.local/lib/python3.8/site-packages/airflow/example_dags/example_task_group.py took 0.031 seconds
[2024-10-06T23:54:55.837+0000] {processor.py:157} INFO - Started process (PID=29134) to work on /home/airflow/.local/lib/python3.8/site-packages/airflow/example_dags/example_task_group.py
[2024-10-06T23:54:55.838+0000] {processor.py:829} INFO - Processing file /home/airflow/.local/lib/python3.8/site-packages/airflow/example_dags/example_task_group.py for tasks to queue
[2024-10-06T23:54:55.842+0000] {logging_mixin.py:154} INFO - [2024-10-06T23:54:55.841+0000] {dagbag.py:536} INFO - Filling up the DagBag from /home/airflow/.local/lib/python3.8/site-packages/airflow/example_dags/example_task_group.py
[2024-10-06T23:54:55.848+0000] {processor.py:839} INFO - DAG(s) dict_keys(['example_task_group']) retrieved from /home/airflow/.local/lib/python3.8/site-packages/airflow/example_dags/example_task_group.py
[2024-10-06T23:54:55.865+0000] {logging_mixin.py:154} INFO - [2024-10-06T23:54:55.865+0000] {dag.py:2941} INFO - Sync 1 DAGs
[2024-10-06T23:54:55.882+0000] {logging_mixin.py:154} INFO - [2024-10-06T23:54:55.881+0000] {dag.py:3722} INFO - Setting next_dagrun for example_task_group to 2024-10-05T23:54:55.881618+00:00, run_after=2024-10-06T23:54:55.881618+00:00
[2024-10-06T23:54:55.899+0000] {processor.py:179} INFO - Processing /home/airflow/.local/lib/python3.8/site-packages/airflow/example_dags/example_task_group.py took 0.066 seconds
