[2024-10-06T00:48:01.561+0000] {processor.py:157} INFO - Started process (PID=25793) to work on /home/airflow/.local/lib/python3.8/site-packages/airflow/example_dags/example_dag_decorator.py
[2024-10-06T00:48:01.561+0000] {processor.py:829} INFO - Processing file /home/airflow/.local/lib/python3.8/site-packages/airflow/example_dags/example_dag_decorator.py for tasks to queue
[2024-10-06T00:48:01.562+0000] {logging_mixin.py:154} INFO - [2024-10-06T00:48:01.562+0000] {dagbag.py:536} INFO - Filling up the DagBag from /home/airflow/.local/lib/python3.8/site-packages/airflow/example_dags/example_dag_decorator.py
[2024-10-06T00:48:01.602+0000] {processor.py:839} INFO - DAG(s) dict_keys(['example_dag_decorator']) retrieved from /home/airflow/.local/lib/python3.8/site-packages/airflow/example_dags/example_dag_decorator.py
[2024-10-06T00:48:01.642+0000] {logging_mixin.py:154} INFO - [2024-10-06T00:48:01.641+0000] {dag.py:2941} INFO - Sync 1 DAGs
[2024-10-06T00:48:01.646+0000] {logging_mixin.py:154} INFO - [2024-10-06T00:48:01.646+0000] {dag.py:3722} INFO - Setting next_dagrun for example_dag_decorator to None, run_after=None
[2024-10-06T00:48:01.652+0000] {processor.py:179} INFO - Processing /home/airflow/.local/lib/python3.8/site-packages/airflow/example_dags/example_dag_decorator.py took 0.093 seconds
[2024-10-06T00:59:18.578+0000] {processor.py:157} INFO - Started process (PID=25847) to work on /home/airflow/.local/lib/python3.8/site-packages/airflow/example_dags/example_dag_decorator.py
[2024-10-06T00:59:18.579+0000] {processor.py:829} INFO - Processing file /home/airflow/.local/lib/python3.8/site-packages/airflow/example_dags/example_dag_decorator.py for tasks to queue
[2024-10-06T00:59:18.580+0000] {logging_mixin.py:154} INFO - [2024-10-06T00:59:18.580+0000] {dagbag.py:536} INFO - Filling up the DagBag from /home/airflow/.local/lib/python3.8/site-packages/airflow/example_dags/example_dag_decorator.py
[2024-10-06T00:59:18.628+0000] {processor.py:839} INFO - DAG(s) dict_keys(['example_dag_decorator']) retrieved from /home/airflow/.local/lib/python3.8/site-packages/airflow/example_dags/example_dag_decorator.py
[2024-10-06T00:59:18.678+0000] {logging_mixin.py:154} INFO - [2024-10-06T00:59:18.678+0000] {dag.py:2941} INFO - Sync 1 DAGs
[2024-10-06T00:59:18.685+0000] {logging_mixin.py:154} INFO - [2024-10-06T00:59:18.685+0000] {dag.py:3722} INFO - Setting next_dagrun for example_dag_decorator to None, run_after=None
[2024-10-06T00:59:18.696+0000] {processor.py:179} INFO - Processing /home/airflow/.local/lib/python3.8/site-packages/airflow/example_dags/example_dag_decorator.py took 0.120 seconds
[2024-10-06T02:12:19.651+0000] {processor.py:157} INFO - Started process (PID=25901) to work on /home/airflow/.local/lib/python3.8/site-packages/airflow/example_dags/example_dag_decorator.py
[2024-10-06T02:12:19.652+0000] {processor.py:829} INFO - Processing file /home/airflow/.local/lib/python3.8/site-packages/airflow/example_dags/example_dag_decorator.py for tasks to queue
[2024-10-06T02:12:19.654+0000] {logging_mixin.py:154} INFO - [2024-10-06T02:12:19.654+0000] {dagbag.py:536} INFO - Filling up the DagBag from /home/airflow/.local/lib/python3.8/site-packages/airflow/example_dags/example_dag_decorator.py
[2024-10-06T02:12:19.703+0000] {processor.py:839} INFO - DAG(s) dict_keys(['example_dag_decorator']) retrieved from /home/airflow/.local/lib/python3.8/site-packages/airflow/example_dags/example_dag_decorator.py
[2024-10-06T02:12:19.755+0000] {logging_mixin.py:154} INFO - [2024-10-06T02:12:19.754+0000] {dag.py:2941} INFO - Sync 1 DAGs
[2024-10-06T02:12:19.761+0000] {logging_mixin.py:154} INFO - [2024-10-06T02:12:19.760+0000] {dag.py:3722} INFO - Setting next_dagrun for example_dag_decorator to None, run_after=None
[2024-10-06T02:12:19.772+0000] {processor.py:179} INFO - Processing /home/airflow/.local/lib/python3.8/site-packages/airflow/example_dags/example_dag_decorator.py took 0.123 seconds
[2024-10-06T02:48:46.950+0000] {processor.py:157} INFO - Started process (PID=25955) to work on /home/airflow/.local/lib/python3.8/site-packages/airflow/example_dags/example_dag_decorator.py
[2024-10-06T02:48:46.951+0000] {processor.py:829} INFO - Processing file /home/airflow/.local/lib/python3.8/site-packages/airflow/example_dags/example_dag_decorator.py for tasks to queue
[2024-10-06T02:48:46.954+0000] {logging_mixin.py:154} INFO - [2024-10-06T02:48:46.953+0000] {dagbag.py:536} INFO - Filling up the DagBag from /home/airflow/.local/lib/python3.8/site-packages/airflow/example_dags/example_dag_decorator.py
[2024-10-06T02:48:47.003+0000] {processor.py:839} INFO - DAG(s) dict_keys(['example_dag_decorator']) retrieved from /home/airflow/.local/lib/python3.8/site-packages/airflow/example_dags/example_dag_decorator.py
[2024-10-06T02:48:47.046+0000] {logging_mixin.py:154} INFO - [2024-10-06T02:48:47.046+0000] {dag.py:2941} INFO - Sync 1 DAGs
[2024-10-06T02:48:47.051+0000] {logging_mixin.py:154} INFO - [2024-10-06T02:48:47.050+0000] {dag.py:3722} INFO - Setting next_dagrun for example_dag_decorator to None, run_after=None
[2024-10-06T02:48:47.058+0000] {processor.py:179} INFO - Processing /home/airflow/.local/lib/python3.8/site-packages/airflow/example_dags/example_dag_decorator.py took 0.110 seconds
[2024-10-06T03:19:22.499+0000] {processor.py:157} INFO - Started process (PID=26009) to work on /home/airflow/.local/lib/python3.8/site-packages/airflow/example_dags/example_dag_decorator.py
[2024-10-06T03:19:22.500+0000] {processor.py:829} INFO - Processing file /home/airflow/.local/lib/python3.8/site-packages/airflow/example_dags/example_dag_decorator.py for tasks to queue
[2024-10-06T03:19:22.501+0000] {logging_mixin.py:154} INFO - [2024-10-06T03:19:22.501+0000] {dagbag.py:536} INFO - Filling up the DagBag from /home/airflow/.local/lib/python3.8/site-packages/airflow/example_dags/example_dag_decorator.py
[2024-10-06T03:19:22.549+0000] {processor.py:839} INFO - DAG(s) dict_keys(['example_dag_decorator']) retrieved from /home/airflow/.local/lib/python3.8/site-packages/airflow/example_dags/example_dag_decorator.py
[2024-10-06T03:19:22.603+0000] {logging_mixin.py:154} INFO - [2024-10-06T03:19:22.603+0000] {dag.py:2941} INFO - Sync 1 DAGs
[2024-10-06T03:19:22.608+0000] {logging_mixin.py:154} INFO - [2024-10-06T03:19:22.608+0000] {dag.py:3722} INFO - Setting next_dagrun for example_dag_decorator to None, run_after=None
[2024-10-06T03:19:22.619+0000] {processor.py:179} INFO - Processing /home/airflow/.local/lib/python3.8/site-packages/airflow/example_dags/example_dag_decorator.py took 0.122 seconds
[2024-10-06T04:34:56.125+0000] {processor.py:157} INFO - Started process (PID=26063) to work on /home/airflow/.local/lib/python3.8/site-packages/airflow/example_dags/example_dag_decorator.py
[2024-10-06T04:34:56.126+0000] {processor.py:829} INFO - Processing file /home/airflow/.local/lib/python3.8/site-packages/airflow/example_dags/example_dag_decorator.py for tasks to queue
[2024-10-06T04:34:56.127+0000] {logging_mixin.py:154} INFO - [2024-10-06T04:34:56.127+0000] {dagbag.py:536} INFO - Filling up the DagBag from /home/airflow/.local/lib/python3.8/site-packages/airflow/example_dags/example_dag_decorator.py
[2024-10-06T04:34:56.173+0000] {processor.py:839} INFO - DAG(s) dict_keys(['example_dag_decorator']) retrieved from /home/airflow/.local/lib/python3.8/site-packages/airflow/example_dags/example_dag_decorator.py
[2024-10-06T04:34:56.225+0000] {logging_mixin.py:154} INFO - [2024-10-06T04:34:56.225+0000] {dag.py:2941} INFO - Sync 1 DAGs
[2024-10-06T04:34:56.231+0000] {logging_mixin.py:154} INFO - [2024-10-06T04:34:56.231+0000] {dag.py:3722} INFO - Setting next_dagrun for example_dag_decorator to None, run_after=None
[2024-10-06T04:34:56.240+0000] {processor.py:179} INFO - Processing /home/airflow/.local/lib/python3.8/site-packages/airflow/example_dags/example_dag_decorator.py took 0.117 seconds
[2024-10-06T05:54:00.878+0000] {processor.py:157} INFO - Started process (PID=26117) to work on /home/airflow/.local/lib/python3.8/site-packages/airflow/example_dags/example_dag_decorator.py
[2024-10-06T05:54:00.879+0000] {processor.py:829} INFO - Processing file /home/airflow/.local/lib/python3.8/site-packages/airflow/example_dags/example_dag_decorator.py for tasks to queue
[2024-10-06T05:54:00.880+0000] {logging_mixin.py:154} INFO - [2024-10-06T05:54:00.879+0000] {dagbag.py:536} INFO - Filling up the DagBag from /home/airflow/.local/lib/python3.8/site-packages/airflow/example_dags/example_dag_decorator.py
[2024-10-06T05:54:00.919+0000] {processor.py:839} INFO - DAG(s) dict_keys(['example_dag_decorator']) retrieved from /home/airflow/.local/lib/python3.8/site-packages/airflow/example_dags/example_dag_decorator.py
[2024-10-06T05:54:00.958+0000] {logging_mixin.py:154} INFO - [2024-10-06T05:54:00.958+0000] {dag.py:2941} INFO - Sync 1 DAGs
[2024-10-06T05:54:00.962+0000] {logging_mixin.py:154} INFO - [2024-10-06T05:54:00.962+0000] {dag.py:3722} INFO - Setting next_dagrun for example_dag_decorator to None, run_after=None
[2024-10-06T05:54:00.969+0000] {processor.py:179} INFO - Processing /home/airflow/.local/lib/python3.8/site-packages/airflow/example_dags/example_dag_decorator.py took 0.093 seconds
[2024-10-06T06:41:06.708+0000] {processor.py:157} INFO - Started process (PID=26171) to work on /home/airflow/.local/lib/python3.8/site-packages/airflow/example_dags/example_dag_decorator.py
[2024-10-06T06:41:06.708+0000] {processor.py:829} INFO - Processing file /home/airflow/.local/lib/python3.8/site-packages/airflow/example_dags/example_dag_decorator.py for tasks to queue
[2024-10-06T06:41:06.709+0000] {logging_mixin.py:154} INFO - [2024-10-06T06:41:06.709+0000] {dagbag.py:536} INFO - Filling up the DagBag from /home/airflow/.local/lib/python3.8/site-packages/airflow/example_dags/example_dag_decorator.py
[2024-10-06T06:41:06.748+0000] {processor.py:839} INFO - DAG(s) dict_keys(['example_dag_decorator']) retrieved from /home/airflow/.local/lib/python3.8/site-packages/airflow/example_dags/example_dag_decorator.py
[2024-10-06T06:41:06.788+0000] {logging_mixin.py:154} INFO - [2024-10-06T06:41:06.787+0000] {dag.py:2941} INFO - Sync 1 DAGs
[2024-10-06T06:41:06.793+0000] {logging_mixin.py:154} INFO - [2024-10-06T06:41:06.793+0000] {dag.py:3722} INFO - Setting next_dagrun for example_dag_decorator to None, run_after=None
[2024-10-06T06:41:06.800+0000] {processor.py:179} INFO - Processing /home/airflow/.local/lib/python3.8/site-packages/airflow/example_dags/example_dag_decorator.py took 0.094 seconds
[2024-10-06T08:19:29.303+0000] {processor.py:157} INFO - Started process (PID=26225) to work on /home/airflow/.local/lib/python3.8/site-packages/airflow/example_dags/example_dag_decorator.py
[2024-10-06T08:19:29.304+0000] {processor.py:829} INFO - Processing file /home/airflow/.local/lib/python3.8/site-packages/airflow/example_dags/example_dag_decorator.py for tasks to queue
[2024-10-06T08:19:29.306+0000] {logging_mixin.py:154} INFO - [2024-10-06T08:19:29.306+0000] {dagbag.py:536} INFO - Filling up the DagBag from /home/airflow/.local/lib/python3.8/site-packages/airflow/example_dags/example_dag_decorator.py
[2024-10-06T08:19:29.355+0000] {processor.py:839} INFO - DAG(s) dict_keys(['example_dag_decorator']) retrieved from /home/airflow/.local/lib/python3.8/site-packages/airflow/example_dags/example_dag_decorator.py
[2024-10-06T08:19:29.404+0000] {logging_mixin.py:154} INFO - [2024-10-06T08:19:29.403+0000] {dag.py:2941} INFO - Sync 1 DAGs
[2024-10-06T08:19:29.409+0000] {logging_mixin.py:154} INFO - [2024-10-06T08:19:29.409+0000] {dag.py:3722} INFO - Setting next_dagrun for example_dag_decorator to None, run_after=None
[2024-10-06T08:19:29.421+0000] {processor.py:179} INFO - Processing /home/airflow/.local/lib/python3.8/site-packages/airflow/example_dags/example_dag_decorator.py took 0.120 seconds
[2024-10-06T09:31:45.391+0000] {processor.py:157} INFO - Started process (PID=26279) to work on /home/airflow/.local/lib/python3.8/site-packages/airflow/example_dags/example_dag_decorator.py
[2024-10-06T09:31:45.391+0000] {processor.py:829} INFO - Processing file /home/airflow/.local/lib/python3.8/site-packages/airflow/example_dags/example_dag_decorator.py for tasks to queue
[2024-10-06T09:31:45.392+0000] {logging_mixin.py:154} INFO - [2024-10-06T09:31:45.392+0000] {dagbag.py:536} INFO - Filling up the DagBag from /home/airflow/.local/lib/python3.8/site-packages/airflow/example_dags/example_dag_decorator.py
[2024-10-06T09:31:45.433+0000] {processor.py:839} INFO - DAG(s) dict_keys(['example_dag_decorator']) retrieved from /home/airflow/.local/lib/python3.8/site-packages/airflow/example_dags/example_dag_decorator.py
[2024-10-06T09:31:45.472+0000] {logging_mixin.py:154} INFO - [2024-10-06T09:31:45.471+0000] {dag.py:2941} INFO - Sync 1 DAGs
[2024-10-06T09:31:45.476+0000] {logging_mixin.py:154} INFO - [2024-10-06T09:31:45.476+0000] {dag.py:3722} INFO - Setting next_dagrun for example_dag_decorator to None, run_after=None
[2024-10-06T09:31:45.483+0000] {processor.py:179} INFO - Processing /home/airflow/.local/lib/python3.8/site-packages/airflow/example_dags/example_dag_decorator.py took 0.093 seconds
[2024-10-06T10:45:25.177+0000] {processor.py:157} INFO - Started process (PID=26333) to work on /home/airflow/.local/lib/python3.8/site-packages/airflow/example_dags/example_dag_decorator.py
[2024-10-06T10:45:25.178+0000] {processor.py:829} INFO - Processing file /home/airflow/.local/lib/python3.8/site-packages/airflow/example_dags/example_dag_decorator.py for tasks to queue
[2024-10-06T10:45:25.179+0000] {logging_mixin.py:154} INFO - [2024-10-06T10:45:25.179+0000] {dagbag.py:536} INFO - Filling up the DagBag from /home/airflow/.local/lib/python3.8/site-packages/airflow/example_dags/example_dag_decorator.py
[2024-10-06T10:45:25.226+0000] {processor.py:839} INFO - DAG(s) dict_keys(['example_dag_decorator']) retrieved from /home/airflow/.local/lib/python3.8/site-packages/airflow/example_dags/example_dag_decorator.py
[2024-10-06T10:45:25.280+0000] {logging_mixin.py:154} INFO - [2024-10-06T10:45:25.280+0000] {dag.py:2941} INFO - Sync 1 DAGs
[2024-10-06T10:45:25.287+0000] {logging_mixin.py:154} INFO - [2024-10-06T10:45:25.287+0000] {dag.py:3722} INFO - Setting next_dagrun for example_dag_decorator to None, run_after=None
[2024-10-06T10:45:25.301+0000] {processor.py:179} INFO - Processing /home/airflow/.local/lib/python3.8/site-packages/airflow/example_dags/example_dag_decorator.py took 0.126 seconds
[2024-10-06T11:46:25.669+0000] {processor.py:157} INFO - Started process (PID=26387) to work on /home/airflow/.local/lib/python3.8/site-packages/airflow/example_dags/example_dag_decorator.py
[2024-10-06T11:46:25.670+0000] {processor.py:829} INFO - Processing file /home/airflow/.local/lib/python3.8/site-packages/airflow/example_dags/example_dag_decorator.py for tasks to queue
[2024-10-06T11:46:25.672+0000] {logging_mixin.py:154} INFO - [2024-10-06T11:46:25.671+0000] {dagbag.py:536} INFO - Filling up the DagBag from /home/airflow/.local/lib/python3.8/site-packages/airflow/example_dags/example_dag_decorator.py
[2024-10-06T11:46:25.718+0000] {processor.py:839} INFO - DAG(s) dict_keys(['example_dag_decorator']) retrieved from /home/airflow/.local/lib/python3.8/site-packages/airflow/example_dags/example_dag_decorator.py
[2024-10-06T11:46:25.758+0000] {logging_mixin.py:154} INFO - [2024-10-06T11:46:25.757+0000] {dag.py:2941} INFO - Sync 1 DAGs
[2024-10-06T11:46:25.762+0000] {logging_mixin.py:154} INFO - [2024-10-06T11:46:25.762+0000] {dag.py:3722} INFO - Setting next_dagrun for example_dag_decorator to None, run_after=None
[2024-10-06T11:46:25.769+0000] {processor.py:179} INFO - Processing /home/airflow/.local/lib/python3.8/site-packages/airflow/example_dags/example_dag_decorator.py took 0.102 seconds
[2024-10-06T12:33:57.232+0000] {processor.py:157} INFO - Started process (PID=26441) to work on /home/airflow/.local/lib/python3.8/site-packages/airflow/example_dags/example_dag_decorator.py
[2024-10-06T12:33:57.233+0000] {processor.py:829} INFO - Processing file /home/airflow/.local/lib/python3.8/site-packages/airflow/example_dags/example_dag_decorator.py for tasks to queue
[2024-10-06T12:33:57.234+0000] {logging_mixin.py:154} INFO - [2024-10-06T12:33:57.234+0000] {dagbag.py:536} INFO - Filling up the DagBag from /home/airflow/.local/lib/python3.8/site-packages/airflow/example_dags/example_dag_decorator.py
[2024-10-06T12:33:57.276+0000] {processor.py:839} INFO - DAG(s) dict_keys(['example_dag_decorator']) retrieved from /home/airflow/.local/lib/python3.8/site-packages/airflow/example_dags/example_dag_decorator.py
[2024-10-06T12:33:57.319+0000] {logging_mixin.py:154} INFO - [2024-10-06T12:33:57.319+0000] {dag.py:2941} INFO - Sync 1 DAGs
[2024-10-06T12:33:57.324+0000] {logging_mixin.py:154} INFO - [2024-10-06T12:33:57.323+0000] {dag.py:3722} INFO - Setting next_dagrun for example_dag_decorator to None, run_after=None
[2024-10-06T12:33:57.331+0000] {processor.py:179} INFO - Processing /home/airflow/.local/lib/python3.8/site-packages/airflow/example_dags/example_dag_decorator.py took 0.100 seconds
[2024-10-06T13:17:27.853+0000] {processor.py:157} INFO - Started process (PID=26495) to work on /home/airflow/.local/lib/python3.8/site-packages/airflow/example_dags/example_dag_decorator.py
[2024-10-06T13:17:27.854+0000] {processor.py:829} INFO - Processing file /home/airflow/.local/lib/python3.8/site-packages/airflow/example_dags/example_dag_decorator.py for tasks to queue
[2024-10-06T13:17:27.859+0000] {logging_mixin.py:154} INFO - [2024-10-06T13:17:27.859+0000] {dagbag.py:536} INFO - Filling up the DagBag from /home/airflow/.local/lib/python3.8/site-packages/airflow/example_dags/example_dag_decorator.py
[2024-10-06T13:17:27.913+0000] {processor.py:839} INFO - DAG(s) dict_keys(['example_dag_decorator']) retrieved from /home/airflow/.local/lib/python3.8/site-packages/airflow/example_dags/example_dag_decorator.py
[2024-10-06T13:17:27.970+0000] {logging_mixin.py:154} INFO - [2024-10-06T13:17:27.969+0000] {dag.py:2941} INFO - Sync 1 DAGs
[2024-10-06T13:17:27.979+0000] {logging_mixin.py:154} INFO - [2024-10-06T13:17:27.979+0000] {dag.py:3722} INFO - Setting next_dagrun for example_dag_decorator to None, run_after=None
[2024-10-06T13:17:27.993+0000] {processor.py:179} INFO - Processing /home/airflow/.local/lib/python3.8/site-packages/airflow/example_dags/example_dag_decorator.py took 0.143 seconds
[2024-10-06T14:49:26.299+0000] {processor.py:157} INFO - Started process (PID=26549) to work on /home/airflow/.local/lib/python3.8/site-packages/airflow/example_dags/example_dag_decorator.py
[2024-10-06T14:49:26.299+0000] {processor.py:829} INFO - Processing file /home/airflow/.local/lib/python3.8/site-packages/airflow/example_dags/example_dag_decorator.py for tasks to queue
[2024-10-06T14:49:26.301+0000] {logging_mixin.py:154} INFO - [2024-10-06T14:49:26.301+0000] {dagbag.py:536} INFO - Filling up the DagBag from /home/airflow/.local/lib/python3.8/site-packages/airflow/example_dags/example_dag_decorator.py
[2024-10-06T14:49:26.348+0000] {processor.py:839} INFO - DAG(s) dict_keys(['example_dag_decorator']) retrieved from /home/airflow/.local/lib/python3.8/site-packages/airflow/example_dags/example_dag_decorator.py
[2024-10-06T14:49:26.400+0000] {logging_mixin.py:154} INFO - [2024-10-06T14:49:26.399+0000] {dag.py:2941} INFO - Sync 1 DAGs
[2024-10-06T14:49:26.405+0000] {logging_mixin.py:154} INFO - [2024-10-06T14:49:26.404+0000] {dag.py:3722} INFO - Setting next_dagrun for example_dag_decorator to None, run_after=None
[2024-10-06T14:49:26.413+0000] {processor.py:179} INFO - Processing /home/airflow/.local/lib/python3.8/site-packages/airflow/example_dags/example_dag_decorator.py took 0.116 seconds
[2024-10-06T15:50:30.480+0000] {processor.py:157} INFO - Started process (PID=26603) to work on /home/airflow/.local/lib/python3.8/site-packages/airflow/example_dags/example_dag_decorator.py
[2024-10-06T15:50:30.480+0000] {processor.py:829} INFO - Processing file /home/airflow/.local/lib/python3.8/site-packages/airflow/example_dags/example_dag_decorator.py for tasks to queue
[2024-10-06T15:50:30.482+0000] {logging_mixin.py:154} INFO - [2024-10-06T15:50:30.482+0000] {dagbag.py:536} INFO - Filling up the DagBag from /home/airflow/.local/lib/python3.8/site-packages/airflow/example_dags/example_dag_decorator.py
[2024-10-06T15:50:30.528+0000] {processor.py:839} INFO - DAG(s) dict_keys(['example_dag_decorator']) retrieved from /home/airflow/.local/lib/python3.8/site-packages/airflow/example_dags/example_dag_decorator.py
[2024-10-06T15:50:30.578+0000] {logging_mixin.py:154} INFO - [2024-10-06T15:50:30.578+0000] {dag.py:2941} INFO - Sync 1 DAGs
[2024-10-06T15:50:30.583+0000] {logging_mixin.py:154} INFO - [2024-10-06T15:50:30.583+0000] {dag.py:3722} INFO - Setting next_dagrun for example_dag_decorator to None, run_after=None
[2024-10-06T15:50:30.593+0000] {processor.py:179} INFO - Processing /home/airflow/.local/lib/python3.8/site-packages/airflow/example_dags/example_dag_decorator.py took 0.115 seconds
[2024-10-06T16:11:23.558+0000] {processor.py:157} INFO - Started process (PID=26657) to work on /home/airflow/.local/lib/python3.8/site-packages/airflow/example_dags/example_dag_decorator.py
[2024-10-06T16:11:23.559+0000] {processor.py:829} INFO - Processing file /home/airflow/.local/lib/python3.8/site-packages/airflow/example_dags/example_dag_decorator.py for tasks to queue
[2024-10-06T16:11:23.561+0000] {logging_mixin.py:154} INFO - [2024-10-06T16:11:23.561+0000] {dagbag.py:536} INFO - Filling up the DagBag from /home/airflow/.local/lib/python3.8/site-packages/airflow/example_dags/example_dag_decorator.py
[2024-10-06T16:11:23.607+0000] {processor.py:839} INFO - DAG(s) dict_keys(['example_dag_decorator']) retrieved from /home/airflow/.local/lib/python3.8/site-packages/airflow/example_dags/example_dag_decorator.py
[2024-10-06T16:11:23.658+0000] {logging_mixin.py:154} INFO - [2024-10-06T16:11:23.658+0000] {dag.py:2941} INFO - Sync 1 DAGs
[2024-10-06T16:11:23.664+0000] {logging_mixin.py:154} INFO - [2024-10-06T16:11:23.664+0000] {dag.py:3722} INFO - Setting next_dagrun for example_dag_decorator to None, run_after=None
[2024-10-06T16:11:23.674+0000] {processor.py:179} INFO - Processing /home/airflow/.local/lib/python3.8/site-packages/airflow/example_dags/example_dag_decorator.py took 0.118 seconds
[2024-10-06T16:17:00.455+0000] {processor.py:157} INFO - Started process (PID=26711) to work on /home/airflow/.local/lib/python3.8/site-packages/airflow/example_dags/example_dag_decorator.py
[2024-10-06T16:17:00.456+0000] {processor.py:829} INFO - Processing file /home/airflow/.local/lib/python3.8/site-packages/airflow/example_dags/example_dag_decorator.py for tasks to queue
[2024-10-06T16:17:00.457+0000] {logging_mixin.py:154} INFO - [2024-10-06T16:17:00.457+0000] {dagbag.py:536} INFO - Filling up the DagBag from /home/airflow/.local/lib/python3.8/site-packages/airflow/example_dags/example_dag_decorator.py
[2024-10-06T16:17:00.497+0000] {processor.py:839} INFO - DAG(s) dict_keys(['example_dag_decorator']) retrieved from /home/airflow/.local/lib/python3.8/site-packages/airflow/example_dags/example_dag_decorator.py
[2024-10-06T16:17:00.538+0000] {logging_mixin.py:154} INFO - [2024-10-06T16:17:00.537+0000] {dag.py:2941} INFO - Sync 1 DAGs
[2024-10-06T16:17:00.541+0000] {logging_mixin.py:154} INFO - [2024-10-06T16:17:00.541+0000] {dag.py:3722} INFO - Setting next_dagrun for example_dag_decorator to None, run_after=None
[2024-10-06T16:17:00.548+0000] {processor.py:179} INFO - Processing /home/airflow/.local/lib/python3.8/site-packages/airflow/example_dags/example_dag_decorator.py took 0.094 seconds
[2024-10-06T17:25:37.352+0000] {processor.py:157} INFO - Started process (PID=26765) to work on /home/airflow/.local/lib/python3.8/site-packages/airflow/example_dags/example_dag_decorator.py
[2024-10-06T17:25:37.353+0000] {processor.py:829} INFO - Processing file /home/airflow/.local/lib/python3.8/site-packages/airflow/example_dags/example_dag_decorator.py for tasks to queue
[2024-10-06T17:25:37.354+0000] {logging_mixin.py:154} INFO - [2024-10-06T17:25:37.354+0000] {dagbag.py:536} INFO - Filling up the DagBag from /home/airflow/.local/lib/python3.8/site-packages/airflow/example_dags/example_dag_decorator.py
[2024-10-06T17:25:37.397+0000] {processor.py:839} INFO - DAG(s) dict_keys(['example_dag_decorator']) retrieved from /home/airflow/.local/lib/python3.8/site-packages/airflow/example_dags/example_dag_decorator.py
[2024-10-06T17:25:37.405+0000] {logging_mixin.py:154} INFO - [2024-10-06T17:25:37.405+0000] {dag.py:2941} INFO - Sync 1 DAGs
[2024-10-06T17:25:37.411+0000] {logging_mixin.py:154} INFO - [2024-10-06T17:25:37.411+0000] {dag.py:3722} INFO - Setting next_dagrun for example_dag_decorator to None, run_after=None
[2024-10-06T17:25:37.417+0000] {processor.py:179} INFO - Processing /home/airflow/.local/lib/python3.8/site-packages/airflow/example_dags/example_dag_decorator.py took 0.067 seconds
[2024-10-06T17:48:09.742+0000] {processor.py:157} INFO - Started process (PID=26819) to work on /home/airflow/.local/lib/python3.8/site-packages/airflow/example_dags/example_dag_decorator.py
[2024-10-06T17:48:09.743+0000] {processor.py:829} INFO - Processing file /home/airflow/.local/lib/python3.8/site-packages/airflow/example_dags/example_dag_decorator.py for tasks to queue
[2024-10-06T17:48:09.744+0000] {logging_mixin.py:154} INFO - [2024-10-06T17:48:09.744+0000] {dagbag.py:536} INFO - Filling up the DagBag from /home/airflow/.local/lib/python3.8/site-packages/airflow/example_dags/example_dag_decorator.py
[2024-10-06T17:48:09.799+0000] {processor.py:839} INFO - DAG(s) dict_keys(['example_dag_decorator']) retrieved from /home/airflow/.local/lib/python3.8/site-packages/airflow/example_dags/example_dag_decorator.py
[2024-10-06T17:48:09.817+0000] {logging_mixin.py:154} INFO - [2024-10-06T17:48:09.817+0000] {dag.py:2941} INFO - Sync 1 DAGs
[2024-10-06T17:48:09.825+0000] {logging_mixin.py:154} INFO - [2024-10-06T17:48:09.824+0000] {dag.py:3722} INFO - Setting next_dagrun for example_dag_decorator to None, run_after=None
[2024-10-06T17:48:10.218+0000] {processor.py:179} INFO - Processing /home/airflow/.local/lib/python3.8/site-packages/airflow/example_dags/example_dag_decorator.py took 0.477 seconds
[2024-10-06T18:17:58.069+0000] {processor.py:157} INFO - Started process (PID=26873) to work on /home/airflow/.local/lib/python3.8/site-packages/airflow/example_dags/example_dag_decorator.py
[2024-10-06T18:17:58.069+0000] {processor.py:829} INFO - Processing file /home/airflow/.local/lib/python3.8/site-packages/airflow/example_dags/example_dag_decorator.py for tasks to queue
[2024-10-06T18:17:58.071+0000] {logging_mixin.py:154} INFO - [2024-10-06T18:17:58.070+0000] {dagbag.py:536} INFO - Filling up the DagBag from /home/airflow/.local/lib/python3.8/site-packages/airflow/example_dags/example_dag_decorator.py
[2024-10-06T18:17:58.112+0000] {processor.py:839} INFO - DAG(s) dict_keys(['example_dag_decorator']) retrieved from /home/airflow/.local/lib/python3.8/site-packages/airflow/example_dags/example_dag_decorator.py
[2024-10-06T18:17:58.159+0000] {logging_mixin.py:154} INFO - [2024-10-06T18:17:58.159+0000] {dag.py:2941} INFO - Sync 1 DAGs
[2024-10-06T18:17:58.165+0000] {logging_mixin.py:154} INFO - [2024-10-06T18:17:58.165+0000] {dag.py:3722} INFO - Setting next_dagrun for example_dag_decorator to None, run_after=None
[2024-10-06T18:17:58.175+0000] {processor.py:179} INFO - Processing /home/airflow/.local/lib/python3.8/site-packages/airflow/example_dags/example_dag_decorator.py took 0.108 seconds
[2024-10-06T19:43:22.623+0000] {processor.py:157} INFO - Started process (PID=26927) to work on /home/airflow/.local/lib/python3.8/site-packages/airflow/example_dags/example_dag_decorator.py
[2024-10-06T19:43:22.624+0000] {processor.py:829} INFO - Processing file /home/airflow/.local/lib/python3.8/site-packages/airflow/example_dags/example_dag_decorator.py for tasks to queue
[2024-10-06T19:43:22.626+0000] {logging_mixin.py:154} INFO - [2024-10-06T19:43:22.626+0000] {dagbag.py:536} INFO - Filling up the DagBag from /home/airflow/.local/lib/python3.8/site-packages/airflow/example_dags/example_dag_decorator.py
[2024-10-06T19:43:22.676+0000] {processor.py:839} INFO - DAG(s) dict_keys(['example_dag_decorator']) retrieved from /home/airflow/.local/lib/python3.8/site-packages/airflow/example_dags/example_dag_decorator.py
[2024-10-06T19:43:22.729+0000] {logging_mixin.py:154} INFO - [2024-10-06T19:43:22.729+0000] {dag.py:2941} INFO - Sync 1 DAGs
[2024-10-06T19:43:22.735+0000] {logging_mixin.py:154} INFO - [2024-10-06T19:43:22.735+0000] {dag.py:3722} INFO - Setting next_dagrun for example_dag_decorator to None, run_after=None
[2024-10-06T19:43:22.746+0000] {processor.py:179} INFO - Processing /home/airflow/.local/lib/python3.8/site-packages/airflow/example_dags/example_dag_decorator.py took 0.125 seconds
[2024-10-06T20:31:09.784+0000] {processor.py:157} INFO - Started process (PID=26981) to work on /home/airflow/.local/lib/python3.8/site-packages/airflow/example_dags/example_dag_decorator.py
[2024-10-06T20:31:09.784+0000] {processor.py:829} INFO - Processing file /home/airflow/.local/lib/python3.8/site-packages/airflow/example_dags/example_dag_decorator.py for tasks to queue
[2024-10-06T20:31:09.785+0000] {logging_mixin.py:154} INFO - [2024-10-06T20:31:09.785+0000] {dagbag.py:536} INFO - Filling up the DagBag from /home/airflow/.local/lib/python3.8/site-packages/airflow/example_dags/example_dag_decorator.py
[2024-10-06T20:31:09.825+0000] {processor.py:839} INFO - DAG(s) dict_keys(['example_dag_decorator']) retrieved from /home/airflow/.local/lib/python3.8/site-packages/airflow/example_dags/example_dag_decorator.py
[2024-10-06T20:31:09.865+0000] {logging_mixin.py:154} INFO - [2024-10-06T20:31:09.865+0000] {dag.py:2941} INFO - Sync 1 DAGs
[2024-10-06T20:31:09.869+0000] {logging_mixin.py:154} INFO - [2024-10-06T20:31:09.869+0000] {dag.py:3722} INFO - Setting next_dagrun for example_dag_decorator to None, run_after=None
[2024-10-06T20:31:09.876+0000] {processor.py:179} INFO - Processing /home/airflow/.local/lib/python3.8/site-packages/airflow/example_dags/example_dag_decorator.py took 0.095 seconds
[2024-10-06T20:40:14.688+0000] {processor.py:157} INFO - Started process (PID=27035) to work on /home/airflow/.local/lib/python3.8/site-packages/airflow/example_dags/example_dag_decorator.py
[2024-10-06T20:40:14.689+0000] {processor.py:829} INFO - Processing file /home/airflow/.local/lib/python3.8/site-packages/airflow/example_dags/example_dag_decorator.py for tasks to queue
[2024-10-06T20:40:14.691+0000] {logging_mixin.py:154} INFO - [2024-10-06T20:40:14.691+0000] {dagbag.py:536} INFO - Filling up the DagBag from /home/airflow/.local/lib/python3.8/site-packages/airflow/example_dags/example_dag_decorator.py
[2024-10-06T20:40:14.739+0000] {processor.py:839} INFO - DAG(s) dict_keys(['example_dag_decorator']) retrieved from /home/airflow/.local/lib/python3.8/site-packages/airflow/example_dags/example_dag_decorator.py
[2024-10-06T20:40:14.792+0000] {logging_mixin.py:154} INFO - [2024-10-06T20:40:14.792+0000] {dag.py:2941} INFO - Sync 1 DAGs
[2024-10-06T20:40:14.798+0000] {logging_mixin.py:154} INFO - [2024-10-06T20:40:14.798+0000] {dag.py:3722} INFO - Setting next_dagrun for example_dag_decorator to None, run_after=None
[2024-10-06T20:40:14.808+0000] {processor.py:179} INFO - Processing /home/airflow/.local/lib/python3.8/site-packages/airflow/example_dags/example_dag_decorator.py took 0.122 seconds
[2024-10-06T20:43:25.070+0000] {processor.py:157} INFO - Started process (PID=27089) to work on /home/airflow/.local/lib/python3.8/site-packages/airflow/example_dags/example_dag_decorator.py
[2024-10-06T20:43:25.070+0000] {processor.py:829} INFO - Processing file /home/airflow/.local/lib/python3.8/site-packages/airflow/example_dags/example_dag_decorator.py for tasks to queue
[2024-10-06T20:43:25.072+0000] {logging_mixin.py:154} INFO - [2024-10-06T20:43:25.071+0000] {dagbag.py:536} INFO - Filling up the DagBag from /home/airflow/.local/lib/python3.8/site-packages/airflow/example_dags/example_dag_decorator.py
[2024-10-06T20:43:25.111+0000] {processor.py:839} INFO - DAG(s) dict_keys(['example_dag_decorator']) retrieved from /home/airflow/.local/lib/python3.8/site-packages/airflow/example_dags/example_dag_decorator.py
[2024-10-06T20:43:25.150+0000] {logging_mixin.py:154} INFO - [2024-10-06T20:43:25.150+0000] {dag.py:2941} INFO - Sync 1 DAGs
[2024-10-06T20:43:25.155+0000] {logging_mixin.py:154} INFO - [2024-10-06T20:43:25.155+0000] {dag.py:3722} INFO - Setting next_dagrun for example_dag_decorator to None, run_after=None
[2024-10-06T20:43:25.162+0000] {processor.py:179} INFO - Processing /home/airflow/.local/lib/python3.8/site-packages/airflow/example_dags/example_dag_decorator.py took 0.094 seconds
[2024-10-06T21:12:03.285+0000] {processor.py:157} INFO - Started process (PID=27143) to work on /home/airflow/.local/lib/python3.8/site-packages/airflow/example_dags/example_dag_decorator.py
[2024-10-06T21:12:03.286+0000] {processor.py:829} INFO - Processing file /home/airflow/.local/lib/python3.8/site-packages/airflow/example_dags/example_dag_decorator.py for tasks to queue
[2024-10-06T21:12:03.287+0000] {logging_mixin.py:154} INFO - [2024-10-06T21:12:03.287+0000] {dagbag.py:536} INFO - Filling up the DagBag from /home/airflow/.local/lib/python3.8/site-packages/airflow/example_dags/example_dag_decorator.py
[2024-10-06T21:12:03.336+0000] {processor.py:839} INFO - DAG(s) dict_keys(['example_dag_decorator']) retrieved from /home/airflow/.local/lib/python3.8/site-packages/airflow/example_dags/example_dag_decorator.py
[2024-10-06T21:12:03.390+0000] {logging_mixin.py:154} INFO - [2024-10-06T21:12:03.389+0000] {dag.py:2941} INFO - Sync 1 DAGs
[2024-10-06T21:12:03.396+0000] {logging_mixin.py:154} INFO - [2024-10-06T21:12:03.395+0000] {dag.py:3722} INFO - Setting next_dagrun for example_dag_decorator to None, run_after=None
[2024-10-06T21:12:03.408+0000] {processor.py:179} INFO - Processing /home/airflow/.local/lib/python3.8/site-packages/airflow/example_dags/example_dag_decorator.py took 0.125 seconds
[2024-10-06T21:13:26.123+0000] {processor.py:157} INFO - Started process (PID=27197) to work on /home/airflow/.local/lib/python3.8/site-packages/airflow/example_dags/example_dag_decorator.py
[2024-10-06T21:13:26.124+0000] {processor.py:829} INFO - Processing file /home/airflow/.local/lib/python3.8/site-packages/airflow/example_dags/example_dag_decorator.py for tasks to queue
[2024-10-06T21:13:26.125+0000] {logging_mixin.py:154} INFO - [2024-10-06T21:13:26.125+0000] {dagbag.py:536} INFO - Filling up the DagBag from /home/airflow/.local/lib/python3.8/site-packages/airflow/example_dags/example_dag_decorator.py
[2024-10-06T21:13:26.164+0000] {processor.py:839} INFO - DAG(s) dict_keys(['example_dag_decorator']) retrieved from /home/airflow/.local/lib/python3.8/site-packages/airflow/example_dags/example_dag_decorator.py
[2024-10-06T21:13:26.203+0000] {logging_mixin.py:154} INFO - [2024-10-06T21:13:26.203+0000] {dag.py:2941} INFO - Sync 1 DAGs
[2024-10-06T21:13:26.207+0000] {logging_mixin.py:154} INFO - [2024-10-06T21:13:26.207+0000] {dag.py:3722} INFO - Setting next_dagrun for example_dag_decorator to None, run_after=None
[2024-10-06T21:13:26.214+0000] {processor.py:179} INFO - Processing /home/airflow/.local/lib/python3.8/site-packages/airflow/example_dags/example_dag_decorator.py took 0.093 seconds
[2024-10-06T21:24:00.230+0000] {processor.py:157} INFO - Started process (PID=27251) to work on /home/airflow/.local/lib/python3.8/site-packages/airflow/example_dags/example_dag_decorator.py
[2024-10-06T21:24:00.231+0000] {processor.py:829} INFO - Processing file /home/airflow/.local/lib/python3.8/site-packages/airflow/example_dags/example_dag_decorator.py for tasks to queue
[2024-10-06T21:24:00.232+0000] {logging_mixin.py:154} INFO - [2024-10-06T21:24:00.232+0000] {dagbag.py:536} INFO - Filling up the DagBag from /home/airflow/.local/lib/python3.8/site-packages/airflow/example_dags/example_dag_decorator.py
[2024-10-06T21:24:00.276+0000] {processor.py:839} INFO - DAG(s) dict_keys(['example_dag_decorator']) retrieved from /home/airflow/.local/lib/python3.8/site-packages/airflow/example_dags/example_dag_decorator.py
[2024-10-06T21:24:00.326+0000] {logging_mixin.py:154} INFO - [2024-10-06T21:24:00.325+0000] {dag.py:2941} INFO - Sync 1 DAGs
[2024-10-06T21:24:00.333+0000] {logging_mixin.py:154} INFO - [2024-10-06T21:24:00.333+0000] {dag.py:3722} INFO - Setting next_dagrun for example_dag_decorator to None, run_after=None
[2024-10-06T21:24:00.344+0000] {processor.py:179} INFO - Processing /home/airflow/.local/lib/python3.8/site-packages/airflow/example_dags/example_dag_decorator.py took 0.116 seconds
[2024-10-06T22:02:21.903+0000] {processor.py:157} INFO - Started process (PID=27305) to work on /home/airflow/.local/lib/python3.8/site-packages/airflow/example_dags/example_dag_decorator.py
[2024-10-06T22:02:21.904+0000] {processor.py:829} INFO - Processing file /home/airflow/.local/lib/python3.8/site-packages/airflow/example_dags/example_dag_decorator.py for tasks to queue
[2024-10-06T22:02:21.905+0000] {logging_mixin.py:154} INFO - [2024-10-06T22:02:21.905+0000] {dagbag.py:536} INFO - Filling up the DagBag from /home/airflow/.local/lib/python3.8/site-packages/airflow/example_dags/example_dag_decorator.py
[2024-10-06T22:02:21.945+0000] {processor.py:839} INFO - DAG(s) dict_keys(['example_dag_decorator']) retrieved from /home/airflow/.local/lib/python3.8/site-packages/airflow/example_dags/example_dag_decorator.py
[2024-10-06T22:02:21.984+0000] {logging_mixin.py:154} INFO - [2024-10-06T22:02:21.984+0000] {dag.py:2941} INFO - Sync 1 DAGs
[2024-10-06T22:02:21.988+0000] {logging_mixin.py:154} INFO - [2024-10-06T22:02:21.988+0000] {dag.py:3722} INFO - Setting next_dagrun for example_dag_decorator to None, run_after=None
[2024-10-06T22:02:21.995+0000] {processor.py:179} INFO - Processing /home/airflow/.local/lib/python3.8/site-packages/airflow/example_dags/example_dag_decorator.py took 0.093 seconds
[2024-10-06T22:28:54.887+0000] {processor.py:157} INFO - Started process (PID=27359) to work on /home/airflow/.local/lib/python3.8/site-packages/airflow/example_dags/example_dag_decorator.py
[2024-10-06T22:28:54.888+0000] {processor.py:829} INFO - Processing file /home/airflow/.local/lib/python3.8/site-packages/airflow/example_dags/example_dag_decorator.py for tasks to queue
[2024-10-06T22:28:54.889+0000] {logging_mixin.py:154} INFO - [2024-10-06T22:28:54.889+0000] {dagbag.py:536} INFO - Filling up the DagBag from /home/airflow/.local/lib/python3.8/site-packages/airflow/example_dags/example_dag_decorator.py
[2024-10-06T22:28:54.931+0000] {processor.py:839} INFO - DAG(s) dict_keys(['example_dag_decorator']) retrieved from /home/airflow/.local/lib/python3.8/site-packages/airflow/example_dags/example_dag_decorator.py
[2024-10-06T22:28:54.974+0000] {logging_mixin.py:154} INFO - [2024-10-06T22:28:54.974+0000] {dag.py:2941} INFO - Sync 1 DAGs
[2024-10-06T22:28:54.980+0000] {logging_mixin.py:154} INFO - [2024-10-06T22:28:54.980+0000] {dag.py:3722} INFO - Setting next_dagrun for example_dag_decorator to None, run_after=None
[2024-10-06T22:28:54.987+0000] {processor.py:179} INFO - Processing /home/airflow/.local/lib/python3.8/site-packages/airflow/example_dags/example_dag_decorator.py took 0.102 seconds
[2024-10-06T22:59:44.419+0000] {processor.py:157} INFO - Started process (PID=27413) to work on /home/airflow/.local/lib/python3.8/site-packages/airflow/example_dags/example_dag_decorator.py
[2024-10-06T22:59:44.420+0000] {processor.py:829} INFO - Processing file /home/airflow/.local/lib/python3.8/site-packages/airflow/example_dags/example_dag_decorator.py for tasks to queue
[2024-10-06T22:59:44.421+0000] {logging_mixin.py:154} INFO - [2024-10-06T22:59:44.421+0000] {dagbag.py:536} INFO - Filling up the DagBag from /home/airflow/.local/lib/python3.8/site-packages/airflow/example_dags/example_dag_decorator.py
[2024-10-06T22:59:44.472+0000] {processor.py:839} INFO - DAG(s) dict_keys(['example_dag_decorator']) retrieved from /home/airflow/.local/lib/python3.8/site-packages/airflow/example_dags/example_dag_decorator.py
[2024-10-06T22:59:44.524+0000] {logging_mixin.py:154} INFO - [2024-10-06T22:59:44.524+0000] {dag.py:2941} INFO - Sync 1 DAGs
[2024-10-06T22:59:44.532+0000] {logging_mixin.py:154} INFO - [2024-10-06T22:59:44.532+0000] {dag.py:3722} INFO - Setting next_dagrun for example_dag_decorator to None, run_after=None
[2024-10-06T22:59:44.546+0000] {processor.py:179} INFO - Processing /home/airflow/.local/lib/python3.8/site-packages/airflow/example_dags/example_dag_decorator.py took 0.129 seconds
[2024-10-06T23:00:15.395+0000] {processor.py:157} INFO - Started process (PID=27467) to work on /home/airflow/.local/lib/python3.8/site-packages/airflow/example_dags/example_dag_decorator.py
[2024-10-06T23:00:15.396+0000] {processor.py:829} INFO - Processing file /home/airflow/.local/lib/python3.8/site-packages/airflow/example_dags/example_dag_decorator.py for tasks to queue
[2024-10-06T23:00:15.399+0000] {logging_mixin.py:154} INFO - [2024-10-06T23:00:15.399+0000] {dagbag.py:536} INFO - Filling up the DagBag from /home/airflow/.local/lib/python3.8/site-packages/airflow/example_dags/example_dag_decorator.py
[2024-10-06T23:00:15.453+0000] {processor.py:839} INFO - DAG(s) dict_keys(['example_dag_decorator']) retrieved from /home/airflow/.local/lib/python3.8/site-packages/airflow/example_dags/example_dag_decorator.py
[2024-10-06T23:00:15.506+0000] {logging_mixin.py:154} INFO - [2024-10-06T23:00:15.505+0000] {dag.py:2941} INFO - Sync 1 DAGs
[2024-10-06T23:00:15.511+0000] {logging_mixin.py:154} INFO - [2024-10-06T23:00:15.511+0000] {dag.py:3722} INFO - Setting next_dagrun for example_dag_decorator to None, run_after=None
[2024-10-06T23:00:15.518+0000] {processor.py:179} INFO - Processing /home/airflow/.local/lib/python3.8/site-packages/airflow/example_dags/example_dag_decorator.py took 0.125 seconds
[2024-10-06T23:00:46.059+0000] {processor.py:157} INFO - Started process (PID=27521) to work on /home/airflow/.local/lib/python3.8/site-packages/airflow/example_dags/example_dag_decorator.py
[2024-10-06T23:00:46.060+0000] {processor.py:829} INFO - Processing file /home/airflow/.local/lib/python3.8/site-packages/airflow/example_dags/example_dag_decorator.py for tasks to queue
[2024-10-06T23:00:46.061+0000] {logging_mixin.py:154} INFO - [2024-10-06T23:00:46.061+0000] {dagbag.py:536} INFO - Filling up the DagBag from /home/airflow/.local/lib/python3.8/site-packages/airflow/example_dags/example_dag_decorator.py
[2024-10-06T23:00:46.103+0000] {processor.py:839} INFO - DAG(s) dict_keys(['example_dag_decorator']) retrieved from /home/airflow/.local/lib/python3.8/site-packages/airflow/example_dags/example_dag_decorator.py
[2024-10-06T23:00:46.146+0000] {logging_mixin.py:154} INFO - [2024-10-06T23:00:46.146+0000] {dag.py:2941} INFO - Sync 1 DAGs
[2024-10-06T23:00:46.151+0000] {logging_mixin.py:154} INFO - [2024-10-06T23:00:46.150+0000] {dag.py:3722} INFO - Setting next_dagrun for example_dag_decorator to None, run_after=None
[2024-10-06T23:00:46.158+0000] {processor.py:179} INFO - Processing /home/airflow/.local/lib/python3.8/site-packages/airflow/example_dags/example_dag_decorator.py took 0.100 seconds
[2024-10-06T23:01:16.656+0000] {processor.py:157} INFO - Started process (PID=27577) to work on /home/airflow/.local/lib/python3.8/site-packages/airflow/example_dags/example_dag_decorator.py
[2024-10-06T23:01:16.656+0000] {processor.py:829} INFO - Processing file /home/airflow/.local/lib/python3.8/site-packages/airflow/example_dags/example_dag_decorator.py for tasks to queue
[2024-10-06T23:01:16.657+0000] {logging_mixin.py:154} INFO - [2024-10-06T23:01:16.657+0000] {dagbag.py:536} INFO - Filling up the DagBag from /home/airflow/.local/lib/python3.8/site-packages/airflow/example_dags/example_dag_decorator.py
[2024-10-06T23:01:16.694+0000] {processor.py:839} INFO - DAG(s) dict_keys(['example_dag_decorator']) retrieved from /home/airflow/.local/lib/python3.8/site-packages/airflow/example_dags/example_dag_decorator.py
[2024-10-06T23:01:16.730+0000] {logging_mixin.py:154} INFO - [2024-10-06T23:01:16.729+0000] {dag.py:2941} INFO - Sync 1 DAGs
[2024-10-06T23:01:16.734+0000] {logging_mixin.py:154} INFO - [2024-10-06T23:01:16.734+0000] {dag.py:3722} INFO - Setting next_dagrun for example_dag_decorator to None, run_after=None
[2024-10-06T23:01:16.741+0000] {processor.py:179} INFO - Processing /home/airflow/.local/lib/python3.8/site-packages/airflow/example_dags/example_dag_decorator.py took 0.086 seconds
[2024-10-06T23:01:47.189+0000] {processor.py:157} INFO - Started process (PID=27631) to work on /home/airflow/.local/lib/python3.8/site-packages/airflow/example_dags/example_dag_decorator.py
[2024-10-06T23:01:47.189+0000] {processor.py:829} INFO - Processing file /home/airflow/.local/lib/python3.8/site-packages/airflow/example_dags/example_dag_decorator.py for tasks to queue
[2024-10-06T23:01:47.190+0000] {logging_mixin.py:154} INFO - [2024-10-06T23:01:47.190+0000] {dagbag.py:536} INFO - Filling up the DagBag from /home/airflow/.local/lib/python3.8/site-packages/airflow/example_dags/example_dag_decorator.py
[2024-10-06T23:01:47.230+0000] {processor.py:839} INFO - DAG(s) dict_keys(['example_dag_decorator']) retrieved from /home/airflow/.local/lib/python3.8/site-packages/airflow/example_dags/example_dag_decorator.py
[2024-10-06T23:01:47.270+0000] {logging_mixin.py:154} INFO - [2024-10-06T23:01:47.269+0000] {dag.py:2941} INFO - Sync 1 DAGs
[2024-10-06T23:01:47.274+0000] {logging_mixin.py:154} INFO - [2024-10-06T23:01:47.274+0000] {dag.py:3722} INFO - Setting next_dagrun for example_dag_decorator to None, run_after=None
[2024-10-06T23:01:47.281+0000] {processor.py:179} INFO - Processing /home/airflow/.local/lib/python3.8/site-packages/airflow/example_dags/example_dag_decorator.py took 0.094 seconds
[2024-10-06T23:02:17.559+0000] {processor.py:157} INFO - Started process (PID=27683) to work on /home/airflow/.local/lib/python3.8/site-packages/airflow/example_dags/example_dag_decorator.py
[2024-10-06T23:02:17.559+0000] {processor.py:829} INFO - Processing file /home/airflow/.local/lib/python3.8/site-packages/airflow/example_dags/example_dag_decorator.py for tasks to queue
[2024-10-06T23:02:17.560+0000] {logging_mixin.py:154} INFO - [2024-10-06T23:02:17.560+0000] {dagbag.py:536} INFO - Filling up the DagBag from /home/airflow/.local/lib/python3.8/site-packages/airflow/example_dags/example_dag_decorator.py
[2024-10-06T23:02:17.600+0000] {processor.py:839} INFO - DAG(s) dict_keys(['example_dag_decorator']) retrieved from /home/airflow/.local/lib/python3.8/site-packages/airflow/example_dags/example_dag_decorator.py
[2024-10-06T23:02:17.639+0000] {logging_mixin.py:154} INFO - [2024-10-06T23:02:17.639+0000] {dag.py:2941} INFO - Sync 1 DAGs
[2024-10-06T23:02:17.643+0000] {logging_mixin.py:154} INFO - [2024-10-06T23:02:17.643+0000] {dag.py:3722} INFO - Setting next_dagrun for example_dag_decorator to None, run_after=None
[2024-10-06T23:02:17.650+0000] {processor.py:179} INFO - Processing /home/airflow/.local/lib/python3.8/site-packages/airflow/example_dags/example_dag_decorator.py took 0.093 seconds
[2024-10-06T23:02:47.979+0000] {processor.py:157} INFO - Started process (PID=27737) to work on /home/airflow/.local/lib/python3.8/site-packages/airflow/example_dags/example_dag_decorator.py
[2024-10-06T23:02:47.980+0000] {processor.py:829} INFO - Processing file /home/airflow/.local/lib/python3.8/site-packages/airflow/example_dags/example_dag_decorator.py for tasks to queue
[2024-10-06T23:02:47.981+0000] {logging_mixin.py:154} INFO - [2024-10-06T23:02:47.981+0000] {dagbag.py:536} INFO - Filling up the DagBag from /home/airflow/.local/lib/python3.8/site-packages/airflow/example_dags/example_dag_decorator.py
[2024-10-06T23:02:48.020+0000] {processor.py:839} INFO - DAG(s) dict_keys(['example_dag_decorator']) retrieved from /home/airflow/.local/lib/python3.8/site-packages/airflow/example_dags/example_dag_decorator.py
[2024-10-06T23:02:48.061+0000] {logging_mixin.py:154} INFO - [2024-10-06T23:02:48.061+0000] {dag.py:2941} INFO - Sync 1 DAGs
[2024-10-06T23:02:48.065+0000] {logging_mixin.py:154} INFO - [2024-10-06T23:02:48.065+0000] {dag.py:3722} INFO - Setting next_dagrun for example_dag_decorator to None, run_after=None
[2024-10-06T23:02:48.072+0000] {processor.py:179} INFO - Processing /home/airflow/.local/lib/python3.8/site-packages/airflow/example_dags/example_dag_decorator.py took 0.094 seconds
[2024-10-06T23:03:18.380+0000] {processor.py:157} INFO - Started process (PID=27791) to work on /home/airflow/.local/lib/python3.8/site-packages/airflow/example_dags/example_dag_decorator.py
[2024-10-06T23:03:18.381+0000] {processor.py:829} INFO - Processing file /home/airflow/.local/lib/python3.8/site-packages/airflow/example_dags/example_dag_decorator.py for tasks to queue
[2024-10-06T23:03:18.382+0000] {logging_mixin.py:154} INFO - [2024-10-06T23:03:18.382+0000] {dagbag.py:536} INFO - Filling up the DagBag from /home/airflow/.local/lib/python3.8/site-packages/airflow/example_dags/example_dag_decorator.py
[2024-10-06T23:03:18.421+0000] {processor.py:839} INFO - DAG(s) dict_keys(['example_dag_decorator']) retrieved from /home/airflow/.local/lib/python3.8/site-packages/airflow/example_dags/example_dag_decorator.py
[2024-10-06T23:03:18.461+0000] {logging_mixin.py:154} INFO - [2024-10-06T23:03:18.461+0000] {dag.py:2941} INFO - Sync 1 DAGs
[2024-10-06T23:03:18.466+0000] {logging_mixin.py:154} INFO - [2024-10-06T23:03:18.466+0000] {dag.py:3722} INFO - Setting next_dagrun for example_dag_decorator to None, run_after=None
[2024-10-06T23:03:18.473+0000] {processor.py:179} INFO - Processing /home/airflow/.local/lib/python3.8/site-packages/airflow/example_dags/example_dag_decorator.py took 0.095 seconds
[2024-10-06T23:03:48.869+0000] {processor.py:157} INFO - Started process (PID=27845) to work on /home/airflow/.local/lib/python3.8/site-packages/airflow/example_dags/example_dag_decorator.py
[2024-10-06T23:03:48.869+0000] {processor.py:829} INFO - Processing file /home/airflow/.local/lib/python3.8/site-packages/airflow/example_dags/example_dag_decorator.py for tasks to queue
[2024-10-06T23:03:48.871+0000] {logging_mixin.py:154} INFO - [2024-10-06T23:03:48.870+0000] {dagbag.py:536} INFO - Filling up the DagBag from /home/airflow/.local/lib/python3.8/site-packages/airflow/example_dags/example_dag_decorator.py
[2024-10-06T23:03:48.911+0000] {processor.py:839} INFO - DAG(s) dict_keys(['example_dag_decorator']) retrieved from /home/airflow/.local/lib/python3.8/site-packages/airflow/example_dags/example_dag_decorator.py
[2024-10-06T23:03:48.950+0000] {logging_mixin.py:154} INFO - [2024-10-06T23:03:48.950+0000] {dag.py:2941} INFO - Sync 1 DAGs
[2024-10-06T23:03:48.954+0000] {logging_mixin.py:154} INFO - [2024-10-06T23:03:48.954+0000] {dag.py:3722} INFO - Setting next_dagrun for example_dag_decorator to None, run_after=None
[2024-10-06T23:03:48.961+0000] {processor.py:179} INFO - Processing /home/airflow/.local/lib/python3.8/site-packages/airflow/example_dags/example_dag_decorator.py took 0.094 seconds
[2024-10-06T23:04:19.268+0000] {processor.py:157} INFO - Started process (PID=27899) to work on /home/airflow/.local/lib/python3.8/site-packages/airflow/example_dags/example_dag_decorator.py
[2024-10-06T23:04:19.268+0000] {processor.py:829} INFO - Processing file /home/airflow/.local/lib/python3.8/site-packages/airflow/example_dags/example_dag_decorator.py for tasks to queue
[2024-10-06T23:04:19.269+0000] {logging_mixin.py:154} INFO - [2024-10-06T23:04:19.269+0000] {dagbag.py:536} INFO - Filling up the DagBag from /home/airflow/.local/lib/python3.8/site-packages/airflow/example_dags/example_dag_decorator.py
[2024-10-06T23:04:19.309+0000] {processor.py:839} INFO - DAG(s) dict_keys(['example_dag_decorator']) retrieved from /home/airflow/.local/lib/python3.8/site-packages/airflow/example_dags/example_dag_decorator.py
[2024-10-06T23:04:19.349+0000] {logging_mixin.py:154} INFO - [2024-10-06T23:04:19.349+0000] {dag.py:2941} INFO - Sync 1 DAGs
[2024-10-06T23:04:19.354+0000] {logging_mixin.py:154} INFO - [2024-10-06T23:04:19.354+0000] {dag.py:3722} INFO - Setting next_dagrun for example_dag_decorator to None, run_after=None
[2024-10-06T23:04:19.360+0000] {processor.py:179} INFO - Processing /home/airflow/.local/lib/python3.8/site-packages/airflow/example_dags/example_dag_decorator.py took 0.094 seconds
[2024-10-06T23:04:49.720+0000] {processor.py:157} INFO - Started process (PID=27953) to work on /home/airflow/.local/lib/python3.8/site-packages/airflow/example_dags/example_dag_decorator.py
[2024-10-06T23:04:49.721+0000] {processor.py:829} INFO - Processing file /home/airflow/.local/lib/python3.8/site-packages/airflow/example_dags/example_dag_decorator.py for tasks to queue
[2024-10-06T23:04:49.722+0000] {logging_mixin.py:154} INFO - [2024-10-06T23:04:49.722+0000] {dagbag.py:536} INFO - Filling up the DagBag from /home/airflow/.local/lib/python3.8/site-packages/airflow/example_dags/example_dag_decorator.py
[2024-10-06T23:04:49.761+0000] {processor.py:839} INFO - DAG(s) dict_keys(['example_dag_decorator']) retrieved from /home/airflow/.local/lib/python3.8/site-packages/airflow/example_dags/example_dag_decorator.py
[2024-10-06T23:04:49.800+0000] {logging_mixin.py:154} INFO - [2024-10-06T23:04:49.800+0000] {dag.py:2941} INFO - Sync 1 DAGs
[2024-10-06T23:04:49.804+0000] {logging_mixin.py:154} INFO - [2024-10-06T23:04:49.804+0000] {dag.py:3722} INFO - Setting next_dagrun for example_dag_decorator to None, run_after=None
[2024-10-06T23:04:49.812+0000] {processor.py:179} INFO - Processing /home/airflow/.local/lib/python3.8/site-packages/airflow/example_dags/example_dag_decorator.py took 0.093 seconds
[2024-10-06T23:05:20.133+0000] {processor.py:157} INFO - Started process (PID=28007) to work on /home/airflow/.local/lib/python3.8/site-packages/airflow/example_dags/example_dag_decorator.py
[2024-10-06T23:05:20.133+0000] {processor.py:829} INFO - Processing file /home/airflow/.local/lib/python3.8/site-packages/airflow/example_dags/example_dag_decorator.py for tasks to queue
[2024-10-06T23:05:20.134+0000] {logging_mixin.py:154} INFO - [2024-10-06T23:05:20.134+0000] {dagbag.py:536} INFO - Filling up the DagBag from /home/airflow/.local/lib/python3.8/site-packages/airflow/example_dags/example_dag_decorator.py
[2024-10-06T23:05:20.174+0000] {processor.py:839} INFO - DAG(s) dict_keys(['example_dag_decorator']) retrieved from /home/airflow/.local/lib/python3.8/site-packages/airflow/example_dags/example_dag_decorator.py
[2024-10-06T23:05:20.215+0000] {logging_mixin.py:154} INFO - [2024-10-06T23:05:20.215+0000] {dag.py:2941} INFO - Sync 1 DAGs
[2024-10-06T23:05:20.220+0000] {logging_mixin.py:154} INFO - [2024-10-06T23:05:20.220+0000] {dag.py:3722} INFO - Setting next_dagrun for example_dag_decorator to None, run_after=None
[2024-10-06T23:05:20.227+0000] {processor.py:179} INFO - Processing /home/airflow/.local/lib/python3.8/site-packages/airflow/example_dags/example_dag_decorator.py took 0.096 seconds
[2024-10-06T23:05:50.556+0000] {processor.py:157} INFO - Started process (PID=28061) to work on /home/airflow/.local/lib/python3.8/site-packages/airflow/example_dags/example_dag_decorator.py
[2024-10-06T23:05:50.557+0000] {processor.py:829} INFO - Processing file /home/airflow/.local/lib/python3.8/site-packages/airflow/example_dags/example_dag_decorator.py for tasks to queue
[2024-10-06T23:05:50.558+0000] {logging_mixin.py:154} INFO - [2024-10-06T23:05:50.558+0000] {dagbag.py:536} INFO - Filling up the DagBag from /home/airflow/.local/lib/python3.8/site-packages/airflow/example_dags/example_dag_decorator.py
[2024-10-06T23:05:50.597+0000] {processor.py:839} INFO - DAG(s) dict_keys(['example_dag_decorator']) retrieved from /home/airflow/.local/lib/python3.8/site-packages/airflow/example_dags/example_dag_decorator.py
[2024-10-06T23:05:50.637+0000] {logging_mixin.py:154} INFO - [2024-10-06T23:05:50.637+0000] {dag.py:2941} INFO - Sync 1 DAGs
[2024-10-06T23:05:50.642+0000] {logging_mixin.py:154} INFO - [2024-10-06T23:05:50.642+0000] {dag.py:3722} INFO - Setting next_dagrun for example_dag_decorator to None, run_after=None
[2024-10-06T23:05:50.649+0000] {processor.py:179} INFO - Processing /home/airflow/.local/lib/python3.8/site-packages/airflow/example_dags/example_dag_decorator.py took 0.095 seconds
[2024-10-06T23:06:20.996+0000] {processor.py:157} INFO - Started process (PID=28115) to work on /home/airflow/.local/lib/python3.8/site-packages/airflow/example_dags/example_dag_decorator.py
[2024-10-06T23:06:20.997+0000] {processor.py:829} INFO - Processing file /home/airflow/.local/lib/python3.8/site-packages/airflow/example_dags/example_dag_decorator.py for tasks to queue
[2024-10-06T23:06:20.998+0000] {logging_mixin.py:154} INFO - [2024-10-06T23:06:20.998+0000] {dagbag.py:536} INFO - Filling up the DagBag from /home/airflow/.local/lib/python3.8/site-packages/airflow/example_dags/example_dag_decorator.py
[2024-10-06T23:06:21.038+0000] {processor.py:839} INFO - DAG(s) dict_keys(['example_dag_decorator']) retrieved from /home/airflow/.local/lib/python3.8/site-packages/airflow/example_dags/example_dag_decorator.py
[2024-10-06T23:06:21.078+0000] {logging_mixin.py:154} INFO - [2024-10-06T23:06:21.077+0000] {dag.py:2941} INFO - Sync 1 DAGs
[2024-10-06T23:06:21.082+0000] {logging_mixin.py:154} INFO - [2024-10-06T23:06:21.082+0000] {dag.py:3722} INFO - Setting next_dagrun for example_dag_decorator to None, run_after=None
[2024-10-06T23:06:21.089+0000] {processor.py:179} INFO - Processing /home/airflow/.local/lib/python3.8/site-packages/airflow/example_dags/example_dag_decorator.py took 0.094 seconds
[2024-10-06T23:06:51.443+0000] {processor.py:157} INFO - Started process (PID=28169) to work on /home/airflow/.local/lib/python3.8/site-packages/airflow/example_dags/example_dag_decorator.py
[2024-10-06T23:06:51.443+0000] {processor.py:829} INFO - Processing file /home/airflow/.local/lib/python3.8/site-packages/airflow/example_dags/example_dag_decorator.py for tasks to queue
[2024-10-06T23:06:51.444+0000] {logging_mixin.py:154} INFO - [2024-10-06T23:06:51.444+0000] {dagbag.py:536} INFO - Filling up the DagBag from /home/airflow/.local/lib/python3.8/site-packages/airflow/example_dags/example_dag_decorator.py
[2024-10-06T23:06:51.483+0000] {processor.py:839} INFO - DAG(s) dict_keys(['example_dag_decorator']) retrieved from /home/airflow/.local/lib/python3.8/site-packages/airflow/example_dags/example_dag_decorator.py
[2024-10-06T23:06:51.523+0000] {logging_mixin.py:154} INFO - [2024-10-06T23:06:51.523+0000] {dag.py:2941} INFO - Sync 1 DAGs
[2024-10-06T23:06:51.527+0000] {logging_mixin.py:154} INFO - [2024-10-06T23:06:51.527+0000] {dag.py:3722} INFO - Setting next_dagrun for example_dag_decorator to None, run_after=None
[2024-10-06T23:06:51.534+0000] {processor.py:179} INFO - Processing /home/airflow/.local/lib/python3.8/site-packages/airflow/example_dags/example_dag_decorator.py took 0.093 seconds
[2024-10-06T23:07:21.832+0000] {processor.py:157} INFO - Started process (PID=28223) to work on /home/airflow/.local/lib/python3.8/site-packages/airflow/example_dags/example_dag_decorator.py
[2024-10-06T23:07:21.832+0000] {processor.py:829} INFO - Processing file /home/airflow/.local/lib/python3.8/site-packages/airflow/example_dags/example_dag_decorator.py for tasks to queue
[2024-10-06T23:07:21.833+0000] {logging_mixin.py:154} INFO - [2024-10-06T23:07:21.833+0000] {dagbag.py:536} INFO - Filling up the DagBag from /home/airflow/.local/lib/python3.8/site-packages/airflow/example_dags/example_dag_decorator.py
[2024-10-06T23:07:21.873+0000] {processor.py:839} INFO - DAG(s) dict_keys(['example_dag_decorator']) retrieved from /home/airflow/.local/lib/python3.8/site-packages/airflow/example_dags/example_dag_decorator.py
[2024-10-06T23:07:21.913+0000] {logging_mixin.py:154} INFO - [2024-10-06T23:07:21.912+0000] {dag.py:2941} INFO - Sync 1 DAGs
[2024-10-06T23:07:21.918+0000] {logging_mixin.py:154} INFO - [2024-10-06T23:07:21.918+0000] {dag.py:3722} INFO - Setting next_dagrun for example_dag_decorator to None, run_after=None
[2024-10-06T23:07:21.925+0000] {processor.py:179} INFO - Processing /home/airflow/.local/lib/python3.8/site-packages/airflow/example_dags/example_dag_decorator.py took 0.095 seconds
[2024-10-06T23:07:52.323+0000] {processor.py:157} INFO - Started process (PID=28277) to work on /home/airflow/.local/lib/python3.8/site-packages/airflow/example_dags/example_dag_decorator.py
[2024-10-06T23:07:52.324+0000] {processor.py:829} INFO - Processing file /home/airflow/.local/lib/python3.8/site-packages/airflow/example_dags/example_dag_decorator.py for tasks to queue
[2024-10-06T23:07:52.325+0000] {logging_mixin.py:154} INFO - [2024-10-06T23:07:52.324+0000] {dagbag.py:536} INFO - Filling up the DagBag from /home/airflow/.local/lib/python3.8/site-packages/airflow/example_dags/example_dag_decorator.py
[2024-10-06T23:07:52.364+0000] {processor.py:839} INFO - DAG(s) dict_keys(['example_dag_decorator']) retrieved from /home/airflow/.local/lib/python3.8/site-packages/airflow/example_dags/example_dag_decorator.py
[2024-10-06T23:07:52.404+0000] {logging_mixin.py:154} INFO - [2024-10-06T23:07:52.403+0000] {dag.py:2941} INFO - Sync 1 DAGs
[2024-10-06T23:07:52.408+0000] {logging_mixin.py:154} INFO - [2024-10-06T23:07:52.408+0000] {dag.py:3722} INFO - Setting next_dagrun for example_dag_decorator to None, run_after=None
[2024-10-06T23:07:52.416+0000] {processor.py:179} INFO - Processing /home/airflow/.local/lib/python3.8/site-packages/airflow/example_dags/example_dag_decorator.py took 0.094 seconds
[2024-10-06T23:08:22.681+0000] {processor.py:157} INFO - Started process (PID=28331) to work on /home/airflow/.local/lib/python3.8/site-packages/airflow/example_dags/example_dag_decorator.py
[2024-10-06T23:08:22.681+0000] {processor.py:829} INFO - Processing file /home/airflow/.local/lib/python3.8/site-packages/airflow/example_dags/example_dag_decorator.py for tasks to queue
[2024-10-06T23:08:22.683+0000] {logging_mixin.py:154} INFO - [2024-10-06T23:08:22.682+0000] {dagbag.py:536} INFO - Filling up the DagBag from /home/airflow/.local/lib/python3.8/site-packages/airflow/example_dags/example_dag_decorator.py
[2024-10-06T23:08:22.722+0000] {processor.py:839} INFO - DAG(s) dict_keys(['example_dag_decorator']) retrieved from /home/airflow/.local/lib/python3.8/site-packages/airflow/example_dags/example_dag_decorator.py
[2024-10-06T23:08:22.761+0000] {logging_mixin.py:154} INFO - [2024-10-06T23:08:22.761+0000] {dag.py:2941} INFO - Sync 1 DAGs
[2024-10-06T23:08:22.766+0000] {logging_mixin.py:154} INFO - [2024-10-06T23:08:22.765+0000] {dag.py:3722} INFO - Setting next_dagrun for example_dag_decorator to None, run_after=None
[2024-10-06T23:08:22.773+0000] {processor.py:179} INFO - Processing /home/airflow/.local/lib/python3.8/site-packages/airflow/example_dags/example_dag_decorator.py took 0.093 seconds
[2024-10-06T23:08:53.120+0000] {processor.py:157} INFO - Started process (PID=28392) to work on /home/airflow/.local/lib/python3.8/site-packages/airflow/example_dags/example_dag_decorator.py
[2024-10-06T23:08:53.121+0000] {processor.py:829} INFO - Processing file /home/airflow/.local/lib/python3.8/site-packages/airflow/example_dags/example_dag_decorator.py for tasks to queue
[2024-10-06T23:08:53.122+0000] {logging_mixin.py:154} INFO - [2024-10-06T23:08:53.122+0000] {dagbag.py:536} INFO - Filling up the DagBag from /home/airflow/.local/lib/python3.8/site-packages/airflow/example_dags/example_dag_decorator.py
[2024-10-06T23:08:53.161+0000] {processor.py:839} INFO - DAG(s) dict_keys(['example_dag_decorator']) retrieved from /home/airflow/.local/lib/python3.8/site-packages/airflow/example_dags/example_dag_decorator.py
[2024-10-06T23:08:53.201+0000] {logging_mixin.py:154} INFO - [2024-10-06T23:08:53.201+0000] {dag.py:2941} INFO - Sync 1 DAGs
[2024-10-06T23:08:53.206+0000] {logging_mixin.py:154} INFO - [2024-10-06T23:08:53.206+0000] {dag.py:3722} INFO - Setting next_dagrun for example_dag_decorator to None, run_after=None
[2024-10-06T23:08:53.213+0000] {processor.py:179} INFO - Processing /home/airflow/.local/lib/python3.8/site-packages/airflow/example_dags/example_dag_decorator.py took 0.094 seconds
[2024-10-06T23:09:23.506+0000] {processor.py:157} INFO - Started process (PID=28446) to work on /home/airflow/.local/lib/python3.8/site-packages/airflow/example_dags/example_dag_decorator.py
[2024-10-06T23:09:23.506+0000] {processor.py:829} INFO - Processing file /home/airflow/.local/lib/python3.8/site-packages/airflow/example_dags/example_dag_decorator.py for tasks to queue
[2024-10-06T23:09:23.507+0000] {logging_mixin.py:154} INFO - [2024-10-06T23:09:23.507+0000] {dagbag.py:536} INFO - Filling up the DagBag from /home/airflow/.local/lib/python3.8/site-packages/airflow/example_dags/example_dag_decorator.py
[2024-10-06T23:09:23.547+0000] {processor.py:839} INFO - DAG(s) dict_keys(['example_dag_decorator']) retrieved from /home/airflow/.local/lib/python3.8/site-packages/airflow/example_dags/example_dag_decorator.py
[2024-10-06T23:09:23.588+0000] {logging_mixin.py:154} INFO - [2024-10-06T23:09:23.588+0000] {dag.py:2941} INFO - Sync 1 DAGs
[2024-10-06T23:09:23.593+0000] {logging_mixin.py:154} INFO - [2024-10-06T23:09:23.593+0000] {dag.py:3722} INFO - Setting next_dagrun for example_dag_decorator to None, run_after=None
[2024-10-06T23:09:23.600+0000] {processor.py:179} INFO - Processing /home/airflow/.local/lib/python3.8/site-packages/airflow/example_dags/example_dag_decorator.py took 0.096 seconds
[2024-10-06T23:09:53.988+0000] {processor.py:157} INFO - Started process (PID=28500) to work on /home/airflow/.local/lib/python3.8/site-packages/airflow/example_dags/example_dag_decorator.py
[2024-10-06T23:09:53.988+0000] {processor.py:829} INFO - Processing file /home/airflow/.local/lib/python3.8/site-packages/airflow/example_dags/example_dag_decorator.py for tasks to queue
[2024-10-06T23:09:53.990+0000] {logging_mixin.py:154} INFO - [2024-10-06T23:09:53.989+0000] {dagbag.py:536} INFO - Filling up the DagBag from /home/airflow/.local/lib/python3.8/site-packages/airflow/example_dags/example_dag_decorator.py
[2024-10-06T23:09:54.030+0000] {processor.py:839} INFO - DAG(s) dict_keys(['example_dag_decorator']) retrieved from /home/airflow/.local/lib/python3.8/site-packages/airflow/example_dags/example_dag_decorator.py
[2024-10-06T23:09:54.069+0000] {logging_mixin.py:154} INFO - [2024-10-06T23:09:54.069+0000] {dag.py:2941} INFO - Sync 1 DAGs
[2024-10-06T23:09:54.073+0000] {logging_mixin.py:154} INFO - [2024-10-06T23:09:54.073+0000] {dag.py:3722} INFO - Setting next_dagrun for example_dag_decorator to None, run_after=None
[2024-10-06T23:09:54.081+0000] {processor.py:179} INFO - Processing /home/airflow/.local/lib/python3.8/site-packages/airflow/example_dags/example_dag_decorator.py took 0.095 seconds
[2024-10-06T23:10:24.423+0000] {processor.py:157} INFO - Started process (PID=28554) to work on /home/airflow/.local/lib/python3.8/site-packages/airflow/example_dags/example_dag_decorator.py
[2024-10-06T23:10:24.424+0000] {processor.py:829} INFO - Processing file /home/airflow/.local/lib/python3.8/site-packages/airflow/example_dags/example_dag_decorator.py for tasks to queue
[2024-10-06T23:10:24.425+0000] {logging_mixin.py:154} INFO - [2024-10-06T23:10:24.425+0000] {dagbag.py:536} INFO - Filling up the DagBag from /home/airflow/.local/lib/python3.8/site-packages/airflow/example_dags/example_dag_decorator.py
[2024-10-06T23:10:24.465+0000] {processor.py:839} INFO - DAG(s) dict_keys(['example_dag_decorator']) retrieved from /home/airflow/.local/lib/python3.8/site-packages/airflow/example_dags/example_dag_decorator.py
[2024-10-06T23:10:24.504+0000] {logging_mixin.py:154} INFO - [2024-10-06T23:10:24.504+0000] {dag.py:2941} INFO - Sync 1 DAGs
[2024-10-06T23:10:24.508+0000] {logging_mixin.py:154} INFO - [2024-10-06T23:10:24.508+0000] {dag.py:3722} INFO - Setting next_dagrun for example_dag_decorator to None, run_after=None
[2024-10-06T23:10:24.516+0000] {processor.py:179} INFO - Processing /home/airflow/.local/lib/python3.8/site-packages/airflow/example_dags/example_dag_decorator.py took 0.094 seconds
[2024-10-06T23:10:54.830+0000] {processor.py:157} INFO - Started process (PID=28608) to work on /home/airflow/.local/lib/python3.8/site-packages/airflow/example_dags/example_dag_decorator.py
[2024-10-06T23:10:54.830+0000] {processor.py:829} INFO - Processing file /home/airflow/.local/lib/python3.8/site-packages/airflow/example_dags/example_dag_decorator.py for tasks to queue
[2024-10-06T23:10:54.831+0000] {logging_mixin.py:154} INFO - [2024-10-06T23:10:54.831+0000] {dagbag.py:536} INFO - Filling up the DagBag from /home/airflow/.local/lib/python3.8/site-packages/airflow/example_dags/example_dag_decorator.py
[2024-10-06T23:10:54.870+0000] {processor.py:839} INFO - DAG(s) dict_keys(['example_dag_decorator']) retrieved from /home/airflow/.local/lib/python3.8/site-packages/airflow/example_dags/example_dag_decorator.py
[2024-10-06T23:10:54.909+0000] {logging_mixin.py:154} INFO - [2024-10-06T23:10:54.909+0000] {dag.py:2941} INFO - Sync 1 DAGs
[2024-10-06T23:10:54.914+0000] {logging_mixin.py:154} INFO - [2024-10-06T23:10:54.914+0000] {dag.py:3722} INFO - Setting next_dagrun for example_dag_decorator to None, run_after=None
[2024-10-06T23:10:54.921+0000] {processor.py:179} INFO - Processing /home/airflow/.local/lib/python3.8/site-packages/airflow/example_dags/example_dag_decorator.py took 0.093 seconds
[2024-10-06T23:11:25.264+0000] {processor.py:157} INFO - Started process (PID=28662) to work on /home/airflow/.local/lib/python3.8/site-packages/airflow/example_dags/example_dag_decorator.py
[2024-10-06T23:11:25.265+0000] {processor.py:829} INFO - Processing file /home/airflow/.local/lib/python3.8/site-packages/airflow/example_dags/example_dag_decorator.py for tasks to queue
[2024-10-06T23:11:25.266+0000] {logging_mixin.py:154} INFO - [2024-10-06T23:11:25.266+0000] {dagbag.py:536} INFO - Filling up the DagBag from /home/airflow/.local/lib/python3.8/site-packages/airflow/example_dags/example_dag_decorator.py
[2024-10-06T23:11:25.306+0000] {processor.py:839} INFO - DAG(s) dict_keys(['example_dag_decorator']) retrieved from /home/airflow/.local/lib/python3.8/site-packages/airflow/example_dags/example_dag_decorator.py
[2024-10-06T23:11:25.347+0000] {logging_mixin.py:154} INFO - [2024-10-06T23:11:25.346+0000] {dag.py:2941} INFO - Sync 1 DAGs
[2024-10-06T23:11:25.352+0000] {logging_mixin.py:154} INFO - [2024-10-06T23:11:25.351+0000] {dag.py:3722} INFO - Setting next_dagrun for example_dag_decorator to None, run_after=None
[2024-10-06T23:11:25.361+0000] {processor.py:179} INFO - Processing /home/airflow/.local/lib/python3.8/site-packages/airflow/example_dags/example_dag_decorator.py took 0.098 seconds
[2024-10-06T23:11:55.693+0000] {processor.py:157} INFO - Started process (PID=28716) to work on /home/airflow/.local/lib/python3.8/site-packages/airflow/example_dags/example_dag_decorator.py
[2024-10-06T23:11:55.694+0000] {processor.py:829} INFO - Processing file /home/airflow/.local/lib/python3.8/site-packages/airflow/example_dags/example_dag_decorator.py for tasks to queue
[2024-10-06T23:11:55.695+0000] {logging_mixin.py:154} INFO - [2024-10-06T23:11:55.695+0000] {dagbag.py:536} INFO - Filling up the DagBag from /home/airflow/.local/lib/python3.8/site-packages/airflow/example_dags/example_dag_decorator.py
[2024-10-06T23:11:55.738+0000] {processor.py:839} INFO - DAG(s) dict_keys(['example_dag_decorator']) retrieved from /home/airflow/.local/lib/python3.8/site-packages/airflow/example_dags/example_dag_decorator.py
[2024-10-06T23:11:55.780+0000] {logging_mixin.py:154} INFO - [2024-10-06T23:11:55.780+0000] {dag.py:2941} INFO - Sync 1 DAGs
[2024-10-06T23:11:55.785+0000] {logging_mixin.py:154} INFO - [2024-10-06T23:11:55.785+0000] {dag.py:3722} INFO - Setting next_dagrun for example_dag_decorator to None, run_after=None
[2024-10-06T23:11:55.793+0000] {processor.py:179} INFO - Processing /home/airflow/.local/lib/python3.8/site-packages/airflow/example_dags/example_dag_decorator.py took 0.101 seconds
[2024-10-06T23:12:26.209+0000] {processor.py:157} INFO - Started process (PID=28770) to work on /home/airflow/.local/lib/python3.8/site-packages/airflow/example_dags/example_dag_decorator.py
[2024-10-06T23:12:26.210+0000] {processor.py:829} INFO - Processing file /home/airflow/.local/lib/python3.8/site-packages/airflow/example_dags/example_dag_decorator.py for tasks to queue
[2024-10-06T23:12:26.211+0000] {logging_mixin.py:154} INFO - [2024-10-06T23:12:26.211+0000] {dagbag.py:536} INFO - Filling up the DagBag from /home/airflow/.local/lib/python3.8/site-packages/airflow/example_dags/example_dag_decorator.py
[2024-10-06T23:12:26.253+0000] {processor.py:839} INFO - DAG(s) dict_keys(['example_dag_decorator']) retrieved from /home/airflow/.local/lib/python3.8/site-packages/airflow/example_dags/example_dag_decorator.py
[2024-10-06T23:12:26.293+0000] {logging_mixin.py:154} INFO - [2024-10-06T23:12:26.293+0000] {dag.py:2941} INFO - Sync 1 DAGs
[2024-10-06T23:12:26.298+0000] {logging_mixin.py:154} INFO - [2024-10-06T23:12:26.298+0000] {dag.py:3722} INFO - Setting next_dagrun for example_dag_decorator to None, run_after=None
[2024-10-06T23:12:26.305+0000] {processor.py:179} INFO - Processing /home/airflow/.local/lib/python3.8/site-packages/airflow/example_dags/example_dag_decorator.py took 0.098 seconds
[2024-10-06T23:12:56.632+0000] {processor.py:157} INFO - Started process (PID=28824) to work on /home/airflow/.local/lib/python3.8/site-packages/airflow/example_dags/example_dag_decorator.py
[2024-10-06T23:12:56.632+0000] {processor.py:829} INFO - Processing file /home/airflow/.local/lib/python3.8/site-packages/airflow/example_dags/example_dag_decorator.py for tasks to queue
[2024-10-06T23:12:56.633+0000] {logging_mixin.py:154} INFO - [2024-10-06T23:12:56.633+0000] {dagbag.py:536} INFO - Filling up the DagBag from /home/airflow/.local/lib/python3.8/site-packages/airflow/example_dags/example_dag_decorator.py
[2024-10-06T23:12:56.669+0000] {processor.py:839} INFO - DAG(s) dict_keys(['example_dag_decorator']) retrieved from /home/airflow/.local/lib/python3.8/site-packages/airflow/example_dags/example_dag_decorator.py
[2024-10-06T23:12:56.705+0000] {logging_mixin.py:154} INFO - [2024-10-06T23:12:56.704+0000] {dag.py:2941} INFO - Sync 1 DAGs
[2024-10-06T23:12:56.709+0000] {logging_mixin.py:154} INFO - [2024-10-06T23:12:56.709+0000] {dag.py:3722} INFO - Setting next_dagrun for example_dag_decorator to None, run_after=None
[2024-10-06T23:12:56.715+0000] {processor.py:179} INFO - Processing /home/airflow/.local/lib/python3.8/site-packages/airflow/example_dags/example_dag_decorator.py took 0.084 seconds
[2024-10-06T23:13:27.132+0000] {processor.py:157} INFO - Started process (PID=28878) to work on /home/airflow/.local/lib/python3.8/site-packages/airflow/example_dags/example_dag_decorator.py
[2024-10-06T23:13:27.133+0000] {processor.py:829} INFO - Processing file /home/airflow/.local/lib/python3.8/site-packages/airflow/example_dags/example_dag_decorator.py for tasks to queue
[2024-10-06T23:13:27.134+0000] {logging_mixin.py:154} INFO - [2024-10-06T23:13:27.134+0000] {dagbag.py:536} INFO - Filling up the DagBag from /home/airflow/.local/lib/python3.8/site-packages/airflow/example_dags/example_dag_decorator.py
[2024-10-06T23:13:27.174+0000] {processor.py:839} INFO - DAG(s) dict_keys(['example_dag_decorator']) retrieved from /home/airflow/.local/lib/python3.8/site-packages/airflow/example_dags/example_dag_decorator.py
[2024-10-06T23:13:27.213+0000] {logging_mixin.py:154} INFO - [2024-10-06T23:13:27.213+0000] {dag.py:2941} INFO - Sync 1 DAGs
[2024-10-06T23:13:27.217+0000] {logging_mixin.py:154} INFO - [2024-10-06T23:13:27.217+0000] {dag.py:3722} INFO - Setting next_dagrun for example_dag_decorator to None, run_after=None
[2024-10-06T23:13:27.225+0000] {processor.py:179} INFO - Processing /home/airflow/.local/lib/python3.8/site-packages/airflow/example_dags/example_dag_decorator.py took 0.095 seconds
[2024-10-06T23:13:57.538+0000] {processor.py:157} INFO - Started process (PID=28932) to work on /home/airflow/.local/lib/python3.8/site-packages/airflow/example_dags/example_dag_decorator.py
[2024-10-06T23:13:57.538+0000] {processor.py:829} INFO - Processing file /home/airflow/.local/lib/python3.8/site-packages/airflow/example_dags/example_dag_decorator.py for tasks to queue
[2024-10-06T23:13:57.540+0000] {logging_mixin.py:154} INFO - [2024-10-06T23:13:57.539+0000] {dagbag.py:536} INFO - Filling up the DagBag from /home/airflow/.local/lib/python3.8/site-packages/airflow/example_dags/example_dag_decorator.py
[2024-10-06T23:13:57.579+0000] {processor.py:839} INFO - DAG(s) dict_keys(['example_dag_decorator']) retrieved from /home/airflow/.local/lib/python3.8/site-packages/airflow/example_dags/example_dag_decorator.py
[2024-10-06T23:13:57.619+0000] {logging_mixin.py:154} INFO - [2024-10-06T23:13:57.618+0000] {dag.py:2941} INFO - Sync 1 DAGs
[2024-10-06T23:13:57.623+0000] {logging_mixin.py:154} INFO - [2024-10-06T23:13:57.623+0000] {dag.py:3722} INFO - Setting next_dagrun for example_dag_decorator to None, run_after=None
[2024-10-06T23:13:57.630+0000] {processor.py:179} INFO - Processing /home/airflow/.local/lib/python3.8/site-packages/airflow/example_dags/example_dag_decorator.py took 0.094 seconds
[2024-10-06T23:14:28.079+0000] {processor.py:157} INFO - Started process (PID=28986) to work on /home/airflow/.local/lib/python3.8/site-packages/airflow/example_dags/example_dag_decorator.py
[2024-10-06T23:14:28.079+0000] {processor.py:829} INFO - Processing file /home/airflow/.local/lib/python3.8/site-packages/airflow/example_dags/example_dag_decorator.py for tasks to queue
[2024-10-06T23:14:28.080+0000] {logging_mixin.py:154} INFO - [2024-10-06T23:14:28.080+0000] {dagbag.py:536} INFO - Filling up the DagBag from /home/airflow/.local/lib/python3.8/site-packages/airflow/example_dags/example_dag_decorator.py
[2024-10-06T23:14:28.120+0000] {processor.py:839} INFO - DAG(s) dict_keys(['example_dag_decorator']) retrieved from /home/airflow/.local/lib/python3.8/site-packages/airflow/example_dags/example_dag_decorator.py
[2024-10-06T23:14:28.160+0000] {logging_mixin.py:154} INFO - [2024-10-06T23:14:28.160+0000] {dag.py:2941} INFO - Sync 1 DAGs
[2024-10-06T23:14:28.165+0000] {logging_mixin.py:154} INFO - [2024-10-06T23:14:28.164+0000] {dag.py:3722} INFO - Setting next_dagrun for example_dag_decorator to None, run_after=None
[2024-10-06T23:14:28.171+0000] {processor.py:179} INFO - Processing /home/airflow/.local/lib/python3.8/site-packages/airflow/example_dags/example_dag_decorator.py took 0.094 seconds
[2024-10-06T23:14:58.523+0000] {processor.py:157} INFO - Started process (PID=29040) to work on /home/airflow/.local/lib/python3.8/site-packages/airflow/example_dags/example_dag_decorator.py
[2024-10-06T23:14:58.523+0000] {processor.py:829} INFO - Processing file /home/airflow/.local/lib/python3.8/site-packages/airflow/example_dags/example_dag_decorator.py for tasks to queue
[2024-10-06T23:14:58.524+0000] {logging_mixin.py:154} INFO - [2024-10-06T23:14:58.524+0000] {dagbag.py:536} INFO - Filling up the DagBag from /home/airflow/.local/lib/python3.8/site-packages/airflow/example_dags/example_dag_decorator.py
[2024-10-06T23:14:58.563+0000] {processor.py:839} INFO - DAG(s) dict_keys(['example_dag_decorator']) retrieved from /home/airflow/.local/lib/python3.8/site-packages/airflow/example_dags/example_dag_decorator.py
[2024-10-06T23:14:58.603+0000] {logging_mixin.py:154} INFO - [2024-10-06T23:14:58.602+0000] {dag.py:2941} INFO - Sync 1 DAGs
[2024-10-06T23:14:58.607+0000] {logging_mixin.py:154} INFO - [2024-10-06T23:14:58.607+0000] {dag.py:3722} INFO - Setting next_dagrun for example_dag_decorator to None, run_after=None
[2024-10-06T23:14:58.615+0000] {processor.py:179} INFO - Processing /home/airflow/.local/lib/python3.8/site-packages/airflow/example_dags/example_dag_decorator.py took 0.093 seconds
[2024-10-06T23:15:28.905+0000] {processor.py:157} INFO - Started process (PID=29094) to work on /home/airflow/.local/lib/python3.8/site-packages/airflow/example_dags/example_dag_decorator.py
[2024-10-06T23:15:28.906+0000] {processor.py:829} INFO - Processing file /home/airflow/.local/lib/python3.8/site-packages/airflow/example_dags/example_dag_decorator.py for tasks to queue
[2024-10-06T23:15:28.907+0000] {logging_mixin.py:154} INFO - [2024-10-06T23:15:28.907+0000] {dagbag.py:536} INFO - Filling up the DagBag from /home/airflow/.local/lib/python3.8/site-packages/airflow/example_dags/example_dag_decorator.py
[2024-10-06T23:15:28.943+0000] {processor.py:839} INFO - DAG(s) dict_keys(['example_dag_decorator']) retrieved from /home/airflow/.local/lib/python3.8/site-packages/airflow/example_dags/example_dag_decorator.py
[2024-10-06T23:15:28.978+0000] {logging_mixin.py:154} INFO - [2024-10-06T23:15:28.978+0000] {dag.py:2941} INFO - Sync 1 DAGs
[2024-10-06T23:15:28.982+0000] {logging_mixin.py:154} INFO - [2024-10-06T23:15:28.982+0000] {dag.py:3722} INFO - Setting next_dagrun for example_dag_decorator to None, run_after=None
[2024-10-06T23:15:28.989+0000] {processor.py:179} INFO - Processing /home/airflow/.local/lib/python3.8/site-packages/airflow/example_dags/example_dag_decorator.py took 0.085 seconds
[2024-10-06T23:54:56.529+0000] {processor.py:157} INFO - Started process (PID=29141) to work on /home/airflow/.local/lib/python3.8/site-packages/airflow/example_dags/example_dag_decorator.py
[2024-10-06T23:54:56.530+0000] {processor.py:829} INFO - Processing file /home/airflow/.local/lib/python3.8/site-packages/airflow/example_dags/example_dag_decorator.py for tasks to queue
[2024-10-06T23:54:56.532+0000] {logging_mixin.py:154} INFO - [2024-10-06T23:54:56.532+0000] {dagbag.py:536} INFO - Filling up the DagBag from /home/airflow/.local/lib/python3.8/site-packages/airflow/example_dags/example_dag_decorator.py
[2024-10-06T23:54:56.592+0000] {processor.py:839} INFO - DAG(s) dict_keys(['example_dag_decorator']) retrieved from /home/airflow/.local/lib/python3.8/site-packages/airflow/example_dags/example_dag_decorator.py
[2024-10-06T23:54:56.664+0000] {logging_mixin.py:154} INFO - [2024-10-06T23:54:56.663+0000] {dag.py:2941} INFO - Sync 1 DAGs
[2024-10-06T23:54:56.672+0000] {logging_mixin.py:154} INFO - [2024-10-06T23:54:56.671+0000] {dag.py:3722} INFO - Setting next_dagrun for example_dag_decorator to None, run_after=None
[2024-10-06T23:54:56.686+0000] {processor.py:179} INFO - Processing /home/airflow/.local/lib/python3.8/site-packages/airflow/example_dags/example_dag_decorator.py took 0.161 seconds
