[2024-10-06T00:48:01.976+0000] {processor.py:157} INFO - Started process (PID=25808) to work on /home/airflow/.local/lib/python3.8/site-packages/airflow/example_dags/example_params_trigger_ui.py
[2024-10-06T00:48:01.976+0000] {processor.py:829} INFO - Processing file /home/airflow/.local/lib/python3.8/site-packages/airflow/example_dags/example_params_trigger_ui.py for tasks to queue
[2024-10-06T00:48:01.977+0000] {logging_mixin.py:154} INFO - [2024-10-06T00:48:01.977+0000] {dagbag.py:536} INFO - Filling up the DagBag from /home/airflow/.local/lib/python3.8/site-packages/airflow/example_dags/example_params_trigger_ui.py
[2024-10-06T00:48:01.989+0000] {processor.py:839} INFO - DAG(s) dict_keys(['example_params_trigger_ui']) retrieved from /home/airflow/.local/lib/python3.8/site-packages/airflow/example_dags/example_params_trigger_ui.py
[2024-10-06T00:48:02.010+0000] {logging_mixin.py:154} INFO - [2024-10-06T00:48:02.010+0000] {dag.py:2941} INFO - Sync 1 DAGs
[2024-10-06T00:48:02.015+0000] {logging_mixin.py:154} INFO - [2024-10-06T00:48:02.015+0000] {dag.py:3722} INFO - Setting next_dagrun for example_params_trigger_ui to None, run_after=None
[2024-10-06T00:48:02.021+0000] {processor.py:179} INFO - Processing /home/airflow/.local/lib/python3.8/site-packages/airflow/example_dags/example_params_trigger_ui.py took 0.047 seconds
[2024-10-06T00:59:19.089+0000] {processor.py:157} INFO - Started process (PID=25862) to work on /home/airflow/.local/lib/python3.8/site-packages/airflow/example_dags/example_params_trigger_ui.py
[2024-10-06T00:59:19.090+0000] {processor.py:829} INFO - Processing file /home/airflow/.local/lib/python3.8/site-packages/airflow/example_dags/example_params_trigger_ui.py for tasks to queue
[2024-10-06T00:59:19.092+0000] {logging_mixin.py:154} INFO - [2024-10-06T00:59:19.092+0000] {dagbag.py:536} INFO - Filling up the DagBag from /home/airflow/.local/lib/python3.8/site-packages/airflow/example_dags/example_params_trigger_ui.py
[2024-10-06T00:59:19.108+0000] {processor.py:839} INFO - DAG(s) dict_keys(['example_params_trigger_ui']) retrieved from /home/airflow/.local/lib/python3.8/site-packages/airflow/example_dags/example_params_trigger_ui.py
[2024-10-06T00:59:19.131+0000] {logging_mixin.py:154} INFO - [2024-10-06T00:59:19.130+0000] {dag.py:2941} INFO - Sync 1 DAGs
[2024-10-06T00:59:19.137+0000] {logging_mixin.py:154} INFO - [2024-10-06T00:59:19.137+0000] {dag.py:3722} INFO - Setting next_dagrun for example_params_trigger_ui to None, run_after=None
[2024-10-06T00:59:19.146+0000] {processor.py:179} INFO - Processing /home/airflow/.local/lib/python3.8/site-packages/airflow/example_dags/example_params_trigger_ui.py took 0.060 seconds
[2024-10-06T02:12:20.149+0000] {processor.py:157} INFO - Started process (PID=25916) to work on /home/airflow/.local/lib/python3.8/site-packages/airflow/example_dags/example_params_trigger_ui.py
[2024-10-06T02:12:20.150+0000] {processor.py:829} INFO - Processing file /home/airflow/.local/lib/python3.8/site-packages/airflow/example_dags/example_params_trigger_ui.py for tasks to queue
[2024-10-06T02:12:20.152+0000] {logging_mixin.py:154} INFO - [2024-10-06T02:12:20.151+0000] {dagbag.py:536} INFO - Filling up the DagBag from /home/airflow/.local/lib/python3.8/site-packages/airflow/example_dags/example_params_trigger_ui.py
[2024-10-06T02:12:20.164+0000] {processor.py:839} INFO - DAG(s) dict_keys(['example_params_trigger_ui']) retrieved from /home/airflow/.local/lib/python3.8/site-packages/airflow/example_dags/example_params_trigger_ui.py
[2024-10-06T02:12:20.188+0000] {logging_mixin.py:154} INFO - [2024-10-06T02:12:20.188+0000] {dag.py:2941} INFO - Sync 1 DAGs
[2024-10-06T02:12:20.196+0000] {logging_mixin.py:154} INFO - [2024-10-06T02:12:20.195+0000] {dag.py:3722} INFO - Setting next_dagrun for example_params_trigger_ui to None, run_after=None
[2024-10-06T02:12:20.207+0000] {processor.py:179} INFO - Processing /home/airflow/.local/lib/python3.8/site-packages/airflow/example_dags/example_params_trigger_ui.py took 0.060 seconds
[2024-10-06T02:48:47.336+0000] {processor.py:157} INFO - Started process (PID=25970) to work on /home/airflow/.local/lib/python3.8/site-packages/airflow/example_dags/example_params_trigger_ui.py
[2024-10-06T02:48:47.337+0000] {processor.py:829} INFO - Processing file /home/airflow/.local/lib/python3.8/site-packages/airflow/example_dags/example_params_trigger_ui.py for tasks to queue
[2024-10-06T02:48:47.338+0000] {logging_mixin.py:154} INFO - [2024-10-06T02:48:47.337+0000] {dagbag.py:536} INFO - Filling up the DagBag from /home/airflow/.local/lib/python3.8/site-packages/airflow/example_dags/example_params_trigger_ui.py
[2024-10-06T02:48:47.348+0000] {processor.py:839} INFO - DAG(s) dict_keys(['example_params_trigger_ui']) retrieved from /home/airflow/.local/lib/python3.8/site-packages/airflow/example_dags/example_params_trigger_ui.py
[2024-10-06T02:48:47.368+0000] {logging_mixin.py:154} INFO - [2024-10-06T02:48:47.367+0000] {dag.py:2941} INFO - Sync 1 DAGs
[2024-10-06T02:48:47.373+0000] {logging_mixin.py:154} INFO - [2024-10-06T02:48:47.373+0000] {dag.py:3722} INFO - Setting next_dagrun for example_params_trigger_ui to None, run_after=None
[2024-10-06T02:48:47.379+0000] {processor.py:179} INFO - Processing /home/airflow/.local/lib/python3.8/site-packages/airflow/example_dags/example_params_trigger_ui.py took 0.044 seconds
[2024-10-06T03:19:22.971+0000] {processor.py:157} INFO - Started process (PID=26024) to work on /home/airflow/.local/lib/python3.8/site-packages/airflow/example_dags/example_params_trigger_ui.py
[2024-10-06T03:19:22.972+0000] {processor.py:829} INFO - Processing file /home/airflow/.local/lib/python3.8/site-packages/airflow/example_dags/example_params_trigger_ui.py for tasks to queue
[2024-10-06T03:19:22.974+0000] {logging_mixin.py:154} INFO - [2024-10-06T03:19:22.973+0000] {dagbag.py:536} INFO - Filling up the DagBag from /home/airflow/.local/lib/python3.8/site-packages/airflow/example_dags/example_params_trigger_ui.py
[2024-10-06T03:19:22.986+0000] {processor.py:839} INFO - DAG(s) dict_keys(['example_params_trigger_ui']) retrieved from /home/airflow/.local/lib/python3.8/site-packages/airflow/example_dags/example_params_trigger_ui.py
[2024-10-06T03:19:23.005+0000] {logging_mixin.py:154} INFO - [2024-10-06T03:19:23.004+0000] {dag.py:2941} INFO - Sync 1 DAGs
[2024-10-06T03:19:23.010+0000] {logging_mixin.py:154} INFO - [2024-10-06T03:19:23.010+0000] {dag.py:3722} INFO - Setting next_dagrun for example_params_trigger_ui to None, run_after=None
[2024-10-06T03:19:23.016+0000] {processor.py:179} INFO - Processing /home/airflow/.local/lib/python3.8/site-packages/airflow/example_dags/example_params_trigger_ui.py took 0.047 seconds
[2024-10-06T04:34:56.571+0000] {processor.py:157} INFO - Started process (PID=26078) to work on /home/airflow/.local/lib/python3.8/site-packages/airflow/example_dags/example_params_trigger_ui.py
[2024-10-06T04:34:56.572+0000] {processor.py:829} INFO - Processing file /home/airflow/.local/lib/python3.8/site-packages/airflow/example_dags/example_params_trigger_ui.py for tasks to queue
[2024-10-06T04:34:56.573+0000] {logging_mixin.py:154} INFO - [2024-10-06T04:34:56.573+0000] {dagbag.py:536} INFO - Filling up the DagBag from /home/airflow/.local/lib/python3.8/site-packages/airflow/example_dags/example_params_trigger_ui.py
[2024-10-06T04:34:56.584+0000] {processor.py:839} INFO - DAG(s) dict_keys(['example_params_trigger_ui']) retrieved from /home/airflow/.local/lib/python3.8/site-packages/airflow/example_dags/example_params_trigger_ui.py
[2024-10-06T04:34:56.603+0000] {logging_mixin.py:154} INFO - [2024-10-06T04:34:56.603+0000] {dag.py:2941} INFO - Sync 1 DAGs
[2024-10-06T04:34:56.608+0000] {logging_mixin.py:154} INFO - [2024-10-06T04:34:56.608+0000] {dag.py:3722} INFO - Setting next_dagrun for example_params_trigger_ui to None, run_after=None
[2024-10-06T04:34:56.614+0000] {processor.py:179} INFO - Processing /home/airflow/.local/lib/python3.8/site-packages/airflow/example_dags/example_params_trigger_ui.py took 0.045 seconds
[2024-10-06T05:54:01.358+0000] {processor.py:157} INFO - Started process (PID=26132) to work on /home/airflow/.local/lib/python3.8/site-packages/airflow/example_dags/example_params_trigger_ui.py
[2024-10-06T05:54:01.358+0000] {processor.py:829} INFO - Processing file /home/airflow/.local/lib/python3.8/site-packages/airflow/example_dags/example_params_trigger_ui.py for tasks to queue
[2024-10-06T05:54:01.360+0000] {logging_mixin.py:154} INFO - [2024-10-06T05:54:01.360+0000] {dagbag.py:536} INFO - Filling up the DagBag from /home/airflow/.local/lib/python3.8/site-packages/airflow/example_dags/example_params_trigger_ui.py
[2024-10-06T05:54:01.374+0000] {processor.py:839} INFO - DAG(s) dict_keys(['example_params_trigger_ui']) retrieved from /home/airflow/.local/lib/python3.8/site-packages/airflow/example_dags/example_params_trigger_ui.py
[2024-10-06T05:54:01.400+0000] {logging_mixin.py:154} INFO - [2024-10-06T05:54:01.399+0000] {dag.py:2941} INFO - Sync 1 DAGs
[2024-10-06T05:54:01.407+0000] {logging_mixin.py:154} INFO - [2024-10-06T05:54:01.407+0000] {dag.py:3722} INFO - Setting next_dagrun for example_params_trigger_ui to None, run_after=None
[2024-10-06T05:54:01.418+0000] {processor.py:179} INFO - Processing /home/airflow/.local/lib/python3.8/site-packages/airflow/example_dags/example_params_trigger_ui.py took 0.063 seconds
[2024-10-06T06:41:07.144+0000] {processor.py:157} INFO - Started process (PID=26186) to work on /home/airflow/.local/lib/python3.8/site-packages/airflow/example_dags/example_params_trigger_ui.py
[2024-10-06T06:41:07.144+0000] {processor.py:829} INFO - Processing file /home/airflow/.local/lib/python3.8/site-packages/airflow/example_dags/example_params_trigger_ui.py for tasks to queue
[2024-10-06T06:41:07.146+0000] {logging_mixin.py:154} INFO - [2024-10-06T06:41:07.146+0000] {dagbag.py:536} INFO - Filling up the DagBag from /home/airflow/.local/lib/python3.8/site-packages/airflow/example_dags/example_params_trigger_ui.py
[2024-10-06T06:41:07.160+0000] {processor.py:839} INFO - DAG(s) dict_keys(['example_params_trigger_ui']) retrieved from /home/airflow/.local/lib/python3.8/site-packages/airflow/example_dags/example_params_trigger_ui.py
[2024-10-06T06:41:07.184+0000] {logging_mixin.py:154} INFO - [2024-10-06T06:41:07.184+0000] {dag.py:2941} INFO - Sync 1 DAGs
[2024-10-06T06:41:07.191+0000] {logging_mixin.py:154} INFO - [2024-10-06T06:41:07.191+0000] {dag.py:3722} INFO - Setting next_dagrun for example_params_trigger_ui to None, run_after=None
[2024-10-06T06:41:07.201+0000] {processor.py:179} INFO - Processing /home/airflow/.local/lib/python3.8/site-packages/airflow/example_dags/example_params_trigger_ui.py took 0.060 seconds
[2024-10-06T08:19:29.810+0000] {processor.py:157} INFO - Started process (PID=26240) to work on /home/airflow/.local/lib/python3.8/site-packages/airflow/example_dags/example_params_trigger_ui.py
[2024-10-06T08:19:29.811+0000] {processor.py:829} INFO - Processing file /home/airflow/.local/lib/python3.8/site-packages/airflow/example_dags/example_params_trigger_ui.py for tasks to queue
[2024-10-06T08:19:29.814+0000] {logging_mixin.py:154} INFO - [2024-10-06T08:19:29.813+0000] {dagbag.py:536} INFO - Filling up the DagBag from /home/airflow/.local/lib/python3.8/site-packages/airflow/example_dags/example_params_trigger_ui.py
[2024-10-06T08:19:29.829+0000] {processor.py:839} INFO - DAG(s) dict_keys(['example_params_trigger_ui']) retrieved from /home/airflow/.local/lib/python3.8/site-packages/airflow/example_dags/example_params_trigger_ui.py
[2024-10-06T08:19:29.854+0000] {logging_mixin.py:154} INFO - [2024-10-06T08:19:29.853+0000] {dag.py:2941} INFO - Sync 1 DAGs
[2024-10-06T08:19:29.860+0000] {logging_mixin.py:154} INFO - [2024-10-06T08:19:29.860+0000] {dag.py:3722} INFO - Setting next_dagrun for example_params_trigger_ui to None, run_after=None
[2024-10-06T08:19:29.870+0000] {processor.py:179} INFO - Processing /home/airflow/.local/lib/python3.8/site-packages/airflow/example_dags/example_params_trigger_ui.py took 0.062 seconds
[2024-10-06T09:31:45.774+0000] {processor.py:157} INFO - Started process (PID=26294) to work on /home/airflow/.local/lib/python3.8/site-packages/airflow/example_dags/example_params_trigger_ui.py
[2024-10-06T09:31:45.774+0000] {processor.py:829} INFO - Processing file /home/airflow/.local/lib/python3.8/site-packages/airflow/example_dags/example_params_trigger_ui.py for tasks to queue
[2024-10-06T09:31:45.775+0000] {logging_mixin.py:154} INFO - [2024-10-06T09:31:45.775+0000] {dagbag.py:536} INFO - Filling up the DagBag from /home/airflow/.local/lib/python3.8/site-packages/airflow/example_dags/example_params_trigger_ui.py
[2024-10-06T09:31:45.785+0000] {processor.py:839} INFO - DAG(s) dict_keys(['example_params_trigger_ui']) retrieved from /home/airflow/.local/lib/python3.8/site-packages/airflow/example_dags/example_params_trigger_ui.py
[2024-10-06T09:31:45.804+0000] {logging_mixin.py:154} INFO - [2024-10-06T09:31:45.804+0000] {dag.py:2941} INFO - Sync 1 DAGs
[2024-10-06T09:31:45.809+0000] {logging_mixin.py:154} INFO - [2024-10-06T09:31:45.809+0000] {dag.py:3722} INFO - Setting next_dagrun for example_params_trigger_ui to None, run_after=None
[2024-10-06T09:31:45.816+0000] {processor.py:179} INFO - Processing /home/airflow/.local/lib/python3.8/site-packages/airflow/example_dags/example_params_trigger_ui.py took 0.043 seconds
[2024-10-06T10:45:25.662+0000] {processor.py:157} INFO - Started process (PID=26348) to work on /home/airflow/.local/lib/python3.8/site-packages/airflow/example_dags/example_params_trigger_ui.py
[2024-10-06T10:45:25.663+0000] {processor.py:829} INFO - Processing file /home/airflow/.local/lib/python3.8/site-packages/airflow/example_dags/example_params_trigger_ui.py for tasks to queue
[2024-10-06T10:45:25.664+0000] {logging_mixin.py:154} INFO - [2024-10-06T10:45:25.664+0000] {dagbag.py:536} INFO - Filling up the DagBag from /home/airflow/.local/lib/python3.8/site-packages/airflow/example_dags/example_params_trigger_ui.py
[2024-10-06T10:45:25.678+0000] {processor.py:839} INFO - DAG(s) dict_keys(['example_params_trigger_ui']) retrieved from /home/airflow/.local/lib/python3.8/site-packages/airflow/example_dags/example_params_trigger_ui.py
[2024-10-06T10:45:25.702+0000] {logging_mixin.py:154} INFO - [2024-10-06T10:45:25.702+0000] {dag.py:2941} INFO - Sync 1 DAGs
[2024-10-06T10:45:25.709+0000] {logging_mixin.py:154} INFO - [2024-10-06T10:45:25.709+0000] {dag.py:3722} INFO - Setting next_dagrun for example_params_trigger_ui to None, run_after=None
[2024-10-06T10:45:25.718+0000] {processor.py:179} INFO - Processing /home/airflow/.local/lib/python3.8/site-packages/airflow/example_dags/example_params_trigger_ui.py took 0.058 seconds
[2024-10-06T11:46:26.048+0000] {processor.py:157} INFO - Started process (PID=26402) to work on /home/airflow/.local/lib/python3.8/site-packages/airflow/example_dags/example_params_trigger_ui.py
[2024-10-06T11:46:26.048+0000] {processor.py:829} INFO - Processing file /home/airflow/.local/lib/python3.8/site-packages/airflow/example_dags/example_params_trigger_ui.py for tasks to queue
[2024-10-06T11:46:26.049+0000] {logging_mixin.py:154} INFO - [2024-10-06T11:46:26.049+0000] {dagbag.py:536} INFO - Filling up the DagBag from /home/airflow/.local/lib/python3.8/site-packages/airflow/example_dags/example_params_trigger_ui.py
[2024-10-06T11:46:26.059+0000] {processor.py:839} INFO - DAG(s) dict_keys(['example_params_trigger_ui']) retrieved from /home/airflow/.local/lib/python3.8/site-packages/airflow/example_dags/example_params_trigger_ui.py
[2024-10-06T11:46:26.077+0000] {logging_mixin.py:154} INFO - [2024-10-06T11:46:26.076+0000] {dag.py:2941} INFO - Sync 1 DAGs
[2024-10-06T11:46:26.081+0000] {logging_mixin.py:154} INFO - [2024-10-06T11:46:26.081+0000] {dag.py:3722} INFO - Setting next_dagrun for example_params_trigger_ui to None, run_after=None
[2024-10-06T11:46:26.087+0000] {processor.py:179} INFO - Processing /home/airflow/.local/lib/python3.8/site-packages/airflow/example_dags/example_params_trigger_ui.py took 0.041 seconds
[2024-10-06T12:33:57.609+0000] {processor.py:157} INFO - Started process (PID=26456) to work on /home/airflow/.local/lib/python3.8/site-packages/airflow/example_dags/example_params_trigger_ui.py
[2024-10-06T12:33:57.609+0000] {processor.py:829} INFO - Processing file /home/airflow/.local/lib/python3.8/site-packages/airflow/example_dags/example_params_trigger_ui.py for tasks to queue
[2024-10-06T12:33:57.610+0000] {logging_mixin.py:154} INFO - [2024-10-06T12:33:57.610+0000] {dagbag.py:536} INFO - Filling up the DagBag from /home/airflow/.local/lib/python3.8/site-packages/airflow/example_dags/example_params_trigger_ui.py
[2024-10-06T12:33:57.621+0000] {processor.py:839} INFO - DAG(s) dict_keys(['example_params_trigger_ui']) retrieved from /home/airflow/.local/lib/python3.8/site-packages/airflow/example_dags/example_params_trigger_ui.py
[2024-10-06T12:33:57.640+0000] {logging_mixin.py:154} INFO - [2024-10-06T12:33:57.640+0000] {dag.py:2941} INFO - Sync 1 DAGs
[2024-10-06T12:33:57.645+0000] {logging_mixin.py:154} INFO - [2024-10-06T12:33:57.645+0000] {dag.py:3722} INFO - Setting next_dagrun for example_params_trigger_ui to None, run_after=None
[2024-10-06T12:33:57.651+0000] {processor.py:179} INFO - Processing /home/airflow/.local/lib/python3.8/site-packages/airflow/example_dags/example_params_trigger_ui.py took 0.044 seconds
[2024-10-06T13:17:28.333+0000] {processor.py:157} INFO - Started process (PID=26510) to work on /home/airflow/.local/lib/python3.8/site-packages/airflow/example_dags/example_params_trigger_ui.py
[2024-10-06T13:17:28.333+0000] {processor.py:829} INFO - Processing file /home/airflow/.local/lib/python3.8/site-packages/airflow/example_dags/example_params_trigger_ui.py for tasks to queue
[2024-10-06T13:17:28.334+0000] {logging_mixin.py:154} INFO - [2024-10-06T13:17:28.334+0000] {dagbag.py:536} INFO - Filling up the DagBag from /home/airflow/.local/lib/python3.8/site-packages/airflow/example_dags/example_params_trigger_ui.py
[2024-10-06T13:17:28.345+0000] {processor.py:839} INFO - DAG(s) dict_keys(['example_params_trigger_ui']) retrieved from /home/airflow/.local/lib/python3.8/site-packages/airflow/example_dags/example_params_trigger_ui.py
[2024-10-06T13:17:28.362+0000] {logging_mixin.py:154} INFO - [2024-10-06T13:17:28.362+0000] {dag.py:2941} INFO - Sync 1 DAGs
[2024-10-06T13:17:28.367+0000] {logging_mixin.py:154} INFO - [2024-10-06T13:17:28.367+0000] {dag.py:3722} INFO - Setting next_dagrun for example_params_trigger_ui to None, run_after=None
[2024-10-06T13:17:28.373+0000] {processor.py:179} INFO - Processing /home/airflow/.local/lib/python3.8/site-packages/airflow/example_dags/example_params_trigger_ui.py took 0.042 seconds
[2024-10-06T14:49:26.711+0000] {processor.py:157} INFO - Started process (PID=26564) to work on /home/airflow/.local/lib/python3.8/site-packages/airflow/example_dags/example_params_trigger_ui.py
[2024-10-06T14:49:26.711+0000] {processor.py:829} INFO - Processing file /home/airflow/.local/lib/python3.8/site-packages/airflow/example_dags/example_params_trigger_ui.py for tasks to queue
[2024-10-06T14:49:26.712+0000] {logging_mixin.py:154} INFO - [2024-10-06T14:49:26.712+0000] {dagbag.py:536} INFO - Filling up the DagBag from /home/airflow/.local/lib/python3.8/site-packages/airflow/example_dags/example_params_trigger_ui.py
[2024-10-06T14:49:26.723+0000] {processor.py:839} INFO - DAG(s) dict_keys(['example_params_trigger_ui']) retrieved from /home/airflow/.local/lib/python3.8/site-packages/airflow/example_dags/example_params_trigger_ui.py
[2024-10-06T14:49:26.742+0000] {logging_mixin.py:154} INFO - [2024-10-06T14:49:26.742+0000] {dag.py:2941} INFO - Sync 1 DAGs
[2024-10-06T14:49:26.747+0000] {logging_mixin.py:154} INFO - [2024-10-06T14:49:26.747+0000] {dag.py:3722} INFO - Setting next_dagrun for example_params_trigger_ui to None, run_after=None
[2024-10-06T14:49:26.754+0000] {processor.py:179} INFO - Processing /home/airflow/.local/lib/python3.8/site-packages/airflow/example_dags/example_params_trigger_ui.py took 0.044 seconds
[2024-10-06T15:50:31.009+0000] {processor.py:157} INFO - Started process (PID=26618) to work on /home/airflow/.local/lib/python3.8/site-packages/airflow/example_dags/example_params_trigger_ui.py
[2024-10-06T15:50:31.009+0000] {processor.py:829} INFO - Processing file /home/airflow/.local/lib/python3.8/site-packages/airflow/example_dags/example_params_trigger_ui.py for tasks to queue
[2024-10-06T15:50:31.011+0000] {logging_mixin.py:154} INFO - [2024-10-06T15:50:31.010+0000] {dagbag.py:536} INFO - Filling up the DagBag from /home/airflow/.local/lib/python3.8/site-packages/airflow/example_dags/example_params_trigger_ui.py
[2024-10-06T15:50:31.023+0000] {processor.py:839} INFO - DAG(s) dict_keys(['example_params_trigger_ui']) retrieved from /home/airflow/.local/lib/python3.8/site-packages/airflow/example_dags/example_params_trigger_ui.py
[2024-10-06T15:50:31.044+0000] {logging_mixin.py:154} INFO - [2024-10-06T15:50:31.044+0000] {dag.py:2941} INFO - Sync 1 DAGs
[2024-10-06T15:50:31.051+0000] {logging_mixin.py:154} INFO - [2024-10-06T15:50:31.051+0000] {dag.py:3722} INFO - Setting next_dagrun for example_params_trigger_ui to None, run_after=None
[2024-10-06T15:50:31.060+0000] {processor.py:179} INFO - Processing /home/airflow/.local/lib/python3.8/site-packages/airflow/example_dags/example_params_trigger_ui.py took 0.053 seconds
[2024-10-06T16:11:24.063+0000] {processor.py:157} INFO - Started process (PID=26672) to work on /home/airflow/.local/lib/python3.8/site-packages/airflow/example_dags/example_params_trigger_ui.py
[2024-10-06T16:11:24.063+0000] {processor.py:829} INFO - Processing file /home/airflow/.local/lib/python3.8/site-packages/airflow/example_dags/example_params_trigger_ui.py for tasks to queue
[2024-10-06T16:11:24.064+0000] {logging_mixin.py:154} INFO - [2024-10-06T16:11:24.064+0000] {dagbag.py:536} INFO - Filling up the DagBag from /home/airflow/.local/lib/python3.8/site-packages/airflow/example_dags/example_params_trigger_ui.py
[2024-10-06T16:11:24.075+0000] {processor.py:839} INFO - DAG(s) dict_keys(['example_params_trigger_ui']) retrieved from /home/airflow/.local/lib/python3.8/site-packages/airflow/example_dags/example_params_trigger_ui.py
[2024-10-06T16:11:24.094+0000] {logging_mixin.py:154} INFO - [2024-10-06T16:11:24.094+0000] {dag.py:2941} INFO - Sync 1 DAGs
[2024-10-06T16:11:24.100+0000] {logging_mixin.py:154} INFO - [2024-10-06T16:11:24.100+0000] {dag.py:3722} INFO - Setting next_dagrun for example_params_trigger_ui to None, run_after=None
[2024-10-06T16:11:24.107+0000] {processor.py:179} INFO - Processing /home/airflow/.local/lib/python3.8/site-packages/airflow/example_dags/example_params_trigger_ui.py took 0.046 seconds
[2024-10-06T16:17:00.838+0000] {processor.py:157} INFO - Started process (PID=26726) to work on /home/airflow/.local/lib/python3.8/site-packages/airflow/example_dags/example_params_trigger_ui.py
[2024-10-06T16:17:00.838+0000] {processor.py:829} INFO - Processing file /home/airflow/.local/lib/python3.8/site-packages/airflow/example_dags/example_params_trigger_ui.py for tasks to queue
[2024-10-06T16:17:00.839+0000] {logging_mixin.py:154} INFO - [2024-10-06T16:17:00.839+0000] {dagbag.py:536} INFO - Filling up the DagBag from /home/airflow/.local/lib/python3.8/site-packages/airflow/example_dags/example_params_trigger_ui.py
[2024-10-06T16:17:00.849+0000] {processor.py:839} INFO - DAG(s) dict_keys(['example_params_trigger_ui']) retrieved from /home/airflow/.local/lib/python3.8/site-packages/airflow/example_dags/example_params_trigger_ui.py
[2024-10-06T16:17:00.868+0000] {logging_mixin.py:154} INFO - [2024-10-06T16:17:00.868+0000] {dag.py:2941} INFO - Sync 1 DAGs
[2024-10-06T16:17:00.873+0000] {logging_mixin.py:154} INFO - [2024-10-06T16:17:00.873+0000] {dag.py:3722} INFO - Setting next_dagrun for example_params_trigger_ui to None, run_after=None
[2024-10-06T16:17:00.879+0000] {processor.py:179} INFO - Processing /home/airflow/.local/lib/python3.8/site-packages/airflow/example_dags/example_params_trigger_ui.py took 0.043 seconds
[2024-10-06T17:25:37.732+0000] {processor.py:157} INFO - Started process (PID=26780) to work on /home/airflow/.local/lib/python3.8/site-packages/airflow/example_dags/example_params_trigger_ui.py
[2024-10-06T17:25:37.732+0000] {processor.py:829} INFO - Processing file /home/airflow/.local/lib/python3.8/site-packages/airflow/example_dags/example_params_trigger_ui.py for tasks to queue
[2024-10-06T17:25:37.733+0000] {logging_mixin.py:154} INFO - [2024-10-06T17:25:37.733+0000] {dagbag.py:536} INFO - Filling up the DagBag from /home/airflow/.local/lib/python3.8/site-packages/airflow/example_dags/example_params_trigger_ui.py
[2024-10-06T17:25:37.743+0000] {processor.py:839} INFO - DAG(s) dict_keys(['example_params_trigger_ui']) retrieved from /home/airflow/.local/lib/python3.8/site-packages/airflow/example_dags/example_params_trigger_ui.py
[2024-10-06T17:25:37.760+0000] {logging_mixin.py:154} INFO - [2024-10-06T17:25:37.760+0000] {dag.py:2941} INFO - Sync 1 DAGs
[2024-10-06T17:25:37.764+0000] {logging_mixin.py:154} INFO - [2024-10-06T17:25:37.764+0000] {dag.py:3722} INFO - Setting next_dagrun for example_params_trigger_ui to None, run_after=None
[2024-10-06T17:25:37.770+0000] {processor.py:179} INFO - Processing /home/airflow/.local/lib/python3.8/site-packages/airflow/example_dags/example_params_trigger_ui.py took 0.040 seconds
[2024-10-06T17:48:10.617+0000] {processor.py:157} INFO - Started process (PID=26834) to work on /home/airflow/.local/lib/python3.8/site-packages/airflow/example_dags/example_params_trigger_ui.py
[2024-10-06T17:48:10.618+0000] {processor.py:829} INFO - Processing file /home/airflow/.local/lib/python3.8/site-packages/airflow/example_dags/example_params_trigger_ui.py for tasks to queue
[2024-10-06T17:48:10.619+0000] {logging_mixin.py:154} INFO - [2024-10-06T17:48:10.619+0000] {dagbag.py:536} INFO - Filling up the DagBag from /home/airflow/.local/lib/python3.8/site-packages/airflow/example_dags/example_params_trigger_ui.py
[2024-10-06T17:48:10.629+0000] {processor.py:839} INFO - DAG(s) dict_keys(['example_params_trigger_ui']) retrieved from /home/airflow/.local/lib/python3.8/site-packages/airflow/example_dags/example_params_trigger_ui.py
[2024-10-06T17:48:10.648+0000] {logging_mixin.py:154} INFO - [2024-10-06T17:48:10.648+0000] {dag.py:2941} INFO - Sync 1 DAGs
[2024-10-06T17:48:10.652+0000] {logging_mixin.py:154} INFO - [2024-10-06T17:48:10.652+0000] {dag.py:3722} INFO - Setting next_dagrun for example_params_trigger_ui to None, run_after=None
[2024-10-06T17:48:10.659+0000] {processor.py:179} INFO - Processing /home/airflow/.local/lib/python3.8/site-packages/airflow/example_dags/example_params_trigger_ui.py took 0.043 seconds
[2024-10-06T18:17:58.555+0000] {processor.py:157} INFO - Started process (PID=26888) to work on /home/airflow/.local/lib/python3.8/site-packages/airflow/example_dags/example_params_trigger_ui.py
[2024-10-06T18:17:58.555+0000] {processor.py:829} INFO - Processing file /home/airflow/.local/lib/python3.8/site-packages/airflow/example_dags/example_params_trigger_ui.py for tasks to queue
[2024-10-06T18:17:58.557+0000] {logging_mixin.py:154} INFO - [2024-10-06T18:17:58.557+0000] {dagbag.py:536} INFO - Filling up the DagBag from /home/airflow/.local/lib/python3.8/site-packages/airflow/example_dags/example_params_trigger_ui.py
[2024-10-06T18:17:58.570+0000] {processor.py:839} INFO - DAG(s) dict_keys(['example_params_trigger_ui']) retrieved from /home/airflow/.local/lib/python3.8/site-packages/airflow/example_dags/example_params_trigger_ui.py
[2024-10-06T18:17:58.592+0000] {logging_mixin.py:154} INFO - [2024-10-06T18:17:58.592+0000] {dag.py:2941} INFO - Sync 1 DAGs
[2024-10-06T18:17:58.599+0000] {logging_mixin.py:154} INFO - [2024-10-06T18:17:58.599+0000] {dag.py:3722} INFO - Setting next_dagrun for example_params_trigger_ui to None, run_after=None
[2024-10-06T18:17:58.607+0000] {processor.py:179} INFO - Processing /home/airflow/.local/lib/python3.8/site-packages/airflow/example_dags/example_params_trigger_ui.py took 0.054 seconds
[2024-10-06T19:43:23.127+0000] {processor.py:157} INFO - Started process (PID=26942) to work on /home/airflow/.local/lib/python3.8/site-packages/airflow/example_dags/example_params_trigger_ui.py
[2024-10-06T19:43:23.128+0000] {processor.py:829} INFO - Processing file /home/airflow/.local/lib/python3.8/site-packages/airflow/example_dags/example_params_trigger_ui.py for tasks to queue
[2024-10-06T19:43:23.129+0000] {logging_mixin.py:154} INFO - [2024-10-06T19:43:23.129+0000] {dagbag.py:536} INFO - Filling up the DagBag from /home/airflow/.local/lib/python3.8/site-packages/airflow/example_dags/example_params_trigger_ui.py
[2024-10-06T19:43:23.141+0000] {processor.py:839} INFO - DAG(s) dict_keys(['example_params_trigger_ui']) retrieved from /home/airflow/.local/lib/python3.8/site-packages/airflow/example_dags/example_params_trigger_ui.py
[2024-10-06T19:43:23.164+0000] {logging_mixin.py:154} INFO - [2024-10-06T19:43:23.164+0000] {dag.py:2941} INFO - Sync 1 DAGs
[2024-10-06T19:43:23.172+0000] {logging_mixin.py:154} INFO - [2024-10-06T19:43:23.171+0000] {dag.py:3722} INFO - Setting next_dagrun for example_params_trigger_ui to None, run_after=None
[2024-10-06T19:43:23.192+0000] {processor.py:179} INFO - Processing /home/airflow/.local/lib/python3.8/site-packages/airflow/example_dags/example_params_trigger_ui.py took 0.067 seconds
[2024-10-06T20:31:10.127+0000] {processor.py:157} INFO - Started process (PID=26996) to work on /home/airflow/.local/lib/python3.8/site-packages/airflow/example_dags/example_params_trigger_ui.py
[2024-10-06T20:31:10.128+0000] {processor.py:829} INFO - Processing file /home/airflow/.local/lib/python3.8/site-packages/airflow/example_dags/example_params_trigger_ui.py for tasks to queue
[2024-10-06T20:31:10.129+0000] {logging_mixin.py:154} INFO - [2024-10-06T20:31:10.129+0000] {dagbag.py:536} INFO - Filling up the DagBag from /home/airflow/.local/lib/python3.8/site-packages/airflow/example_dags/example_params_trigger_ui.py
[2024-10-06T20:31:10.139+0000] {processor.py:839} INFO - DAG(s) dict_keys(['example_params_trigger_ui']) retrieved from /home/airflow/.local/lib/python3.8/site-packages/airflow/example_dags/example_params_trigger_ui.py
[2024-10-06T20:31:10.156+0000] {logging_mixin.py:154} INFO - [2024-10-06T20:31:10.156+0000] {dag.py:2941} INFO - Sync 1 DAGs
[2024-10-06T20:31:10.161+0000] {logging_mixin.py:154} INFO - [2024-10-06T20:31:10.161+0000] {dag.py:3722} INFO - Setting next_dagrun for example_params_trigger_ui to None, run_after=None
[2024-10-06T20:31:10.168+0000] {processor.py:179} INFO - Processing /home/airflow/.local/lib/python3.8/site-packages/airflow/example_dags/example_params_trigger_ui.py took 0.042 seconds
[2024-10-06T20:40:15.193+0000] {processor.py:157} INFO - Started process (PID=27050) to work on /home/airflow/.local/lib/python3.8/site-packages/airflow/example_dags/example_params_trigger_ui.py
[2024-10-06T20:40:15.193+0000] {processor.py:829} INFO - Processing file /home/airflow/.local/lib/python3.8/site-packages/airflow/example_dags/example_params_trigger_ui.py for tasks to queue
[2024-10-06T20:40:15.195+0000] {logging_mixin.py:154} INFO - [2024-10-06T20:40:15.195+0000] {dagbag.py:536} INFO - Filling up the DagBag from /home/airflow/.local/lib/python3.8/site-packages/airflow/example_dags/example_params_trigger_ui.py
[2024-10-06T20:40:15.208+0000] {processor.py:839} INFO - DAG(s) dict_keys(['example_params_trigger_ui']) retrieved from /home/airflow/.local/lib/python3.8/site-packages/airflow/example_dags/example_params_trigger_ui.py
[2024-10-06T20:40:15.230+0000] {logging_mixin.py:154} INFO - [2024-10-06T20:40:15.230+0000] {dag.py:2941} INFO - Sync 1 DAGs
[2024-10-06T20:40:15.237+0000] {logging_mixin.py:154} INFO - [2024-10-06T20:40:15.237+0000] {dag.py:3722} INFO - Setting next_dagrun for example_params_trigger_ui to None, run_after=None
[2024-10-06T20:40:15.250+0000] {processor.py:179} INFO - Processing /home/airflow/.local/lib/python3.8/site-packages/airflow/example_dags/example_params_trigger_ui.py took 0.059 seconds
[2024-10-06T20:43:25.408+0000] {processor.py:157} INFO - Started process (PID=27104) to work on /home/airflow/.local/lib/python3.8/site-packages/airflow/example_dags/example_params_trigger_ui.py
[2024-10-06T20:43:25.408+0000] {processor.py:829} INFO - Processing file /home/airflow/.local/lib/python3.8/site-packages/airflow/example_dags/example_params_trigger_ui.py for tasks to queue
[2024-10-06T20:43:25.409+0000] {logging_mixin.py:154} INFO - [2024-10-06T20:43:25.409+0000] {dagbag.py:536} INFO - Filling up the DagBag from /home/airflow/.local/lib/python3.8/site-packages/airflow/example_dags/example_params_trigger_ui.py
[2024-10-06T20:43:25.420+0000] {processor.py:839} INFO - DAG(s) dict_keys(['example_params_trigger_ui']) retrieved from /home/airflow/.local/lib/python3.8/site-packages/airflow/example_dags/example_params_trigger_ui.py
[2024-10-06T20:43:25.438+0000] {logging_mixin.py:154} INFO - [2024-10-06T20:43:25.438+0000] {dag.py:2941} INFO - Sync 1 DAGs
[2024-10-06T20:43:25.443+0000] {logging_mixin.py:154} INFO - [2024-10-06T20:43:25.443+0000] {dag.py:3722} INFO - Setting next_dagrun for example_params_trigger_ui to None, run_after=None
[2024-10-06T20:43:25.449+0000] {processor.py:179} INFO - Processing /home/airflow/.local/lib/python3.8/site-packages/airflow/example_dags/example_params_trigger_ui.py took 0.043 seconds
[2024-10-06T21:12:03.778+0000] {processor.py:157} INFO - Started process (PID=27158) to work on /home/airflow/.local/lib/python3.8/site-packages/airflow/example_dags/example_params_trigger_ui.py
[2024-10-06T21:12:03.779+0000] {processor.py:829} INFO - Processing file /home/airflow/.local/lib/python3.8/site-packages/airflow/example_dags/example_params_trigger_ui.py for tasks to queue
[2024-10-06T21:12:03.780+0000] {logging_mixin.py:154} INFO - [2024-10-06T21:12:03.780+0000] {dagbag.py:536} INFO - Filling up the DagBag from /home/airflow/.local/lib/python3.8/site-packages/airflow/example_dags/example_params_trigger_ui.py
[2024-10-06T21:12:03.791+0000] {processor.py:839} INFO - DAG(s) dict_keys(['example_params_trigger_ui']) retrieved from /home/airflow/.local/lib/python3.8/site-packages/airflow/example_dags/example_params_trigger_ui.py
[2024-10-06T21:12:03.810+0000] {logging_mixin.py:154} INFO - [2024-10-06T21:12:03.810+0000] {dag.py:2941} INFO - Sync 1 DAGs
[2024-10-06T21:12:03.815+0000] {logging_mixin.py:154} INFO - [2024-10-06T21:12:03.815+0000] {dag.py:3722} INFO - Setting next_dagrun for example_params_trigger_ui to None, run_after=None
[2024-10-06T21:12:03.821+0000] {processor.py:179} INFO - Processing /home/airflow/.local/lib/python3.8/site-packages/airflow/example_dags/example_params_trigger_ui.py took 0.044 seconds
[2024-10-06T21:13:26.465+0000] {processor.py:157} INFO - Started process (PID=27212) to work on /home/airflow/.local/lib/python3.8/site-packages/airflow/example_dags/example_params_trigger_ui.py
[2024-10-06T21:13:26.466+0000] {processor.py:829} INFO - Processing file /home/airflow/.local/lib/python3.8/site-packages/airflow/example_dags/example_params_trigger_ui.py for tasks to queue
[2024-10-06T21:13:26.467+0000] {logging_mixin.py:154} INFO - [2024-10-06T21:13:26.467+0000] {dagbag.py:536} INFO - Filling up the DagBag from /home/airflow/.local/lib/python3.8/site-packages/airflow/example_dags/example_params_trigger_ui.py
[2024-10-06T21:13:26.477+0000] {processor.py:839} INFO - DAG(s) dict_keys(['example_params_trigger_ui']) retrieved from /home/airflow/.local/lib/python3.8/site-packages/airflow/example_dags/example_params_trigger_ui.py
[2024-10-06T21:13:26.496+0000] {logging_mixin.py:154} INFO - [2024-10-06T21:13:26.495+0000] {dag.py:2941} INFO - Sync 1 DAGs
[2024-10-06T21:13:26.500+0000] {logging_mixin.py:154} INFO - [2024-10-06T21:13:26.500+0000] {dag.py:3722} INFO - Setting next_dagrun for example_params_trigger_ui to None, run_after=None
[2024-10-06T21:13:26.506+0000] {processor.py:179} INFO - Processing /home/airflow/.local/lib/python3.8/site-packages/airflow/example_dags/example_params_trigger_ui.py took 0.043 seconds
[2024-10-06T21:24:00.713+0000] {processor.py:157} INFO - Started process (PID=27266) to work on /home/airflow/.local/lib/python3.8/site-packages/airflow/example_dags/example_params_trigger_ui.py
[2024-10-06T21:24:00.714+0000] {processor.py:829} INFO - Processing file /home/airflow/.local/lib/python3.8/site-packages/airflow/example_dags/example_params_trigger_ui.py for tasks to queue
[2024-10-06T21:24:00.715+0000] {logging_mixin.py:154} INFO - [2024-10-06T21:24:00.715+0000] {dagbag.py:536} INFO - Filling up the DagBag from /home/airflow/.local/lib/python3.8/site-packages/airflow/example_dags/example_params_trigger_ui.py
[2024-10-06T21:24:00.727+0000] {processor.py:839} INFO - DAG(s) dict_keys(['example_params_trigger_ui']) retrieved from /home/airflow/.local/lib/python3.8/site-packages/airflow/example_dags/example_params_trigger_ui.py
[2024-10-06T21:24:00.748+0000] {logging_mixin.py:154} INFO - [2024-10-06T21:24:00.748+0000] {dag.py:2941} INFO - Sync 1 DAGs
[2024-10-06T21:24:00.754+0000] {logging_mixin.py:154} INFO - [2024-10-06T21:24:00.754+0000] {dag.py:3722} INFO - Setting next_dagrun for example_params_trigger_ui to None, run_after=None
[2024-10-06T21:24:00.764+0000] {processor.py:179} INFO - Processing /home/airflow/.local/lib/python3.8/site-packages/airflow/example_dags/example_params_trigger_ui.py took 0.053 seconds
[2024-10-06T22:02:22.273+0000] {processor.py:157} INFO - Started process (PID=27320) to work on /home/airflow/.local/lib/python3.8/site-packages/airflow/example_dags/example_params_trigger_ui.py
[2024-10-06T22:02:22.274+0000] {processor.py:829} INFO - Processing file /home/airflow/.local/lib/python3.8/site-packages/airflow/example_dags/example_params_trigger_ui.py for tasks to queue
[2024-10-06T22:02:22.275+0000] {logging_mixin.py:154} INFO - [2024-10-06T22:02:22.274+0000] {dagbag.py:536} INFO - Filling up the DagBag from /home/airflow/.local/lib/python3.8/site-packages/airflow/example_dags/example_params_trigger_ui.py
[2024-10-06T22:02:22.285+0000] {processor.py:839} INFO - DAG(s) dict_keys(['example_params_trigger_ui']) retrieved from /home/airflow/.local/lib/python3.8/site-packages/airflow/example_dags/example_params_trigger_ui.py
[2024-10-06T22:02:22.302+0000] {logging_mixin.py:154} INFO - [2024-10-06T22:02:22.302+0000] {dag.py:2941} INFO - Sync 1 DAGs
[2024-10-06T22:02:22.307+0000] {logging_mixin.py:154} INFO - [2024-10-06T22:02:22.307+0000] {dag.py:3722} INFO - Setting next_dagrun for example_params_trigger_ui to None, run_after=None
[2024-10-06T22:02:22.313+0000] {processor.py:179} INFO - Processing /home/airflow/.local/lib/python3.8/site-packages/airflow/example_dags/example_params_trigger_ui.py took 0.042 seconds
[2024-10-06T22:28:55.281+0000] {processor.py:157} INFO - Started process (PID=27374) to work on /home/airflow/.local/lib/python3.8/site-packages/airflow/example_dags/example_params_trigger_ui.py
[2024-10-06T22:28:55.281+0000] {processor.py:829} INFO - Processing file /home/airflow/.local/lib/python3.8/site-packages/airflow/example_dags/example_params_trigger_ui.py for tasks to queue
[2024-10-06T22:28:55.283+0000] {logging_mixin.py:154} INFO - [2024-10-06T22:28:55.282+0000] {dagbag.py:536} INFO - Filling up the DagBag from /home/airflow/.local/lib/python3.8/site-packages/airflow/example_dags/example_params_trigger_ui.py
[2024-10-06T22:28:55.294+0000] {processor.py:839} INFO - DAG(s) dict_keys(['example_params_trigger_ui']) retrieved from /home/airflow/.local/lib/python3.8/site-packages/airflow/example_dags/example_params_trigger_ui.py
[2024-10-06T22:28:55.315+0000] {logging_mixin.py:154} INFO - [2024-10-06T22:28:55.315+0000] {dag.py:2941} INFO - Sync 1 DAGs
[2024-10-06T22:28:55.321+0000] {logging_mixin.py:154} INFO - [2024-10-06T22:28:55.321+0000] {dag.py:3722} INFO - Setting next_dagrun for example_params_trigger_ui to None, run_after=None
[2024-10-06T22:28:55.328+0000] {processor.py:179} INFO - Processing /home/airflow/.local/lib/python3.8/site-packages/airflow/example_dags/example_params_trigger_ui.py took 0.049 seconds
[2024-10-06T22:59:44.964+0000] {processor.py:157} INFO - Started process (PID=27428) to work on /home/airflow/.local/lib/python3.8/site-packages/airflow/example_dags/example_params_trigger_ui.py
[2024-10-06T22:59:44.965+0000] {processor.py:829} INFO - Processing file /home/airflow/.local/lib/python3.8/site-packages/airflow/example_dags/example_params_trigger_ui.py for tasks to queue
[2024-10-06T22:59:44.966+0000] {logging_mixin.py:154} INFO - [2024-10-06T22:59:44.966+0000] {dagbag.py:536} INFO - Filling up the DagBag from /home/airflow/.local/lib/python3.8/site-packages/airflow/example_dags/example_params_trigger_ui.py
[2024-10-06T22:59:44.978+0000] {processor.py:839} INFO - DAG(s) dict_keys(['example_params_trigger_ui']) retrieved from /home/airflow/.local/lib/python3.8/site-packages/airflow/example_dags/example_params_trigger_ui.py
[2024-10-06T22:59:44.998+0000] {logging_mixin.py:154} INFO - [2024-10-06T22:59:44.998+0000] {dag.py:2941} INFO - Sync 1 DAGs
[2024-10-06T22:59:45.003+0000] {logging_mixin.py:154} INFO - [2024-10-06T22:59:45.003+0000] {dag.py:3722} INFO - Setting next_dagrun for example_params_trigger_ui to None, run_after=None
[2024-10-06T22:59:45.009+0000] {processor.py:179} INFO - Processing /home/airflow/.local/lib/python3.8/site-packages/airflow/example_dags/example_params_trigger_ui.py took 0.047 seconds
[2024-10-06T23:00:15.866+0000] {processor.py:157} INFO - Started process (PID=27482) to work on /home/airflow/.local/lib/python3.8/site-packages/airflow/example_dags/example_params_trigger_ui.py
[2024-10-06T23:00:15.866+0000] {processor.py:829} INFO - Processing file /home/airflow/.local/lib/python3.8/site-packages/airflow/example_dags/example_params_trigger_ui.py for tasks to queue
[2024-10-06T23:00:15.867+0000] {logging_mixin.py:154} INFO - [2024-10-06T23:00:15.867+0000] {dagbag.py:536} INFO - Filling up the DagBag from /home/airflow/.local/lib/python3.8/site-packages/airflow/example_dags/example_params_trigger_ui.py
[2024-10-06T23:00:15.882+0000] {processor.py:839} INFO - DAG(s) dict_keys(['example_params_trigger_ui']) retrieved from /home/airflow/.local/lib/python3.8/site-packages/airflow/example_dags/example_params_trigger_ui.py
[2024-10-06T23:00:15.908+0000] {logging_mixin.py:154} INFO - [2024-10-06T23:00:15.907+0000] {dag.py:2941} INFO - Sync 1 DAGs
[2024-10-06T23:00:15.915+0000] {logging_mixin.py:154} INFO - [2024-10-06T23:00:15.915+0000] {dag.py:3722} INFO - Setting next_dagrun for example_params_trigger_ui to None, run_after=None
[2024-10-06T23:00:15.925+0000] {processor.py:179} INFO - Processing /home/airflow/.local/lib/python3.8/site-packages/airflow/example_dags/example_params_trigger_ui.py took 0.061 seconds
[2024-10-06T23:00:46.445+0000] {processor.py:157} INFO - Started process (PID=27536) to work on /home/airflow/.local/lib/python3.8/site-packages/airflow/example_dags/example_params_trigger_ui.py
[2024-10-06T23:00:46.445+0000] {processor.py:829} INFO - Processing file /home/airflow/.local/lib/python3.8/site-packages/airflow/example_dags/example_params_trigger_ui.py for tasks to queue
[2024-10-06T23:00:46.447+0000] {logging_mixin.py:154} INFO - [2024-10-06T23:00:46.446+0000] {dagbag.py:536} INFO - Filling up the DagBag from /home/airflow/.local/lib/python3.8/site-packages/airflow/example_dags/example_params_trigger_ui.py
[2024-10-06T23:00:46.458+0000] {processor.py:839} INFO - DAG(s) dict_keys(['example_params_trigger_ui']) retrieved from /home/airflow/.local/lib/python3.8/site-packages/airflow/example_dags/example_params_trigger_ui.py
[2024-10-06T23:00:46.478+0000] {logging_mixin.py:154} INFO - [2024-10-06T23:00:46.478+0000] {dag.py:2941} INFO - Sync 1 DAGs
[2024-10-06T23:00:46.484+0000] {logging_mixin.py:154} INFO - [2024-10-06T23:00:46.484+0000] {dag.py:3722} INFO - Setting next_dagrun for example_params_trigger_ui to None, run_after=None
[2024-10-06T23:00:46.495+0000] {processor.py:179} INFO - Processing /home/airflow/.local/lib/python3.8/site-packages/airflow/example_dags/example_params_trigger_ui.py took 0.052 seconds
[2024-10-06T23:01:17.039+0000] {processor.py:157} INFO - Started process (PID=27590) to work on /home/airflow/.local/lib/python3.8/site-packages/airflow/example_dags/example_params_trigger_ui.py
[2024-10-06T23:01:17.039+0000] {processor.py:829} INFO - Processing file /home/airflow/.local/lib/python3.8/site-packages/airflow/example_dags/example_params_trigger_ui.py for tasks to queue
[2024-10-06T23:01:17.041+0000] {logging_mixin.py:154} INFO - [2024-10-06T23:01:17.040+0000] {dagbag.py:536} INFO - Filling up the DagBag from /home/airflow/.local/lib/python3.8/site-packages/airflow/example_dags/example_params_trigger_ui.py
[2024-10-06T23:01:17.050+0000] {processor.py:839} INFO - DAG(s) dict_keys(['example_params_trigger_ui']) retrieved from /home/airflow/.local/lib/python3.8/site-packages/airflow/example_dags/example_params_trigger_ui.py
[2024-10-06T23:01:17.068+0000] {logging_mixin.py:154} INFO - [2024-10-06T23:01:17.068+0000] {dag.py:2941} INFO - Sync 1 DAGs
[2024-10-06T23:01:17.072+0000] {logging_mixin.py:154} INFO - [2024-10-06T23:01:17.072+0000] {dag.py:3722} INFO - Setting next_dagrun for example_params_trigger_ui to None, run_after=None
[2024-10-06T23:01:17.078+0000] {processor.py:179} INFO - Processing /home/airflow/.local/lib/python3.8/site-packages/airflow/example_dags/example_params_trigger_ui.py took 0.040 seconds
[2024-10-06T23:01:47.491+0000] {processor.py:157} INFO - Started process (PID=27644) to work on /home/airflow/.local/lib/python3.8/site-packages/airflow/example_dags/example_params_trigger_ui.py
[2024-10-06T23:01:47.491+0000] {processor.py:829} INFO - Processing file /home/airflow/.local/lib/python3.8/site-packages/airflow/example_dags/example_params_trigger_ui.py for tasks to queue
[2024-10-06T23:01:47.492+0000] {logging_mixin.py:154} INFO - [2024-10-06T23:01:47.492+0000] {dagbag.py:536} INFO - Filling up the DagBag from /home/airflow/.local/lib/python3.8/site-packages/airflow/example_dags/example_params_trigger_ui.py
[2024-10-06T23:01:47.503+0000] {processor.py:839} INFO - DAG(s) dict_keys(['example_params_trigger_ui']) retrieved from /home/airflow/.local/lib/python3.8/site-packages/airflow/example_dags/example_params_trigger_ui.py
[2024-10-06T23:01:47.521+0000] {logging_mixin.py:154} INFO - [2024-10-06T23:01:47.521+0000] {dag.py:2941} INFO - Sync 1 DAGs
[2024-10-06T23:01:47.526+0000] {logging_mixin.py:154} INFO - [2024-10-06T23:01:47.526+0000] {dag.py:3722} INFO - Setting next_dagrun for example_params_trigger_ui to None, run_after=None
[2024-10-06T23:01:47.532+0000] {processor.py:179} INFO - Processing /home/airflow/.local/lib/python3.8/site-packages/airflow/example_dags/example_params_trigger_ui.py took 0.043 seconds
[2024-10-06T23:02:17.899+0000] {processor.py:157} INFO - Started process (PID=27698) to work on /home/airflow/.local/lib/python3.8/site-packages/airflow/example_dags/example_params_trigger_ui.py
[2024-10-06T23:02:17.899+0000] {processor.py:829} INFO - Processing file /home/airflow/.local/lib/python3.8/site-packages/airflow/example_dags/example_params_trigger_ui.py for tasks to queue
[2024-10-06T23:02:17.900+0000] {logging_mixin.py:154} INFO - [2024-10-06T23:02:17.900+0000] {dagbag.py:536} INFO - Filling up the DagBag from /home/airflow/.local/lib/python3.8/site-packages/airflow/example_dags/example_params_trigger_ui.py
[2024-10-06T23:02:17.911+0000] {processor.py:839} INFO - DAG(s) dict_keys(['example_params_trigger_ui']) retrieved from /home/airflow/.local/lib/python3.8/site-packages/airflow/example_dags/example_params_trigger_ui.py
[2024-10-06T23:02:17.929+0000] {logging_mixin.py:154} INFO - [2024-10-06T23:02:17.929+0000] {dag.py:2941} INFO - Sync 1 DAGs
[2024-10-06T23:02:17.934+0000] {logging_mixin.py:154} INFO - [2024-10-06T23:02:17.934+0000] {dag.py:3722} INFO - Setting next_dagrun for example_params_trigger_ui to None, run_after=None
[2024-10-06T23:02:17.940+0000] {processor.py:179} INFO - Processing /home/airflow/.local/lib/python3.8/site-packages/airflow/example_dags/example_params_trigger_ui.py took 0.043 seconds
[2024-10-06T23:02:48.322+0000] {processor.py:157} INFO - Started process (PID=27752) to work on /home/airflow/.local/lib/python3.8/site-packages/airflow/example_dags/example_params_trigger_ui.py
[2024-10-06T23:02:48.323+0000] {processor.py:829} INFO - Processing file /home/airflow/.local/lib/python3.8/site-packages/airflow/example_dags/example_params_trigger_ui.py for tasks to queue
[2024-10-06T23:02:48.324+0000] {logging_mixin.py:154} INFO - [2024-10-06T23:02:48.324+0000] {dagbag.py:536} INFO - Filling up the DagBag from /home/airflow/.local/lib/python3.8/site-packages/airflow/example_dags/example_params_trigger_ui.py
[2024-10-06T23:02:48.335+0000] {processor.py:839} INFO - DAG(s) dict_keys(['example_params_trigger_ui']) retrieved from /home/airflow/.local/lib/python3.8/site-packages/airflow/example_dags/example_params_trigger_ui.py
[2024-10-06T23:02:48.356+0000] {logging_mixin.py:154} INFO - [2024-10-06T23:02:48.356+0000] {dag.py:2941} INFO - Sync 1 DAGs
[2024-10-06T23:02:48.362+0000] {logging_mixin.py:154} INFO - [2024-10-06T23:02:48.362+0000] {dag.py:3722} INFO - Setting next_dagrun for example_params_trigger_ui to None, run_after=None
[2024-10-06T23:02:48.369+0000] {processor.py:179} INFO - Processing /home/airflow/.local/lib/python3.8/site-packages/airflow/example_dags/example_params_trigger_ui.py took 0.048 seconds
[2024-10-06T23:03:18.728+0000] {processor.py:157} INFO - Started process (PID=27806) to work on /home/airflow/.local/lib/python3.8/site-packages/airflow/example_dags/example_params_trigger_ui.py
[2024-10-06T23:03:18.728+0000] {processor.py:829} INFO - Processing file /home/airflow/.local/lib/python3.8/site-packages/airflow/example_dags/example_params_trigger_ui.py for tasks to queue
[2024-10-06T23:03:18.729+0000] {logging_mixin.py:154} INFO - [2024-10-06T23:03:18.729+0000] {dagbag.py:536} INFO - Filling up the DagBag from /home/airflow/.local/lib/python3.8/site-packages/airflow/example_dags/example_params_trigger_ui.py
[2024-10-06T23:03:18.739+0000] {processor.py:839} INFO - DAG(s) dict_keys(['example_params_trigger_ui']) retrieved from /home/airflow/.local/lib/python3.8/site-packages/airflow/example_dags/example_params_trigger_ui.py
[2024-10-06T23:03:18.756+0000] {logging_mixin.py:154} INFO - [2024-10-06T23:03:18.756+0000] {dag.py:2941} INFO - Sync 1 DAGs
[2024-10-06T23:03:18.761+0000] {logging_mixin.py:154} INFO - [2024-10-06T23:03:18.761+0000] {dag.py:3722} INFO - Setting next_dagrun for example_params_trigger_ui to None, run_after=None
[2024-10-06T23:03:18.766+0000] {processor.py:179} INFO - Processing /home/airflow/.local/lib/python3.8/site-packages/airflow/example_dags/example_params_trigger_ui.py took 0.040 seconds
[2024-10-06T23:03:49.211+0000] {processor.py:157} INFO - Started process (PID=27860) to work on /home/airflow/.local/lib/python3.8/site-packages/airflow/example_dags/example_params_trigger_ui.py
[2024-10-06T23:03:49.211+0000] {processor.py:829} INFO - Processing file /home/airflow/.local/lib/python3.8/site-packages/airflow/example_dags/example_params_trigger_ui.py for tasks to queue
[2024-10-06T23:03:49.212+0000] {logging_mixin.py:154} INFO - [2024-10-06T23:03:49.212+0000] {dagbag.py:536} INFO - Filling up the DagBag from /home/airflow/.local/lib/python3.8/site-packages/airflow/example_dags/example_params_trigger_ui.py
[2024-10-06T23:03:49.223+0000] {processor.py:839} INFO - DAG(s) dict_keys(['example_params_trigger_ui']) retrieved from /home/airflow/.local/lib/python3.8/site-packages/airflow/example_dags/example_params_trigger_ui.py
[2024-10-06T23:03:49.241+0000] {logging_mixin.py:154} INFO - [2024-10-06T23:03:49.241+0000] {dag.py:2941} INFO - Sync 1 DAGs
[2024-10-06T23:03:49.246+0000] {logging_mixin.py:154} INFO - [2024-10-06T23:03:49.246+0000] {dag.py:3722} INFO - Setting next_dagrun for example_params_trigger_ui to None, run_after=None
[2024-10-06T23:03:49.252+0000] {processor.py:179} INFO - Processing /home/airflow/.local/lib/python3.8/site-packages/airflow/example_dags/example_params_trigger_ui.py took 0.043 seconds
[2024-10-06T23:04:19.640+0000] {processor.py:157} INFO - Started process (PID=27914) to work on /home/airflow/.local/lib/python3.8/site-packages/airflow/example_dags/example_params_trigger_ui.py
[2024-10-06T23:04:19.641+0000] {processor.py:829} INFO - Processing file /home/airflow/.local/lib/python3.8/site-packages/airflow/example_dags/example_params_trigger_ui.py for tasks to queue
[2024-10-06T23:04:19.642+0000] {logging_mixin.py:154} INFO - [2024-10-06T23:04:19.642+0000] {dagbag.py:536} INFO - Filling up the DagBag from /home/airflow/.local/lib/python3.8/site-packages/airflow/example_dags/example_params_trigger_ui.py
[2024-10-06T23:04:19.652+0000] {processor.py:839} INFO - DAG(s) dict_keys(['example_params_trigger_ui']) retrieved from /home/airflow/.local/lib/python3.8/site-packages/airflow/example_dags/example_params_trigger_ui.py
[2024-10-06T23:04:19.670+0000] {logging_mixin.py:154} INFO - [2024-10-06T23:04:19.670+0000] {dag.py:2941} INFO - Sync 1 DAGs
[2024-10-06T23:04:19.675+0000] {logging_mixin.py:154} INFO - [2024-10-06T23:04:19.675+0000] {dag.py:3722} INFO - Setting next_dagrun for example_params_trigger_ui to None, run_after=None
[2024-10-06T23:04:19.681+0000] {processor.py:179} INFO - Processing /home/airflow/.local/lib/python3.8/site-packages/airflow/example_dags/example_params_trigger_ui.py took 0.042 seconds
[2024-10-06T23:04:50.088+0000] {processor.py:157} INFO - Started process (PID=27968) to work on /home/airflow/.local/lib/python3.8/site-packages/airflow/example_dags/example_params_trigger_ui.py
[2024-10-06T23:04:50.088+0000] {processor.py:829} INFO - Processing file /home/airflow/.local/lib/python3.8/site-packages/airflow/example_dags/example_params_trigger_ui.py for tasks to queue
[2024-10-06T23:04:50.089+0000] {logging_mixin.py:154} INFO - [2024-10-06T23:04:50.089+0000] {dagbag.py:536} INFO - Filling up the DagBag from /home/airflow/.local/lib/python3.8/site-packages/airflow/example_dags/example_params_trigger_ui.py
[2024-10-06T23:04:50.100+0000] {processor.py:839} INFO - DAG(s) dict_keys(['example_params_trigger_ui']) retrieved from /home/airflow/.local/lib/python3.8/site-packages/airflow/example_dags/example_params_trigger_ui.py
[2024-10-06T23:04:50.119+0000] {logging_mixin.py:154} INFO - [2024-10-06T23:04:50.119+0000] {dag.py:2941} INFO - Sync 1 DAGs
[2024-10-06T23:04:50.124+0000] {logging_mixin.py:154} INFO - [2024-10-06T23:04:50.124+0000] {dag.py:3722} INFO - Setting next_dagrun for example_params_trigger_ui to None, run_after=None
[2024-10-06T23:04:50.131+0000] {processor.py:179} INFO - Processing /home/airflow/.local/lib/python3.8/site-packages/airflow/example_dags/example_params_trigger_ui.py took 0.045 seconds
[2024-10-06T23:05:20.508+0000] {processor.py:157} INFO - Started process (PID=28022) to work on /home/airflow/.local/lib/python3.8/site-packages/airflow/example_dags/example_params_trigger_ui.py
[2024-10-06T23:05:20.509+0000] {processor.py:829} INFO - Processing file /home/airflow/.local/lib/python3.8/site-packages/airflow/example_dags/example_params_trigger_ui.py for tasks to queue
[2024-10-06T23:05:20.510+0000] {logging_mixin.py:154} INFO - [2024-10-06T23:05:20.509+0000] {dagbag.py:536} INFO - Filling up the DagBag from /home/airflow/.local/lib/python3.8/site-packages/airflow/example_dags/example_params_trigger_ui.py
[2024-10-06T23:05:20.520+0000] {processor.py:839} INFO - DAG(s) dict_keys(['example_params_trigger_ui']) retrieved from /home/airflow/.local/lib/python3.8/site-packages/airflow/example_dags/example_params_trigger_ui.py
[2024-10-06T23:05:20.540+0000] {logging_mixin.py:154} INFO - [2024-10-06T23:05:20.540+0000] {dag.py:2941} INFO - Sync 1 DAGs
[2024-10-06T23:05:20.545+0000] {logging_mixin.py:154} INFO - [2024-10-06T23:05:20.545+0000] {dag.py:3722} INFO - Setting next_dagrun for example_params_trigger_ui to None, run_after=None
[2024-10-06T23:05:20.552+0000] {processor.py:179} INFO - Processing /home/airflow/.local/lib/python3.8/site-packages/airflow/example_dags/example_params_trigger_ui.py took 0.045 seconds
[2024-10-06T23:05:50.898+0000] {processor.py:157} INFO - Started process (PID=28076) to work on /home/airflow/.local/lib/python3.8/site-packages/airflow/example_dags/example_params_trigger_ui.py
[2024-10-06T23:05:50.898+0000] {processor.py:829} INFO - Processing file /home/airflow/.local/lib/python3.8/site-packages/airflow/example_dags/example_params_trigger_ui.py for tasks to queue
[2024-10-06T23:05:50.899+0000] {logging_mixin.py:154} INFO - [2024-10-06T23:05:50.899+0000] {dagbag.py:536} INFO - Filling up the DagBag from /home/airflow/.local/lib/python3.8/site-packages/airflow/example_dags/example_params_trigger_ui.py
[2024-10-06T23:05:50.910+0000] {processor.py:839} INFO - DAG(s) dict_keys(['example_params_trigger_ui']) retrieved from /home/airflow/.local/lib/python3.8/site-packages/airflow/example_dags/example_params_trigger_ui.py
[2024-10-06T23:05:50.928+0000] {logging_mixin.py:154} INFO - [2024-10-06T23:05:50.928+0000] {dag.py:2941} INFO - Sync 1 DAGs
[2024-10-06T23:05:50.933+0000] {logging_mixin.py:154} INFO - [2024-10-06T23:05:50.933+0000] {dag.py:3722} INFO - Setting next_dagrun for example_params_trigger_ui to None, run_after=None
[2024-10-06T23:05:50.939+0000] {processor.py:179} INFO - Processing /home/airflow/.local/lib/python3.8/site-packages/airflow/example_dags/example_params_trigger_ui.py took 0.043 seconds
[2024-10-06T23:06:21.338+0000] {processor.py:157} INFO - Started process (PID=28130) to work on /home/airflow/.local/lib/python3.8/site-packages/airflow/example_dags/example_params_trigger_ui.py
[2024-10-06T23:06:21.339+0000] {processor.py:829} INFO - Processing file /home/airflow/.local/lib/python3.8/site-packages/airflow/example_dags/example_params_trigger_ui.py for tasks to queue
[2024-10-06T23:06:21.340+0000] {logging_mixin.py:154} INFO - [2024-10-06T23:06:21.340+0000] {dagbag.py:536} INFO - Filling up the DagBag from /home/airflow/.local/lib/python3.8/site-packages/airflow/example_dags/example_params_trigger_ui.py
[2024-10-06T23:06:21.350+0000] {processor.py:839} INFO - DAG(s) dict_keys(['example_params_trigger_ui']) retrieved from /home/airflow/.local/lib/python3.8/site-packages/airflow/example_dags/example_params_trigger_ui.py
[2024-10-06T23:06:21.369+0000] {logging_mixin.py:154} INFO - [2024-10-06T23:06:21.368+0000] {dag.py:2941} INFO - Sync 1 DAGs
[2024-10-06T23:06:21.374+0000] {logging_mixin.py:154} INFO - [2024-10-06T23:06:21.374+0000] {dag.py:3722} INFO - Setting next_dagrun for example_params_trigger_ui to None, run_after=None
[2024-10-06T23:06:21.380+0000] {processor.py:179} INFO - Processing /home/airflow/.local/lib/python3.8/site-packages/airflow/example_dags/example_params_trigger_ui.py took 0.043 seconds
[2024-10-06T23:06:51.775+0000] {processor.py:157} INFO - Started process (PID=28184) to work on /home/airflow/.local/lib/python3.8/site-packages/airflow/example_dags/example_params_trigger_ui.py
[2024-10-06T23:06:51.775+0000] {processor.py:829} INFO - Processing file /home/airflow/.local/lib/python3.8/site-packages/airflow/example_dags/example_params_trigger_ui.py for tasks to queue
[2024-10-06T23:06:51.776+0000] {logging_mixin.py:154} INFO - [2024-10-06T23:06:51.776+0000] {dagbag.py:536} INFO - Filling up the DagBag from /home/airflow/.local/lib/python3.8/site-packages/airflow/example_dags/example_params_trigger_ui.py
[2024-10-06T23:06:51.787+0000] {processor.py:839} INFO - DAG(s) dict_keys(['example_params_trigger_ui']) retrieved from /home/airflow/.local/lib/python3.8/site-packages/airflow/example_dags/example_params_trigger_ui.py
[2024-10-06T23:06:51.804+0000] {logging_mixin.py:154} INFO - [2024-10-06T23:06:51.804+0000] {dag.py:2941} INFO - Sync 1 DAGs
[2024-10-06T23:06:51.809+0000] {logging_mixin.py:154} INFO - [2024-10-06T23:06:51.809+0000] {dag.py:3722} INFO - Setting next_dagrun for example_params_trigger_ui to None, run_after=None
[2024-10-06T23:06:51.816+0000] {processor.py:179} INFO - Processing /home/airflow/.local/lib/python3.8/site-packages/airflow/example_dags/example_params_trigger_ui.py took 0.042 seconds
[2024-10-06T23:07:22.223+0000] {processor.py:157} INFO - Started process (PID=28238) to work on /home/airflow/.local/lib/python3.8/site-packages/airflow/example_dags/example_params_trigger_ui.py
[2024-10-06T23:07:22.224+0000] {processor.py:829} INFO - Processing file /home/airflow/.local/lib/python3.8/site-packages/airflow/example_dags/example_params_trigger_ui.py for tasks to queue
[2024-10-06T23:07:22.225+0000] {logging_mixin.py:154} INFO - [2024-10-06T23:07:22.225+0000] {dagbag.py:536} INFO - Filling up the DagBag from /home/airflow/.local/lib/python3.8/site-packages/airflow/example_dags/example_params_trigger_ui.py
[2024-10-06T23:07:22.236+0000] {processor.py:839} INFO - DAG(s) dict_keys(['example_params_trigger_ui']) retrieved from /home/airflow/.local/lib/python3.8/site-packages/airflow/example_dags/example_params_trigger_ui.py
[2024-10-06T23:07:22.255+0000] {logging_mixin.py:154} INFO - [2024-10-06T23:07:22.255+0000] {dag.py:2941} INFO - Sync 1 DAGs
[2024-10-06T23:07:22.260+0000] {logging_mixin.py:154} INFO - [2024-10-06T23:07:22.259+0000] {dag.py:3722} INFO - Setting next_dagrun for example_params_trigger_ui to None, run_after=None
[2024-10-06T23:07:22.266+0000] {processor.py:179} INFO - Processing /home/airflow/.local/lib/python3.8/site-packages/airflow/example_dags/example_params_trigger_ui.py took 0.044 seconds
[2024-10-06T23:07:52.667+0000] {processor.py:157} INFO - Started process (PID=28292) to work on /home/airflow/.local/lib/python3.8/site-packages/airflow/example_dags/example_params_trigger_ui.py
[2024-10-06T23:07:52.668+0000] {processor.py:829} INFO - Processing file /home/airflow/.local/lib/python3.8/site-packages/airflow/example_dags/example_params_trigger_ui.py for tasks to queue
[2024-10-06T23:07:52.669+0000] {logging_mixin.py:154} INFO - [2024-10-06T23:07:52.669+0000] {dagbag.py:536} INFO - Filling up the DagBag from /home/airflow/.local/lib/python3.8/site-packages/airflow/example_dags/example_params_trigger_ui.py
[2024-10-06T23:07:52.679+0000] {processor.py:839} INFO - DAG(s) dict_keys(['example_params_trigger_ui']) retrieved from /home/airflow/.local/lib/python3.8/site-packages/airflow/example_dags/example_params_trigger_ui.py
[2024-10-06T23:07:52.697+0000] {logging_mixin.py:154} INFO - [2024-10-06T23:07:52.697+0000] {dag.py:2941} INFO - Sync 1 DAGs
[2024-10-06T23:07:52.702+0000] {logging_mixin.py:154} INFO - [2024-10-06T23:07:52.702+0000] {dag.py:3722} INFO - Setting next_dagrun for example_params_trigger_ui to None, run_after=None
[2024-10-06T23:07:52.708+0000] {processor.py:179} INFO - Processing /home/airflow/.local/lib/python3.8/site-packages/airflow/example_dags/example_params_trigger_ui.py took 0.042 seconds
[2024-10-06T23:08:23.027+0000] {processor.py:157} INFO - Started process (PID=28353) to work on /home/airflow/.local/lib/python3.8/site-packages/airflow/example_dags/example_params_trigger_ui.py
[2024-10-06T23:08:23.027+0000] {processor.py:829} INFO - Processing file /home/airflow/.local/lib/python3.8/site-packages/airflow/example_dags/example_params_trigger_ui.py for tasks to queue
[2024-10-06T23:08:23.028+0000] {logging_mixin.py:154} INFO - [2024-10-06T23:08:23.028+0000] {dagbag.py:536} INFO - Filling up the DagBag from /home/airflow/.local/lib/python3.8/site-packages/airflow/example_dags/example_params_trigger_ui.py
[2024-10-06T23:08:23.039+0000] {processor.py:839} INFO - DAG(s) dict_keys(['example_params_trigger_ui']) retrieved from /home/airflow/.local/lib/python3.8/site-packages/airflow/example_dags/example_params_trigger_ui.py
[2024-10-06T23:08:23.057+0000] {logging_mixin.py:154} INFO - [2024-10-06T23:08:23.057+0000] {dag.py:2941} INFO - Sync 1 DAGs
[2024-10-06T23:08:23.062+0000] {logging_mixin.py:154} INFO - [2024-10-06T23:08:23.062+0000] {dag.py:3722} INFO - Setting next_dagrun for example_params_trigger_ui to None, run_after=None
[2024-10-06T23:08:23.068+0000] {processor.py:179} INFO - Processing /home/airflow/.local/lib/python3.8/site-packages/airflow/example_dags/example_params_trigger_ui.py took 0.043 seconds
[2024-10-06T23:08:53.465+0000] {processor.py:157} INFO - Started process (PID=28407) to work on /home/airflow/.local/lib/python3.8/site-packages/airflow/example_dags/example_params_trigger_ui.py
[2024-10-06T23:08:53.466+0000] {processor.py:829} INFO - Processing file /home/airflow/.local/lib/python3.8/site-packages/airflow/example_dags/example_params_trigger_ui.py for tasks to queue
[2024-10-06T23:08:53.467+0000] {logging_mixin.py:154} INFO - [2024-10-06T23:08:53.467+0000] {dagbag.py:536} INFO - Filling up the DagBag from /home/airflow/.local/lib/python3.8/site-packages/airflow/example_dags/example_params_trigger_ui.py
[2024-10-06T23:08:53.477+0000] {processor.py:839} INFO - DAG(s) dict_keys(['example_params_trigger_ui']) retrieved from /home/airflow/.local/lib/python3.8/site-packages/airflow/example_dags/example_params_trigger_ui.py
[2024-10-06T23:08:53.495+0000] {logging_mixin.py:154} INFO - [2024-10-06T23:08:53.495+0000] {dag.py:2941} INFO - Sync 1 DAGs
[2024-10-06T23:08:53.500+0000] {logging_mixin.py:154} INFO - [2024-10-06T23:08:53.500+0000] {dag.py:3722} INFO - Setting next_dagrun for example_params_trigger_ui to None, run_after=None
[2024-10-06T23:08:53.507+0000] {processor.py:179} INFO - Processing /home/airflow/.local/lib/python3.8/site-packages/airflow/example_dags/example_params_trigger_ui.py took 0.043 seconds
[2024-10-06T23:09:23.848+0000] {processor.py:157} INFO - Started process (PID=28461) to work on /home/airflow/.local/lib/python3.8/site-packages/airflow/example_dags/example_params_trigger_ui.py
[2024-10-06T23:09:23.848+0000] {processor.py:829} INFO - Processing file /home/airflow/.local/lib/python3.8/site-packages/airflow/example_dags/example_params_trigger_ui.py for tasks to queue
[2024-10-06T23:09:23.849+0000] {logging_mixin.py:154} INFO - [2024-10-06T23:09:23.849+0000] {dagbag.py:536} INFO - Filling up the DagBag from /home/airflow/.local/lib/python3.8/site-packages/airflow/example_dags/example_params_trigger_ui.py
[2024-10-06T23:09:23.860+0000] {processor.py:839} INFO - DAG(s) dict_keys(['example_params_trigger_ui']) retrieved from /home/airflow/.local/lib/python3.8/site-packages/airflow/example_dags/example_params_trigger_ui.py
[2024-10-06T23:09:23.879+0000] {logging_mixin.py:154} INFO - [2024-10-06T23:09:23.878+0000] {dag.py:2941} INFO - Sync 1 DAGs
[2024-10-06T23:09:23.883+0000] {logging_mixin.py:154} INFO - [2024-10-06T23:09:23.883+0000] {dag.py:3722} INFO - Setting next_dagrun for example_params_trigger_ui to None, run_after=None
[2024-10-06T23:09:23.890+0000] {processor.py:179} INFO - Processing /home/airflow/.local/lib/python3.8/site-packages/airflow/example_dags/example_params_trigger_ui.py took 0.044 seconds
[2024-10-06T23:09:54.369+0000] {processor.py:157} INFO - Started process (PID=28515) to work on /home/airflow/.local/lib/python3.8/site-packages/airflow/example_dags/example_params_trigger_ui.py
[2024-10-06T23:09:54.369+0000] {processor.py:829} INFO - Processing file /home/airflow/.local/lib/python3.8/site-packages/airflow/example_dags/example_params_trigger_ui.py for tasks to queue
[2024-10-06T23:09:54.370+0000] {logging_mixin.py:154} INFO - [2024-10-06T23:09:54.370+0000] {dagbag.py:536} INFO - Filling up the DagBag from /home/airflow/.local/lib/python3.8/site-packages/airflow/example_dags/example_params_trigger_ui.py
[2024-10-06T23:09:54.381+0000] {processor.py:839} INFO - DAG(s) dict_keys(['example_params_trigger_ui']) retrieved from /home/airflow/.local/lib/python3.8/site-packages/airflow/example_dags/example_params_trigger_ui.py
[2024-10-06T23:09:54.401+0000] {logging_mixin.py:154} INFO - [2024-10-06T23:09:54.400+0000] {dag.py:2941} INFO - Sync 1 DAGs
[2024-10-06T23:09:54.406+0000] {logging_mixin.py:154} INFO - [2024-10-06T23:09:54.406+0000] {dag.py:3722} INFO - Setting next_dagrun for example_params_trigger_ui to None, run_after=None
[2024-10-06T23:09:54.412+0000] {processor.py:179} INFO - Processing /home/airflow/.local/lib/python3.8/site-packages/airflow/example_dags/example_params_trigger_ui.py took 0.045 seconds
[2024-10-06T23:10:24.798+0000] {processor.py:157} INFO - Started process (PID=28569) to work on /home/airflow/.local/lib/python3.8/site-packages/airflow/example_dags/example_params_trigger_ui.py
[2024-10-06T23:10:24.799+0000] {processor.py:829} INFO - Processing file /home/airflow/.local/lib/python3.8/site-packages/airflow/example_dags/example_params_trigger_ui.py for tasks to queue
[2024-10-06T23:10:24.800+0000] {logging_mixin.py:154} INFO - [2024-10-06T23:10:24.800+0000] {dagbag.py:536} INFO - Filling up the DagBag from /home/airflow/.local/lib/python3.8/site-packages/airflow/example_dags/example_params_trigger_ui.py
[2024-10-06T23:10:24.811+0000] {processor.py:839} INFO - DAG(s) dict_keys(['example_params_trigger_ui']) retrieved from /home/airflow/.local/lib/python3.8/site-packages/airflow/example_dags/example_params_trigger_ui.py
[2024-10-06T23:10:24.830+0000] {logging_mixin.py:154} INFO - [2024-10-06T23:10:24.830+0000] {dag.py:2941} INFO - Sync 1 DAGs
[2024-10-06T23:10:24.835+0000] {logging_mixin.py:154} INFO - [2024-10-06T23:10:24.835+0000] {dag.py:3722} INFO - Setting next_dagrun for example_params_trigger_ui to None, run_after=None
[2024-10-06T23:10:24.842+0000] {processor.py:179} INFO - Processing /home/airflow/.local/lib/python3.8/site-packages/airflow/example_dags/example_params_trigger_ui.py took 0.045 seconds
[2024-10-06T23:10:55.203+0000] {processor.py:157} INFO - Started process (PID=28623) to work on /home/airflow/.local/lib/python3.8/site-packages/airflow/example_dags/example_params_trigger_ui.py
[2024-10-06T23:10:55.203+0000] {processor.py:829} INFO - Processing file /home/airflow/.local/lib/python3.8/site-packages/airflow/example_dags/example_params_trigger_ui.py for tasks to queue
[2024-10-06T23:10:55.204+0000] {logging_mixin.py:154} INFO - [2024-10-06T23:10:55.204+0000] {dagbag.py:536} INFO - Filling up the DagBag from /home/airflow/.local/lib/python3.8/site-packages/airflow/example_dags/example_params_trigger_ui.py
[2024-10-06T23:10:55.215+0000] {processor.py:839} INFO - DAG(s) dict_keys(['example_params_trigger_ui']) retrieved from /home/airflow/.local/lib/python3.8/site-packages/airflow/example_dags/example_params_trigger_ui.py
[2024-10-06T23:10:55.234+0000] {logging_mixin.py:154} INFO - [2024-10-06T23:10:55.234+0000] {dag.py:2941} INFO - Sync 1 DAGs
[2024-10-06T23:10:55.239+0000] {logging_mixin.py:154} INFO - [2024-10-06T23:10:55.239+0000] {dag.py:3722} INFO - Setting next_dagrun for example_params_trigger_ui to None, run_after=None
[2024-10-06T23:10:55.245+0000] {processor.py:179} INFO - Processing /home/airflow/.local/lib/python3.8/site-packages/airflow/example_dags/example_params_trigger_ui.py took 0.044 seconds
[2024-10-06T23:11:25.628+0000] {processor.py:157} INFO - Started process (PID=28677) to work on /home/airflow/.local/lib/python3.8/site-packages/airflow/example_dags/example_params_trigger_ui.py
[2024-10-06T23:11:25.628+0000] {processor.py:829} INFO - Processing file /home/airflow/.local/lib/python3.8/site-packages/airflow/example_dags/example_params_trigger_ui.py for tasks to queue
[2024-10-06T23:11:25.629+0000] {logging_mixin.py:154} INFO - [2024-10-06T23:11:25.629+0000] {dagbag.py:536} INFO - Filling up the DagBag from /home/airflow/.local/lib/python3.8/site-packages/airflow/example_dags/example_params_trigger_ui.py
[2024-10-06T23:11:25.640+0000] {processor.py:839} INFO - DAG(s) dict_keys(['example_params_trigger_ui']) retrieved from /home/airflow/.local/lib/python3.8/site-packages/airflow/example_dags/example_params_trigger_ui.py
[2024-10-06T23:11:25.657+0000] {logging_mixin.py:154} INFO - [2024-10-06T23:11:25.657+0000] {dag.py:2941} INFO - Sync 1 DAGs
[2024-10-06T23:11:25.662+0000] {logging_mixin.py:154} INFO - [2024-10-06T23:11:25.662+0000] {dag.py:3722} INFO - Setting next_dagrun for example_params_trigger_ui to None, run_after=None
[2024-10-06T23:11:25.668+0000] {processor.py:179} INFO - Processing /home/airflow/.local/lib/python3.8/site-packages/airflow/example_dags/example_params_trigger_ui.py took 0.042 seconds
[2024-10-06T23:11:56.103+0000] {processor.py:157} INFO - Started process (PID=28731) to work on /home/airflow/.local/lib/python3.8/site-packages/airflow/example_dags/example_params_trigger_ui.py
[2024-10-06T23:11:56.103+0000] {processor.py:829} INFO - Processing file /home/airflow/.local/lib/python3.8/site-packages/airflow/example_dags/example_params_trigger_ui.py for tasks to queue
[2024-10-06T23:11:56.104+0000] {logging_mixin.py:154} INFO - [2024-10-06T23:11:56.104+0000] {dagbag.py:536} INFO - Filling up the DagBag from /home/airflow/.local/lib/python3.8/site-packages/airflow/example_dags/example_params_trigger_ui.py
[2024-10-06T23:11:56.116+0000] {processor.py:839} INFO - DAG(s) dict_keys(['example_params_trigger_ui']) retrieved from /home/airflow/.local/lib/python3.8/site-packages/airflow/example_dags/example_params_trigger_ui.py
[2024-10-06T23:11:56.137+0000] {logging_mixin.py:154} INFO - [2024-10-06T23:11:56.137+0000] {dag.py:2941} INFO - Sync 1 DAGs
[2024-10-06T23:11:56.142+0000] {logging_mixin.py:154} INFO - [2024-10-06T23:11:56.142+0000] {dag.py:3722} INFO - Setting next_dagrun for example_params_trigger_ui to None, run_after=None
[2024-10-06T23:11:56.150+0000] {processor.py:179} INFO - Processing /home/airflow/.local/lib/python3.8/site-packages/airflow/example_dags/example_params_trigger_ui.py took 0.049 seconds
[2024-10-06T23:12:26.558+0000] {processor.py:157} INFO - Started process (PID=28785) to work on /home/airflow/.local/lib/python3.8/site-packages/airflow/example_dags/example_params_trigger_ui.py
[2024-10-06T23:12:26.558+0000] {processor.py:829} INFO - Processing file /home/airflow/.local/lib/python3.8/site-packages/airflow/example_dags/example_params_trigger_ui.py for tasks to queue
[2024-10-06T23:12:26.559+0000] {logging_mixin.py:154} INFO - [2024-10-06T23:12:26.559+0000] {dagbag.py:536} INFO - Filling up the DagBag from /home/airflow/.local/lib/python3.8/site-packages/airflow/example_dags/example_params_trigger_ui.py
[2024-10-06T23:12:26.570+0000] {processor.py:839} INFO - DAG(s) dict_keys(['example_params_trigger_ui']) retrieved from /home/airflow/.local/lib/python3.8/site-packages/airflow/example_dags/example_params_trigger_ui.py
[2024-10-06T23:12:26.588+0000] {logging_mixin.py:154} INFO - [2024-10-06T23:12:26.588+0000] {dag.py:2941} INFO - Sync 1 DAGs
[2024-10-06T23:12:26.593+0000] {logging_mixin.py:154} INFO - [2024-10-06T23:12:26.593+0000] {dag.py:3722} INFO - Setting next_dagrun for example_params_trigger_ui to None, run_after=None
[2024-10-06T23:12:26.600+0000] {processor.py:179} INFO - Processing /home/airflow/.local/lib/python3.8/site-packages/airflow/example_dags/example_params_trigger_ui.py took 0.044 seconds
[2024-10-06T23:12:57.053+0000] {processor.py:157} INFO - Started process (PID=28839) to work on /home/airflow/.local/lib/python3.8/site-packages/airflow/example_dags/example_params_trigger_ui.py
[2024-10-06T23:12:57.054+0000] {processor.py:829} INFO - Processing file /home/airflow/.local/lib/python3.8/site-packages/airflow/example_dags/example_params_trigger_ui.py for tasks to queue
[2024-10-06T23:12:57.055+0000] {logging_mixin.py:154} INFO - [2024-10-06T23:12:57.054+0000] {dagbag.py:536} INFO - Filling up the DagBag from /home/airflow/.local/lib/python3.8/site-packages/airflow/example_dags/example_params_trigger_ui.py
[2024-10-06T23:12:57.064+0000] {processor.py:839} INFO - DAG(s) dict_keys(['example_params_trigger_ui']) retrieved from /home/airflow/.local/lib/python3.8/site-packages/airflow/example_dags/example_params_trigger_ui.py
[2024-10-06T23:12:57.081+0000] {logging_mixin.py:154} INFO - [2024-10-06T23:12:57.081+0000] {dag.py:2941} INFO - Sync 1 DAGs
[2024-10-06T23:12:57.086+0000] {logging_mixin.py:154} INFO - [2024-10-06T23:12:57.086+0000] {dag.py:3722} INFO - Setting next_dagrun for example_params_trigger_ui to None, run_after=None
[2024-10-06T23:12:57.092+0000] {processor.py:179} INFO - Processing /home/airflow/.local/lib/python3.8/site-packages/airflow/example_dags/example_params_trigger_ui.py took 0.040 seconds
[2024-10-06T23:13:27.479+0000] {processor.py:157} INFO - Started process (PID=28893) to work on /home/airflow/.local/lib/python3.8/site-packages/airflow/example_dags/example_params_trigger_ui.py
[2024-10-06T23:13:27.479+0000] {processor.py:829} INFO - Processing file /home/airflow/.local/lib/python3.8/site-packages/airflow/example_dags/example_params_trigger_ui.py for tasks to queue
[2024-10-06T23:13:27.480+0000] {logging_mixin.py:154} INFO - [2024-10-06T23:13:27.480+0000] {dagbag.py:536} INFO - Filling up the DagBag from /home/airflow/.local/lib/python3.8/site-packages/airflow/example_dags/example_params_trigger_ui.py
[2024-10-06T23:13:27.491+0000] {processor.py:839} INFO - DAG(s) dict_keys(['example_params_trigger_ui']) retrieved from /home/airflow/.local/lib/python3.8/site-packages/airflow/example_dags/example_params_trigger_ui.py
[2024-10-06T23:13:27.508+0000] {logging_mixin.py:154} INFO - [2024-10-06T23:13:27.508+0000] {dag.py:2941} INFO - Sync 1 DAGs
[2024-10-06T23:13:27.513+0000] {logging_mixin.py:154} INFO - [2024-10-06T23:13:27.513+0000] {dag.py:3722} INFO - Setting next_dagrun for example_params_trigger_ui to None, run_after=None
[2024-10-06T23:13:27.519+0000] {processor.py:179} INFO - Processing /home/airflow/.local/lib/python3.8/site-packages/airflow/example_dags/example_params_trigger_ui.py took 0.042 seconds
[2024-10-06T23:13:57.960+0000] {processor.py:157} INFO - Started process (PID=28947) to work on /home/airflow/.local/lib/python3.8/site-packages/airflow/example_dags/example_params_trigger_ui.py
[2024-10-06T23:13:57.960+0000] {processor.py:829} INFO - Processing file /home/airflow/.local/lib/python3.8/site-packages/airflow/example_dags/example_params_trigger_ui.py for tasks to queue
[2024-10-06T23:13:57.961+0000] {logging_mixin.py:154} INFO - [2024-10-06T23:13:57.961+0000] {dagbag.py:536} INFO - Filling up the DagBag from /home/airflow/.local/lib/python3.8/site-packages/airflow/example_dags/example_params_trigger_ui.py
[2024-10-06T23:13:57.972+0000] {processor.py:839} INFO - DAG(s) dict_keys(['example_params_trigger_ui']) retrieved from /home/airflow/.local/lib/python3.8/site-packages/airflow/example_dags/example_params_trigger_ui.py
[2024-10-06T23:13:57.990+0000] {logging_mixin.py:154} INFO - [2024-10-06T23:13:57.990+0000] {dag.py:2941} INFO - Sync 1 DAGs
[2024-10-06T23:13:57.995+0000] {logging_mixin.py:154} INFO - [2024-10-06T23:13:57.995+0000] {dag.py:3722} INFO - Setting next_dagrun for example_params_trigger_ui to None, run_after=None
[2024-10-06T23:13:58.002+0000] {processor.py:179} INFO - Processing /home/airflow/.local/lib/python3.8/site-packages/airflow/example_dags/example_params_trigger_ui.py took 0.044 seconds
[2024-10-06T23:14:28.425+0000] {processor.py:157} INFO - Started process (PID=29001) to work on /home/airflow/.local/lib/python3.8/site-packages/airflow/example_dags/example_params_trigger_ui.py
[2024-10-06T23:14:28.427+0000] {processor.py:829} INFO - Processing file /home/airflow/.local/lib/python3.8/site-packages/airflow/example_dags/example_params_trigger_ui.py for tasks to queue
[2024-10-06T23:14:28.428+0000] {logging_mixin.py:154} INFO - [2024-10-06T23:14:28.428+0000] {dagbag.py:536} INFO - Filling up the DagBag from /home/airflow/.local/lib/python3.8/site-packages/airflow/example_dags/example_params_trigger_ui.py
[2024-10-06T23:14:28.439+0000] {processor.py:839} INFO - DAG(s) dict_keys(['example_params_trigger_ui']) retrieved from /home/airflow/.local/lib/python3.8/site-packages/airflow/example_dags/example_params_trigger_ui.py
[2024-10-06T23:14:28.457+0000] {logging_mixin.py:154} INFO - [2024-10-06T23:14:28.457+0000] {dag.py:2941} INFO - Sync 1 DAGs
[2024-10-06T23:14:28.461+0000] {logging_mixin.py:154} INFO - [2024-10-06T23:14:28.461+0000] {dag.py:3722} INFO - Setting next_dagrun for example_params_trigger_ui to None, run_after=None
[2024-10-06T23:14:28.468+0000] {processor.py:179} INFO - Processing /home/airflow/.local/lib/python3.8/site-packages/airflow/example_dags/example_params_trigger_ui.py took 0.045 seconds
[2024-10-06T23:14:58.893+0000] {processor.py:157} INFO - Started process (PID=29055) to work on /home/airflow/.local/lib/python3.8/site-packages/airflow/example_dags/example_params_trigger_ui.py
[2024-10-06T23:14:58.894+0000] {processor.py:829} INFO - Processing file /home/airflow/.local/lib/python3.8/site-packages/airflow/example_dags/example_params_trigger_ui.py for tasks to queue
[2024-10-06T23:14:58.895+0000] {logging_mixin.py:154} INFO - [2024-10-06T23:14:58.895+0000] {dagbag.py:536} INFO - Filling up the DagBag from /home/airflow/.local/lib/python3.8/site-packages/airflow/example_dags/example_params_trigger_ui.py
[2024-10-06T23:14:58.906+0000] {processor.py:839} INFO - DAG(s) dict_keys(['example_params_trigger_ui']) retrieved from /home/airflow/.local/lib/python3.8/site-packages/airflow/example_dags/example_params_trigger_ui.py
[2024-10-06T23:14:58.925+0000] {logging_mixin.py:154} INFO - [2024-10-06T23:14:58.925+0000] {dag.py:2941} INFO - Sync 1 DAGs
[2024-10-06T23:14:58.930+0000] {logging_mixin.py:154} INFO - [2024-10-06T23:14:58.930+0000] {dag.py:3722} INFO - Setting next_dagrun for example_params_trigger_ui to None, run_after=None
[2024-10-06T23:14:58.936+0000] {processor.py:179} INFO - Processing /home/airflow/.local/lib/python3.8/site-packages/airflow/example_dags/example_params_trigger_ui.py took 0.044 seconds
[2024-10-06T23:15:29.320+0000] {processor.py:157} INFO - Started process (PID=29109) to work on /home/airflow/.local/lib/python3.8/site-packages/airflow/example_dags/example_params_trigger_ui.py
[2024-10-06T23:15:29.320+0000] {processor.py:829} INFO - Processing file /home/airflow/.local/lib/python3.8/site-packages/airflow/example_dags/example_params_trigger_ui.py for tasks to queue
[2024-10-06T23:15:29.321+0000] {logging_mixin.py:154} INFO - [2024-10-06T23:15:29.321+0000] {dagbag.py:536} INFO - Filling up the DagBag from /home/airflow/.local/lib/python3.8/site-packages/airflow/example_dags/example_params_trigger_ui.py
[2024-10-06T23:15:29.332+0000] {processor.py:839} INFO - DAG(s) dict_keys(['example_params_trigger_ui']) retrieved from /home/airflow/.local/lib/python3.8/site-packages/airflow/example_dags/example_params_trigger_ui.py
[2024-10-06T23:15:29.351+0000] {logging_mixin.py:154} INFO - [2024-10-06T23:15:29.351+0000] {dag.py:2941} INFO - Sync 1 DAGs
[2024-10-06T23:15:29.357+0000] {logging_mixin.py:154} INFO - [2024-10-06T23:15:29.357+0000] {dag.py:3722} INFO - Setting next_dagrun for example_params_trigger_ui to None, run_after=None
[2024-10-06T23:15:29.364+0000] {processor.py:179} INFO - Processing /home/airflow/.local/lib/python3.8/site-packages/airflow/example_dags/example_params_trigger_ui.py took 0.045 seconds
[2024-10-06T23:54:57.001+0000] {processor.py:157} INFO - Started process (PID=29156) to work on /home/airflow/.local/lib/python3.8/site-packages/airflow/example_dags/example_params_trigger_ui.py
[2024-10-06T23:54:57.002+0000] {processor.py:829} INFO - Processing file /home/airflow/.local/lib/python3.8/site-packages/airflow/example_dags/example_params_trigger_ui.py for tasks to queue
[2024-10-06T23:54:57.003+0000] {logging_mixin.py:154} INFO - [2024-10-06T23:54:57.002+0000] {dagbag.py:536} INFO - Filling up the DagBag from /home/airflow/.local/lib/python3.8/site-packages/airflow/example_dags/example_params_trigger_ui.py
[2024-10-06T23:54:57.013+0000] {processor.py:839} INFO - DAG(s) dict_keys(['example_params_trigger_ui']) retrieved from /home/airflow/.local/lib/python3.8/site-packages/airflow/example_dags/example_params_trigger_ui.py
[2024-10-06T23:54:57.032+0000] {logging_mixin.py:154} INFO - [2024-10-06T23:54:57.032+0000] {dag.py:2941} INFO - Sync 1 DAGs
[2024-10-06T23:54:57.038+0000] {logging_mixin.py:154} INFO - [2024-10-06T23:54:57.038+0000] {dag.py:3722} INFO - Setting next_dagrun for example_params_trigger_ui to None, run_after=None
[2024-10-06T23:54:57.044+0000] {processor.py:179} INFO - Processing /home/airflow/.local/lib/python3.8/site-packages/airflow/example_dags/example_params_trigger_ui.py took 0.045 seconds
