[2024-10-06T00:48:01.438+0000] {processor.py:157} INFO - Started process (PID=25787) to work on /home/airflow/.local/lib/python3.8/site-packages/airflow/example_dags/example_latest_only.py
[2024-10-06T00:48:01.439+0000] {processor.py:829} INFO - Processing file /home/airflow/.local/lib/python3.8/site-packages/airflow/example_dags/example_latest_only.py for tasks to queue
[2024-10-06T00:48:01.440+0000] {logging_mixin.py:154} INFO - [2024-10-06T00:48:01.440+0000] {dagbag.py:536} INFO - Filling up the DagBag from /home/airflow/.local/lib/python3.8/site-packages/airflow/example_dags/example_latest_only.py
[2024-10-06T00:48:01.442+0000] {processor.py:839} INFO - DAG(s) dict_keys(['latest_only']) retrieved from /home/airflow/.local/lib/python3.8/site-packages/airflow/example_dags/example_latest_only.py
[2024-10-06T00:48:01.452+0000] {logging_mixin.py:154} INFO - [2024-10-06T00:48:01.451+0000] {dag.py:2941} INFO - Sync 1 DAGs
[2024-10-06T00:48:01.460+0000] {logging_mixin.py:154} INFO - [2024-10-06T00:48:01.460+0000] {dag.py:3722} INFO - Setting next_dagrun for latest_only to 2024-10-05T20:48:01.460674+00:00, run_after=2024-10-06T00:48:01.460674+00:00
[2024-10-06T00:48:01.467+0000] {processor.py:179} INFO - Processing /home/airflow/.local/lib/python3.8/site-packages/airflow/example_dags/example_latest_only.py took 0.030 seconds
[2024-10-06T00:59:18.430+0000] {processor.py:157} INFO - Started process (PID=25841) to work on /home/airflow/.local/lib/python3.8/site-packages/airflow/example_dags/example_latest_only.py
[2024-10-06T00:59:18.430+0000] {processor.py:829} INFO - Processing file /home/airflow/.local/lib/python3.8/site-packages/airflow/example_dags/example_latest_only.py for tasks to queue
[2024-10-06T00:59:18.432+0000] {logging_mixin.py:154} INFO - [2024-10-06T00:59:18.431+0000] {dagbag.py:536} INFO - Filling up the DagBag from /home/airflow/.local/lib/python3.8/site-packages/airflow/example_dags/example_latest_only.py
[2024-10-06T00:59:18.434+0000] {processor.py:839} INFO - DAG(s) dict_keys(['latest_only']) retrieved from /home/airflow/.local/lib/python3.8/site-packages/airflow/example_dags/example_latest_only.py
[2024-10-06T00:59:18.443+0000] {logging_mixin.py:154} INFO - [2024-10-06T00:59:18.443+0000] {dag.py:2941} INFO - Sync 1 DAGs
[2024-10-06T00:59:18.451+0000] {logging_mixin.py:154} INFO - [2024-10-06T00:59:18.451+0000] {dag.py:3722} INFO - Setting next_dagrun for latest_only to 2024-10-05T20:59:18.451201+00:00, run_after=2024-10-06T00:59:18.451201+00:00
[2024-10-06T00:59:18.459+0000] {processor.py:179} INFO - Processing /home/airflow/.local/lib/python3.8/site-packages/airflow/example_dags/example_latest_only.py took 0.031 seconds
[2024-10-06T02:12:19.483+0000] {processor.py:157} INFO - Started process (PID=25895) to work on /home/airflow/.local/lib/python3.8/site-packages/airflow/example_dags/example_latest_only.py
[2024-10-06T02:12:19.483+0000] {processor.py:829} INFO - Processing file /home/airflow/.local/lib/python3.8/site-packages/airflow/example_dags/example_latest_only.py for tasks to queue
[2024-10-06T02:12:19.485+0000] {logging_mixin.py:154} INFO - [2024-10-06T02:12:19.485+0000] {dagbag.py:536} INFO - Filling up the DagBag from /home/airflow/.local/lib/python3.8/site-packages/airflow/example_dags/example_latest_only.py
[2024-10-06T02:12:19.487+0000] {processor.py:839} INFO - DAG(s) dict_keys(['latest_only']) retrieved from /home/airflow/.local/lib/python3.8/site-packages/airflow/example_dags/example_latest_only.py
[2024-10-06T02:12:19.496+0000] {logging_mixin.py:154} INFO - [2024-10-06T02:12:19.496+0000] {dag.py:2941} INFO - Sync 1 DAGs
[2024-10-06T02:12:19.504+0000] {logging_mixin.py:154} INFO - [2024-10-06T02:12:19.504+0000] {dag.py:3722} INFO - Setting next_dagrun for latest_only to 2024-10-05T22:12:19.504763+00:00, run_after=2024-10-06T02:12:19.504763+00:00
[2024-10-06T02:12:19.511+0000] {processor.py:179} INFO - Processing /home/airflow/.local/lib/python3.8/site-packages/airflow/example_dags/example_latest_only.py took 0.029 seconds
[2024-10-06T02:48:46.779+0000] {processor.py:157} INFO - Started process (PID=25949) to work on /home/airflow/.local/lib/python3.8/site-packages/airflow/example_dags/example_latest_only.py
[2024-10-06T02:48:46.780+0000] {processor.py:829} INFO - Processing file /home/airflow/.local/lib/python3.8/site-packages/airflow/example_dags/example_latest_only.py for tasks to queue
[2024-10-06T02:48:46.782+0000] {logging_mixin.py:154} INFO - [2024-10-06T02:48:46.782+0000] {dagbag.py:536} INFO - Filling up the DagBag from /home/airflow/.local/lib/python3.8/site-packages/airflow/example_dags/example_latest_only.py
[2024-10-06T02:48:46.786+0000] {processor.py:839} INFO - DAG(s) dict_keys(['latest_only']) retrieved from /home/airflow/.local/lib/python3.8/site-packages/airflow/example_dags/example_latest_only.py
[2024-10-06T02:48:46.801+0000] {logging_mixin.py:154} INFO - [2024-10-06T02:48:46.801+0000] {dag.py:2941} INFO - Sync 1 DAGs
[2024-10-06T02:48:46.815+0000] {logging_mixin.py:154} INFO - [2024-10-06T02:48:46.815+0000] {dag.py:3722} INFO - Setting next_dagrun for latest_only to 2024-10-05T22:48:46.815097+00:00, run_after=2024-10-06T02:48:46.815097+00:00
[2024-10-06T02:48:46.825+0000] {processor.py:179} INFO - Processing /home/airflow/.local/lib/python3.8/site-packages/airflow/example_dags/example_latest_only.py took 0.048 seconds
[2024-10-06T03:19:22.281+0000] {processor.py:157} INFO - Started process (PID=26003) to work on /home/airflow/.local/lib/python3.8/site-packages/airflow/example_dags/example_latest_only.py
[2024-10-06T03:19:22.282+0000] {processor.py:829} INFO - Processing file /home/airflow/.local/lib/python3.8/site-packages/airflow/example_dags/example_latest_only.py for tasks to queue
[2024-10-06T03:19:22.284+0000] {logging_mixin.py:154} INFO - [2024-10-06T03:19:22.284+0000] {dagbag.py:536} INFO - Filling up the DagBag from /home/airflow/.local/lib/python3.8/site-packages/airflow/example_dags/example_latest_only.py
[2024-10-06T03:19:22.288+0000] {processor.py:839} INFO - DAG(s) dict_keys(['latest_only']) retrieved from /home/airflow/.local/lib/python3.8/site-packages/airflow/example_dags/example_latest_only.py
[2024-10-06T03:19:22.302+0000] {logging_mixin.py:154} INFO - [2024-10-06T03:19:22.302+0000] {dag.py:2941} INFO - Sync 1 DAGs
[2024-10-06T03:19:22.314+0000] {logging_mixin.py:154} INFO - [2024-10-06T03:19:22.314+0000] {dag.py:3722} INFO - Setting next_dagrun for latest_only to 2024-10-05T23:19:22.314245+00:00, run_after=2024-10-06T03:19:22.314245+00:00
[2024-10-06T03:19:22.325+0000] {processor.py:179} INFO - Processing /home/airflow/.local/lib/python3.8/site-packages/airflow/example_dags/example_latest_only.py took 0.046 seconds
[2024-10-06T04:34:55.947+0000] {processor.py:157} INFO - Started process (PID=26057) to work on /home/airflow/.local/lib/python3.8/site-packages/airflow/example_dags/example_latest_only.py
[2024-10-06T04:34:55.948+0000] {processor.py:829} INFO - Processing file /home/airflow/.local/lib/python3.8/site-packages/airflow/example_dags/example_latest_only.py for tasks to queue
[2024-10-06T04:34:55.950+0000] {logging_mixin.py:154} INFO - [2024-10-06T04:34:55.950+0000] {dagbag.py:536} INFO - Filling up the DagBag from /home/airflow/.local/lib/python3.8/site-packages/airflow/example_dags/example_latest_only.py
[2024-10-06T04:34:55.953+0000] {processor.py:839} INFO - DAG(s) dict_keys(['latest_only']) retrieved from /home/airflow/.local/lib/python3.8/site-packages/airflow/example_dags/example_latest_only.py
[2024-10-06T04:34:55.967+0000] {logging_mixin.py:154} INFO - [2024-10-06T04:34:55.966+0000] {dag.py:2941} INFO - Sync 1 DAGs
[2024-10-06T04:34:55.978+0000] {logging_mixin.py:154} INFO - [2024-10-06T04:34:55.978+0000] {dag.py:3722} INFO - Setting next_dagrun for latest_only to 2024-10-06T00:34:55.978651+00:00, run_after=2024-10-06T04:34:55.978651+00:00
[2024-10-06T04:34:55.991+0000] {processor.py:179} INFO - Processing /home/airflow/.local/lib/python3.8/site-packages/airflow/example_dags/example_latest_only.py took 0.046 seconds
[2024-10-06T05:54:00.757+0000] {processor.py:157} INFO - Started process (PID=26111) to work on /home/airflow/.local/lib/python3.8/site-packages/airflow/example_dags/example_latest_only.py
[2024-10-06T05:54:00.757+0000] {processor.py:829} INFO - Processing file /home/airflow/.local/lib/python3.8/site-packages/airflow/example_dags/example_latest_only.py for tasks to queue
[2024-10-06T05:54:00.759+0000] {logging_mixin.py:154} INFO - [2024-10-06T05:54:00.759+0000] {dagbag.py:536} INFO - Filling up the DagBag from /home/airflow/.local/lib/python3.8/site-packages/airflow/example_dags/example_latest_only.py
[2024-10-06T05:54:00.761+0000] {processor.py:839} INFO - DAG(s) dict_keys(['latest_only']) retrieved from /home/airflow/.local/lib/python3.8/site-packages/airflow/example_dags/example_latest_only.py
[2024-10-06T05:54:00.771+0000] {logging_mixin.py:154} INFO - [2024-10-06T05:54:00.771+0000] {dag.py:2941} INFO - Sync 1 DAGs
[2024-10-06T05:54:00.779+0000] {logging_mixin.py:154} INFO - [2024-10-06T05:54:00.779+0000] {dag.py:3722} INFO - Setting next_dagrun for latest_only to 2024-10-06T01:54:00.779499+00:00, run_after=2024-10-06T05:54:00.779499+00:00
[2024-10-06T05:54:00.786+0000] {processor.py:179} INFO - Processing /home/airflow/.local/lib/python3.8/site-packages/airflow/example_dags/example_latest_only.py took 0.031 seconds
[2024-10-06T06:41:06.560+0000] {processor.py:157} INFO - Started process (PID=26165) to work on /home/airflow/.local/lib/python3.8/site-packages/airflow/example_dags/example_latest_only.py
[2024-10-06T06:41:06.561+0000] {processor.py:829} INFO - Processing file /home/airflow/.local/lib/python3.8/site-packages/airflow/example_dags/example_latest_only.py for tasks to queue
[2024-10-06T06:41:06.562+0000] {logging_mixin.py:154} INFO - [2024-10-06T06:41:06.562+0000] {dagbag.py:536} INFO - Filling up the DagBag from /home/airflow/.local/lib/python3.8/site-packages/airflow/example_dags/example_latest_only.py
[2024-10-06T06:41:06.564+0000] {processor.py:839} INFO - DAG(s) dict_keys(['latest_only']) retrieved from /home/airflow/.local/lib/python3.8/site-packages/airflow/example_dags/example_latest_only.py
[2024-10-06T06:41:06.572+0000] {logging_mixin.py:154} INFO - [2024-10-06T06:41:06.572+0000] {dag.py:2941} INFO - Sync 1 DAGs
[2024-10-06T06:41:06.580+0000] {logging_mixin.py:154} INFO - [2024-10-06T06:41:06.580+0000] {dag.py:3722} INFO - Setting next_dagrun for latest_only to 2024-10-06T02:41:06.580000+00:00, run_after=2024-10-06T06:41:06.580000+00:00
[2024-10-06T06:41:06.585+0000] {processor.py:179} INFO - Processing /home/airflow/.local/lib/python3.8/site-packages/airflow/example_dags/example_latest_only.py took 0.026 seconds
[2024-10-06T08:19:29.147+0000] {processor.py:157} INFO - Started process (PID=26219) to work on /home/airflow/.local/lib/python3.8/site-packages/airflow/example_dags/example_latest_only.py
[2024-10-06T08:19:29.148+0000] {processor.py:829} INFO - Processing file /home/airflow/.local/lib/python3.8/site-packages/airflow/example_dags/example_latest_only.py for tasks to queue
[2024-10-06T08:19:29.149+0000] {logging_mixin.py:154} INFO - [2024-10-06T08:19:29.149+0000] {dagbag.py:536} INFO - Filling up the DagBag from /home/airflow/.local/lib/python3.8/site-packages/airflow/example_dags/example_latest_only.py
[2024-10-06T08:19:29.151+0000] {processor.py:839} INFO - DAG(s) dict_keys(['latest_only']) retrieved from /home/airflow/.local/lib/python3.8/site-packages/airflow/example_dags/example_latest_only.py
[2024-10-06T08:19:29.159+0000] {logging_mixin.py:154} INFO - [2024-10-06T08:19:29.159+0000] {dag.py:2941} INFO - Sync 1 DAGs
[2024-10-06T08:19:29.167+0000] {logging_mixin.py:154} INFO - [2024-10-06T08:19:29.167+0000] {dag.py:3722} INFO - Setting next_dagrun for latest_only to 2024-10-06T04:19:29.167376+00:00, run_after=2024-10-06T08:19:29.167376+00:00
[2024-10-06T08:19:29.175+0000] {processor.py:179} INFO - Processing /home/airflow/.local/lib/python3.8/site-packages/airflow/example_dags/example_latest_only.py took 0.029 seconds
[2024-10-06T09:31:45.265+0000] {processor.py:157} INFO - Started process (PID=26273) to work on /home/airflow/.local/lib/python3.8/site-packages/airflow/example_dags/example_latest_only.py
[2024-10-06T09:31:45.266+0000] {processor.py:829} INFO - Processing file /home/airflow/.local/lib/python3.8/site-packages/airflow/example_dags/example_latest_only.py for tasks to queue
[2024-10-06T09:31:45.267+0000] {logging_mixin.py:154} INFO - [2024-10-06T09:31:45.267+0000] {dagbag.py:536} INFO - Filling up the DagBag from /home/airflow/.local/lib/python3.8/site-packages/airflow/example_dags/example_latest_only.py
[2024-10-06T09:31:45.269+0000] {processor.py:839} INFO - DAG(s) dict_keys(['latest_only']) retrieved from /home/airflow/.local/lib/python3.8/site-packages/airflow/example_dags/example_latest_only.py
[2024-10-06T09:31:45.278+0000] {logging_mixin.py:154} INFO - [2024-10-06T09:31:45.278+0000] {dag.py:2941} INFO - Sync 1 DAGs
[2024-10-06T09:31:45.287+0000] {logging_mixin.py:154} INFO - [2024-10-06T09:31:45.287+0000] {dag.py:3722} INFO - Setting next_dagrun for latest_only to 2024-10-06T05:31:45.287392+00:00, run_after=2024-10-06T09:31:45.287392+00:00
[2024-10-06T09:31:45.293+0000] {processor.py:179} INFO - Processing /home/airflow/.local/lib/python3.8/site-packages/airflow/example_dags/example_latest_only.py took 0.030 seconds
[2024-10-06T10:45:24.954+0000] {processor.py:157} INFO - Started process (PID=26327) to work on /home/airflow/.local/lib/python3.8/site-packages/airflow/example_dags/example_latest_only.py
[2024-10-06T10:45:24.954+0000] {processor.py:829} INFO - Processing file /home/airflow/.local/lib/python3.8/site-packages/airflow/example_dags/example_latest_only.py for tasks to queue
[2024-10-06T10:45:24.956+0000] {logging_mixin.py:154} INFO - [2024-10-06T10:45:24.956+0000] {dagbag.py:536} INFO - Filling up the DagBag from /home/airflow/.local/lib/python3.8/site-packages/airflow/example_dags/example_latest_only.py
[2024-10-06T10:45:24.959+0000] {processor.py:839} INFO - DAG(s) dict_keys(['latest_only']) retrieved from /home/airflow/.local/lib/python3.8/site-packages/airflow/example_dags/example_latest_only.py
[2024-10-06T10:45:24.972+0000] {logging_mixin.py:154} INFO - [2024-10-06T10:45:24.972+0000] {dag.py:2941} INFO - Sync 1 DAGs
[2024-10-06T10:45:24.984+0000] {logging_mixin.py:154} INFO - [2024-10-06T10:45:24.984+0000] {dag.py:3722} INFO - Setting next_dagrun for latest_only to 2024-10-06T06:45:24.984053+00:00, run_after=2024-10-06T10:45:24.984053+00:00
[2024-10-06T10:45:24.994+0000] {processor.py:179} INFO - Processing /home/airflow/.local/lib/python3.8/site-packages/airflow/example_dags/example_latest_only.py took 0.043 seconds
[2024-10-06T11:46:25.405+0000] {processor.py:157} INFO - Started process (PID=26381) to work on /home/airflow/.local/lib/python3.8/site-packages/airflow/example_dags/example_latest_only.py
[2024-10-06T11:46:25.406+0000] {processor.py:829} INFO - Processing file /home/airflow/.local/lib/python3.8/site-packages/airflow/example_dags/example_latest_only.py for tasks to queue
[2024-10-06T11:46:25.412+0000] {logging_mixin.py:154} INFO - [2024-10-06T11:46:25.411+0000] {dagbag.py:536} INFO - Filling up the DagBag from /home/airflow/.local/lib/python3.8/site-packages/airflow/example_dags/example_latest_only.py
[2024-10-06T11:46:25.420+0000] {processor.py:839} INFO - DAG(s) dict_keys(['latest_only']) retrieved from /home/airflow/.local/lib/python3.8/site-packages/airflow/example_dags/example_latest_only.py
[2024-10-06T11:46:25.453+0000] {logging_mixin.py:154} INFO - [2024-10-06T11:46:25.452+0000] {dag.py:2941} INFO - Sync 1 DAGs
[2024-10-06T11:46:25.479+0000] {logging_mixin.py:154} INFO - [2024-10-06T11:46:25.479+0000] {dag.py:3722} INFO - Setting next_dagrun for latest_only to 2024-10-06T07:46:25.478670+00:00, run_after=2024-10-06T11:46:25.478670+00:00
[2024-10-06T11:46:25.510+0000] {processor.py:179} INFO - Processing /home/airflow/.local/lib/python3.8/site-packages/airflow/example_dags/example_latest_only.py took 0.110 seconds
[2024-10-06T12:33:57.077+0000] {processor.py:157} INFO - Started process (PID=26435) to work on /home/airflow/.local/lib/python3.8/site-packages/airflow/example_dags/example_latest_only.py
[2024-10-06T12:33:57.078+0000] {processor.py:829} INFO - Processing file /home/airflow/.local/lib/python3.8/site-packages/airflow/example_dags/example_latest_only.py for tasks to queue
[2024-10-06T12:33:57.080+0000] {logging_mixin.py:154} INFO - [2024-10-06T12:33:57.080+0000] {dagbag.py:536} INFO - Filling up the DagBag from /home/airflow/.local/lib/python3.8/site-packages/airflow/example_dags/example_latest_only.py
[2024-10-06T12:33:57.083+0000] {processor.py:839} INFO - DAG(s) dict_keys(['latest_only']) retrieved from /home/airflow/.local/lib/python3.8/site-packages/airflow/example_dags/example_latest_only.py
[2024-10-06T12:33:57.096+0000] {logging_mixin.py:154} INFO - [2024-10-06T12:33:57.095+0000] {dag.py:2941} INFO - Sync 1 DAGs
[2024-10-06T12:33:57.108+0000] {logging_mixin.py:154} INFO - [2024-10-06T12:33:57.107+0000] {dag.py:3722} INFO - Setting next_dagrun for latest_only to 2024-10-06T08:33:57.107736+00:00, run_after=2024-10-06T12:33:57.107736+00:00
[2024-10-06T12:33:57.119+0000] {processor.py:179} INFO - Processing /home/airflow/.local/lib/python3.8/site-packages/airflow/example_dags/example_latest_only.py took 0.045 seconds
[2024-10-06T13:17:27.642+0000] {processor.py:157} INFO - Started process (PID=26489) to work on /home/airflow/.local/lib/python3.8/site-packages/airflow/example_dags/example_latest_only.py
[2024-10-06T13:17:27.642+0000] {processor.py:829} INFO - Processing file /home/airflow/.local/lib/python3.8/site-packages/airflow/example_dags/example_latest_only.py for tasks to queue
[2024-10-06T13:17:27.644+0000] {logging_mixin.py:154} INFO - [2024-10-06T13:17:27.644+0000] {dagbag.py:536} INFO - Filling up the DagBag from /home/airflow/.local/lib/python3.8/site-packages/airflow/example_dags/example_latest_only.py
[2024-10-06T13:17:27.647+0000] {processor.py:839} INFO - DAG(s) dict_keys(['latest_only']) retrieved from /home/airflow/.local/lib/python3.8/site-packages/airflow/example_dags/example_latest_only.py
[2024-10-06T13:17:27.658+0000] {logging_mixin.py:154} INFO - [2024-10-06T13:17:27.657+0000] {dag.py:2941} INFO - Sync 1 DAGs
[2024-10-06T13:17:27.669+0000] {logging_mixin.py:154} INFO - [2024-10-06T13:17:27.668+0000] {dag.py:3722} INFO - Setting next_dagrun for latest_only to 2024-10-06T09:17:27.668853+00:00, run_after=2024-10-06T13:17:27.668853+00:00
[2024-10-06T13:17:27.678+0000] {processor.py:179} INFO - Processing /home/airflow/.local/lib/python3.8/site-packages/airflow/example_dags/example_latest_only.py took 0.038 seconds
[2024-10-06T14:49:26.128+0000] {processor.py:157} INFO - Started process (PID=26543) to work on /home/airflow/.local/lib/python3.8/site-packages/airflow/example_dags/example_latest_only.py
[2024-10-06T14:49:26.129+0000] {processor.py:829} INFO - Processing file /home/airflow/.local/lib/python3.8/site-packages/airflow/example_dags/example_latest_only.py for tasks to queue
[2024-10-06T14:49:26.131+0000] {logging_mixin.py:154} INFO - [2024-10-06T14:49:26.131+0000] {dagbag.py:536} INFO - Filling up the DagBag from /home/airflow/.local/lib/python3.8/site-packages/airflow/example_dags/example_latest_only.py
[2024-10-06T14:49:26.135+0000] {processor.py:839} INFO - DAG(s) dict_keys(['latest_only']) retrieved from /home/airflow/.local/lib/python3.8/site-packages/airflow/example_dags/example_latest_only.py
[2024-10-06T14:49:26.148+0000] {logging_mixin.py:154} INFO - [2024-10-06T14:49:26.148+0000] {dag.py:2941} INFO - Sync 1 DAGs
[2024-10-06T14:49:26.162+0000] {logging_mixin.py:154} INFO - [2024-10-06T14:49:26.162+0000] {dag.py:3722} INFO - Setting next_dagrun for latest_only to 2024-10-06T10:49:26.161917+00:00, run_after=2024-10-06T14:49:26.161917+00:00
[2024-10-06T14:49:26.173+0000] {processor.py:179} INFO - Processing /home/airflow/.local/lib/python3.8/site-packages/airflow/example_dags/example_latest_only.py took 0.047 seconds
[2024-10-06T15:50:30.262+0000] {processor.py:157} INFO - Started process (PID=26597) to work on /home/airflow/.local/lib/python3.8/site-packages/airflow/example_dags/example_latest_only.py
[2024-10-06T15:50:30.263+0000] {processor.py:829} INFO - Processing file /home/airflow/.local/lib/python3.8/site-packages/airflow/example_dags/example_latest_only.py for tasks to queue
[2024-10-06T15:50:30.265+0000] {logging_mixin.py:154} INFO - [2024-10-06T15:50:30.265+0000] {dagbag.py:536} INFO - Filling up the DagBag from /home/airflow/.local/lib/python3.8/site-packages/airflow/example_dags/example_latest_only.py
[2024-10-06T15:50:30.268+0000] {processor.py:839} INFO - DAG(s) dict_keys(['latest_only']) retrieved from /home/airflow/.local/lib/python3.8/site-packages/airflow/example_dags/example_latest_only.py
[2024-10-06T15:50:30.280+0000] {logging_mixin.py:154} INFO - [2024-10-06T15:50:30.280+0000] {dag.py:2941} INFO - Sync 1 DAGs
[2024-10-06T15:50:30.291+0000] {logging_mixin.py:154} INFO - [2024-10-06T15:50:30.291+0000] {dag.py:3722} INFO - Setting next_dagrun for latest_only to 2024-10-06T11:50:30.291693+00:00, run_after=2024-10-06T15:50:30.291693+00:00
[2024-10-06T15:50:30.302+0000] {processor.py:179} INFO - Processing /home/airflow/.local/lib/python3.8/site-packages/airflow/example_dags/example_latest_only.py took 0.042 seconds
[2024-10-06T16:11:23.366+0000] {processor.py:157} INFO - Started process (PID=26651) to work on /home/airflow/.local/lib/python3.8/site-packages/airflow/example_dags/example_latest_only.py
[2024-10-06T16:11:23.367+0000] {processor.py:829} INFO - Processing file /home/airflow/.local/lib/python3.8/site-packages/airflow/example_dags/example_latest_only.py for tasks to queue
[2024-10-06T16:11:23.371+0000] {logging_mixin.py:154} INFO - [2024-10-06T16:11:23.371+0000] {dagbag.py:536} INFO - Filling up the DagBag from /home/airflow/.local/lib/python3.8/site-packages/airflow/example_dags/example_latest_only.py
[2024-10-06T16:11:23.375+0000] {processor.py:839} INFO - DAG(s) dict_keys(['latest_only']) retrieved from /home/airflow/.local/lib/python3.8/site-packages/airflow/example_dags/example_latest_only.py
[2024-10-06T16:11:23.392+0000] {logging_mixin.py:154} INFO - [2024-10-06T16:11:23.392+0000] {dag.py:2941} INFO - Sync 1 DAGs
[2024-10-06T16:11:23.406+0000] {logging_mixin.py:154} INFO - [2024-10-06T16:11:23.406+0000] {dag.py:3722} INFO - Setting next_dagrun for latest_only to 2024-10-06T12:11:23.406264+00:00, run_after=2024-10-06T16:11:23.406264+00:00
[2024-10-06T16:11:23.419+0000] {processor.py:179} INFO - Processing /home/airflow/.local/lib/python3.8/site-packages/airflow/example_dags/example_latest_only.py took 0.057 seconds
[2024-10-06T16:17:00.287+0000] {processor.py:157} INFO - Started process (PID=26705) to work on /home/airflow/.local/lib/python3.8/site-packages/airflow/example_dags/example_latest_only.py
[2024-10-06T16:17:00.288+0000] {processor.py:829} INFO - Processing file /home/airflow/.local/lib/python3.8/site-packages/airflow/example_dags/example_latest_only.py for tasks to queue
[2024-10-06T16:17:00.290+0000] {logging_mixin.py:154} INFO - [2024-10-06T16:17:00.290+0000] {dagbag.py:536} INFO - Filling up the DagBag from /home/airflow/.local/lib/python3.8/site-packages/airflow/example_dags/example_latest_only.py
[2024-10-06T16:17:00.296+0000] {processor.py:839} INFO - DAG(s) dict_keys(['latest_only']) retrieved from /home/airflow/.local/lib/python3.8/site-packages/airflow/example_dags/example_latest_only.py
[2024-10-06T16:17:00.308+0000] {logging_mixin.py:154} INFO - [2024-10-06T16:17:00.307+0000] {dag.py:2941} INFO - Sync 1 DAGs
[2024-10-06T16:17:00.319+0000] {logging_mixin.py:154} INFO - [2024-10-06T16:17:00.319+0000] {dag.py:3722} INFO - Setting next_dagrun for latest_only to 2024-10-06T12:17:00.318871+00:00, run_after=2024-10-06T16:17:00.318871+00:00
[2024-10-06T16:17:00.329+0000] {processor.py:179} INFO - Processing /home/airflow/.local/lib/python3.8/site-packages/airflow/example_dags/example_latest_only.py took 0.044 seconds
[2024-10-06T17:25:37.184+0000] {processor.py:157} INFO - Started process (PID=26759) to work on /home/airflow/.local/lib/python3.8/site-packages/airflow/example_dags/example_latest_only.py
[2024-10-06T17:25:37.185+0000] {processor.py:829} INFO - Processing file /home/airflow/.local/lib/python3.8/site-packages/airflow/example_dags/example_latest_only.py for tasks to queue
[2024-10-06T17:25:37.186+0000] {logging_mixin.py:154} INFO - [2024-10-06T17:25:37.186+0000] {dagbag.py:536} INFO - Filling up the DagBag from /home/airflow/.local/lib/python3.8/site-packages/airflow/example_dags/example_latest_only.py
[2024-10-06T17:25:37.189+0000] {processor.py:839} INFO - DAG(s) dict_keys(['latest_only']) retrieved from /home/airflow/.local/lib/python3.8/site-packages/airflow/example_dags/example_latest_only.py
[2024-10-06T17:25:37.201+0000] {logging_mixin.py:154} INFO - [2024-10-06T17:25:37.201+0000] {dag.py:2941} INFO - Sync 1 DAGs
[2024-10-06T17:25:37.211+0000] {logging_mixin.py:154} INFO - [2024-10-06T17:25:37.211+0000] {dag.py:3722} INFO - Setting next_dagrun for latest_only to 2024-10-06T13:25:37.211732+00:00, run_after=2024-10-06T17:25:37.211732+00:00
[2024-10-06T17:25:37.220+0000] {processor.py:179} INFO - Processing /home/airflow/.local/lib/python3.8/site-packages/airflow/example_dags/example_latest_only.py took 0.038 seconds
[2024-10-06T17:48:09.571+0000] {processor.py:157} INFO - Started process (PID=26813) to work on /home/airflow/.local/lib/python3.8/site-packages/airflow/example_dags/example_latest_only.py
[2024-10-06T17:48:09.572+0000] {processor.py:829} INFO - Processing file /home/airflow/.local/lib/python3.8/site-packages/airflow/example_dags/example_latest_only.py for tasks to queue
[2024-10-06T17:48:09.574+0000] {logging_mixin.py:154} INFO - [2024-10-06T17:48:09.573+0000] {dagbag.py:536} INFO - Filling up the DagBag from /home/airflow/.local/lib/python3.8/site-packages/airflow/example_dags/example_latest_only.py
[2024-10-06T17:48:09.577+0000] {processor.py:839} INFO - DAG(s) dict_keys(['latest_only']) retrieved from /home/airflow/.local/lib/python3.8/site-packages/airflow/example_dags/example_latest_only.py
[2024-10-06T17:48:09.589+0000] {logging_mixin.py:154} INFO - [2024-10-06T17:48:09.589+0000] {dag.py:2941} INFO - Sync 1 DAGs
[2024-10-06T17:48:09.601+0000] {logging_mixin.py:154} INFO - [2024-10-06T17:48:09.601+0000] {dag.py:3722} INFO - Setting next_dagrun for latest_only to 2024-10-06T13:48:09.601002+00:00, run_after=2024-10-06T17:48:09.601002+00:00
[2024-10-06T17:48:09.611+0000] {processor.py:179} INFO - Processing /home/airflow/.local/lib/python3.8/site-packages/airflow/example_dags/example_latest_only.py took 0.042 seconds
[2024-10-06T18:17:57.916+0000] {processor.py:157} INFO - Started process (PID=26867) to work on /home/airflow/.local/lib/python3.8/site-packages/airflow/example_dags/example_latest_only.py
[2024-10-06T18:17:57.917+0000] {processor.py:829} INFO - Processing file /home/airflow/.local/lib/python3.8/site-packages/airflow/example_dags/example_latest_only.py for tasks to queue
[2024-10-06T18:17:57.918+0000] {logging_mixin.py:154} INFO - [2024-10-06T18:17:57.918+0000] {dagbag.py:536} INFO - Filling up the DagBag from /home/airflow/.local/lib/python3.8/site-packages/airflow/example_dags/example_latest_only.py
[2024-10-06T18:17:57.920+0000] {processor.py:839} INFO - DAG(s) dict_keys(['latest_only']) retrieved from /home/airflow/.local/lib/python3.8/site-packages/airflow/example_dags/example_latest_only.py
[2024-10-06T18:17:57.929+0000] {logging_mixin.py:154} INFO - [2024-10-06T18:17:57.928+0000] {dag.py:2941} INFO - Sync 1 DAGs
[2024-10-06T18:17:57.936+0000] {logging_mixin.py:154} INFO - [2024-10-06T18:17:57.936+0000] {dag.py:3722} INFO - Setting next_dagrun for latest_only to 2024-10-06T14:17:57.936774+00:00, run_after=2024-10-06T18:17:57.936774+00:00
[2024-10-06T18:17:57.942+0000] {processor.py:179} INFO - Processing /home/airflow/.local/lib/python3.8/site-packages/airflow/example_dags/example_latest_only.py took 0.027 seconds
[2024-10-06T19:43:22.450+0000] {processor.py:157} INFO - Started process (PID=26921) to work on /home/airflow/.local/lib/python3.8/site-packages/airflow/example_dags/example_latest_only.py
[2024-10-06T19:43:22.451+0000] {processor.py:829} INFO - Processing file /home/airflow/.local/lib/python3.8/site-packages/airflow/example_dags/example_latest_only.py for tasks to queue
[2024-10-06T19:43:22.453+0000] {logging_mixin.py:154} INFO - [2024-10-06T19:43:22.453+0000] {dagbag.py:536} INFO - Filling up the DagBag from /home/airflow/.local/lib/python3.8/site-packages/airflow/example_dags/example_latest_only.py
[2024-10-06T19:43:22.456+0000] {processor.py:839} INFO - DAG(s) dict_keys(['latest_only']) retrieved from /home/airflow/.local/lib/python3.8/site-packages/airflow/example_dags/example_latest_only.py
[2024-10-06T19:43:22.469+0000] {logging_mixin.py:154} INFO - [2024-10-06T19:43:22.468+0000] {dag.py:2941} INFO - Sync 1 DAGs
[2024-10-06T19:43:22.480+0000] {logging_mixin.py:154} INFO - [2024-10-06T19:43:22.480+0000] {dag.py:3722} INFO - Setting next_dagrun for latest_only to 2024-10-06T15:43:22.480076+00:00, run_after=2024-10-06T19:43:22.480076+00:00
[2024-10-06T19:43:22.489+0000] {processor.py:179} INFO - Processing /home/airflow/.local/lib/python3.8/site-packages/airflow/example_dags/example_latest_only.py took 0.041 seconds
[2024-10-06T20:31:09.632+0000] {processor.py:157} INFO - Started process (PID=26975) to work on /home/airflow/.local/lib/python3.8/site-packages/airflow/example_dags/example_latest_only.py
[2024-10-06T20:31:09.633+0000] {processor.py:829} INFO - Processing file /home/airflow/.local/lib/python3.8/site-packages/airflow/example_dags/example_latest_only.py for tasks to queue
[2024-10-06T20:31:09.634+0000] {logging_mixin.py:154} INFO - [2024-10-06T20:31:09.634+0000] {dagbag.py:536} INFO - Filling up the DagBag from /home/airflow/.local/lib/python3.8/site-packages/airflow/example_dags/example_latest_only.py
[2024-10-06T20:31:09.636+0000] {processor.py:839} INFO - DAG(s) dict_keys(['latest_only']) retrieved from /home/airflow/.local/lib/python3.8/site-packages/airflow/example_dags/example_latest_only.py
[2024-10-06T20:31:09.644+0000] {logging_mixin.py:154} INFO - [2024-10-06T20:31:09.644+0000] {dag.py:2941} INFO - Sync 1 DAGs
[2024-10-06T20:31:09.652+0000] {logging_mixin.py:154} INFO - [2024-10-06T20:31:09.652+0000] {dag.py:3722} INFO - Setting next_dagrun for latest_only to 2024-10-06T16:31:09.652147+00:00, run_after=2024-10-06T20:31:09.652147+00:00
[2024-10-06T20:31:09.658+0000] {processor.py:179} INFO - Processing /home/airflow/.local/lib/python3.8/site-packages/airflow/example_dags/example_latest_only.py took 0.027 seconds
[2024-10-06T20:40:14.556+0000] {processor.py:157} INFO - Started process (PID=27029) to work on /home/airflow/.local/lib/python3.8/site-packages/airflow/example_dags/example_latest_only.py
[2024-10-06T20:40:14.556+0000] {processor.py:829} INFO - Processing file /home/airflow/.local/lib/python3.8/site-packages/airflow/example_dags/example_latest_only.py for tasks to queue
[2024-10-06T20:40:14.558+0000] {logging_mixin.py:154} INFO - [2024-10-06T20:40:14.558+0000] {dagbag.py:536} INFO - Filling up the DagBag from /home/airflow/.local/lib/python3.8/site-packages/airflow/example_dags/example_latest_only.py
[2024-10-06T20:40:14.560+0000] {processor.py:839} INFO - DAG(s) dict_keys(['latest_only']) retrieved from /home/airflow/.local/lib/python3.8/site-packages/airflow/example_dags/example_latest_only.py
[2024-10-06T20:40:14.569+0000] {logging_mixin.py:154} INFO - [2024-10-06T20:40:14.569+0000] {dag.py:2941} INFO - Sync 1 DAGs
[2024-10-06T20:40:14.578+0000] {logging_mixin.py:154} INFO - [2024-10-06T20:40:14.578+0000] {dag.py:3722} INFO - Setting next_dagrun for latest_only to 2024-10-06T16:40:14.577921+00:00, run_after=2024-10-06T20:40:14.577921+00:00
[2024-10-06T20:40:14.585+0000] {processor.py:179} INFO - Processing /home/airflow/.local/lib/python3.8/site-packages/airflow/example_dags/example_latest_only.py took 0.030 seconds
[2024-10-06T20:43:24.921+0000] {processor.py:157} INFO - Started process (PID=27083) to work on /home/airflow/.local/lib/python3.8/site-packages/airflow/example_dags/example_latest_only.py
[2024-10-06T20:43:24.921+0000] {processor.py:829} INFO - Processing file /home/airflow/.local/lib/python3.8/site-packages/airflow/example_dags/example_latest_only.py for tasks to queue
[2024-10-06T20:43:24.923+0000] {logging_mixin.py:154} INFO - [2024-10-06T20:43:24.922+0000] {dagbag.py:536} INFO - Filling up the DagBag from /home/airflow/.local/lib/python3.8/site-packages/airflow/example_dags/example_latest_only.py
[2024-10-06T20:43:24.925+0000] {processor.py:839} INFO - DAG(s) dict_keys(['latest_only']) retrieved from /home/airflow/.local/lib/python3.8/site-packages/airflow/example_dags/example_latest_only.py
[2024-10-06T20:43:24.934+0000] {logging_mixin.py:154} INFO - [2024-10-06T20:43:24.933+0000] {dag.py:2941} INFO - Sync 1 DAGs
[2024-10-06T20:43:24.942+0000] {logging_mixin.py:154} INFO - [2024-10-06T20:43:24.942+0000] {dag.py:3722} INFO - Setting next_dagrun for latest_only to 2024-10-06T16:43:24.942273+00:00, run_after=2024-10-06T20:43:24.942273+00:00
[2024-10-06T20:43:24.948+0000] {processor.py:179} INFO - Processing /home/airflow/.local/lib/python3.8/site-packages/airflow/example_dags/example_latest_only.py took 0.029 seconds
[2024-10-06T21:12:03.118+0000] {processor.py:157} INFO - Started process (PID=27137) to work on /home/airflow/.local/lib/python3.8/site-packages/airflow/example_dags/example_latest_only.py
[2024-10-06T21:12:03.119+0000] {processor.py:829} INFO - Processing file /home/airflow/.local/lib/python3.8/site-packages/airflow/example_dags/example_latest_only.py for tasks to queue
[2024-10-06T21:12:03.121+0000] {logging_mixin.py:154} INFO - [2024-10-06T21:12:03.120+0000] {dagbag.py:536} INFO - Filling up the DagBag from /home/airflow/.local/lib/python3.8/site-packages/airflow/example_dags/example_latest_only.py
[2024-10-06T21:12:03.124+0000] {processor.py:839} INFO - DAG(s) dict_keys(['latest_only']) retrieved from /home/airflow/.local/lib/python3.8/site-packages/airflow/example_dags/example_latest_only.py
[2024-10-06T21:12:03.136+0000] {logging_mixin.py:154} INFO - [2024-10-06T21:12:03.135+0000] {dag.py:2941} INFO - Sync 1 DAGs
[2024-10-06T21:12:03.148+0000] {logging_mixin.py:154} INFO - [2024-10-06T21:12:03.147+0000] {dag.py:3722} INFO - Setting next_dagrun for latest_only to 2024-10-06T17:12:03.147822+00:00, run_after=2024-10-06T21:12:03.147822+00:00
[2024-10-06T21:12:03.157+0000] {processor.py:179} INFO - Processing /home/airflow/.local/lib/python3.8/site-packages/airflow/example_dags/example_latest_only.py took 0.041 seconds
[2024-10-06T21:13:25.974+0000] {processor.py:157} INFO - Started process (PID=27191) to work on /home/airflow/.local/lib/python3.8/site-packages/airflow/example_dags/example_latest_only.py
[2024-10-06T21:13:25.975+0000] {processor.py:829} INFO - Processing file /home/airflow/.local/lib/python3.8/site-packages/airflow/example_dags/example_latest_only.py for tasks to queue
[2024-10-06T21:13:25.976+0000] {logging_mixin.py:154} INFO - [2024-10-06T21:13:25.976+0000] {dagbag.py:536} INFO - Filling up the DagBag from /home/airflow/.local/lib/python3.8/site-packages/airflow/example_dags/example_latest_only.py
[2024-10-06T21:13:25.978+0000] {processor.py:839} INFO - DAG(s) dict_keys(['latest_only']) retrieved from /home/airflow/.local/lib/python3.8/site-packages/airflow/example_dags/example_latest_only.py
[2024-10-06T21:13:25.987+0000] {logging_mixin.py:154} INFO - [2024-10-06T21:13:25.987+0000] {dag.py:2941} INFO - Sync 1 DAGs
[2024-10-06T21:13:25.995+0000] {logging_mixin.py:154} INFO - [2024-10-06T21:13:25.995+0000] {dag.py:3722} INFO - Setting next_dagrun for latest_only to 2024-10-06T17:13:25.995416+00:00, run_after=2024-10-06T21:13:25.995416+00:00
[2024-10-06T21:13:26.002+0000] {processor.py:179} INFO - Processing /home/airflow/.local/lib/python3.8/site-packages/airflow/example_dags/example_latest_only.py took 0.029 seconds
[2024-10-06T21:24:00.084+0000] {processor.py:157} INFO - Started process (PID=27245) to work on /home/airflow/.local/lib/python3.8/site-packages/airflow/example_dags/example_latest_only.py
[2024-10-06T21:24:00.084+0000] {processor.py:829} INFO - Processing file /home/airflow/.local/lib/python3.8/site-packages/airflow/example_dags/example_latest_only.py for tasks to queue
[2024-10-06T21:24:00.085+0000] {logging_mixin.py:154} INFO - [2024-10-06T21:24:00.085+0000] {dagbag.py:536} INFO - Filling up the DagBag from /home/airflow/.local/lib/python3.8/site-packages/airflow/example_dags/example_latest_only.py
[2024-10-06T21:24:00.087+0000] {processor.py:839} INFO - DAG(s) dict_keys(['latest_only']) retrieved from /home/airflow/.local/lib/python3.8/site-packages/airflow/example_dags/example_latest_only.py
[2024-10-06T21:24:00.095+0000] {logging_mixin.py:154} INFO - [2024-10-06T21:24:00.095+0000] {dag.py:2941} INFO - Sync 1 DAGs
[2024-10-06T21:24:00.103+0000] {logging_mixin.py:154} INFO - [2024-10-06T21:24:00.102+0000] {dag.py:3722} INFO - Setting next_dagrun for latest_only to 2024-10-06T17:24:00.102912+00:00, run_after=2024-10-06T21:24:00.102912+00:00
[2024-10-06T21:24:00.108+0000] {processor.py:179} INFO - Processing /home/airflow/.local/lib/python3.8/site-packages/airflow/example_dags/example_latest_only.py took 0.026 seconds
[2024-10-06T22:02:21.783+0000] {processor.py:157} INFO - Started process (PID=27299) to work on /home/airflow/.local/lib/python3.8/site-packages/airflow/example_dags/example_latest_only.py
[2024-10-06T22:02:21.783+0000] {processor.py:829} INFO - Processing file /home/airflow/.local/lib/python3.8/site-packages/airflow/example_dags/example_latest_only.py for tasks to queue
[2024-10-06T22:02:21.784+0000] {logging_mixin.py:154} INFO - [2024-10-06T22:02:21.784+0000] {dagbag.py:536} INFO - Filling up the DagBag from /home/airflow/.local/lib/python3.8/site-packages/airflow/example_dags/example_latest_only.py
[2024-10-06T22:02:21.787+0000] {processor.py:839} INFO - DAG(s) dict_keys(['latest_only']) retrieved from /home/airflow/.local/lib/python3.8/site-packages/airflow/example_dags/example_latest_only.py
[2024-10-06T22:02:21.796+0000] {logging_mixin.py:154} INFO - [2024-10-06T22:02:21.796+0000] {dag.py:2941} INFO - Sync 1 DAGs
[2024-10-06T22:02:21.805+0000] {logging_mixin.py:154} INFO - [2024-10-06T22:02:21.804+0000] {dag.py:3722} INFO - Setting next_dagrun for latest_only to 2024-10-06T18:02:21.804863+00:00, run_after=2024-10-06T22:02:21.804863+00:00
[2024-10-06T22:02:21.811+0000] {processor.py:179} INFO - Processing /home/airflow/.local/lib/python3.8/site-packages/airflow/example_dags/example_latest_only.py took 0.030 seconds
[2024-10-06T22:28:54.759+0000] {processor.py:157} INFO - Started process (PID=27353) to work on /home/airflow/.local/lib/python3.8/site-packages/airflow/example_dags/example_latest_only.py
[2024-10-06T22:28:54.759+0000] {processor.py:829} INFO - Processing file /home/airflow/.local/lib/python3.8/site-packages/airflow/example_dags/example_latest_only.py for tasks to queue
[2024-10-06T22:28:54.761+0000] {logging_mixin.py:154} INFO - [2024-10-06T22:28:54.760+0000] {dagbag.py:536} INFO - Filling up the DagBag from /home/airflow/.local/lib/python3.8/site-packages/airflow/example_dags/example_latest_only.py
[2024-10-06T22:28:54.763+0000] {processor.py:839} INFO - DAG(s) dict_keys(['latest_only']) retrieved from /home/airflow/.local/lib/python3.8/site-packages/airflow/example_dags/example_latest_only.py
[2024-10-06T22:28:54.772+0000] {logging_mixin.py:154} INFO - [2024-10-06T22:28:54.772+0000] {dag.py:2941} INFO - Sync 1 DAGs
[2024-10-06T22:28:54.779+0000] {logging_mixin.py:154} INFO - [2024-10-06T22:28:54.779+0000] {dag.py:3722} INFO - Setting next_dagrun for latest_only to 2024-10-06T18:28:54.779772+00:00, run_after=2024-10-06T22:28:54.779772+00:00
[2024-10-06T22:28:54.786+0000] {processor.py:179} INFO - Processing /home/airflow/.local/lib/python3.8/site-packages/airflow/example_dags/example_latest_only.py took 0.028 seconds
[2024-10-06T22:59:44.218+0000] {processor.py:157} INFO - Started process (PID=27407) to work on /home/airflow/.local/lib/python3.8/site-packages/airflow/example_dags/example_latest_only.py
[2024-10-06T22:59:44.218+0000] {processor.py:829} INFO - Processing file /home/airflow/.local/lib/python3.8/site-packages/airflow/example_dags/example_latest_only.py for tasks to queue
[2024-10-06T22:59:44.221+0000] {logging_mixin.py:154} INFO - [2024-10-06T22:59:44.221+0000] {dagbag.py:536} INFO - Filling up the DagBag from /home/airflow/.local/lib/python3.8/site-packages/airflow/example_dags/example_latest_only.py
[2024-10-06T22:59:44.225+0000] {processor.py:839} INFO - DAG(s) dict_keys(['latest_only']) retrieved from /home/airflow/.local/lib/python3.8/site-packages/airflow/example_dags/example_latest_only.py
[2024-10-06T22:59:44.239+0000] {logging_mixin.py:154} INFO - [2024-10-06T22:59:44.239+0000] {dag.py:2941} INFO - Sync 1 DAGs
[2024-10-06T22:59:44.255+0000] {logging_mixin.py:154} INFO - [2024-10-06T22:59:44.255+0000] {dag.py:3722} INFO - Setting next_dagrun for latest_only to 2024-10-06T18:59:44.255179+00:00, run_after=2024-10-06T22:59:44.255179+00:00
[2024-10-06T22:59:44.269+0000] {processor.py:179} INFO - Processing /home/airflow/.local/lib/python3.8/site-packages/airflow/example_dags/example_latest_only.py took 0.053 seconds
[2024-10-06T23:00:15.127+0000] {processor.py:157} INFO - Started process (PID=27461) to work on /home/airflow/.local/lib/python3.8/site-packages/airflow/example_dags/example_latest_only.py
[2024-10-06T23:00:15.128+0000] {processor.py:829} INFO - Processing file /home/airflow/.local/lib/python3.8/site-packages/airflow/example_dags/example_latest_only.py for tasks to queue
[2024-10-06T23:00:15.130+0000] {logging_mixin.py:154} INFO - [2024-10-06T23:00:15.130+0000] {dagbag.py:536} INFO - Filling up the DagBag from /home/airflow/.local/lib/python3.8/site-packages/airflow/example_dags/example_latest_only.py
[2024-10-06T23:00:15.133+0000] {processor.py:839} INFO - DAG(s) dict_keys(['latest_only']) retrieved from /home/airflow/.local/lib/python3.8/site-packages/airflow/example_dags/example_latest_only.py
[2024-10-06T23:00:15.146+0000] {logging_mixin.py:154} INFO - [2024-10-06T23:00:15.146+0000] {dag.py:2941} INFO - Sync 1 DAGs
[2024-10-06T23:00:15.160+0000] {logging_mixin.py:154} INFO - [2024-10-06T23:00:15.160+0000] {dag.py:3722} INFO - Setting next_dagrun for latest_only to 2024-10-06T19:00:15.160675+00:00, run_after=2024-10-06T23:00:15.160675+00:00
[2024-10-06T23:00:15.173+0000] {processor.py:179} INFO - Processing /home/airflow/.local/lib/python3.8/site-packages/airflow/example_dags/example_latest_only.py took 0.048 seconds
[2024-10-06T23:00:45.908+0000] {processor.py:157} INFO - Started process (PID=27515) to work on /home/airflow/.local/lib/python3.8/site-packages/airflow/example_dags/example_latest_only.py
[2024-10-06T23:00:45.908+0000] {processor.py:829} INFO - Processing file /home/airflow/.local/lib/python3.8/site-packages/airflow/example_dags/example_latest_only.py for tasks to queue
[2024-10-06T23:00:45.909+0000] {logging_mixin.py:154} INFO - [2024-10-06T23:00:45.909+0000] {dagbag.py:536} INFO - Filling up the DagBag from /home/airflow/.local/lib/python3.8/site-packages/airflow/example_dags/example_latest_only.py
[2024-10-06T23:00:45.911+0000] {processor.py:839} INFO - DAG(s) dict_keys(['latest_only']) retrieved from /home/airflow/.local/lib/python3.8/site-packages/airflow/example_dags/example_latest_only.py
[2024-10-06T23:00:45.920+0000] {logging_mixin.py:154} INFO - [2024-10-06T23:00:45.920+0000] {dag.py:2941} INFO - Sync 1 DAGs
[2024-10-06T23:00:45.927+0000] {logging_mixin.py:154} INFO - [2024-10-06T23:00:45.927+0000] {dag.py:3722} INFO - Setting next_dagrun for latest_only to 2024-10-06T19:00:45.927736+00:00, run_after=2024-10-06T23:00:45.927736+00:00
[2024-10-06T23:00:45.934+0000] {processor.py:179} INFO - Processing /home/airflow/.local/lib/python3.8/site-packages/airflow/example_dags/example_latest_only.py took 0.027 seconds
[2024-10-06T23:01:16.472+0000] {processor.py:157} INFO - Started process (PID=27569) to work on /home/airflow/.local/lib/python3.8/site-packages/airflow/example_dags/example_latest_only.py
[2024-10-06T23:01:16.473+0000] {processor.py:829} INFO - Processing file /home/airflow/.local/lib/python3.8/site-packages/airflow/example_dags/example_latest_only.py for tasks to queue
[2024-10-06T23:01:16.474+0000] {logging_mixin.py:154} INFO - [2024-10-06T23:01:16.474+0000] {dagbag.py:536} INFO - Filling up the DagBag from /home/airflow/.local/lib/python3.8/site-packages/airflow/example_dags/example_latest_only.py
[2024-10-06T23:01:16.476+0000] {processor.py:839} INFO - DAG(s) dict_keys(['latest_only']) retrieved from /home/airflow/.local/lib/python3.8/site-packages/airflow/example_dags/example_latest_only.py
[2024-10-06T23:01:16.484+0000] {logging_mixin.py:154} INFO - [2024-10-06T23:01:16.484+0000] {dag.py:2941} INFO - Sync 1 DAGs
[2024-10-06T23:01:16.491+0000] {logging_mixin.py:154} INFO - [2024-10-06T23:01:16.491+0000] {dag.py:3722} INFO - Setting next_dagrun for latest_only to 2024-10-06T19:01:16.491854+00:00, run_after=2024-10-06T23:01:16.491854+00:00
[2024-10-06T23:01:16.497+0000] {processor.py:179} INFO - Processing /home/airflow/.local/lib/python3.8/site-packages/airflow/example_dags/example_latest_only.py took 0.026 seconds
[2024-10-06T23:01:47.004+0000] {processor.py:157} INFO - Started process (PID=27623) to work on /home/airflow/.local/lib/python3.8/site-packages/airflow/example_dags/example_latest_only.py
[2024-10-06T23:01:47.004+0000] {processor.py:829} INFO - Processing file /home/airflow/.local/lib/python3.8/site-packages/airflow/example_dags/example_latest_only.py for tasks to queue
[2024-10-06T23:01:47.005+0000] {logging_mixin.py:154} INFO - [2024-10-06T23:01:47.005+0000] {dagbag.py:536} INFO - Filling up the DagBag from /home/airflow/.local/lib/python3.8/site-packages/airflow/example_dags/example_latest_only.py
[2024-10-06T23:01:47.008+0000] {processor.py:839} INFO - DAG(s) dict_keys(['latest_only']) retrieved from /home/airflow/.local/lib/python3.8/site-packages/airflow/example_dags/example_latest_only.py
[2024-10-06T23:01:47.017+0000] {logging_mixin.py:154} INFO - [2024-10-06T23:01:47.016+0000] {dag.py:2941} INFO - Sync 1 DAGs
[2024-10-06T23:01:47.025+0000] {logging_mixin.py:154} INFO - [2024-10-06T23:01:47.025+0000] {dag.py:3722} INFO - Setting next_dagrun for latest_only to 2024-10-06T19:01:47.025480+00:00, run_after=2024-10-06T23:01:47.025480+00:00
[2024-10-06T23:01:47.031+0000] {processor.py:179} INFO - Processing /home/airflow/.local/lib/python3.8/site-packages/airflow/example_dags/example_latest_only.py took 0.029 seconds
[2024-10-06T23:02:17.411+0000] {processor.py:157} INFO - Started process (PID=27677) to work on /home/airflow/.local/lib/python3.8/site-packages/airflow/example_dags/example_latest_only.py
[2024-10-06T23:02:17.411+0000] {processor.py:829} INFO - Processing file /home/airflow/.local/lib/python3.8/site-packages/airflow/example_dags/example_latest_only.py for tasks to queue
[2024-10-06T23:02:17.413+0000] {logging_mixin.py:154} INFO - [2024-10-06T23:02:17.413+0000] {dagbag.py:536} INFO - Filling up the DagBag from /home/airflow/.local/lib/python3.8/site-packages/airflow/example_dags/example_latest_only.py
[2024-10-06T23:02:17.415+0000] {processor.py:839} INFO - DAG(s) dict_keys(['latest_only']) retrieved from /home/airflow/.local/lib/python3.8/site-packages/airflow/example_dags/example_latest_only.py
[2024-10-06T23:02:17.423+0000] {logging_mixin.py:154} INFO - [2024-10-06T23:02:17.423+0000] {dag.py:2941} INFO - Sync 1 DAGs
[2024-10-06T23:02:17.430+0000] {logging_mixin.py:154} INFO - [2024-10-06T23:02:17.430+0000] {dag.py:3722} INFO - Setting next_dagrun for latest_only to 2024-10-06T19:02:17.430509+00:00, run_after=2024-10-06T23:02:17.430509+00:00
[2024-10-06T23:02:17.436+0000] {processor.py:179} INFO - Processing /home/airflow/.local/lib/python3.8/site-packages/airflow/example_dags/example_latest_only.py took 0.026 seconds
[2024-10-06T23:02:47.825+0000] {processor.py:157} INFO - Started process (PID=27731) to work on /home/airflow/.local/lib/python3.8/site-packages/airflow/example_dags/example_latest_only.py
[2024-10-06T23:02:47.825+0000] {processor.py:829} INFO - Processing file /home/airflow/.local/lib/python3.8/site-packages/airflow/example_dags/example_latest_only.py for tasks to queue
[2024-10-06T23:02:47.827+0000] {logging_mixin.py:154} INFO - [2024-10-06T23:02:47.826+0000] {dagbag.py:536} INFO - Filling up the DagBag from /home/airflow/.local/lib/python3.8/site-packages/airflow/example_dags/example_latest_only.py
[2024-10-06T23:02:47.829+0000] {processor.py:839} INFO - DAG(s) dict_keys(['latest_only']) retrieved from /home/airflow/.local/lib/python3.8/site-packages/airflow/example_dags/example_latest_only.py
[2024-10-06T23:02:47.838+0000] {logging_mixin.py:154} INFO - [2024-10-06T23:02:47.838+0000] {dag.py:2941} INFO - Sync 1 DAGs
[2024-10-06T23:02:47.846+0000] {logging_mixin.py:154} INFO - [2024-10-06T23:02:47.846+0000] {dag.py:3722} INFO - Setting next_dagrun for latest_only to 2024-10-06T19:02:47.846070+00:00, run_after=2024-10-06T23:02:47.846070+00:00
[2024-10-06T23:02:47.852+0000] {processor.py:179} INFO - Processing /home/airflow/.local/lib/python3.8/site-packages/airflow/example_dags/example_latest_only.py took 0.029 seconds
[2024-10-06T23:03:18.233+0000] {processor.py:157} INFO - Started process (PID=27785) to work on /home/airflow/.local/lib/python3.8/site-packages/airflow/example_dags/example_latest_only.py
[2024-10-06T23:03:18.233+0000] {processor.py:829} INFO - Processing file /home/airflow/.local/lib/python3.8/site-packages/airflow/example_dags/example_latest_only.py for tasks to queue
[2024-10-06T23:03:18.234+0000] {logging_mixin.py:154} INFO - [2024-10-06T23:03:18.234+0000] {dagbag.py:536} INFO - Filling up the DagBag from /home/airflow/.local/lib/python3.8/site-packages/airflow/example_dags/example_latest_only.py
[2024-10-06T23:03:18.236+0000] {processor.py:839} INFO - DAG(s) dict_keys(['latest_only']) retrieved from /home/airflow/.local/lib/python3.8/site-packages/airflow/example_dags/example_latest_only.py
[2024-10-06T23:03:18.244+0000] {logging_mixin.py:154} INFO - [2024-10-06T23:03:18.244+0000] {dag.py:2941} INFO - Sync 1 DAGs
[2024-10-06T23:03:18.251+0000] {logging_mixin.py:154} INFO - [2024-10-06T23:03:18.251+0000] {dag.py:3722} INFO - Setting next_dagrun for latest_only to 2024-10-06T19:03:18.251762+00:00, run_after=2024-10-06T23:03:18.251762+00:00
[2024-10-06T23:03:18.257+0000] {processor.py:179} INFO - Processing /home/airflow/.local/lib/python3.8/site-packages/airflow/example_dags/example_latest_only.py took 0.026 seconds
[2024-10-06T23:03:48.716+0000] {processor.py:157} INFO - Started process (PID=27839) to work on /home/airflow/.local/lib/python3.8/site-packages/airflow/example_dags/example_latest_only.py
[2024-10-06T23:03:48.717+0000] {processor.py:829} INFO - Processing file /home/airflow/.local/lib/python3.8/site-packages/airflow/example_dags/example_latest_only.py for tasks to queue
[2024-10-06T23:03:48.718+0000] {logging_mixin.py:154} INFO - [2024-10-06T23:03:48.718+0000] {dagbag.py:536} INFO - Filling up the DagBag from /home/airflow/.local/lib/python3.8/site-packages/airflow/example_dags/example_latest_only.py
[2024-10-06T23:03:48.720+0000] {processor.py:839} INFO - DAG(s) dict_keys(['latest_only']) retrieved from /home/airflow/.local/lib/python3.8/site-packages/airflow/example_dags/example_latest_only.py
[2024-10-06T23:03:48.729+0000] {logging_mixin.py:154} INFO - [2024-10-06T23:03:48.729+0000] {dag.py:2941} INFO - Sync 1 DAGs
[2024-10-06T23:03:48.738+0000] {logging_mixin.py:154} INFO - [2024-10-06T23:03:48.738+0000] {dag.py:3722} INFO - Setting next_dagrun for latest_only to 2024-10-06T19:03:48.738100+00:00, run_after=2024-10-06T23:03:48.738100+00:00
[2024-10-06T23:03:48.744+0000] {processor.py:179} INFO - Processing /home/airflow/.local/lib/python3.8/site-packages/airflow/example_dags/example_latest_only.py took 0.029 seconds
[2024-10-06T23:04:19.155+0000] {processor.py:157} INFO - Started process (PID=27893) to work on /home/airflow/.local/lib/python3.8/site-packages/airflow/example_dags/example_latest_only.py
[2024-10-06T23:04:19.156+0000] {processor.py:829} INFO - Processing file /home/airflow/.local/lib/python3.8/site-packages/airflow/example_dags/example_latest_only.py for tasks to queue
[2024-10-06T23:04:19.157+0000] {logging_mixin.py:154} INFO - [2024-10-06T23:04:19.157+0000] {dagbag.py:536} INFO - Filling up the DagBag from /home/airflow/.local/lib/python3.8/site-packages/airflow/example_dags/example_latest_only.py
[2024-10-06T23:04:19.159+0000] {processor.py:839} INFO - DAG(s) dict_keys(['latest_only']) retrieved from /home/airflow/.local/lib/python3.8/site-packages/airflow/example_dags/example_latest_only.py
[2024-10-06T23:04:19.167+0000] {logging_mixin.py:154} INFO - [2024-10-06T23:04:19.167+0000] {dag.py:2941} INFO - Sync 1 DAGs
[2024-10-06T23:04:19.174+0000] {logging_mixin.py:154} INFO - [2024-10-06T23:04:19.174+0000] {dag.py:3722} INFO - Setting next_dagrun for latest_only to 2024-10-06T19:04:19.174419+00:00, run_after=2024-10-06T23:04:19.174419+00:00
[2024-10-06T23:04:19.180+0000] {processor.py:179} INFO - Processing /home/airflow/.local/lib/python3.8/site-packages/airflow/example_dags/example_latest_only.py took 0.026 seconds
[2024-10-06T23:04:49.608+0000] {processor.py:157} INFO - Started process (PID=27947) to work on /home/airflow/.local/lib/python3.8/site-packages/airflow/example_dags/example_latest_only.py
[2024-10-06T23:04:49.609+0000] {processor.py:829} INFO - Processing file /home/airflow/.local/lib/python3.8/site-packages/airflow/example_dags/example_latest_only.py for tasks to queue
[2024-10-06T23:04:49.610+0000] {logging_mixin.py:154} INFO - [2024-10-06T23:04:49.610+0000] {dagbag.py:536} INFO - Filling up the DagBag from /home/airflow/.local/lib/python3.8/site-packages/airflow/example_dags/example_latest_only.py
[2024-10-06T23:04:49.612+0000] {processor.py:839} INFO - DAG(s) dict_keys(['latest_only']) retrieved from /home/airflow/.local/lib/python3.8/site-packages/airflow/example_dags/example_latest_only.py
[2024-10-06T23:04:49.621+0000] {logging_mixin.py:154} INFO - [2024-10-06T23:04:49.621+0000] {dag.py:2941} INFO - Sync 1 DAGs
[2024-10-06T23:04:49.629+0000] {logging_mixin.py:154} INFO - [2024-10-06T23:04:49.629+0000] {dag.py:3722} INFO - Setting next_dagrun for latest_only to 2024-10-06T19:04:49.629295+00:00, run_after=2024-10-06T23:04:49.629295+00:00
[2024-10-06T23:04:49.635+0000] {processor.py:179} INFO - Processing /home/airflow/.local/lib/python3.8/site-packages/airflow/example_dags/example_latest_only.py took 0.029 seconds
[2024-10-06T23:05:19.984+0000] {processor.py:157} INFO - Started process (PID=28001) to work on /home/airflow/.local/lib/python3.8/site-packages/airflow/example_dags/example_latest_only.py
[2024-10-06T23:05:19.984+0000] {processor.py:829} INFO - Processing file /home/airflow/.local/lib/python3.8/site-packages/airflow/example_dags/example_latest_only.py for tasks to queue
[2024-10-06T23:05:19.985+0000] {logging_mixin.py:154} INFO - [2024-10-06T23:05:19.985+0000] {dagbag.py:536} INFO - Filling up the DagBag from /home/airflow/.local/lib/python3.8/site-packages/airflow/example_dags/example_latest_only.py
[2024-10-06T23:05:19.987+0000] {processor.py:839} INFO - DAG(s) dict_keys(['latest_only']) retrieved from /home/airflow/.local/lib/python3.8/site-packages/airflow/example_dags/example_latest_only.py
[2024-10-06T23:05:19.996+0000] {logging_mixin.py:154} INFO - [2024-10-06T23:05:19.996+0000] {dag.py:2941} INFO - Sync 1 DAGs
[2024-10-06T23:05:20.003+0000] {logging_mixin.py:154} INFO - [2024-10-06T23:05:20.003+0000] {dag.py:3722} INFO - Setting next_dagrun for latest_only to 2024-10-06T19:05:20.003752+00:00, run_after=2024-10-06T23:05:20.003752+00:00
[2024-10-06T23:05:20.009+0000] {processor.py:179} INFO - Processing /home/airflow/.local/lib/python3.8/site-packages/airflow/example_dags/example_latest_only.py took 0.027 seconds
[2024-10-06T23:05:50.407+0000] {processor.py:157} INFO - Started process (PID=28055) to work on /home/airflow/.local/lib/python3.8/site-packages/airflow/example_dags/example_latest_only.py
[2024-10-06T23:05:50.407+0000] {processor.py:829} INFO - Processing file /home/airflow/.local/lib/python3.8/site-packages/airflow/example_dags/example_latest_only.py for tasks to queue
[2024-10-06T23:05:50.408+0000] {logging_mixin.py:154} INFO - [2024-10-06T23:05:50.408+0000] {dagbag.py:536} INFO - Filling up the DagBag from /home/airflow/.local/lib/python3.8/site-packages/airflow/example_dags/example_latest_only.py
[2024-10-06T23:05:50.411+0000] {processor.py:839} INFO - DAG(s) dict_keys(['latest_only']) retrieved from /home/airflow/.local/lib/python3.8/site-packages/airflow/example_dags/example_latest_only.py
[2024-10-06T23:05:50.420+0000] {logging_mixin.py:154} INFO - [2024-10-06T23:05:50.420+0000] {dag.py:2941} INFO - Sync 1 DAGs
[2024-10-06T23:05:50.428+0000] {logging_mixin.py:154} INFO - [2024-10-06T23:05:50.428+0000] {dag.py:3722} INFO - Setting next_dagrun for latest_only to 2024-10-06T19:05:50.428704+00:00, run_after=2024-10-06T23:05:50.428704+00:00
[2024-10-06T23:05:50.435+0000] {processor.py:179} INFO - Processing /home/airflow/.local/lib/python3.8/site-packages/airflow/example_dags/example_latest_only.py took 0.030 seconds
[2024-10-06T23:06:20.849+0000] {processor.py:157} INFO - Started process (PID=28109) to work on /home/airflow/.local/lib/python3.8/site-packages/airflow/example_dags/example_latest_only.py
[2024-10-06T23:06:20.850+0000] {processor.py:829} INFO - Processing file /home/airflow/.local/lib/python3.8/site-packages/airflow/example_dags/example_latest_only.py for tasks to queue
[2024-10-06T23:06:20.851+0000] {logging_mixin.py:154} INFO - [2024-10-06T23:06:20.851+0000] {dagbag.py:536} INFO - Filling up the DagBag from /home/airflow/.local/lib/python3.8/site-packages/airflow/example_dags/example_latest_only.py
[2024-10-06T23:06:20.853+0000] {processor.py:839} INFO - DAG(s) dict_keys(['latest_only']) retrieved from /home/airflow/.local/lib/python3.8/site-packages/airflow/example_dags/example_latest_only.py
[2024-10-06T23:06:20.861+0000] {logging_mixin.py:154} INFO - [2024-10-06T23:06:20.861+0000] {dag.py:2941} INFO - Sync 1 DAGs
[2024-10-06T23:06:20.868+0000] {logging_mixin.py:154} INFO - [2024-10-06T23:06:20.868+0000] {dag.py:3722} INFO - Setting next_dagrun for latest_only to 2024-10-06T19:06:20.868530+00:00, run_after=2024-10-06T23:06:20.868530+00:00
[2024-10-06T23:06:20.874+0000] {processor.py:179} INFO - Processing /home/airflow/.local/lib/python3.8/site-packages/airflow/example_dags/example_latest_only.py took 0.026 seconds
[2024-10-06T23:06:51.296+0000] {processor.py:157} INFO - Started process (PID=28163) to work on /home/airflow/.local/lib/python3.8/site-packages/airflow/example_dags/example_latest_only.py
[2024-10-06T23:06:51.296+0000] {processor.py:829} INFO - Processing file /home/airflow/.local/lib/python3.8/site-packages/airflow/example_dags/example_latest_only.py for tasks to queue
[2024-10-06T23:06:51.297+0000] {logging_mixin.py:154} INFO - [2024-10-06T23:06:51.297+0000] {dagbag.py:536} INFO - Filling up the DagBag from /home/airflow/.local/lib/python3.8/site-packages/airflow/example_dags/example_latest_only.py
[2024-10-06T23:06:51.300+0000] {processor.py:839} INFO - DAG(s) dict_keys(['latest_only']) retrieved from /home/airflow/.local/lib/python3.8/site-packages/airflow/example_dags/example_latest_only.py
[2024-10-06T23:06:51.309+0000] {logging_mixin.py:154} INFO - [2024-10-06T23:06:51.309+0000] {dag.py:2941} INFO - Sync 1 DAGs
[2024-10-06T23:06:51.317+0000] {logging_mixin.py:154} INFO - [2024-10-06T23:06:51.317+0000] {dag.py:3722} INFO - Setting next_dagrun for latest_only to 2024-10-06T19:06:51.317335+00:00, run_after=2024-10-06T23:06:51.317335+00:00
[2024-10-06T23:06:51.323+0000] {processor.py:179} INFO - Processing /home/airflow/.local/lib/python3.8/site-packages/airflow/example_dags/example_latest_only.py took 0.029 seconds
[2024-10-06T23:07:21.691+0000] {processor.py:157} INFO - Started process (PID=28217) to work on /home/airflow/.local/lib/python3.8/site-packages/airflow/example_dags/example_latest_only.py
[2024-10-06T23:07:21.691+0000] {processor.py:829} INFO - Processing file /home/airflow/.local/lib/python3.8/site-packages/airflow/example_dags/example_latest_only.py for tasks to queue
[2024-10-06T23:07:21.692+0000] {logging_mixin.py:154} INFO - [2024-10-06T23:07:21.692+0000] {dagbag.py:536} INFO - Filling up the DagBag from /home/airflow/.local/lib/python3.8/site-packages/airflow/example_dags/example_latest_only.py
[2024-10-06T23:07:21.694+0000] {processor.py:839} INFO - DAG(s) dict_keys(['latest_only']) retrieved from /home/airflow/.local/lib/python3.8/site-packages/airflow/example_dags/example_latest_only.py
[2024-10-06T23:07:21.702+0000] {logging_mixin.py:154} INFO - [2024-10-06T23:07:21.702+0000] {dag.py:2941} INFO - Sync 1 DAGs
[2024-10-06T23:07:21.710+0000] {logging_mixin.py:154} INFO - [2024-10-06T23:07:21.710+0000] {dag.py:3722} INFO - Setting next_dagrun for latest_only to 2024-10-06T19:07:21.710049+00:00, run_after=2024-10-06T23:07:21.710049+00:00
[2024-10-06T23:07:21.716+0000] {processor.py:179} INFO - Processing /home/airflow/.local/lib/python3.8/site-packages/airflow/example_dags/example_latest_only.py took 0.026 seconds
[2024-10-06T23:07:52.176+0000] {processor.py:157} INFO - Started process (PID=28271) to work on /home/airflow/.local/lib/python3.8/site-packages/airflow/example_dags/example_latest_only.py
[2024-10-06T23:07:52.176+0000] {processor.py:829} INFO - Processing file /home/airflow/.local/lib/python3.8/site-packages/airflow/example_dags/example_latest_only.py for tasks to queue
[2024-10-06T23:07:52.177+0000] {logging_mixin.py:154} INFO - [2024-10-06T23:07:52.177+0000] {dagbag.py:536} INFO - Filling up the DagBag from /home/airflow/.local/lib/python3.8/site-packages/airflow/example_dags/example_latest_only.py
[2024-10-06T23:07:52.179+0000] {processor.py:839} INFO - DAG(s) dict_keys(['latest_only']) retrieved from /home/airflow/.local/lib/python3.8/site-packages/airflow/example_dags/example_latest_only.py
[2024-10-06T23:07:52.187+0000] {logging_mixin.py:154} INFO - [2024-10-06T23:07:52.187+0000] {dag.py:2941} INFO - Sync 1 DAGs
[2024-10-06T23:07:52.195+0000] {logging_mixin.py:154} INFO - [2024-10-06T23:07:52.195+0000] {dag.py:3722} INFO - Setting next_dagrun for latest_only to 2024-10-06T19:07:52.195202+00:00, run_after=2024-10-06T23:07:52.195202+00:00
[2024-10-06T23:07:52.201+0000] {processor.py:179} INFO - Processing /home/airflow/.local/lib/python3.8/site-packages/airflow/example_dags/example_latest_only.py took 0.026 seconds
[2024-10-06T23:08:22.533+0000] {processor.py:157} INFO - Started process (PID=28325) to work on /home/airflow/.local/lib/python3.8/site-packages/airflow/example_dags/example_latest_only.py
[2024-10-06T23:08:22.534+0000] {processor.py:829} INFO - Processing file /home/airflow/.local/lib/python3.8/site-packages/airflow/example_dags/example_latest_only.py for tasks to queue
[2024-10-06T23:08:22.535+0000] {logging_mixin.py:154} INFO - [2024-10-06T23:08:22.535+0000] {dagbag.py:536} INFO - Filling up the DagBag from /home/airflow/.local/lib/python3.8/site-packages/airflow/example_dags/example_latest_only.py
[2024-10-06T23:08:22.537+0000] {processor.py:839} INFO - DAG(s) dict_keys(['latest_only']) retrieved from /home/airflow/.local/lib/python3.8/site-packages/airflow/example_dags/example_latest_only.py
[2024-10-06T23:08:22.545+0000] {logging_mixin.py:154} INFO - [2024-10-06T23:08:22.545+0000] {dag.py:2941} INFO - Sync 1 DAGs
[2024-10-06T23:08:22.552+0000] {logging_mixin.py:154} INFO - [2024-10-06T23:08:22.552+0000] {dag.py:3722} INFO - Setting next_dagrun for latest_only to 2024-10-06T19:08:22.552676+00:00, run_after=2024-10-06T23:08:22.552676+00:00
[2024-10-06T23:08:22.558+0000] {processor.py:179} INFO - Processing /home/airflow/.local/lib/python3.8/site-packages/airflow/example_dags/example_latest_only.py took 0.027 seconds
[2024-10-06T23:08:52.966+0000] {processor.py:157} INFO - Started process (PID=28379) to work on /home/airflow/.local/lib/python3.8/site-packages/airflow/example_dags/example_latest_only.py
[2024-10-06T23:08:52.966+0000] {processor.py:829} INFO - Processing file /home/airflow/.local/lib/python3.8/site-packages/airflow/example_dags/example_latest_only.py for tasks to queue
[2024-10-06T23:08:52.967+0000] {logging_mixin.py:154} INFO - [2024-10-06T23:08:52.967+0000] {dagbag.py:536} INFO - Filling up the DagBag from /home/airflow/.local/lib/python3.8/site-packages/airflow/example_dags/example_latest_only.py
[2024-10-06T23:08:52.970+0000] {processor.py:839} INFO - DAG(s) dict_keys(['latest_only']) retrieved from /home/airflow/.local/lib/python3.8/site-packages/airflow/example_dags/example_latest_only.py
[2024-10-06T23:08:52.981+0000] {logging_mixin.py:154} INFO - [2024-10-06T23:08:52.980+0000] {dag.py:2941} INFO - Sync 1 DAGs
[2024-10-06T23:08:52.989+0000] {logging_mixin.py:154} INFO - [2024-10-06T23:08:52.989+0000] {dag.py:3722} INFO - Setting next_dagrun for latest_only to 2024-10-06T19:08:52.989577+00:00, run_after=2024-10-06T23:08:52.989577+00:00
[2024-10-06T23:08:52.996+0000] {processor.py:179} INFO - Processing /home/airflow/.local/lib/python3.8/site-packages/airflow/example_dags/example_latest_only.py took 0.031 seconds
[2024-10-06T23:09:23.361+0000] {processor.py:157} INFO - Started process (PID=28440) to work on /home/airflow/.local/lib/python3.8/site-packages/airflow/example_dags/example_latest_only.py
[2024-10-06T23:09:23.361+0000] {processor.py:829} INFO - Processing file /home/airflow/.local/lib/python3.8/site-packages/airflow/example_dags/example_latest_only.py for tasks to queue
[2024-10-06T23:09:23.363+0000] {logging_mixin.py:154} INFO - [2024-10-06T23:09:23.363+0000] {dagbag.py:536} INFO - Filling up the DagBag from /home/airflow/.local/lib/python3.8/site-packages/airflow/example_dags/example_latest_only.py
[2024-10-06T23:09:23.365+0000] {processor.py:839} INFO - DAG(s) dict_keys(['latest_only']) retrieved from /home/airflow/.local/lib/python3.8/site-packages/airflow/example_dags/example_latest_only.py
[2024-10-06T23:09:23.373+0000] {logging_mixin.py:154} INFO - [2024-10-06T23:09:23.373+0000] {dag.py:2941} INFO - Sync 1 DAGs
[2024-10-06T23:09:23.381+0000] {logging_mixin.py:154} INFO - [2024-10-06T23:09:23.381+0000] {dag.py:3722} INFO - Setting next_dagrun for latest_only to 2024-10-06T19:09:23.380915+00:00, run_after=2024-10-06T23:09:23.380915+00:00
[2024-10-06T23:09:23.386+0000] {processor.py:179} INFO - Processing /home/airflow/.local/lib/python3.8/site-packages/airflow/example_dags/example_latest_only.py took 0.026 seconds
[2024-10-06T23:09:53.833+0000] {processor.py:157} INFO - Started process (PID=28494) to work on /home/airflow/.local/lib/python3.8/site-packages/airflow/example_dags/example_latest_only.py
[2024-10-06T23:09:53.833+0000] {processor.py:829} INFO - Processing file /home/airflow/.local/lib/python3.8/site-packages/airflow/example_dags/example_latest_only.py for tasks to queue
[2024-10-06T23:09:53.835+0000] {logging_mixin.py:154} INFO - [2024-10-06T23:09:53.835+0000] {dagbag.py:536} INFO - Filling up the DagBag from /home/airflow/.local/lib/python3.8/site-packages/airflow/example_dags/example_latest_only.py
[2024-10-06T23:09:53.837+0000] {processor.py:839} INFO - DAG(s) dict_keys(['latest_only']) retrieved from /home/airflow/.local/lib/python3.8/site-packages/airflow/example_dags/example_latest_only.py
[2024-10-06T23:09:53.845+0000] {logging_mixin.py:154} INFO - [2024-10-06T23:09:53.845+0000] {dag.py:2941} INFO - Sync 1 DAGs
[2024-10-06T23:09:53.854+0000] {logging_mixin.py:154} INFO - [2024-10-06T23:09:53.854+0000] {dag.py:3722} INFO - Setting next_dagrun for latest_only to 2024-10-06T19:09:53.854144+00:00, run_after=2024-10-06T23:09:53.854144+00:00
[2024-10-06T23:09:53.861+0000] {processor.py:179} INFO - Processing /home/airflow/.local/lib/python3.8/site-packages/airflow/example_dags/example_latest_only.py took 0.029 seconds
[2024-10-06T23:10:24.282+0000] {processor.py:157} INFO - Started process (PID=28548) to work on /home/airflow/.local/lib/python3.8/site-packages/airflow/example_dags/example_latest_only.py
[2024-10-06T23:10:24.283+0000] {processor.py:829} INFO - Processing file /home/airflow/.local/lib/python3.8/site-packages/airflow/example_dags/example_latest_only.py for tasks to queue
[2024-10-06T23:10:24.284+0000] {logging_mixin.py:154} INFO - [2024-10-06T23:10:24.284+0000] {dagbag.py:536} INFO - Filling up the DagBag from /home/airflow/.local/lib/python3.8/site-packages/airflow/example_dags/example_latest_only.py
[2024-10-06T23:10:24.286+0000] {processor.py:839} INFO - DAG(s) dict_keys(['latest_only']) retrieved from /home/airflow/.local/lib/python3.8/site-packages/airflow/example_dags/example_latest_only.py
[2024-10-06T23:10:24.294+0000] {logging_mixin.py:154} INFO - [2024-10-06T23:10:24.294+0000] {dag.py:2941} INFO - Sync 1 DAGs
[2024-10-06T23:10:24.301+0000] {logging_mixin.py:154} INFO - [2024-10-06T23:10:24.301+0000] {dag.py:3722} INFO - Setting next_dagrun for latest_only to 2024-10-06T19:10:24.301769+00:00, run_after=2024-10-06T23:10:24.301769+00:00
[2024-10-06T23:10:24.307+0000] {processor.py:179} INFO - Processing /home/airflow/.local/lib/python3.8/site-packages/airflow/example_dags/example_latest_only.py took 0.026 seconds
[2024-10-06T23:10:54.684+0000] {processor.py:157} INFO - Started process (PID=28602) to work on /home/airflow/.local/lib/python3.8/site-packages/airflow/example_dags/example_latest_only.py
[2024-10-06T23:10:54.684+0000] {processor.py:829} INFO - Processing file /home/airflow/.local/lib/python3.8/site-packages/airflow/example_dags/example_latest_only.py for tasks to queue
[2024-10-06T23:10:54.685+0000] {logging_mixin.py:154} INFO - [2024-10-06T23:10:54.685+0000] {dagbag.py:536} INFO - Filling up the DagBag from /home/airflow/.local/lib/python3.8/site-packages/airflow/example_dags/example_latest_only.py
[2024-10-06T23:10:54.687+0000] {processor.py:839} INFO - DAG(s) dict_keys(['latest_only']) retrieved from /home/airflow/.local/lib/python3.8/site-packages/airflow/example_dags/example_latest_only.py
[2024-10-06T23:10:54.696+0000] {logging_mixin.py:154} INFO - [2024-10-06T23:10:54.696+0000] {dag.py:2941} INFO - Sync 1 DAGs
[2024-10-06T23:10:54.704+0000] {logging_mixin.py:154} INFO - [2024-10-06T23:10:54.704+0000] {dag.py:3722} INFO - Setting next_dagrun for latest_only to 2024-10-06T19:10:54.704335+00:00, run_after=2024-10-06T23:10:54.704335+00:00
[2024-10-06T23:10:54.711+0000] {processor.py:179} INFO - Processing /home/airflow/.local/lib/python3.8/site-packages/airflow/example_dags/example_latest_only.py took 0.028 seconds
[2024-10-06T23:11:25.107+0000] {processor.py:157} INFO - Started process (PID=28656) to work on /home/airflow/.local/lib/python3.8/site-packages/airflow/example_dags/example_latest_only.py
[2024-10-06T23:11:25.107+0000] {processor.py:829} INFO - Processing file /home/airflow/.local/lib/python3.8/site-packages/airflow/example_dags/example_latest_only.py for tasks to queue
[2024-10-06T23:11:25.108+0000] {logging_mixin.py:154} INFO - [2024-10-06T23:11:25.108+0000] {dagbag.py:536} INFO - Filling up the DagBag from /home/airflow/.local/lib/python3.8/site-packages/airflow/example_dags/example_latest_only.py
[2024-10-06T23:11:25.110+0000] {processor.py:839} INFO - DAG(s) dict_keys(['latest_only']) retrieved from /home/airflow/.local/lib/python3.8/site-packages/airflow/example_dags/example_latest_only.py
[2024-10-06T23:11:25.119+0000] {logging_mixin.py:154} INFO - [2024-10-06T23:11:25.119+0000] {dag.py:2941} INFO - Sync 1 DAGs
[2024-10-06T23:11:25.126+0000] {logging_mixin.py:154} INFO - [2024-10-06T23:11:25.126+0000] {dag.py:3722} INFO - Setting next_dagrun for latest_only to 2024-10-06T19:11:25.126804+00:00, run_after=2024-10-06T23:11:25.126804+00:00
[2024-10-06T23:11:25.132+0000] {processor.py:179} INFO - Processing /home/airflow/.local/lib/python3.8/site-packages/airflow/example_dags/example_latest_only.py took 0.027 seconds
[2024-10-06T23:11:55.559+0000] {processor.py:157} INFO - Started process (PID=28710) to work on /home/airflow/.local/lib/python3.8/site-packages/airflow/example_dags/example_latest_only.py
[2024-10-06T23:11:55.559+0000] {processor.py:829} INFO - Processing file /home/airflow/.local/lib/python3.8/site-packages/airflow/example_dags/example_latest_only.py for tasks to queue
[2024-10-06T23:11:55.561+0000] {logging_mixin.py:154} INFO - [2024-10-06T23:11:55.561+0000] {dagbag.py:536} INFO - Filling up the DagBag from /home/airflow/.local/lib/python3.8/site-packages/airflow/example_dags/example_latest_only.py
[2024-10-06T23:11:55.563+0000] {processor.py:839} INFO - DAG(s) dict_keys(['latest_only']) retrieved from /home/airflow/.local/lib/python3.8/site-packages/airflow/example_dags/example_latest_only.py
[2024-10-06T23:11:55.573+0000] {logging_mixin.py:154} INFO - [2024-10-06T23:11:55.573+0000] {dag.py:2941} INFO - Sync 1 DAGs
[2024-10-06T23:11:55.582+0000] {logging_mixin.py:154} INFO - [2024-10-06T23:11:55.582+0000] {dag.py:3722} INFO - Setting next_dagrun for latest_only to 2024-10-06T19:11:55.582440+00:00, run_after=2024-10-06T23:11:55.582440+00:00
[2024-10-06T23:11:55.590+0000] {processor.py:179} INFO - Processing /home/airflow/.local/lib/python3.8/site-packages/airflow/example_dags/example_latest_only.py took 0.033 seconds
[2024-10-06T23:12:26.060+0000] {processor.py:157} INFO - Started process (PID=28764) to work on /home/airflow/.local/lib/python3.8/site-packages/airflow/example_dags/example_latest_only.py
[2024-10-06T23:12:26.060+0000] {processor.py:829} INFO - Processing file /home/airflow/.local/lib/python3.8/site-packages/airflow/example_dags/example_latest_only.py for tasks to queue
[2024-10-06T23:12:26.061+0000] {logging_mixin.py:154} INFO - [2024-10-06T23:12:26.061+0000] {dagbag.py:536} INFO - Filling up the DagBag from /home/airflow/.local/lib/python3.8/site-packages/airflow/example_dags/example_latest_only.py
[2024-10-06T23:12:26.063+0000] {processor.py:839} INFO - DAG(s) dict_keys(['latest_only']) retrieved from /home/airflow/.local/lib/python3.8/site-packages/airflow/example_dags/example_latest_only.py
[2024-10-06T23:12:26.072+0000] {logging_mixin.py:154} INFO - [2024-10-06T23:12:26.071+0000] {dag.py:2941} INFO - Sync 1 DAGs
[2024-10-06T23:12:26.079+0000] {logging_mixin.py:154} INFO - [2024-10-06T23:12:26.079+0000] {dag.py:3722} INFO - Setting next_dagrun for latest_only to 2024-10-06T19:12:26.079480+00:00, run_after=2024-10-06T23:12:26.079480+00:00
[2024-10-06T23:12:26.085+0000] {processor.py:179} INFO - Processing /home/airflow/.local/lib/python3.8/site-packages/airflow/example_dags/example_latest_only.py took 0.027 seconds
[2024-10-06T23:12:56.483+0000] {processor.py:157} INFO - Started process (PID=28818) to work on /home/airflow/.local/lib/python3.8/site-packages/airflow/example_dags/example_latest_only.py
[2024-10-06T23:12:56.483+0000] {processor.py:829} INFO - Processing file /home/airflow/.local/lib/python3.8/site-packages/airflow/example_dags/example_latest_only.py for tasks to queue
[2024-10-06T23:12:56.484+0000] {logging_mixin.py:154} INFO - [2024-10-06T23:12:56.484+0000] {dagbag.py:536} INFO - Filling up the DagBag from /home/airflow/.local/lib/python3.8/site-packages/airflow/example_dags/example_latest_only.py
[2024-10-06T23:12:56.486+0000] {processor.py:839} INFO - DAG(s) dict_keys(['latest_only']) retrieved from /home/airflow/.local/lib/python3.8/site-packages/airflow/example_dags/example_latest_only.py
[2024-10-06T23:12:56.495+0000] {logging_mixin.py:154} INFO - [2024-10-06T23:12:56.494+0000] {dag.py:2941} INFO - Sync 1 DAGs
[2024-10-06T23:12:56.502+0000] {logging_mixin.py:154} INFO - [2024-10-06T23:12:56.502+0000] {dag.py:3722} INFO - Setting next_dagrun for latest_only to 2024-10-06T19:12:56.502337+00:00, run_after=2024-10-06T23:12:56.502337+00:00
[2024-10-06T23:12:56.508+0000] {processor.py:179} INFO - Processing /home/airflow/.local/lib/python3.8/site-packages/airflow/example_dags/example_latest_only.py took 0.026 seconds
[2024-10-06T23:13:26.980+0000] {processor.py:157} INFO - Started process (PID=28872) to work on /home/airflow/.local/lib/python3.8/site-packages/airflow/example_dags/example_latest_only.py
[2024-10-06T23:13:26.980+0000] {processor.py:829} INFO - Processing file /home/airflow/.local/lib/python3.8/site-packages/airflow/example_dags/example_latest_only.py for tasks to queue
[2024-10-06T23:13:26.982+0000] {logging_mixin.py:154} INFO - [2024-10-06T23:13:26.982+0000] {dagbag.py:536} INFO - Filling up the DagBag from /home/airflow/.local/lib/python3.8/site-packages/airflow/example_dags/example_latest_only.py
[2024-10-06T23:13:26.984+0000] {processor.py:839} INFO - DAG(s) dict_keys(['latest_only']) retrieved from /home/airflow/.local/lib/python3.8/site-packages/airflow/example_dags/example_latest_only.py
[2024-10-06T23:13:26.993+0000] {logging_mixin.py:154} INFO - [2024-10-06T23:13:26.993+0000] {dag.py:2941} INFO - Sync 1 DAGs
[2024-10-06T23:13:27.001+0000] {logging_mixin.py:154} INFO - [2024-10-06T23:13:27.001+0000] {dag.py:3722} INFO - Setting next_dagrun for latest_only to 2024-10-06T19:13:27.001675+00:00, run_after=2024-10-06T23:13:27.001675+00:00
[2024-10-06T23:13:27.007+0000] {processor.py:179} INFO - Processing /home/airflow/.local/lib/python3.8/site-packages/airflow/example_dags/example_latest_only.py took 0.029 seconds
[2024-10-06T23:13:57.384+0000] {processor.py:157} INFO - Started process (PID=28926) to work on /home/airflow/.local/lib/python3.8/site-packages/airflow/example_dags/example_latest_only.py
[2024-10-06T23:13:57.385+0000] {processor.py:829} INFO - Processing file /home/airflow/.local/lib/python3.8/site-packages/airflow/example_dags/example_latest_only.py for tasks to queue
[2024-10-06T23:13:57.386+0000] {logging_mixin.py:154} INFO - [2024-10-06T23:13:57.386+0000] {dagbag.py:536} INFO - Filling up the DagBag from /home/airflow/.local/lib/python3.8/site-packages/airflow/example_dags/example_latest_only.py
[2024-10-06T23:13:57.388+0000] {processor.py:839} INFO - DAG(s) dict_keys(['latest_only']) retrieved from /home/airflow/.local/lib/python3.8/site-packages/airflow/example_dags/example_latest_only.py
[2024-10-06T23:13:57.396+0000] {logging_mixin.py:154} INFO - [2024-10-06T23:13:57.396+0000] {dag.py:2941} INFO - Sync 1 DAGs
[2024-10-06T23:13:57.404+0000] {logging_mixin.py:154} INFO - [2024-10-06T23:13:57.404+0000] {dag.py:3722} INFO - Setting next_dagrun for latest_only to 2024-10-06T19:13:57.404646+00:00, run_after=2024-10-06T23:13:57.404646+00:00
[2024-10-06T23:13:57.411+0000] {processor.py:179} INFO - Processing /home/airflow/.local/lib/python3.8/site-packages/airflow/example_dags/example_latest_only.py took 0.029 seconds
[2024-10-06T23:14:27.927+0000] {processor.py:157} INFO - Started process (PID=28980) to work on /home/airflow/.local/lib/python3.8/site-packages/airflow/example_dags/example_latest_only.py
[2024-10-06T23:14:27.928+0000] {processor.py:829} INFO - Processing file /home/airflow/.local/lib/python3.8/site-packages/airflow/example_dags/example_latest_only.py for tasks to queue
[2024-10-06T23:14:27.929+0000] {logging_mixin.py:154} INFO - [2024-10-06T23:14:27.929+0000] {dagbag.py:536} INFO - Filling up the DagBag from /home/airflow/.local/lib/python3.8/site-packages/airflow/example_dags/example_latest_only.py
[2024-10-06T23:14:27.931+0000] {processor.py:839} INFO - DAG(s) dict_keys(['latest_only']) retrieved from /home/airflow/.local/lib/python3.8/site-packages/airflow/example_dags/example_latest_only.py
[2024-10-06T23:14:27.940+0000] {logging_mixin.py:154} INFO - [2024-10-06T23:14:27.940+0000] {dag.py:2941} INFO - Sync 1 DAGs
[2024-10-06T23:14:27.949+0000] {logging_mixin.py:154} INFO - [2024-10-06T23:14:27.948+0000] {dag.py:3722} INFO - Setting next_dagrun for latest_only to 2024-10-06T19:14:27.948827+00:00, run_after=2024-10-06T23:14:27.948827+00:00
[2024-10-06T23:14:27.955+0000] {processor.py:179} INFO - Processing /home/airflow/.local/lib/python3.8/site-packages/airflow/example_dags/example_latest_only.py took 0.029 seconds
[2024-10-06T23:14:58.377+0000] {processor.py:157} INFO - Started process (PID=29034) to work on /home/airflow/.local/lib/python3.8/site-packages/airflow/example_dags/example_latest_only.py
[2024-10-06T23:14:58.378+0000] {processor.py:829} INFO - Processing file /home/airflow/.local/lib/python3.8/site-packages/airflow/example_dags/example_latest_only.py for tasks to queue
[2024-10-06T23:14:58.379+0000] {logging_mixin.py:154} INFO - [2024-10-06T23:14:58.379+0000] {dagbag.py:536} INFO - Filling up the DagBag from /home/airflow/.local/lib/python3.8/site-packages/airflow/example_dags/example_latest_only.py
[2024-10-06T23:14:58.381+0000] {processor.py:839} INFO - DAG(s) dict_keys(['latest_only']) retrieved from /home/airflow/.local/lib/python3.8/site-packages/airflow/example_dags/example_latest_only.py
[2024-10-06T23:14:58.389+0000] {logging_mixin.py:154} INFO - [2024-10-06T23:14:58.389+0000] {dag.py:2941} INFO - Sync 1 DAGs
[2024-10-06T23:14:58.397+0000] {logging_mixin.py:154} INFO - [2024-10-06T23:14:58.397+0000] {dag.py:3722} INFO - Setting next_dagrun for latest_only to 2024-10-06T19:14:58.397182+00:00, run_after=2024-10-06T23:14:58.397182+00:00
[2024-10-06T23:14:58.403+0000] {processor.py:179} INFO - Processing /home/airflow/.local/lib/python3.8/site-packages/airflow/example_dags/example_latest_only.py took 0.028 seconds
[2024-10-06T23:15:28.757+0000] {processor.py:157} INFO - Started process (PID=29088) to work on /home/airflow/.local/lib/python3.8/site-packages/airflow/example_dags/example_latest_only.py
[2024-10-06T23:15:28.758+0000] {processor.py:829} INFO - Processing file /home/airflow/.local/lib/python3.8/site-packages/airflow/example_dags/example_latest_only.py for tasks to queue
[2024-10-06T23:15:28.759+0000] {logging_mixin.py:154} INFO - [2024-10-06T23:15:28.759+0000] {dagbag.py:536} INFO - Filling up the DagBag from /home/airflow/.local/lib/python3.8/site-packages/airflow/example_dags/example_latest_only.py
[2024-10-06T23:15:28.761+0000] {processor.py:839} INFO - DAG(s) dict_keys(['latest_only']) retrieved from /home/airflow/.local/lib/python3.8/site-packages/airflow/example_dags/example_latest_only.py
[2024-10-06T23:15:28.770+0000] {logging_mixin.py:154} INFO - [2024-10-06T23:15:28.770+0000] {dag.py:2941} INFO - Sync 1 DAGs
[2024-10-06T23:15:28.779+0000] {logging_mixin.py:154} INFO - [2024-10-06T23:15:28.779+0000] {dag.py:3722} INFO - Setting next_dagrun for latest_only to 2024-10-06T19:15:28.778947+00:00, run_after=2024-10-06T23:15:28.778947+00:00
[2024-10-06T23:15:28.785+0000] {processor.py:179} INFO - Processing /home/airflow/.local/lib/python3.8/site-packages/airflow/example_dags/example_latest_only.py took 0.029 seconds
[2024-10-06T23:54:55.916+0000] {processor.py:157} INFO - Started process (PID=29135) to work on /home/airflow/.local/lib/python3.8/site-packages/airflow/example_dags/example_latest_only.py
[2024-10-06T23:54:55.917+0000] {processor.py:829} INFO - Processing file /home/airflow/.local/lib/python3.8/site-packages/airflow/example_dags/example_latest_only.py for tasks to queue
[2024-10-06T23:54:55.920+0000] {logging_mixin.py:154} INFO - [2024-10-06T23:54:55.919+0000] {dagbag.py:536} INFO - Filling up the DagBag from /home/airflow/.local/lib/python3.8/site-packages/airflow/example_dags/example_latest_only.py
[2024-10-06T23:54:55.923+0000] {processor.py:839} INFO - DAG(s) dict_keys(['latest_only']) retrieved from /home/airflow/.local/lib/python3.8/site-packages/airflow/example_dags/example_latest_only.py
[2024-10-06T23:54:55.936+0000] {logging_mixin.py:154} INFO - [2024-10-06T23:54:55.936+0000] {dag.py:2941} INFO - Sync 1 DAGs
[2024-10-06T23:54:56.223+0000] {logging_mixin.py:154} INFO - [2024-10-06T23:54:56.223+0000] {dag.py:3722} INFO - Setting next_dagrun for latest_only to 2024-10-06T19:54:56.223014+00:00, run_after=2024-10-06T23:54:56.223014+00:00
[2024-10-06T23:54:56.330+0000] {processor.py:179} INFO - Processing /home/airflow/.local/lib/python3.8/site-packages/airflow/example_dags/example_latest_only.py took 0.417 seconds
