[2024-10-06T00:48:01.266+0000] {processor.py:157} INFO - Started process (PID=25782) to work on /home/airflow/.local/lib/python3.8/site-packages/airflow/example_dags/example_branch_operator.py
[2024-10-06T00:48:01.267+0000] {processor.py:829} INFO - Processing file /home/airflow/.local/lib/python3.8/site-packages/airflow/example_dags/example_branch_operator.py for tasks to queue
[2024-10-06T00:48:01.269+0000] {logging_mixin.py:154} INFO - [2024-10-06T00:48:01.269+0000] {dagbag.py:536} INFO - Filling up the DagBag from /home/airflow/.local/lib/python3.8/site-packages/airflow/example_dags/example_branch_operator.py
[2024-10-06T00:48:01.275+0000] {processor.py:839} INFO - DAG(s) dict_keys(['example_branch_operator']) retrieved from /home/airflow/.local/lib/python3.8/site-packages/airflow/example_dags/example_branch_operator.py
[2024-10-06T00:48:01.291+0000] {logging_mixin.py:154} INFO - [2024-10-06T00:48:01.291+0000] {dag.py:2941} INFO - Sync 1 DAGs
[2024-10-06T00:48:01.305+0000] {logging_mixin.py:154} INFO - [2024-10-06T00:48:01.305+0000] {dag.py:3722} INFO - Setting next_dagrun for example_branch_operator to 2024-10-05T00:00:00+00:00, run_after=2024-10-06T00:00:00+00:00
[2024-10-06T00:48:01.317+0000] {processor.py:179} INFO - Processing /home/airflow/.local/lib/python3.8/site-packages/airflow/example_dags/example_branch_operator.py took 0.054 seconds
[2024-10-06T00:59:18.284+0000] {processor.py:157} INFO - Started process (PID=25836) to work on /home/airflow/.local/lib/python3.8/site-packages/airflow/example_dags/example_branch_operator.py
[2024-10-06T00:59:18.285+0000] {processor.py:829} INFO - Processing file /home/airflow/.local/lib/python3.8/site-packages/airflow/example_dags/example_branch_operator.py for tasks to queue
[2024-10-06T00:59:18.286+0000] {logging_mixin.py:154} INFO - [2024-10-06T00:59:18.286+0000] {dagbag.py:536} INFO - Filling up the DagBag from /home/airflow/.local/lib/python3.8/site-packages/airflow/example_dags/example_branch_operator.py
[2024-10-06T00:59:18.289+0000] {processor.py:839} INFO - DAG(s) dict_keys(['example_branch_operator']) retrieved from /home/airflow/.local/lib/python3.8/site-packages/airflow/example_dags/example_branch_operator.py
[2024-10-06T00:59:18.299+0000] {logging_mixin.py:154} INFO - [2024-10-06T00:59:18.299+0000] {dag.py:2941} INFO - Sync 1 DAGs
[2024-10-06T00:59:18.308+0000] {logging_mixin.py:154} INFO - [2024-10-06T00:59:18.308+0000] {dag.py:3722} INFO - Setting next_dagrun for example_branch_operator to 2024-10-05T00:00:00+00:00, run_after=2024-10-06T00:00:00+00:00
[2024-10-06T00:59:18.314+0000] {processor.py:179} INFO - Processing /home/airflow/.local/lib/python3.8/site-packages/airflow/example_dags/example_branch_operator.py took 0.031 seconds
[2024-10-06T02:12:19.370+0000] {processor.py:157} INFO - Started process (PID=25890) to work on /home/airflow/.local/lib/python3.8/site-packages/airflow/example_dags/example_branch_operator.py
[2024-10-06T02:12:19.370+0000] {processor.py:829} INFO - Processing file /home/airflow/.local/lib/python3.8/site-packages/airflow/example_dags/example_branch_operator.py for tasks to queue
[2024-10-06T02:12:19.371+0000] {logging_mixin.py:154} INFO - [2024-10-06T02:12:19.371+0000] {dagbag.py:536} INFO - Filling up the DagBag from /home/airflow/.local/lib/python3.8/site-packages/airflow/example_dags/example_branch_operator.py
[2024-10-06T02:12:19.376+0000] {processor.py:839} INFO - DAG(s) dict_keys(['example_branch_operator']) retrieved from /home/airflow/.local/lib/python3.8/site-packages/airflow/example_dags/example_branch_operator.py
[2024-10-06T02:12:19.386+0000] {logging_mixin.py:154} INFO - [2024-10-06T02:12:19.385+0000] {dag.py:2941} INFO - Sync 1 DAGs
[2024-10-06T02:12:19.394+0000] {logging_mixin.py:154} INFO - [2024-10-06T02:12:19.394+0000] {dag.py:3722} INFO - Setting next_dagrun for example_branch_operator to 2024-10-05T00:00:00+00:00, run_after=2024-10-06T00:00:00+00:00
[2024-10-06T02:12:19.401+0000] {processor.py:179} INFO - Processing /home/airflow/.local/lib/python3.8/site-packages/airflow/example_dags/example_branch_operator.py took 0.032 seconds
[2024-10-06T02:48:46.585+0000] {processor.py:157} INFO - Started process (PID=25944) to work on /home/airflow/.local/lib/python3.8/site-packages/airflow/example_dags/example_branch_operator.py
[2024-10-06T02:48:46.586+0000] {processor.py:829} INFO - Processing file /home/airflow/.local/lib/python3.8/site-packages/airflow/example_dags/example_branch_operator.py for tasks to queue
[2024-10-06T02:48:46.588+0000] {logging_mixin.py:154} INFO - [2024-10-06T02:48:46.588+0000] {dagbag.py:536} INFO - Filling up the DagBag from /home/airflow/.local/lib/python3.8/site-packages/airflow/example_dags/example_branch_operator.py
[2024-10-06T02:48:46.596+0000] {processor.py:839} INFO - DAG(s) dict_keys(['example_branch_operator']) retrieved from /home/airflow/.local/lib/python3.8/site-packages/airflow/example_dags/example_branch_operator.py
[2024-10-06T02:48:46.610+0000] {logging_mixin.py:154} INFO - [2024-10-06T02:48:46.609+0000] {dag.py:2941} INFO - Sync 1 DAGs
[2024-10-06T02:48:46.623+0000] {logging_mixin.py:154} INFO - [2024-10-06T02:48:46.623+0000] {dag.py:3722} INFO - Setting next_dagrun for example_branch_operator to 2024-10-05T00:00:00+00:00, run_after=2024-10-06T00:00:00+00:00
[2024-10-06T02:48:46.633+0000] {processor.py:179} INFO - Processing /home/airflow/.local/lib/python3.8/site-packages/airflow/example_dags/example_branch_operator.py took 0.052 seconds
[2024-10-06T03:19:22.069+0000] {processor.py:157} INFO - Started process (PID=25998) to work on /home/airflow/.local/lib/python3.8/site-packages/airflow/example_dags/example_branch_operator.py
[2024-10-06T03:19:22.070+0000] {processor.py:829} INFO - Processing file /home/airflow/.local/lib/python3.8/site-packages/airflow/example_dags/example_branch_operator.py for tasks to queue
[2024-10-06T03:19:22.071+0000] {logging_mixin.py:154} INFO - [2024-10-06T03:19:22.071+0000] {dagbag.py:536} INFO - Filling up the DagBag from /home/airflow/.local/lib/python3.8/site-packages/airflow/example_dags/example_branch_operator.py
[2024-10-06T03:19:22.077+0000] {processor.py:839} INFO - DAG(s) dict_keys(['example_branch_operator']) retrieved from /home/airflow/.local/lib/python3.8/site-packages/airflow/example_dags/example_branch_operator.py
[2024-10-06T03:19:22.090+0000] {logging_mixin.py:154} INFO - [2024-10-06T03:19:22.090+0000] {dag.py:2941} INFO - Sync 1 DAGs
[2024-10-06T03:19:22.102+0000] {logging_mixin.py:154} INFO - [2024-10-06T03:19:22.102+0000] {dag.py:3722} INFO - Setting next_dagrun for example_branch_operator to 2024-10-05T00:00:00+00:00, run_after=2024-10-06T00:00:00+00:00
[2024-10-06T03:19:22.111+0000] {processor.py:179} INFO - Processing /home/airflow/.local/lib/python3.8/site-packages/airflow/example_dags/example_branch_operator.py took 0.044 seconds
[2024-10-06T04:34:55.826+0000] {processor.py:157} INFO - Started process (PID=26052) to work on /home/airflow/.local/lib/python3.8/site-packages/airflow/example_dags/example_branch_operator.py
[2024-10-06T04:34:55.827+0000] {processor.py:829} INFO - Processing file /home/airflow/.local/lib/python3.8/site-packages/airflow/example_dags/example_branch_operator.py for tasks to queue
[2024-10-06T04:34:55.828+0000] {logging_mixin.py:154} INFO - [2024-10-06T04:34:55.828+0000] {dagbag.py:536} INFO - Filling up the DagBag from /home/airflow/.local/lib/python3.8/site-packages/airflow/example_dags/example_branch_operator.py
[2024-10-06T04:34:55.834+0000] {processor.py:839} INFO - DAG(s) dict_keys(['example_branch_operator']) retrieved from /home/airflow/.local/lib/python3.8/site-packages/airflow/example_dags/example_branch_operator.py
[2024-10-06T04:34:55.847+0000] {logging_mixin.py:154} INFO - [2024-10-06T04:34:55.847+0000] {dag.py:2941} INFO - Sync 1 DAGs
[2024-10-06T04:34:55.859+0000] {logging_mixin.py:154} INFO - [2024-10-06T04:34:55.859+0000] {dag.py:3722} INFO - Setting next_dagrun for example_branch_operator to 2024-10-05T00:00:00+00:00, run_after=2024-10-06T00:00:00+00:00
[2024-10-06T04:34:55.868+0000] {processor.py:179} INFO - Processing /home/airflow/.local/lib/python3.8/site-packages/airflow/example_dags/example_branch_operator.py took 0.044 seconds
[2024-10-06T05:54:00.667+0000] {processor.py:157} INFO - Started process (PID=26106) to work on /home/airflow/.local/lib/python3.8/site-packages/airflow/example_dags/example_branch_operator.py
[2024-10-06T05:54:00.668+0000] {processor.py:829} INFO - Processing file /home/airflow/.local/lib/python3.8/site-packages/airflow/example_dags/example_branch_operator.py for tasks to queue
[2024-10-06T05:54:00.669+0000] {logging_mixin.py:154} INFO - [2024-10-06T05:54:00.669+0000] {dagbag.py:536} INFO - Filling up the DagBag from /home/airflow/.local/lib/python3.8/site-packages/airflow/example_dags/example_branch_operator.py
[2024-10-06T05:54:00.674+0000] {processor.py:839} INFO - DAG(s) dict_keys(['example_branch_operator']) retrieved from /home/airflow/.local/lib/python3.8/site-packages/airflow/example_dags/example_branch_operator.py
[2024-10-06T05:54:00.684+0000] {logging_mixin.py:154} INFO - [2024-10-06T05:54:00.684+0000] {dag.py:2941} INFO - Sync 1 DAGs
[2024-10-06T05:54:00.693+0000] {logging_mixin.py:154} INFO - [2024-10-06T05:54:00.693+0000] {dag.py:3722} INFO - Setting next_dagrun for example_branch_operator to 2024-10-05T00:00:00+00:00, run_after=2024-10-06T00:00:00+00:00
[2024-10-06T05:54:00.699+0000] {processor.py:179} INFO - Processing /home/airflow/.local/lib/python3.8/site-packages/airflow/example_dags/example_branch_operator.py took 0.034 seconds
[2024-10-06T06:41:06.450+0000] {processor.py:157} INFO - Started process (PID=26160) to work on /home/airflow/.local/lib/python3.8/site-packages/airflow/example_dags/example_branch_operator.py
[2024-10-06T06:41:06.450+0000] {processor.py:829} INFO - Processing file /home/airflow/.local/lib/python3.8/site-packages/airflow/example_dags/example_branch_operator.py for tasks to queue
[2024-10-06T06:41:06.451+0000] {logging_mixin.py:154} INFO - [2024-10-06T06:41:06.451+0000] {dagbag.py:536} INFO - Filling up the DagBag from /home/airflow/.local/lib/python3.8/site-packages/airflow/example_dags/example_branch_operator.py
[2024-10-06T06:41:06.456+0000] {processor.py:839} INFO - DAG(s) dict_keys(['example_branch_operator']) retrieved from /home/airflow/.local/lib/python3.8/site-packages/airflow/example_dags/example_branch_operator.py
[2024-10-06T06:41:06.466+0000] {logging_mixin.py:154} INFO - [2024-10-06T06:41:06.465+0000] {dag.py:2941} INFO - Sync 1 DAGs
[2024-10-06T06:41:06.474+0000] {logging_mixin.py:154} INFO - [2024-10-06T06:41:06.474+0000] {dag.py:3722} INFO - Setting next_dagrun for example_branch_operator to 2024-10-05T00:00:00+00:00, run_after=2024-10-06T00:00:00+00:00
[2024-10-06T06:41:06.481+0000] {processor.py:179} INFO - Processing /home/airflow/.local/lib/python3.8/site-packages/airflow/example_dags/example_branch_operator.py took 0.032 seconds
[2024-10-06T08:19:29.063+0000] {processor.py:157} INFO - Started process (PID=26214) to work on /home/airflow/.local/lib/python3.8/site-packages/airflow/example_dags/example_branch_operator.py
[2024-10-06T08:19:29.064+0000] {processor.py:829} INFO - Processing file /home/airflow/.local/lib/python3.8/site-packages/airflow/example_dags/example_branch_operator.py for tasks to queue
[2024-10-06T08:19:29.065+0000] {logging_mixin.py:154} INFO - [2024-10-06T08:19:29.065+0000] {dagbag.py:536} INFO - Filling up the DagBag from /home/airflow/.local/lib/python3.8/site-packages/airflow/example_dags/example_branch_operator.py
[2024-10-06T08:19:29.069+0000] {processor.py:839} INFO - DAG(s) dict_keys(['example_branch_operator']) retrieved from /home/airflow/.local/lib/python3.8/site-packages/airflow/example_dags/example_branch_operator.py
[2024-10-06T08:19:29.079+0000] {logging_mixin.py:154} INFO - [2024-10-06T08:19:29.079+0000] {dag.py:2941} INFO - Sync 1 DAGs
[2024-10-06T08:19:29.088+0000] {logging_mixin.py:154} INFO - [2024-10-06T08:19:29.088+0000] {dag.py:3722} INFO - Setting next_dagrun for example_branch_operator to 2024-10-05T00:00:00+00:00, run_after=2024-10-06T00:00:00+00:00
[2024-10-06T08:19:29.095+0000] {processor.py:179} INFO - Processing /home/airflow/.local/lib/python3.8/site-packages/airflow/example_dags/example_branch_operator.py took 0.033 seconds
[2024-10-06T09:31:45.173+0000] {processor.py:157} INFO - Started process (PID=26268) to work on /home/airflow/.local/lib/python3.8/site-packages/airflow/example_dags/example_branch_operator.py
[2024-10-06T09:31:45.174+0000] {processor.py:829} INFO - Processing file /home/airflow/.local/lib/python3.8/site-packages/airflow/example_dags/example_branch_operator.py for tasks to queue
[2024-10-06T09:31:45.175+0000] {logging_mixin.py:154} INFO - [2024-10-06T09:31:45.175+0000] {dagbag.py:536} INFO - Filling up the DagBag from /home/airflow/.local/lib/python3.8/site-packages/airflow/example_dags/example_branch_operator.py
[2024-10-06T09:31:45.181+0000] {processor.py:839} INFO - DAG(s) dict_keys(['example_branch_operator']) retrieved from /home/airflow/.local/lib/python3.8/site-packages/airflow/example_dags/example_branch_operator.py
[2024-10-06T09:31:45.190+0000] {logging_mixin.py:154} INFO - [2024-10-06T09:31:45.190+0000] {dag.py:2941} INFO - Sync 1 DAGs
[2024-10-06T09:31:45.200+0000] {logging_mixin.py:154} INFO - [2024-10-06T09:31:45.200+0000] {dag.py:3722} INFO - Setting next_dagrun for example_branch_operator to 2024-10-05T00:00:00+00:00, run_after=2024-10-06T00:00:00+00:00
[2024-10-06T09:31:45.206+0000] {processor.py:179} INFO - Processing /home/airflow/.local/lib/python3.8/site-packages/airflow/example_dags/example_branch_operator.py took 0.035 seconds
[2024-10-06T10:45:24.737+0000] {processor.py:157} INFO - Started process (PID=26322) to work on /home/airflow/.local/lib/python3.8/site-packages/airflow/example_dags/example_branch_operator.py
[2024-10-06T10:45:24.738+0000] {processor.py:829} INFO - Processing file /home/airflow/.local/lib/python3.8/site-packages/airflow/example_dags/example_branch_operator.py for tasks to queue
[2024-10-06T10:45:24.739+0000] {logging_mixin.py:154} INFO - [2024-10-06T10:45:24.739+0000] {dagbag.py:536} INFO - Filling up the DagBag from /home/airflow/.local/lib/python3.8/site-packages/airflow/example_dags/example_branch_operator.py
[2024-10-06T10:45:24.744+0000] {processor.py:839} INFO - DAG(s) dict_keys(['example_branch_operator']) retrieved from /home/airflow/.local/lib/python3.8/site-packages/airflow/example_dags/example_branch_operator.py
[2024-10-06T10:45:24.758+0000] {logging_mixin.py:154} INFO - [2024-10-06T10:45:24.757+0000] {dag.py:2941} INFO - Sync 1 DAGs
[2024-10-06T10:45:24.769+0000] {logging_mixin.py:154} INFO - [2024-10-06T10:45:24.769+0000] {dag.py:3722} INFO - Setting next_dagrun for example_branch_operator to 2024-10-05T00:00:00+00:00, run_after=2024-10-06T00:00:00+00:00
[2024-10-06T10:45:24.782+0000] {processor.py:179} INFO - Processing /home/airflow/.local/lib/python3.8/site-packages/airflow/example_dags/example_branch_operator.py took 0.047 seconds
[2024-10-06T11:46:25.126+0000] {processor.py:157} INFO - Started process (PID=26376) to work on /home/airflow/.local/lib/python3.8/site-packages/airflow/example_dags/example_branch_operator.py
[2024-10-06T11:46:25.127+0000] {processor.py:829} INFO - Processing file /home/airflow/.local/lib/python3.8/site-packages/airflow/example_dags/example_branch_operator.py for tasks to queue
[2024-10-06T11:46:25.128+0000] {logging_mixin.py:154} INFO - [2024-10-06T11:46:25.128+0000] {dagbag.py:536} INFO - Filling up the DagBag from /home/airflow/.local/lib/python3.8/site-packages/airflow/example_dags/example_branch_operator.py
[2024-10-06T11:46:25.138+0000] {processor.py:839} INFO - DAG(s) dict_keys(['example_branch_operator']) retrieved from /home/airflow/.local/lib/python3.8/site-packages/airflow/example_dags/example_branch_operator.py
[2024-10-06T11:46:25.163+0000] {logging_mixin.py:154} INFO - [2024-10-06T11:46:25.163+0000] {dag.py:2941} INFO - Sync 1 DAGs
[2024-10-06T11:46:25.186+0000] {logging_mixin.py:154} INFO - [2024-10-06T11:46:25.186+0000] {dag.py:3722} INFO - Setting next_dagrun for example_branch_operator to 2024-10-05T00:00:00+00:00, run_after=2024-10-06T00:00:00+00:00
[2024-10-06T11:46:25.207+0000] {processor.py:179} INFO - Processing /home/airflow/.local/lib/python3.8/site-packages/airflow/example_dags/example_branch_operator.py took 0.084 seconds
[2024-10-06T12:33:56.950+0000] {processor.py:157} INFO - Started process (PID=26430) to work on /home/airflow/.local/lib/python3.8/site-packages/airflow/example_dags/example_branch_operator.py
[2024-10-06T12:33:56.950+0000] {processor.py:829} INFO - Processing file /home/airflow/.local/lib/python3.8/site-packages/airflow/example_dags/example_branch_operator.py for tasks to queue
[2024-10-06T12:33:56.952+0000] {logging_mixin.py:154} INFO - [2024-10-06T12:33:56.952+0000] {dagbag.py:536} INFO - Filling up the DagBag from /home/airflow/.local/lib/python3.8/site-packages/airflow/example_dags/example_branch_operator.py
[2024-10-06T12:33:56.958+0000] {processor.py:839} INFO - DAG(s) dict_keys(['example_branch_operator']) retrieved from /home/airflow/.local/lib/python3.8/site-packages/airflow/example_dags/example_branch_operator.py
[2024-10-06T12:33:56.972+0000] {logging_mixin.py:154} INFO - [2024-10-06T12:33:56.971+0000] {dag.py:2941} INFO - Sync 1 DAGs
[2024-10-06T12:33:56.985+0000] {logging_mixin.py:154} INFO - [2024-10-06T12:33:56.985+0000] {dag.py:3722} INFO - Setting next_dagrun for example_branch_operator to 2024-10-05T00:00:00+00:00, run_after=2024-10-06T00:00:00+00:00
[2024-10-06T12:33:56.996+0000] {processor.py:179} INFO - Processing /home/airflow/.local/lib/python3.8/site-packages/airflow/example_dags/example_branch_operator.py took 0.049 seconds
[2024-10-06T13:17:27.468+0000] {processor.py:157} INFO - Started process (PID=26484) to work on /home/airflow/.local/lib/python3.8/site-packages/airflow/example_dags/example_branch_operator.py
[2024-10-06T13:17:27.469+0000] {processor.py:829} INFO - Processing file /home/airflow/.local/lib/python3.8/site-packages/airflow/example_dags/example_branch_operator.py for tasks to queue
[2024-10-06T13:17:27.470+0000] {logging_mixin.py:154} INFO - [2024-10-06T13:17:27.470+0000] {dagbag.py:536} INFO - Filling up the DagBag from /home/airflow/.local/lib/python3.8/site-packages/airflow/example_dags/example_branch_operator.py
[2024-10-06T13:17:27.475+0000] {processor.py:839} INFO - DAG(s) dict_keys(['example_branch_operator']) retrieved from /home/airflow/.local/lib/python3.8/site-packages/airflow/example_dags/example_branch_operator.py
[2024-10-06T13:17:27.489+0000] {logging_mixin.py:154} INFO - [2024-10-06T13:17:27.488+0000] {dag.py:2941} INFO - Sync 1 DAGs
[2024-10-06T13:17:27.501+0000] {logging_mixin.py:154} INFO - [2024-10-06T13:17:27.500+0000] {dag.py:3722} INFO - Setting next_dagrun for example_branch_operator to 2024-10-05T00:00:00+00:00, run_after=2024-10-06T00:00:00+00:00
[2024-10-06T13:17:27.509+0000] {processor.py:179} INFO - Processing /home/airflow/.local/lib/python3.8/site-packages/airflow/example_dags/example_branch_operator.py took 0.043 seconds
[2024-10-06T14:49:25.967+0000] {processor.py:157} INFO - Started process (PID=26538) to work on /home/airflow/.local/lib/python3.8/site-packages/airflow/example_dags/example_branch_operator.py
[2024-10-06T14:49:25.968+0000] {processor.py:829} INFO - Processing file /home/airflow/.local/lib/python3.8/site-packages/airflow/example_dags/example_branch_operator.py for tasks to queue
[2024-10-06T14:49:25.969+0000] {logging_mixin.py:154} INFO - [2024-10-06T14:49:25.969+0000] {dagbag.py:536} INFO - Filling up the DagBag from /home/airflow/.local/lib/python3.8/site-packages/airflow/example_dags/example_branch_operator.py
[2024-10-06T14:49:25.976+0000] {processor.py:839} INFO - DAG(s) dict_keys(['example_branch_operator']) retrieved from /home/airflow/.local/lib/python3.8/site-packages/airflow/example_dags/example_branch_operator.py
[2024-10-06T14:49:25.991+0000] {logging_mixin.py:154} INFO - [2024-10-06T14:49:25.990+0000] {dag.py:2941} INFO - Sync 1 DAGs
[2024-10-06T14:49:26.005+0000] {logging_mixin.py:154} INFO - [2024-10-06T14:49:26.005+0000] {dag.py:3722} INFO - Setting next_dagrun for example_branch_operator to 2024-10-05T00:00:00+00:00, run_after=2024-10-06T00:00:00+00:00
[2024-10-06T14:49:26.018+0000] {processor.py:179} INFO - Processing /home/airflow/.local/lib/python3.8/site-packages/airflow/example_dags/example_branch_operator.py took 0.053 seconds
[2024-10-06T15:50:30.098+0000] {processor.py:157} INFO - Started process (PID=26592) to work on /home/airflow/.local/lib/python3.8/site-packages/airflow/example_dags/example_branch_operator.py
[2024-10-06T15:50:30.098+0000] {processor.py:829} INFO - Processing file /home/airflow/.local/lib/python3.8/site-packages/airflow/example_dags/example_branch_operator.py for tasks to queue
[2024-10-06T15:50:30.099+0000] {logging_mixin.py:154} INFO - [2024-10-06T15:50:30.099+0000] {dagbag.py:536} INFO - Filling up the DagBag from /home/airflow/.local/lib/python3.8/site-packages/airflow/example_dags/example_branch_operator.py
[2024-10-06T15:50:30.104+0000] {processor.py:839} INFO - DAG(s) dict_keys(['example_branch_operator']) retrieved from /home/airflow/.local/lib/python3.8/site-packages/airflow/example_dags/example_branch_operator.py
[2024-10-06T15:50:30.118+0000] {logging_mixin.py:154} INFO - [2024-10-06T15:50:30.117+0000] {dag.py:2941} INFO - Sync 1 DAGs
[2024-10-06T15:50:30.128+0000] {logging_mixin.py:154} INFO - [2024-10-06T15:50:30.128+0000] {dag.py:3722} INFO - Setting next_dagrun for example_branch_operator to 2024-10-05T00:00:00+00:00, run_after=2024-10-06T00:00:00+00:00
[2024-10-06T15:50:30.138+0000] {processor.py:179} INFO - Processing /home/airflow/.local/lib/python3.8/site-packages/airflow/example_dags/example_branch_operator.py took 0.041 seconds
[2024-10-06T16:11:23.084+0000] {processor.py:157} INFO - Started process (PID=26646) to work on /home/airflow/.local/lib/python3.8/site-packages/airflow/example_dags/example_branch_operator.py
[2024-10-06T16:11:23.086+0000] {processor.py:829} INFO - Processing file /home/airflow/.local/lib/python3.8/site-packages/airflow/example_dags/example_branch_operator.py for tasks to queue
[2024-10-06T16:11:23.091+0000] {logging_mixin.py:154} INFO - [2024-10-06T16:11:23.090+0000] {dagbag.py:536} INFO - Filling up the DagBag from /home/airflow/.local/lib/python3.8/site-packages/airflow/example_dags/example_branch_operator.py
[2024-10-06T16:11:23.102+0000] {processor.py:839} INFO - DAG(s) dict_keys(['example_branch_operator']) retrieved from /home/airflow/.local/lib/python3.8/site-packages/airflow/example_dags/example_branch_operator.py
[2024-10-06T16:11:23.133+0000] {logging_mixin.py:154} INFO - [2024-10-06T16:11:23.132+0000] {dag.py:2941} INFO - Sync 1 DAGs
[2024-10-06T16:11:23.165+0000] {logging_mixin.py:154} INFO - [2024-10-06T16:11:23.164+0000] {dag.py:3722} INFO - Setting next_dagrun for example_branch_operator to 2024-10-05T00:00:00+00:00, run_after=2024-10-06T00:00:00+00:00
[2024-10-06T16:11:23.193+0000] {processor.py:179} INFO - Processing /home/airflow/.local/lib/python3.8/site-packages/airflow/example_dags/example_branch_operator.py took 0.113 seconds
[2024-10-06T16:17:00.152+0000] {processor.py:157} INFO - Started process (PID=26700) to work on /home/airflow/.local/lib/python3.8/site-packages/airflow/example_dags/example_branch_operator.py
[2024-10-06T16:17:00.153+0000] {processor.py:829} INFO - Processing file /home/airflow/.local/lib/python3.8/site-packages/airflow/example_dags/example_branch_operator.py for tasks to queue
[2024-10-06T16:17:00.155+0000] {logging_mixin.py:154} INFO - [2024-10-06T16:17:00.155+0000] {dagbag.py:536} INFO - Filling up the DagBag from /home/airflow/.local/lib/python3.8/site-packages/airflow/example_dags/example_branch_operator.py
[2024-10-06T16:17:00.162+0000] {processor.py:839} INFO - DAG(s) dict_keys(['example_branch_operator']) retrieved from /home/airflow/.local/lib/python3.8/site-packages/airflow/example_dags/example_branch_operator.py
[2024-10-06T16:17:00.177+0000] {logging_mixin.py:154} INFO - [2024-10-06T16:17:00.176+0000] {dag.py:2941} INFO - Sync 1 DAGs
[2024-10-06T16:17:00.189+0000] {logging_mixin.py:154} INFO - [2024-10-06T16:17:00.189+0000] {dag.py:3722} INFO - Setting next_dagrun for example_branch_operator to 2024-10-05T00:00:00+00:00, run_after=2024-10-06T00:00:00+00:00
[2024-10-06T16:17:00.198+0000] {processor.py:179} INFO - Processing /home/airflow/.local/lib/python3.8/site-packages/airflow/example_dags/example_branch_operator.py took 0.048 seconds
[2024-10-06T17:25:37.055+0000] {processor.py:157} INFO - Started process (PID=26754) to work on /home/airflow/.local/lib/python3.8/site-packages/airflow/example_dags/example_branch_operator.py
[2024-10-06T17:25:37.056+0000] {processor.py:829} INFO - Processing file /home/airflow/.local/lib/python3.8/site-packages/airflow/example_dags/example_branch_operator.py for tasks to queue
[2024-10-06T17:25:37.058+0000] {logging_mixin.py:154} INFO - [2024-10-06T17:25:37.058+0000] {dagbag.py:536} INFO - Filling up the DagBag from /home/airflow/.local/lib/python3.8/site-packages/airflow/example_dags/example_branch_operator.py
[2024-10-06T17:25:37.065+0000] {processor.py:839} INFO - DAG(s) dict_keys(['example_branch_operator']) retrieved from /home/airflow/.local/lib/python3.8/site-packages/airflow/example_dags/example_branch_operator.py
[2024-10-06T17:25:37.079+0000] {logging_mixin.py:154} INFO - [2024-10-06T17:25:37.078+0000] {dag.py:2941} INFO - Sync 1 DAGs
[2024-10-06T17:25:37.091+0000] {logging_mixin.py:154} INFO - [2024-10-06T17:25:37.091+0000] {dag.py:3722} INFO - Setting next_dagrun for example_branch_operator to 2024-10-05T00:00:00+00:00, run_after=2024-10-06T00:00:00+00:00
[2024-10-06T17:25:37.100+0000] {processor.py:179} INFO - Processing /home/airflow/.local/lib/python3.8/site-packages/airflow/example_dags/example_branch_operator.py took 0.047 seconds
[2024-10-06T17:48:09.461+0000] {processor.py:157} INFO - Started process (PID=26808) to work on /home/airflow/.local/lib/python3.8/site-packages/airflow/example_dags/example_branch_operator.py
[2024-10-06T17:48:09.461+0000] {processor.py:829} INFO - Processing file /home/airflow/.local/lib/python3.8/site-packages/airflow/example_dags/example_branch_operator.py for tasks to queue
[2024-10-06T17:48:09.462+0000] {logging_mixin.py:154} INFO - [2024-10-06T17:48:09.462+0000] {dagbag.py:536} INFO - Filling up the DagBag from /home/airflow/.local/lib/python3.8/site-packages/airflow/example_dags/example_branch_operator.py
[2024-10-06T17:48:09.467+0000] {processor.py:839} INFO - DAG(s) dict_keys(['example_branch_operator']) retrieved from /home/airflow/.local/lib/python3.8/site-packages/airflow/example_dags/example_branch_operator.py
[2024-10-06T17:48:09.476+0000] {logging_mixin.py:154} INFO - [2024-10-06T17:48:09.476+0000] {dag.py:2941} INFO - Sync 1 DAGs
[2024-10-06T17:48:09.487+0000] {logging_mixin.py:154} INFO - [2024-10-06T17:48:09.487+0000] {dag.py:3722} INFO - Setting next_dagrun for example_branch_operator to 2024-10-05T00:00:00+00:00, run_after=2024-10-06T00:00:00+00:00
[2024-10-06T17:48:09.496+0000] {processor.py:179} INFO - Processing /home/airflow/.local/lib/python3.8/site-packages/airflow/example_dags/example_branch_operator.py took 0.037 seconds
[2024-10-06T18:17:57.798+0000] {processor.py:157} INFO - Started process (PID=26862) to work on /home/airflow/.local/lib/python3.8/site-packages/airflow/example_dags/example_branch_operator.py
[2024-10-06T18:17:57.798+0000] {processor.py:829} INFO - Processing file /home/airflow/.local/lib/python3.8/site-packages/airflow/example_dags/example_branch_operator.py for tasks to queue
[2024-10-06T18:17:57.799+0000] {logging_mixin.py:154} INFO - [2024-10-06T18:17:57.799+0000] {dagbag.py:536} INFO - Filling up the DagBag from /home/airflow/.local/lib/python3.8/site-packages/airflow/example_dags/example_branch_operator.py
[2024-10-06T18:17:57.804+0000] {processor.py:839} INFO - DAG(s) dict_keys(['example_branch_operator']) retrieved from /home/airflow/.local/lib/python3.8/site-packages/airflow/example_dags/example_branch_operator.py
[2024-10-06T18:17:57.814+0000] {logging_mixin.py:154} INFO - [2024-10-06T18:17:57.814+0000] {dag.py:2941} INFO - Sync 1 DAGs
[2024-10-06T18:17:57.824+0000] {logging_mixin.py:154} INFO - [2024-10-06T18:17:57.824+0000] {dag.py:3722} INFO - Setting next_dagrun for example_branch_operator to 2024-10-05T00:00:00+00:00, run_after=2024-10-06T00:00:00+00:00
[2024-10-06T18:17:57.831+0000] {processor.py:179} INFO - Processing /home/airflow/.local/lib/python3.8/site-packages/airflow/example_dags/example_branch_operator.py took 0.035 seconds
[2024-10-06T19:43:22.300+0000] {processor.py:157} INFO - Started process (PID=26916) to work on /home/airflow/.local/lib/python3.8/site-packages/airflow/example_dags/example_branch_operator.py
[2024-10-06T19:43:22.300+0000] {processor.py:829} INFO - Processing file /home/airflow/.local/lib/python3.8/site-packages/airflow/example_dags/example_branch_operator.py for tasks to queue
[2024-10-06T19:43:22.301+0000] {logging_mixin.py:154} INFO - [2024-10-06T19:43:22.301+0000] {dagbag.py:536} INFO - Filling up the DagBag from /home/airflow/.local/lib/python3.8/site-packages/airflow/example_dags/example_branch_operator.py
[2024-10-06T19:43:22.306+0000] {processor.py:839} INFO - DAG(s) dict_keys(['example_branch_operator']) retrieved from /home/airflow/.local/lib/python3.8/site-packages/airflow/example_dags/example_branch_operator.py
[2024-10-06T19:43:22.315+0000] {logging_mixin.py:154} INFO - [2024-10-06T19:43:22.315+0000] {dag.py:2941} INFO - Sync 1 DAGs
[2024-10-06T19:43:22.324+0000] {logging_mixin.py:154} INFO - [2024-10-06T19:43:22.323+0000] {dag.py:3722} INFO - Setting next_dagrun for example_branch_operator to 2024-10-05T00:00:00+00:00, run_after=2024-10-06T00:00:00+00:00
[2024-10-06T19:43:22.332+0000] {processor.py:179} INFO - Processing /home/airflow/.local/lib/python3.8/site-packages/airflow/example_dags/example_branch_operator.py took 0.034 seconds
[2024-10-06T20:31:09.517+0000] {processor.py:157} INFO - Started process (PID=26970) to work on /home/airflow/.local/lib/python3.8/site-packages/airflow/example_dags/example_branch_operator.py
[2024-10-06T20:31:09.518+0000] {processor.py:829} INFO - Processing file /home/airflow/.local/lib/python3.8/site-packages/airflow/example_dags/example_branch_operator.py for tasks to queue
[2024-10-06T20:31:09.519+0000] {logging_mixin.py:154} INFO - [2024-10-06T20:31:09.519+0000] {dagbag.py:536} INFO - Filling up the DagBag from /home/airflow/.local/lib/python3.8/site-packages/airflow/example_dags/example_branch_operator.py
[2024-10-06T20:31:09.524+0000] {processor.py:839} INFO - DAG(s) dict_keys(['example_branch_operator']) retrieved from /home/airflow/.local/lib/python3.8/site-packages/airflow/example_dags/example_branch_operator.py
[2024-10-06T20:31:09.534+0000] {logging_mixin.py:154} INFO - [2024-10-06T20:31:09.534+0000] {dag.py:2941} INFO - Sync 1 DAGs
[2024-10-06T20:31:09.543+0000] {logging_mixin.py:154} INFO - [2024-10-06T20:31:09.542+0000] {dag.py:3722} INFO - Setting next_dagrun for example_branch_operator to 2024-10-05T00:00:00+00:00, run_after=2024-10-06T00:00:00+00:00
[2024-10-06T20:31:09.549+0000] {processor.py:179} INFO - Processing /home/airflow/.local/lib/python3.8/site-packages/airflow/example_dags/example_branch_operator.py took 0.033 seconds
[2024-10-06T20:40:14.441+0000] {processor.py:157} INFO - Started process (PID=27024) to work on /home/airflow/.local/lib/python3.8/site-packages/airflow/example_dags/example_branch_operator.py
[2024-10-06T20:40:14.442+0000] {processor.py:829} INFO - Processing file /home/airflow/.local/lib/python3.8/site-packages/airflow/example_dags/example_branch_operator.py for tasks to queue
[2024-10-06T20:40:14.443+0000] {logging_mixin.py:154} INFO - [2024-10-06T20:40:14.443+0000] {dagbag.py:536} INFO - Filling up the DagBag from /home/airflow/.local/lib/python3.8/site-packages/airflow/example_dags/example_branch_operator.py
[2024-10-06T20:40:14.448+0000] {processor.py:839} INFO - DAG(s) dict_keys(['example_branch_operator']) retrieved from /home/airflow/.local/lib/python3.8/site-packages/airflow/example_dags/example_branch_operator.py
[2024-10-06T20:40:14.458+0000] {logging_mixin.py:154} INFO - [2024-10-06T20:40:14.457+0000] {dag.py:2941} INFO - Sync 1 DAGs
[2024-10-06T20:40:14.466+0000] {logging_mixin.py:154} INFO - [2024-10-06T20:40:14.466+0000] {dag.py:3722} INFO - Setting next_dagrun for example_branch_operator to 2024-10-05T00:00:00+00:00, run_after=2024-10-06T00:00:00+00:00
[2024-10-06T20:40:14.473+0000] {processor.py:179} INFO - Processing /home/airflow/.local/lib/python3.8/site-packages/airflow/example_dags/example_branch_operator.py took 0.033 seconds
[2024-10-06T20:43:24.810+0000] {processor.py:157} INFO - Started process (PID=27078) to work on /home/airflow/.local/lib/python3.8/site-packages/airflow/example_dags/example_branch_operator.py
[2024-10-06T20:43:24.810+0000] {processor.py:829} INFO - Processing file /home/airflow/.local/lib/python3.8/site-packages/airflow/example_dags/example_branch_operator.py for tasks to queue
[2024-10-06T20:43:24.811+0000] {logging_mixin.py:154} INFO - [2024-10-06T20:43:24.811+0000] {dagbag.py:536} INFO - Filling up the DagBag from /home/airflow/.local/lib/python3.8/site-packages/airflow/example_dags/example_branch_operator.py
[2024-10-06T20:43:24.816+0000] {processor.py:839} INFO - DAG(s) dict_keys(['example_branch_operator']) retrieved from /home/airflow/.local/lib/python3.8/site-packages/airflow/example_dags/example_branch_operator.py
[2024-10-06T20:43:24.825+0000] {logging_mixin.py:154} INFO - [2024-10-06T20:43:24.825+0000] {dag.py:2941} INFO - Sync 1 DAGs
[2024-10-06T20:43:24.834+0000] {logging_mixin.py:154} INFO - [2024-10-06T20:43:24.834+0000] {dag.py:3722} INFO - Setting next_dagrun for example_branch_operator to 2024-10-05T00:00:00+00:00, run_after=2024-10-06T00:00:00+00:00
[2024-10-06T20:43:24.840+0000] {processor.py:179} INFO - Processing /home/airflow/.local/lib/python3.8/site-packages/airflow/example_dags/example_branch_operator.py took 0.032 seconds
[2024-10-06T21:12:02.979+0000] {processor.py:157} INFO - Started process (PID=27132) to work on /home/airflow/.local/lib/python3.8/site-packages/airflow/example_dags/example_branch_operator.py
[2024-10-06T21:12:02.980+0000] {processor.py:829} INFO - Processing file /home/airflow/.local/lib/python3.8/site-packages/airflow/example_dags/example_branch_operator.py for tasks to queue
[2024-10-06T21:12:02.981+0000] {logging_mixin.py:154} INFO - [2024-10-06T21:12:02.981+0000] {dagbag.py:536} INFO - Filling up the DagBag from /home/airflow/.local/lib/python3.8/site-packages/airflow/example_dags/example_branch_operator.py
[2024-10-06T21:12:02.987+0000] {processor.py:839} INFO - DAG(s) dict_keys(['example_branch_operator']) retrieved from /home/airflow/.local/lib/python3.8/site-packages/airflow/example_dags/example_branch_operator.py
[2024-10-06T21:12:03.002+0000] {logging_mixin.py:154} INFO - [2024-10-06T21:12:03.002+0000] {dag.py:2941} INFO - Sync 1 DAGs
[2024-10-06T21:12:03.017+0000] {logging_mixin.py:154} INFO - [2024-10-06T21:12:03.017+0000] {dag.py:3722} INFO - Setting next_dagrun for example_branch_operator to 2024-10-05T00:00:00+00:00, run_after=2024-10-06T00:00:00+00:00
[2024-10-06T21:12:03.028+0000] {processor.py:179} INFO - Processing /home/airflow/.local/lib/python3.8/site-packages/airflow/example_dags/example_branch_operator.py took 0.050 seconds
[2024-10-06T21:13:25.829+0000] {processor.py:157} INFO - Started process (PID=27186) to work on /home/airflow/.local/lib/python3.8/site-packages/airflow/example_dags/example_branch_operator.py
[2024-10-06T21:13:25.829+0000] {processor.py:829} INFO - Processing file /home/airflow/.local/lib/python3.8/site-packages/airflow/example_dags/example_branch_operator.py for tasks to queue
[2024-10-06T21:13:25.830+0000] {logging_mixin.py:154} INFO - [2024-10-06T21:13:25.830+0000] {dagbag.py:536} INFO - Filling up the DagBag from /home/airflow/.local/lib/python3.8/site-packages/airflow/example_dags/example_branch_operator.py
[2024-10-06T21:13:25.834+0000] {processor.py:839} INFO - DAG(s) dict_keys(['example_branch_operator']) retrieved from /home/airflow/.local/lib/python3.8/site-packages/airflow/example_dags/example_branch_operator.py
[2024-10-06T21:13:25.844+0000] {logging_mixin.py:154} INFO - [2024-10-06T21:13:25.844+0000] {dag.py:2941} INFO - Sync 1 DAGs
[2024-10-06T21:13:25.852+0000] {logging_mixin.py:154} INFO - [2024-10-06T21:13:25.852+0000] {dag.py:3722} INFO - Setting next_dagrun for example_branch_operator to 2024-10-05T00:00:00+00:00, run_after=2024-10-06T00:00:00+00:00
[2024-10-06T21:13:25.858+0000] {processor.py:179} INFO - Processing /home/airflow/.local/lib/python3.8/site-packages/airflow/example_dags/example_branch_operator.py took 0.031 seconds
[2024-10-06T21:23:59.973+0000] {processor.py:157} INFO - Started process (PID=27240) to work on /home/airflow/.local/lib/python3.8/site-packages/airflow/example_dags/example_branch_operator.py
[2024-10-06T21:23:59.974+0000] {processor.py:829} INFO - Processing file /home/airflow/.local/lib/python3.8/site-packages/airflow/example_dags/example_branch_operator.py for tasks to queue
[2024-10-06T21:23:59.975+0000] {logging_mixin.py:154} INFO - [2024-10-06T21:23:59.975+0000] {dagbag.py:536} INFO - Filling up the DagBag from /home/airflow/.local/lib/python3.8/site-packages/airflow/example_dags/example_branch_operator.py
[2024-10-06T21:23:59.979+0000] {processor.py:839} INFO - DAG(s) dict_keys(['example_branch_operator']) retrieved from /home/airflow/.local/lib/python3.8/site-packages/airflow/example_dags/example_branch_operator.py
[2024-10-06T21:23:59.989+0000] {logging_mixin.py:154} INFO - [2024-10-06T21:23:59.989+0000] {dag.py:2941} INFO - Sync 1 DAGs
[2024-10-06T21:23:59.998+0000] {logging_mixin.py:154} INFO - [2024-10-06T21:23:59.998+0000] {dag.py:3722} INFO - Setting next_dagrun for example_branch_operator to 2024-10-05T00:00:00+00:00, run_after=2024-10-06T00:00:00+00:00
[2024-10-06T21:24:00.004+0000] {processor.py:179} INFO - Processing /home/airflow/.local/lib/python3.8/site-packages/airflow/example_dags/example_branch_operator.py took 0.032 seconds
[2024-10-06T22:02:21.678+0000] {processor.py:157} INFO - Started process (PID=27294) to work on /home/airflow/.local/lib/python3.8/site-packages/airflow/example_dags/example_branch_operator.py
[2024-10-06T22:02:21.679+0000] {processor.py:829} INFO - Processing file /home/airflow/.local/lib/python3.8/site-packages/airflow/example_dags/example_branch_operator.py for tasks to queue
[2024-10-06T22:02:21.680+0000] {logging_mixin.py:154} INFO - [2024-10-06T22:02:21.680+0000] {dagbag.py:536} INFO - Filling up the DagBag from /home/airflow/.local/lib/python3.8/site-packages/airflow/example_dags/example_branch_operator.py
[2024-10-06T22:02:21.687+0000] {processor.py:839} INFO - DAG(s) dict_keys(['example_branch_operator']) retrieved from /home/airflow/.local/lib/python3.8/site-packages/airflow/example_dags/example_branch_operator.py
[2024-10-06T22:02:21.702+0000] {logging_mixin.py:154} INFO - [2024-10-06T22:02:21.701+0000] {dag.py:2941} INFO - Sync 1 DAGs
[2024-10-06T22:02:21.714+0000] {logging_mixin.py:154} INFO - [2024-10-06T22:02:21.714+0000] {dag.py:3722} INFO - Setting next_dagrun for example_branch_operator to 2024-10-05T00:00:00+00:00, run_after=2024-10-06T00:00:00+00:00
[2024-10-06T22:02:21.723+0000] {processor.py:179} INFO - Processing /home/airflow/.local/lib/python3.8/site-packages/airflow/example_dags/example_branch_operator.py took 0.047 seconds
[2024-10-06T22:28:54.628+0000] {processor.py:157} INFO - Started process (PID=27348) to work on /home/airflow/.local/lib/python3.8/site-packages/airflow/example_dags/example_branch_operator.py
[2024-10-06T22:28:54.628+0000] {processor.py:829} INFO - Processing file /home/airflow/.local/lib/python3.8/site-packages/airflow/example_dags/example_branch_operator.py for tasks to queue
[2024-10-06T22:28:54.630+0000] {logging_mixin.py:154} INFO - [2024-10-06T22:28:54.629+0000] {dagbag.py:536} INFO - Filling up the DagBag from /home/airflow/.local/lib/python3.8/site-packages/airflow/example_dags/example_branch_operator.py
[2024-10-06T22:28:54.634+0000] {processor.py:839} INFO - DAG(s) dict_keys(['example_branch_operator']) retrieved from /home/airflow/.local/lib/python3.8/site-packages/airflow/example_dags/example_branch_operator.py
[2024-10-06T22:28:54.646+0000] {logging_mixin.py:154} INFO - [2024-10-06T22:28:54.646+0000] {dag.py:2941} INFO - Sync 1 DAGs
[2024-10-06T22:28:54.657+0000] {logging_mixin.py:154} INFO - [2024-10-06T22:28:54.657+0000] {dag.py:3722} INFO - Setting next_dagrun for example_branch_operator to 2024-10-05T00:00:00+00:00, run_after=2024-10-06T00:00:00+00:00
[2024-10-06T22:28:54.666+0000] {processor.py:179} INFO - Processing /home/airflow/.local/lib/python3.8/site-packages/airflow/example_dags/example_branch_operator.py took 0.040 seconds
[2024-10-06T22:59:44.055+0000] {processor.py:157} INFO - Started process (PID=27402) to work on /home/airflow/.local/lib/python3.8/site-packages/airflow/example_dags/example_branch_operator.py
[2024-10-06T22:59:44.056+0000] {processor.py:829} INFO - Processing file /home/airflow/.local/lib/python3.8/site-packages/airflow/example_dags/example_branch_operator.py for tasks to queue
[2024-10-06T22:59:44.057+0000] {logging_mixin.py:154} INFO - [2024-10-06T22:59:44.057+0000] {dagbag.py:536} INFO - Filling up the DagBag from /home/airflow/.local/lib/python3.8/site-packages/airflow/example_dags/example_branch_operator.py
[2024-10-06T22:59:44.064+0000] {processor.py:839} INFO - DAG(s) dict_keys(['example_branch_operator']) retrieved from /home/airflow/.local/lib/python3.8/site-packages/airflow/example_dags/example_branch_operator.py
[2024-10-06T22:59:44.081+0000] {logging_mixin.py:154} INFO - [2024-10-06T22:59:44.080+0000] {dag.py:2941} INFO - Sync 1 DAGs
[2024-10-06T22:59:44.096+0000] {logging_mixin.py:154} INFO - [2024-10-06T22:59:44.096+0000] {dag.py:3722} INFO - Setting next_dagrun for example_branch_operator to 2024-10-05T00:00:00+00:00, run_after=2024-10-06T00:00:00+00:00
[2024-10-06T22:59:44.109+0000] {processor.py:179} INFO - Processing /home/airflow/.local/lib/python3.8/site-packages/airflow/example_dags/example_branch_operator.py took 0.057 seconds
[2024-10-06T23:00:14.938+0000] {processor.py:157} INFO - Started process (PID=27456) to work on /home/airflow/.local/lib/python3.8/site-packages/airflow/example_dags/example_branch_operator.py
[2024-10-06T23:00:14.940+0000] {processor.py:829} INFO - Processing file /home/airflow/.local/lib/python3.8/site-packages/airflow/example_dags/example_branch_operator.py for tasks to queue
[2024-10-06T23:00:14.942+0000] {logging_mixin.py:154} INFO - [2024-10-06T23:00:14.942+0000] {dagbag.py:536} INFO - Filling up the DagBag from /home/airflow/.local/lib/python3.8/site-packages/airflow/example_dags/example_branch_operator.py
[2024-10-06T23:00:14.955+0000] {processor.py:839} INFO - DAG(s) dict_keys(['example_branch_operator']) retrieved from /home/airflow/.local/lib/python3.8/site-packages/airflow/example_dags/example_branch_operator.py
[2024-10-06T23:00:14.975+0000] {logging_mixin.py:154} INFO - [2024-10-06T23:00:14.975+0000] {dag.py:2941} INFO - Sync 1 DAGs
[2024-10-06T23:00:14.989+0000] {logging_mixin.py:154} INFO - [2024-10-06T23:00:14.989+0000] {dag.py:3722} INFO - Setting next_dagrun for example_branch_operator to 2024-10-05T00:00:00+00:00, run_after=2024-10-06T00:00:00+00:00
[2024-10-06T23:00:15.000+0000] {processor.py:179} INFO - Processing /home/airflow/.local/lib/python3.8/site-packages/airflow/example_dags/example_branch_operator.py took 0.065 seconds
[2024-10-06T23:00:45.789+0000] {processor.py:157} INFO - Started process (PID=27510) to work on /home/airflow/.local/lib/python3.8/site-packages/airflow/example_dags/example_branch_operator.py
[2024-10-06T23:00:45.789+0000] {processor.py:829} INFO - Processing file /home/airflow/.local/lib/python3.8/site-packages/airflow/example_dags/example_branch_operator.py for tasks to queue
[2024-10-06T23:00:45.790+0000] {logging_mixin.py:154} INFO - [2024-10-06T23:00:45.790+0000] {dagbag.py:536} INFO - Filling up the DagBag from /home/airflow/.local/lib/python3.8/site-packages/airflow/example_dags/example_branch_operator.py
[2024-10-06T23:00:45.795+0000] {processor.py:839} INFO - DAG(s) dict_keys(['example_branch_operator']) retrieved from /home/airflow/.local/lib/python3.8/site-packages/airflow/example_dags/example_branch_operator.py
[2024-10-06T23:00:45.805+0000] {logging_mixin.py:154} INFO - [2024-10-06T23:00:45.805+0000] {dag.py:2941} INFO - Sync 1 DAGs
[2024-10-06T23:00:45.814+0000] {logging_mixin.py:154} INFO - [2024-10-06T23:00:45.814+0000] {dag.py:3722} INFO - Setting next_dagrun for example_branch_operator to 2024-10-05T00:00:00+00:00, run_after=2024-10-06T00:00:00+00:00
[2024-10-06T23:00:45.820+0000] {processor.py:179} INFO - Processing /home/airflow/.local/lib/python3.8/site-packages/airflow/example_dags/example_branch_operator.py took 0.033 seconds
[2024-10-06T23:01:16.363+0000] {processor.py:157} INFO - Started process (PID=27564) to work on /home/airflow/.local/lib/python3.8/site-packages/airflow/example_dags/example_branch_operator.py
[2024-10-06T23:01:16.364+0000] {processor.py:829} INFO - Processing file /home/airflow/.local/lib/python3.8/site-packages/airflow/example_dags/example_branch_operator.py for tasks to queue
[2024-10-06T23:01:16.365+0000] {logging_mixin.py:154} INFO - [2024-10-06T23:01:16.365+0000] {dagbag.py:536} INFO - Filling up the DagBag from /home/airflow/.local/lib/python3.8/site-packages/airflow/example_dags/example_branch_operator.py
[2024-10-06T23:01:16.370+0000] {processor.py:839} INFO - DAG(s) dict_keys(['example_branch_operator']) retrieved from /home/airflow/.local/lib/python3.8/site-packages/airflow/example_dags/example_branch_operator.py
[2024-10-06T23:01:16.379+0000] {logging_mixin.py:154} INFO - [2024-10-06T23:01:16.379+0000] {dag.py:2941} INFO - Sync 1 DAGs
[2024-10-06T23:01:16.387+0000] {logging_mixin.py:154} INFO - [2024-10-06T23:01:16.387+0000] {dag.py:3722} INFO - Setting next_dagrun for example_branch_operator to 2024-10-05T00:00:00+00:00, run_after=2024-10-06T00:00:00+00:00
[2024-10-06T23:01:16.394+0000] {processor.py:179} INFO - Processing /home/airflow/.local/lib/python3.8/site-packages/airflow/example_dags/example_branch_operator.py took 0.032 seconds
[2024-10-06T23:01:46.891+0000] {processor.py:157} INFO - Started process (PID=27618) to work on /home/airflow/.local/lib/python3.8/site-packages/airflow/example_dags/example_branch_operator.py
[2024-10-06T23:01:46.891+0000] {processor.py:829} INFO - Processing file /home/airflow/.local/lib/python3.8/site-packages/airflow/example_dags/example_branch_operator.py for tasks to queue
[2024-10-06T23:01:46.892+0000] {logging_mixin.py:154} INFO - [2024-10-06T23:01:46.892+0000] {dagbag.py:536} INFO - Filling up the DagBag from /home/airflow/.local/lib/python3.8/site-packages/airflow/example_dags/example_branch_operator.py
[2024-10-06T23:01:46.897+0000] {processor.py:839} INFO - DAG(s) dict_keys(['example_branch_operator']) retrieved from /home/airflow/.local/lib/python3.8/site-packages/airflow/example_dags/example_branch_operator.py
[2024-10-06T23:01:46.907+0000] {logging_mixin.py:154} INFO - [2024-10-06T23:01:46.906+0000] {dag.py:2941} INFO - Sync 1 DAGs
[2024-10-06T23:01:46.916+0000] {logging_mixin.py:154} INFO - [2024-10-06T23:01:46.916+0000] {dag.py:3722} INFO - Setting next_dagrun for example_branch_operator to 2024-10-05T00:00:00+00:00, run_after=2024-10-06T00:00:00+00:00
[2024-10-06T23:01:46.922+0000] {processor.py:179} INFO - Processing /home/airflow/.local/lib/python3.8/site-packages/airflow/example_dags/example_branch_operator.py took 0.033 seconds
[2024-10-06T23:02:17.300+0000] {processor.py:157} INFO - Started process (PID=27672) to work on /home/airflow/.local/lib/python3.8/site-packages/airflow/example_dags/example_branch_operator.py
[2024-10-06T23:02:17.301+0000] {processor.py:829} INFO - Processing file /home/airflow/.local/lib/python3.8/site-packages/airflow/example_dags/example_branch_operator.py for tasks to queue
[2024-10-06T23:02:17.302+0000] {logging_mixin.py:154} INFO - [2024-10-06T23:02:17.302+0000] {dagbag.py:536} INFO - Filling up the DagBag from /home/airflow/.local/lib/python3.8/site-packages/airflow/example_dags/example_branch_operator.py
[2024-10-06T23:02:17.307+0000] {processor.py:839} INFO - DAG(s) dict_keys(['example_branch_operator']) retrieved from /home/airflow/.local/lib/python3.8/site-packages/airflow/example_dags/example_branch_operator.py
[2024-10-06T23:02:17.317+0000] {logging_mixin.py:154} INFO - [2024-10-06T23:02:17.316+0000] {dag.py:2941} INFO - Sync 1 DAGs
[2024-10-06T23:02:17.325+0000] {logging_mixin.py:154} INFO - [2024-10-06T23:02:17.325+0000] {dag.py:3722} INFO - Setting next_dagrun for example_branch_operator to 2024-10-05T00:00:00+00:00, run_after=2024-10-06T00:00:00+00:00
[2024-10-06T23:02:17.331+0000] {processor.py:179} INFO - Processing /home/airflow/.local/lib/python3.8/site-packages/airflow/example_dags/example_branch_operator.py took 0.032 seconds
[2024-10-06T23:02:47.713+0000] {processor.py:157} INFO - Started process (PID=27726) to work on /home/airflow/.local/lib/python3.8/site-packages/airflow/example_dags/example_branch_operator.py
[2024-10-06T23:02:47.714+0000] {processor.py:829} INFO - Processing file /home/airflow/.local/lib/python3.8/site-packages/airflow/example_dags/example_branch_operator.py for tasks to queue
[2024-10-06T23:02:47.715+0000] {logging_mixin.py:154} INFO - [2024-10-06T23:02:47.715+0000] {dagbag.py:536} INFO - Filling up the DagBag from /home/airflow/.local/lib/python3.8/site-packages/airflow/example_dags/example_branch_operator.py
[2024-10-06T23:02:47.720+0000] {processor.py:839} INFO - DAG(s) dict_keys(['example_branch_operator']) retrieved from /home/airflow/.local/lib/python3.8/site-packages/airflow/example_dags/example_branch_operator.py
[2024-10-06T23:02:47.729+0000] {logging_mixin.py:154} INFO - [2024-10-06T23:02:47.729+0000] {dag.py:2941} INFO - Sync 1 DAGs
[2024-10-06T23:02:47.738+0000] {logging_mixin.py:154} INFO - [2024-10-06T23:02:47.738+0000] {dag.py:3722} INFO - Setting next_dagrun for example_branch_operator to 2024-10-05T00:00:00+00:00, run_after=2024-10-06T00:00:00+00:00
[2024-10-06T23:02:47.744+0000] {processor.py:179} INFO - Processing /home/airflow/.local/lib/python3.8/site-packages/airflow/example_dags/example_branch_operator.py took 0.032 seconds
[2024-10-06T23:03:18.121+0000] {processor.py:157} INFO - Started process (PID=27780) to work on /home/airflow/.local/lib/python3.8/site-packages/airflow/example_dags/example_branch_operator.py
[2024-10-06T23:03:18.122+0000] {processor.py:829} INFO - Processing file /home/airflow/.local/lib/python3.8/site-packages/airflow/example_dags/example_branch_operator.py for tasks to queue
[2024-10-06T23:03:18.123+0000] {logging_mixin.py:154} INFO - [2024-10-06T23:03:18.123+0000] {dagbag.py:536} INFO - Filling up the DagBag from /home/airflow/.local/lib/python3.8/site-packages/airflow/example_dags/example_branch_operator.py
[2024-10-06T23:03:18.127+0000] {processor.py:839} INFO - DAG(s) dict_keys(['example_branch_operator']) retrieved from /home/airflow/.local/lib/python3.8/site-packages/airflow/example_dags/example_branch_operator.py
[2024-10-06T23:03:18.137+0000] {logging_mixin.py:154} INFO - [2024-10-06T23:03:18.137+0000] {dag.py:2941} INFO - Sync 1 DAGs
[2024-10-06T23:03:18.146+0000] {logging_mixin.py:154} INFO - [2024-10-06T23:03:18.146+0000] {dag.py:3722} INFO - Setting next_dagrun for example_branch_operator to 2024-10-05T00:00:00+00:00, run_after=2024-10-06T00:00:00+00:00
[2024-10-06T23:03:18.152+0000] {processor.py:179} INFO - Processing /home/airflow/.local/lib/python3.8/site-packages/airflow/example_dags/example_branch_operator.py took 0.032 seconds
[2024-10-06T23:03:48.604+0000] {processor.py:157} INFO - Started process (PID=27834) to work on /home/airflow/.local/lib/python3.8/site-packages/airflow/example_dags/example_branch_operator.py
[2024-10-06T23:03:48.604+0000] {processor.py:829} INFO - Processing file /home/airflow/.local/lib/python3.8/site-packages/airflow/example_dags/example_branch_operator.py for tasks to queue
[2024-10-06T23:03:48.605+0000] {logging_mixin.py:154} INFO - [2024-10-06T23:03:48.605+0000] {dagbag.py:536} INFO - Filling up the DagBag from /home/airflow/.local/lib/python3.8/site-packages/airflow/example_dags/example_branch_operator.py
[2024-10-06T23:03:48.610+0000] {processor.py:839} INFO - DAG(s) dict_keys(['example_branch_operator']) retrieved from /home/airflow/.local/lib/python3.8/site-packages/airflow/example_dags/example_branch_operator.py
[2024-10-06T23:03:48.619+0000] {logging_mixin.py:154} INFO - [2024-10-06T23:03:48.619+0000] {dag.py:2941} INFO - Sync 1 DAGs
[2024-10-06T23:03:48.628+0000] {logging_mixin.py:154} INFO - [2024-10-06T23:03:48.628+0000] {dag.py:3722} INFO - Setting next_dagrun for example_branch_operator to 2024-10-05T00:00:00+00:00, run_after=2024-10-06T00:00:00+00:00
[2024-10-06T23:03:48.634+0000] {processor.py:179} INFO - Processing /home/airflow/.local/lib/python3.8/site-packages/airflow/example_dags/example_branch_operator.py took 0.032 seconds
[2024-10-06T23:04:19.046+0000] {processor.py:157} INFO - Started process (PID=27888) to work on /home/airflow/.local/lib/python3.8/site-packages/airflow/example_dags/example_branch_operator.py
[2024-10-06T23:04:19.046+0000] {processor.py:829} INFO - Processing file /home/airflow/.local/lib/python3.8/site-packages/airflow/example_dags/example_branch_operator.py for tasks to queue
[2024-10-06T23:04:19.047+0000] {logging_mixin.py:154} INFO - [2024-10-06T23:04:19.047+0000] {dagbag.py:536} INFO - Filling up the DagBag from /home/airflow/.local/lib/python3.8/site-packages/airflow/example_dags/example_branch_operator.py
[2024-10-06T23:04:19.052+0000] {processor.py:839} INFO - DAG(s) dict_keys(['example_branch_operator']) retrieved from /home/airflow/.local/lib/python3.8/site-packages/airflow/example_dags/example_branch_operator.py
[2024-10-06T23:04:19.061+0000] {logging_mixin.py:154} INFO - [2024-10-06T23:04:19.061+0000] {dag.py:2941} INFO - Sync 1 DAGs
[2024-10-06T23:04:19.070+0000] {logging_mixin.py:154} INFO - [2024-10-06T23:04:19.070+0000] {dag.py:3722} INFO - Setting next_dagrun for example_branch_operator to 2024-10-05T00:00:00+00:00, run_after=2024-10-06T00:00:00+00:00
[2024-10-06T23:04:19.076+0000] {processor.py:179} INFO - Processing /home/airflow/.local/lib/python3.8/site-packages/airflow/example_dags/example_branch_operator.py took 0.032 seconds
[2024-10-06T23:04:49.497+0000] {processor.py:157} INFO - Started process (PID=27942) to work on /home/airflow/.local/lib/python3.8/site-packages/airflow/example_dags/example_branch_operator.py
[2024-10-06T23:04:49.498+0000] {processor.py:829} INFO - Processing file /home/airflow/.local/lib/python3.8/site-packages/airflow/example_dags/example_branch_operator.py for tasks to queue
[2024-10-06T23:04:49.499+0000] {logging_mixin.py:154} INFO - [2024-10-06T23:04:49.499+0000] {dagbag.py:536} INFO - Filling up the DagBag from /home/airflow/.local/lib/python3.8/site-packages/airflow/example_dags/example_branch_operator.py
[2024-10-06T23:04:49.504+0000] {processor.py:839} INFO - DAG(s) dict_keys(['example_branch_operator']) retrieved from /home/airflow/.local/lib/python3.8/site-packages/airflow/example_dags/example_branch_operator.py
[2024-10-06T23:04:49.513+0000] {logging_mixin.py:154} INFO - [2024-10-06T23:04:49.513+0000] {dag.py:2941} INFO - Sync 1 DAGs
[2024-10-06T23:04:49.521+0000] {logging_mixin.py:154} INFO - [2024-10-06T23:04:49.521+0000] {dag.py:3722} INFO - Setting next_dagrun for example_branch_operator to 2024-10-05T00:00:00+00:00, run_after=2024-10-06T00:00:00+00:00
[2024-10-06T23:04:49.528+0000] {processor.py:179} INFO - Processing /home/airflow/.local/lib/python3.8/site-packages/airflow/example_dags/example_branch_operator.py took 0.032 seconds
[2024-10-06T23:05:19.869+0000] {processor.py:157} INFO - Started process (PID=27996) to work on /home/airflow/.local/lib/python3.8/site-packages/airflow/example_dags/example_branch_operator.py
[2024-10-06T23:05:19.870+0000] {processor.py:829} INFO - Processing file /home/airflow/.local/lib/python3.8/site-packages/airflow/example_dags/example_branch_operator.py for tasks to queue
[2024-10-06T23:05:19.871+0000] {logging_mixin.py:154} INFO - [2024-10-06T23:05:19.871+0000] {dagbag.py:536} INFO - Filling up the DagBag from /home/airflow/.local/lib/python3.8/site-packages/airflow/example_dags/example_branch_operator.py
[2024-10-06T23:05:19.876+0000] {processor.py:839} INFO - DAG(s) dict_keys(['example_branch_operator']) retrieved from /home/airflow/.local/lib/python3.8/site-packages/airflow/example_dags/example_branch_operator.py
[2024-10-06T23:05:19.886+0000] {logging_mixin.py:154} INFO - [2024-10-06T23:05:19.885+0000] {dag.py:2941} INFO - Sync 1 DAGs
[2024-10-06T23:05:19.894+0000] {logging_mixin.py:154} INFO - [2024-10-06T23:05:19.894+0000] {dag.py:3722} INFO - Setting next_dagrun for example_branch_operator to 2024-10-05T00:00:00+00:00, run_after=2024-10-06T00:00:00+00:00
[2024-10-06T23:05:19.901+0000] {processor.py:179} INFO - Processing /home/airflow/.local/lib/python3.8/site-packages/airflow/example_dags/example_branch_operator.py took 0.033 seconds
[2024-10-06T23:05:50.295+0000] {processor.py:157} INFO - Started process (PID=28050) to work on /home/airflow/.local/lib/python3.8/site-packages/airflow/example_dags/example_branch_operator.py
[2024-10-06T23:05:50.295+0000] {processor.py:829} INFO - Processing file /home/airflow/.local/lib/python3.8/site-packages/airflow/example_dags/example_branch_operator.py for tasks to queue
[2024-10-06T23:05:50.296+0000] {logging_mixin.py:154} INFO - [2024-10-06T23:05:50.296+0000] {dagbag.py:536} INFO - Filling up the DagBag from /home/airflow/.local/lib/python3.8/site-packages/airflow/example_dags/example_branch_operator.py
[2024-10-06T23:05:50.301+0000] {processor.py:839} INFO - DAG(s) dict_keys(['example_branch_operator']) retrieved from /home/airflow/.local/lib/python3.8/site-packages/airflow/example_dags/example_branch_operator.py
[2024-10-06T23:05:50.310+0000] {logging_mixin.py:154} INFO - [2024-10-06T23:05:50.310+0000] {dag.py:2941} INFO - Sync 1 DAGs
[2024-10-06T23:05:50.319+0000] {logging_mixin.py:154} INFO - [2024-10-06T23:05:50.319+0000] {dag.py:3722} INFO - Setting next_dagrun for example_branch_operator to 2024-10-05T00:00:00+00:00, run_after=2024-10-06T00:00:00+00:00
[2024-10-06T23:05:50.326+0000] {processor.py:179} INFO - Processing /home/airflow/.local/lib/python3.8/site-packages/airflow/example_dags/example_branch_operator.py took 0.032 seconds
[2024-10-06T23:06:20.739+0000] {processor.py:157} INFO - Started process (PID=28104) to work on /home/airflow/.local/lib/python3.8/site-packages/airflow/example_dags/example_branch_operator.py
[2024-10-06T23:06:20.740+0000] {processor.py:829} INFO - Processing file /home/airflow/.local/lib/python3.8/site-packages/airflow/example_dags/example_branch_operator.py for tasks to queue
[2024-10-06T23:06:20.741+0000] {logging_mixin.py:154} INFO - [2024-10-06T23:06:20.741+0000] {dagbag.py:536} INFO - Filling up the DagBag from /home/airflow/.local/lib/python3.8/site-packages/airflow/example_dags/example_branch_operator.py
[2024-10-06T23:06:20.746+0000] {processor.py:839} INFO - DAG(s) dict_keys(['example_branch_operator']) retrieved from /home/airflow/.local/lib/python3.8/site-packages/airflow/example_dags/example_branch_operator.py
[2024-10-06T23:06:20.755+0000] {logging_mixin.py:154} INFO - [2024-10-06T23:06:20.755+0000] {dag.py:2941} INFO - Sync 1 DAGs
[2024-10-06T23:06:20.763+0000] {logging_mixin.py:154} INFO - [2024-10-06T23:06:20.763+0000] {dag.py:3722} INFO - Setting next_dagrun for example_branch_operator to 2024-10-05T00:00:00+00:00, run_after=2024-10-06T00:00:00+00:00
[2024-10-06T23:06:20.770+0000] {processor.py:179} INFO - Processing /home/airflow/.local/lib/python3.8/site-packages/airflow/example_dags/example_branch_operator.py took 0.032 seconds
[2024-10-06T23:06:51.149+0000] {processor.py:157} INFO - Started process (PID=28158) to work on /home/airflow/.local/lib/python3.8/site-packages/airflow/example_dags/example_branch_operator.py
[2024-10-06T23:06:51.149+0000] {processor.py:829} INFO - Processing file /home/airflow/.local/lib/python3.8/site-packages/airflow/example_dags/example_branch_operator.py for tasks to queue
[2024-10-06T23:06:51.150+0000] {logging_mixin.py:154} INFO - [2024-10-06T23:06:51.150+0000] {dagbag.py:536} INFO - Filling up the DagBag from /home/airflow/.local/lib/python3.8/site-packages/airflow/example_dags/example_branch_operator.py
[2024-10-06T23:06:51.154+0000] {processor.py:839} INFO - DAG(s) dict_keys(['example_branch_operator']) retrieved from /home/airflow/.local/lib/python3.8/site-packages/airflow/example_dags/example_branch_operator.py
[2024-10-06T23:06:51.164+0000] {logging_mixin.py:154} INFO - [2024-10-06T23:06:51.164+0000] {dag.py:2941} INFO - Sync 1 DAGs
[2024-10-06T23:06:51.173+0000] {logging_mixin.py:154} INFO - [2024-10-06T23:06:51.173+0000] {dag.py:3722} INFO - Setting next_dagrun for example_branch_operator to 2024-10-05T00:00:00+00:00, run_after=2024-10-06T00:00:00+00:00
[2024-10-06T23:06:51.179+0000] {processor.py:179} INFO - Processing /home/airflow/.local/lib/python3.8/site-packages/airflow/example_dags/example_branch_operator.py took 0.031 seconds
[2024-10-06T23:07:21.580+0000] {processor.py:157} INFO - Started process (PID=28212) to work on /home/airflow/.local/lib/python3.8/site-packages/airflow/example_dags/example_branch_operator.py
[2024-10-06T23:07:21.581+0000] {processor.py:829} INFO - Processing file /home/airflow/.local/lib/python3.8/site-packages/airflow/example_dags/example_branch_operator.py for tasks to queue
[2024-10-06T23:07:21.582+0000] {logging_mixin.py:154} INFO - [2024-10-06T23:07:21.582+0000] {dagbag.py:536} INFO - Filling up the DagBag from /home/airflow/.local/lib/python3.8/site-packages/airflow/example_dags/example_branch_operator.py
[2024-10-06T23:07:21.586+0000] {processor.py:839} INFO - DAG(s) dict_keys(['example_branch_operator']) retrieved from /home/airflow/.local/lib/python3.8/site-packages/airflow/example_dags/example_branch_operator.py
[2024-10-06T23:07:21.596+0000] {logging_mixin.py:154} INFO - [2024-10-06T23:07:21.596+0000] {dag.py:2941} INFO - Sync 1 DAGs
[2024-10-06T23:07:21.604+0000] {logging_mixin.py:154} INFO - [2024-10-06T23:07:21.604+0000] {dag.py:3722} INFO - Setting next_dagrun for example_branch_operator to 2024-10-05T00:00:00+00:00, run_after=2024-10-06T00:00:00+00:00
[2024-10-06T23:07:21.611+0000] {processor.py:179} INFO - Processing /home/airflow/.local/lib/python3.8/site-packages/airflow/example_dags/example_branch_operator.py took 0.032 seconds
[2024-10-06T23:07:52.065+0000] {processor.py:157} INFO - Started process (PID=28266) to work on /home/airflow/.local/lib/python3.8/site-packages/airflow/example_dags/example_branch_operator.py
[2024-10-06T23:07:52.065+0000] {processor.py:829} INFO - Processing file /home/airflow/.local/lib/python3.8/site-packages/airflow/example_dags/example_branch_operator.py for tasks to queue
[2024-10-06T23:07:52.066+0000] {logging_mixin.py:154} INFO - [2024-10-06T23:07:52.066+0000] {dagbag.py:536} INFO - Filling up the DagBag from /home/airflow/.local/lib/python3.8/site-packages/airflow/example_dags/example_branch_operator.py
[2024-10-06T23:07:52.071+0000] {processor.py:839} INFO - DAG(s) dict_keys(['example_branch_operator']) retrieved from /home/airflow/.local/lib/python3.8/site-packages/airflow/example_dags/example_branch_operator.py
[2024-10-06T23:07:52.080+0000] {logging_mixin.py:154} INFO - [2024-10-06T23:07:52.080+0000] {dag.py:2941} INFO - Sync 1 DAGs
[2024-10-06T23:07:52.089+0000] {logging_mixin.py:154} INFO - [2024-10-06T23:07:52.089+0000] {dag.py:3722} INFO - Setting next_dagrun for example_branch_operator to 2024-10-05T00:00:00+00:00, run_after=2024-10-06T00:00:00+00:00
[2024-10-06T23:07:52.095+0000] {processor.py:179} INFO - Processing /home/airflow/.local/lib/python3.8/site-packages/airflow/example_dags/example_branch_operator.py took 0.032 seconds
[2024-10-06T23:08:22.422+0000] {processor.py:157} INFO - Started process (PID=28320) to work on /home/airflow/.local/lib/python3.8/site-packages/airflow/example_dags/example_branch_operator.py
[2024-10-06T23:08:22.423+0000] {processor.py:829} INFO - Processing file /home/airflow/.local/lib/python3.8/site-packages/airflow/example_dags/example_branch_operator.py for tasks to queue
[2024-10-06T23:08:22.424+0000] {logging_mixin.py:154} INFO - [2024-10-06T23:08:22.424+0000] {dagbag.py:536} INFO - Filling up the DagBag from /home/airflow/.local/lib/python3.8/site-packages/airflow/example_dags/example_branch_operator.py
[2024-10-06T23:08:22.428+0000] {processor.py:839} INFO - DAG(s) dict_keys(['example_branch_operator']) retrieved from /home/airflow/.local/lib/python3.8/site-packages/airflow/example_dags/example_branch_operator.py
[2024-10-06T23:08:22.438+0000] {logging_mixin.py:154} INFO - [2024-10-06T23:08:22.438+0000] {dag.py:2941} INFO - Sync 1 DAGs
[2024-10-06T23:08:22.446+0000] {logging_mixin.py:154} INFO - [2024-10-06T23:08:22.446+0000] {dag.py:3722} INFO - Setting next_dagrun for example_branch_operator to 2024-10-05T00:00:00+00:00, run_after=2024-10-06T00:00:00+00:00
[2024-10-06T23:08:22.453+0000] {processor.py:179} INFO - Processing /home/airflow/.local/lib/python3.8/site-packages/airflow/example_dags/example_branch_operator.py took 0.032 seconds
[2024-10-06T23:08:52.853+0000] {processor.py:157} INFO - Started process (PID=28374) to work on /home/airflow/.local/lib/python3.8/site-packages/airflow/example_dags/example_branch_operator.py
[2024-10-06T23:08:52.854+0000] {processor.py:829} INFO - Processing file /home/airflow/.local/lib/python3.8/site-packages/airflow/example_dags/example_branch_operator.py for tasks to queue
[2024-10-06T23:08:52.855+0000] {logging_mixin.py:154} INFO - [2024-10-06T23:08:52.855+0000] {dagbag.py:536} INFO - Filling up the DagBag from /home/airflow/.local/lib/python3.8/site-packages/airflow/example_dags/example_branch_operator.py
[2024-10-06T23:08:52.860+0000] {processor.py:839} INFO - DAG(s) dict_keys(['example_branch_operator']) retrieved from /home/airflow/.local/lib/python3.8/site-packages/airflow/example_dags/example_branch_operator.py
[2024-10-06T23:08:52.869+0000] {logging_mixin.py:154} INFO - [2024-10-06T23:08:52.869+0000] {dag.py:2941} INFO - Sync 1 DAGs
[2024-10-06T23:08:52.878+0000] {logging_mixin.py:154} INFO - [2024-10-06T23:08:52.878+0000] {dag.py:3722} INFO - Setting next_dagrun for example_branch_operator to 2024-10-05T00:00:00+00:00, run_after=2024-10-06T00:00:00+00:00
[2024-10-06T23:08:52.884+0000] {processor.py:179} INFO - Processing /home/airflow/.local/lib/python3.8/site-packages/airflow/example_dags/example_branch_operator.py took 0.033 seconds
[2024-10-06T23:09:23.246+0000] {processor.py:157} INFO - Started process (PID=28435) to work on /home/airflow/.local/lib/python3.8/site-packages/airflow/example_dags/example_branch_operator.py
[2024-10-06T23:09:23.247+0000] {processor.py:829} INFO - Processing file /home/airflow/.local/lib/python3.8/site-packages/airflow/example_dags/example_branch_operator.py for tasks to queue
[2024-10-06T23:09:23.248+0000] {logging_mixin.py:154} INFO - [2024-10-06T23:09:23.248+0000] {dagbag.py:536} INFO - Filling up the DagBag from /home/airflow/.local/lib/python3.8/site-packages/airflow/example_dags/example_branch_operator.py
[2024-10-06T23:09:23.252+0000] {processor.py:839} INFO - DAG(s) dict_keys(['example_branch_operator']) retrieved from /home/airflow/.local/lib/python3.8/site-packages/airflow/example_dags/example_branch_operator.py
[2024-10-06T23:09:23.262+0000] {logging_mixin.py:154} INFO - [2024-10-06T23:09:23.261+0000] {dag.py:2941} INFO - Sync 1 DAGs
[2024-10-06T23:09:23.270+0000] {logging_mixin.py:154} INFO - [2024-10-06T23:09:23.270+0000] {dag.py:3722} INFO - Setting next_dagrun for example_branch_operator to 2024-10-05T00:00:00+00:00, run_after=2024-10-06T00:00:00+00:00
[2024-10-06T23:09:23.277+0000] {processor.py:179} INFO - Processing /home/airflow/.local/lib/python3.8/site-packages/airflow/example_dags/example_branch_operator.py took 0.032 seconds
[2024-10-06T23:09:53.712+0000] {processor.py:157} INFO - Started process (PID=28489) to work on /home/airflow/.local/lib/python3.8/site-packages/airflow/example_dags/example_branch_operator.py
[2024-10-06T23:09:53.712+0000] {processor.py:829} INFO - Processing file /home/airflow/.local/lib/python3.8/site-packages/airflow/example_dags/example_branch_operator.py for tasks to queue
[2024-10-06T23:09:53.713+0000] {logging_mixin.py:154} INFO - [2024-10-06T23:09:53.713+0000] {dagbag.py:536} INFO - Filling up the DagBag from /home/airflow/.local/lib/python3.8/site-packages/airflow/example_dags/example_branch_operator.py
[2024-10-06T23:09:53.717+0000] {processor.py:839} INFO - DAG(s) dict_keys(['example_branch_operator']) retrieved from /home/airflow/.local/lib/python3.8/site-packages/airflow/example_dags/example_branch_operator.py
[2024-10-06T23:09:53.728+0000] {logging_mixin.py:154} INFO - [2024-10-06T23:09:53.728+0000] {dag.py:2941} INFO - Sync 1 DAGs
[2024-10-06T23:09:53.737+0000] {logging_mixin.py:154} INFO - [2024-10-06T23:09:53.737+0000] {dag.py:3722} INFO - Setting next_dagrun for example_branch_operator to 2024-10-05T00:00:00+00:00, run_after=2024-10-06T00:00:00+00:00
[2024-10-06T23:09:53.744+0000] {processor.py:179} INFO - Processing /home/airflow/.local/lib/python3.8/site-packages/airflow/example_dags/example_branch_operator.py took 0.033 seconds
[2024-10-06T23:10:24.168+0000] {processor.py:157} INFO - Started process (PID=28543) to work on /home/airflow/.local/lib/python3.8/site-packages/airflow/example_dags/example_branch_operator.py
[2024-10-06T23:10:24.168+0000] {processor.py:829} INFO - Processing file /home/airflow/.local/lib/python3.8/site-packages/airflow/example_dags/example_branch_operator.py for tasks to queue
[2024-10-06T23:10:24.169+0000] {logging_mixin.py:154} INFO - [2024-10-06T23:10:24.169+0000] {dagbag.py:536} INFO - Filling up the DagBag from /home/airflow/.local/lib/python3.8/site-packages/airflow/example_dags/example_branch_operator.py
[2024-10-06T23:10:24.174+0000] {processor.py:839} INFO - DAG(s) dict_keys(['example_branch_operator']) retrieved from /home/airflow/.local/lib/python3.8/site-packages/airflow/example_dags/example_branch_operator.py
[2024-10-06T23:10:24.184+0000] {logging_mixin.py:154} INFO - [2024-10-06T23:10:24.184+0000] {dag.py:2941} INFO - Sync 1 DAGs
[2024-10-06T23:10:24.193+0000] {logging_mixin.py:154} INFO - [2024-10-06T23:10:24.192+0000] {dag.py:3722} INFO - Setting next_dagrun for example_branch_operator to 2024-10-05T00:00:00+00:00, run_after=2024-10-06T00:00:00+00:00
[2024-10-06T23:10:24.199+0000] {processor.py:179} INFO - Processing /home/airflow/.local/lib/python3.8/site-packages/airflow/example_dags/example_branch_operator.py took 0.033 seconds
[2024-10-06T23:10:54.570+0000] {processor.py:157} INFO - Started process (PID=28597) to work on /home/airflow/.local/lib/python3.8/site-packages/airflow/example_dags/example_branch_operator.py
[2024-10-06T23:10:54.571+0000] {processor.py:829} INFO - Processing file /home/airflow/.local/lib/python3.8/site-packages/airflow/example_dags/example_branch_operator.py for tasks to queue
[2024-10-06T23:10:54.572+0000] {logging_mixin.py:154} INFO - [2024-10-06T23:10:54.572+0000] {dagbag.py:536} INFO - Filling up the DagBag from /home/airflow/.local/lib/python3.8/site-packages/airflow/example_dags/example_branch_operator.py
[2024-10-06T23:10:54.576+0000] {processor.py:839} INFO - DAG(s) dict_keys(['example_branch_operator']) retrieved from /home/airflow/.local/lib/python3.8/site-packages/airflow/example_dags/example_branch_operator.py
[2024-10-06T23:10:54.586+0000] {logging_mixin.py:154} INFO - [2024-10-06T23:10:54.586+0000] {dag.py:2941} INFO - Sync 1 DAGs
[2024-10-06T23:10:54.594+0000] {logging_mixin.py:154} INFO - [2024-10-06T23:10:54.594+0000] {dag.py:3722} INFO - Setting next_dagrun for example_branch_operator to 2024-10-05T00:00:00+00:00, run_after=2024-10-06T00:00:00+00:00
[2024-10-06T23:10:54.600+0000] {processor.py:179} INFO - Processing /home/airflow/.local/lib/python3.8/site-packages/airflow/example_dags/example_branch_operator.py took 0.031 seconds
[2024-10-06T23:11:24.979+0000] {processor.py:157} INFO - Started process (PID=28651) to work on /home/airflow/.local/lib/python3.8/site-packages/airflow/example_dags/example_branch_operator.py
[2024-10-06T23:11:24.979+0000] {processor.py:829} INFO - Processing file /home/airflow/.local/lib/python3.8/site-packages/airflow/example_dags/example_branch_operator.py for tasks to queue
[2024-10-06T23:11:24.980+0000] {logging_mixin.py:154} INFO - [2024-10-06T23:11:24.980+0000] {dagbag.py:536} INFO - Filling up the DagBag from /home/airflow/.local/lib/python3.8/site-packages/airflow/example_dags/example_branch_operator.py
[2024-10-06T23:11:24.986+0000] {processor.py:839} INFO - DAG(s) dict_keys(['example_branch_operator']) retrieved from /home/airflow/.local/lib/python3.8/site-packages/airflow/example_dags/example_branch_operator.py
[2024-10-06T23:11:24.996+0000] {logging_mixin.py:154} INFO - [2024-10-06T23:11:24.996+0000] {dag.py:2941} INFO - Sync 1 DAGs
[2024-10-06T23:11:25.006+0000] {logging_mixin.py:154} INFO - [2024-10-06T23:11:25.006+0000] {dag.py:3722} INFO - Setting next_dagrun for example_branch_operator to 2024-10-05T00:00:00+00:00, run_after=2024-10-06T00:00:00+00:00
[2024-10-06T23:11:25.015+0000] {processor.py:179} INFO - Processing /home/airflow/.local/lib/python3.8/site-packages/airflow/example_dags/example_branch_operator.py took 0.038 seconds
[2024-10-06T23:11:55.461+0000] {processor.py:157} INFO - Started process (PID=28705) to work on /home/airflow/.local/lib/python3.8/site-packages/airflow/example_dags/example_branch_operator.py
[2024-10-06T23:11:55.461+0000] {processor.py:829} INFO - Processing file /home/airflow/.local/lib/python3.8/site-packages/airflow/example_dags/example_branch_operator.py for tasks to queue
[2024-10-06T23:11:55.462+0000] {logging_mixin.py:154} INFO - [2024-10-06T23:11:55.462+0000] {dagbag.py:536} INFO - Filling up the DagBag from /home/airflow/.local/lib/python3.8/site-packages/airflow/example_dags/example_branch_operator.py
[2024-10-06T23:11:55.467+0000] {processor.py:839} INFO - DAG(s) dict_keys(['example_branch_operator']) retrieved from /home/airflow/.local/lib/python3.8/site-packages/airflow/example_dags/example_branch_operator.py
[2024-10-06T23:11:55.478+0000] {logging_mixin.py:154} INFO - [2024-10-06T23:11:55.478+0000] {dag.py:2941} INFO - Sync 1 DAGs
[2024-10-06T23:11:55.488+0000] {logging_mixin.py:154} INFO - [2024-10-06T23:11:55.488+0000] {dag.py:3722} INFO - Setting next_dagrun for example_branch_operator to 2024-10-05T00:00:00+00:00, run_after=2024-10-06T00:00:00+00:00
[2024-10-06T23:11:55.495+0000] {processor.py:179} INFO - Processing /home/airflow/.local/lib/python3.8/site-packages/airflow/example_dags/example_branch_operator.py took 0.036 seconds
[2024-10-06T23:12:25.947+0000] {processor.py:157} INFO - Started process (PID=28759) to work on /home/airflow/.local/lib/python3.8/site-packages/airflow/example_dags/example_branch_operator.py
[2024-10-06T23:12:25.948+0000] {processor.py:829} INFO - Processing file /home/airflow/.local/lib/python3.8/site-packages/airflow/example_dags/example_branch_operator.py for tasks to queue
[2024-10-06T23:12:25.949+0000] {logging_mixin.py:154} INFO - [2024-10-06T23:12:25.949+0000] {dagbag.py:536} INFO - Filling up the DagBag from /home/airflow/.local/lib/python3.8/site-packages/airflow/example_dags/example_branch_operator.py
[2024-10-06T23:12:25.953+0000] {processor.py:839} INFO - DAG(s) dict_keys(['example_branch_operator']) retrieved from /home/airflow/.local/lib/python3.8/site-packages/airflow/example_dags/example_branch_operator.py
[2024-10-06T23:12:25.963+0000] {logging_mixin.py:154} INFO - [2024-10-06T23:12:25.963+0000] {dag.py:2941} INFO - Sync 1 DAGs
[2024-10-06T23:12:25.972+0000] {logging_mixin.py:154} INFO - [2024-10-06T23:12:25.972+0000] {dag.py:3722} INFO - Setting next_dagrun for example_branch_operator to 2024-10-05T00:00:00+00:00, run_after=2024-10-06T00:00:00+00:00
[2024-10-06T23:12:25.979+0000] {processor.py:179} INFO - Processing /home/airflow/.local/lib/python3.8/site-packages/airflow/example_dags/example_branch_operator.py took 0.033 seconds
[2024-10-06T23:12:56.337+0000] {processor.py:157} INFO - Started process (PID=28813) to work on /home/airflow/.local/lib/python3.8/site-packages/airflow/example_dags/example_branch_operator.py
[2024-10-06T23:12:56.337+0000] {processor.py:829} INFO - Processing file /home/airflow/.local/lib/python3.8/site-packages/airflow/example_dags/example_branch_operator.py for tasks to queue
[2024-10-06T23:12:56.338+0000] {logging_mixin.py:154} INFO - [2024-10-06T23:12:56.338+0000] {dagbag.py:536} INFO - Filling up the DagBag from /home/airflow/.local/lib/python3.8/site-packages/airflow/example_dags/example_branch_operator.py
[2024-10-06T23:12:56.342+0000] {processor.py:839} INFO - DAG(s) dict_keys(['example_branch_operator']) retrieved from /home/airflow/.local/lib/python3.8/site-packages/airflow/example_dags/example_branch_operator.py
[2024-10-06T23:12:56.352+0000] {logging_mixin.py:154} INFO - [2024-10-06T23:12:56.352+0000] {dag.py:2941} INFO - Sync 1 DAGs
[2024-10-06T23:12:56.360+0000] {logging_mixin.py:154} INFO - [2024-10-06T23:12:56.360+0000] {dag.py:3722} INFO - Setting next_dagrun for example_branch_operator to 2024-10-05T00:00:00+00:00, run_after=2024-10-06T00:00:00+00:00
[2024-10-06T23:12:56.367+0000] {processor.py:179} INFO - Processing /home/airflow/.local/lib/python3.8/site-packages/airflow/example_dags/example_branch_operator.py took 0.031 seconds
[2024-10-06T23:13:26.867+0000] {processor.py:157} INFO - Started process (PID=28867) to work on /home/airflow/.local/lib/python3.8/site-packages/airflow/example_dags/example_branch_operator.py
[2024-10-06T23:13:26.867+0000] {processor.py:829} INFO - Processing file /home/airflow/.local/lib/python3.8/site-packages/airflow/example_dags/example_branch_operator.py for tasks to queue
[2024-10-06T23:13:26.868+0000] {logging_mixin.py:154} INFO - [2024-10-06T23:13:26.868+0000] {dagbag.py:536} INFO - Filling up the DagBag from /home/airflow/.local/lib/python3.8/site-packages/airflow/example_dags/example_branch_operator.py
[2024-10-06T23:13:26.873+0000] {processor.py:839} INFO - DAG(s) dict_keys(['example_branch_operator']) retrieved from /home/airflow/.local/lib/python3.8/site-packages/airflow/example_dags/example_branch_operator.py
[2024-10-06T23:13:26.883+0000] {logging_mixin.py:154} INFO - [2024-10-06T23:13:26.883+0000] {dag.py:2941} INFO - Sync 1 DAGs
[2024-10-06T23:13:26.892+0000] {logging_mixin.py:154} INFO - [2024-10-06T23:13:26.891+0000] {dag.py:3722} INFO - Setting next_dagrun for example_branch_operator to 2024-10-05T00:00:00+00:00, run_after=2024-10-06T00:00:00+00:00
[2024-10-06T23:13:26.898+0000] {processor.py:179} INFO - Processing /home/airflow/.local/lib/python3.8/site-packages/airflow/example_dags/example_branch_operator.py took 0.032 seconds
[2024-10-06T23:13:57.263+0000] {processor.py:157} INFO - Started process (PID=28921) to work on /home/airflow/.local/lib/python3.8/site-packages/airflow/example_dags/example_branch_operator.py
[2024-10-06T23:13:57.263+0000] {processor.py:829} INFO - Processing file /home/airflow/.local/lib/python3.8/site-packages/airflow/example_dags/example_branch_operator.py for tasks to queue
[2024-10-06T23:13:57.264+0000] {logging_mixin.py:154} INFO - [2024-10-06T23:13:57.264+0000] {dagbag.py:536} INFO - Filling up the DagBag from /home/airflow/.local/lib/python3.8/site-packages/airflow/example_dags/example_branch_operator.py
[2024-10-06T23:13:57.268+0000] {processor.py:839} INFO - DAG(s) dict_keys(['example_branch_operator']) retrieved from /home/airflow/.local/lib/python3.8/site-packages/airflow/example_dags/example_branch_operator.py
[2024-10-06T23:13:57.280+0000] {logging_mixin.py:154} INFO - [2024-10-06T23:13:57.280+0000] {dag.py:2941} INFO - Sync 1 DAGs
[2024-10-06T23:13:57.289+0000] {logging_mixin.py:154} INFO - [2024-10-06T23:13:57.289+0000] {dag.py:3722} INFO - Setting next_dagrun for example_branch_operator to 2024-10-05T00:00:00+00:00, run_after=2024-10-06T00:00:00+00:00
[2024-10-06T23:13:57.296+0000] {processor.py:179} INFO - Processing /home/airflow/.local/lib/python3.8/site-packages/airflow/example_dags/example_branch_operator.py took 0.035 seconds
[2024-10-06T23:14:27.779+0000] {processor.py:157} INFO - Started process (PID=28975) to work on /home/airflow/.local/lib/python3.8/site-packages/airflow/example_dags/example_branch_operator.py
[2024-10-06T23:14:27.780+0000] {processor.py:829} INFO - Processing file /home/airflow/.local/lib/python3.8/site-packages/airflow/example_dags/example_branch_operator.py for tasks to queue
[2024-10-06T23:14:27.781+0000] {logging_mixin.py:154} INFO - [2024-10-06T23:14:27.781+0000] {dagbag.py:536} INFO - Filling up the DagBag from /home/airflow/.local/lib/python3.8/site-packages/airflow/example_dags/example_branch_operator.py
[2024-10-06T23:14:27.785+0000] {processor.py:839} INFO - DAG(s) dict_keys(['example_branch_operator']) retrieved from /home/airflow/.local/lib/python3.8/site-packages/airflow/example_dags/example_branch_operator.py
[2024-10-06T23:14:27.795+0000] {logging_mixin.py:154} INFO - [2024-10-06T23:14:27.795+0000] {dag.py:2941} INFO - Sync 1 DAGs
[2024-10-06T23:14:27.803+0000] {logging_mixin.py:154} INFO - [2024-10-06T23:14:27.803+0000] {dag.py:3722} INFO - Setting next_dagrun for example_branch_operator to 2024-10-05T00:00:00+00:00, run_after=2024-10-06T00:00:00+00:00
[2024-10-06T23:14:27.810+0000] {processor.py:179} INFO - Processing /home/airflow/.local/lib/python3.8/site-packages/airflow/example_dags/example_branch_operator.py took 0.032 seconds
[2024-10-06T23:14:58.295+0000] {processor.py:157} INFO - Started process (PID=29029) to work on /home/airflow/.local/lib/python3.8/site-packages/airflow/example_dags/example_branch_operator.py
[2024-10-06T23:14:58.295+0000] {processor.py:829} INFO - Processing file /home/airflow/.local/lib/python3.8/site-packages/airflow/example_dags/example_branch_operator.py for tasks to queue
[2024-10-06T23:14:58.296+0000] {logging_mixin.py:154} INFO - [2024-10-06T23:14:58.296+0000] {dagbag.py:536} INFO - Filling up the DagBag from /home/airflow/.local/lib/python3.8/site-packages/airflow/example_dags/example_branch_operator.py
[2024-10-06T23:14:58.301+0000] {processor.py:839} INFO - DAG(s) dict_keys(['example_branch_operator']) retrieved from /home/airflow/.local/lib/python3.8/site-packages/airflow/example_dags/example_branch_operator.py
[2024-10-06T23:14:58.311+0000] {logging_mixin.py:154} INFO - [2024-10-06T23:14:58.311+0000] {dag.py:2941} INFO - Sync 1 DAGs
[2024-10-06T23:14:58.320+0000] {logging_mixin.py:154} INFO - [2024-10-06T23:14:58.320+0000] {dag.py:3722} INFO - Setting next_dagrun for example_branch_operator to 2024-10-05T00:00:00+00:00, run_after=2024-10-06T00:00:00+00:00
[2024-10-06T23:14:58.326+0000] {processor.py:179} INFO - Processing /home/airflow/.local/lib/python3.8/site-packages/airflow/example_dags/example_branch_operator.py took 0.033 seconds
[2024-10-06T23:15:28.645+0000] {processor.py:157} INFO - Started process (PID=29083) to work on /home/airflow/.local/lib/python3.8/site-packages/airflow/example_dags/example_branch_operator.py
[2024-10-06T23:15:28.645+0000] {processor.py:829} INFO - Processing file /home/airflow/.local/lib/python3.8/site-packages/airflow/example_dags/example_branch_operator.py for tasks to queue
[2024-10-06T23:15:28.646+0000] {logging_mixin.py:154} INFO - [2024-10-06T23:15:28.646+0000] {dagbag.py:536} INFO - Filling up the DagBag from /home/airflow/.local/lib/python3.8/site-packages/airflow/example_dags/example_branch_operator.py
[2024-10-06T23:15:28.650+0000] {processor.py:839} INFO - DAG(s) dict_keys(['example_branch_operator']) retrieved from /home/airflow/.local/lib/python3.8/site-packages/airflow/example_dags/example_branch_operator.py
[2024-10-06T23:15:28.660+0000] {logging_mixin.py:154} INFO - [2024-10-06T23:15:28.660+0000] {dag.py:2941} INFO - Sync 1 DAGs
[2024-10-06T23:15:28.669+0000] {logging_mixin.py:154} INFO - [2024-10-06T23:15:28.669+0000] {dag.py:3722} INFO - Setting next_dagrun for example_branch_operator to 2024-10-05T00:00:00+00:00, run_after=2024-10-06T00:00:00+00:00
[2024-10-06T23:15:28.675+0000] {processor.py:179} INFO - Processing /home/airflow/.local/lib/python3.8/site-packages/airflow/example_dags/example_branch_operator.py took 0.031 seconds
[2024-10-06T23:54:55.701+0000] {processor.py:157} INFO - Started process (PID=29130) to work on /home/airflow/.local/lib/python3.8/site-packages/airflow/example_dags/example_branch_operator.py
[2024-10-06T23:54:55.702+0000] {processor.py:829} INFO - Processing file /home/airflow/.local/lib/python3.8/site-packages/airflow/example_dags/example_branch_operator.py for tasks to queue
[2024-10-06T23:54:55.703+0000] {logging_mixin.py:154} INFO - [2024-10-06T23:54:55.703+0000] {dagbag.py:536} INFO - Filling up the DagBag from /home/airflow/.local/lib/python3.8/site-packages/airflow/example_dags/example_branch_operator.py
[2024-10-06T23:54:55.709+0000] {processor.py:839} INFO - DAG(s) dict_keys(['example_branch_operator']) retrieved from /home/airflow/.local/lib/python3.8/site-packages/airflow/example_dags/example_branch_operator.py
[2024-10-06T23:54:55.726+0000] {logging_mixin.py:154} INFO - [2024-10-06T23:54:55.726+0000] {dag.py:2941} INFO - Sync 1 DAGs
[2024-10-06T23:54:55.745+0000] {logging_mixin.py:154} INFO - [2024-10-06T23:54:55.744+0000] {dag.py:3722} INFO - Setting next_dagrun for example_branch_operator to 2024-10-05T00:00:00+00:00, run_after=2024-10-06T00:00:00+00:00
[2024-10-06T23:54:55.756+0000] {processor.py:179} INFO - Processing /home/airflow/.local/lib/python3.8/site-packages/airflow/example_dags/example_branch_operator.py took 0.057 seconds
