[2024-10-06T00:48:01.904+0000] {processor.py:157} INFO - Started process (PID=25805) to work on /home/airflow/.local/lib/python3.8/site-packages/airflow/example_dags/example_trigger_controller_dag.py
[2024-10-06T00:48:01.905+0000] {processor.py:829} INFO - Processing file /home/airflow/.local/lib/python3.8/site-packages/airflow/example_dags/example_trigger_controller_dag.py for tasks to queue
[2024-10-06T00:48:01.906+0000] {logging_mixin.py:154} INFO - [2024-10-06T00:48:01.906+0000] {dagbag.py:536} INFO - Filling up the DagBag from /home/airflow/.local/lib/python3.8/site-packages/airflow/example_dags/example_trigger_controller_dag.py
[2024-10-06T00:48:01.910+0000] {processor.py:839} INFO - DAG(s) dict_keys(['example_trigger_controller_dag']) retrieved from /home/airflow/.local/lib/python3.8/site-packages/airflow/example_dags/example_trigger_controller_dag.py
[2024-10-06T00:48:01.919+0000] {logging_mixin.py:154} INFO - [2024-10-06T00:48:01.919+0000] {dag.py:2941} INFO - Sync 1 DAGs
[2024-10-06T00:48:01.929+0000] {logging_mixin.py:154} INFO - [2024-10-06T00:48:01.929+0000] {dag.py:3722} INFO - Setting next_dagrun for example_trigger_controller_dag to 2021-01-01T00:00:00+00:00, run_after=2021-01-01T00:00:00+00:00
[2024-10-06T00:48:01.937+0000] {processor.py:179} INFO - Processing /home/airflow/.local/lib/python3.8/site-packages/airflow/example_dags/example_trigger_controller_dag.py took 0.034 seconds
[2024-10-06T00:59:18.977+0000] {processor.py:157} INFO - Started process (PID=25859) to work on /home/airflow/.local/lib/python3.8/site-packages/airflow/example_dags/example_trigger_controller_dag.py
[2024-10-06T00:59:18.978+0000] {processor.py:829} INFO - Processing file /home/airflow/.local/lib/python3.8/site-packages/airflow/example_dags/example_trigger_controller_dag.py for tasks to queue
[2024-10-06T00:59:18.980+0000] {logging_mixin.py:154} INFO - [2024-10-06T00:59:18.980+0000] {dagbag.py:536} INFO - Filling up the DagBag from /home/airflow/.local/lib/python3.8/site-packages/airflow/example_dags/example_trigger_controller_dag.py
[2024-10-06T00:59:18.983+0000] {processor.py:839} INFO - DAG(s) dict_keys(['example_trigger_controller_dag']) retrieved from /home/airflow/.local/lib/python3.8/site-packages/airflow/example_dags/example_trigger_controller_dag.py
[2024-10-06T00:59:18.998+0000] {logging_mixin.py:154} INFO - [2024-10-06T00:59:18.997+0000] {dag.py:2941} INFO - Sync 1 DAGs
[2024-10-06T00:59:19.009+0000] {logging_mixin.py:154} INFO - [2024-10-06T00:59:19.009+0000] {dag.py:3722} INFO - Setting next_dagrun for example_trigger_controller_dag to 2021-01-01T00:00:00+00:00, run_after=2021-01-01T00:00:00+00:00
[2024-10-06T00:59:19.018+0000] {processor.py:179} INFO - Processing /home/airflow/.local/lib/python3.8/site-packages/airflow/example_dags/example_trigger_controller_dag.py took 0.043 seconds
[2024-10-06T02:12:20.043+0000] {processor.py:157} INFO - Started process (PID=25913) to work on /home/airflow/.local/lib/python3.8/site-packages/airflow/example_dags/example_trigger_controller_dag.py
[2024-10-06T02:12:20.044+0000] {processor.py:829} INFO - Processing file /home/airflow/.local/lib/python3.8/site-packages/airflow/example_dags/example_trigger_controller_dag.py for tasks to queue
[2024-10-06T02:12:20.046+0000] {logging_mixin.py:154} INFO - [2024-10-06T02:12:20.046+0000] {dagbag.py:536} INFO - Filling up the DagBag from /home/airflow/.local/lib/python3.8/site-packages/airflow/example_dags/example_trigger_controller_dag.py
[2024-10-06T02:12:20.048+0000] {processor.py:839} INFO - DAG(s) dict_keys(['example_trigger_controller_dag']) retrieved from /home/airflow/.local/lib/python3.8/site-packages/airflow/example_dags/example_trigger_controller_dag.py
[2024-10-06T02:12:20.076+0000] {logging_mixin.py:154} INFO - [2024-10-06T02:12:20.075+0000] {dag.py:2941} INFO - Sync 1 DAGs
[2024-10-06T02:12:20.086+0000] {logging_mixin.py:154} INFO - [2024-10-06T02:12:20.086+0000] {dag.py:3722} INFO - Setting next_dagrun for example_trigger_controller_dag to 2021-01-01T00:00:00+00:00, run_after=2021-01-01T00:00:00+00:00
[2024-10-06T02:12:20.095+0000] {processor.py:179} INFO - Processing /home/airflow/.local/lib/python3.8/site-packages/airflow/example_dags/example_trigger_controller_dag.py took 0.054 seconds
[2024-10-06T02:48:47.252+0000] {processor.py:157} INFO - Started process (PID=25967) to work on /home/airflow/.local/lib/python3.8/site-packages/airflow/example_dags/example_trigger_controller_dag.py
[2024-10-06T02:48:47.253+0000] {processor.py:829} INFO - Processing file /home/airflow/.local/lib/python3.8/site-packages/airflow/example_dags/example_trigger_controller_dag.py for tasks to queue
[2024-10-06T02:48:47.254+0000] {logging_mixin.py:154} INFO - [2024-10-06T02:48:47.254+0000] {dagbag.py:536} INFO - Filling up the DagBag from /home/airflow/.local/lib/python3.8/site-packages/airflow/example_dags/example_trigger_controller_dag.py
[2024-10-06T02:48:47.256+0000] {processor.py:839} INFO - DAG(s) dict_keys(['example_trigger_controller_dag']) retrieved from /home/airflow/.local/lib/python3.8/site-packages/airflow/example_dags/example_trigger_controller_dag.py
[2024-10-06T02:48:47.265+0000] {logging_mixin.py:154} INFO - [2024-10-06T02:48:47.265+0000] {dag.py:2941} INFO - Sync 1 DAGs
[2024-10-06T02:48:47.273+0000] {logging_mixin.py:154} INFO - [2024-10-06T02:48:47.273+0000] {dag.py:3722} INFO - Setting next_dagrun for example_trigger_controller_dag to 2021-01-01T00:00:00+00:00, run_after=2021-01-01T00:00:00+00:00
[2024-10-06T02:48:47.279+0000] {processor.py:179} INFO - Processing /home/airflow/.local/lib/python3.8/site-packages/airflow/example_dags/example_trigger_controller_dag.py took 0.029 seconds
[2024-10-06T03:19:22.864+0000] {processor.py:157} INFO - Started process (PID=26021) to work on /home/airflow/.local/lib/python3.8/site-packages/airflow/example_dags/example_trigger_controller_dag.py
[2024-10-06T03:19:22.864+0000] {processor.py:829} INFO - Processing file /home/airflow/.local/lib/python3.8/site-packages/airflow/example_dags/example_trigger_controller_dag.py for tasks to queue
[2024-10-06T03:19:22.865+0000] {logging_mixin.py:154} INFO - [2024-10-06T03:19:22.865+0000] {dagbag.py:536} INFO - Filling up the DagBag from /home/airflow/.local/lib/python3.8/site-packages/airflow/example_dags/example_trigger_controller_dag.py
[2024-10-06T03:19:22.868+0000] {processor.py:839} INFO - DAG(s) dict_keys(['example_trigger_controller_dag']) retrieved from /home/airflow/.local/lib/python3.8/site-packages/airflow/example_dags/example_trigger_controller_dag.py
[2024-10-06T03:19:22.880+0000] {logging_mixin.py:154} INFO - [2024-10-06T03:19:22.879+0000] {dag.py:2941} INFO - Sync 1 DAGs
[2024-10-06T03:19:22.891+0000] {logging_mixin.py:154} INFO - [2024-10-06T03:19:22.891+0000] {dag.py:3722} INFO - Setting next_dagrun for example_trigger_controller_dag to 2021-01-01T00:00:00+00:00, run_after=2021-01-01T00:00:00+00:00
[2024-10-06T03:19:22.902+0000] {processor.py:179} INFO - Processing /home/airflow/.local/lib/python3.8/site-packages/airflow/example_dags/example_trigger_controller_dag.py took 0.040 seconds
[2024-10-06T04:34:56.517+0000] {processor.py:157} INFO - Started process (PID=26075) to work on /home/airflow/.local/lib/python3.8/site-packages/airflow/example_dags/example_trigger_controller_dag.py
[2024-10-06T04:34:56.517+0000] {processor.py:829} INFO - Processing file /home/airflow/.local/lib/python3.8/site-packages/airflow/example_dags/example_trigger_controller_dag.py for tasks to queue
[2024-10-06T04:34:56.519+0000] {logging_mixin.py:154} INFO - [2024-10-06T04:34:56.518+0000] {dagbag.py:536} INFO - Filling up the DagBag from /home/airflow/.local/lib/python3.8/site-packages/airflow/example_dags/example_trigger_controller_dag.py
[2024-10-06T04:34:56.521+0000] {processor.py:839} INFO - DAG(s) dict_keys(['example_trigger_controller_dag']) retrieved from /home/airflow/.local/lib/python3.8/site-packages/airflow/example_dags/example_trigger_controller_dag.py
[2024-10-06T04:34:56.530+0000] {logging_mixin.py:154} INFO - [2024-10-06T04:34:56.530+0000] {dag.py:2941} INFO - Sync 1 DAGs
[2024-10-06T04:34:56.538+0000] {logging_mixin.py:154} INFO - [2024-10-06T04:34:56.538+0000] {dag.py:3722} INFO - Setting next_dagrun for example_trigger_controller_dag to 2021-01-01T00:00:00+00:00, run_after=2021-01-01T00:00:00+00:00
[2024-10-06T04:34:56.544+0000] {processor.py:179} INFO - Processing /home/airflow/.local/lib/python3.8/site-packages/airflow/example_dags/example_trigger_controller_dag.py took 0.029 seconds
[2024-10-06T05:54:01.273+0000] {processor.py:157} INFO - Started process (PID=26129) to work on /home/airflow/.local/lib/python3.8/site-packages/airflow/example_dags/example_trigger_controller_dag.py
[2024-10-06T05:54:01.274+0000] {processor.py:829} INFO - Processing file /home/airflow/.local/lib/python3.8/site-packages/airflow/example_dags/example_trigger_controller_dag.py for tasks to queue
[2024-10-06T05:54:01.276+0000] {logging_mixin.py:154} INFO - [2024-10-06T05:54:01.276+0000] {dagbag.py:536} INFO - Filling up the DagBag from /home/airflow/.local/lib/python3.8/site-packages/airflow/example_dags/example_trigger_controller_dag.py
[2024-10-06T05:54:01.279+0000] {processor.py:839} INFO - DAG(s) dict_keys(['example_trigger_controller_dag']) retrieved from /home/airflow/.local/lib/python3.8/site-packages/airflow/example_dags/example_trigger_controller_dag.py
[2024-10-06T05:54:01.292+0000] {logging_mixin.py:154} INFO - [2024-10-06T05:54:01.291+0000] {dag.py:2941} INFO - Sync 1 DAGs
[2024-10-06T05:54:01.302+0000] {logging_mixin.py:154} INFO - [2024-10-06T05:54:01.302+0000] {dag.py:3722} INFO - Setting next_dagrun for example_trigger_controller_dag to 2021-01-01T00:00:00+00:00, run_after=2021-01-01T00:00:00+00:00
[2024-10-06T05:54:01.311+0000] {processor.py:179} INFO - Processing /home/airflow/.local/lib/python3.8/site-packages/airflow/example_dags/example_trigger_controller_dag.py took 0.039 seconds
[2024-10-06T06:41:07.036+0000] {processor.py:157} INFO - Started process (PID=26183) to work on /home/airflow/.local/lib/python3.8/site-packages/airflow/example_dags/example_trigger_controller_dag.py
[2024-10-06T06:41:07.037+0000] {processor.py:829} INFO - Processing file /home/airflow/.local/lib/python3.8/site-packages/airflow/example_dags/example_trigger_controller_dag.py for tasks to queue
[2024-10-06T06:41:07.038+0000] {logging_mixin.py:154} INFO - [2024-10-06T06:41:07.038+0000] {dagbag.py:536} INFO - Filling up the DagBag from /home/airflow/.local/lib/python3.8/site-packages/airflow/example_dags/example_trigger_controller_dag.py
[2024-10-06T06:41:07.041+0000] {processor.py:839} INFO - DAG(s) dict_keys(['example_trigger_controller_dag']) retrieved from /home/airflow/.local/lib/python3.8/site-packages/airflow/example_dags/example_trigger_controller_dag.py
[2024-10-06T06:41:07.053+0000] {logging_mixin.py:154} INFO - [2024-10-06T06:41:07.053+0000] {dag.py:2941} INFO - Sync 1 DAGs
[2024-10-06T06:41:07.065+0000] {logging_mixin.py:154} INFO - [2024-10-06T06:41:07.065+0000] {dag.py:3722} INFO - Setting next_dagrun for example_trigger_controller_dag to 2021-01-01T00:00:00+00:00, run_after=2021-01-01T00:00:00+00:00
[2024-10-06T06:41:07.076+0000] {processor.py:179} INFO - Processing /home/airflow/.local/lib/python3.8/site-packages/airflow/example_dags/example_trigger_controller_dag.py took 0.042 seconds
[2024-10-06T08:19:29.701+0000] {processor.py:157} INFO - Started process (PID=26237) to work on /home/airflow/.local/lib/python3.8/site-packages/airflow/example_dags/example_trigger_controller_dag.py
[2024-10-06T08:19:29.701+0000] {processor.py:829} INFO - Processing file /home/airflow/.local/lib/python3.8/site-packages/airflow/example_dags/example_trigger_controller_dag.py for tasks to queue
[2024-10-06T08:19:29.703+0000] {logging_mixin.py:154} INFO - [2024-10-06T08:19:29.703+0000] {dagbag.py:536} INFO - Filling up the DagBag from /home/airflow/.local/lib/python3.8/site-packages/airflow/example_dags/example_trigger_controller_dag.py
[2024-10-06T08:19:29.706+0000] {processor.py:839} INFO - DAG(s) dict_keys(['example_trigger_controller_dag']) retrieved from /home/airflow/.local/lib/python3.8/site-packages/airflow/example_dags/example_trigger_controller_dag.py
[2024-10-06T08:19:29.719+0000] {logging_mixin.py:154} INFO - [2024-10-06T08:19:29.719+0000] {dag.py:2941} INFO - Sync 1 DAGs
[2024-10-06T08:19:29.731+0000] {logging_mixin.py:154} INFO - [2024-10-06T08:19:29.731+0000] {dag.py:3722} INFO - Setting next_dagrun for example_trigger_controller_dag to 2021-01-01T00:00:00+00:00, run_after=2021-01-01T00:00:00+00:00
[2024-10-06T08:19:29.741+0000] {processor.py:179} INFO - Processing /home/airflow/.local/lib/python3.8/site-packages/airflow/example_dags/example_trigger_controller_dag.py took 0.042 seconds
[2024-10-06T09:31:45.689+0000] {processor.py:157} INFO - Started process (PID=26291) to work on /home/airflow/.local/lib/python3.8/site-packages/airflow/example_dags/example_trigger_controller_dag.py
[2024-10-06T09:31:45.689+0000] {processor.py:829} INFO - Processing file /home/airflow/.local/lib/python3.8/site-packages/airflow/example_dags/example_trigger_controller_dag.py for tasks to queue
[2024-10-06T09:31:45.690+0000] {logging_mixin.py:154} INFO - [2024-10-06T09:31:45.690+0000] {dagbag.py:536} INFO - Filling up the DagBag from /home/airflow/.local/lib/python3.8/site-packages/airflow/example_dags/example_trigger_controller_dag.py
[2024-10-06T09:31:45.693+0000] {processor.py:839} INFO - DAG(s) dict_keys(['example_trigger_controller_dag']) retrieved from /home/airflow/.local/lib/python3.8/site-packages/airflow/example_dags/example_trigger_controller_dag.py
[2024-10-06T09:31:45.701+0000] {logging_mixin.py:154} INFO - [2024-10-06T09:31:45.700+0000] {dag.py:2941} INFO - Sync 1 DAGs
[2024-10-06T09:31:45.708+0000] {logging_mixin.py:154} INFO - [2024-10-06T09:31:45.708+0000] {dag.py:3722} INFO - Setting next_dagrun for example_trigger_controller_dag to 2021-01-01T00:00:00+00:00, run_after=2021-01-01T00:00:00+00:00
[2024-10-06T09:31:45.714+0000] {processor.py:179} INFO - Processing /home/airflow/.local/lib/python3.8/site-packages/airflow/example_dags/example_trigger_controller_dag.py took 0.027 seconds
[2024-10-06T10:45:25.555+0000] {processor.py:157} INFO - Started process (PID=26345) to work on /home/airflow/.local/lib/python3.8/site-packages/airflow/example_dags/example_trigger_controller_dag.py
[2024-10-06T10:45:25.556+0000] {processor.py:829} INFO - Processing file /home/airflow/.local/lib/python3.8/site-packages/airflow/example_dags/example_trigger_controller_dag.py for tasks to queue
[2024-10-06T10:45:25.557+0000] {logging_mixin.py:154} INFO - [2024-10-06T10:45:25.557+0000] {dagbag.py:536} INFO - Filling up the DagBag from /home/airflow/.local/lib/python3.8/site-packages/airflow/example_dags/example_trigger_controller_dag.py
[2024-10-06T10:45:25.560+0000] {processor.py:839} INFO - DAG(s) dict_keys(['example_trigger_controller_dag']) retrieved from /home/airflow/.local/lib/python3.8/site-packages/airflow/example_dags/example_trigger_controller_dag.py
[2024-10-06T10:45:25.572+0000] {logging_mixin.py:154} INFO - [2024-10-06T10:45:25.572+0000] {dag.py:2941} INFO - Sync 1 DAGs
[2024-10-06T10:45:25.583+0000] {logging_mixin.py:154} INFO - [2024-10-06T10:45:25.583+0000] {dag.py:3722} INFO - Setting next_dagrun for example_trigger_controller_dag to 2021-01-01T00:00:00+00:00, run_after=2021-01-01T00:00:00+00:00
[2024-10-06T10:45:25.592+0000] {processor.py:179} INFO - Processing /home/airflow/.local/lib/python3.8/site-packages/airflow/example_dags/example_trigger_controller_dag.py took 0.039 seconds
[2024-10-06T11:46:25.972+0000] {processor.py:157} INFO - Started process (PID=26399) to work on /home/airflow/.local/lib/python3.8/site-packages/airflow/example_dags/example_trigger_controller_dag.py
[2024-10-06T11:46:25.972+0000] {processor.py:829} INFO - Processing file /home/airflow/.local/lib/python3.8/site-packages/airflow/example_dags/example_trigger_controller_dag.py for tasks to queue
[2024-10-06T11:46:25.973+0000] {logging_mixin.py:154} INFO - [2024-10-06T11:46:25.973+0000] {dagbag.py:536} INFO - Filling up the DagBag from /home/airflow/.local/lib/python3.8/site-packages/airflow/example_dags/example_trigger_controller_dag.py
[2024-10-06T11:46:25.976+0000] {processor.py:839} INFO - DAG(s) dict_keys(['example_trigger_controller_dag']) retrieved from /home/airflow/.local/lib/python3.8/site-packages/airflow/example_dags/example_trigger_controller_dag.py
[2024-10-06T11:46:25.985+0000] {logging_mixin.py:154} INFO - [2024-10-06T11:46:25.985+0000] {dag.py:2941} INFO - Sync 1 DAGs
[2024-10-06T11:46:25.993+0000] {logging_mixin.py:154} INFO - [2024-10-06T11:46:25.993+0000] {dag.py:3722} INFO - Setting next_dagrun for example_trigger_controller_dag to 2021-01-01T00:00:00+00:00, run_after=2021-01-01T00:00:00+00:00
[2024-10-06T11:46:26.001+0000] {processor.py:179} INFO - Processing /home/airflow/.local/lib/python3.8/site-packages/airflow/example_dags/example_trigger_controller_dag.py took 0.030 seconds
[2024-10-06T12:33:57.553+0000] {processor.py:157} INFO - Started process (PID=26453) to work on /home/airflow/.local/lib/python3.8/site-packages/airflow/example_dags/example_trigger_controller_dag.py
[2024-10-06T12:33:57.554+0000] {processor.py:829} INFO - Processing file /home/airflow/.local/lib/python3.8/site-packages/airflow/example_dags/example_trigger_controller_dag.py for tasks to queue
[2024-10-06T12:33:57.555+0000] {logging_mixin.py:154} INFO - [2024-10-06T12:33:57.554+0000] {dagbag.py:536} INFO - Filling up the DagBag from /home/airflow/.local/lib/python3.8/site-packages/airflow/example_dags/example_trigger_controller_dag.py
[2024-10-06T12:33:57.557+0000] {processor.py:839} INFO - DAG(s) dict_keys(['example_trigger_controller_dag']) retrieved from /home/airflow/.local/lib/python3.8/site-packages/airflow/example_dags/example_trigger_controller_dag.py
[2024-10-06T12:33:57.566+0000] {logging_mixin.py:154} INFO - [2024-10-06T12:33:57.566+0000] {dag.py:2941} INFO - Sync 1 DAGs
[2024-10-06T12:33:57.575+0000] {logging_mixin.py:154} INFO - [2024-10-06T12:33:57.575+0000] {dag.py:3722} INFO - Setting next_dagrun for example_trigger_controller_dag to 2021-01-01T00:00:00+00:00, run_after=2021-01-01T00:00:00+00:00
[2024-10-06T12:33:57.581+0000] {processor.py:179} INFO - Processing /home/airflow/.local/lib/python3.8/site-packages/airflow/example_dags/example_trigger_controller_dag.py took 0.030 seconds
[2024-10-06T13:17:28.248+0000] {processor.py:157} INFO - Started process (PID=26507) to work on /home/airflow/.local/lib/python3.8/site-packages/airflow/example_dags/example_trigger_controller_dag.py
[2024-10-06T13:17:28.251+0000] {processor.py:829} INFO - Processing file /home/airflow/.local/lib/python3.8/site-packages/airflow/example_dags/example_trigger_controller_dag.py for tasks to queue
[2024-10-06T13:17:28.253+0000] {logging_mixin.py:154} INFO - [2024-10-06T13:17:28.253+0000] {dagbag.py:536} INFO - Filling up the DagBag from /home/airflow/.local/lib/python3.8/site-packages/airflow/example_dags/example_trigger_controller_dag.py
[2024-10-06T13:17:28.256+0000] {processor.py:839} INFO - DAG(s) dict_keys(['example_trigger_controller_dag']) retrieved from /home/airflow/.local/lib/python3.8/site-packages/airflow/example_dags/example_trigger_controller_dag.py
[2024-10-06T13:17:28.270+0000] {logging_mixin.py:154} INFO - [2024-10-06T13:17:28.270+0000] {dag.py:2941} INFO - Sync 1 DAGs
[2024-10-06T13:17:28.279+0000] {logging_mixin.py:154} INFO - [2024-10-06T13:17:28.279+0000] {dag.py:3722} INFO - Setting next_dagrun for example_trigger_controller_dag to 2021-01-01T00:00:00+00:00, run_after=2021-01-01T00:00:00+00:00
[2024-10-06T13:17:28.285+0000] {processor.py:179} INFO - Processing /home/airflow/.local/lib/python3.8/site-packages/airflow/example_dags/example_trigger_controller_dag.py took 0.040 seconds
[2024-10-06T14:49:26.624+0000] {processor.py:157} INFO - Started process (PID=26561) to work on /home/airflow/.local/lib/python3.8/site-packages/airflow/example_dags/example_trigger_controller_dag.py
[2024-10-06T14:49:26.624+0000] {processor.py:829} INFO - Processing file /home/airflow/.local/lib/python3.8/site-packages/airflow/example_dags/example_trigger_controller_dag.py for tasks to queue
[2024-10-06T14:49:26.625+0000] {logging_mixin.py:154} INFO - [2024-10-06T14:49:26.625+0000] {dagbag.py:536} INFO - Filling up the DagBag from /home/airflow/.local/lib/python3.8/site-packages/airflow/example_dags/example_trigger_controller_dag.py
[2024-10-06T14:49:26.628+0000] {processor.py:839} INFO - DAG(s) dict_keys(['example_trigger_controller_dag']) retrieved from /home/airflow/.local/lib/python3.8/site-packages/airflow/example_dags/example_trigger_controller_dag.py
[2024-10-06T14:49:26.636+0000] {logging_mixin.py:154} INFO - [2024-10-06T14:49:26.636+0000] {dag.py:2941} INFO - Sync 1 DAGs
[2024-10-06T14:49:26.644+0000] {logging_mixin.py:154} INFO - [2024-10-06T14:49:26.644+0000] {dag.py:3722} INFO - Setting next_dagrun for example_trigger_controller_dag to 2021-01-01T00:00:00+00:00, run_after=2021-01-01T00:00:00+00:00
[2024-10-06T14:49:26.650+0000] {processor.py:179} INFO - Processing /home/airflow/.local/lib/python3.8/site-packages/airflow/example_dags/example_trigger_controller_dag.py took 0.028 seconds
[2024-10-06T15:50:30.896+0000] {processor.py:157} INFO - Started process (PID=26615) to work on /home/airflow/.local/lib/python3.8/site-packages/airflow/example_dags/example_trigger_controller_dag.py
[2024-10-06T15:50:30.897+0000] {processor.py:829} INFO - Processing file /home/airflow/.local/lib/python3.8/site-packages/airflow/example_dags/example_trigger_controller_dag.py for tasks to queue
[2024-10-06T15:50:30.898+0000] {logging_mixin.py:154} INFO - [2024-10-06T15:50:30.898+0000] {dagbag.py:536} INFO - Filling up the DagBag from /home/airflow/.local/lib/python3.8/site-packages/airflow/example_dags/example_trigger_controller_dag.py
[2024-10-06T15:50:30.901+0000] {processor.py:839} INFO - DAG(s) dict_keys(['example_trigger_controller_dag']) retrieved from /home/airflow/.local/lib/python3.8/site-packages/airflow/example_dags/example_trigger_controller_dag.py
[2024-10-06T15:50:30.913+0000] {logging_mixin.py:154} INFO - [2024-10-06T15:50:30.913+0000] {dag.py:2941} INFO - Sync 1 DAGs
[2024-10-06T15:50:30.925+0000] {logging_mixin.py:154} INFO - [2024-10-06T15:50:30.925+0000] {dag.py:3722} INFO - Setting next_dagrun for example_trigger_controller_dag to 2021-01-01T00:00:00+00:00, run_after=2021-01-01T00:00:00+00:00
[2024-10-06T15:50:30.938+0000] {processor.py:179} INFO - Processing /home/airflow/.local/lib/python3.8/site-packages/airflow/example_dags/example_trigger_controller_dag.py took 0.044 seconds
[2024-10-06T16:11:23.993+0000] {processor.py:157} INFO - Started process (PID=26669) to work on /home/airflow/.local/lib/python3.8/site-packages/airflow/example_dags/example_trigger_controller_dag.py
[2024-10-06T16:11:23.993+0000] {processor.py:829} INFO - Processing file /home/airflow/.local/lib/python3.8/site-packages/airflow/example_dags/example_trigger_controller_dag.py for tasks to queue
[2024-10-06T16:11:23.995+0000] {logging_mixin.py:154} INFO - [2024-10-06T16:11:23.995+0000] {dagbag.py:536} INFO - Filling up the DagBag from /home/airflow/.local/lib/python3.8/site-packages/airflow/example_dags/example_trigger_controller_dag.py
[2024-10-06T16:11:23.998+0000] {processor.py:839} INFO - DAG(s) dict_keys(['example_trigger_controller_dag']) retrieved from /home/airflow/.local/lib/python3.8/site-packages/airflow/example_dags/example_trigger_controller_dag.py
[2024-10-06T16:11:24.010+0000] {logging_mixin.py:154} INFO - [2024-10-06T16:11:24.010+0000] {dag.py:2941} INFO - Sync 1 DAGs
[2024-10-06T16:11:24.020+0000] {logging_mixin.py:154} INFO - [2024-10-06T16:11:24.020+0000] {dag.py:3722} INFO - Setting next_dagrun for example_trigger_controller_dag to 2021-01-01T00:00:00+00:00, run_after=2021-01-01T00:00:00+00:00
[2024-10-06T16:11:24.028+0000] {processor.py:179} INFO - Processing /home/airflow/.local/lib/python3.8/site-packages/airflow/example_dags/example_trigger_controller_dag.py took 0.038 seconds
[2024-10-06T16:17:00.751+0000] {processor.py:157} INFO - Started process (PID=26723) to work on /home/airflow/.local/lib/python3.8/site-packages/airflow/example_dags/example_trigger_controller_dag.py
[2024-10-06T16:17:00.752+0000] {processor.py:829} INFO - Processing file /home/airflow/.local/lib/python3.8/site-packages/airflow/example_dags/example_trigger_controller_dag.py for tasks to queue
[2024-10-06T16:17:00.753+0000] {logging_mixin.py:154} INFO - [2024-10-06T16:17:00.753+0000] {dagbag.py:536} INFO - Filling up the DagBag from /home/airflow/.local/lib/python3.8/site-packages/airflow/example_dags/example_trigger_controller_dag.py
[2024-10-06T16:17:00.755+0000] {processor.py:839} INFO - DAG(s) dict_keys(['example_trigger_controller_dag']) retrieved from /home/airflow/.local/lib/python3.8/site-packages/airflow/example_dags/example_trigger_controller_dag.py
[2024-10-06T16:17:00.763+0000] {logging_mixin.py:154} INFO - [2024-10-06T16:17:00.763+0000] {dag.py:2941} INFO - Sync 1 DAGs
[2024-10-06T16:17:00.771+0000] {logging_mixin.py:154} INFO - [2024-10-06T16:17:00.771+0000] {dag.py:3722} INFO - Setting next_dagrun for example_trigger_controller_dag to 2021-01-01T00:00:00+00:00, run_after=2021-01-01T00:00:00+00:00
[2024-10-06T16:17:00.777+0000] {processor.py:179} INFO - Processing /home/airflow/.local/lib/python3.8/site-packages/airflow/example_dags/example_trigger_controller_dag.py took 0.028 seconds
[2024-10-06T17:25:37.657+0000] {processor.py:157} INFO - Started process (PID=26777) to work on /home/airflow/.local/lib/python3.8/site-packages/airflow/example_dags/example_trigger_controller_dag.py
[2024-10-06T17:25:37.658+0000] {processor.py:829} INFO - Processing file /home/airflow/.local/lib/python3.8/site-packages/airflow/example_dags/example_trigger_controller_dag.py for tasks to queue
[2024-10-06T17:25:37.659+0000] {logging_mixin.py:154} INFO - [2024-10-06T17:25:37.658+0000] {dagbag.py:536} INFO - Filling up the DagBag from /home/airflow/.local/lib/python3.8/site-packages/airflow/example_dags/example_trigger_controller_dag.py
[2024-10-06T17:25:37.661+0000] {processor.py:839} INFO - DAG(s) dict_keys(['example_trigger_controller_dag']) retrieved from /home/airflow/.local/lib/python3.8/site-packages/airflow/example_dags/example_trigger_controller_dag.py
[2024-10-06T17:25:37.670+0000] {logging_mixin.py:154} INFO - [2024-10-06T17:25:37.670+0000] {dag.py:2941} INFO - Sync 1 DAGs
[2024-10-06T17:25:37.679+0000] {logging_mixin.py:154} INFO - [2024-10-06T17:25:37.679+0000] {dag.py:3722} INFO - Setting next_dagrun for example_trigger_controller_dag to 2021-01-01T00:00:00+00:00, run_after=2021-01-01T00:00:00+00:00
[2024-10-06T17:25:37.685+0000] {processor.py:179} INFO - Processing /home/airflow/.local/lib/python3.8/site-packages/airflow/example_dags/example_trigger_controller_dag.py took 0.030 seconds
[2024-10-06T17:48:10.548+0000] {processor.py:157} INFO - Started process (PID=26831) to work on /home/airflow/.local/lib/python3.8/site-packages/airflow/example_dags/example_trigger_controller_dag.py
[2024-10-06T17:48:10.549+0000] {processor.py:829} INFO - Processing file /home/airflow/.local/lib/python3.8/site-packages/airflow/example_dags/example_trigger_controller_dag.py for tasks to queue
[2024-10-06T17:48:10.550+0000] {logging_mixin.py:154} INFO - [2024-10-06T17:48:10.550+0000] {dagbag.py:536} INFO - Filling up the DagBag from /home/airflow/.local/lib/python3.8/site-packages/airflow/example_dags/example_trigger_controller_dag.py
[2024-10-06T17:48:10.552+0000] {processor.py:839} INFO - DAG(s) dict_keys(['example_trigger_controller_dag']) retrieved from /home/airflow/.local/lib/python3.8/site-packages/airflow/example_dags/example_trigger_controller_dag.py
[2024-10-06T17:48:10.562+0000] {logging_mixin.py:154} INFO - [2024-10-06T17:48:10.562+0000] {dag.py:2941} INFO - Sync 1 DAGs
[2024-10-06T17:48:10.571+0000] {logging_mixin.py:154} INFO - [2024-10-06T17:48:10.571+0000] {dag.py:3722} INFO - Setting next_dagrun for example_trigger_controller_dag to 2021-01-01T00:00:00+00:00, run_after=2021-01-01T00:00:00+00:00
[2024-10-06T17:48:10.578+0000] {processor.py:179} INFO - Processing /home/airflow/.local/lib/python3.8/site-packages/airflow/example_dags/example_trigger_controller_dag.py took 0.031 seconds
[2024-10-06T18:17:58.442+0000] {processor.py:157} INFO - Started process (PID=26885) to work on /home/airflow/.local/lib/python3.8/site-packages/airflow/example_dags/example_trigger_controller_dag.py
[2024-10-06T18:17:58.443+0000] {processor.py:829} INFO - Processing file /home/airflow/.local/lib/python3.8/site-packages/airflow/example_dags/example_trigger_controller_dag.py for tasks to queue
[2024-10-06T18:17:58.445+0000] {logging_mixin.py:154} INFO - [2024-10-06T18:17:58.445+0000] {dagbag.py:536} INFO - Filling up the DagBag from /home/airflow/.local/lib/python3.8/site-packages/airflow/example_dags/example_trigger_controller_dag.py
[2024-10-06T18:17:58.448+0000] {processor.py:839} INFO - DAG(s) dict_keys(['example_trigger_controller_dag']) retrieved from /home/airflow/.local/lib/python3.8/site-packages/airflow/example_dags/example_trigger_controller_dag.py
[2024-10-06T18:17:58.461+0000] {logging_mixin.py:154} INFO - [2024-10-06T18:17:58.461+0000] {dag.py:2941} INFO - Sync 1 DAGs
[2024-10-06T18:17:58.474+0000] {logging_mixin.py:154} INFO - [2024-10-06T18:17:58.474+0000] {dag.py:3722} INFO - Setting next_dagrun for example_trigger_controller_dag to 2021-01-01T00:00:00+00:00, run_after=2021-01-01T00:00:00+00:00
[2024-10-06T18:17:58.486+0000] {processor.py:179} INFO - Processing /home/airflow/.local/lib/python3.8/site-packages/airflow/example_dags/example_trigger_controller_dag.py took 0.046 seconds
[2024-10-06T19:43:23.015+0000] {processor.py:157} INFO - Started process (PID=26939) to work on /home/airflow/.local/lib/python3.8/site-packages/airflow/example_dags/example_trigger_controller_dag.py
[2024-10-06T19:43:23.016+0000] {processor.py:829} INFO - Processing file /home/airflow/.local/lib/python3.8/site-packages/airflow/example_dags/example_trigger_controller_dag.py for tasks to queue
[2024-10-06T19:43:23.017+0000] {logging_mixin.py:154} INFO - [2024-10-06T19:43:23.017+0000] {dagbag.py:536} INFO - Filling up the DagBag from /home/airflow/.local/lib/python3.8/site-packages/airflow/example_dags/example_trigger_controller_dag.py
[2024-10-06T19:43:23.020+0000] {processor.py:839} INFO - DAG(s) dict_keys(['example_trigger_controller_dag']) retrieved from /home/airflow/.local/lib/python3.8/site-packages/airflow/example_dags/example_trigger_controller_dag.py
[2024-10-06T19:43:23.032+0000] {logging_mixin.py:154} INFO - [2024-10-06T19:43:23.032+0000] {dag.py:2941} INFO - Sync 1 DAGs
[2024-10-06T19:43:23.043+0000] {logging_mixin.py:154} INFO - [2024-10-06T19:43:23.043+0000] {dag.py:3722} INFO - Setting next_dagrun for example_trigger_controller_dag to 2021-01-01T00:00:00+00:00, run_after=2021-01-01T00:00:00+00:00
[2024-10-06T19:43:23.052+0000] {processor.py:179} INFO - Processing /home/airflow/.local/lib/python3.8/site-packages/airflow/example_dags/example_trigger_controller_dag.py took 0.040 seconds
[2024-10-06T20:31:10.051+0000] {processor.py:157} INFO - Started process (PID=26993) to work on /home/airflow/.local/lib/python3.8/site-packages/airflow/example_dags/example_trigger_controller_dag.py
[2024-10-06T20:31:10.052+0000] {processor.py:829} INFO - Processing file /home/airflow/.local/lib/python3.8/site-packages/airflow/example_dags/example_trigger_controller_dag.py for tasks to queue
[2024-10-06T20:31:10.053+0000] {logging_mixin.py:154} INFO - [2024-10-06T20:31:10.053+0000] {dagbag.py:536} INFO - Filling up the DagBag from /home/airflow/.local/lib/python3.8/site-packages/airflow/example_dags/example_trigger_controller_dag.py
[2024-10-06T20:31:10.055+0000] {processor.py:839} INFO - DAG(s) dict_keys(['example_trigger_controller_dag']) retrieved from /home/airflow/.local/lib/python3.8/site-packages/airflow/example_dags/example_trigger_controller_dag.py
[2024-10-06T20:31:10.064+0000] {logging_mixin.py:154} INFO - [2024-10-06T20:31:10.064+0000] {dag.py:2941} INFO - Sync 1 DAGs
[2024-10-06T20:31:10.072+0000] {logging_mixin.py:154} INFO - [2024-10-06T20:31:10.072+0000] {dag.py:3722} INFO - Setting next_dagrun for example_trigger_controller_dag to 2021-01-01T00:00:00+00:00, run_after=2021-01-01T00:00:00+00:00
[2024-10-06T20:31:10.080+0000] {processor.py:179} INFO - Processing /home/airflow/.local/lib/python3.8/site-packages/airflow/example_dags/example_trigger_controller_dag.py took 0.030 seconds
[2024-10-06T20:40:15.090+0000] {processor.py:157} INFO - Started process (PID=27047) to work on /home/airflow/.local/lib/python3.8/site-packages/airflow/example_dags/example_trigger_controller_dag.py
[2024-10-06T20:40:15.091+0000] {processor.py:829} INFO - Processing file /home/airflow/.local/lib/python3.8/site-packages/airflow/example_dags/example_trigger_controller_dag.py for tasks to queue
[2024-10-06T20:40:15.093+0000] {logging_mixin.py:154} INFO - [2024-10-06T20:40:15.093+0000] {dagbag.py:536} INFO - Filling up the DagBag from /home/airflow/.local/lib/python3.8/site-packages/airflow/example_dags/example_trigger_controller_dag.py
[2024-10-06T20:40:15.096+0000] {processor.py:839} INFO - DAG(s) dict_keys(['example_trigger_controller_dag']) retrieved from /home/airflow/.local/lib/python3.8/site-packages/airflow/example_dags/example_trigger_controller_dag.py
[2024-10-06T20:40:15.109+0000] {logging_mixin.py:154} INFO - [2024-10-06T20:40:15.109+0000] {dag.py:2941} INFO - Sync 1 DAGs
[2024-10-06T20:40:15.120+0000] {logging_mixin.py:154} INFO - [2024-10-06T20:40:15.120+0000] {dag.py:3722} INFO - Setting next_dagrun for example_trigger_controller_dag to 2021-01-01T00:00:00+00:00, run_after=2021-01-01T00:00:00+00:00
[2024-10-06T20:40:15.128+0000] {processor.py:179} INFO - Processing /home/airflow/.local/lib/python3.8/site-packages/airflow/example_dags/example_trigger_controller_dag.py took 0.040 seconds
[2024-10-06T20:43:25.335+0000] {processor.py:157} INFO - Started process (PID=27101) to work on /home/airflow/.local/lib/python3.8/site-packages/airflow/example_dags/example_trigger_controller_dag.py
[2024-10-06T20:43:25.335+0000] {processor.py:829} INFO - Processing file /home/airflow/.local/lib/python3.8/site-packages/airflow/example_dags/example_trigger_controller_dag.py for tasks to queue
[2024-10-06T20:43:25.336+0000] {logging_mixin.py:154} INFO - [2024-10-06T20:43:25.336+0000] {dagbag.py:536} INFO - Filling up the DagBag from /home/airflow/.local/lib/python3.8/site-packages/airflow/example_dags/example_trigger_controller_dag.py
[2024-10-06T20:43:25.338+0000] {processor.py:839} INFO - DAG(s) dict_keys(['example_trigger_controller_dag']) retrieved from /home/airflow/.local/lib/python3.8/site-packages/airflow/example_dags/example_trigger_controller_dag.py
[2024-10-06T20:43:25.347+0000] {logging_mixin.py:154} INFO - [2024-10-06T20:43:25.347+0000] {dag.py:2941} INFO - Sync 1 DAGs
[2024-10-06T20:43:25.355+0000] {logging_mixin.py:154} INFO - [2024-10-06T20:43:25.355+0000] {dag.py:3722} INFO - Setting next_dagrun for example_trigger_controller_dag to 2021-01-01T00:00:00+00:00, run_after=2021-01-01T00:00:00+00:00
[2024-10-06T20:43:25.361+0000] {processor.py:179} INFO - Processing /home/airflow/.local/lib/python3.8/site-packages/airflow/example_dags/example_trigger_controller_dag.py took 0.028 seconds
[2024-10-06T21:12:03.708+0000] {processor.py:157} INFO - Started process (PID=27155) to work on /home/airflow/.local/lib/python3.8/site-packages/airflow/example_dags/example_trigger_controller_dag.py
[2024-10-06T21:12:03.708+0000] {processor.py:829} INFO - Processing file /home/airflow/.local/lib/python3.8/site-packages/airflow/example_dags/example_trigger_controller_dag.py for tasks to queue
[2024-10-06T21:12:03.709+0000] {logging_mixin.py:154} INFO - [2024-10-06T21:12:03.709+0000] {dagbag.py:536} INFO - Filling up the DagBag from /home/airflow/.local/lib/python3.8/site-packages/airflow/example_dags/example_trigger_controller_dag.py
[2024-10-06T21:12:03.712+0000] {processor.py:839} INFO - DAG(s) dict_keys(['example_trigger_controller_dag']) retrieved from /home/airflow/.local/lib/python3.8/site-packages/airflow/example_dags/example_trigger_controller_dag.py
[2024-10-06T21:12:03.721+0000] {logging_mixin.py:154} INFO - [2024-10-06T21:12:03.721+0000] {dag.py:2941} INFO - Sync 1 DAGs
[2024-10-06T21:12:03.730+0000] {logging_mixin.py:154} INFO - [2024-10-06T21:12:03.729+0000] {dag.py:3722} INFO - Setting next_dagrun for example_trigger_controller_dag to 2021-01-01T00:00:00+00:00, run_after=2021-01-01T00:00:00+00:00
[2024-10-06T21:12:03.736+0000] {processor.py:179} INFO - Processing /home/airflow/.local/lib/python3.8/site-packages/airflow/example_dags/example_trigger_controller_dag.py took 0.030 seconds
[2024-10-06T21:13:26.390+0000] {processor.py:157} INFO - Started process (PID=27209) to work on /home/airflow/.local/lib/python3.8/site-packages/airflow/example_dags/example_trigger_controller_dag.py
[2024-10-06T21:13:26.391+0000] {processor.py:829} INFO - Processing file /home/airflow/.local/lib/python3.8/site-packages/airflow/example_dags/example_trigger_controller_dag.py for tasks to queue
[2024-10-06T21:13:26.392+0000] {logging_mixin.py:154} INFO - [2024-10-06T21:13:26.392+0000] {dagbag.py:536} INFO - Filling up the DagBag from /home/airflow/.local/lib/python3.8/site-packages/airflow/example_dags/example_trigger_controller_dag.py
[2024-10-06T21:13:26.394+0000] {processor.py:839} INFO - DAG(s) dict_keys(['example_trigger_controller_dag']) retrieved from /home/airflow/.local/lib/python3.8/site-packages/airflow/example_dags/example_trigger_controller_dag.py
[2024-10-06T21:13:26.403+0000] {logging_mixin.py:154} INFO - [2024-10-06T21:13:26.403+0000] {dag.py:2941} INFO - Sync 1 DAGs
[2024-10-06T21:13:26.412+0000] {logging_mixin.py:154} INFO - [2024-10-06T21:13:26.412+0000] {dag.py:3722} INFO - Setting next_dagrun for example_trigger_controller_dag to 2021-01-01T00:00:00+00:00, run_after=2021-01-01T00:00:00+00:00
[2024-10-06T21:13:26.418+0000] {processor.py:179} INFO - Processing /home/airflow/.local/lib/python3.8/site-packages/airflow/example_dags/example_trigger_controller_dag.py took 0.029 seconds
[2024-10-06T21:24:00.597+0000] {processor.py:157} INFO - Started process (PID=27263) to work on /home/airflow/.local/lib/python3.8/site-packages/airflow/example_dags/example_trigger_controller_dag.py
[2024-10-06T21:24:00.601+0000] {processor.py:829} INFO - Processing file /home/airflow/.local/lib/python3.8/site-packages/airflow/example_dags/example_trigger_controller_dag.py for tasks to queue
[2024-10-06T21:24:00.602+0000] {logging_mixin.py:154} INFO - [2024-10-06T21:24:00.602+0000] {dagbag.py:536} INFO - Filling up the DagBag from /home/airflow/.local/lib/python3.8/site-packages/airflow/example_dags/example_trigger_controller_dag.py
[2024-10-06T21:24:00.606+0000] {processor.py:839} INFO - DAG(s) dict_keys(['example_trigger_controller_dag']) retrieved from /home/airflow/.local/lib/python3.8/site-packages/airflow/example_dags/example_trigger_controller_dag.py
[2024-10-06T21:24:00.620+0000] {logging_mixin.py:154} INFO - [2024-10-06T21:24:00.619+0000] {dag.py:2941} INFO - Sync 1 DAGs
[2024-10-06T21:24:00.632+0000] {logging_mixin.py:154} INFO - [2024-10-06T21:24:00.632+0000] {dag.py:3722} INFO - Setting next_dagrun for example_trigger_controller_dag to 2021-01-01T00:00:00+00:00, run_after=2021-01-01T00:00:00+00:00
[2024-10-06T21:24:00.643+0000] {processor.py:179} INFO - Processing /home/airflow/.local/lib/python3.8/site-packages/airflow/example_dags/example_trigger_controller_dag.py took 0.048 seconds
[2024-10-06T22:02:22.203+0000] {processor.py:157} INFO - Started process (PID=27317) to work on /home/airflow/.local/lib/python3.8/site-packages/airflow/example_dags/example_trigger_controller_dag.py
[2024-10-06T22:02:22.203+0000] {processor.py:829} INFO - Processing file /home/airflow/.local/lib/python3.8/site-packages/airflow/example_dags/example_trigger_controller_dag.py for tasks to queue
[2024-10-06T22:02:22.204+0000] {logging_mixin.py:154} INFO - [2024-10-06T22:02:22.204+0000] {dagbag.py:536} INFO - Filling up the DagBag from /home/airflow/.local/lib/python3.8/site-packages/airflow/example_dags/example_trigger_controller_dag.py
[2024-10-06T22:02:22.207+0000] {processor.py:839} INFO - DAG(s) dict_keys(['example_trigger_controller_dag']) retrieved from /home/airflow/.local/lib/python3.8/site-packages/airflow/example_dags/example_trigger_controller_dag.py
[2024-10-06T22:02:22.216+0000] {logging_mixin.py:154} INFO - [2024-10-06T22:02:22.216+0000] {dag.py:2941} INFO - Sync 1 DAGs
[2024-10-06T22:02:22.224+0000] {logging_mixin.py:154} INFO - [2024-10-06T22:02:22.224+0000] {dag.py:3722} INFO - Setting next_dagrun for example_trigger_controller_dag to 2021-01-01T00:00:00+00:00, run_after=2021-01-01T00:00:00+00:00
[2024-10-06T22:02:22.231+0000] {processor.py:179} INFO - Processing /home/airflow/.local/lib/python3.8/site-packages/airflow/example_dags/example_trigger_controller_dag.py took 0.030 seconds
[2024-10-06T22:28:55.222+0000] {processor.py:157} INFO - Started process (PID=27371) to work on /home/airflow/.local/lib/python3.8/site-packages/airflow/example_dags/example_trigger_controller_dag.py
[2024-10-06T22:28:55.223+0000] {processor.py:829} INFO - Processing file /home/airflow/.local/lib/python3.8/site-packages/airflow/example_dags/example_trigger_controller_dag.py for tasks to queue
[2024-10-06T22:28:55.224+0000] {logging_mixin.py:154} INFO - [2024-10-06T22:28:55.224+0000] {dagbag.py:536} INFO - Filling up the DagBag from /home/airflow/.local/lib/python3.8/site-packages/airflow/example_dags/example_trigger_controller_dag.py
[2024-10-06T22:28:55.226+0000] {processor.py:839} INFO - DAG(s) dict_keys(['example_trigger_controller_dag']) retrieved from /home/airflow/.local/lib/python3.8/site-packages/airflow/example_dags/example_trigger_controller_dag.py
[2024-10-06T22:28:55.236+0000] {logging_mixin.py:154} INFO - [2024-10-06T22:28:55.236+0000] {dag.py:2941} INFO - Sync 1 DAGs
[2024-10-06T22:28:55.245+0000] {logging_mixin.py:154} INFO - [2024-10-06T22:28:55.245+0000] {dag.py:3722} INFO - Setting next_dagrun for example_trigger_controller_dag to 2021-01-01T00:00:00+00:00, run_after=2021-01-01T00:00:00+00:00
[2024-10-06T22:28:55.252+0000] {processor.py:179} INFO - Processing /home/airflow/.local/lib/python3.8/site-packages/airflow/example_dags/example_trigger_controller_dag.py took 0.032 seconds
[2024-10-06T22:59:44.847+0000] {processor.py:157} INFO - Started process (PID=27425) to work on /home/airflow/.local/lib/python3.8/site-packages/airflow/example_dags/example_trigger_controller_dag.py
[2024-10-06T22:59:44.848+0000] {processor.py:829} INFO - Processing file /home/airflow/.local/lib/python3.8/site-packages/airflow/example_dags/example_trigger_controller_dag.py for tasks to queue
[2024-10-06T22:59:44.850+0000] {logging_mixin.py:154} INFO - [2024-10-06T22:59:44.850+0000] {dagbag.py:536} INFO - Filling up the DagBag from /home/airflow/.local/lib/python3.8/site-packages/airflow/example_dags/example_trigger_controller_dag.py
[2024-10-06T22:59:44.853+0000] {processor.py:839} INFO - DAG(s) dict_keys(['example_trigger_controller_dag']) retrieved from /home/airflow/.local/lib/python3.8/site-packages/airflow/example_dags/example_trigger_controller_dag.py
[2024-10-06T22:59:44.866+0000] {logging_mixin.py:154} INFO - [2024-10-06T22:59:44.865+0000] {dag.py:2941} INFO - Sync 1 DAGs
[2024-10-06T22:59:44.878+0000] {logging_mixin.py:154} INFO - [2024-10-06T22:59:44.878+0000] {dag.py:3722} INFO - Setting next_dagrun for example_trigger_controller_dag to 2021-01-01T00:00:00+00:00, run_after=2021-01-01T00:00:00+00:00
[2024-10-06T22:59:44.893+0000] {processor.py:179} INFO - Processing /home/airflow/.local/lib/python3.8/site-packages/airflow/example_dags/example_trigger_controller_dag.py took 0.049 seconds
[2024-10-06T23:00:15.773+0000] {processor.py:157} INFO - Started process (PID=27479) to work on /home/airflow/.local/lib/python3.8/site-packages/airflow/example_dags/example_trigger_controller_dag.py
[2024-10-06T23:00:15.773+0000] {processor.py:829} INFO - Processing file /home/airflow/.local/lib/python3.8/site-packages/airflow/example_dags/example_trigger_controller_dag.py for tasks to queue
[2024-10-06T23:00:15.775+0000] {logging_mixin.py:154} INFO - [2024-10-06T23:00:15.775+0000] {dagbag.py:536} INFO - Filling up the DagBag from /home/airflow/.local/lib/python3.8/site-packages/airflow/example_dags/example_trigger_controller_dag.py
[2024-10-06T23:00:15.778+0000] {processor.py:839} INFO - DAG(s) dict_keys(['example_trigger_controller_dag']) retrieved from /home/airflow/.local/lib/python3.8/site-packages/airflow/example_dags/example_trigger_controller_dag.py
[2024-10-06T23:00:15.789+0000] {logging_mixin.py:154} INFO - [2024-10-06T23:00:15.789+0000] {dag.py:2941} INFO - Sync 1 DAGs
[2024-10-06T23:00:15.799+0000] {logging_mixin.py:154} INFO - [2024-10-06T23:00:15.799+0000] {dag.py:3722} INFO - Setting next_dagrun for example_trigger_controller_dag to 2021-01-01T00:00:00+00:00, run_after=2021-01-01T00:00:00+00:00
[2024-10-06T23:00:15.809+0000] {processor.py:179} INFO - Processing /home/airflow/.local/lib/python3.8/site-packages/airflow/example_dags/example_trigger_controller_dag.py took 0.038 seconds
[2024-10-06T23:00:46.348+0000] {processor.py:157} INFO - Started process (PID=27533) to work on /home/airflow/.local/lib/python3.8/site-packages/airflow/example_dags/example_trigger_controller_dag.py
[2024-10-06T23:00:46.348+0000] {processor.py:829} INFO - Processing file /home/airflow/.local/lib/python3.8/site-packages/airflow/example_dags/example_trigger_controller_dag.py for tasks to queue
[2024-10-06T23:00:46.350+0000] {logging_mixin.py:154} INFO - [2024-10-06T23:00:46.349+0000] {dagbag.py:536} INFO - Filling up the DagBag from /home/airflow/.local/lib/python3.8/site-packages/airflow/example_dags/example_trigger_controller_dag.py
[2024-10-06T23:00:46.353+0000] {processor.py:839} INFO - DAG(s) dict_keys(['example_trigger_controller_dag']) retrieved from /home/airflow/.local/lib/python3.8/site-packages/airflow/example_dags/example_trigger_controller_dag.py
[2024-10-06T23:00:46.365+0000] {logging_mixin.py:154} INFO - [2024-10-06T23:00:46.365+0000] {dag.py:2941} INFO - Sync 1 DAGs
[2024-10-06T23:00:46.377+0000] {logging_mixin.py:154} INFO - [2024-10-06T23:00:46.377+0000] {dag.py:3722} INFO - Setting next_dagrun for example_trigger_controller_dag to 2021-01-01T00:00:00+00:00, run_after=2021-01-01T00:00:00+00:00
[2024-10-06T23:00:46.386+0000] {processor.py:179} INFO - Processing /home/airflow/.local/lib/python3.8/site-packages/airflow/example_dags/example_trigger_controller_dag.py took 0.040 seconds
[2024-10-06T23:01:16.964+0000] {processor.py:157} INFO - Started process (PID=27587) to work on /home/airflow/.local/lib/python3.8/site-packages/airflow/example_dags/example_trigger_controller_dag.py
[2024-10-06T23:01:16.964+0000] {processor.py:829} INFO - Processing file /home/airflow/.local/lib/python3.8/site-packages/airflow/example_dags/example_trigger_controller_dag.py for tasks to queue
[2024-10-06T23:01:16.965+0000] {logging_mixin.py:154} INFO - [2024-10-06T23:01:16.965+0000] {dagbag.py:536} INFO - Filling up the DagBag from /home/airflow/.local/lib/python3.8/site-packages/airflow/example_dags/example_trigger_controller_dag.py
[2024-10-06T23:01:16.967+0000] {processor.py:839} INFO - DAG(s) dict_keys(['example_trigger_controller_dag']) retrieved from /home/airflow/.local/lib/python3.8/site-packages/airflow/example_dags/example_trigger_controller_dag.py
[2024-10-06T23:01:16.976+0000] {logging_mixin.py:154} INFO - [2024-10-06T23:01:16.976+0000] {dag.py:2941} INFO - Sync 1 DAGs
[2024-10-06T23:01:16.985+0000] {logging_mixin.py:154} INFO - [2024-10-06T23:01:16.985+0000] {dag.py:3722} INFO - Setting next_dagrun for example_trigger_controller_dag to 2021-01-01T00:00:00+00:00, run_after=2021-01-01T00:00:00+00:00
[2024-10-06T23:01:16.991+0000] {processor.py:179} INFO - Processing /home/airflow/.local/lib/python3.8/site-packages/airflow/example_dags/example_trigger_controller_dag.py took 0.029 seconds
[2024-10-06T23:01:47.415+0000] {processor.py:157} INFO - Started process (PID=27641) to work on /home/airflow/.local/lib/python3.8/site-packages/airflow/example_dags/example_trigger_controller_dag.py
[2024-10-06T23:01:47.416+0000] {processor.py:829} INFO - Processing file /home/airflow/.local/lib/python3.8/site-packages/airflow/example_dags/example_trigger_controller_dag.py for tasks to queue
[2024-10-06T23:01:47.417+0000] {logging_mixin.py:154} INFO - [2024-10-06T23:01:47.417+0000] {dagbag.py:536} INFO - Filling up the DagBag from /home/airflow/.local/lib/python3.8/site-packages/airflow/example_dags/example_trigger_controller_dag.py
[2024-10-06T23:01:47.419+0000] {processor.py:839} INFO - DAG(s) dict_keys(['example_trigger_controller_dag']) retrieved from /home/airflow/.local/lib/python3.8/site-packages/airflow/example_dags/example_trigger_controller_dag.py
[2024-10-06T23:01:47.428+0000] {logging_mixin.py:154} INFO - [2024-10-06T23:01:47.428+0000] {dag.py:2941} INFO - Sync 1 DAGs
[2024-10-06T23:01:47.437+0000] {logging_mixin.py:154} INFO - [2024-10-06T23:01:47.437+0000] {dag.py:3722} INFO - Setting next_dagrun for example_trigger_controller_dag to 2021-01-01T00:00:00+00:00, run_after=2021-01-01T00:00:00+00:00
[2024-10-06T23:01:47.443+0000] {processor.py:179} INFO - Processing /home/airflow/.local/lib/python3.8/site-packages/airflow/example_dags/example_trigger_controller_dag.py took 0.029 seconds
[2024-10-06T23:02:17.825+0000] {processor.py:157} INFO - Started process (PID=27695) to work on /home/airflow/.local/lib/python3.8/site-packages/airflow/example_dags/example_trigger_controller_dag.py
[2024-10-06T23:02:17.825+0000] {processor.py:829} INFO - Processing file /home/airflow/.local/lib/python3.8/site-packages/airflow/example_dags/example_trigger_controller_dag.py for tasks to queue
[2024-10-06T23:02:17.826+0000] {logging_mixin.py:154} INFO - [2024-10-06T23:02:17.826+0000] {dagbag.py:536} INFO - Filling up the DagBag from /home/airflow/.local/lib/python3.8/site-packages/airflow/example_dags/example_trigger_controller_dag.py
[2024-10-06T23:02:17.828+0000] {processor.py:839} INFO - DAG(s) dict_keys(['example_trigger_controller_dag']) retrieved from /home/airflow/.local/lib/python3.8/site-packages/airflow/example_dags/example_trigger_controller_dag.py
[2024-10-06T23:02:17.837+0000] {logging_mixin.py:154} INFO - [2024-10-06T23:02:17.837+0000] {dag.py:2941} INFO - Sync 1 DAGs
[2024-10-06T23:02:17.845+0000] {logging_mixin.py:154} INFO - [2024-10-06T23:02:17.845+0000] {dag.py:3722} INFO - Setting next_dagrun for example_trigger_controller_dag to 2021-01-01T00:00:00+00:00, run_after=2021-01-01T00:00:00+00:00
[2024-10-06T23:02:17.852+0000] {processor.py:179} INFO - Processing /home/airflow/.local/lib/python3.8/site-packages/airflow/example_dags/example_trigger_controller_dag.py took 0.029 seconds
[2024-10-06T23:02:48.248+0000] {processor.py:157} INFO - Started process (PID=27749) to work on /home/airflow/.local/lib/python3.8/site-packages/airflow/example_dags/example_trigger_controller_dag.py
[2024-10-06T23:02:48.249+0000] {processor.py:829} INFO - Processing file /home/airflow/.local/lib/python3.8/site-packages/airflow/example_dags/example_trigger_controller_dag.py for tasks to queue
[2024-10-06T23:02:48.250+0000] {logging_mixin.py:154} INFO - [2024-10-06T23:02:48.250+0000] {dagbag.py:536} INFO - Filling up the DagBag from /home/airflow/.local/lib/python3.8/site-packages/airflow/example_dags/example_trigger_controller_dag.py
[2024-10-06T23:02:48.252+0000] {processor.py:839} INFO - DAG(s) dict_keys(['example_trigger_controller_dag']) retrieved from /home/airflow/.local/lib/python3.8/site-packages/airflow/example_dags/example_trigger_controller_dag.py
[2024-10-06T23:02:48.262+0000] {logging_mixin.py:154} INFO - [2024-10-06T23:02:48.262+0000] {dag.py:2941} INFO - Sync 1 DAGs
[2024-10-06T23:02:48.271+0000] {logging_mixin.py:154} INFO - [2024-10-06T23:02:48.271+0000] {dag.py:3722} INFO - Setting next_dagrun for example_trigger_controller_dag to 2021-01-01T00:00:00+00:00, run_after=2021-01-01T00:00:00+00:00
[2024-10-06T23:02:48.279+0000] {processor.py:179} INFO - Processing /home/airflow/.local/lib/python3.8/site-packages/airflow/example_dags/example_trigger_controller_dag.py took 0.032 seconds
[2024-10-06T23:03:18.646+0000] {processor.py:157} INFO - Started process (PID=27803) to work on /home/airflow/.local/lib/python3.8/site-packages/airflow/example_dags/example_trigger_controller_dag.py
[2024-10-06T23:03:18.646+0000] {processor.py:829} INFO - Processing file /home/airflow/.local/lib/python3.8/site-packages/airflow/example_dags/example_trigger_controller_dag.py for tasks to queue
[2024-10-06T23:03:18.647+0000] {logging_mixin.py:154} INFO - [2024-10-06T23:03:18.647+0000] {dagbag.py:536} INFO - Filling up the DagBag from /home/airflow/.local/lib/python3.8/site-packages/airflow/example_dags/example_trigger_controller_dag.py
[2024-10-06T23:03:18.649+0000] {processor.py:839} INFO - DAG(s) dict_keys(['example_trigger_controller_dag']) retrieved from /home/airflow/.local/lib/python3.8/site-packages/airflow/example_dags/example_trigger_controller_dag.py
[2024-10-06T23:03:18.659+0000] {logging_mixin.py:154} INFO - [2024-10-06T23:03:18.658+0000] {dag.py:2941} INFO - Sync 1 DAGs
[2024-10-06T23:03:18.667+0000] {logging_mixin.py:154} INFO - [2024-10-06T23:03:18.667+0000] {dag.py:3722} INFO - Setting next_dagrun for example_trigger_controller_dag to 2021-01-01T00:00:00+00:00, run_after=2021-01-01T00:00:00+00:00
[2024-10-06T23:03:18.675+0000] {processor.py:179} INFO - Processing /home/airflow/.local/lib/python3.8/site-packages/airflow/example_dags/example_trigger_controller_dag.py took 0.031 seconds
[2024-10-06T23:03:49.136+0000] {processor.py:157} INFO - Started process (PID=27857) to work on /home/airflow/.local/lib/python3.8/site-packages/airflow/example_dags/example_trigger_controller_dag.py
[2024-10-06T23:03:49.136+0000] {processor.py:829} INFO - Processing file /home/airflow/.local/lib/python3.8/site-packages/airflow/example_dags/example_trigger_controller_dag.py for tasks to queue
[2024-10-06T23:03:49.137+0000] {logging_mixin.py:154} INFO - [2024-10-06T23:03:49.137+0000] {dagbag.py:536} INFO - Filling up the DagBag from /home/airflow/.local/lib/python3.8/site-packages/airflow/example_dags/example_trigger_controller_dag.py
[2024-10-06T23:03:49.139+0000] {processor.py:839} INFO - DAG(s) dict_keys(['example_trigger_controller_dag']) retrieved from /home/airflow/.local/lib/python3.8/site-packages/airflow/example_dags/example_trigger_controller_dag.py
[2024-10-06T23:03:49.148+0000] {logging_mixin.py:154} INFO - [2024-10-06T23:03:49.148+0000] {dag.py:2941} INFO - Sync 1 DAGs
[2024-10-06T23:03:49.157+0000] {logging_mixin.py:154} INFO - [2024-10-06T23:03:49.157+0000] {dag.py:3722} INFO - Setting next_dagrun for example_trigger_controller_dag to 2021-01-01T00:00:00+00:00, run_after=2021-01-01T00:00:00+00:00
[2024-10-06T23:03:49.163+0000] {processor.py:179} INFO - Processing /home/airflow/.local/lib/python3.8/site-packages/airflow/example_dags/example_trigger_controller_dag.py took 0.029 seconds
[2024-10-06T23:04:19.569+0000] {processor.py:157} INFO - Started process (PID=27911) to work on /home/airflow/.local/lib/python3.8/site-packages/airflow/example_dags/example_trigger_controller_dag.py
[2024-10-06T23:04:19.570+0000] {processor.py:829} INFO - Processing file /home/airflow/.local/lib/python3.8/site-packages/airflow/example_dags/example_trigger_controller_dag.py for tasks to queue
[2024-10-06T23:04:19.571+0000] {logging_mixin.py:154} INFO - [2024-10-06T23:04:19.571+0000] {dagbag.py:536} INFO - Filling up the DagBag from /home/airflow/.local/lib/python3.8/site-packages/airflow/example_dags/example_trigger_controller_dag.py
[2024-10-06T23:04:19.573+0000] {processor.py:839} INFO - DAG(s) dict_keys(['example_trigger_controller_dag']) retrieved from /home/airflow/.local/lib/python3.8/site-packages/airflow/example_dags/example_trigger_controller_dag.py
[2024-10-06T23:04:19.582+0000] {logging_mixin.py:154} INFO - [2024-10-06T23:04:19.582+0000] {dag.py:2941} INFO - Sync 1 DAGs
[2024-10-06T23:04:19.591+0000] {logging_mixin.py:154} INFO - [2024-10-06T23:04:19.591+0000] {dag.py:3722} INFO - Setting next_dagrun for example_trigger_controller_dag to 2021-01-01T00:00:00+00:00, run_after=2021-01-01T00:00:00+00:00
[2024-10-06T23:04:19.598+0000] {processor.py:179} INFO - Processing /home/airflow/.local/lib/python3.8/site-packages/airflow/example_dags/example_trigger_controller_dag.py took 0.030 seconds
[2024-10-06T23:04:50.032+0000] {processor.py:157} INFO - Started process (PID=27965) to work on /home/airflow/.local/lib/python3.8/site-packages/airflow/example_dags/example_trigger_controller_dag.py
[2024-10-06T23:04:50.033+0000] {processor.py:829} INFO - Processing file /home/airflow/.local/lib/python3.8/site-packages/airflow/example_dags/example_trigger_controller_dag.py for tasks to queue
[2024-10-06T23:04:50.034+0000] {logging_mixin.py:154} INFO - [2024-10-06T23:04:50.034+0000] {dagbag.py:536} INFO - Filling up the DagBag from /home/airflow/.local/lib/python3.8/site-packages/airflow/example_dags/example_trigger_controller_dag.py
[2024-10-06T23:04:50.036+0000] {processor.py:839} INFO - DAG(s) dict_keys(['example_trigger_controller_dag']) retrieved from /home/airflow/.local/lib/python3.8/site-packages/airflow/example_dags/example_trigger_controller_dag.py
[2024-10-06T23:04:50.045+0000] {logging_mixin.py:154} INFO - [2024-10-06T23:04:50.045+0000] {dag.py:2941} INFO - Sync 1 DAGs
[2024-10-06T23:04:50.053+0000] {logging_mixin.py:154} INFO - [2024-10-06T23:04:50.053+0000] {dag.py:3722} INFO - Setting next_dagrun for example_trigger_controller_dag to 2021-01-01T00:00:00+00:00, run_after=2021-01-01T00:00:00+00:00
[2024-10-06T23:04:50.060+0000] {processor.py:179} INFO - Processing /home/airflow/.local/lib/python3.8/site-packages/airflow/example_dags/example_trigger_controller_dag.py took 0.029 seconds
[2024-10-06T23:05:20.453+0000] {processor.py:157} INFO - Started process (PID=28019) to work on /home/airflow/.local/lib/python3.8/site-packages/airflow/example_dags/example_trigger_controller_dag.py
[2024-10-06T23:05:20.453+0000] {processor.py:829} INFO - Processing file /home/airflow/.local/lib/python3.8/site-packages/airflow/example_dags/example_trigger_controller_dag.py for tasks to queue
[2024-10-06T23:05:20.454+0000] {logging_mixin.py:154} INFO - [2024-10-06T23:05:20.454+0000] {dagbag.py:536} INFO - Filling up the DagBag from /home/airflow/.local/lib/python3.8/site-packages/airflow/example_dags/example_trigger_controller_dag.py
[2024-10-06T23:05:20.457+0000] {processor.py:839} INFO - DAG(s) dict_keys(['example_trigger_controller_dag']) retrieved from /home/airflow/.local/lib/python3.8/site-packages/airflow/example_dags/example_trigger_controller_dag.py
[2024-10-06T23:05:20.467+0000] {logging_mixin.py:154} INFO - [2024-10-06T23:05:20.466+0000] {dag.py:2941} INFO - Sync 1 DAGs
[2024-10-06T23:05:20.475+0000] {logging_mixin.py:154} INFO - [2024-10-06T23:05:20.475+0000] {dag.py:3722} INFO - Setting next_dagrun for example_trigger_controller_dag to 2021-01-01T00:00:00+00:00, run_after=2021-01-01T00:00:00+00:00
[2024-10-06T23:05:20.481+0000] {processor.py:179} INFO - Processing /home/airflow/.local/lib/python3.8/site-packages/airflow/example_dags/example_trigger_controller_dag.py took 0.030 seconds
[2024-10-06T23:05:50.823+0000] {processor.py:157} INFO - Started process (PID=28073) to work on /home/airflow/.local/lib/python3.8/site-packages/airflow/example_dags/example_trigger_controller_dag.py
[2024-10-06T23:05:50.823+0000] {processor.py:829} INFO - Processing file /home/airflow/.local/lib/python3.8/site-packages/airflow/example_dags/example_trigger_controller_dag.py for tasks to queue
[2024-10-06T23:05:50.824+0000] {logging_mixin.py:154} INFO - [2024-10-06T23:05:50.824+0000] {dagbag.py:536} INFO - Filling up the DagBag from /home/airflow/.local/lib/python3.8/site-packages/airflow/example_dags/example_trigger_controller_dag.py
[2024-10-06T23:05:50.827+0000] {processor.py:839} INFO - DAG(s) dict_keys(['example_trigger_controller_dag']) retrieved from /home/airflow/.local/lib/python3.8/site-packages/airflow/example_dags/example_trigger_controller_dag.py
[2024-10-06T23:05:50.835+0000] {logging_mixin.py:154} INFO - [2024-10-06T23:05:50.835+0000] {dag.py:2941} INFO - Sync 1 DAGs
[2024-10-06T23:05:50.844+0000] {logging_mixin.py:154} INFO - [2024-10-06T23:05:50.844+0000] {dag.py:3722} INFO - Setting next_dagrun for example_trigger_controller_dag to 2021-01-01T00:00:00+00:00, run_after=2021-01-01T00:00:00+00:00
[2024-10-06T23:05:50.850+0000] {processor.py:179} INFO - Processing /home/airflow/.local/lib/python3.8/site-packages/airflow/example_dags/example_trigger_controller_dag.py took 0.029 seconds
[2024-10-06T23:06:21.263+0000] {processor.py:157} INFO - Started process (PID=28127) to work on /home/airflow/.local/lib/python3.8/site-packages/airflow/example_dags/example_trigger_controller_dag.py
[2024-10-06T23:06:21.264+0000] {processor.py:829} INFO - Processing file /home/airflow/.local/lib/python3.8/site-packages/airflow/example_dags/example_trigger_controller_dag.py for tasks to queue
[2024-10-06T23:06:21.265+0000] {logging_mixin.py:154} INFO - [2024-10-06T23:06:21.265+0000] {dagbag.py:536} INFO - Filling up the DagBag from /home/airflow/.local/lib/python3.8/site-packages/airflow/example_dags/example_trigger_controller_dag.py
[2024-10-06T23:06:21.267+0000] {processor.py:839} INFO - DAG(s) dict_keys(['example_trigger_controller_dag']) retrieved from /home/airflow/.local/lib/python3.8/site-packages/airflow/example_dags/example_trigger_controller_dag.py
[2024-10-06T23:06:21.276+0000] {logging_mixin.py:154} INFO - [2024-10-06T23:06:21.276+0000] {dag.py:2941} INFO - Sync 1 DAGs
[2024-10-06T23:06:21.284+0000] {logging_mixin.py:154} INFO - [2024-10-06T23:06:21.284+0000] {dag.py:3722} INFO - Setting next_dagrun for example_trigger_controller_dag to 2021-01-01T00:00:00+00:00, run_after=2021-01-01T00:00:00+00:00
[2024-10-06T23:06:21.291+0000] {processor.py:179} INFO - Processing /home/airflow/.local/lib/python3.8/site-packages/airflow/example_dags/example_trigger_controller_dag.py took 0.029 seconds
[2024-10-06T23:06:51.701+0000] {processor.py:157} INFO - Started process (PID=28181) to work on /home/airflow/.local/lib/python3.8/site-packages/airflow/example_dags/example_trigger_controller_dag.py
[2024-10-06T23:06:51.702+0000] {processor.py:829} INFO - Processing file /home/airflow/.local/lib/python3.8/site-packages/airflow/example_dags/example_trigger_controller_dag.py for tasks to queue
[2024-10-06T23:06:51.703+0000] {logging_mixin.py:154} INFO - [2024-10-06T23:06:51.703+0000] {dagbag.py:536} INFO - Filling up the DagBag from /home/airflow/.local/lib/python3.8/site-packages/airflow/example_dags/example_trigger_controller_dag.py
[2024-10-06T23:06:51.705+0000] {processor.py:839} INFO - DAG(s) dict_keys(['example_trigger_controller_dag']) retrieved from /home/airflow/.local/lib/python3.8/site-packages/airflow/example_dags/example_trigger_controller_dag.py
[2024-10-06T23:06:51.714+0000] {logging_mixin.py:154} INFO - [2024-10-06T23:06:51.713+0000] {dag.py:2941} INFO - Sync 1 DAGs
[2024-10-06T23:06:51.722+0000] {logging_mixin.py:154} INFO - [2024-10-06T23:06:51.722+0000] {dag.py:3722} INFO - Setting next_dagrun for example_trigger_controller_dag to 2021-01-01T00:00:00+00:00, run_after=2021-01-01T00:00:00+00:00
[2024-10-06T23:06:51.728+0000] {processor.py:179} INFO - Processing /home/airflow/.local/lib/python3.8/site-packages/airflow/example_dags/example_trigger_controller_dag.py took 0.028 seconds
[2024-10-06T23:07:22.149+0000] {processor.py:157} INFO - Started process (PID=28235) to work on /home/airflow/.local/lib/python3.8/site-packages/airflow/example_dags/example_trigger_controller_dag.py
[2024-10-06T23:07:22.149+0000] {processor.py:829} INFO - Processing file /home/airflow/.local/lib/python3.8/site-packages/airflow/example_dags/example_trigger_controller_dag.py for tasks to queue
[2024-10-06T23:07:22.150+0000] {logging_mixin.py:154} INFO - [2024-10-06T23:07:22.150+0000] {dagbag.py:536} INFO - Filling up the DagBag from /home/airflow/.local/lib/python3.8/site-packages/airflow/example_dags/example_trigger_controller_dag.py
[2024-10-06T23:07:22.153+0000] {processor.py:839} INFO - DAG(s) dict_keys(['example_trigger_controller_dag']) retrieved from /home/airflow/.local/lib/python3.8/site-packages/airflow/example_dags/example_trigger_controller_dag.py
[2024-10-06T23:07:22.161+0000] {logging_mixin.py:154} INFO - [2024-10-06T23:07:22.161+0000] {dag.py:2941} INFO - Sync 1 DAGs
[2024-10-06T23:07:22.169+0000] {logging_mixin.py:154} INFO - [2024-10-06T23:07:22.169+0000] {dag.py:3722} INFO - Setting next_dagrun for example_trigger_controller_dag to 2021-01-01T00:00:00+00:00, run_after=2021-01-01T00:00:00+00:00
[2024-10-06T23:07:22.175+0000] {processor.py:179} INFO - Processing /home/airflow/.local/lib/python3.8/site-packages/airflow/example_dags/example_trigger_controller_dag.py took 0.027 seconds
[2024-10-06T23:07:52.591+0000] {processor.py:157} INFO - Started process (PID=28289) to work on /home/airflow/.local/lib/python3.8/site-packages/airflow/example_dags/example_trigger_controller_dag.py
[2024-10-06T23:07:52.591+0000] {processor.py:829} INFO - Processing file /home/airflow/.local/lib/python3.8/site-packages/airflow/example_dags/example_trigger_controller_dag.py for tasks to queue
[2024-10-06T23:07:52.593+0000] {logging_mixin.py:154} INFO - [2024-10-06T23:07:52.592+0000] {dagbag.py:536} INFO - Filling up the DagBag from /home/airflow/.local/lib/python3.8/site-packages/airflow/example_dags/example_trigger_controller_dag.py
[2024-10-06T23:07:52.595+0000] {processor.py:839} INFO - DAG(s) dict_keys(['example_trigger_controller_dag']) retrieved from /home/airflow/.local/lib/python3.8/site-packages/airflow/example_dags/example_trigger_controller_dag.py
[2024-10-06T23:07:52.604+0000] {logging_mixin.py:154} INFO - [2024-10-06T23:07:52.604+0000] {dag.py:2941} INFO - Sync 1 DAGs
[2024-10-06T23:07:52.612+0000] {logging_mixin.py:154} INFO - [2024-10-06T23:07:52.612+0000] {dag.py:3722} INFO - Setting next_dagrun for example_trigger_controller_dag to 2021-01-01T00:00:00+00:00, run_after=2021-01-01T00:00:00+00:00
[2024-10-06T23:07:52.618+0000] {processor.py:179} INFO - Processing /home/airflow/.local/lib/python3.8/site-packages/airflow/example_dags/example_trigger_controller_dag.py took 0.029 seconds
[2024-10-06T23:08:22.949+0000] {processor.py:157} INFO - Started process (PID=28343) to work on /home/airflow/.local/lib/python3.8/site-packages/airflow/example_dags/example_trigger_controller_dag.py
[2024-10-06T23:08:22.949+0000] {processor.py:829} INFO - Processing file /home/airflow/.local/lib/python3.8/site-packages/airflow/example_dags/example_trigger_controller_dag.py for tasks to queue
[2024-10-06T23:08:22.950+0000] {logging_mixin.py:154} INFO - [2024-10-06T23:08:22.950+0000] {dagbag.py:536} INFO - Filling up the DagBag from /home/airflow/.local/lib/python3.8/site-packages/airflow/example_dags/example_trigger_controller_dag.py
[2024-10-06T23:08:22.953+0000] {processor.py:839} INFO - DAG(s) dict_keys(['example_trigger_controller_dag']) retrieved from /home/airflow/.local/lib/python3.8/site-packages/airflow/example_dags/example_trigger_controller_dag.py
[2024-10-06T23:08:22.962+0000] {logging_mixin.py:154} INFO - [2024-10-06T23:08:22.961+0000] {dag.py:2941} INFO - Sync 1 DAGs
[2024-10-06T23:08:22.971+0000] {logging_mixin.py:154} INFO - [2024-10-06T23:08:22.971+0000] {dag.py:3722} INFO - Setting next_dagrun for example_trigger_controller_dag to 2021-01-01T00:00:00+00:00, run_after=2021-01-01T00:00:00+00:00
[2024-10-06T23:08:22.978+0000] {processor.py:179} INFO - Processing /home/airflow/.local/lib/python3.8/site-packages/airflow/example_dags/example_trigger_controller_dag.py took 0.032 seconds
[2024-10-06T23:08:53.390+0000] {processor.py:157} INFO - Started process (PID=28404) to work on /home/airflow/.local/lib/python3.8/site-packages/airflow/example_dags/example_trigger_controller_dag.py
[2024-10-06T23:08:53.390+0000] {processor.py:829} INFO - Processing file /home/airflow/.local/lib/python3.8/site-packages/airflow/example_dags/example_trigger_controller_dag.py for tasks to queue
[2024-10-06T23:08:53.391+0000] {logging_mixin.py:154} INFO - [2024-10-06T23:08:53.391+0000] {dagbag.py:536} INFO - Filling up the DagBag from /home/airflow/.local/lib/python3.8/site-packages/airflow/example_dags/example_trigger_controller_dag.py
[2024-10-06T23:08:53.393+0000] {processor.py:839} INFO - DAG(s) dict_keys(['example_trigger_controller_dag']) retrieved from /home/airflow/.local/lib/python3.8/site-packages/airflow/example_dags/example_trigger_controller_dag.py
[2024-10-06T23:08:53.403+0000] {logging_mixin.py:154} INFO - [2024-10-06T23:08:53.402+0000] {dag.py:2941} INFO - Sync 1 DAGs
[2024-10-06T23:08:53.411+0000] {logging_mixin.py:154} INFO - [2024-10-06T23:08:53.411+0000] {dag.py:3722} INFO - Setting next_dagrun for example_trigger_controller_dag to 2021-01-01T00:00:00+00:00, run_after=2021-01-01T00:00:00+00:00
[2024-10-06T23:08:53.417+0000] {processor.py:179} INFO - Processing /home/airflow/.local/lib/python3.8/site-packages/airflow/example_dags/example_trigger_controller_dag.py took 0.029 seconds
[2024-10-06T23:09:23.774+0000] {processor.py:157} INFO - Started process (PID=28458) to work on /home/airflow/.local/lib/python3.8/site-packages/airflow/example_dags/example_trigger_controller_dag.py
[2024-10-06T23:09:23.774+0000] {processor.py:829} INFO - Processing file /home/airflow/.local/lib/python3.8/site-packages/airflow/example_dags/example_trigger_controller_dag.py for tasks to queue
[2024-10-06T23:09:23.775+0000] {logging_mixin.py:154} INFO - [2024-10-06T23:09:23.775+0000] {dagbag.py:536} INFO - Filling up the DagBag from /home/airflow/.local/lib/python3.8/site-packages/airflow/example_dags/example_trigger_controller_dag.py
[2024-10-06T23:09:23.777+0000] {processor.py:839} INFO - DAG(s) dict_keys(['example_trigger_controller_dag']) retrieved from /home/airflow/.local/lib/python3.8/site-packages/airflow/example_dags/example_trigger_controller_dag.py
[2024-10-06T23:09:23.786+0000] {logging_mixin.py:154} INFO - [2024-10-06T23:09:23.786+0000] {dag.py:2941} INFO - Sync 1 DAGs
[2024-10-06T23:09:23.794+0000] {logging_mixin.py:154} INFO - [2024-10-06T23:09:23.794+0000] {dag.py:3722} INFO - Setting next_dagrun for example_trigger_controller_dag to 2021-01-01T00:00:00+00:00, run_after=2021-01-01T00:00:00+00:00
[2024-10-06T23:09:23.800+0000] {processor.py:179} INFO - Processing /home/airflow/.local/lib/python3.8/site-packages/airflow/example_dags/example_trigger_controller_dag.py took 0.028 seconds
[2024-10-06T23:09:54.313+0000] {processor.py:157} INFO - Started process (PID=28512) to work on /home/airflow/.local/lib/python3.8/site-packages/airflow/example_dags/example_trigger_controller_dag.py
[2024-10-06T23:09:54.313+0000] {processor.py:829} INFO - Processing file /home/airflow/.local/lib/python3.8/site-packages/airflow/example_dags/example_trigger_controller_dag.py for tasks to queue
[2024-10-06T23:09:54.314+0000] {logging_mixin.py:154} INFO - [2024-10-06T23:09:54.314+0000] {dagbag.py:536} INFO - Filling up the DagBag from /home/airflow/.local/lib/python3.8/site-packages/airflow/example_dags/example_trigger_controller_dag.py
[2024-10-06T23:09:54.317+0000] {processor.py:839} INFO - DAG(s) dict_keys(['example_trigger_controller_dag']) retrieved from /home/airflow/.local/lib/python3.8/site-packages/airflow/example_dags/example_trigger_controller_dag.py
[2024-10-06T23:09:54.326+0000] {logging_mixin.py:154} INFO - [2024-10-06T23:09:54.326+0000] {dag.py:2941} INFO - Sync 1 DAGs
[2024-10-06T23:09:54.335+0000] {logging_mixin.py:154} INFO - [2024-10-06T23:09:54.335+0000] {dag.py:3722} INFO - Setting next_dagrun for example_trigger_controller_dag to 2021-01-01T00:00:00+00:00, run_after=2021-01-01T00:00:00+00:00
[2024-10-06T23:09:54.341+0000] {processor.py:179} INFO - Processing /home/airflow/.local/lib/python3.8/site-packages/airflow/example_dags/example_trigger_controller_dag.py took 0.030 seconds
[2024-10-06T23:10:24.742+0000] {processor.py:157} INFO - Started process (PID=28566) to work on /home/airflow/.local/lib/python3.8/site-packages/airflow/example_dags/example_trigger_controller_dag.py
[2024-10-06T23:10:24.742+0000] {processor.py:829} INFO - Processing file /home/airflow/.local/lib/python3.8/site-packages/airflow/example_dags/example_trigger_controller_dag.py for tasks to queue
[2024-10-06T23:10:24.743+0000] {logging_mixin.py:154} INFO - [2024-10-06T23:10:24.743+0000] {dagbag.py:536} INFO - Filling up the DagBag from /home/airflow/.local/lib/python3.8/site-packages/airflow/example_dags/example_trigger_controller_dag.py
[2024-10-06T23:10:24.746+0000] {processor.py:839} INFO - DAG(s) dict_keys(['example_trigger_controller_dag']) retrieved from /home/airflow/.local/lib/python3.8/site-packages/airflow/example_dags/example_trigger_controller_dag.py
[2024-10-06T23:10:24.755+0000] {logging_mixin.py:154} INFO - [2024-10-06T23:10:24.755+0000] {dag.py:2941} INFO - Sync 1 DAGs
[2024-10-06T23:10:24.763+0000] {logging_mixin.py:154} INFO - [2024-10-06T23:10:24.763+0000] {dag.py:3722} INFO - Setting next_dagrun for example_trigger_controller_dag to 2021-01-01T00:00:00+00:00, run_after=2021-01-01T00:00:00+00:00
[2024-10-06T23:10:24.770+0000] {processor.py:179} INFO - Processing /home/airflow/.local/lib/python3.8/site-packages/airflow/example_dags/example_trigger_controller_dag.py took 0.030 seconds
[2024-10-06T23:10:55.146+0000] {processor.py:157} INFO - Started process (PID=28620) to work on /home/airflow/.local/lib/python3.8/site-packages/airflow/example_dags/example_trigger_controller_dag.py
[2024-10-06T23:10:55.147+0000] {processor.py:829} INFO - Processing file /home/airflow/.local/lib/python3.8/site-packages/airflow/example_dags/example_trigger_controller_dag.py for tasks to queue
[2024-10-06T23:10:55.148+0000] {logging_mixin.py:154} INFO - [2024-10-06T23:10:55.148+0000] {dagbag.py:536} INFO - Filling up the DagBag from /home/airflow/.local/lib/python3.8/site-packages/airflow/example_dags/example_trigger_controller_dag.py
[2024-10-06T23:10:55.150+0000] {processor.py:839} INFO - DAG(s) dict_keys(['example_trigger_controller_dag']) retrieved from /home/airflow/.local/lib/python3.8/site-packages/airflow/example_dags/example_trigger_controller_dag.py
[2024-10-06T23:10:55.160+0000] {logging_mixin.py:154} INFO - [2024-10-06T23:10:55.160+0000] {dag.py:2941} INFO - Sync 1 DAGs
[2024-10-06T23:10:55.168+0000] {logging_mixin.py:154} INFO - [2024-10-06T23:10:55.168+0000] {dag.py:3722} INFO - Setting next_dagrun for example_trigger_controller_dag to 2021-01-01T00:00:00+00:00, run_after=2021-01-01T00:00:00+00:00
[2024-10-06T23:10:55.175+0000] {processor.py:179} INFO - Processing /home/airflow/.local/lib/python3.8/site-packages/airflow/example_dags/example_trigger_controller_dag.py took 0.030 seconds
[2024-10-06T23:11:25.547+0000] {processor.py:157} INFO - Started process (PID=28674) to work on /home/airflow/.local/lib/python3.8/site-packages/airflow/example_dags/example_trigger_controller_dag.py
[2024-10-06T23:11:25.548+0000] {processor.py:829} INFO - Processing file /home/airflow/.local/lib/python3.8/site-packages/airflow/example_dags/example_trigger_controller_dag.py for tasks to queue
[2024-10-06T23:11:25.549+0000] {logging_mixin.py:154} INFO - [2024-10-06T23:11:25.549+0000] {dagbag.py:536} INFO - Filling up the DagBag from /home/airflow/.local/lib/python3.8/site-packages/airflow/example_dags/example_trigger_controller_dag.py
[2024-10-06T23:11:25.551+0000] {processor.py:839} INFO - DAG(s) dict_keys(['example_trigger_controller_dag']) retrieved from /home/airflow/.local/lib/python3.8/site-packages/airflow/example_dags/example_trigger_controller_dag.py
[2024-10-06T23:11:25.561+0000] {logging_mixin.py:154} INFO - [2024-10-06T23:11:25.561+0000] {dag.py:2941} INFO - Sync 1 DAGs
[2024-10-06T23:11:25.571+0000] {logging_mixin.py:154} INFO - [2024-10-06T23:11:25.571+0000] {dag.py:3722} INFO - Setting next_dagrun for example_trigger_controller_dag to 2021-01-01T00:00:00+00:00, run_after=2021-01-01T00:00:00+00:00
[2024-10-06T23:11:25.578+0000] {processor.py:179} INFO - Processing /home/airflow/.local/lib/python3.8/site-packages/airflow/example_dags/example_trigger_controller_dag.py took 0.032 seconds
[2024-10-06T23:11:56.039+0000] {processor.py:157} INFO - Started process (PID=28728) to work on /home/airflow/.local/lib/python3.8/site-packages/airflow/example_dags/example_trigger_controller_dag.py
[2024-10-06T23:11:56.040+0000] {processor.py:829} INFO - Processing file /home/airflow/.local/lib/python3.8/site-packages/airflow/example_dags/example_trigger_controller_dag.py for tasks to queue
[2024-10-06T23:11:56.041+0000] {logging_mixin.py:154} INFO - [2024-10-06T23:11:56.041+0000] {dagbag.py:536} INFO - Filling up the DagBag from /home/airflow/.local/lib/python3.8/site-packages/airflow/example_dags/example_trigger_controller_dag.py
[2024-10-06T23:11:56.044+0000] {processor.py:839} INFO - DAG(s) dict_keys(['example_trigger_controller_dag']) retrieved from /home/airflow/.local/lib/python3.8/site-packages/airflow/example_dags/example_trigger_controller_dag.py
[2024-10-06T23:11:56.054+0000] {logging_mixin.py:154} INFO - [2024-10-06T23:11:56.054+0000] {dag.py:2941} INFO - Sync 1 DAGs
[2024-10-06T23:11:56.064+0000] {logging_mixin.py:154} INFO - [2024-10-06T23:11:56.064+0000] {dag.py:3722} INFO - Setting next_dagrun for example_trigger_controller_dag to 2021-01-01T00:00:00+00:00, run_after=2021-01-01T00:00:00+00:00
[2024-10-06T23:11:56.071+0000] {processor.py:179} INFO - Processing /home/airflow/.local/lib/python3.8/site-packages/airflow/example_dags/example_trigger_controller_dag.py took 0.034 seconds
[2024-10-06T23:12:26.481+0000] {processor.py:157} INFO - Started process (PID=28782) to work on /home/airflow/.local/lib/python3.8/site-packages/airflow/example_dags/example_trigger_controller_dag.py
[2024-10-06T23:12:26.481+0000] {processor.py:829} INFO - Processing file /home/airflow/.local/lib/python3.8/site-packages/airflow/example_dags/example_trigger_controller_dag.py for tasks to queue
[2024-10-06T23:12:26.482+0000] {logging_mixin.py:154} INFO - [2024-10-06T23:12:26.482+0000] {dagbag.py:536} INFO - Filling up the DagBag from /home/airflow/.local/lib/python3.8/site-packages/airflow/example_dags/example_trigger_controller_dag.py
[2024-10-06T23:12:26.485+0000] {processor.py:839} INFO - DAG(s) dict_keys(['example_trigger_controller_dag']) retrieved from /home/airflow/.local/lib/python3.8/site-packages/airflow/example_dags/example_trigger_controller_dag.py
[2024-10-06T23:12:26.494+0000] {logging_mixin.py:154} INFO - [2024-10-06T23:12:26.493+0000] {dag.py:2941} INFO - Sync 1 DAGs
[2024-10-06T23:12:26.502+0000] {logging_mixin.py:154} INFO - [2024-10-06T23:12:26.502+0000] {dag.py:3722} INFO - Setting next_dagrun for example_trigger_controller_dag to 2021-01-01T00:00:00+00:00, run_after=2021-01-01T00:00:00+00:00
[2024-10-06T23:12:26.509+0000] {processor.py:179} INFO - Processing /home/airflow/.local/lib/python3.8/site-packages/airflow/example_dags/example_trigger_controller_dag.py took 0.030 seconds
[2024-10-06T23:12:56.977+0000] {processor.py:157} INFO - Started process (PID=28836) to work on /home/airflow/.local/lib/python3.8/site-packages/airflow/example_dags/example_trigger_controller_dag.py
[2024-10-06T23:12:56.978+0000] {processor.py:829} INFO - Processing file /home/airflow/.local/lib/python3.8/site-packages/airflow/example_dags/example_trigger_controller_dag.py for tasks to queue
[2024-10-06T23:12:56.979+0000] {logging_mixin.py:154} INFO - [2024-10-06T23:12:56.979+0000] {dagbag.py:536} INFO - Filling up the DagBag from /home/airflow/.local/lib/python3.8/site-packages/airflow/example_dags/example_trigger_controller_dag.py
[2024-10-06T23:12:56.981+0000] {processor.py:839} INFO - DAG(s) dict_keys(['example_trigger_controller_dag']) retrieved from /home/airflow/.local/lib/python3.8/site-packages/airflow/example_dags/example_trigger_controller_dag.py
[2024-10-06T23:12:56.990+0000] {logging_mixin.py:154} INFO - [2024-10-06T23:12:56.990+0000] {dag.py:2941} INFO - Sync 1 DAGs
[2024-10-06T23:12:56.999+0000] {logging_mixin.py:154} INFO - [2024-10-06T23:12:56.999+0000] {dag.py:3722} INFO - Setting next_dagrun for example_trigger_controller_dag to 2021-01-01T00:00:00+00:00, run_after=2021-01-01T00:00:00+00:00
[2024-10-06T23:12:57.005+0000] {processor.py:179} INFO - Processing /home/airflow/.local/lib/python3.8/site-packages/airflow/example_dags/example_trigger_controller_dag.py took 0.029 seconds
[2024-10-06T23:13:27.403+0000] {processor.py:157} INFO - Started process (PID=28890) to work on /home/airflow/.local/lib/python3.8/site-packages/airflow/example_dags/example_trigger_controller_dag.py
[2024-10-06T23:13:27.403+0000] {processor.py:829} INFO - Processing file /home/airflow/.local/lib/python3.8/site-packages/airflow/example_dags/example_trigger_controller_dag.py for tasks to queue
[2024-10-06T23:13:27.404+0000] {logging_mixin.py:154} INFO - [2024-10-06T23:13:27.404+0000] {dagbag.py:536} INFO - Filling up the DagBag from /home/airflow/.local/lib/python3.8/site-packages/airflow/example_dags/example_trigger_controller_dag.py
[2024-10-06T23:13:27.406+0000] {processor.py:839} INFO - DAG(s) dict_keys(['example_trigger_controller_dag']) retrieved from /home/airflow/.local/lib/python3.8/site-packages/airflow/example_dags/example_trigger_controller_dag.py
[2024-10-06T23:13:27.416+0000] {logging_mixin.py:154} INFO - [2024-10-06T23:13:27.415+0000] {dag.py:2941} INFO - Sync 1 DAGs
[2024-10-06T23:13:27.424+0000] {logging_mixin.py:154} INFO - [2024-10-06T23:13:27.424+0000] {dag.py:3722} INFO - Setting next_dagrun for example_trigger_controller_dag to 2021-01-01T00:00:00+00:00, run_after=2021-01-01T00:00:00+00:00
[2024-10-06T23:13:27.430+0000] {processor.py:179} INFO - Processing /home/airflow/.local/lib/python3.8/site-packages/airflow/example_dags/example_trigger_controller_dag.py took 0.029 seconds
[2024-10-06T23:13:57.890+0000] {processor.py:157} INFO - Started process (PID=28944) to work on /home/airflow/.local/lib/python3.8/site-packages/airflow/example_dags/example_trigger_controller_dag.py
[2024-10-06T23:13:57.891+0000] {processor.py:829} INFO - Processing file /home/airflow/.local/lib/python3.8/site-packages/airflow/example_dags/example_trigger_controller_dag.py for tasks to queue
[2024-10-06T23:13:57.892+0000] {logging_mixin.py:154} INFO - [2024-10-06T23:13:57.892+0000] {dagbag.py:536} INFO - Filling up the DagBag from /home/airflow/.local/lib/python3.8/site-packages/airflow/example_dags/example_trigger_controller_dag.py
[2024-10-06T23:13:57.895+0000] {processor.py:839} INFO - DAG(s) dict_keys(['example_trigger_controller_dag']) retrieved from /home/airflow/.local/lib/python3.8/site-packages/airflow/example_dags/example_trigger_controller_dag.py
[2024-10-06T23:13:57.904+0000] {logging_mixin.py:154} INFO - [2024-10-06T23:13:57.904+0000] {dag.py:2941} INFO - Sync 1 DAGs
[2024-10-06T23:13:57.914+0000] {logging_mixin.py:154} INFO - [2024-10-06T23:13:57.913+0000] {dag.py:3722} INFO - Setting next_dagrun for example_trigger_controller_dag to 2021-01-01T00:00:00+00:00, run_after=2021-01-01T00:00:00+00:00
[2024-10-06T23:13:57.920+0000] {processor.py:179} INFO - Processing /home/airflow/.local/lib/python3.8/site-packages/airflow/example_dags/example_trigger_controller_dag.py took 0.031 seconds
[2024-10-06T23:14:28.347+0000] {processor.py:157} INFO - Started process (PID=28998) to work on /home/airflow/.local/lib/python3.8/site-packages/airflow/example_dags/example_trigger_controller_dag.py
[2024-10-06T23:14:28.347+0000] {processor.py:829} INFO - Processing file /home/airflow/.local/lib/python3.8/site-packages/airflow/example_dags/example_trigger_controller_dag.py for tasks to queue
[2024-10-06T23:14:28.348+0000] {logging_mixin.py:154} INFO - [2024-10-06T23:14:28.348+0000] {dagbag.py:536} INFO - Filling up the DagBag from /home/airflow/.local/lib/python3.8/site-packages/airflow/example_dags/example_trigger_controller_dag.py
[2024-10-06T23:14:28.351+0000] {processor.py:839} INFO - DAG(s) dict_keys(['example_trigger_controller_dag']) retrieved from /home/airflow/.local/lib/python3.8/site-packages/airflow/example_dags/example_trigger_controller_dag.py
[2024-10-06T23:14:28.360+0000] {logging_mixin.py:154} INFO - [2024-10-06T23:14:28.360+0000] {dag.py:2941} INFO - Sync 1 DAGs
[2024-10-06T23:14:28.369+0000] {logging_mixin.py:154} INFO - [2024-10-06T23:14:28.368+0000] {dag.py:3722} INFO - Setting next_dagrun for example_trigger_controller_dag to 2021-01-01T00:00:00+00:00, run_after=2021-01-01T00:00:00+00:00
[2024-10-06T23:14:28.375+0000] {processor.py:179} INFO - Processing /home/airflow/.local/lib/python3.8/site-packages/airflow/example_dags/example_trigger_controller_dag.py took 0.029 seconds
[2024-10-06T23:14:58.838+0000] {processor.py:157} INFO - Started process (PID=29052) to work on /home/airflow/.local/lib/python3.8/site-packages/airflow/example_dags/example_trigger_controller_dag.py
[2024-10-06T23:14:58.838+0000] {processor.py:829} INFO - Processing file /home/airflow/.local/lib/python3.8/site-packages/airflow/example_dags/example_trigger_controller_dag.py for tasks to queue
[2024-10-06T23:14:58.839+0000] {logging_mixin.py:154} INFO - [2024-10-06T23:14:58.839+0000] {dagbag.py:536} INFO - Filling up the DagBag from /home/airflow/.local/lib/python3.8/site-packages/airflow/example_dags/example_trigger_controller_dag.py
[2024-10-06T23:14:58.842+0000] {processor.py:839} INFO - DAG(s) dict_keys(['example_trigger_controller_dag']) retrieved from /home/airflow/.local/lib/python3.8/site-packages/airflow/example_dags/example_trigger_controller_dag.py
[2024-10-06T23:14:58.852+0000] {logging_mixin.py:154} INFO - [2024-10-06T23:14:58.851+0000] {dag.py:2941} INFO - Sync 1 DAGs
[2024-10-06T23:14:58.860+0000] {logging_mixin.py:154} INFO - [2024-10-06T23:14:58.860+0000] {dag.py:3722} INFO - Setting next_dagrun for example_trigger_controller_dag to 2021-01-01T00:00:00+00:00, run_after=2021-01-01T00:00:00+00:00
[2024-10-06T23:14:58.866+0000] {processor.py:179} INFO - Processing /home/airflow/.local/lib/python3.8/site-packages/airflow/example_dags/example_trigger_controller_dag.py took 0.030 seconds
[2024-10-06T23:15:29.233+0000] {processor.py:157} INFO - Started process (PID=29106) to work on /home/airflow/.local/lib/python3.8/site-packages/airflow/example_dags/example_trigger_controller_dag.py
[2024-10-06T23:15:29.233+0000] {processor.py:829} INFO - Processing file /home/airflow/.local/lib/python3.8/site-packages/airflow/example_dags/example_trigger_controller_dag.py for tasks to queue
[2024-10-06T23:15:29.234+0000] {logging_mixin.py:154} INFO - [2024-10-06T23:15:29.234+0000] {dagbag.py:536} INFO - Filling up the DagBag from /home/airflow/.local/lib/python3.8/site-packages/airflow/example_dags/example_trigger_controller_dag.py
[2024-10-06T23:15:29.237+0000] {processor.py:839} INFO - DAG(s) dict_keys(['example_trigger_controller_dag']) retrieved from /home/airflow/.local/lib/python3.8/site-packages/airflow/example_dags/example_trigger_controller_dag.py
[2024-10-06T23:15:29.245+0000] {logging_mixin.py:154} INFO - [2024-10-06T23:15:29.245+0000] {dag.py:2941} INFO - Sync 1 DAGs
[2024-10-06T23:15:29.253+0000] {logging_mixin.py:154} INFO - [2024-10-06T23:15:29.253+0000] {dag.py:3722} INFO - Setting next_dagrun for example_trigger_controller_dag to 2021-01-01T00:00:00+00:00, run_after=2021-01-01T00:00:00+00:00
[2024-10-06T23:15:29.259+0000] {processor.py:179} INFO - Processing /home/airflow/.local/lib/python3.8/site-packages/airflow/example_dags/example_trigger_controller_dag.py took 0.028 seconds
[2024-10-06T23:54:56.946+0000] {processor.py:157} INFO - Started process (PID=29153) to work on /home/airflow/.local/lib/python3.8/site-packages/airflow/example_dags/example_trigger_controller_dag.py
[2024-10-06T23:54:56.946+0000] {processor.py:829} INFO - Processing file /home/airflow/.local/lib/python3.8/site-packages/airflow/example_dags/example_trigger_controller_dag.py for tasks to queue
[2024-10-06T23:54:56.947+0000] {logging_mixin.py:154} INFO - [2024-10-06T23:54:56.947+0000] {dagbag.py:536} INFO - Filling up the DagBag from /home/airflow/.local/lib/python3.8/site-packages/airflow/example_dags/example_trigger_controller_dag.py
[2024-10-06T23:54:56.949+0000] {processor.py:839} INFO - DAG(s) dict_keys(['example_trigger_controller_dag']) retrieved from /home/airflow/.local/lib/python3.8/site-packages/airflow/example_dags/example_trigger_controller_dag.py
[2024-10-06T23:54:56.959+0000] {logging_mixin.py:154} INFO - [2024-10-06T23:54:56.959+0000] {dag.py:2941} INFO - Sync 1 DAGs
[2024-10-06T23:54:56.967+0000] {logging_mixin.py:154} INFO - [2024-10-06T23:54:56.967+0000] {dag.py:3722} INFO - Setting next_dagrun for example_trigger_controller_dag to 2021-01-01T00:00:00+00:00, run_after=2021-01-01T00:00:00+00:00
[2024-10-06T23:54:56.974+0000] {processor.py:179} INFO - Processing /home/airflow/.local/lib/python3.8/site-packages/airflow/example_dags/example_trigger_controller_dag.py took 0.030 seconds
