[2024-10-06T00:48:02.120+0000] {processor.py:157} INFO - Started process (PID=25813) to work on /home/airflow/.local/lib/python3.8/site-packages/airflow/example_dags/example_xcom.py
[2024-10-06T00:48:02.121+0000] {processor.py:829} INFO - Processing file /home/airflow/.local/lib/python3.8/site-packages/airflow/example_dags/example_xcom.py for tasks to queue
[2024-10-06T00:48:02.122+0000] {logging_mixin.py:154} INFO - [2024-10-06T00:48:02.122+0000] {dagbag.py:536} INFO - Filling up the DagBag from /home/airflow/.local/lib/python3.8/site-packages/airflow/example_dags/example_xcom.py
[2024-10-06T00:48:02.126+0000] {processor.py:839} INFO - DAG(s) dict_keys(['example_xcom']) retrieved from /home/airflow/.local/lib/python3.8/site-packages/airflow/example_dags/example_xcom.py
[2024-10-06T00:48:02.135+0000] {logging_mixin.py:154} INFO - [2024-10-06T00:48:02.135+0000] {dag.py:2941} INFO - Sync 1 DAGs
[2024-10-06T00:48:02.143+0000] {logging_mixin.py:154} INFO - [2024-10-06T00:48:02.142+0000] {dag.py:3722} INFO - Setting next_dagrun for example_xcom to 2021-01-01T00:00:00+00:00, run_after=2021-01-01T00:00:00+00:00
[2024-10-06T00:48:02.149+0000] {processor.py:179} INFO - Processing /home/airflow/.local/lib/python3.8/site-packages/airflow/example_dags/example_xcom.py took 0.030 seconds
[2024-10-06T00:59:19.267+0000] {processor.py:157} INFO - Started process (PID=25867) to work on /home/airflow/.local/lib/python3.8/site-packages/airflow/example_dags/example_xcom.py
[2024-10-06T00:59:19.267+0000] {processor.py:829} INFO - Processing file /home/airflow/.local/lib/python3.8/site-packages/airflow/example_dags/example_xcom.py for tasks to queue
[2024-10-06T00:59:19.269+0000] {logging_mixin.py:154} INFO - [2024-10-06T00:59:19.268+0000] {dagbag.py:536} INFO - Filling up the DagBag from /home/airflow/.local/lib/python3.8/site-packages/airflow/example_dags/example_xcom.py
[2024-10-06T00:59:19.273+0000] {processor.py:839} INFO - DAG(s) dict_keys(['example_xcom']) retrieved from /home/airflow/.local/lib/python3.8/site-packages/airflow/example_dags/example_xcom.py
[2024-10-06T00:59:19.286+0000] {logging_mixin.py:154} INFO - [2024-10-06T00:59:19.285+0000] {dag.py:2941} INFO - Sync 1 DAGs
[2024-10-06T00:59:19.298+0000] {logging_mixin.py:154} INFO - [2024-10-06T00:59:19.298+0000] {dag.py:3722} INFO - Setting next_dagrun for example_xcom to 2021-01-01T00:00:00+00:00, run_after=2021-01-01T00:00:00+00:00
[2024-10-06T00:59:19.308+0000] {processor.py:179} INFO - Processing /home/airflow/.local/lib/python3.8/site-packages/airflow/example_dags/example_xcom.py took 0.043 seconds
[2024-10-06T02:12:20.331+0000] {processor.py:157} INFO - Started process (PID=25921) to work on /home/airflow/.local/lib/python3.8/site-packages/airflow/example_dags/example_xcom.py
[2024-10-06T02:12:20.332+0000] {processor.py:829} INFO - Processing file /home/airflow/.local/lib/python3.8/site-packages/airflow/example_dags/example_xcom.py for tasks to queue
[2024-10-06T02:12:20.333+0000] {logging_mixin.py:154} INFO - [2024-10-06T02:12:20.333+0000] {dagbag.py:536} INFO - Filling up the DagBag from /home/airflow/.local/lib/python3.8/site-packages/airflow/example_dags/example_xcom.py
[2024-10-06T02:12:20.338+0000] {processor.py:839} INFO - DAG(s) dict_keys(['example_xcom']) retrieved from /home/airflow/.local/lib/python3.8/site-packages/airflow/example_dags/example_xcom.py
[2024-10-06T02:12:20.351+0000] {logging_mixin.py:154} INFO - [2024-10-06T02:12:20.350+0000] {dag.py:2941} INFO - Sync 1 DAGs
[2024-10-06T02:12:20.362+0000] {logging_mixin.py:154} INFO - [2024-10-06T02:12:20.362+0000] {dag.py:3722} INFO - Setting next_dagrun for example_xcom to 2021-01-01T00:00:00+00:00, run_after=2021-01-01T00:00:00+00:00
[2024-10-06T02:12:20.370+0000] {processor.py:179} INFO - Processing /home/airflow/.local/lib/python3.8/site-packages/airflow/example_dags/example_xcom.py took 0.041 seconds
[2024-10-06T02:48:47.458+0000] {processor.py:157} INFO - Started process (PID=25975) to work on /home/airflow/.local/lib/python3.8/site-packages/airflow/example_dags/example_xcom.py
[2024-10-06T02:48:47.459+0000] {processor.py:829} INFO - Processing file /home/airflow/.local/lib/python3.8/site-packages/airflow/example_dags/example_xcom.py for tasks to queue
[2024-10-06T02:48:47.460+0000] {logging_mixin.py:154} INFO - [2024-10-06T02:48:47.460+0000] {dagbag.py:536} INFO - Filling up the DagBag from /home/airflow/.local/lib/python3.8/site-packages/airflow/example_dags/example_xcom.py
[2024-10-06T02:48:47.464+0000] {processor.py:839} INFO - DAG(s) dict_keys(['example_xcom']) retrieved from /home/airflow/.local/lib/python3.8/site-packages/airflow/example_dags/example_xcom.py
[2024-10-06T02:48:47.473+0000] {logging_mixin.py:154} INFO - [2024-10-06T02:48:47.473+0000] {dag.py:2941} INFO - Sync 1 DAGs
[2024-10-06T02:48:47.481+0000] {logging_mixin.py:154} INFO - [2024-10-06T02:48:47.481+0000] {dag.py:3722} INFO - Setting next_dagrun for example_xcom to 2021-01-01T00:00:00+00:00, run_after=2021-01-01T00:00:00+00:00
[2024-10-06T02:48:47.488+0000] {processor.py:179} INFO - Processing /home/airflow/.local/lib/python3.8/site-packages/airflow/example_dags/example_xcom.py took 0.031 seconds
[2024-10-06T03:19:23.104+0000] {processor.py:157} INFO - Started process (PID=26029) to work on /home/airflow/.local/lib/python3.8/site-packages/airflow/example_dags/example_xcom.py
[2024-10-06T03:19:23.104+0000] {processor.py:829} INFO - Processing file /home/airflow/.local/lib/python3.8/site-packages/airflow/example_dags/example_xcom.py for tasks to queue
[2024-10-06T03:19:23.105+0000] {logging_mixin.py:154} INFO - [2024-10-06T03:19:23.105+0000] {dagbag.py:536} INFO - Filling up the DagBag from /home/airflow/.local/lib/python3.8/site-packages/airflow/example_dags/example_xcom.py
[2024-10-06T03:19:23.109+0000] {processor.py:839} INFO - DAG(s) dict_keys(['example_xcom']) retrieved from /home/airflow/.local/lib/python3.8/site-packages/airflow/example_dags/example_xcom.py
[2024-10-06T03:19:23.118+0000] {logging_mixin.py:154} INFO - [2024-10-06T03:19:23.118+0000] {dag.py:2941} INFO - Sync 1 DAGs
[2024-10-06T03:19:23.126+0000] {logging_mixin.py:154} INFO - [2024-10-06T03:19:23.126+0000] {dag.py:3722} INFO - Setting next_dagrun for example_xcom to 2021-01-01T00:00:00+00:00, run_after=2021-01-01T00:00:00+00:00
[2024-10-06T03:19:23.133+0000] {processor.py:179} INFO - Processing /home/airflow/.local/lib/python3.8/site-packages/airflow/example_dags/example_xcom.py took 0.031 seconds
[2024-10-06T04:34:56.676+0000] {processor.py:157} INFO - Started process (PID=26083) to work on /home/airflow/.local/lib/python3.8/site-packages/airflow/example_dags/example_xcom.py
[2024-10-06T04:34:56.676+0000] {processor.py:829} INFO - Processing file /home/airflow/.local/lib/python3.8/site-packages/airflow/example_dags/example_xcom.py for tasks to queue
[2024-10-06T04:34:56.677+0000] {logging_mixin.py:154} INFO - [2024-10-06T04:34:56.677+0000] {dagbag.py:536} INFO - Filling up the DagBag from /home/airflow/.local/lib/python3.8/site-packages/airflow/example_dags/example_xcom.py
[2024-10-06T04:34:56.681+0000] {processor.py:839} INFO - DAG(s) dict_keys(['example_xcom']) retrieved from /home/airflow/.local/lib/python3.8/site-packages/airflow/example_dags/example_xcom.py
[2024-10-06T04:34:56.689+0000] {logging_mixin.py:154} INFO - [2024-10-06T04:34:56.689+0000] {dag.py:2941} INFO - Sync 1 DAGs
[2024-10-06T04:34:56.698+0000] {logging_mixin.py:154} INFO - [2024-10-06T04:34:56.698+0000] {dag.py:3722} INFO - Setting next_dagrun for example_xcom to 2021-01-01T00:00:00+00:00, run_after=2021-01-01T00:00:00+00:00
[2024-10-06T04:34:56.704+0000] {processor.py:179} INFO - Processing /home/airflow/.local/lib/python3.8/site-packages/airflow/example_dags/example_xcom.py took 0.029 seconds
[2024-10-06T05:54:01.504+0000] {processor.py:157} INFO - Started process (PID=26137) to work on /home/airflow/.local/lib/python3.8/site-packages/airflow/example_dags/example_xcom.py
[2024-10-06T05:54:01.505+0000] {processor.py:829} INFO - Processing file /home/airflow/.local/lib/python3.8/site-packages/airflow/example_dags/example_xcom.py for tasks to queue
[2024-10-06T05:54:01.506+0000] {logging_mixin.py:154} INFO - [2024-10-06T05:54:01.506+0000] {dagbag.py:536} INFO - Filling up the DagBag from /home/airflow/.local/lib/python3.8/site-packages/airflow/example_dags/example_xcom.py
[2024-10-06T05:54:01.511+0000] {processor.py:839} INFO - DAG(s) dict_keys(['example_xcom']) retrieved from /home/airflow/.local/lib/python3.8/site-packages/airflow/example_dags/example_xcom.py
[2024-10-06T05:54:01.522+0000] {logging_mixin.py:154} INFO - [2024-10-06T05:54:01.522+0000] {dag.py:2941} INFO - Sync 1 DAGs
[2024-10-06T05:54:01.532+0000] {logging_mixin.py:154} INFO - [2024-10-06T05:54:01.532+0000] {dag.py:3722} INFO - Setting next_dagrun for example_xcom to 2021-01-01T00:00:00+00:00, run_after=2021-01-01T00:00:00+00:00
[2024-10-06T05:54:01.542+0000] {processor.py:179} INFO - Processing /home/airflow/.local/lib/python3.8/site-packages/airflow/example_dags/example_xcom.py took 0.040 seconds
[2024-10-06T06:41:07.312+0000] {processor.py:157} INFO - Started process (PID=26191) to work on /home/airflow/.local/lib/python3.8/site-packages/airflow/example_dags/example_xcom.py
[2024-10-06T06:41:07.313+0000] {processor.py:829} INFO - Processing file /home/airflow/.local/lib/python3.8/site-packages/airflow/example_dags/example_xcom.py for tasks to queue
[2024-10-06T06:41:07.314+0000] {logging_mixin.py:154} INFO - [2024-10-06T06:41:07.314+0000] {dagbag.py:536} INFO - Filling up the DagBag from /home/airflow/.local/lib/python3.8/site-packages/airflow/example_dags/example_xcom.py
[2024-10-06T06:41:07.320+0000] {processor.py:839} INFO - DAG(s) dict_keys(['example_xcom']) retrieved from /home/airflow/.local/lib/python3.8/site-packages/airflow/example_dags/example_xcom.py
[2024-10-06T06:41:07.333+0000] {logging_mixin.py:154} INFO - [2024-10-06T06:41:07.333+0000] {dag.py:2941} INFO - Sync 1 DAGs
[2024-10-06T06:41:07.344+0000] {logging_mixin.py:154} INFO - [2024-10-06T06:41:07.344+0000] {dag.py:3722} INFO - Setting next_dagrun for example_xcom to 2021-01-01T00:00:00+00:00, run_after=2021-01-01T00:00:00+00:00
[2024-10-06T06:41:07.353+0000] {processor.py:179} INFO - Processing /home/airflow/.local/lib/python3.8/site-packages/airflow/example_dags/example_xcom.py took 0.042 seconds
[2024-10-06T08:19:29.988+0000] {processor.py:157} INFO - Started process (PID=26245) to work on /home/airflow/.local/lib/python3.8/site-packages/airflow/example_dags/example_xcom.py
[2024-10-06T08:19:29.988+0000] {processor.py:829} INFO - Processing file /home/airflow/.local/lib/python3.8/site-packages/airflow/example_dags/example_xcom.py for tasks to queue
[2024-10-06T08:19:29.989+0000] {logging_mixin.py:154} INFO - [2024-10-06T08:19:29.989+0000] {dagbag.py:536} INFO - Filling up the DagBag from /home/airflow/.local/lib/python3.8/site-packages/airflow/example_dags/example_xcom.py
[2024-10-06T08:19:29.994+0000] {processor.py:839} INFO - DAG(s) dict_keys(['example_xcom']) retrieved from /home/airflow/.local/lib/python3.8/site-packages/airflow/example_dags/example_xcom.py
[2024-10-06T08:19:30.008+0000] {logging_mixin.py:154} INFO - [2024-10-06T08:19:30.008+0000] {dag.py:2941} INFO - Sync 1 DAGs
[2024-10-06T08:19:30.023+0000] {logging_mixin.py:154} INFO - [2024-10-06T08:19:30.023+0000] {dag.py:3722} INFO - Setting next_dagrun for example_xcom to 2021-01-01T00:00:00+00:00, run_after=2021-01-01T00:00:00+00:00
[2024-10-06T08:19:30.035+0000] {processor.py:179} INFO - Processing /home/airflow/.local/lib/python3.8/site-packages/airflow/example_dags/example_xcom.py took 0.049 seconds
[2024-10-06T09:31:45.892+0000] {processor.py:157} INFO - Started process (PID=26299) to work on /home/airflow/.local/lib/python3.8/site-packages/airflow/example_dags/example_xcom.py
[2024-10-06T09:31:45.892+0000] {processor.py:829} INFO - Processing file /home/airflow/.local/lib/python3.8/site-packages/airflow/example_dags/example_xcom.py for tasks to queue
[2024-10-06T09:31:45.893+0000] {logging_mixin.py:154} INFO - [2024-10-06T09:31:45.893+0000] {dagbag.py:536} INFO - Filling up the DagBag from /home/airflow/.local/lib/python3.8/site-packages/airflow/example_dags/example_xcom.py
[2024-10-06T09:31:45.897+0000] {processor.py:839} INFO - DAG(s) dict_keys(['example_xcom']) retrieved from /home/airflow/.local/lib/python3.8/site-packages/airflow/example_dags/example_xcom.py
[2024-10-06T09:31:45.906+0000] {logging_mixin.py:154} INFO - [2024-10-06T09:31:45.906+0000] {dag.py:2941} INFO - Sync 1 DAGs
[2024-10-06T09:31:45.915+0000] {logging_mixin.py:154} INFO - [2024-10-06T09:31:45.915+0000] {dag.py:3722} INFO - Setting next_dagrun for example_xcom to 2021-01-01T00:00:00+00:00, run_after=2021-01-01T00:00:00+00:00
[2024-10-06T09:31:45.921+0000] {processor.py:179} INFO - Processing /home/airflow/.local/lib/python3.8/site-packages/airflow/example_dags/example_xcom.py took 0.031 seconds
[2024-10-06T10:45:25.807+0000] {processor.py:157} INFO - Started process (PID=26353) to work on /home/airflow/.local/lib/python3.8/site-packages/airflow/example_dags/example_xcom.py
[2024-10-06T10:45:25.807+0000] {processor.py:829} INFO - Processing file /home/airflow/.local/lib/python3.8/site-packages/airflow/example_dags/example_xcom.py for tasks to queue
[2024-10-06T10:45:25.808+0000] {logging_mixin.py:154} INFO - [2024-10-06T10:45:25.808+0000] {dagbag.py:536} INFO - Filling up the DagBag from /home/airflow/.local/lib/python3.8/site-packages/airflow/example_dags/example_xcom.py
[2024-10-06T10:45:25.811+0000] {processor.py:839} INFO - DAG(s) dict_keys(['example_xcom']) retrieved from /home/airflow/.local/lib/python3.8/site-packages/airflow/example_dags/example_xcom.py
[2024-10-06T10:45:25.821+0000] {logging_mixin.py:154} INFO - [2024-10-06T10:45:25.821+0000] {dag.py:2941} INFO - Sync 1 DAGs
[2024-10-06T10:45:25.828+0000] {logging_mixin.py:154} INFO - [2024-10-06T10:45:25.828+0000] {dag.py:3722} INFO - Setting next_dagrun for example_xcom to 2021-01-01T00:00:00+00:00, run_after=2021-01-01T00:00:00+00:00
[2024-10-06T10:45:25.834+0000] {processor.py:179} INFO - Processing /home/airflow/.local/lib/python3.8/site-packages/airflow/example_dags/example_xcom.py took 0.029 seconds
[2024-10-06T11:46:26.180+0000] {processor.py:157} INFO - Started process (PID=26407) to work on /home/airflow/.local/lib/python3.8/site-packages/airflow/example_dags/example_xcom.py
[2024-10-06T11:46:26.181+0000] {processor.py:829} INFO - Processing file /home/airflow/.local/lib/python3.8/site-packages/airflow/example_dags/example_xcom.py for tasks to queue
[2024-10-06T11:46:26.182+0000] {logging_mixin.py:154} INFO - [2024-10-06T11:46:26.182+0000] {dagbag.py:536} INFO - Filling up the DagBag from /home/airflow/.local/lib/python3.8/site-packages/airflow/example_dags/example_xcom.py
[2024-10-06T11:46:26.185+0000] {processor.py:839} INFO - DAG(s) dict_keys(['example_xcom']) retrieved from /home/airflow/.local/lib/python3.8/site-packages/airflow/example_dags/example_xcom.py
[2024-10-06T11:46:26.193+0000] {logging_mixin.py:154} INFO - [2024-10-06T11:46:26.193+0000] {dag.py:2941} INFO - Sync 1 DAGs
[2024-10-06T11:46:26.201+0000] {logging_mixin.py:154} INFO - [2024-10-06T11:46:26.201+0000] {dag.py:3722} INFO - Setting next_dagrun for example_xcom to 2021-01-01T00:00:00+00:00, run_after=2021-01-01T00:00:00+00:00
[2024-10-06T11:46:26.208+0000] {processor.py:179} INFO - Processing /home/airflow/.local/lib/python3.8/site-packages/airflow/example_dags/example_xcom.py took 0.029 seconds
[2024-10-06T12:33:57.713+0000] {processor.py:157} INFO - Started process (PID=26461) to work on /home/airflow/.local/lib/python3.8/site-packages/airflow/example_dags/example_xcom.py
[2024-10-06T12:33:57.713+0000] {processor.py:829} INFO - Processing file /home/airflow/.local/lib/python3.8/site-packages/airflow/example_dags/example_xcom.py for tasks to queue
[2024-10-06T12:33:57.714+0000] {logging_mixin.py:154} INFO - [2024-10-06T12:33:57.714+0000] {dagbag.py:536} INFO - Filling up the DagBag from /home/airflow/.local/lib/python3.8/site-packages/airflow/example_dags/example_xcom.py
[2024-10-06T12:33:57.718+0000] {processor.py:839} INFO - DAG(s) dict_keys(['example_xcom']) retrieved from /home/airflow/.local/lib/python3.8/site-packages/airflow/example_dags/example_xcom.py
[2024-10-06T12:33:57.727+0000] {logging_mixin.py:154} INFO - [2024-10-06T12:33:57.727+0000] {dag.py:2941} INFO - Sync 1 DAGs
[2024-10-06T12:33:57.735+0000] {logging_mixin.py:154} INFO - [2024-10-06T12:33:57.735+0000] {dag.py:3722} INFO - Setting next_dagrun for example_xcom to 2021-01-01T00:00:00+00:00, run_after=2021-01-01T00:00:00+00:00
[2024-10-06T12:33:57.741+0000] {processor.py:179} INFO - Processing /home/airflow/.local/lib/python3.8/site-packages/airflow/example_dags/example_xcom.py took 0.030 seconds
[2024-10-06T13:17:28.456+0000] {processor.py:157} INFO - Started process (PID=26515) to work on /home/airflow/.local/lib/python3.8/site-packages/airflow/example_dags/example_xcom.py
[2024-10-06T13:17:28.456+0000] {processor.py:829} INFO - Processing file /home/airflow/.local/lib/python3.8/site-packages/airflow/example_dags/example_xcom.py for tasks to queue
[2024-10-06T13:17:28.457+0000] {logging_mixin.py:154} INFO - [2024-10-06T13:17:28.457+0000] {dagbag.py:536} INFO - Filling up the DagBag from /home/airflow/.local/lib/python3.8/site-packages/airflow/example_dags/example_xcom.py
[2024-10-06T13:17:28.461+0000] {processor.py:839} INFO - DAG(s) dict_keys(['example_xcom']) retrieved from /home/airflow/.local/lib/python3.8/site-packages/airflow/example_dags/example_xcom.py
[2024-10-06T13:17:28.469+0000] {logging_mixin.py:154} INFO - [2024-10-06T13:17:28.469+0000] {dag.py:2941} INFO - Sync 1 DAGs
[2024-10-06T13:17:28.476+0000] {logging_mixin.py:154} INFO - [2024-10-06T13:17:28.476+0000] {dag.py:3722} INFO - Setting next_dagrun for example_xcom to 2021-01-01T00:00:00+00:00, run_after=2021-01-01T00:00:00+00:00
[2024-10-06T13:17:28.482+0000] {processor.py:179} INFO - Processing /home/airflow/.local/lib/python3.8/site-packages/airflow/example_dags/example_xcom.py took 0.027 seconds
[2024-10-06T14:49:26.831+0000] {processor.py:157} INFO - Started process (PID=26569) to work on /home/airflow/.local/lib/python3.8/site-packages/airflow/example_dags/example_xcom.py
[2024-10-06T14:49:26.831+0000] {processor.py:829} INFO - Processing file /home/airflow/.local/lib/python3.8/site-packages/airflow/example_dags/example_xcom.py for tasks to queue
[2024-10-06T14:49:26.832+0000] {logging_mixin.py:154} INFO - [2024-10-06T14:49:26.832+0000] {dagbag.py:536} INFO - Filling up the DagBag from /home/airflow/.local/lib/python3.8/site-packages/airflow/example_dags/example_xcom.py
[2024-10-06T14:49:26.836+0000] {processor.py:839} INFO - DAG(s) dict_keys(['example_xcom']) retrieved from /home/airflow/.local/lib/python3.8/site-packages/airflow/example_dags/example_xcom.py
[2024-10-06T14:49:26.847+0000] {logging_mixin.py:154} INFO - [2024-10-06T14:49:26.847+0000] {dag.py:2941} INFO - Sync 1 DAGs
[2024-10-06T14:49:26.856+0000] {logging_mixin.py:154} INFO - [2024-10-06T14:49:26.856+0000] {dag.py:3722} INFO - Setting next_dagrun for example_xcom to 2021-01-01T00:00:00+00:00, run_after=2021-01-01T00:00:00+00:00
[2024-10-06T14:49:26.863+0000] {processor.py:179} INFO - Processing /home/airflow/.local/lib/python3.8/site-packages/airflow/example_dags/example_xcom.py took 0.034 seconds
[2024-10-06T15:50:31.169+0000] {processor.py:157} INFO - Started process (PID=26623) to work on /home/airflow/.local/lib/python3.8/site-packages/airflow/example_dags/example_xcom.py
[2024-10-06T15:50:31.169+0000] {processor.py:829} INFO - Processing file /home/airflow/.local/lib/python3.8/site-packages/airflow/example_dags/example_xcom.py for tasks to queue
[2024-10-06T15:50:31.170+0000] {logging_mixin.py:154} INFO - [2024-10-06T15:50:31.170+0000] {dagbag.py:536} INFO - Filling up the DagBag from /home/airflow/.local/lib/python3.8/site-packages/airflow/example_dags/example_xcom.py
[2024-10-06T15:50:31.173+0000] {processor.py:839} INFO - DAG(s) dict_keys(['example_xcom']) retrieved from /home/airflow/.local/lib/python3.8/site-packages/airflow/example_dags/example_xcom.py
[2024-10-06T15:50:31.182+0000] {logging_mixin.py:154} INFO - [2024-10-06T15:50:31.182+0000] {dag.py:2941} INFO - Sync 1 DAGs
[2024-10-06T15:50:31.191+0000] {logging_mixin.py:154} INFO - [2024-10-06T15:50:31.190+0000] {dag.py:3722} INFO - Setting next_dagrun for example_xcom to 2021-01-01T00:00:00+00:00, run_after=2021-01-01T00:00:00+00:00
[2024-10-06T15:50:31.197+0000] {processor.py:179} INFO - Processing /home/airflow/.local/lib/python3.8/site-packages/airflow/example_dags/example_xcom.py took 0.030 seconds
[2024-10-06T16:11:24.164+0000] {processor.py:157} INFO - Started process (PID=26677) to work on /home/airflow/.local/lib/python3.8/site-packages/airflow/example_dags/example_xcom.py
[2024-10-06T16:11:24.164+0000] {processor.py:829} INFO - Processing file /home/airflow/.local/lib/python3.8/site-packages/airflow/example_dags/example_xcom.py for tasks to queue
[2024-10-06T16:11:24.165+0000] {logging_mixin.py:154} INFO - [2024-10-06T16:11:24.165+0000] {dagbag.py:536} INFO - Filling up the DagBag from /home/airflow/.local/lib/python3.8/site-packages/airflow/example_dags/example_xcom.py
[2024-10-06T16:11:24.169+0000] {processor.py:839} INFO - DAG(s) dict_keys(['example_xcom']) retrieved from /home/airflow/.local/lib/python3.8/site-packages/airflow/example_dags/example_xcom.py
[2024-10-06T16:11:24.177+0000] {logging_mixin.py:154} INFO - [2024-10-06T16:11:24.177+0000] {dag.py:2941} INFO - Sync 1 DAGs
[2024-10-06T16:11:24.185+0000] {logging_mixin.py:154} INFO - [2024-10-06T16:11:24.184+0000] {dag.py:3722} INFO - Setting next_dagrun for example_xcom to 2021-01-01T00:00:00+00:00, run_after=2021-01-01T00:00:00+00:00
[2024-10-06T16:11:24.191+0000] {processor.py:179} INFO - Processing /home/airflow/.local/lib/python3.8/site-packages/airflow/example_dags/example_xcom.py took 0.029 seconds
[2024-10-06T16:17:00.961+0000] {processor.py:157} INFO - Started process (PID=26731) to work on /home/airflow/.local/lib/python3.8/site-packages/airflow/example_dags/example_xcom.py
[2024-10-06T16:17:00.961+0000] {processor.py:829} INFO - Processing file /home/airflow/.local/lib/python3.8/site-packages/airflow/example_dags/example_xcom.py for tasks to queue
[2024-10-06T16:17:00.962+0000] {logging_mixin.py:154} INFO - [2024-10-06T16:17:00.962+0000] {dagbag.py:536} INFO - Filling up the DagBag from /home/airflow/.local/lib/python3.8/site-packages/airflow/example_dags/example_xcom.py
[2024-10-06T16:17:00.966+0000] {processor.py:839} INFO - DAG(s) dict_keys(['example_xcom']) retrieved from /home/airflow/.local/lib/python3.8/site-packages/airflow/example_dags/example_xcom.py
[2024-10-06T16:17:00.975+0000] {logging_mixin.py:154} INFO - [2024-10-06T16:17:00.975+0000] {dag.py:2941} INFO - Sync 1 DAGs
[2024-10-06T16:17:00.983+0000] {logging_mixin.py:154} INFO - [2024-10-06T16:17:00.983+0000] {dag.py:3722} INFO - Setting next_dagrun for example_xcom to 2021-01-01T00:00:00+00:00, run_after=2021-01-01T00:00:00+00:00
[2024-10-06T16:17:00.990+0000] {processor.py:179} INFO - Processing /home/airflow/.local/lib/python3.8/site-packages/airflow/example_dags/example_xcom.py took 0.031 seconds
[2024-10-06T17:25:37.859+0000] {processor.py:157} INFO - Started process (PID=26785) to work on /home/airflow/.local/lib/python3.8/site-packages/airflow/example_dags/example_xcom.py
[2024-10-06T17:25:37.859+0000] {processor.py:829} INFO - Processing file /home/airflow/.local/lib/python3.8/site-packages/airflow/example_dags/example_xcom.py for tasks to queue
[2024-10-06T17:25:37.860+0000] {logging_mixin.py:154} INFO - [2024-10-06T17:25:37.860+0000] {dagbag.py:536} INFO - Filling up the DagBag from /home/airflow/.local/lib/python3.8/site-packages/airflow/example_dags/example_xcom.py
[2024-10-06T17:25:37.864+0000] {processor.py:839} INFO - DAG(s) dict_keys(['example_xcom']) retrieved from /home/airflow/.local/lib/python3.8/site-packages/airflow/example_dags/example_xcom.py
[2024-10-06T17:25:37.872+0000] {logging_mixin.py:154} INFO - [2024-10-06T17:25:37.872+0000] {dag.py:2941} INFO - Sync 1 DAGs
[2024-10-06T17:25:37.879+0000] {logging_mixin.py:154} INFO - [2024-10-06T17:25:37.879+0000] {dag.py:3722} INFO - Setting next_dagrun for example_xcom to 2021-01-01T00:00:00+00:00, run_after=2021-01-01T00:00:00+00:00
[2024-10-06T17:25:37.886+0000] {processor.py:179} INFO - Processing /home/airflow/.local/lib/python3.8/site-packages/airflow/example_dags/example_xcom.py took 0.029 seconds
[2024-10-06T17:48:10.746+0000] {processor.py:157} INFO - Started process (PID=26839) to work on /home/airflow/.local/lib/python3.8/site-packages/airflow/example_dags/example_xcom.py
[2024-10-06T17:48:10.747+0000] {processor.py:829} INFO - Processing file /home/airflow/.local/lib/python3.8/site-packages/airflow/example_dags/example_xcom.py for tasks to queue
[2024-10-06T17:48:10.748+0000] {logging_mixin.py:154} INFO - [2024-10-06T17:48:10.748+0000] {dagbag.py:536} INFO - Filling up the DagBag from /home/airflow/.local/lib/python3.8/site-packages/airflow/example_dags/example_xcom.py
[2024-10-06T17:48:10.751+0000] {processor.py:839} INFO - DAG(s) dict_keys(['example_xcom']) retrieved from /home/airflow/.local/lib/python3.8/site-packages/airflow/example_dags/example_xcom.py
[2024-10-06T17:48:10.759+0000] {logging_mixin.py:154} INFO - [2024-10-06T17:48:10.759+0000] {dag.py:2941} INFO - Sync 1 DAGs
[2024-10-06T17:48:10.767+0000] {logging_mixin.py:154} INFO - [2024-10-06T17:48:10.767+0000] {dag.py:3722} INFO - Setting next_dagrun for example_xcom to 2021-01-01T00:00:00+00:00, run_after=2021-01-01T00:00:00+00:00
[2024-10-06T17:48:10.773+0000] {processor.py:179} INFO - Processing /home/airflow/.local/lib/python3.8/site-packages/airflow/example_dags/example_xcom.py took 0.027 seconds
[2024-10-06T18:17:58.733+0000] {processor.py:157} INFO - Started process (PID=26893) to work on /home/airflow/.local/lib/python3.8/site-packages/airflow/example_dags/example_xcom.py
[2024-10-06T18:17:58.734+0000] {processor.py:829} INFO - Processing file /home/airflow/.local/lib/python3.8/site-packages/airflow/example_dags/example_xcom.py for tasks to queue
[2024-10-06T18:17:58.736+0000] {logging_mixin.py:154} INFO - [2024-10-06T18:17:58.735+0000] {dagbag.py:536} INFO - Filling up the DagBag from /home/airflow/.local/lib/python3.8/site-packages/airflow/example_dags/example_xcom.py
[2024-10-06T18:17:58.741+0000] {processor.py:839} INFO - DAG(s) dict_keys(['example_xcom']) retrieved from /home/airflow/.local/lib/python3.8/site-packages/airflow/example_dags/example_xcom.py
[2024-10-06T18:17:58.756+0000] {logging_mixin.py:154} INFO - [2024-10-06T18:17:58.756+0000] {dag.py:2941} INFO - Sync 1 DAGs
[2024-10-06T18:17:58.769+0000] {logging_mixin.py:154} INFO - [2024-10-06T18:17:58.769+0000] {dag.py:3722} INFO - Setting next_dagrun for example_xcom to 2021-01-01T00:00:00+00:00, run_after=2021-01-01T00:00:00+00:00
[2024-10-06T18:17:58.779+0000] {processor.py:179} INFO - Processing /home/airflow/.local/lib/python3.8/site-packages/airflow/example_dags/example_xcom.py took 0.049 seconds
[2024-10-06T19:43:23.311+0000] {processor.py:157} INFO - Started process (PID=26947) to work on /home/airflow/.local/lib/python3.8/site-packages/airflow/example_dags/example_xcom.py
[2024-10-06T19:43:23.311+0000] {processor.py:829} INFO - Processing file /home/airflow/.local/lib/python3.8/site-packages/airflow/example_dags/example_xcom.py for tasks to queue
[2024-10-06T19:43:23.313+0000] {logging_mixin.py:154} INFO - [2024-10-06T19:43:23.312+0000] {dagbag.py:536} INFO - Filling up the DagBag from /home/airflow/.local/lib/python3.8/site-packages/airflow/example_dags/example_xcom.py
[2024-10-06T19:43:23.318+0000] {processor.py:839} INFO - DAG(s) dict_keys(['example_xcom']) retrieved from /home/airflow/.local/lib/python3.8/site-packages/airflow/example_dags/example_xcom.py
[2024-10-06T19:43:23.330+0000] {logging_mixin.py:154} INFO - [2024-10-06T19:43:23.330+0000] {dag.py:2941} INFO - Sync 1 DAGs
[2024-10-06T19:43:23.340+0000] {logging_mixin.py:154} INFO - [2024-10-06T19:43:23.340+0000] {dag.py:3722} INFO - Setting next_dagrun for example_xcom to 2021-01-01T00:00:00+00:00, run_after=2021-01-01T00:00:00+00:00
[2024-10-06T19:43:23.347+0000] {processor.py:179} INFO - Processing /home/airflow/.local/lib/python3.8/site-packages/airflow/example_dags/example_xcom.py took 0.039 seconds
[2024-10-06T20:31:10.287+0000] {processor.py:157} INFO - Started process (PID=27001) to work on /home/airflow/.local/lib/python3.8/site-packages/airflow/example_dags/example_xcom.py
[2024-10-06T20:31:10.287+0000] {processor.py:829} INFO - Processing file /home/airflow/.local/lib/python3.8/site-packages/airflow/example_dags/example_xcom.py for tasks to queue
[2024-10-06T20:31:10.289+0000] {logging_mixin.py:154} INFO - [2024-10-06T20:31:10.289+0000] {dagbag.py:536} INFO - Filling up the DagBag from /home/airflow/.local/lib/python3.8/site-packages/airflow/example_dags/example_xcom.py
[2024-10-06T20:31:10.294+0000] {processor.py:839} INFO - DAG(s) dict_keys(['example_xcom']) retrieved from /home/airflow/.local/lib/python3.8/site-packages/airflow/example_dags/example_xcom.py
[2024-10-06T20:31:10.306+0000] {logging_mixin.py:154} INFO - [2024-10-06T20:31:10.306+0000] {dag.py:2941} INFO - Sync 1 DAGs
[2024-10-06T20:31:10.318+0000] {logging_mixin.py:154} INFO - [2024-10-06T20:31:10.318+0000] {dag.py:3722} INFO - Setting next_dagrun for example_xcom to 2021-01-01T00:00:00+00:00, run_after=2021-01-01T00:00:00+00:00
[2024-10-06T20:31:10.326+0000] {processor.py:179} INFO - Processing /home/airflow/.local/lib/python3.8/site-packages/airflow/example_dags/example_xcom.py took 0.041 seconds
[2024-10-06T20:40:15.329+0000] {processor.py:157} INFO - Started process (PID=27055) to work on /home/airflow/.local/lib/python3.8/site-packages/airflow/example_dags/example_xcom.py
[2024-10-06T20:40:15.330+0000] {processor.py:829} INFO - Processing file /home/airflow/.local/lib/python3.8/site-packages/airflow/example_dags/example_xcom.py for tasks to queue
[2024-10-06T20:40:15.332+0000] {logging_mixin.py:154} INFO - [2024-10-06T20:40:15.332+0000] {dagbag.py:536} INFO - Filling up the DagBag from /home/airflow/.local/lib/python3.8/site-packages/airflow/example_dags/example_xcom.py
[2024-10-06T20:40:15.337+0000] {processor.py:839} INFO - DAG(s) dict_keys(['example_xcom']) retrieved from /home/airflow/.local/lib/python3.8/site-packages/airflow/example_dags/example_xcom.py
[2024-10-06T20:40:15.349+0000] {logging_mixin.py:154} INFO - [2024-10-06T20:40:15.349+0000] {dag.py:2941} INFO - Sync 1 DAGs
[2024-10-06T20:40:15.360+0000] {logging_mixin.py:154} INFO - [2024-10-06T20:40:15.360+0000] {dag.py:3722} INFO - Setting next_dagrun for example_xcom to 2021-01-01T00:00:00+00:00, run_after=2021-01-01T00:00:00+00:00
[2024-10-06T20:40:15.370+0000] {processor.py:179} INFO - Processing /home/airflow/.local/lib/python3.8/site-packages/airflow/example_dags/example_xcom.py took 0.043 seconds
[2024-10-06T20:43:25.534+0000] {processor.py:157} INFO - Started process (PID=27109) to work on /home/airflow/.local/lib/python3.8/site-packages/airflow/example_dags/example_xcom.py
[2024-10-06T20:43:25.534+0000] {processor.py:829} INFO - Processing file /home/airflow/.local/lib/python3.8/site-packages/airflow/example_dags/example_xcom.py for tasks to queue
[2024-10-06T20:43:25.535+0000] {logging_mixin.py:154} INFO - [2024-10-06T20:43:25.535+0000] {dagbag.py:536} INFO - Filling up the DagBag from /home/airflow/.local/lib/python3.8/site-packages/airflow/example_dags/example_xcom.py
[2024-10-06T20:43:25.538+0000] {processor.py:839} INFO - DAG(s) dict_keys(['example_xcom']) retrieved from /home/airflow/.local/lib/python3.8/site-packages/airflow/example_dags/example_xcom.py
[2024-10-06T20:43:25.547+0000] {logging_mixin.py:154} INFO - [2024-10-06T20:43:25.547+0000] {dag.py:2941} INFO - Sync 1 DAGs
[2024-10-06T20:43:25.554+0000] {logging_mixin.py:154} INFO - [2024-10-06T20:43:25.554+0000] {dag.py:3722} INFO - Setting next_dagrun for example_xcom to 2021-01-01T00:00:00+00:00, run_after=2021-01-01T00:00:00+00:00
[2024-10-06T20:43:25.560+0000] {processor.py:179} INFO - Processing /home/airflow/.local/lib/python3.8/site-packages/airflow/example_dags/example_xcom.py took 0.028 seconds
[2024-10-06T21:12:03.906+0000] {processor.py:157} INFO - Started process (PID=27163) to work on /home/airflow/.local/lib/python3.8/site-packages/airflow/example_dags/example_xcom.py
[2024-10-06T21:12:03.906+0000] {processor.py:829} INFO - Processing file /home/airflow/.local/lib/python3.8/site-packages/airflow/example_dags/example_xcom.py for tasks to queue
[2024-10-06T21:12:03.908+0000] {logging_mixin.py:154} INFO - [2024-10-06T21:12:03.907+0000] {dagbag.py:536} INFO - Filling up the DagBag from /home/airflow/.local/lib/python3.8/site-packages/airflow/example_dags/example_xcom.py
[2024-10-06T21:12:03.911+0000] {processor.py:839} INFO - DAG(s) dict_keys(['example_xcom']) retrieved from /home/airflow/.local/lib/python3.8/site-packages/airflow/example_dags/example_xcom.py
[2024-10-06T21:12:03.919+0000] {logging_mixin.py:154} INFO - [2024-10-06T21:12:03.919+0000] {dag.py:2941} INFO - Sync 1 DAGs
[2024-10-06T21:12:03.927+0000] {logging_mixin.py:154} INFO - [2024-10-06T21:12:03.927+0000] {dag.py:3722} INFO - Setting next_dagrun for example_xcom to 2021-01-01T00:00:00+00:00, run_after=2021-01-01T00:00:00+00:00
[2024-10-06T21:12:03.932+0000] {processor.py:179} INFO - Processing /home/airflow/.local/lib/python3.8/site-packages/airflow/example_dags/example_xcom.py took 0.028 seconds
[2024-10-06T21:13:26.595+0000] {processor.py:157} INFO - Started process (PID=27217) to work on /home/airflow/.local/lib/python3.8/site-packages/airflow/example_dags/example_xcom.py
[2024-10-06T21:13:26.595+0000] {processor.py:829} INFO - Processing file /home/airflow/.local/lib/python3.8/site-packages/airflow/example_dags/example_xcom.py for tasks to queue
[2024-10-06T21:13:26.596+0000] {logging_mixin.py:154} INFO - [2024-10-06T21:13:26.596+0000] {dagbag.py:536} INFO - Filling up the DagBag from /home/airflow/.local/lib/python3.8/site-packages/airflow/example_dags/example_xcom.py
[2024-10-06T21:13:26.599+0000] {processor.py:839} INFO - DAG(s) dict_keys(['example_xcom']) retrieved from /home/airflow/.local/lib/python3.8/site-packages/airflow/example_dags/example_xcom.py
[2024-10-06T21:13:26.607+0000] {logging_mixin.py:154} INFO - [2024-10-06T21:13:26.607+0000] {dag.py:2941} INFO - Sync 1 DAGs
[2024-10-06T21:13:26.615+0000] {logging_mixin.py:154} INFO - [2024-10-06T21:13:26.615+0000] {dag.py:3722} INFO - Setting next_dagrun for example_xcom to 2021-01-01T00:00:00+00:00, run_after=2021-01-01T00:00:00+00:00
[2024-10-06T21:13:26.621+0000] {processor.py:179} INFO - Processing /home/airflow/.local/lib/python3.8/site-packages/airflow/example_dags/example_xcom.py took 0.027 seconds
[2024-10-06T21:24:00.899+0000] {processor.py:157} INFO - Started process (PID=27271) to work on /home/airflow/.local/lib/python3.8/site-packages/airflow/example_dags/example_xcom.py
[2024-10-06T21:24:00.900+0000] {processor.py:829} INFO - Processing file /home/airflow/.local/lib/python3.8/site-packages/airflow/example_dags/example_xcom.py for tasks to queue
[2024-10-06T21:24:00.902+0000] {logging_mixin.py:154} INFO - [2024-10-06T21:24:00.901+0000] {dagbag.py:536} INFO - Filling up the DagBag from /home/airflow/.local/lib/python3.8/site-packages/airflow/example_dags/example_xcom.py
[2024-10-06T21:24:00.907+0000] {processor.py:839} INFO - DAG(s) dict_keys(['example_xcom']) retrieved from /home/airflow/.local/lib/python3.8/site-packages/airflow/example_dags/example_xcom.py
[2024-10-06T21:24:00.920+0000] {logging_mixin.py:154} INFO - [2024-10-06T21:24:00.920+0000] {dag.py:2941} INFO - Sync 1 DAGs
[2024-10-06T21:24:00.931+0000] {logging_mixin.py:154} INFO - [2024-10-06T21:24:00.931+0000] {dag.py:3722} INFO - Setting next_dagrun for example_xcom to 2021-01-01T00:00:00+00:00, run_after=2021-01-01T00:00:00+00:00
[2024-10-06T21:24:00.939+0000] {processor.py:179} INFO - Processing /home/airflow/.local/lib/python3.8/site-packages/airflow/example_dags/example_xcom.py took 0.043 seconds
[2024-10-06T22:02:22.397+0000] {processor.py:157} INFO - Started process (PID=27325) to work on /home/airflow/.local/lib/python3.8/site-packages/airflow/example_dags/example_xcom.py
[2024-10-06T22:02:22.397+0000] {processor.py:829} INFO - Processing file /home/airflow/.local/lib/python3.8/site-packages/airflow/example_dags/example_xcom.py for tasks to queue
[2024-10-06T22:02:22.399+0000] {logging_mixin.py:154} INFO - [2024-10-06T22:02:22.398+0000] {dagbag.py:536} INFO - Filling up the DagBag from /home/airflow/.local/lib/python3.8/site-packages/airflow/example_dags/example_xcom.py
[2024-10-06T22:02:22.402+0000] {processor.py:839} INFO - DAG(s) dict_keys(['example_xcom']) retrieved from /home/airflow/.local/lib/python3.8/site-packages/airflow/example_dags/example_xcom.py
[2024-10-06T22:02:22.411+0000] {logging_mixin.py:154} INFO - [2024-10-06T22:02:22.411+0000] {dag.py:2941} INFO - Sync 1 DAGs
[2024-10-06T22:02:22.418+0000] {logging_mixin.py:154} INFO - [2024-10-06T22:02:22.418+0000] {dag.py:3722} INFO - Setting next_dagrun for example_xcom to 2021-01-01T00:00:00+00:00, run_after=2021-01-01T00:00:00+00:00
[2024-10-06T22:02:22.424+0000] {processor.py:179} INFO - Processing /home/airflow/.local/lib/python3.8/site-packages/airflow/example_dags/example_xcom.py took 0.029 seconds
[2024-10-06T22:28:55.399+0000] {processor.py:157} INFO - Started process (PID=27379) to work on /home/airflow/.local/lib/python3.8/site-packages/airflow/example_dags/example_xcom.py
[2024-10-06T22:28:55.400+0000] {processor.py:829} INFO - Processing file /home/airflow/.local/lib/python3.8/site-packages/airflow/example_dags/example_xcom.py for tasks to queue
[2024-10-06T22:28:55.401+0000] {logging_mixin.py:154} INFO - [2024-10-06T22:28:55.401+0000] {dagbag.py:536} INFO - Filling up the DagBag from /home/airflow/.local/lib/python3.8/site-packages/airflow/example_dags/example_xcom.py
[2024-10-06T22:28:55.405+0000] {processor.py:839} INFO - DAG(s) dict_keys(['example_xcom']) retrieved from /home/airflow/.local/lib/python3.8/site-packages/airflow/example_dags/example_xcom.py
[2024-10-06T22:28:55.414+0000] {logging_mixin.py:154} INFO - [2024-10-06T22:28:55.414+0000] {dag.py:2941} INFO - Sync 1 DAGs
[2024-10-06T22:28:55.422+0000] {logging_mixin.py:154} INFO - [2024-10-06T22:28:55.422+0000] {dag.py:3722} INFO - Setting next_dagrun for example_xcom to 2021-01-01T00:00:00+00:00, run_after=2021-01-01T00:00:00+00:00
[2024-10-06T22:28:55.429+0000] {processor.py:179} INFO - Processing /home/airflow/.local/lib/python3.8/site-packages/airflow/example_dags/example_xcom.py took 0.031 seconds
[2024-10-06T22:59:45.104+0000] {processor.py:157} INFO - Started process (PID=27433) to work on /home/airflow/.local/lib/python3.8/site-packages/airflow/example_dags/example_xcom.py
[2024-10-06T22:59:45.105+0000] {processor.py:829} INFO - Processing file /home/airflow/.local/lib/python3.8/site-packages/airflow/example_dags/example_xcom.py for tasks to queue
[2024-10-06T22:59:45.106+0000] {logging_mixin.py:154} INFO - [2024-10-06T22:59:45.106+0000] {dagbag.py:536} INFO - Filling up the DagBag from /home/airflow/.local/lib/python3.8/site-packages/airflow/example_dags/example_xcom.py
[2024-10-06T22:59:45.109+0000] {processor.py:839} INFO - DAG(s) dict_keys(['example_xcom']) retrieved from /home/airflow/.local/lib/python3.8/site-packages/airflow/example_dags/example_xcom.py
[2024-10-06T22:59:45.118+0000] {logging_mixin.py:154} INFO - [2024-10-06T22:59:45.118+0000] {dag.py:2941} INFO - Sync 1 DAGs
[2024-10-06T22:59:45.126+0000] {logging_mixin.py:154} INFO - [2024-10-06T22:59:45.126+0000] {dag.py:3722} INFO - Setting next_dagrun for example_xcom to 2021-01-01T00:00:00+00:00, run_after=2021-01-01T00:00:00+00:00
[2024-10-06T22:59:45.133+0000] {processor.py:179} INFO - Processing /home/airflow/.local/lib/python3.8/site-packages/airflow/example_dags/example_xcom.py took 0.030 seconds
[2024-10-06T23:00:16.035+0000] {processor.py:157} INFO - Started process (PID=27487) to work on /home/airflow/.local/lib/python3.8/site-packages/airflow/example_dags/example_xcom.py
[2024-10-06T23:00:16.036+0000] {processor.py:829} INFO - Processing file /home/airflow/.local/lib/python3.8/site-packages/airflow/example_dags/example_xcom.py for tasks to queue
[2024-10-06T23:00:16.037+0000] {logging_mixin.py:154} INFO - [2024-10-06T23:00:16.037+0000] {dagbag.py:536} INFO - Filling up the DagBag from /home/airflow/.local/lib/python3.8/site-packages/airflow/example_dags/example_xcom.py
[2024-10-06T23:00:16.041+0000] {processor.py:839} INFO - DAG(s) dict_keys(['example_xcom']) retrieved from /home/airflow/.local/lib/python3.8/site-packages/airflow/example_dags/example_xcom.py
[2024-10-06T23:00:16.051+0000] {logging_mixin.py:154} INFO - [2024-10-06T23:00:16.051+0000] {dag.py:2941} INFO - Sync 1 DAGs
[2024-10-06T23:00:16.063+0000] {logging_mixin.py:154} INFO - [2024-10-06T23:00:16.063+0000] {dag.py:3722} INFO - Setting next_dagrun for example_xcom to 2021-01-01T00:00:00+00:00, run_after=2021-01-01T00:00:00+00:00
[2024-10-06T23:00:16.071+0000] {processor.py:179} INFO - Processing /home/airflow/.local/lib/python3.8/site-packages/airflow/example_dags/example_xcom.py took 0.037 seconds
[2024-10-06T23:00:46.606+0000] {processor.py:157} INFO - Started process (PID=27541) to work on /home/airflow/.local/lib/python3.8/site-packages/airflow/example_dags/example_xcom.py
[2024-10-06T23:00:46.606+0000] {processor.py:829} INFO - Processing file /home/airflow/.local/lib/python3.8/site-packages/airflow/example_dags/example_xcom.py for tasks to queue
[2024-10-06T23:00:46.607+0000] {logging_mixin.py:154} INFO - [2024-10-06T23:00:46.607+0000] {dagbag.py:536} INFO - Filling up the DagBag from /home/airflow/.local/lib/python3.8/site-packages/airflow/example_dags/example_xcom.py
[2024-10-06T23:00:46.611+0000] {processor.py:839} INFO - DAG(s) dict_keys(['example_xcom']) retrieved from /home/airflow/.local/lib/python3.8/site-packages/airflow/example_dags/example_xcom.py
[2024-10-06T23:00:46.622+0000] {logging_mixin.py:154} INFO - [2024-10-06T23:00:46.622+0000] {dag.py:2941} INFO - Sync 1 DAGs
[2024-10-06T23:00:46.631+0000] {logging_mixin.py:154} INFO - [2024-10-06T23:00:46.631+0000] {dag.py:3722} INFO - Setting next_dagrun for example_xcom to 2021-01-01T00:00:00+00:00, run_after=2021-01-01T00:00:00+00:00
[2024-10-06T23:00:46.639+0000] {processor.py:179} INFO - Processing /home/airflow/.local/lib/python3.8/site-packages/airflow/example_dags/example_xcom.py took 0.035 seconds
[2024-10-06T23:01:17.168+0000] {processor.py:157} INFO - Started process (PID=27595) to work on /home/airflow/.local/lib/python3.8/site-packages/airflow/example_dags/example_xcom.py
[2024-10-06T23:01:17.169+0000] {processor.py:829} INFO - Processing file /home/airflow/.local/lib/python3.8/site-packages/airflow/example_dags/example_xcom.py for tasks to queue
[2024-10-06T23:01:17.170+0000] {logging_mixin.py:154} INFO - [2024-10-06T23:01:17.170+0000] {dagbag.py:536} INFO - Filling up the DagBag from /home/airflow/.local/lib/python3.8/site-packages/airflow/example_dags/example_xcom.py
[2024-10-06T23:01:17.173+0000] {processor.py:839} INFO - DAG(s) dict_keys(['example_xcom']) retrieved from /home/airflow/.local/lib/python3.8/site-packages/airflow/example_dags/example_xcom.py
[2024-10-06T23:01:17.181+0000] {logging_mixin.py:154} INFO - [2024-10-06T23:01:17.181+0000] {dag.py:2941} INFO - Sync 1 DAGs
[2024-10-06T23:01:17.189+0000] {logging_mixin.py:154} INFO - [2024-10-06T23:01:17.189+0000] {dag.py:3722} INFO - Setting next_dagrun for example_xcom to 2021-01-01T00:00:00+00:00, run_after=2021-01-01T00:00:00+00:00
[2024-10-06T23:01:17.195+0000] {processor.py:179} INFO - Processing /home/airflow/.local/lib/python3.8/site-packages/airflow/example_dags/example_xcom.py took 0.028 seconds
[2024-10-06T23:01:47.616+0000] {processor.py:157} INFO - Started process (PID=27649) to work on /home/airflow/.local/lib/python3.8/site-packages/airflow/example_dags/example_xcom.py
[2024-10-06T23:01:47.617+0000] {processor.py:829} INFO - Processing file /home/airflow/.local/lib/python3.8/site-packages/airflow/example_dags/example_xcom.py for tasks to queue
[2024-10-06T23:01:47.618+0000] {logging_mixin.py:154} INFO - [2024-10-06T23:01:47.618+0000] {dagbag.py:536} INFO - Filling up the DagBag from /home/airflow/.local/lib/python3.8/site-packages/airflow/example_dags/example_xcom.py
[2024-10-06T23:01:47.621+0000] {processor.py:839} INFO - DAG(s) dict_keys(['example_xcom']) retrieved from /home/airflow/.local/lib/python3.8/site-packages/airflow/example_dags/example_xcom.py
[2024-10-06T23:01:47.630+0000] {logging_mixin.py:154} INFO - [2024-10-06T23:01:47.629+0000] {dag.py:2941} INFO - Sync 1 DAGs
[2024-10-06T23:01:47.637+0000] {logging_mixin.py:154} INFO - [2024-10-06T23:01:47.637+0000] {dag.py:3722} INFO - Setting next_dagrun for example_xcom to 2021-01-01T00:00:00+00:00, run_after=2021-01-01T00:00:00+00:00
[2024-10-06T23:01:47.644+0000] {processor.py:179} INFO - Processing /home/airflow/.local/lib/python3.8/site-packages/airflow/example_dags/example_xcom.py took 0.029 seconds
[2024-10-06T23:02:18.029+0000] {processor.py:157} INFO - Started process (PID=27703) to work on /home/airflow/.local/lib/python3.8/site-packages/airflow/example_dags/example_xcom.py
[2024-10-06T23:02:18.029+0000] {processor.py:829} INFO - Processing file /home/airflow/.local/lib/python3.8/site-packages/airflow/example_dags/example_xcom.py for tasks to queue
[2024-10-06T23:02:18.030+0000] {logging_mixin.py:154} INFO - [2024-10-06T23:02:18.030+0000] {dagbag.py:536} INFO - Filling up the DagBag from /home/airflow/.local/lib/python3.8/site-packages/airflow/example_dags/example_xcom.py
[2024-10-06T23:02:18.034+0000] {processor.py:839} INFO - DAG(s) dict_keys(['example_xcom']) retrieved from /home/airflow/.local/lib/python3.8/site-packages/airflow/example_dags/example_xcom.py
[2024-10-06T23:02:18.043+0000] {logging_mixin.py:154} INFO - [2024-10-06T23:02:18.043+0000] {dag.py:2941} INFO - Sync 1 DAGs
[2024-10-06T23:02:18.051+0000] {logging_mixin.py:154} INFO - [2024-10-06T23:02:18.051+0000] {dag.py:3722} INFO - Setting next_dagrun for example_xcom to 2021-01-01T00:00:00+00:00, run_after=2021-01-01T00:00:00+00:00
[2024-10-06T23:02:18.058+0000] {processor.py:179} INFO - Processing /home/airflow/.local/lib/python3.8/site-packages/airflow/example_dags/example_xcom.py took 0.031 seconds
[2024-10-06T23:02:48.439+0000] {processor.py:157} INFO - Started process (PID=27757) to work on /home/airflow/.local/lib/python3.8/site-packages/airflow/example_dags/example_xcom.py
[2024-10-06T23:02:48.439+0000] {processor.py:829} INFO - Processing file /home/airflow/.local/lib/python3.8/site-packages/airflow/example_dags/example_xcom.py for tasks to queue
[2024-10-06T23:02:48.441+0000] {logging_mixin.py:154} INFO - [2024-10-06T23:02:48.440+0000] {dagbag.py:536} INFO - Filling up the DagBag from /home/airflow/.local/lib/python3.8/site-packages/airflow/example_dags/example_xcom.py
[2024-10-06T23:02:48.444+0000] {processor.py:839} INFO - DAG(s) dict_keys(['example_xcom']) retrieved from /home/airflow/.local/lib/python3.8/site-packages/airflow/example_dags/example_xcom.py
[2024-10-06T23:02:48.454+0000] {logging_mixin.py:154} INFO - [2024-10-06T23:02:48.453+0000] {dag.py:2941} INFO - Sync 1 DAGs
[2024-10-06T23:02:48.462+0000] {logging_mixin.py:154} INFO - [2024-10-06T23:02:48.462+0000] {dag.py:3722} INFO - Setting next_dagrun for example_xcom to 2021-01-01T00:00:00+00:00, run_after=2021-01-01T00:00:00+00:00
[2024-10-06T23:02:48.469+0000] {processor.py:179} INFO - Processing /home/airflow/.local/lib/python3.8/site-packages/airflow/example_dags/example_xcom.py took 0.031 seconds
[2024-10-06T23:03:18.857+0000] {processor.py:157} INFO - Started process (PID=27811) to work on /home/airflow/.local/lib/python3.8/site-packages/airflow/example_dags/example_xcom.py
[2024-10-06T23:03:18.857+0000] {processor.py:829} INFO - Processing file /home/airflow/.local/lib/python3.8/site-packages/airflow/example_dags/example_xcom.py for tasks to queue
[2024-10-06T23:03:18.858+0000] {logging_mixin.py:154} INFO - [2024-10-06T23:03:18.858+0000] {dagbag.py:536} INFO - Filling up the DagBag from /home/airflow/.local/lib/python3.8/site-packages/airflow/example_dags/example_xcom.py
[2024-10-06T23:03:18.862+0000] {processor.py:839} INFO - DAG(s) dict_keys(['example_xcom']) retrieved from /home/airflow/.local/lib/python3.8/site-packages/airflow/example_dags/example_xcom.py
[2024-10-06T23:03:18.870+0000] {logging_mixin.py:154} INFO - [2024-10-06T23:03:18.870+0000] {dag.py:2941} INFO - Sync 1 DAGs
[2024-10-06T23:03:18.878+0000] {logging_mixin.py:154} INFO - [2024-10-06T23:03:18.878+0000] {dag.py:3722} INFO - Setting next_dagrun for example_xcom to 2021-01-01T00:00:00+00:00, run_after=2021-01-01T00:00:00+00:00
[2024-10-06T23:03:18.885+0000] {processor.py:179} INFO - Processing /home/airflow/.local/lib/python3.8/site-packages/airflow/example_dags/example_xcom.py took 0.029 seconds
[2024-10-06T23:03:49.337+0000] {processor.py:157} INFO - Started process (PID=27865) to work on /home/airflow/.local/lib/python3.8/site-packages/airflow/example_dags/example_xcom.py
[2024-10-06T23:03:49.338+0000] {processor.py:829} INFO - Processing file /home/airflow/.local/lib/python3.8/site-packages/airflow/example_dags/example_xcom.py for tasks to queue
[2024-10-06T23:03:49.339+0000] {logging_mixin.py:154} INFO - [2024-10-06T23:03:49.339+0000] {dagbag.py:536} INFO - Filling up the DagBag from /home/airflow/.local/lib/python3.8/site-packages/airflow/example_dags/example_xcom.py
[2024-10-06T23:03:49.342+0000] {processor.py:839} INFO - DAG(s) dict_keys(['example_xcom']) retrieved from /home/airflow/.local/lib/python3.8/site-packages/airflow/example_dags/example_xcom.py
[2024-10-06T23:03:49.350+0000] {logging_mixin.py:154} INFO - [2024-10-06T23:03:49.350+0000] {dag.py:2941} INFO - Sync 1 DAGs
[2024-10-06T23:03:49.358+0000] {logging_mixin.py:154} INFO - [2024-10-06T23:03:49.358+0000] {dag.py:3722} INFO - Setting next_dagrun for example_xcom to 2021-01-01T00:00:00+00:00, run_after=2021-01-01T00:00:00+00:00
[2024-10-06T23:03:49.365+0000] {processor.py:179} INFO - Processing /home/airflow/.local/lib/python3.8/site-packages/airflow/example_dags/example_xcom.py took 0.029 seconds
[2024-10-06T23:04:19.767+0000] {processor.py:157} INFO - Started process (PID=27919) to work on /home/airflow/.local/lib/python3.8/site-packages/airflow/example_dags/example_xcom.py
[2024-10-06T23:04:19.768+0000] {processor.py:829} INFO - Processing file /home/airflow/.local/lib/python3.8/site-packages/airflow/example_dags/example_xcom.py for tasks to queue
[2024-10-06T23:04:19.769+0000] {logging_mixin.py:154} INFO - [2024-10-06T23:04:19.768+0000] {dagbag.py:536} INFO - Filling up the DagBag from /home/airflow/.local/lib/python3.8/site-packages/airflow/example_dags/example_xcom.py
[2024-10-06T23:04:19.772+0000] {processor.py:839} INFO - DAG(s) dict_keys(['example_xcom']) retrieved from /home/airflow/.local/lib/python3.8/site-packages/airflow/example_dags/example_xcom.py
[2024-10-06T23:04:19.780+0000] {logging_mixin.py:154} INFO - [2024-10-06T23:04:19.780+0000] {dag.py:2941} INFO - Sync 1 DAGs
[2024-10-06T23:04:19.788+0000] {logging_mixin.py:154} INFO - [2024-10-06T23:04:19.788+0000] {dag.py:3722} INFO - Setting next_dagrun for example_xcom to 2021-01-01T00:00:00+00:00, run_after=2021-01-01T00:00:00+00:00
[2024-10-06T23:04:19.794+0000] {processor.py:179} INFO - Processing /home/airflow/.local/lib/python3.8/site-packages/airflow/example_dags/example_xcom.py took 0.028 seconds
[2024-10-06T23:04:50.193+0000] {processor.py:157} INFO - Started process (PID=27973) to work on /home/airflow/.local/lib/python3.8/site-packages/airflow/example_dags/example_xcom.py
[2024-10-06T23:04:50.193+0000] {processor.py:829} INFO - Processing file /home/airflow/.local/lib/python3.8/site-packages/airflow/example_dags/example_xcom.py for tasks to queue
[2024-10-06T23:04:50.194+0000] {logging_mixin.py:154} INFO - [2024-10-06T23:04:50.194+0000] {dagbag.py:536} INFO - Filling up the DagBag from /home/airflow/.local/lib/python3.8/site-packages/airflow/example_dags/example_xcom.py
[2024-10-06T23:04:50.198+0000] {processor.py:839} INFO - DAG(s) dict_keys(['example_xcom']) retrieved from /home/airflow/.local/lib/python3.8/site-packages/airflow/example_dags/example_xcom.py
[2024-10-06T23:04:50.207+0000] {logging_mixin.py:154} INFO - [2024-10-06T23:04:50.207+0000] {dag.py:2941} INFO - Sync 1 DAGs
[2024-10-06T23:04:50.215+0000] {logging_mixin.py:154} INFO - [2024-10-06T23:04:50.215+0000] {dag.py:3722} INFO - Setting next_dagrun for example_xcom to 2021-01-01T00:00:00+00:00, run_after=2021-01-01T00:00:00+00:00
[2024-10-06T23:04:50.221+0000] {processor.py:179} INFO - Processing /home/airflow/.local/lib/python3.8/site-packages/airflow/example_dags/example_xcom.py took 0.030 seconds
[2024-10-06T23:05:20.616+0000] {processor.py:157} INFO - Started process (PID=28027) to work on /home/airflow/.local/lib/python3.8/site-packages/airflow/example_dags/example_xcom.py
[2024-10-06T23:05:20.617+0000] {processor.py:829} INFO - Processing file /home/airflow/.local/lib/python3.8/site-packages/airflow/example_dags/example_xcom.py for tasks to queue
[2024-10-06T23:05:20.618+0000] {logging_mixin.py:154} INFO - [2024-10-06T23:05:20.618+0000] {dagbag.py:536} INFO - Filling up the DagBag from /home/airflow/.local/lib/python3.8/site-packages/airflow/example_dags/example_xcom.py
[2024-10-06T23:05:20.622+0000] {processor.py:839} INFO - DAG(s) dict_keys(['example_xcom']) retrieved from /home/airflow/.local/lib/python3.8/site-packages/airflow/example_dags/example_xcom.py
[2024-10-06T23:05:20.631+0000] {logging_mixin.py:154} INFO - [2024-10-06T23:05:20.631+0000] {dag.py:2941} INFO - Sync 1 DAGs
[2024-10-06T23:05:20.639+0000] {logging_mixin.py:154} INFO - [2024-10-06T23:05:20.639+0000] {dag.py:3722} INFO - Setting next_dagrun for example_xcom to 2021-01-01T00:00:00+00:00, run_after=2021-01-01T00:00:00+00:00
[2024-10-06T23:05:20.646+0000] {processor.py:179} INFO - Processing /home/airflow/.local/lib/python3.8/site-packages/airflow/example_dags/example_xcom.py took 0.031 seconds
[2024-10-06T23:05:51.025+0000] {processor.py:157} INFO - Started process (PID=28081) to work on /home/airflow/.local/lib/python3.8/site-packages/airflow/example_dags/example_xcom.py
[2024-10-06T23:05:51.025+0000] {processor.py:829} INFO - Processing file /home/airflow/.local/lib/python3.8/site-packages/airflow/example_dags/example_xcom.py for tasks to queue
[2024-10-06T23:05:51.026+0000] {logging_mixin.py:154} INFO - [2024-10-06T23:05:51.026+0000] {dagbag.py:536} INFO - Filling up the DagBag from /home/airflow/.local/lib/python3.8/site-packages/airflow/example_dags/example_xcom.py
[2024-10-06T23:05:51.029+0000] {processor.py:839} INFO - DAG(s) dict_keys(['example_xcom']) retrieved from /home/airflow/.local/lib/python3.8/site-packages/airflow/example_dags/example_xcom.py
[2024-10-06T23:05:51.038+0000] {logging_mixin.py:154} INFO - [2024-10-06T23:05:51.038+0000] {dag.py:2941} INFO - Sync 1 DAGs
[2024-10-06T23:05:51.045+0000] {logging_mixin.py:154} INFO - [2024-10-06T23:05:51.045+0000] {dag.py:3722} INFO - Setting next_dagrun for example_xcom to 2021-01-01T00:00:00+00:00, run_after=2021-01-01T00:00:00+00:00
[2024-10-06T23:05:51.051+0000] {processor.py:179} INFO - Processing /home/airflow/.local/lib/python3.8/site-packages/airflow/example_dags/example_xcom.py took 0.028 seconds
[2024-10-06T23:06:21.467+0000] {processor.py:157} INFO - Started process (PID=28135) to work on /home/airflow/.local/lib/python3.8/site-packages/airflow/example_dags/example_xcom.py
[2024-10-06T23:06:21.467+0000] {processor.py:829} INFO - Processing file /home/airflow/.local/lib/python3.8/site-packages/airflow/example_dags/example_xcom.py for tasks to queue
[2024-10-06T23:06:21.468+0000] {logging_mixin.py:154} INFO - [2024-10-06T23:06:21.468+0000] {dagbag.py:536} INFO - Filling up the DagBag from /home/airflow/.local/lib/python3.8/site-packages/airflow/example_dags/example_xcom.py
[2024-10-06T23:06:21.472+0000] {processor.py:839} INFO - DAG(s) dict_keys(['example_xcom']) retrieved from /home/airflow/.local/lib/python3.8/site-packages/airflow/example_dags/example_xcom.py
[2024-10-06T23:06:21.480+0000] {logging_mixin.py:154} INFO - [2024-10-06T23:06:21.480+0000] {dag.py:2941} INFO - Sync 1 DAGs
[2024-10-06T23:06:21.488+0000] {logging_mixin.py:154} INFO - [2024-10-06T23:06:21.488+0000] {dag.py:3722} INFO - Setting next_dagrun for example_xcom to 2021-01-01T00:00:00+00:00, run_after=2021-01-01T00:00:00+00:00
[2024-10-06T23:06:21.493+0000] {processor.py:179} INFO - Processing /home/airflow/.local/lib/python3.8/site-packages/airflow/example_dags/example_xcom.py took 0.028 seconds
[2024-10-06T23:06:51.899+0000] {processor.py:157} INFO - Started process (PID=28189) to work on /home/airflow/.local/lib/python3.8/site-packages/airflow/example_dags/example_xcom.py
[2024-10-06T23:06:51.899+0000] {processor.py:829} INFO - Processing file /home/airflow/.local/lib/python3.8/site-packages/airflow/example_dags/example_xcom.py for tasks to queue
[2024-10-06T23:06:51.900+0000] {logging_mixin.py:154} INFO - [2024-10-06T23:06:51.900+0000] {dagbag.py:536} INFO - Filling up the DagBag from /home/airflow/.local/lib/python3.8/site-packages/airflow/example_dags/example_xcom.py
[2024-10-06T23:06:51.904+0000] {processor.py:839} INFO - DAG(s) dict_keys(['example_xcom']) retrieved from /home/airflow/.local/lib/python3.8/site-packages/airflow/example_dags/example_xcom.py
[2024-10-06T23:06:51.913+0000] {logging_mixin.py:154} INFO - [2024-10-06T23:06:51.913+0000] {dag.py:2941} INFO - Sync 1 DAGs
[2024-10-06T23:06:51.921+0000] {logging_mixin.py:154} INFO - [2024-10-06T23:06:51.921+0000] {dag.py:3722} INFO - Setting next_dagrun for example_xcom to 2021-01-01T00:00:00+00:00, run_after=2021-01-01T00:00:00+00:00
[2024-10-06T23:06:51.927+0000] {processor.py:179} INFO - Processing /home/airflow/.local/lib/python3.8/site-packages/airflow/example_dags/example_xcom.py took 0.030 seconds
[2024-10-06T23:07:22.354+0000] {processor.py:157} INFO - Started process (PID=28243) to work on /home/airflow/.local/lib/python3.8/site-packages/airflow/example_dags/example_xcom.py
[2024-10-06T23:07:22.354+0000] {processor.py:829} INFO - Processing file /home/airflow/.local/lib/python3.8/site-packages/airflow/example_dags/example_xcom.py for tasks to queue
[2024-10-06T23:07:22.355+0000] {logging_mixin.py:154} INFO - [2024-10-06T23:07:22.355+0000] {dagbag.py:536} INFO - Filling up the DagBag from /home/airflow/.local/lib/python3.8/site-packages/airflow/example_dags/example_xcom.py
[2024-10-06T23:07:22.359+0000] {processor.py:839} INFO - DAG(s) dict_keys(['example_xcom']) retrieved from /home/airflow/.local/lib/python3.8/site-packages/airflow/example_dags/example_xcom.py
[2024-10-06T23:07:22.367+0000] {logging_mixin.py:154} INFO - [2024-10-06T23:07:22.367+0000] {dag.py:2941} INFO - Sync 1 DAGs
[2024-10-06T23:07:22.374+0000] {logging_mixin.py:154} INFO - [2024-10-06T23:07:22.374+0000] {dag.py:3722} INFO - Setting next_dagrun for example_xcom to 2021-01-01T00:00:00+00:00, run_after=2021-01-01T00:00:00+00:00
[2024-10-06T23:07:22.380+0000] {processor.py:179} INFO - Processing /home/airflow/.local/lib/python3.8/site-packages/airflow/example_dags/example_xcom.py took 0.028 seconds
[2024-10-06T23:07:52.796+0000] {processor.py:157} INFO - Started process (PID=28297) to work on /home/airflow/.local/lib/python3.8/site-packages/airflow/example_dags/example_xcom.py
[2024-10-06T23:07:52.796+0000] {processor.py:829} INFO - Processing file /home/airflow/.local/lib/python3.8/site-packages/airflow/example_dags/example_xcom.py for tasks to queue
[2024-10-06T23:07:52.797+0000] {logging_mixin.py:154} INFO - [2024-10-06T23:07:52.797+0000] {dagbag.py:536} INFO - Filling up the DagBag from /home/airflow/.local/lib/python3.8/site-packages/airflow/example_dags/example_xcom.py
[2024-10-06T23:07:52.801+0000] {processor.py:839} INFO - DAG(s) dict_keys(['example_xcom']) retrieved from /home/airflow/.local/lib/python3.8/site-packages/airflow/example_dags/example_xcom.py
[2024-10-06T23:07:52.810+0000] {logging_mixin.py:154} INFO - [2024-10-06T23:07:52.810+0000] {dag.py:2941} INFO - Sync 1 DAGs
[2024-10-06T23:07:52.818+0000] {logging_mixin.py:154} INFO - [2024-10-06T23:07:52.818+0000] {dag.py:3722} INFO - Setting next_dagrun for example_xcom to 2021-01-01T00:00:00+00:00, run_after=2021-01-01T00:00:00+00:00
[2024-10-06T23:07:52.825+0000] {processor.py:179} INFO - Processing /home/airflow/.local/lib/python3.8/site-packages/airflow/example_dags/example_xcom.py took 0.030 seconds
[2024-10-06T23:08:23.155+0000] {processor.py:157} INFO - Started process (PID=28358) to work on /home/airflow/.local/lib/python3.8/site-packages/airflow/example_dags/example_xcom.py
[2024-10-06T23:08:23.155+0000] {processor.py:829} INFO - Processing file /home/airflow/.local/lib/python3.8/site-packages/airflow/example_dags/example_xcom.py for tasks to queue
[2024-10-06T23:08:23.156+0000] {logging_mixin.py:154} INFO - [2024-10-06T23:08:23.156+0000] {dagbag.py:536} INFO - Filling up the DagBag from /home/airflow/.local/lib/python3.8/site-packages/airflow/example_dags/example_xcom.py
[2024-10-06T23:08:23.160+0000] {processor.py:839} INFO - DAG(s) dict_keys(['example_xcom']) retrieved from /home/airflow/.local/lib/python3.8/site-packages/airflow/example_dags/example_xcom.py
[2024-10-06T23:08:23.168+0000] {logging_mixin.py:154} INFO - [2024-10-06T23:08:23.168+0000] {dag.py:2941} INFO - Sync 1 DAGs
[2024-10-06T23:08:23.176+0000] {logging_mixin.py:154} INFO - [2024-10-06T23:08:23.176+0000] {dag.py:3722} INFO - Setting next_dagrun for example_xcom to 2021-01-01T00:00:00+00:00, run_after=2021-01-01T00:00:00+00:00
[2024-10-06T23:08:23.182+0000] {processor.py:179} INFO - Processing /home/airflow/.local/lib/python3.8/site-packages/airflow/example_dags/example_xcom.py took 0.028 seconds
[2024-10-06T23:08:53.594+0000] {processor.py:157} INFO - Started process (PID=28412) to work on /home/airflow/.local/lib/python3.8/site-packages/airflow/example_dags/example_xcom.py
[2024-10-06T23:08:53.594+0000] {processor.py:829} INFO - Processing file /home/airflow/.local/lib/python3.8/site-packages/airflow/example_dags/example_xcom.py for tasks to queue
[2024-10-06T23:08:53.595+0000] {logging_mixin.py:154} INFO - [2024-10-06T23:08:53.595+0000] {dagbag.py:536} INFO - Filling up the DagBag from /home/airflow/.local/lib/python3.8/site-packages/airflow/example_dags/example_xcom.py
[2024-10-06T23:08:53.599+0000] {processor.py:839} INFO - DAG(s) dict_keys(['example_xcom']) retrieved from /home/airflow/.local/lib/python3.8/site-packages/airflow/example_dags/example_xcom.py
[2024-10-06T23:08:53.607+0000] {logging_mixin.py:154} INFO - [2024-10-06T23:08:53.607+0000] {dag.py:2941} INFO - Sync 1 DAGs
[2024-10-06T23:08:53.615+0000] {logging_mixin.py:154} INFO - [2024-10-06T23:08:53.615+0000] {dag.py:3722} INFO - Setting next_dagrun for example_xcom to 2021-01-01T00:00:00+00:00, run_after=2021-01-01T00:00:00+00:00
[2024-10-06T23:08:53.621+0000] {processor.py:179} INFO - Processing /home/airflow/.local/lib/python3.8/site-packages/airflow/example_dags/example_xcom.py took 0.028 seconds
[2024-10-06T23:09:23.978+0000] {processor.py:157} INFO - Started process (PID=28466) to work on /home/airflow/.local/lib/python3.8/site-packages/airflow/example_dags/example_xcom.py
[2024-10-06T23:09:23.978+0000] {processor.py:829} INFO - Processing file /home/airflow/.local/lib/python3.8/site-packages/airflow/example_dags/example_xcom.py for tasks to queue
[2024-10-06T23:09:23.979+0000] {logging_mixin.py:154} INFO - [2024-10-06T23:09:23.979+0000] {dagbag.py:536} INFO - Filling up the DagBag from /home/airflow/.local/lib/python3.8/site-packages/airflow/example_dags/example_xcom.py
[2024-10-06T23:09:23.982+0000] {processor.py:839} INFO - DAG(s) dict_keys(['example_xcom']) retrieved from /home/airflow/.local/lib/python3.8/site-packages/airflow/example_dags/example_xcom.py
[2024-10-06T23:09:23.991+0000] {logging_mixin.py:154} INFO - [2024-10-06T23:09:23.991+0000] {dag.py:2941} INFO - Sync 1 DAGs
[2024-10-06T23:09:23.998+0000] {logging_mixin.py:154} INFO - [2024-10-06T23:09:23.998+0000] {dag.py:3722} INFO - Setting next_dagrun for example_xcom to 2021-01-01T00:00:00+00:00, run_after=2021-01-01T00:00:00+00:00
[2024-10-06T23:09:24.004+0000] {processor.py:179} INFO - Processing /home/airflow/.local/lib/python3.8/site-packages/airflow/example_dags/example_xcom.py took 0.028 seconds
[2024-10-06T23:09:54.475+0000] {processor.py:157} INFO - Started process (PID=28520) to work on /home/airflow/.local/lib/python3.8/site-packages/airflow/example_dags/example_xcom.py
[2024-10-06T23:09:54.476+0000] {processor.py:829} INFO - Processing file /home/airflow/.local/lib/python3.8/site-packages/airflow/example_dags/example_xcom.py for tasks to queue
[2024-10-06T23:09:54.477+0000] {logging_mixin.py:154} INFO - [2024-10-06T23:09:54.477+0000] {dagbag.py:536} INFO - Filling up the DagBag from /home/airflow/.local/lib/python3.8/site-packages/airflow/example_dags/example_xcom.py
[2024-10-06T23:09:54.481+0000] {processor.py:839} INFO - DAG(s) dict_keys(['example_xcom']) retrieved from /home/airflow/.local/lib/python3.8/site-packages/airflow/example_dags/example_xcom.py
[2024-10-06T23:09:54.490+0000] {logging_mixin.py:154} INFO - [2024-10-06T23:09:54.490+0000] {dag.py:2941} INFO - Sync 1 DAGs
[2024-10-06T23:09:54.499+0000] {logging_mixin.py:154} INFO - [2024-10-06T23:09:54.498+0000] {dag.py:3722} INFO - Setting next_dagrun for example_xcom to 2021-01-01T00:00:00+00:00, run_after=2021-01-01T00:00:00+00:00
[2024-10-06T23:09:54.505+0000] {processor.py:179} INFO - Processing /home/airflow/.local/lib/python3.8/site-packages/airflow/example_dags/example_xcom.py took 0.031 seconds
[2024-10-06T23:10:24.910+0000] {processor.py:157} INFO - Started process (PID=28574) to work on /home/airflow/.local/lib/python3.8/site-packages/airflow/example_dags/example_xcom.py
[2024-10-06T23:10:24.911+0000] {processor.py:829} INFO - Processing file /home/airflow/.local/lib/python3.8/site-packages/airflow/example_dags/example_xcom.py for tasks to queue
[2024-10-06T23:10:24.912+0000] {logging_mixin.py:154} INFO - [2024-10-06T23:10:24.912+0000] {dagbag.py:536} INFO - Filling up the DagBag from /home/airflow/.local/lib/python3.8/site-packages/airflow/example_dags/example_xcom.py
[2024-10-06T23:10:24.916+0000] {processor.py:839} INFO - DAG(s) dict_keys(['example_xcom']) retrieved from /home/airflow/.local/lib/python3.8/site-packages/airflow/example_dags/example_xcom.py
[2024-10-06T23:10:24.925+0000] {logging_mixin.py:154} INFO - [2024-10-06T23:10:24.925+0000] {dag.py:2941} INFO - Sync 1 DAGs
[2024-10-06T23:10:24.933+0000] {logging_mixin.py:154} INFO - [2024-10-06T23:10:24.933+0000] {dag.py:3722} INFO - Setting next_dagrun for example_xcom to 2021-01-01T00:00:00+00:00, run_after=2021-01-01T00:00:00+00:00
[2024-10-06T23:10:24.940+0000] {processor.py:179} INFO - Processing /home/airflow/.local/lib/python3.8/site-packages/airflow/example_dags/example_xcom.py took 0.031 seconds
[2024-10-06T23:10:55.308+0000] {processor.py:157} INFO - Started process (PID=28628) to work on /home/airflow/.local/lib/python3.8/site-packages/airflow/example_dags/example_xcom.py
[2024-10-06T23:10:55.309+0000] {processor.py:829} INFO - Processing file /home/airflow/.local/lib/python3.8/site-packages/airflow/example_dags/example_xcom.py for tasks to queue
[2024-10-06T23:10:55.310+0000] {logging_mixin.py:154} INFO - [2024-10-06T23:10:55.310+0000] {dagbag.py:536} INFO - Filling up the DagBag from /home/airflow/.local/lib/python3.8/site-packages/airflow/example_dags/example_xcom.py
[2024-10-06T23:10:55.313+0000] {processor.py:839} INFO - DAG(s) dict_keys(['example_xcom']) retrieved from /home/airflow/.local/lib/python3.8/site-packages/airflow/example_dags/example_xcom.py
[2024-10-06T23:10:55.322+0000] {logging_mixin.py:154} INFO - [2024-10-06T23:10:55.322+0000] {dag.py:2941} INFO - Sync 1 DAGs
[2024-10-06T23:10:55.331+0000] {logging_mixin.py:154} INFO - [2024-10-06T23:10:55.331+0000] {dag.py:3722} INFO - Setting next_dagrun for example_xcom to 2021-01-01T00:00:00+00:00, run_after=2021-01-01T00:00:00+00:00
[2024-10-06T23:10:55.337+0000] {processor.py:179} INFO - Processing /home/airflow/.local/lib/python3.8/site-packages/airflow/example_dags/example_xcom.py took 0.031 seconds
[2024-10-06T23:11:25.757+0000] {processor.py:157} INFO - Started process (PID=28682) to work on /home/airflow/.local/lib/python3.8/site-packages/airflow/example_dags/example_xcom.py
[2024-10-06T23:11:25.757+0000] {processor.py:829} INFO - Processing file /home/airflow/.local/lib/python3.8/site-packages/airflow/example_dags/example_xcom.py for tasks to queue
[2024-10-06T23:11:25.759+0000] {logging_mixin.py:154} INFO - [2024-10-06T23:11:25.758+0000] {dagbag.py:536} INFO - Filling up the DagBag from /home/airflow/.local/lib/python3.8/site-packages/airflow/example_dags/example_xcom.py
[2024-10-06T23:11:25.763+0000] {processor.py:839} INFO - DAG(s) dict_keys(['example_xcom']) retrieved from /home/airflow/.local/lib/python3.8/site-packages/airflow/example_dags/example_xcom.py
[2024-10-06T23:11:25.772+0000] {logging_mixin.py:154} INFO - [2024-10-06T23:11:25.772+0000] {dag.py:2941} INFO - Sync 1 DAGs
[2024-10-06T23:11:25.781+0000] {logging_mixin.py:154} INFO - [2024-10-06T23:11:25.781+0000] {dag.py:3722} INFO - Setting next_dagrun for example_xcom to 2021-01-01T00:00:00+00:00, run_after=2021-01-01T00:00:00+00:00
[2024-10-06T23:11:25.787+0000] {processor.py:179} INFO - Processing /home/airflow/.local/lib/python3.8/site-packages/airflow/example_dags/example_xcom.py took 0.032 seconds
[2024-10-06T23:11:56.225+0000] {processor.py:157} INFO - Started process (PID=28736) to work on /home/airflow/.local/lib/python3.8/site-packages/airflow/example_dags/example_xcom.py
[2024-10-06T23:11:56.226+0000] {processor.py:829} INFO - Processing file /home/airflow/.local/lib/python3.8/site-packages/airflow/example_dags/example_xcom.py for tasks to queue
[2024-10-06T23:11:56.227+0000] {logging_mixin.py:154} INFO - [2024-10-06T23:11:56.227+0000] {dagbag.py:536} INFO - Filling up the DagBag from /home/airflow/.local/lib/python3.8/site-packages/airflow/example_dags/example_xcom.py
[2024-10-06T23:11:56.231+0000] {processor.py:839} INFO - DAG(s) dict_keys(['example_xcom']) retrieved from /home/airflow/.local/lib/python3.8/site-packages/airflow/example_dags/example_xcom.py
[2024-10-06T23:11:56.241+0000] {logging_mixin.py:154} INFO - [2024-10-06T23:11:56.241+0000] {dag.py:2941} INFO - Sync 1 DAGs
[2024-10-06T23:11:56.251+0000] {logging_mixin.py:154} INFO - [2024-10-06T23:11:56.251+0000] {dag.py:3722} INFO - Setting next_dagrun for example_xcom to 2021-01-01T00:00:00+00:00, run_after=2021-01-01T00:00:00+00:00
[2024-10-06T23:11:56.257+0000] {processor.py:179} INFO - Processing /home/airflow/.local/lib/python3.8/site-packages/airflow/example_dags/example_xcom.py took 0.034 seconds
[2024-10-06T23:12:26.688+0000] {processor.py:157} INFO - Started process (PID=28790) to work on /home/airflow/.local/lib/python3.8/site-packages/airflow/example_dags/example_xcom.py
[2024-10-06T23:12:26.688+0000] {processor.py:829} INFO - Processing file /home/airflow/.local/lib/python3.8/site-packages/airflow/example_dags/example_xcom.py for tasks to queue
[2024-10-06T23:12:26.689+0000] {logging_mixin.py:154} INFO - [2024-10-06T23:12:26.689+0000] {dagbag.py:536} INFO - Filling up the DagBag from /home/airflow/.local/lib/python3.8/site-packages/airflow/example_dags/example_xcom.py
[2024-10-06T23:12:26.693+0000] {processor.py:839} INFO - DAG(s) dict_keys(['example_xcom']) retrieved from /home/airflow/.local/lib/python3.8/site-packages/airflow/example_dags/example_xcom.py
[2024-10-06T23:12:26.702+0000] {logging_mixin.py:154} INFO - [2024-10-06T23:12:26.702+0000] {dag.py:2941} INFO - Sync 1 DAGs
[2024-10-06T23:12:26.711+0000] {logging_mixin.py:154} INFO - [2024-10-06T23:12:26.711+0000] {dag.py:3722} INFO - Setting next_dagrun for example_xcom to 2021-01-01T00:00:00+00:00, run_after=2021-01-01T00:00:00+00:00
[2024-10-06T23:12:26.717+0000] {processor.py:179} INFO - Processing /home/airflow/.local/lib/python3.8/site-packages/airflow/example_dags/example_xcom.py took 0.031 seconds
[2024-10-06T23:12:57.182+0000] {processor.py:157} INFO - Started process (PID=28844) to work on /home/airflow/.local/lib/python3.8/site-packages/airflow/example_dags/example_xcom.py
[2024-10-06T23:12:57.183+0000] {processor.py:829} INFO - Processing file /home/airflow/.local/lib/python3.8/site-packages/airflow/example_dags/example_xcom.py for tasks to queue
[2024-10-06T23:12:57.184+0000] {logging_mixin.py:154} INFO - [2024-10-06T23:12:57.184+0000] {dagbag.py:536} INFO - Filling up the DagBag from /home/airflow/.local/lib/python3.8/site-packages/airflow/example_dags/example_xcom.py
[2024-10-06T23:12:57.187+0000] {processor.py:839} INFO - DAG(s) dict_keys(['example_xcom']) retrieved from /home/airflow/.local/lib/python3.8/site-packages/airflow/example_dags/example_xcom.py
[2024-10-06T23:12:57.196+0000] {logging_mixin.py:154} INFO - [2024-10-06T23:12:57.196+0000] {dag.py:2941} INFO - Sync 1 DAGs
[2024-10-06T23:12:57.204+0000] {logging_mixin.py:154} INFO - [2024-10-06T23:12:57.204+0000] {dag.py:3722} INFO - Setting next_dagrun for example_xcom to 2021-01-01T00:00:00+00:00, run_after=2021-01-01T00:00:00+00:00
[2024-10-06T23:12:57.210+0000] {processor.py:179} INFO - Processing /home/airflow/.local/lib/python3.8/site-packages/airflow/example_dags/example_xcom.py took 0.029 seconds
[2024-10-06T23:13:27.604+0000] {processor.py:157} INFO - Started process (PID=28898) to work on /home/airflow/.local/lib/python3.8/site-packages/airflow/example_dags/example_xcom.py
[2024-10-06T23:13:27.605+0000] {processor.py:829} INFO - Processing file /home/airflow/.local/lib/python3.8/site-packages/airflow/example_dags/example_xcom.py for tasks to queue
[2024-10-06T23:13:27.606+0000] {logging_mixin.py:154} INFO - [2024-10-06T23:13:27.606+0000] {dagbag.py:536} INFO - Filling up the DagBag from /home/airflow/.local/lib/python3.8/site-packages/airflow/example_dags/example_xcom.py
[2024-10-06T23:13:27.609+0000] {processor.py:839} INFO - DAG(s) dict_keys(['example_xcom']) retrieved from /home/airflow/.local/lib/python3.8/site-packages/airflow/example_dags/example_xcom.py
[2024-10-06T23:13:27.617+0000] {logging_mixin.py:154} INFO - [2024-10-06T23:13:27.617+0000] {dag.py:2941} INFO - Sync 1 DAGs
[2024-10-06T23:13:27.625+0000] {logging_mixin.py:154} INFO - [2024-10-06T23:13:27.625+0000] {dag.py:3722} INFO - Setting next_dagrun for example_xcom to 2021-01-01T00:00:00+00:00, run_after=2021-01-01T00:00:00+00:00
[2024-10-06T23:13:27.631+0000] {processor.py:179} INFO - Processing /home/airflow/.local/lib/python3.8/site-packages/airflow/example_dags/example_xcom.py took 0.028 seconds
[2024-10-06T23:13:58.090+0000] {processor.py:157} INFO - Started process (PID=28952) to work on /home/airflow/.local/lib/python3.8/site-packages/airflow/example_dags/example_xcom.py
[2024-10-06T23:13:58.090+0000] {processor.py:829} INFO - Processing file /home/airflow/.local/lib/python3.8/site-packages/airflow/example_dags/example_xcom.py for tasks to queue
[2024-10-06T23:13:58.092+0000] {logging_mixin.py:154} INFO - [2024-10-06T23:13:58.091+0000] {dagbag.py:536} INFO - Filling up the DagBag from /home/airflow/.local/lib/python3.8/site-packages/airflow/example_dags/example_xcom.py
[2024-10-06T23:13:58.095+0000] {processor.py:839} INFO - DAG(s) dict_keys(['example_xcom']) retrieved from /home/airflow/.local/lib/python3.8/site-packages/airflow/example_dags/example_xcom.py
[2024-10-06T23:13:58.103+0000] {logging_mixin.py:154} INFO - [2024-10-06T23:13:58.103+0000] {dag.py:2941} INFO - Sync 1 DAGs
[2024-10-06T23:13:58.111+0000] {logging_mixin.py:154} INFO - [2024-10-06T23:13:58.111+0000] {dag.py:3722} INFO - Setting next_dagrun for example_xcom to 2021-01-01T00:00:00+00:00, run_after=2021-01-01T00:00:00+00:00
[2024-10-06T23:13:58.117+0000] {processor.py:179} INFO - Processing /home/airflow/.local/lib/python3.8/site-packages/airflow/example_dags/example_xcom.py took 0.028 seconds
[2024-10-06T23:14:28.555+0000] {processor.py:157} INFO - Started process (PID=29006) to work on /home/airflow/.local/lib/python3.8/site-packages/airflow/example_dags/example_xcom.py
[2024-10-06T23:14:28.555+0000] {processor.py:829} INFO - Processing file /home/airflow/.local/lib/python3.8/site-packages/airflow/example_dags/example_xcom.py for tasks to queue
[2024-10-06T23:14:28.556+0000] {logging_mixin.py:154} INFO - [2024-10-06T23:14:28.556+0000] {dagbag.py:536} INFO - Filling up the DagBag from /home/airflow/.local/lib/python3.8/site-packages/airflow/example_dags/example_xcom.py
[2024-10-06T23:14:28.560+0000] {processor.py:839} INFO - DAG(s) dict_keys(['example_xcom']) retrieved from /home/airflow/.local/lib/python3.8/site-packages/airflow/example_dags/example_xcom.py
[2024-10-06T23:14:28.568+0000] {logging_mixin.py:154} INFO - [2024-10-06T23:14:28.568+0000] {dag.py:2941} INFO - Sync 1 DAGs
[2024-10-06T23:14:28.576+0000] {logging_mixin.py:154} INFO - [2024-10-06T23:14:28.576+0000] {dag.py:3722} INFO - Setting next_dagrun for example_xcom to 2021-01-01T00:00:00+00:00, run_after=2021-01-01T00:00:00+00:00
[2024-10-06T23:14:28.582+0000] {processor.py:179} INFO - Processing /home/airflow/.local/lib/python3.8/site-packages/airflow/example_dags/example_xcom.py took 0.028 seconds
[2024-10-06T23:14:58.997+0000] {processor.py:157} INFO - Started process (PID=29060) to work on /home/airflow/.local/lib/python3.8/site-packages/airflow/example_dags/example_xcom.py
[2024-10-06T23:14:58.998+0000] {processor.py:829} INFO - Processing file /home/airflow/.local/lib/python3.8/site-packages/airflow/example_dags/example_xcom.py for tasks to queue
[2024-10-06T23:14:58.999+0000] {logging_mixin.py:154} INFO - [2024-10-06T23:14:58.999+0000] {dagbag.py:536} INFO - Filling up the DagBag from /home/airflow/.local/lib/python3.8/site-packages/airflow/example_dags/example_xcom.py
[2024-10-06T23:14:59.003+0000] {processor.py:839} INFO - DAG(s) dict_keys(['example_xcom']) retrieved from /home/airflow/.local/lib/python3.8/site-packages/airflow/example_dags/example_xcom.py
[2024-10-06T23:14:59.012+0000] {logging_mixin.py:154} INFO - [2024-10-06T23:14:59.011+0000] {dag.py:2941} INFO - Sync 1 DAGs
[2024-10-06T23:14:59.020+0000] {logging_mixin.py:154} INFO - [2024-10-06T23:14:59.020+0000] {dag.py:3722} INFO - Setting next_dagrun for example_xcom to 2021-01-01T00:00:00+00:00, run_after=2021-01-01T00:00:00+00:00
[2024-10-06T23:14:59.026+0000] {processor.py:179} INFO - Processing /home/airflow/.local/lib/python3.8/site-packages/airflow/example_dags/example_xcom.py took 0.031 seconds
[2024-10-06T23:15:29.443+0000] {processor.py:157} INFO - Started process (PID=29114) to work on /home/airflow/.local/lib/python3.8/site-packages/airflow/example_dags/example_xcom.py
[2024-10-06T23:15:29.443+0000] {processor.py:829} INFO - Processing file /home/airflow/.local/lib/python3.8/site-packages/airflow/example_dags/example_xcom.py for tasks to queue
[2024-10-06T23:15:29.444+0000] {logging_mixin.py:154} INFO - [2024-10-06T23:15:29.444+0000] {dagbag.py:536} INFO - Filling up the DagBag from /home/airflow/.local/lib/python3.8/site-packages/airflow/example_dags/example_xcom.py
[2024-10-06T23:15:29.448+0000] {processor.py:839} INFO - DAG(s) dict_keys(['example_xcom']) retrieved from /home/airflow/.local/lib/python3.8/site-packages/airflow/example_dags/example_xcom.py
[2024-10-06T23:15:29.458+0000] {logging_mixin.py:154} INFO - [2024-10-06T23:15:29.458+0000] {dag.py:2941} INFO - Sync 1 DAGs
[2024-10-06T23:15:29.466+0000] {logging_mixin.py:154} INFO - [2024-10-06T23:15:29.466+0000] {dag.py:3722} INFO - Setting next_dagrun for example_xcom to 2021-01-01T00:00:00+00:00, run_after=2021-01-01T00:00:00+00:00
[2024-10-06T23:15:29.472+0000] {processor.py:179} INFO - Processing /home/airflow/.local/lib/python3.8/site-packages/airflow/example_dags/example_xcom.py took 0.031 seconds
[2024-10-06T23:54:57.107+0000] {processor.py:157} INFO - Started process (PID=29161) to work on /home/airflow/.local/lib/python3.8/site-packages/airflow/example_dags/example_xcom.py
[2024-10-06T23:54:57.107+0000] {processor.py:829} INFO - Processing file /home/airflow/.local/lib/python3.8/site-packages/airflow/example_dags/example_xcom.py for tasks to queue
[2024-10-06T23:54:57.108+0000] {logging_mixin.py:154} INFO - [2024-10-06T23:54:57.108+0000] {dagbag.py:536} INFO - Filling up the DagBag from /home/airflow/.local/lib/python3.8/site-packages/airflow/example_dags/example_xcom.py
[2024-10-06T23:54:57.112+0000] {processor.py:839} INFO - DAG(s) dict_keys(['example_xcom']) retrieved from /home/airflow/.local/lib/python3.8/site-packages/airflow/example_dags/example_xcom.py
[2024-10-06T23:54:57.120+0000] {logging_mixin.py:154} INFO - [2024-10-06T23:54:57.120+0000] {dag.py:2941} INFO - Sync 1 DAGs
[2024-10-06T23:54:57.129+0000] {logging_mixin.py:154} INFO - [2024-10-06T23:54:57.128+0000] {dag.py:3722} INFO - Setting next_dagrun for example_xcom to 2021-01-01T00:00:00+00:00, run_after=2021-01-01T00:00:00+00:00
[2024-10-06T23:54:57.135+0000] {processor.py:179} INFO - Processing /home/airflow/.local/lib/python3.8/site-packages/airflow/example_dags/example_xcom.py took 0.030 seconds
