[2024-10-06T00:48:01.520+0000] {processor.py:157} INFO - Started process (PID=25791) to work on /home/airflow/.local/lib/python3.8/site-packages/airflow/example_dags/example_skip_dag.py
[2024-10-06T00:48:01.520+0000] {processor.py:829} INFO - Processing file /home/airflow/.local/lib/python3.8/site-packages/airflow/example_dags/example_skip_dag.py for tasks to queue
[2024-10-06T00:48:01.521+0000] {logging_mixin.py:154} INFO - [2024-10-06T00:48:01.521+0000] {dagbag.py:536} INFO - Filling up the DagBag from /home/airflow/.local/lib/python3.8/site-packages/airflow/example_dags/example_skip_dag.py
[2024-10-06T00:48:01.524+0000] {processor.py:839} INFO - DAG(s) dict_keys(['example_skip_dag']) retrieved from /home/airflow/.local/lib/python3.8/site-packages/airflow/example_dags/example_skip_dag.py
[2024-10-06T00:48:01.533+0000] {logging_mixin.py:154} INFO - [2024-10-06T00:48:01.533+0000] {dag.py:2941} INFO - Sync 1 DAGs
[2024-10-06T00:48:01.542+0000] {logging_mixin.py:154} INFO - [2024-10-06T00:48:01.542+0000] {dag.py:3722} INFO - Setting next_dagrun for example_skip_dag to 2024-10-05T00:48:01.542183+00:00, run_after=2024-10-06T00:48:01.542183+00:00
[2024-10-06T00:48:01.549+0000] {processor.py:179} INFO - Processing /home/airflow/.local/lib/python3.8/site-packages/airflow/example_dags/example_skip_dag.py took 0.031 seconds
[2024-10-06T00:59:18.523+0000] {processor.py:157} INFO - Started process (PID=25845) to work on /home/airflow/.local/lib/python3.8/site-packages/airflow/example_dags/example_skip_dag.py
[2024-10-06T00:59:18.523+0000] {processor.py:829} INFO - Processing file /home/airflow/.local/lib/python3.8/site-packages/airflow/example_dags/example_skip_dag.py for tasks to queue
[2024-10-06T00:59:18.525+0000] {logging_mixin.py:154} INFO - [2024-10-06T00:59:18.525+0000] {dagbag.py:536} INFO - Filling up the DagBag from /home/airflow/.local/lib/python3.8/site-packages/airflow/example_dags/example_skip_dag.py
[2024-10-06T00:59:18.529+0000] {processor.py:839} INFO - DAG(s) dict_keys(['example_skip_dag']) retrieved from /home/airflow/.local/lib/python3.8/site-packages/airflow/example_dags/example_skip_dag.py
[2024-10-06T00:59:18.541+0000] {logging_mixin.py:154} INFO - [2024-10-06T00:59:18.541+0000] {dag.py:2941} INFO - Sync 1 DAGs
[2024-10-06T00:59:18.551+0000] {logging_mixin.py:154} INFO - [2024-10-06T00:59:18.551+0000] {dag.py:3722} INFO - Setting next_dagrun for example_skip_dag to 2024-10-05T00:59:18.551232+00:00, run_after=2024-10-06T00:59:18.551232+00:00
[2024-10-06T00:59:18.560+0000] {processor.py:179} INFO - Processing /home/airflow/.local/lib/python3.8/site-packages/airflow/example_dags/example_skip_dag.py took 0.039 seconds
[2024-10-06T02:12:19.556+0000] {processor.py:157} INFO - Started process (PID=25899) to work on /home/airflow/.local/lib/python3.8/site-packages/airflow/example_dags/example_skip_dag.py
[2024-10-06T02:12:19.557+0000] {processor.py:829} INFO - Processing file /home/airflow/.local/lib/python3.8/site-packages/airflow/example_dags/example_skip_dag.py for tasks to queue
[2024-10-06T02:12:19.557+0000] {logging_mixin.py:154} INFO - [2024-10-06T02:12:19.557+0000] {dagbag.py:536} INFO - Filling up the DagBag from /home/airflow/.local/lib/python3.8/site-packages/airflow/example_dags/example_skip_dag.py
[2024-10-06T02:12:19.560+0000] {processor.py:839} INFO - DAG(s) dict_keys(['example_skip_dag']) retrieved from /home/airflow/.local/lib/python3.8/site-packages/airflow/example_dags/example_skip_dag.py
[2024-10-06T02:12:19.569+0000] {logging_mixin.py:154} INFO - [2024-10-06T02:12:19.569+0000] {dag.py:2941} INFO - Sync 1 DAGs
[2024-10-06T02:12:19.577+0000] {logging_mixin.py:154} INFO - [2024-10-06T02:12:19.577+0000] {dag.py:3722} INFO - Setting next_dagrun for example_skip_dag to 2024-10-05T02:12:19.577747+00:00, run_after=2024-10-06T02:12:19.577747+00:00
[2024-10-06T02:12:19.585+0000] {processor.py:179} INFO - Processing /home/airflow/.local/lib/python3.8/site-packages/airflow/example_dags/example_skip_dag.py took 0.030 seconds
[2024-10-06T02:48:46.896+0000] {processor.py:157} INFO - Started process (PID=25953) to work on /home/airflow/.local/lib/python3.8/site-packages/airflow/example_dags/example_skip_dag.py
[2024-10-06T02:48:46.897+0000] {processor.py:829} INFO - Processing file /home/airflow/.local/lib/python3.8/site-packages/airflow/example_dags/example_skip_dag.py for tasks to queue
[2024-10-06T02:48:46.898+0000] {logging_mixin.py:154} INFO - [2024-10-06T02:48:46.898+0000] {dagbag.py:536} INFO - Filling up the DagBag from /home/airflow/.local/lib/python3.8/site-packages/airflow/example_dags/example_skip_dag.py
[2024-10-06T02:48:46.902+0000] {processor.py:839} INFO - DAG(s) dict_keys(['example_skip_dag']) retrieved from /home/airflow/.local/lib/python3.8/site-packages/airflow/example_dags/example_skip_dag.py
[2024-10-06T02:48:46.913+0000] {logging_mixin.py:154} INFO - [2024-10-06T02:48:46.912+0000] {dag.py:2941} INFO - Sync 1 DAGs
[2024-10-06T02:48:46.923+0000] {logging_mixin.py:154} INFO - [2024-10-06T02:48:46.923+0000] {dag.py:3722} INFO - Setting next_dagrun for example_skip_dag to 2024-10-05T02:48:46.923158+00:00, run_after=2024-10-06T02:48:46.923158+00:00
[2024-10-06T02:48:46.931+0000] {processor.py:179} INFO - Processing /home/airflow/.local/lib/python3.8/site-packages/airflow/example_dags/example_skip_dag.py took 0.038 seconds
[2024-10-06T03:19:22.395+0000] {processor.py:157} INFO - Started process (PID=26007) to work on /home/airflow/.local/lib/python3.8/site-packages/airflow/example_dags/example_skip_dag.py
[2024-10-06T03:19:22.396+0000] {processor.py:829} INFO - Processing file /home/airflow/.local/lib/python3.8/site-packages/airflow/example_dags/example_skip_dag.py for tasks to queue
[2024-10-06T03:19:22.397+0000] {logging_mixin.py:154} INFO - [2024-10-06T03:19:22.397+0000] {dagbag.py:536} INFO - Filling up the DagBag from /home/airflow/.local/lib/python3.8/site-packages/airflow/example_dags/example_skip_dag.py
[2024-10-06T03:19:22.401+0000] {processor.py:839} INFO - DAG(s) dict_keys(['example_skip_dag']) retrieved from /home/airflow/.local/lib/python3.8/site-packages/airflow/example_dags/example_skip_dag.py
[2024-10-06T03:19:22.416+0000] {logging_mixin.py:154} INFO - [2024-10-06T03:19:22.416+0000] {dag.py:2941} INFO - Sync 1 DAGs
[2024-10-06T03:19:22.426+0000] {logging_mixin.py:154} INFO - [2024-10-06T03:19:22.426+0000] {dag.py:3722} INFO - Setting next_dagrun for example_skip_dag to 2024-10-05T03:19:22.425997+00:00, run_after=2024-10-06T03:19:22.425997+00:00
[2024-10-06T03:19:22.435+0000] {processor.py:179} INFO - Processing /home/airflow/.local/lib/python3.8/site-packages/airflow/example_dags/example_skip_dag.py took 0.042 seconds
[2024-10-06T04:34:56.066+0000] {processor.py:157} INFO - Started process (PID=26061) to work on /home/airflow/.local/lib/python3.8/site-packages/airflow/example_dags/example_skip_dag.py
[2024-10-06T04:34:56.067+0000] {processor.py:829} INFO - Processing file /home/airflow/.local/lib/python3.8/site-packages/airflow/example_dags/example_skip_dag.py for tasks to queue
[2024-10-06T04:34:56.069+0000] {logging_mixin.py:154} INFO - [2024-10-06T04:34:56.069+0000] {dagbag.py:536} INFO - Filling up the DagBag from /home/airflow/.local/lib/python3.8/site-packages/airflow/example_dags/example_skip_dag.py
[2024-10-06T04:34:56.074+0000] {processor.py:839} INFO - DAG(s) dict_keys(['example_skip_dag']) retrieved from /home/airflow/.local/lib/python3.8/site-packages/airflow/example_dags/example_skip_dag.py
[2024-10-06T04:34:56.088+0000] {logging_mixin.py:154} INFO - [2024-10-06T04:34:56.088+0000] {dag.py:2941} INFO - Sync 1 DAGs
[2024-10-06T04:34:56.100+0000] {logging_mixin.py:154} INFO - [2024-10-06T04:34:56.100+0000] {dag.py:3722} INFO - Setting next_dagrun for example_skip_dag to 2024-10-05T04:34:56.100406+00:00, run_after=2024-10-06T04:34:56.100406+00:00
[2024-10-06T04:34:56.110+0000] {processor.py:179} INFO - Processing /home/airflow/.local/lib/python3.8/site-packages/airflow/example_dags/example_skip_dag.py took 0.046 seconds
[2024-10-06T05:54:00.838+0000] {processor.py:157} INFO - Started process (PID=26115) to work on /home/airflow/.local/lib/python3.8/site-packages/airflow/example_dags/example_skip_dag.py
[2024-10-06T05:54:00.839+0000] {processor.py:829} INFO - Processing file /home/airflow/.local/lib/python3.8/site-packages/airflow/example_dags/example_skip_dag.py for tasks to queue
[2024-10-06T05:54:00.840+0000] {logging_mixin.py:154} INFO - [2024-10-06T05:54:00.840+0000] {dagbag.py:536} INFO - Filling up the DagBag from /home/airflow/.local/lib/python3.8/site-packages/airflow/example_dags/example_skip_dag.py
[2024-10-06T05:54:00.843+0000] {processor.py:839} INFO - DAG(s) dict_keys(['example_skip_dag']) retrieved from /home/airflow/.local/lib/python3.8/site-packages/airflow/example_dags/example_skip_dag.py
[2024-10-06T05:54:00.852+0000] {logging_mixin.py:154} INFO - [2024-10-06T05:54:00.852+0000] {dag.py:2941} INFO - Sync 1 DAGs
[2024-10-06T05:54:00.861+0000] {logging_mixin.py:154} INFO - [2024-10-06T05:54:00.861+0000] {dag.py:3722} INFO - Setting next_dagrun for example_skip_dag to 2024-10-05T05:54:00.861103+00:00, run_after=2024-10-06T05:54:00.861103+00:00
[2024-10-06T05:54:00.867+0000] {processor.py:179} INFO - Processing /home/airflow/.local/lib/python3.8/site-packages/airflow/example_dags/example_skip_dag.py took 0.030 seconds
[2024-10-06T06:41:06.635+0000] {processor.py:157} INFO - Started process (PID=26169) to work on /home/airflow/.local/lib/python3.8/site-packages/airflow/example_dags/example_skip_dag.py
[2024-10-06T06:41:06.636+0000] {processor.py:829} INFO - Processing file /home/airflow/.local/lib/python3.8/site-packages/airflow/example_dags/example_skip_dag.py for tasks to queue
[2024-10-06T06:41:06.637+0000] {logging_mixin.py:154} INFO - [2024-10-06T06:41:06.637+0000] {dagbag.py:536} INFO - Filling up the DagBag from /home/airflow/.local/lib/python3.8/site-packages/airflow/example_dags/example_skip_dag.py
[2024-10-06T06:41:06.640+0000] {processor.py:839} INFO - DAG(s) dict_keys(['example_skip_dag']) retrieved from /home/airflow/.local/lib/python3.8/site-packages/airflow/example_dags/example_skip_dag.py
[2024-10-06T06:41:06.649+0000] {logging_mixin.py:154} INFO - [2024-10-06T06:41:06.649+0000] {dag.py:2941} INFO - Sync 1 DAGs
[2024-10-06T06:41:06.657+0000] {logging_mixin.py:154} INFO - [2024-10-06T06:41:06.657+0000] {dag.py:3722} INFO - Setting next_dagrun for example_skip_dag to 2024-10-05T06:41:06.657034+00:00, run_after=2024-10-06T06:41:06.657034+00:00
[2024-10-06T06:41:06.663+0000] {processor.py:179} INFO - Processing /home/airflow/.local/lib/python3.8/site-packages/airflow/example_dags/example_skip_dag.py took 0.029 seconds
[2024-10-06T08:19:29.246+0000] {processor.py:157} INFO - Started process (PID=26223) to work on /home/airflow/.local/lib/python3.8/site-packages/airflow/example_dags/example_skip_dag.py
[2024-10-06T08:19:29.247+0000] {processor.py:829} INFO - Processing file /home/airflow/.local/lib/python3.8/site-packages/airflow/example_dags/example_skip_dag.py for tasks to queue
[2024-10-06T08:19:29.248+0000] {logging_mixin.py:154} INFO - [2024-10-06T08:19:29.248+0000] {dagbag.py:536} INFO - Filling up the DagBag from /home/airflow/.local/lib/python3.8/site-packages/airflow/example_dags/example_skip_dag.py
[2024-10-06T08:19:29.252+0000] {processor.py:839} INFO - DAG(s) dict_keys(['example_skip_dag']) retrieved from /home/airflow/.local/lib/python3.8/site-packages/airflow/example_dags/example_skip_dag.py
[2024-10-06T08:19:29.265+0000] {logging_mixin.py:154} INFO - [2024-10-06T08:19:29.264+0000] {dag.py:2941} INFO - Sync 1 DAGs
[2024-10-06T08:19:29.276+0000] {logging_mixin.py:154} INFO - [2024-10-06T08:19:29.276+0000] {dag.py:3722} INFO - Setting next_dagrun for example_skip_dag to 2024-10-05T08:19:29.275877+00:00, run_after=2024-10-06T08:19:29.275877+00:00
[2024-10-06T08:19:29.286+0000] {processor.py:179} INFO - Processing /home/airflow/.local/lib/python3.8/site-packages/airflow/example_dags/example_skip_dag.py took 0.042 seconds
[2024-10-06T09:31:45.350+0000] {processor.py:157} INFO - Started process (PID=26277) to work on /home/airflow/.local/lib/python3.8/site-packages/airflow/example_dags/example_skip_dag.py
[2024-10-06T09:31:45.350+0000] {processor.py:829} INFO - Processing file /home/airflow/.local/lib/python3.8/site-packages/airflow/example_dags/example_skip_dag.py for tasks to queue
[2024-10-06T09:31:45.351+0000] {logging_mixin.py:154} INFO - [2024-10-06T09:31:45.351+0000] {dagbag.py:536} INFO - Filling up the DagBag from /home/airflow/.local/lib/python3.8/site-packages/airflow/example_dags/example_skip_dag.py
[2024-10-06T09:31:45.354+0000] {processor.py:839} INFO - DAG(s) dict_keys(['example_skip_dag']) retrieved from /home/airflow/.local/lib/python3.8/site-packages/airflow/example_dags/example_skip_dag.py
[2024-10-06T09:31:45.364+0000] {logging_mixin.py:154} INFO - [2024-10-06T09:31:45.363+0000] {dag.py:2941} INFO - Sync 1 DAGs
[2024-10-06T09:31:45.373+0000] {logging_mixin.py:154} INFO - [2024-10-06T09:31:45.373+0000] {dag.py:3722} INFO - Setting next_dagrun for example_skip_dag to 2024-10-05T09:31:45.372922+00:00, run_after=2024-10-06T09:31:45.372922+00:00
[2024-10-06T09:31:45.379+0000] {processor.py:179} INFO - Processing /home/airflow/.local/lib/python3.8/site-packages/airflow/example_dags/example_skip_dag.py took 0.031 seconds
[2024-10-06T10:45:25.072+0000] {processor.py:157} INFO - Started process (PID=26331) to work on /home/airflow/.local/lib/python3.8/site-packages/airflow/example_dags/example_skip_dag.py
[2024-10-06T10:45:25.073+0000] {processor.py:829} INFO - Processing file /home/airflow/.local/lib/python3.8/site-packages/airflow/example_dags/example_skip_dag.py for tasks to queue
[2024-10-06T10:45:25.074+0000] {logging_mixin.py:154} INFO - [2024-10-06T10:45:25.074+0000] {dagbag.py:536} INFO - Filling up the DagBag from /home/airflow/.local/lib/python3.8/site-packages/airflow/example_dags/example_skip_dag.py
[2024-10-06T10:45:25.078+0000] {processor.py:839} INFO - DAG(s) dict_keys(['example_skip_dag']) retrieved from /home/airflow/.local/lib/python3.8/site-packages/airflow/example_dags/example_skip_dag.py
[2024-10-06T10:45:25.090+0000] {logging_mixin.py:154} INFO - [2024-10-06T10:45:25.089+0000] {dag.py:2941} INFO - Sync 1 DAGs
[2024-10-06T10:45:25.100+0000] {logging_mixin.py:154} INFO - [2024-10-06T10:45:25.100+0000] {dag.py:3722} INFO - Setting next_dagrun for example_skip_dag to 2024-10-05T10:45:25.099940+00:00, run_after=2024-10-06T10:45:25.099940+00:00
[2024-10-06T10:45:25.110+0000] {processor.py:179} INFO - Processing /home/airflow/.local/lib/python3.8/site-packages/airflow/example_dags/example_skip_dag.py took 0.040 seconds
[2024-10-06T11:46:25.611+0000] {processor.py:157} INFO - Started process (PID=26385) to work on /home/airflow/.local/lib/python3.8/site-packages/airflow/example_dags/example_skip_dag.py
[2024-10-06T11:46:25.612+0000] {processor.py:829} INFO - Processing file /home/airflow/.local/lib/python3.8/site-packages/airflow/example_dags/example_skip_dag.py for tasks to queue
[2024-10-06T11:46:25.614+0000] {logging_mixin.py:154} INFO - [2024-10-06T11:46:25.613+0000] {dagbag.py:536} INFO - Filling up the DagBag from /home/airflow/.local/lib/python3.8/site-packages/airflow/example_dags/example_skip_dag.py
[2024-10-06T11:46:25.618+0000] {processor.py:839} INFO - DAG(s) dict_keys(['example_skip_dag']) retrieved from /home/airflow/.local/lib/python3.8/site-packages/airflow/example_dags/example_skip_dag.py
[2024-10-06T11:46:25.630+0000] {logging_mixin.py:154} INFO - [2024-10-06T11:46:25.630+0000] {dag.py:2941} INFO - Sync 1 DAGs
[2024-10-06T11:46:25.643+0000] {logging_mixin.py:154} INFO - [2024-10-06T11:46:25.642+0000] {dag.py:3722} INFO - Setting next_dagrun for example_skip_dag to 2024-10-05T11:46:25.642818+00:00, run_after=2024-10-06T11:46:25.642818+00:00
[2024-10-06T11:46:25.653+0000] {processor.py:179} INFO - Processing /home/airflow/.local/lib/python3.8/site-packages/airflow/example_dags/example_skip_dag.py took 0.044 seconds
[2024-10-06T12:33:57.193+0000] {processor.py:157} INFO - Started process (PID=26439) to work on /home/airflow/.local/lib/python3.8/site-packages/airflow/example_dags/example_skip_dag.py
[2024-10-06T12:33:57.194+0000] {processor.py:829} INFO - Processing file /home/airflow/.local/lib/python3.8/site-packages/airflow/example_dags/example_skip_dag.py for tasks to queue
[2024-10-06T12:33:57.195+0000] {logging_mixin.py:154} INFO - [2024-10-06T12:33:57.195+0000] {dagbag.py:536} INFO - Filling up the DagBag from /home/airflow/.local/lib/python3.8/site-packages/airflow/example_dags/example_skip_dag.py
[2024-10-06T12:33:57.198+0000] {processor.py:839} INFO - DAG(s) dict_keys(['example_skip_dag']) retrieved from /home/airflow/.local/lib/python3.8/site-packages/airflow/example_dags/example_skip_dag.py
[2024-10-06T12:33:57.207+0000] {logging_mixin.py:154} INFO - [2024-10-06T12:33:57.207+0000] {dag.py:2941} INFO - Sync 1 DAGs
[2024-10-06T12:33:57.216+0000] {logging_mixin.py:154} INFO - [2024-10-06T12:33:57.216+0000] {dag.py:3722} INFO - Setting next_dagrun for example_skip_dag to 2024-10-05T12:33:57.216729+00:00, run_after=2024-10-06T12:33:57.216729+00:00
[2024-10-06T12:33:57.223+0000] {processor.py:179} INFO - Processing /home/airflow/.local/lib/python3.8/site-packages/airflow/example_dags/example_skip_dag.py took 0.032 seconds
[2024-10-06T13:17:27.792+0000] {processor.py:157} INFO - Started process (PID=26493) to work on /home/airflow/.local/lib/python3.8/site-packages/airflow/example_dags/example_skip_dag.py
[2024-10-06T13:17:27.793+0000] {processor.py:829} INFO - Processing file /home/airflow/.local/lib/python3.8/site-packages/airflow/example_dags/example_skip_dag.py for tasks to queue
[2024-10-06T13:17:27.795+0000] {logging_mixin.py:154} INFO - [2024-10-06T13:17:27.795+0000] {dagbag.py:536} INFO - Filling up the DagBag from /home/airflow/.local/lib/python3.8/site-packages/airflow/example_dags/example_skip_dag.py
[2024-10-06T13:17:27.798+0000] {processor.py:839} INFO - DAG(s) dict_keys(['example_skip_dag']) retrieved from /home/airflow/.local/lib/python3.8/site-packages/airflow/example_dags/example_skip_dag.py
[2024-10-06T13:17:27.811+0000] {logging_mixin.py:154} INFO - [2024-10-06T13:17:27.811+0000] {dag.py:2941} INFO - Sync 1 DAGs
[2024-10-06T13:17:27.822+0000] {logging_mixin.py:154} INFO - [2024-10-06T13:17:27.822+0000] {dag.py:3722} INFO - Setting next_dagrun for example_skip_dag to 2024-10-05T13:17:27.822279+00:00, run_after=2024-10-06T13:17:27.822279+00:00
[2024-10-06T13:17:27.832+0000] {processor.py:179} INFO - Processing /home/airflow/.local/lib/python3.8/site-packages/airflow/example_dags/example_skip_dag.py took 0.041 seconds
[2024-10-06T14:49:26.248+0000] {processor.py:157} INFO - Started process (PID=26547) to work on /home/airflow/.local/lib/python3.8/site-packages/airflow/example_dags/example_skip_dag.py
[2024-10-06T14:49:26.248+0000] {processor.py:829} INFO - Processing file /home/airflow/.local/lib/python3.8/site-packages/airflow/example_dags/example_skip_dag.py for tasks to queue
[2024-10-06T14:49:26.250+0000] {logging_mixin.py:154} INFO - [2024-10-06T14:49:26.250+0000] {dagbag.py:536} INFO - Filling up the DagBag from /home/airflow/.local/lib/python3.8/site-packages/airflow/example_dags/example_skip_dag.py
[2024-10-06T14:49:26.254+0000] {processor.py:839} INFO - DAG(s) dict_keys(['example_skip_dag']) retrieved from /home/airflow/.local/lib/python3.8/site-packages/airflow/example_dags/example_skip_dag.py
[2024-10-06T14:49:26.267+0000] {logging_mixin.py:154} INFO - [2024-10-06T14:49:26.266+0000] {dag.py:2941} INFO - Sync 1 DAGs
[2024-10-06T14:49:26.278+0000] {logging_mixin.py:154} INFO - [2024-10-06T14:49:26.278+0000] {dag.py:3722} INFO - Setting next_dagrun for example_skip_dag to 2024-10-05T14:49:26.278223+00:00, run_after=2024-10-06T14:49:26.278223+00:00
[2024-10-06T14:49:26.287+0000] {processor.py:179} INFO - Processing /home/airflow/.local/lib/python3.8/site-packages/airflow/example_dags/example_skip_dag.py took 0.041 seconds
[2024-10-06T15:50:30.419+0000] {processor.py:157} INFO - Started process (PID=26601) to work on /home/airflow/.local/lib/python3.8/site-packages/airflow/example_dags/example_skip_dag.py
[2024-10-06T15:50:30.420+0000] {processor.py:829} INFO - Processing file /home/airflow/.local/lib/python3.8/site-packages/airflow/example_dags/example_skip_dag.py for tasks to queue
[2024-10-06T15:50:30.422+0000] {logging_mixin.py:154} INFO - [2024-10-06T15:50:30.422+0000] {dagbag.py:536} INFO - Filling up the DagBag from /home/airflow/.local/lib/python3.8/site-packages/airflow/example_dags/example_skip_dag.py
[2024-10-06T15:50:30.426+0000] {processor.py:839} INFO - DAG(s) dict_keys(['example_skip_dag']) retrieved from /home/airflow/.local/lib/python3.8/site-packages/airflow/example_dags/example_skip_dag.py
[2024-10-06T15:50:30.440+0000] {logging_mixin.py:154} INFO - [2024-10-06T15:50:30.439+0000] {dag.py:2941} INFO - Sync 1 DAGs
[2024-10-06T15:50:30.452+0000] {logging_mixin.py:154} INFO - [2024-10-06T15:50:30.452+0000] {dag.py:3722} INFO - Setting next_dagrun for example_skip_dag to 2024-10-05T15:50:30.452526+00:00, run_after=2024-10-06T15:50:30.452526+00:00
[2024-10-06T15:50:30.463+0000] {processor.py:179} INFO - Processing /home/airflow/.local/lib/python3.8/site-packages/airflow/example_dags/example_skip_dag.py took 0.046 seconds
[2024-10-06T16:11:23.503+0000] {processor.py:157} INFO - Started process (PID=26655) to work on /home/airflow/.local/lib/python3.8/site-packages/airflow/example_dags/example_skip_dag.py
[2024-10-06T16:11:23.504+0000] {processor.py:829} INFO - Processing file /home/airflow/.local/lib/python3.8/site-packages/airflow/example_dags/example_skip_dag.py for tasks to queue
[2024-10-06T16:11:23.506+0000] {logging_mixin.py:154} INFO - [2024-10-06T16:11:23.506+0000] {dagbag.py:536} INFO - Filling up the DagBag from /home/airflow/.local/lib/python3.8/site-packages/airflow/example_dags/example_skip_dag.py
[2024-10-06T16:11:23.510+0000] {processor.py:839} INFO - DAG(s) dict_keys(['example_skip_dag']) retrieved from /home/airflow/.local/lib/python3.8/site-packages/airflow/example_dags/example_skip_dag.py
[2024-10-06T16:11:23.523+0000] {logging_mixin.py:154} INFO - [2024-10-06T16:11:23.523+0000] {dag.py:2941} INFO - Sync 1 DAGs
[2024-10-06T16:11:23.535+0000] {logging_mixin.py:154} INFO - [2024-10-06T16:11:23.535+0000] {dag.py:3722} INFO - Setting next_dagrun for example_skip_dag to 2024-10-05T16:11:23.534913+00:00, run_after=2024-10-06T16:11:23.534913+00:00
[2024-10-06T16:11:23.544+0000] {processor.py:179} INFO - Processing /home/airflow/.local/lib/python3.8/site-packages/airflow/example_dags/example_skip_dag.py took 0.044 seconds
[2024-10-06T16:17:00.405+0000] {processor.py:157} INFO - Started process (PID=26709) to work on /home/airflow/.local/lib/python3.8/site-packages/airflow/example_dags/example_skip_dag.py
[2024-10-06T16:17:00.406+0000] {processor.py:829} INFO - Processing file /home/airflow/.local/lib/python3.8/site-packages/airflow/example_dags/example_skip_dag.py for tasks to queue
[2024-10-06T16:17:00.407+0000] {logging_mixin.py:154} INFO - [2024-10-06T16:17:00.407+0000] {dagbag.py:536} INFO - Filling up the DagBag from /home/airflow/.local/lib/python3.8/site-packages/airflow/example_dags/example_skip_dag.py
[2024-10-06T16:17:00.412+0000] {processor.py:839} INFO - DAG(s) dict_keys(['example_skip_dag']) retrieved from /home/airflow/.local/lib/python3.8/site-packages/airflow/example_dags/example_skip_dag.py
[2024-10-06T16:17:00.425+0000] {logging_mixin.py:154} INFO - [2024-10-06T16:17:00.424+0000] {dag.py:2941} INFO - Sync 1 DAGs
[2024-10-06T16:17:00.437+0000] {logging_mixin.py:154} INFO - [2024-10-06T16:17:00.437+0000] {dag.py:3722} INFO - Setting next_dagrun for example_skip_dag to 2024-10-05T16:17:00.436910+00:00, run_after=2024-10-06T16:17:00.436910+00:00
[2024-10-06T16:17:00.444+0000] {processor.py:179} INFO - Processing /home/airflow/.local/lib/python3.8/site-packages/airflow/example_dags/example_skip_dag.py took 0.042 seconds
[2024-10-06T17:25:37.293+0000] {processor.py:157} INFO - Started process (PID=26763) to work on /home/airflow/.local/lib/python3.8/site-packages/airflow/example_dags/example_skip_dag.py
[2024-10-06T17:25:37.294+0000] {processor.py:829} INFO - Processing file /home/airflow/.local/lib/python3.8/site-packages/airflow/example_dags/example_skip_dag.py for tasks to queue
[2024-10-06T17:25:37.295+0000] {logging_mixin.py:154} INFO - [2024-10-06T17:25:37.295+0000] {dagbag.py:536} INFO - Filling up the DagBag from /home/airflow/.local/lib/python3.8/site-packages/airflow/example_dags/example_skip_dag.py
[2024-10-06T17:25:37.300+0000] {processor.py:839} INFO - DAG(s) dict_keys(['example_skip_dag']) retrieved from /home/airflow/.local/lib/python3.8/site-packages/airflow/example_dags/example_skip_dag.py
[2024-10-06T17:25:37.314+0000] {logging_mixin.py:154} INFO - [2024-10-06T17:25:37.313+0000] {dag.py:2941} INFO - Sync 1 DAGs
[2024-10-06T17:25:37.327+0000] {logging_mixin.py:154} INFO - [2024-10-06T17:25:37.327+0000] {dag.py:3722} INFO - Setting next_dagrun for example_skip_dag to 2024-10-05T17:25:37.327146+00:00, run_after=2024-10-06T17:25:37.327146+00:00
[2024-10-06T17:25:37.338+0000] {processor.py:179} INFO - Processing /home/airflow/.local/lib/python3.8/site-packages/airflow/example_dags/example_skip_dag.py took 0.047 seconds
[2024-10-06T17:48:09.687+0000] {processor.py:157} INFO - Started process (PID=26817) to work on /home/airflow/.local/lib/python3.8/site-packages/airflow/example_dags/example_skip_dag.py
[2024-10-06T17:48:09.688+0000] {processor.py:829} INFO - Processing file /home/airflow/.local/lib/python3.8/site-packages/airflow/example_dags/example_skip_dag.py for tasks to queue
[2024-10-06T17:48:09.689+0000] {logging_mixin.py:154} INFO - [2024-10-06T17:48:09.689+0000] {dagbag.py:536} INFO - Filling up the DagBag from /home/airflow/.local/lib/python3.8/site-packages/airflow/example_dags/example_skip_dag.py
[2024-10-06T17:48:09.692+0000] {processor.py:839} INFO - DAG(s) dict_keys(['example_skip_dag']) retrieved from /home/airflow/.local/lib/python3.8/site-packages/airflow/example_dags/example_skip_dag.py
[2024-10-06T17:48:09.704+0000] {logging_mixin.py:154} INFO - [2024-10-06T17:48:09.704+0000] {dag.py:2941} INFO - Sync 1 DAGs
[2024-10-06T17:48:09.716+0000] {logging_mixin.py:154} INFO - [2024-10-06T17:48:09.716+0000] {dag.py:3722} INFO - Setting next_dagrun for example_skip_dag to 2024-10-05T17:48:09.715973+00:00, run_after=2024-10-06T17:48:09.715973+00:00
[2024-10-06T17:48:09.726+0000] {processor.py:179} INFO - Processing /home/airflow/.local/lib/python3.8/site-packages/airflow/example_dags/example_skip_dag.py took 0.041 seconds
[2024-10-06T18:17:57.994+0000] {processor.py:157} INFO - Started process (PID=26871) to work on /home/airflow/.local/lib/python3.8/site-packages/airflow/example_dags/example_skip_dag.py
[2024-10-06T18:17:57.994+0000] {processor.py:829} INFO - Processing file /home/airflow/.local/lib/python3.8/site-packages/airflow/example_dags/example_skip_dag.py for tasks to queue
[2024-10-06T18:17:57.995+0000] {logging_mixin.py:154} INFO - [2024-10-06T18:17:57.995+0000] {dagbag.py:536} INFO - Filling up the DagBag from /home/airflow/.local/lib/python3.8/site-packages/airflow/example_dags/example_skip_dag.py
[2024-10-06T18:17:57.999+0000] {processor.py:839} INFO - DAG(s) dict_keys(['example_skip_dag']) retrieved from /home/airflow/.local/lib/python3.8/site-packages/airflow/example_dags/example_skip_dag.py
[2024-10-06T18:17:58.008+0000] {logging_mixin.py:154} INFO - [2024-10-06T18:17:58.008+0000] {dag.py:2941} INFO - Sync 1 DAGs
[2024-10-06T18:17:58.016+0000] {logging_mixin.py:154} INFO - [2024-10-06T18:17:58.016+0000] {dag.py:3722} INFO - Setting next_dagrun for example_skip_dag to 2024-10-05T18:17:58.016522+00:00, run_after=2024-10-06T18:17:58.016522+00:00
[2024-10-06T18:17:58.023+0000] {processor.py:179} INFO - Processing /home/airflow/.local/lib/python3.8/site-packages/airflow/example_dags/example_skip_dag.py took 0.030 seconds
[2024-10-06T19:43:22.565+0000] {processor.py:157} INFO - Started process (PID=26925) to work on /home/airflow/.local/lib/python3.8/site-packages/airflow/example_dags/example_skip_dag.py
[2024-10-06T19:43:22.566+0000] {processor.py:829} INFO - Processing file /home/airflow/.local/lib/python3.8/site-packages/airflow/example_dags/example_skip_dag.py for tasks to queue
[2024-10-06T19:43:22.567+0000] {logging_mixin.py:154} INFO - [2024-10-06T19:43:22.567+0000] {dagbag.py:536} INFO - Filling up the DagBag from /home/airflow/.local/lib/python3.8/site-packages/airflow/example_dags/example_skip_dag.py
[2024-10-06T19:43:22.571+0000] {processor.py:839} INFO - DAG(s) dict_keys(['example_skip_dag']) retrieved from /home/airflow/.local/lib/python3.8/site-packages/airflow/example_dags/example_skip_dag.py
[2024-10-06T19:43:22.584+0000] {logging_mixin.py:154} INFO - [2024-10-06T19:43:22.583+0000] {dag.py:2941} INFO - Sync 1 DAGs
[2024-10-06T19:43:22.595+0000] {logging_mixin.py:154} INFO - [2024-10-06T19:43:22.595+0000] {dag.py:3722} INFO - Setting next_dagrun for example_skip_dag to 2024-10-05T19:43:22.595000+00:00, run_after=2024-10-06T19:43:22.595000+00:00
[2024-10-06T19:43:22.608+0000] {processor.py:179} INFO - Processing /home/airflow/.local/lib/python3.8/site-packages/airflow/example_dags/example_skip_dag.py took 0.045 seconds
[2024-10-06T20:31:09.710+0000] {processor.py:157} INFO - Started process (PID=26979) to work on /home/airflow/.local/lib/python3.8/site-packages/airflow/example_dags/example_skip_dag.py
[2024-10-06T20:31:09.711+0000] {processor.py:829} INFO - Processing file /home/airflow/.local/lib/python3.8/site-packages/airflow/example_dags/example_skip_dag.py for tasks to queue
[2024-10-06T20:31:09.712+0000] {logging_mixin.py:154} INFO - [2024-10-06T20:31:09.712+0000] {dagbag.py:536} INFO - Filling up the DagBag from /home/airflow/.local/lib/python3.8/site-packages/airflow/example_dags/example_skip_dag.py
[2024-10-06T20:31:09.715+0000] {processor.py:839} INFO - DAG(s) dict_keys(['example_skip_dag']) retrieved from /home/airflow/.local/lib/python3.8/site-packages/airflow/example_dags/example_skip_dag.py
[2024-10-06T20:31:09.724+0000] {logging_mixin.py:154} INFO - [2024-10-06T20:31:09.723+0000] {dag.py:2941} INFO - Sync 1 DAGs
[2024-10-06T20:31:09.731+0000] {logging_mixin.py:154} INFO - [2024-10-06T20:31:09.731+0000] {dag.py:3722} INFO - Setting next_dagrun for example_skip_dag to 2024-10-05T20:31:09.731592+00:00, run_after=2024-10-06T20:31:09.731592+00:00
[2024-10-06T20:31:09.738+0000] {processor.py:179} INFO - Processing /home/airflow/.local/lib/python3.8/site-packages/airflow/example_dags/example_skip_dag.py took 0.029 seconds
[2024-10-06T20:40:14.632+0000] {processor.py:157} INFO - Started process (PID=27033) to work on /home/airflow/.local/lib/python3.8/site-packages/airflow/example_dags/example_skip_dag.py
[2024-10-06T20:40:14.635+0000] {processor.py:829} INFO - Processing file /home/airflow/.local/lib/python3.8/site-packages/airflow/example_dags/example_skip_dag.py for tasks to queue
[2024-10-06T20:40:14.637+0000] {logging_mixin.py:154} INFO - [2024-10-06T20:40:14.637+0000] {dagbag.py:536} INFO - Filling up the DagBag from /home/airflow/.local/lib/python3.8/site-packages/airflow/example_dags/example_skip_dag.py
[2024-10-06T20:40:14.640+0000] {processor.py:839} INFO - DAG(s) dict_keys(['example_skip_dag']) retrieved from /home/airflow/.local/lib/python3.8/site-packages/airflow/example_dags/example_skip_dag.py
[2024-10-06T20:40:14.653+0000] {logging_mixin.py:154} INFO - [2024-10-06T20:40:14.652+0000] {dag.py:2941} INFO - Sync 1 DAGs
[2024-10-06T20:40:14.663+0000] {logging_mixin.py:154} INFO - [2024-10-06T20:40:14.663+0000] {dag.py:3722} INFO - Setting next_dagrun for example_skip_dag to 2024-10-05T20:40:14.663260+00:00, run_after=2024-10-06T20:40:14.663260+00:00
[2024-10-06T20:40:14.672+0000] {processor.py:179} INFO - Processing /home/airflow/.local/lib/python3.8/site-packages/airflow/example_dags/example_skip_dag.py took 0.042 seconds
[2024-10-06T20:43:24.994+0000] {processor.py:157} INFO - Started process (PID=27087) to work on /home/airflow/.local/lib/python3.8/site-packages/airflow/example_dags/example_skip_dag.py
[2024-10-06T20:43:24.994+0000] {processor.py:829} INFO - Processing file /home/airflow/.local/lib/python3.8/site-packages/airflow/example_dags/example_skip_dag.py for tasks to queue
[2024-10-06T20:43:24.995+0000] {logging_mixin.py:154} INFO - [2024-10-06T20:43:24.995+0000] {dagbag.py:536} INFO - Filling up the DagBag from /home/airflow/.local/lib/python3.8/site-packages/airflow/example_dags/example_skip_dag.py
[2024-10-06T20:43:24.997+0000] {processor.py:839} INFO - DAG(s) dict_keys(['example_skip_dag']) retrieved from /home/airflow/.local/lib/python3.8/site-packages/airflow/example_dags/example_skip_dag.py
[2024-10-06T20:43:25.006+0000] {logging_mixin.py:154} INFO - [2024-10-06T20:43:25.006+0000] {dag.py:2941} INFO - Sync 1 DAGs
[2024-10-06T20:43:25.014+0000] {logging_mixin.py:154} INFO - [2024-10-06T20:43:25.014+0000] {dag.py:3722} INFO - Setting next_dagrun for example_skip_dag to 2024-10-05T20:43:25.014711+00:00, run_after=2024-10-06T20:43:25.014711+00:00
[2024-10-06T20:43:25.021+0000] {processor.py:179} INFO - Processing /home/airflow/.local/lib/python3.8/site-packages/airflow/example_dags/example_skip_dag.py took 0.029 seconds
[2024-10-06T21:12:03.229+0000] {processor.py:157} INFO - Started process (PID=27141) to work on /home/airflow/.local/lib/python3.8/site-packages/airflow/example_dags/example_skip_dag.py
[2024-10-06T21:12:03.230+0000] {processor.py:829} INFO - Processing file /home/airflow/.local/lib/python3.8/site-packages/airflow/example_dags/example_skip_dag.py for tasks to queue
[2024-10-06T21:12:03.231+0000] {logging_mixin.py:154} INFO - [2024-10-06T21:12:03.231+0000] {dagbag.py:536} INFO - Filling up the DagBag from /home/airflow/.local/lib/python3.8/site-packages/airflow/example_dags/example_skip_dag.py
[2024-10-06T21:12:03.234+0000] {processor.py:839} INFO - DAG(s) dict_keys(['example_skip_dag']) retrieved from /home/airflow/.local/lib/python3.8/site-packages/airflow/example_dags/example_skip_dag.py
[2024-10-06T21:12:03.248+0000] {logging_mixin.py:154} INFO - [2024-10-06T21:12:03.248+0000] {dag.py:2941} INFO - Sync 1 DAGs
[2024-10-06T21:12:03.260+0000] {logging_mixin.py:154} INFO - [2024-10-06T21:12:03.260+0000] {dag.py:3722} INFO - Setting next_dagrun for example_skip_dag to 2024-10-05T21:12:03.260504+00:00, run_after=2024-10-06T21:12:03.260504+00:00
[2024-10-06T21:12:03.270+0000] {processor.py:179} INFO - Processing /home/airflow/.local/lib/python3.8/site-packages/airflow/example_dags/example_skip_dag.py took 0.043 seconds
[2024-10-06T21:13:26.046+0000] {processor.py:157} INFO - Started process (PID=27195) to work on /home/airflow/.local/lib/python3.8/site-packages/airflow/example_dags/example_skip_dag.py
[2024-10-06T21:13:26.047+0000] {processor.py:829} INFO - Processing file /home/airflow/.local/lib/python3.8/site-packages/airflow/example_dags/example_skip_dag.py for tasks to queue
[2024-10-06T21:13:26.048+0000] {logging_mixin.py:154} INFO - [2024-10-06T21:13:26.047+0000] {dagbag.py:536} INFO - Filling up the DagBag from /home/airflow/.local/lib/python3.8/site-packages/airflow/example_dags/example_skip_dag.py
[2024-10-06T21:13:26.050+0000] {processor.py:839} INFO - DAG(s) dict_keys(['example_skip_dag']) retrieved from /home/airflow/.local/lib/python3.8/site-packages/airflow/example_dags/example_skip_dag.py
[2024-10-06T21:13:26.059+0000] {logging_mixin.py:154} INFO - [2024-10-06T21:13:26.059+0000] {dag.py:2941} INFO - Sync 1 DAGs
[2024-10-06T21:13:26.067+0000] {logging_mixin.py:154} INFO - [2024-10-06T21:13:26.067+0000] {dag.py:3722} INFO - Setting next_dagrun for example_skip_dag to 2024-10-05T21:13:26.067806+00:00, run_after=2024-10-06T21:13:26.067806+00:00
[2024-10-06T21:13:26.075+0000] {processor.py:179} INFO - Processing /home/airflow/.local/lib/python3.8/site-packages/airflow/example_dags/example_skip_dag.py took 0.030 seconds
[2024-10-06T21:24:00.157+0000] {processor.py:157} INFO - Started process (PID=27249) to work on /home/airflow/.local/lib/python3.8/site-packages/airflow/example_dags/example_skip_dag.py
[2024-10-06T21:24:00.157+0000] {processor.py:829} INFO - Processing file /home/airflow/.local/lib/python3.8/site-packages/airflow/example_dags/example_skip_dag.py for tasks to queue
[2024-10-06T21:24:00.158+0000] {logging_mixin.py:154} INFO - [2024-10-06T21:24:00.158+0000] {dagbag.py:536} INFO - Filling up the DagBag from /home/airflow/.local/lib/python3.8/site-packages/airflow/example_dags/example_skip_dag.py
[2024-10-06T21:24:00.162+0000] {processor.py:839} INFO - DAG(s) dict_keys(['example_skip_dag']) retrieved from /home/airflow/.local/lib/python3.8/site-packages/airflow/example_dags/example_skip_dag.py
[2024-10-06T21:24:00.170+0000] {logging_mixin.py:154} INFO - [2024-10-06T21:24:00.170+0000] {dag.py:2941} INFO - Sync 1 DAGs
[2024-10-06T21:24:00.178+0000] {logging_mixin.py:154} INFO - [2024-10-06T21:24:00.178+0000] {dag.py:3722} INFO - Setting next_dagrun for example_skip_dag to 2024-10-05T21:24:00.178209+00:00, run_after=2024-10-06T21:24:00.178209+00:00
[2024-10-06T21:24:00.184+0000] {processor.py:179} INFO - Processing /home/airflow/.local/lib/python3.8/site-packages/airflow/example_dags/example_skip_dag.py took 0.029 seconds
[2024-10-06T22:02:21.864+0000] {processor.py:157} INFO - Started process (PID=27303) to work on /home/airflow/.local/lib/python3.8/site-packages/airflow/example_dags/example_skip_dag.py
[2024-10-06T22:02:21.864+0000] {processor.py:829} INFO - Processing file /home/airflow/.local/lib/python3.8/site-packages/airflow/example_dags/example_skip_dag.py for tasks to queue
[2024-10-06T22:02:21.865+0000] {logging_mixin.py:154} INFO - [2024-10-06T22:02:21.865+0000] {dagbag.py:536} INFO - Filling up the DagBag from /home/airflow/.local/lib/python3.8/site-packages/airflow/example_dags/example_skip_dag.py
[2024-10-06T22:02:21.868+0000] {processor.py:839} INFO - DAG(s) dict_keys(['example_skip_dag']) retrieved from /home/airflow/.local/lib/python3.8/site-packages/airflow/example_dags/example_skip_dag.py
[2024-10-06T22:02:21.877+0000] {logging_mixin.py:154} INFO - [2024-10-06T22:02:21.877+0000] {dag.py:2941} INFO - Sync 1 DAGs
[2024-10-06T22:02:21.886+0000] {logging_mixin.py:154} INFO - [2024-10-06T22:02:21.886+0000] {dag.py:3722} INFO - Setting next_dagrun for example_skip_dag to 2024-10-05T22:02:21.886294+00:00, run_after=2024-10-06T22:02:21.886294+00:00
[2024-10-06T22:02:21.893+0000] {processor.py:179} INFO - Processing /home/airflow/.local/lib/python3.8/site-packages/airflow/example_dags/example_skip_dag.py took 0.030 seconds
[2024-10-06T22:28:54.842+0000] {processor.py:157} INFO - Started process (PID=27357) to work on /home/airflow/.local/lib/python3.8/site-packages/airflow/example_dags/example_skip_dag.py
[2024-10-06T22:28:54.843+0000] {processor.py:829} INFO - Processing file /home/airflow/.local/lib/python3.8/site-packages/airflow/example_dags/example_skip_dag.py for tasks to queue
[2024-10-06T22:28:54.844+0000] {logging_mixin.py:154} INFO - [2024-10-06T22:28:54.844+0000] {dagbag.py:536} INFO - Filling up the DagBag from /home/airflow/.local/lib/python3.8/site-packages/airflow/example_dags/example_skip_dag.py
[2024-10-06T22:28:54.848+0000] {processor.py:839} INFO - DAG(s) dict_keys(['example_skip_dag']) retrieved from /home/airflow/.local/lib/python3.8/site-packages/airflow/example_dags/example_skip_dag.py
[2024-10-06T22:28:54.858+0000] {logging_mixin.py:154} INFO - [2024-10-06T22:28:54.858+0000] {dag.py:2941} INFO - Sync 1 DAGs
[2024-10-06T22:28:54.867+0000] {logging_mixin.py:154} INFO - [2024-10-06T22:28:54.867+0000] {dag.py:3722} INFO - Setting next_dagrun for example_skip_dag to 2024-10-05T22:28:54.867314+00:00, run_after=2024-10-06T22:28:54.867314+00:00
[2024-10-06T22:28:54.874+0000] {processor.py:179} INFO - Processing /home/airflow/.local/lib/python3.8/site-packages/airflow/example_dags/example_skip_dag.py took 0.033 seconds
[2024-10-06T22:59:44.356+0000] {processor.py:157} INFO - Started process (PID=27411) to work on /home/airflow/.local/lib/python3.8/site-packages/airflow/example_dags/example_skip_dag.py
[2024-10-06T22:59:44.357+0000] {processor.py:829} INFO - Processing file /home/airflow/.local/lib/python3.8/site-packages/airflow/example_dags/example_skip_dag.py for tasks to queue
[2024-10-06T22:59:44.359+0000] {logging_mixin.py:154} INFO - [2024-10-06T22:59:44.358+0000] {dagbag.py:536} INFO - Filling up the DagBag from /home/airflow/.local/lib/python3.8/site-packages/airflow/example_dags/example_skip_dag.py
[2024-10-06T22:59:44.363+0000] {processor.py:839} INFO - DAG(s) dict_keys(['example_skip_dag']) retrieved from /home/airflow/.local/lib/python3.8/site-packages/airflow/example_dags/example_skip_dag.py
[2024-10-06T22:59:44.378+0000] {logging_mixin.py:154} INFO - [2024-10-06T22:59:44.378+0000] {dag.py:2941} INFO - Sync 1 DAGs
[2024-10-06T22:59:44.393+0000] {logging_mixin.py:154} INFO - [2024-10-06T22:59:44.393+0000] {dag.py:3722} INFO - Setting next_dagrun for example_skip_dag to 2024-10-05T22:59:44.392974+00:00, run_after=2024-10-06T22:59:44.392974+00:00
[2024-10-06T22:59:44.404+0000] {processor.py:179} INFO - Processing /home/airflow/.local/lib/python3.8/site-packages/airflow/example_dags/example_skip_dag.py took 0.051 seconds
[2024-10-06T23:00:15.338+0000] {processor.py:157} INFO - Started process (PID=27465) to work on /home/airflow/.local/lib/python3.8/site-packages/airflow/example_dags/example_skip_dag.py
[2024-10-06T23:00:15.339+0000] {processor.py:829} INFO - Processing file /home/airflow/.local/lib/python3.8/site-packages/airflow/example_dags/example_skip_dag.py for tasks to queue
[2024-10-06T23:00:15.341+0000] {logging_mixin.py:154} INFO - [2024-10-06T23:00:15.341+0000] {dagbag.py:536} INFO - Filling up the DagBag from /home/airflow/.local/lib/python3.8/site-packages/airflow/example_dags/example_skip_dag.py
[2024-10-06T23:00:15.345+0000] {processor.py:839} INFO - DAG(s) dict_keys(['example_skip_dag']) retrieved from /home/airflow/.local/lib/python3.8/site-packages/airflow/example_dags/example_skip_dag.py
[2024-10-06T23:00:15.359+0000] {logging_mixin.py:154} INFO - [2024-10-06T23:00:15.359+0000] {dag.py:2941} INFO - Sync 1 DAGs
[2024-10-06T23:00:15.372+0000] {logging_mixin.py:154} INFO - [2024-10-06T23:00:15.371+0000] {dag.py:3722} INFO - Setting next_dagrun for example_skip_dag to 2024-10-05T23:00:15.371818+00:00, run_after=2024-10-06T23:00:15.371818+00:00
[2024-10-06T23:00:15.381+0000] {processor.py:179} INFO - Processing /home/airflow/.local/lib/python3.8/site-packages/airflow/example_dags/example_skip_dag.py took 0.045 seconds
[2024-10-06T23:00:45.985+0000] {processor.py:157} INFO - Started process (PID=27519) to work on /home/airflow/.local/lib/python3.8/site-packages/airflow/example_dags/example_skip_dag.py
[2024-10-06T23:00:45.986+0000] {processor.py:829} INFO - Processing file /home/airflow/.local/lib/python3.8/site-packages/airflow/example_dags/example_skip_dag.py for tasks to queue
[2024-10-06T23:00:45.987+0000] {logging_mixin.py:154} INFO - [2024-10-06T23:00:45.987+0000] {dagbag.py:536} INFO - Filling up the DagBag from /home/airflow/.local/lib/python3.8/site-packages/airflow/example_dags/example_skip_dag.py
[2024-10-06T23:00:45.990+0000] {processor.py:839} INFO - DAG(s) dict_keys(['example_skip_dag']) retrieved from /home/airflow/.local/lib/python3.8/site-packages/airflow/example_dags/example_skip_dag.py
[2024-10-06T23:00:45.999+0000] {logging_mixin.py:154} INFO - [2024-10-06T23:00:45.999+0000] {dag.py:2941} INFO - Sync 1 DAGs
[2024-10-06T23:00:46.007+0000] {logging_mixin.py:154} INFO - [2024-10-06T23:00:46.007+0000] {dag.py:3722} INFO - Setting next_dagrun for example_skip_dag to 2024-10-05T23:00:46.007568+00:00, run_after=2024-10-06T23:00:46.007568+00:00
[2024-10-06T23:00:46.013+0000] {processor.py:179} INFO - Processing /home/airflow/.local/lib/python3.8/site-packages/airflow/example_dags/example_skip_dag.py took 0.030 seconds
[2024-10-06T23:01:16.546+0000] {processor.py:157} INFO - Started process (PID=27573) to work on /home/airflow/.local/lib/python3.8/site-packages/airflow/example_dags/example_skip_dag.py
[2024-10-06T23:01:16.547+0000] {processor.py:829} INFO - Processing file /home/airflow/.local/lib/python3.8/site-packages/airflow/example_dags/example_skip_dag.py for tasks to queue
[2024-10-06T23:01:16.548+0000] {logging_mixin.py:154} INFO - [2024-10-06T23:01:16.548+0000] {dagbag.py:536} INFO - Filling up the DagBag from /home/airflow/.local/lib/python3.8/site-packages/airflow/example_dags/example_skip_dag.py
[2024-10-06T23:01:16.551+0000] {processor.py:839} INFO - DAG(s) dict_keys(['example_skip_dag']) retrieved from /home/airflow/.local/lib/python3.8/site-packages/airflow/example_dags/example_skip_dag.py
[2024-10-06T23:01:16.560+0000] {logging_mixin.py:154} INFO - [2024-10-06T23:01:16.559+0000] {dag.py:2941} INFO - Sync 1 DAGs
[2024-10-06T23:01:16.568+0000] {logging_mixin.py:154} INFO - [2024-10-06T23:01:16.568+0000] {dag.py:3722} INFO - Setting next_dagrun for example_skip_dag to 2024-10-05T23:01:16.568078+00:00, run_after=2024-10-06T23:01:16.568078+00:00
[2024-10-06T23:01:16.574+0000] {processor.py:179} INFO - Processing /home/airflow/.local/lib/python3.8/site-packages/airflow/example_dags/example_skip_dag.py took 0.029 seconds
[2024-10-06T23:01:47.076+0000] {processor.py:157} INFO - Started process (PID=27627) to work on /home/airflow/.local/lib/python3.8/site-packages/airflow/example_dags/example_skip_dag.py
[2024-10-06T23:01:47.077+0000] {processor.py:829} INFO - Processing file /home/airflow/.local/lib/python3.8/site-packages/airflow/example_dags/example_skip_dag.py for tasks to queue
[2024-10-06T23:01:47.078+0000] {logging_mixin.py:154} INFO - [2024-10-06T23:01:47.078+0000] {dagbag.py:536} INFO - Filling up the DagBag from /home/airflow/.local/lib/python3.8/site-packages/airflow/example_dags/example_skip_dag.py
[2024-10-06T23:01:47.080+0000] {processor.py:839} INFO - DAG(s) dict_keys(['example_skip_dag']) retrieved from /home/airflow/.local/lib/python3.8/site-packages/airflow/example_dags/example_skip_dag.py
[2024-10-06T23:01:47.089+0000] {logging_mixin.py:154} INFO - [2024-10-06T23:01:47.089+0000] {dag.py:2941} INFO - Sync 1 DAGs
[2024-10-06T23:01:47.097+0000] {logging_mixin.py:154} INFO - [2024-10-06T23:01:47.097+0000] {dag.py:3722} INFO - Setting next_dagrun for example_skip_dag to 2024-10-05T23:01:47.097520+00:00, run_after=2024-10-06T23:01:47.097520+00:00
[2024-10-06T23:01:47.104+0000] {processor.py:179} INFO - Processing /home/airflow/.local/lib/python3.8/site-packages/airflow/example_dags/example_skip_dag.py took 0.029 seconds
[2024-10-06T23:02:17.486+0000] {processor.py:157} INFO - Started process (PID=27681) to work on /home/airflow/.local/lib/python3.8/site-packages/airflow/example_dags/example_skip_dag.py
[2024-10-06T23:02:17.486+0000] {processor.py:829} INFO - Processing file /home/airflow/.local/lib/python3.8/site-packages/airflow/example_dags/example_skip_dag.py for tasks to queue
[2024-10-06T23:02:17.487+0000] {logging_mixin.py:154} INFO - [2024-10-06T23:02:17.487+0000] {dagbag.py:536} INFO - Filling up the DagBag from /home/airflow/.local/lib/python3.8/site-packages/airflow/example_dags/example_skip_dag.py
[2024-10-06T23:02:17.490+0000] {processor.py:839} INFO - DAG(s) dict_keys(['example_skip_dag']) retrieved from /home/airflow/.local/lib/python3.8/site-packages/airflow/example_dags/example_skip_dag.py
[2024-10-06T23:02:17.499+0000] {logging_mixin.py:154} INFO - [2024-10-06T23:02:17.499+0000] {dag.py:2941} INFO - Sync 1 DAGs
[2024-10-06T23:02:17.507+0000] {logging_mixin.py:154} INFO - [2024-10-06T23:02:17.507+0000] {dag.py:3722} INFO - Setting next_dagrun for example_skip_dag to 2024-10-05T23:02:17.507237+00:00, run_after=2024-10-06T23:02:17.507237+00:00
[2024-10-06T23:02:17.513+0000] {processor.py:179} INFO - Processing /home/airflow/.local/lib/python3.8/site-packages/airflow/example_dags/example_skip_dag.py took 0.029 seconds
[2024-10-06T23:02:47.905+0000] {processor.py:157} INFO - Started process (PID=27735) to work on /home/airflow/.local/lib/python3.8/site-packages/airflow/example_dags/example_skip_dag.py
[2024-10-06T23:02:47.906+0000] {processor.py:829} INFO - Processing file /home/airflow/.local/lib/python3.8/site-packages/airflow/example_dags/example_skip_dag.py for tasks to queue
[2024-10-06T23:02:47.907+0000] {logging_mixin.py:154} INFO - [2024-10-06T23:02:47.907+0000] {dagbag.py:536} INFO - Filling up the DagBag from /home/airflow/.local/lib/python3.8/site-packages/airflow/example_dags/example_skip_dag.py
[2024-10-06T23:02:47.910+0000] {processor.py:839} INFO - DAG(s) dict_keys(['example_skip_dag']) retrieved from /home/airflow/.local/lib/python3.8/site-packages/airflow/example_dags/example_skip_dag.py
[2024-10-06T23:02:47.920+0000] {logging_mixin.py:154} INFO - [2024-10-06T23:02:47.919+0000] {dag.py:2941} INFO - Sync 1 DAGs
[2024-10-06T23:02:47.928+0000] {logging_mixin.py:154} INFO - [2024-10-06T23:02:47.928+0000] {dag.py:3722} INFO - Setting next_dagrun for example_skip_dag to 2024-10-05T23:02:47.928338+00:00, run_after=2024-10-06T23:02:47.928338+00:00
[2024-10-06T23:02:47.934+0000] {processor.py:179} INFO - Processing /home/airflow/.local/lib/python3.8/site-packages/airflow/example_dags/example_skip_dag.py took 0.031 seconds
[2024-10-06T23:03:18.306+0000] {processor.py:157} INFO - Started process (PID=27789) to work on /home/airflow/.local/lib/python3.8/site-packages/airflow/example_dags/example_skip_dag.py
[2024-10-06T23:03:18.307+0000] {processor.py:829} INFO - Processing file /home/airflow/.local/lib/python3.8/site-packages/airflow/example_dags/example_skip_dag.py for tasks to queue
[2024-10-06T23:03:18.308+0000] {logging_mixin.py:154} INFO - [2024-10-06T23:03:18.308+0000] {dagbag.py:536} INFO - Filling up the DagBag from /home/airflow/.local/lib/python3.8/site-packages/airflow/example_dags/example_skip_dag.py
[2024-10-06T23:03:18.311+0000] {processor.py:839} INFO - DAG(s) dict_keys(['example_skip_dag']) retrieved from /home/airflow/.local/lib/python3.8/site-packages/airflow/example_dags/example_skip_dag.py
[2024-10-06T23:03:18.319+0000] {logging_mixin.py:154} INFO - [2024-10-06T23:03:18.319+0000] {dag.py:2941} INFO - Sync 1 DAGs
[2024-10-06T23:03:18.327+0000] {logging_mixin.py:154} INFO - [2024-10-06T23:03:18.327+0000] {dag.py:3722} INFO - Setting next_dagrun for example_skip_dag to 2024-10-05T23:03:18.327546+00:00, run_after=2024-10-06T23:03:18.327546+00:00
[2024-10-06T23:03:18.333+0000] {processor.py:179} INFO - Processing /home/airflow/.local/lib/python3.8/site-packages/airflow/example_dags/example_skip_dag.py took 0.029 seconds
[2024-10-06T23:03:48.789+0000] {processor.py:157} INFO - Started process (PID=27843) to work on /home/airflow/.local/lib/python3.8/site-packages/airflow/example_dags/example_skip_dag.py
[2024-10-06T23:03:48.789+0000] {processor.py:829} INFO - Processing file /home/airflow/.local/lib/python3.8/site-packages/airflow/example_dags/example_skip_dag.py for tasks to queue
[2024-10-06T23:03:48.790+0000] {logging_mixin.py:154} INFO - [2024-10-06T23:03:48.790+0000] {dagbag.py:536} INFO - Filling up the DagBag from /home/airflow/.local/lib/python3.8/site-packages/airflow/example_dags/example_skip_dag.py
[2024-10-06T23:03:48.793+0000] {processor.py:839} INFO - DAG(s) dict_keys(['example_skip_dag']) retrieved from /home/airflow/.local/lib/python3.8/site-packages/airflow/example_dags/example_skip_dag.py
[2024-10-06T23:03:48.801+0000] {logging_mixin.py:154} INFO - [2024-10-06T23:03:48.801+0000] {dag.py:2941} INFO - Sync 1 DAGs
[2024-10-06T23:03:48.810+0000] {logging_mixin.py:154} INFO - [2024-10-06T23:03:48.810+0000] {dag.py:3722} INFO - Setting next_dagrun for example_skip_dag to 2024-10-05T23:03:48.810081+00:00, run_after=2024-10-06T23:03:48.810081+00:00
[2024-10-06T23:03:48.817+0000] {processor.py:179} INFO - Processing /home/airflow/.local/lib/python3.8/site-packages/airflow/example_dags/example_skip_dag.py took 0.029 seconds
[2024-10-06T23:04:19.223+0000] {processor.py:157} INFO - Started process (PID=27896) to work on /home/airflow/.local/lib/python3.8/site-packages/airflow/example_dags/example_skip_dag.py
[2024-10-06T23:04:19.224+0000] {processor.py:829} INFO - Processing file /home/airflow/.local/lib/python3.8/site-packages/airflow/example_dags/example_skip_dag.py for tasks to queue
[2024-10-06T23:04:19.225+0000] {logging_mixin.py:154} INFO - [2024-10-06T23:04:19.225+0000] {dagbag.py:536} INFO - Filling up the DagBag from /home/airflow/.local/lib/python3.8/site-packages/airflow/example_dags/example_skip_dag.py
[2024-10-06T23:04:19.228+0000] {processor.py:839} INFO - DAG(s) dict_keys(['example_skip_dag']) retrieved from /home/airflow/.local/lib/python3.8/site-packages/airflow/example_dags/example_skip_dag.py
[2024-10-06T23:04:19.237+0000] {logging_mixin.py:154} INFO - [2024-10-06T23:04:19.236+0000] {dag.py:2941} INFO - Sync 1 DAGs
[2024-10-06T23:04:19.245+0000] {logging_mixin.py:154} INFO - [2024-10-06T23:04:19.245+0000] {dag.py:3722} INFO - Setting next_dagrun for example_skip_dag to 2024-10-05T23:04:19.245210+00:00, run_after=2024-10-06T23:04:19.245210+00:00
[2024-10-06T23:04:19.251+0000] {processor.py:179} INFO - Processing /home/airflow/.local/lib/python3.8/site-packages/airflow/example_dags/example_skip_dag.py took 0.029 seconds
[2024-10-06T23:04:49.681+0000] {processor.py:157} INFO - Started process (PID=27951) to work on /home/airflow/.local/lib/python3.8/site-packages/airflow/example_dags/example_skip_dag.py
[2024-10-06T23:04:49.681+0000] {processor.py:829} INFO - Processing file /home/airflow/.local/lib/python3.8/site-packages/airflow/example_dags/example_skip_dag.py for tasks to queue
[2024-10-06T23:04:49.682+0000] {logging_mixin.py:154} INFO - [2024-10-06T23:04:49.682+0000] {dagbag.py:536} INFO - Filling up the DagBag from /home/airflow/.local/lib/python3.8/site-packages/airflow/example_dags/example_skip_dag.py
[2024-10-06T23:04:49.685+0000] {processor.py:839} INFO - DAG(s) dict_keys(['example_skip_dag']) retrieved from /home/airflow/.local/lib/python3.8/site-packages/airflow/example_dags/example_skip_dag.py
[2024-10-06T23:04:49.694+0000] {logging_mixin.py:154} INFO - [2024-10-06T23:04:49.694+0000] {dag.py:2941} INFO - Sync 1 DAGs
[2024-10-06T23:04:49.702+0000] {logging_mixin.py:154} INFO - [2024-10-06T23:04:49.702+0000] {dag.py:3722} INFO - Setting next_dagrun for example_skip_dag to 2024-10-05T23:04:49.702092+00:00, run_after=2024-10-06T23:04:49.702092+00:00
[2024-10-06T23:04:49.708+0000] {processor.py:179} INFO - Processing /home/airflow/.local/lib/python3.8/site-packages/airflow/example_dags/example_skip_dag.py took 0.028 seconds
[2024-10-06T23:05:20.090+0000] {processor.py:157} INFO - Started process (PID=28005) to work on /home/airflow/.local/lib/python3.8/site-packages/airflow/example_dags/example_skip_dag.py
[2024-10-06T23:05:20.090+0000] {processor.py:829} INFO - Processing file /home/airflow/.local/lib/python3.8/site-packages/airflow/example_dags/example_skip_dag.py for tasks to queue
[2024-10-06T23:05:20.091+0000] {logging_mixin.py:154} INFO - [2024-10-06T23:05:20.091+0000] {dagbag.py:536} INFO - Filling up the DagBag from /home/airflow/.local/lib/python3.8/site-packages/airflow/example_dags/example_skip_dag.py
[2024-10-06T23:05:20.094+0000] {processor.py:839} INFO - DAG(s) dict_keys(['example_skip_dag']) retrieved from /home/airflow/.local/lib/python3.8/site-packages/airflow/example_dags/example_skip_dag.py
[2024-10-06T23:05:20.103+0000] {logging_mixin.py:154} INFO - [2024-10-06T23:05:20.103+0000] {dag.py:2941} INFO - Sync 1 DAGs
[2024-10-06T23:05:20.112+0000] {logging_mixin.py:154} INFO - [2024-10-06T23:05:20.112+0000] {dag.py:3722} INFO - Setting next_dagrun for example_skip_dag to 2024-10-05T23:05:20.112088+00:00, run_after=2024-10-06T23:05:20.112088+00:00
[2024-10-06T23:05:20.119+0000] {processor.py:179} INFO - Processing /home/airflow/.local/lib/python3.8/site-packages/airflow/example_dags/example_skip_dag.py took 0.031 seconds
[2024-10-06T23:05:50.480+0000] {processor.py:157} INFO - Started process (PID=28059) to work on /home/airflow/.local/lib/python3.8/site-packages/airflow/example_dags/example_skip_dag.py
[2024-10-06T23:05:50.480+0000] {processor.py:829} INFO - Processing file /home/airflow/.local/lib/python3.8/site-packages/airflow/example_dags/example_skip_dag.py for tasks to queue
[2024-10-06T23:05:50.481+0000] {logging_mixin.py:154} INFO - [2024-10-06T23:05:50.481+0000] {dagbag.py:536} INFO - Filling up the DagBag from /home/airflow/.local/lib/python3.8/site-packages/airflow/example_dags/example_skip_dag.py
[2024-10-06T23:05:50.484+0000] {processor.py:839} INFO - DAG(s) dict_keys(['example_skip_dag']) retrieved from /home/airflow/.local/lib/python3.8/site-packages/airflow/example_dags/example_skip_dag.py
[2024-10-06T23:05:50.492+0000] {logging_mixin.py:154} INFO - [2024-10-06T23:05:50.492+0000] {dag.py:2941} INFO - Sync 1 DAGs
[2024-10-06T23:05:50.500+0000] {logging_mixin.py:154} INFO - [2024-10-06T23:05:50.500+0000] {dag.py:3722} INFO - Setting next_dagrun for example_skip_dag to 2024-10-05T23:05:50.500748+00:00, run_after=2024-10-06T23:05:50.500748+00:00
[2024-10-06T23:05:50.507+0000] {processor.py:179} INFO - Processing /home/airflow/.local/lib/python3.8/site-packages/airflow/example_dags/example_skip_dag.py took 0.029 seconds
[2024-10-06T23:06:20.923+0000] {processor.py:157} INFO - Started process (PID=28113) to work on /home/airflow/.local/lib/python3.8/site-packages/airflow/example_dags/example_skip_dag.py
[2024-10-06T23:06:20.923+0000] {processor.py:829} INFO - Processing file /home/airflow/.local/lib/python3.8/site-packages/airflow/example_dags/example_skip_dag.py for tasks to queue
[2024-10-06T23:06:20.925+0000] {logging_mixin.py:154} INFO - [2024-10-06T23:06:20.924+0000] {dagbag.py:536} INFO - Filling up the DagBag from /home/airflow/.local/lib/python3.8/site-packages/airflow/example_dags/example_skip_dag.py
[2024-10-06T23:06:20.928+0000] {processor.py:839} INFO - DAG(s) dict_keys(['example_skip_dag']) retrieved from /home/airflow/.local/lib/python3.8/site-packages/airflow/example_dags/example_skip_dag.py
[2024-10-06T23:06:20.936+0000] {logging_mixin.py:154} INFO - [2024-10-06T23:06:20.936+0000] {dag.py:2941} INFO - Sync 1 DAGs
[2024-10-06T23:06:20.944+0000] {logging_mixin.py:154} INFO - [2024-10-06T23:06:20.944+0000] {dag.py:3722} INFO - Setting next_dagrun for example_skip_dag to 2024-10-05T23:06:20.944455+00:00, run_after=2024-10-06T23:06:20.944455+00:00
[2024-10-06T23:06:20.951+0000] {processor.py:179} INFO - Processing /home/airflow/.local/lib/python3.8/site-packages/airflow/example_dags/example_skip_dag.py took 0.029 seconds
[2024-10-06T23:06:51.368+0000] {processor.py:157} INFO - Started process (PID=28167) to work on /home/airflow/.local/lib/python3.8/site-packages/airflow/example_dags/example_skip_dag.py
[2024-10-06T23:06:51.368+0000] {processor.py:829} INFO - Processing file /home/airflow/.local/lib/python3.8/site-packages/airflow/example_dags/example_skip_dag.py for tasks to queue
[2024-10-06T23:06:51.369+0000] {logging_mixin.py:154} INFO - [2024-10-06T23:06:51.369+0000] {dagbag.py:536} INFO - Filling up the DagBag from /home/airflow/.local/lib/python3.8/site-packages/airflow/example_dags/example_skip_dag.py
[2024-10-06T23:06:51.372+0000] {processor.py:839} INFO - DAG(s) dict_keys(['example_skip_dag']) retrieved from /home/airflow/.local/lib/python3.8/site-packages/airflow/example_dags/example_skip_dag.py
[2024-10-06T23:06:51.381+0000] {logging_mixin.py:154} INFO - [2024-10-06T23:06:51.381+0000] {dag.py:2941} INFO - Sync 1 DAGs
[2024-10-06T23:06:51.388+0000] {logging_mixin.py:154} INFO - [2024-10-06T23:06:51.388+0000] {dag.py:3722} INFO - Setting next_dagrun for example_skip_dag to 2024-10-05T23:06:51.388865+00:00, run_after=2024-10-06T23:06:51.388865+00:00
[2024-10-06T23:06:51.395+0000] {processor.py:179} INFO - Processing /home/airflow/.local/lib/python3.8/site-packages/airflow/example_dags/example_skip_dag.py took 0.029 seconds
[2024-10-06T23:07:21.795+0000] {processor.py:157} INFO - Started process (PID=28221) to work on /home/airflow/.local/lib/python3.8/site-packages/airflow/example_dags/example_skip_dag.py
[2024-10-06T23:07:21.795+0000] {processor.py:829} INFO - Processing file /home/airflow/.local/lib/python3.8/site-packages/airflow/example_dags/example_skip_dag.py for tasks to queue
[2024-10-06T23:07:21.796+0000] {logging_mixin.py:154} INFO - [2024-10-06T23:07:21.796+0000] {dagbag.py:536} INFO - Filling up the DagBag from /home/airflow/.local/lib/python3.8/site-packages/airflow/example_dags/example_skip_dag.py
[2024-10-06T23:07:21.798+0000] {processor.py:839} INFO - DAG(s) dict_keys(['example_skip_dag']) retrieved from /home/airflow/.local/lib/python3.8/site-packages/airflow/example_dags/example_skip_dag.py
[2024-10-06T23:07:21.807+0000] {logging_mixin.py:154} INFO - [2024-10-06T23:07:21.807+0000] {dag.py:2941} INFO - Sync 1 DAGs
[2024-10-06T23:07:21.815+0000] {logging_mixin.py:154} INFO - [2024-10-06T23:07:21.815+0000] {dag.py:3722} INFO - Setting next_dagrun for example_skip_dag to 2024-10-05T23:07:21.815129+00:00, run_after=2024-10-06T23:07:21.815129+00:00
[2024-10-06T23:07:21.820+0000] {processor.py:179} INFO - Processing /home/airflow/.local/lib/python3.8/site-packages/airflow/example_dags/example_skip_dag.py took 0.027 seconds
[2024-10-06T23:07:52.249+0000] {processor.py:157} INFO - Started process (PID=28275) to work on /home/airflow/.local/lib/python3.8/site-packages/airflow/example_dags/example_skip_dag.py
[2024-10-06T23:07:52.249+0000] {processor.py:829} INFO - Processing file /home/airflow/.local/lib/python3.8/site-packages/airflow/example_dags/example_skip_dag.py for tasks to queue
[2024-10-06T23:07:52.250+0000] {logging_mixin.py:154} INFO - [2024-10-06T23:07:52.250+0000] {dagbag.py:536} INFO - Filling up the DagBag from /home/airflow/.local/lib/python3.8/site-packages/airflow/example_dags/example_skip_dag.py
[2024-10-06T23:07:52.254+0000] {processor.py:839} INFO - DAG(s) dict_keys(['example_skip_dag']) retrieved from /home/airflow/.local/lib/python3.8/site-packages/airflow/example_dags/example_skip_dag.py
[2024-10-06T23:07:52.262+0000] {logging_mixin.py:154} INFO - [2024-10-06T23:07:52.262+0000] {dag.py:2941} INFO - Sync 1 DAGs
[2024-10-06T23:07:52.270+0000] {logging_mixin.py:154} INFO - [2024-10-06T23:07:52.270+0000] {dag.py:3722} INFO - Setting next_dagrun for example_skip_dag to 2024-10-05T23:07:52.270408+00:00, run_after=2024-10-06T23:07:52.270408+00:00
[2024-10-06T23:07:52.276+0000] {processor.py:179} INFO - Processing /home/airflow/.local/lib/python3.8/site-packages/airflow/example_dags/example_skip_dag.py took 0.029 seconds
[2024-10-06T23:08:22.608+0000] {processor.py:157} INFO - Started process (PID=28329) to work on /home/airflow/.local/lib/python3.8/site-packages/airflow/example_dags/example_skip_dag.py
[2024-10-06T23:08:22.608+0000] {processor.py:829} INFO - Processing file /home/airflow/.local/lib/python3.8/site-packages/airflow/example_dags/example_skip_dag.py for tasks to queue
[2024-10-06T23:08:22.609+0000] {logging_mixin.py:154} INFO - [2024-10-06T23:08:22.609+0000] {dagbag.py:536} INFO - Filling up the DagBag from /home/airflow/.local/lib/python3.8/site-packages/airflow/example_dags/example_skip_dag.py
[2024-10-06T23:08:22.612+0000] {processor.py:839} INFO - DAG(s) dict_keys(['example_skip_dag']) retrieved from /home/airflow/.local/lib/python3.8/site-packages/airflow/example_dags/example_skip_dag.py
[2024-10-06T23:08:22.621+0000] {logging_mixin.py:154} INFO - [2024-10-06T23:08:22.621+0000] {dag.py:2941} INFO - Sync 1 DAGs
[2024-10-06T23:08:22.629+0000] {logging_mixin.py:154} INFO - [2024-10-06T23:08:22.629+0000] {dag.py:3722} INFO - Setting next_dagrun for example_skip_dag to 2024-10-05T23:08:22.629266+00:00, run_after=2024-10-06T23:08:22.629266+00:00
[2024-10-06T23:08:22.636+0000] {processor.py:179} INFO - Processing /home/airflow/.local/lib/python3.8/site-packages/airflow/example_dags/example_skip_dag.py took 0.030 seconds
[2024-10-06T23:08:53.044+0000] {processor.py:157} INFO - Started process (PID=28390) to work on /home/airflow/.local/lib/python3.8/site-packages/airflow/example_dags/example_skip_dag.py
[2024-10-06T23:08:53.044+0000] {processor.py:829} INFO - Processing file /home/airflow/.local/lib/python3.8/site-packages/airflow/example_dags/example_skip_dag.py for tasks to queue
[2024-10-06T23:08:53.045+0000] {logging_mixin.py:154} INFO - [2024-10-06T23:08:53.045+0000] {dagbag.py:536} INFO - Filling up the DagBag from /home/airflow/.local/lib/python3.8/site-packages/airflow/example_dags/example_skip_dag.py
[2024-10-06T23:08:53.048+0000] {processor.py:839} INFO - DAG(s) dict_keys(['example_skip_dag']) retrieved from /home/airflow/.local/lib/python3.8/site-packages/airflow/example_dags/example_skip_dag.py
[2024-10-06T23:08:53.057+0000] {logging_mixin.py:154} INFO - [2024-10-06T23:08:53.057+0000] {dag.py:2941} INFO - Sync 1 DAGs
[2024-10-06T23:08:53.065+0000] {logging_mixin.py:154} INFO - [2024-10-06T23:08:53.065+0000] {dag.py:3722} INFO - Setting next_dagrun for example_skip_dag to 2024-10-05T23:08:53.065329+00:00, run_after=2024-10-06T23:08:53.065329+00:00
[2024-10-06T23:08:53.071+0000] {processor.py:179} INFO - Processing /home/airflow/.local/lib/python3.8/site-packages/airflow/example_dags/example_skip_dag.py took 0.029 seconds
[2024-10-06T23:09:23.466+0000] {processor.py:157} INFO - Started process (PID=28444) to work on /home/airflow/.local/lib/python3.8/site-packages/airflow/example_dags/example_skip_dag.py
[2024-10-06T23:09:23.467+0000] {processor.py:829} INFO - Processing file /home/airflow/.local/lib/python3.8/site-packages/airflow/example_dags/example_skip_dag.py for tasks to queue
[2024-10-06T23:09:23.468+0000] {logging_mixin.py:154} INFO - [2024-10-06T23:09:23.468+0000] {dagbag.py:536} INFO - Filling up the DagBag from /home/airflow/.local/lib/python3.8/site-packages/airflow/example_dags/example_skip_dag.py
[2024-10-06T23:09:23.471+0000] {processor.py:839} INFO - DAG(s) dict_keys(['example_skip_dag']) retrieved from /home/airflow/.local/lib/python3.8/site-packages/airflow/example_dags/example_skip_dag.py
[2024-10-06T23:09:23.481+0000] {logging_mixin.py:154} INFO - [2024-10-06T23:09:23.480+0000] {dag.py:2941} INFO - Sync 1 DAGs
[2024-10-06T23:09:23.489+0000] {logging_mixin.py:154} INFO - [2024-10-06T23:09:23.489+0000] {dag.py:3722} INFO - Setting next_dagrun for example_skip_dag to 2024-10-05T23:09:23.489138+00:00, run_after=2024-10-06T23:09:23.489138+00:00
[2024-10-06T23:09:23.495+0000] {processor.py:179} INFO - Processing /home/airflow/.local/lib/python3.8/site-packages/airflow/example_dags/example_skip_dag.py took 0.031 seconds
[2024-10-06T23:09:53.947+0000] {processor.py:157} INFO - Started process (PID=28498) to work on /home/airflow/.local/lib/python3.8/site-packages/airflow/example_dags/example_skip_dag.py
[2024-10-06T23:09:53.948+0000] {processor.py:829} INFO - Processing file /home/airflow/.local/lib/python3.8/site-packages/airflow/example_dags/example_skip_dag.py for tasks to queue
[2024-10-06T23:09:53.949+0000] {logging_mixin.py:154} INFO - [2024-10-06T23:09:53.949+0000] {dagbag.py:536} INFO - Filling up the DagBag from /home/airflow/.local/lib/python3.8/site-packages/airflow/example_dags/example_skip_dag.py
[2024-10-06T23:09:53.952+0000] {processor.py:839} INFO - DAG(s) dict_keys(['example_skip_dag']) retrieved from /home/airflow/.local/lib/python3.8/site-packages/airflow/example_dags/example_skip_dag.py
[2024-10-06T23:09:53.962+0000] {logging_mixin.py:154} INFO - [2024-10-06T23:09:53.962+0000] {dag.py:2941} INFO - Sync 1 DAGs
[2024-10-06T23:09:53.971+0000] {logging_mixin.py:154} INFO - [2024-10-06T23:09:53.970+0000] {dag.py:3722} INFO - Setting next_dagrun for example_skip_dag to 2024-10-05T23:09:53.970871+00:00, run_after=2024-10-06T23:09:53.970871+00:00
[2024-10-06T23:09:53.976+0000] {processor.py:179} INFO - Processing /home/airflow/.local/lib/python3.8/site-packages/airflow/example_dags/example_skip_dag.py took 0.030 seconds
[2024-10-06T23:10:24.386+0000] {processor.py:157} INFO - Started process (PID=28552) to work on /home/airflow/.local/lib/python3.8/site-packages/airflow/example_dags/example_skip_dag.py
[2024-10-06T23:10:24.386+0000] {processor.py:829} INFO - Processing file /home/airflow/.local/lib/python3.8/site-packages/airflow/example_dags/example_skip_dag.py for tasks to queue
[2024-10-06T23:10:24.387+0000] {logging_mixin.py:154} INFO - [2024-10-06T23:10:24.387+0000] {dagbag.py:536} INFO - Filling up the DagBag from /home/airflow/.local/lib/python3.8/site-packages/airflow/example_dags/example_skip_dag.py
[2024-10-06T23:10:24.390+0000] {processor.py:839} INFO - DAG(s) dict_keys(['example_skip_dag']) retrieved from /home/airflow/.local/lib/python3.8/site-packages/airflow/example_dags/example_skip_dag.py
[2024-10-06T23:10:24.399+0000] {logging_mixin.py:154} INFO - [2024-10-06T23:10:24.398+0000] {dag.py:2941} INFO - Sync 1 DAGs
[2024-10-06T23:10:24.406+0000] {logging_mixin.py:154} INFO - [2024-10-06T23:10:24.406+0000] {dag.py:3722} INFO - Setting next_dagrun for example_skip_dag to 2024-10-05T23:10:24.406384+00:00, run_after=2024-10-06T23:10:24.406384+00:00
[2024-10-06T23:10:24.412+0000] {processor.py:179} INFO - Processing /home/airflow/.local/lib/python3.8/site-packages/airflow/example_dags/example_skip_dag.py took 0.028 seconds
[2024-10-06T23:10:54.792+0000] {processor.py:157} INFO - Started process (PID=28606) to work on /home/airflow/.local/lib/python3.8/site-packages/airflow/example_dags/example_skip_dag.py
[2024-10-06T23:10:54.792+0000] {processor.py:829} INFO - Processing file /home/airflow/.local/lib/python3.8/site-packages/airflow/example_dags/example_skip_dag.py for tasks to queue
[2024-10-06T23:10:54.794+0000] {logging_mixin.py:154} INFO - [2024-10-06T23:10:54.794+0000] {dagbag.py:536} INFO - Filling up the DagBag from /home/airflow/.local/lib/python3.8/site-packages/airflow/example_dags/example_skip_dag.py
[2024-10-06T23:10:54.796+0000] {processor.py:839} INFO - DAG(s) dict_keys(['example_skip_dag']) retrieved from /home/airflow/.local/lib/python3.8/site-packages/airflow/example_dags/example_skip_dag.py
[2024-10-06T23:10:54.805+0000] {logging_mixin.py:154} INFO - [2024-10-06T23:10:54.805+0000] {dag.py:2941} INFO - Sync 1 DAGs
[2024-10-06T23:10:54.813+0000] {logging_mixin.py:154} INFO - [2024-10-06T23:10:54.813+0000] {dag.py:3722} INFO - Setting next_dagrun for example_skip_dag to 2024-10-05T23:10:54.813026+00:00, run_after=2024-10-06T23:10:54.813026+00:00
[2024-10-06T23:10:54.818+0000] {processor.py:179} INFO - Processing /home/airflow/.local/lib/python3.8/site-packages/airflow/example_dags/example_skip_dag.py took 0.028 seconds
[2024-10-06T23:11:25.185+0000] {processor.py:157} INFO - Started process (PID=28660) to work on /home/airflow/.local/lib/python3.8/site-packages/airflow/example_dags/example_skip_dag.py
[2024-10-06T23:11:25.185+0000] {processor.py:829} INFO - Processing file /home/airflow/.local/lib/python3.8/site-packages/airflow/example_dags/example_skip_dag.py for tasks to queue
[2024-10-06T23:11:25.186+0000] {logging_mixin.py:154} INFO - [2024-10-06T23:11:25.186+0000] {dagbag.py:536} INFO - Filling up the DagBag from /home/airflow/.local/lib/python3.8/site-packages/airflow/example_dags/example_skip_dag.py
[2024-10-06T23:11:25.189+0000] {processor.py:839} INFO - DAG(s) dict_keys(['example_skip_dag']) retrieved from /home/airflow/.local/lib/python3.8/site-packages/airflow/example_dags/example_skip_dag.py
[2024-10-06T23:11:25.199+0000] {logging_mixin.py:154} INFO - [2024-10-06T23:11:25.199+0000] {dag.py:2941} INFO - Sync 1 DAGs
[2024-10-06T23:11:25.208+0000] {logging_mixin.py:154} INFO - [2024-10-06T23:11:25.208+0000] {dag.py:3722} INFO - Setting next_dagrun for example_skip_dag to 2024-10-05T23:11:25.208642+00:00, run_after=2024-10-06T23:11:25.208642+00:00
[2024-10-06T23:11:25.217+0000] {processor.py:179} INFO - Processing /home/airflow/.local/lib/python3.8/site-packages/airflow/example_dags/example_skip_dag.py took 0.034 seconds
[2024-10-06T23:11:55.648+0000] {processor.py:157} INFO - Started process (PID=28714) to work on /home/airflow/.local/lib/python3.8/site-packages/airflow/example_dags/example_skip_dag.py
[2024-10-06T23:11:55.648+0000] {processor.py:829} INFO - Processing file /home/airflow/.local/lib/python3.8/site-packages/airflow/example_dags/example_skip_dag.py for tasks to queue
[2024-10-06T23:11:55.650+0000] {logging_mixin.py:154} INFO - [2024-10-06T23:11:55.650+0000] {dagbag.py:536} INFO - Filling up the DagBag from /home/airflow/.local/lib/python3.8/site-packages/airflow/example_dags/example_skip_dag.py
[2024-10-06T23:11:55.653+0000] {processor.py:839} INFO - DAG(s) dict_keys(['example_skip_dag']) retrieved from /home/airflow/.local/lib/python3.8/site-packages/airflow/example_dags/example_skip_dag.py
[2024-10-06T23:11:55.664+0000] {logging_mixin.py:154} INFO - [2024-10-06T23:11:55.663+0000] {dag.py:2941} INFO - Sync 1 DAGs
[2024-10-06T23:11:55.673+0000] {logging_mixin.py:154} INFO - [2024-10-06T23:11:55.673+0000] {dag.py:3722} INFO - Setting next_dagrun for example_skip_dag to 2024-10-05T23:11:55.673331+00:00, run_after=2024-10-06T23:11:55.673331+00:00
[2024-10-06T23:11:55.681+0000] {processor.py:179} INFO - Processing /home/airflow/.local/lib/python3.8/site-packages/airflow/example_dags/example_skip_dag.py took 0.035 seconds
[2024-10-06T23:12:26.135+0000] {processor.py:157} INFO - Started process (PID=28768) to work on /home/airflow/.local/lib/python3.8/site-packages/airflow/example_dags/example_skip_dag.py
[2024-10-06T23:12:26.135+0000] {processor.py:829} INFO - Processing file /home/airflow/.local/lib/python3.8/site-packages/airflow/example_dags/example_skip_dag.py for tasks to queue
[2024-10-06T23:12:26.137+0000] {logging_mixin.py:154} INFO - [2024-10-06T23:12:26.136+0000] {dagbag.py:536} INFO - Filling up the DagBag from /home/airflow/.local/lib/python3.8/site-packages/airflow/example_dags/example_skip_dag.py
[2024-10-06T23:12:26.140+0000] {processor.py:839} INFO - DAG(s) dict_keys(['example_skip_dag']) retrieved from /home/airflow/.local/lib/python3.8/site-packages/airflow/example_dags/example_skip_dag.py
[2024-10-06T23:12:26.148+0000] {logging_mixin.py:154} INFO - [2024-10-06T23:12:26.148+0000] {dag.py:2941} INFO - Sync 1 DAGs
[2024-10-06T23:12:26.156+0000] {logging_mixin.py:154} INFO - [2024-10-06T23:12:26.156+0000] {dag.py:3722} INFO - Setting next_dagrun for example_skip_dag to 2024-10-05T23:12:26.156246+00:00, run_after=2024-10-06T23:12:26.156246+00:00
[2024-10-06T23:12:26.162+0000] {processor.py:179} INFO - Processing /home/airflow/.local/lib/python3.8/site-packages/airflow/example_dags/example_skip_dag.py took 0.029 seconds
[2024-10-06T23:12:56.592+0000] {processor.py:157} INFO - Started process (PID=28822) to work on /home/airflow/.local/lib/python3.8/site-packages/airflow/example_dags/example_skip_dag.py
[2024-10-06T23:12:56.592+0000] {processor.py:829} INFO - Processing file /home/airflow/.local/lib/python3.8/site-packages/airflow/example_dags/example_skip_dag.py for tasks to queue
[2024-10-06T23:12:56.593+0000] {logging_mixin.py:154} INFO - [2024-10-06T23:12:56.593+0000] {dagbag.py:536} INFO - Filling up the DagBag from /home/airflow/.local/lib/python3.8/site-packages/airflow/example_dags/example_skip_dag.py
[2024-10-06T23:12:56.596+0000] {processor.py:839} INFO - DAG(s) dict_keys(['example_skip_dag']) retrieved from /home/airflow/.local/lib/python3.8/site-packages/airflow/example_dags/example_skip_dag.py
[2024-10-06T23:12:56.607+0000] {logging_mixin.py:154} INFO - [2024-10-06T23:12:56.606+0000] {dag.py:2941} INFO - Sync 1 DAGs
[2024-10-06T23:12:56.615+0000] {logging_mixin.py:154} INFO - [2024-10-06T23:12:56.615+0000] {dag.py:3722} INFO - Setting next_dagrun for example_skip_dag to 2024-10-05T23:12:56.615167+00:00, run_after=2024-10-06T23:12:56.615167+00:00
[2024-10-06T23:12:56.622+0000] {processor.py:179} INFO - Processing /home/airflow/.local/lib/python3.8/site-packages/airflow/example_dags/example_skip_dag.py took 0.031 seconds
[2024-10-06T23:13:27.053+0000] {processor.py:157} INFO - Started process (PID=28876) to work on /home/airflow/.local/lib/python3.8/site-packages/airflow/example_dags/example_skip_dag.py
[2024-10-06T23:13:27.054+0000] {processor.py:829} INFO - Processing file /home/airflow/.local/lib/python3.8/site-packages/airflow/example_dags/example_skip_dag.py for tasks to queue
[2024-10-06T23:13:27.055+0000] {logging_mixin.py:154} INFO - [2024-10-06T23:13:27.055+0000] {dagbag.py:536} INFO - Filling up the DagBag from /home/airflow/.local/lib/python3.8/site-packages/airflow/example_dags/example_skip_dag.py
[2024-10-06T23:13:27.058+0000] {processor.py:839} INFO - DAG(s) dict_keys(['example_skip_dag']) retrieved from /home/airflow/.local/lib/python3.8/site-packages/airflow/example_dags/example_skip_dag.py
[2024-10-06T23:13:27.067+0000] {logging_mixin.py:154} INFO - [2024-10-06T23:13:27.067+0000] {dag.py:2941} INFO - Sync 1 DAGs
[2024-10-06T23:13:27.075+0000] {logging_mixin.py:154} INFO - [2024-10-06T23:13:27.075+0000] {dag.py:3722} INFO - Setting next_dagrun for example_skip_dag to 2024-10-05T23:13:27.075365+00:00, run_after=2024-10-06T23:13:27.075365+00:00
[2024-10-06T23:13:27.082+0000] {processor.py:179} INFO - Processing /home/airflow/.local/lib/python3.8/site-packages/airflow/example_dags/example_skip_dag.py took 0.030 seconds
[2024-10-06T23:13:57.497+0000] {processor.py:157} INFO - Started process (PID=28930) to work on /home/airflow/.local/lib/python3.8/site-packages/airflow/example_dags/example_skip_dag.py
[2024-10-06T23:13:57.497+0000] {processor.py:829} INFO - Processing file /home/airflow/.local/lib/python3.8/site-packages/airflow/example_dags/example_skip_dag.py for tasks to queue
[2024-10-06T23:13:57.499+0000] {logging_mixin.py:154} INFO - [2024-10-06T23:13:57.498+0000] {dagbag.py:536} INFO - Filling up the DagBag from /home/airflow/.local/lib/python3.8/site-packages/airflow/example_dags/example_skip_dag.py
[2024-10-06T23:13:57.502+0000] {processor.py:839} INFO - DAG(s) dict_keys(['example_skip_dag']) retrieved from /home/airflow/.local/lib/python3.8/site-packages/airflow/example_dags/example_skip_dag.py
[2024-10-06T23:13:57.512+0000] {logging_mixin.py:154} INFO - [2024-10-06T23:13:57.511+0000] {dag.py:2941} INFO - Sync 1 DAGs
[2024-10-06T23:13:57.520+0000] {logging_mixin.py:154} INFO - [2024-10-06T23:13:57.520+0000] {dag.py:3722} INFO - Setting next_dagrun for example_skip_dag to 2024-10-05T23:13:57.520279+00:00, run_after=2024-10-06T23:13:57.520279+00:00
[2024-10-06T23:13:57.527+0000] {processor.py:179} INFO - Processing /home/airflow/.local/lib/python3.8/site-packages/airflow/example_dags/example_skip_dag.py took 0.032 seconds
[2024-10-06T23:14:28.000+0000] {processor.py:157} INFO - Started process (PID=28984) to work on /home/airflow/.local/lib/python3.8/site-packages/airflow/example_dags/example_skip_dag.py
[2024-10-06T23:14:28.000+0000] {processor.py:829} INFO - Processing file /home/airflow/.local/lib/python3.8/site-packages/airflow/example_dags/example_skip_dag.py for tasks to queue
[2024-10-06T23:14:28.001+0000] {logging_mixin.py:154} INFO - [2024-10-06T23:14:28.001+0000] {dagbag.py:536} INFO - Filling up the DagBag from /home/airflow/.local/lib/python3.8/site-packages/airflow/example_dags/example_skip_dag.py
[2024-10-06T23:14:28.004+0000] {processor.py:839} INFO - DAG(s) dict_keys(['example_skip_dag']) retrieved from /home/airflow/.local/lib/python3.8/site-packages/airflow/example_dags/example_skip_dag.py
[2024-10-06T23:14:28.014+0000] {logging_mixin.py:154} INFO - [2024-10-06T23:14:28.014+0000] {dag.py:2941} INFO - Sync 1 DAGs
[2024-10-06T23:14:28.022+0000] {logging_mixin.py:154} INFO - [2024-10-06T23:14:28.022+0000] {dag.py:3722} INFO - Setting next_dagrun for example_skip_dag to 2024-10-05T23:14:28.022343+00:00, run_after=2024-10-06T23:14:28.022343+00:00
[2024-10-06T23:14:28.028+0000] {processor.py:179} INFO - Processing /home/airflow/.local/lib/python3.8/site-packages/airflow/example_dags/example_skip_dag.py took 0.030 seconds
[2024-10-06T23:14:58.484+0000] {processor.py:157} INFO - Started process (PID=29038) to work on /home/airflow/.local/lib/python3.8/site-packages/airflow/example_dags/example_skip_dag.py
[2024-10-06T23:14:58.484+0000] {processor.py:829} INFO - Processing file /home/airflow/.local/lib/python3.8/site-packages/airflow/example_dags/example_skip_dag.py for tasks to queue
[2024-10-06T23:14:58.486+0000] {logging_mixin.py:154} INFO - [2024-10-06T23:14:58.485+0000] {dagbag.py:536} INFO - Filling up the DagBag from /home/airflow/.local/lib/python3.8/site-packages/airflow/example_dags/example_skip_dag.py
[2024-10-06T23:14:58.488+0000] {processor.py:839} INFO - DAG(s) dict_keys(['example_skip_dag']) retrieved from /home/airflow/.local/lib/python3.8/site-packages/airflow/example_dags/example_skip_dag.py
[2024-10-06T23:14:58.498+0000] {logging_mixin.py:154} INFO - [2024-10-06T23:14:58.497+0000] {dag.py:2941} INFO - Sync 1 DAGs
[2024-10-06T23:14:58.506+0000] {logging_mixin.py:154} INFO - [2024-10-06T23:14:58.505+0000] {dag.py:3722} INFO - Setting next_dagrun for example_skip_dag to 2024-10-05T23:14:58.505886+00:00, run_after=2024-10-06T23:14:58.505886+00:00
[2024-10-06T23:14:58.511+0000] {processor.py:179} INFO - Processing /home/airflow/.local/lib/python3.8/site-packages/airflow/example_dags/example_skip_dag.py took 0.028 seconds
[2024-10-06T23:15:28.867+0000] {processor.py:157} INFO - Started process (PID=29092) to work on /home/airflow/.local/lib/python3.8/site-packages/airflow/example_dags/example_skip_dag.py
[2024-10-06T23:15:28.868+0000] {processor.py:829} INFO - Processing file /home/airflow/.local/lib/python3.8/site-packages/airflow/example_dags/example_skip_dag.py for tasks to queue
[2024-10-06T23:15:28.869+0000] {logging_mixin.py:154} INFO - [2024-10-06T23:15:28.869+0000] {dagbag.py:536} INFO - Filling up the DagBag from /home/airflow/.local/lib/python3.8/site-packages/airflow/example_dags/example_skip_dag.py
[2024-10-06T23:15:28.872+0000] {processor.py:839} INFO - DAG(s) dict_keys(['example_skip_dag']) retrieved from /home/airflow/.local/lib/python3.8/site-packages/airflow/example_dags/example_skip_dag.py
[2024-10-06T23:15:28.881+0000] {logging_mixin.py:154} INFO - [2024-10-06T23:15:28.881+0000] {dag.py:2941} INFO - Sync 1 DAGs
[2024-10-06T23:15:28.889+0000] {logging_mixin.py:154} INFO - [2024-10-06T23:15:28.889+0000] {dag.py:3722} INFO - Setting next_dagrun for example_skip_dag to 2024-10-05T23:15:28.889728+00:00, run_after=2024-10-06T23:15:28.889728+00:00
[2024-10-06T23:15:28.896+0000] {processor.py:179} INFO - Processing /home/airflow/.local/lib/python3.8/site-packages/airflow/example_dags/example_skip_dag.py took 0.030 seconds
[2024-10-06T23:54:56.432+0000] {processor.py:157} INFO - Started process (PID=29139) to work on /home/airflow/.local/lib/python3.8/site-packages/airflow/example_dags/example_skip_dag.py
[2024-10-06T23:54:56.433+0000] {processor.py:829} INFO - Processing file /home/airflow/.local/lib/python3.8/site-packages/airflow/example_dags/example_skip_dag.py for tasks to queue
[2024-10-06T23:54:56.435+0000] {logging_mixin.py:154} INFO - [2024-10-06T23:54:56.435+0000] {dagbag.py:536} INFO - Filling up the DagBag from /home/airflow/.local/lib/python3.8/site-packages/airflow/example_dags/example_skip_dag.py
[2024-10-06T23:54:56.442+0000] {processor.py:839} INFO - DAG(s) dict_keys(['example_skip_dag']) retrieved from /home/airflow/.local/lib/python3.8/site-packages/airflow/example_dags/example_skip_dag.py
[2024-10-06T23:54:56.458+0000] {logging_mixin.py:154} INFO - [2024-10-06T23:54:56.458+0000] {dag.py:2941} INFO - Sync 1 DAGs
[2024-10-06T23:54:56.482+0000] {logging_mixin.py:154} INFO - [2024-10-06T23:54:56.482+0000] {dag.py:3722} INFO - Setting next_dagrun for example_skip_dag to 2024-10-05T23:54:56.481964+00:00, run_after=2024-10-06T23:54:56.481964+00:00
[2024-10-06T23:54:56.506+0000] {processor.py:179} INFO - Processing /home/airflow/.local/lib/python3.8/site-packages/airflow/example_dags/example_skip_dag.py took 0.077 seconds
