[2024-10-06T00:48:01.237+0000] {processor.py:157} INFO - Started process (PID=25781) to work on /home/airflow/.local/lib/python3.8/site-packages/airflow/example_dags/example_task_group_decorator.py
[2024-10-06T00:48:01.238+0000] {processor.py:829} INFO - Processing file /home/airflow/.local/lib/python3.8/site-packages/airflow/example_dags/example_task_group_decorator.py for tasks to queue
[2024-10-06T00:48:01.239+0000] {logging_mixin.py:154} INFO - [2024-10-06T00:48:01.239+0000] {dagbag.py:536} INFO - Filling up the DagBag from /home/airflow/.local/lib/python3.8/site-packages/airflow/example_dags/example_task_group_decorator.py
[2024-10-06T00:48:01.248+0000] {processor.py:839} INFO - DAG(s) dict_keys(['example_task_group_decorator']) retrieved from /home/airflow/.local/lib/python3.8/site-packages/airflow/example_dags/example_task_group_decorator.py
[2024-10-06T00:48:01.267+0000] {logging_mixin.py:154} INFO - [2024-10-06T00:48:01.267+0000] {dag.py:2941} INFO - Sync 1 DAGs
[2024-10-06T00:48:01.281+0000] {logging_mixin.py:154} INFO - [2024-10-06T00:48:01.281+0000] {dag.py:3722} INFO - Setting next_dagrun for example_task_group_decorator to 2024-10-05T00:48:01.281309+00:00, run_after=2024-10-06T00:48:01.281309+00:00
[2024-10-06T00:48:01.296+0000] {processor.py:179} INFO - Processing /home/airflow/.local/lib/python3.8/site-packages/airflow/example_dags/example_task_group_decorator.py took 0.062 seconds
[2024-10-06T00:59:18.282+0000] {processor.py:157} INFO - Started process (PID=25835) to work on /home/airflow/.local/lib/python3.8/site-packages/airflow/example_dags/example_task_group_decorator.py
[2024-10-06T00:59:18.283+0000] {processor.py:829} INFO - Processing file /home/airflow/.local/lib/python3.8/site-packages/airflow/example_dags/example_task_group_decorator.py for tasks to queue
[2024-10-06T00:59:18.284+0000] {logging_mixin.py:154} INFO - [2024-10-06T00:59:18.284+0000] {dagbag.py:536} INFO - Filling up the DagBag from /home/airflow/.local/lib/python3.8/site-packages/airflow/example_dags/example_task_group_decorator.py
[2024-10-06T00:59:18.290+0000] {processor.py:839} INFO - DAG(s) dict_keys(['example_task_group_decorator']) retrieved from /home/airflow/.local/lib/python3.8/site-packages/airflow/example_dags/example_task_group_decorator.py
[2024-10-06T00:59:18.300+0000] {logging_mixin.py:154} INFO - [2024-10-06T00:59:18.300+0000] {dag.py:2941} INFO - Sync 1 DAGs
[2024-10-06T00:59:18.307+0000] {logging_mixin.py:154} INFO - [2024-10-06T00:59:18.307+0000] {dag.py:3722} INFO - Setting next_dagrun for example_task_group_decorator to 2024-10-05T00:59:18.307622+00:00, run_after=2024-10-06T00:59:18.307622+00:00
[2024-10-06T00:59:18.314+0000] {processor.py:179} INFO - Processing /home/airflow/.local/lib/python3.8/site-packages/airflow/example_dags/example_task_group_decorator.py took 0.033 seconds
[2024-10-06T02:12:19.336+0000] {processor.py:157} INFO - Started process (PID=25889) to work on /home/airflow/.local/lib/python3.8/site-packages/airflow/example_dags/example_task_group_decorator.py
[2024-10-06T02:12:19.337+0000] {processor.py:829} INFO - Processing file /home/airflow/.local/lib/python3.8/site-packages/airflow/example_dags/example_task_group_decorator.py for tasks to queue
[2024-10-06T02:12:19.338+0000] {logging_mixin.py:154} INFO - [2024-10-06T02:12:19.337+0000] {dagbag.py:536} INFO - Filling up the DagBag from /home/airflow/.local/lib/python3.8/site-packages/airflow/example_dags/example_task_group_decorator.py
[2024-10-06T02:12:19.344+0000] {processor.py:839} INFO - DAG(s) dict_keys(['example_task_group_decorator']) retrieved from /home/airflow/.local/lib/python3.8/site-packages/airflow/example_dags/example_task_group_decorator.py
[2024-10-06T02:12:19.354+0000] {logging_mixin.py:154} INFO - [2024-10-06T02:12:19.353+0000] {dag.py:2941} INFO - Sync 1 DAGs
[2024-10-06T02:12:19.362+0000] {logging_mixin.py:154} INFO - [2024-10-06T02:12:19.362+0000] {dag.py:3722} INFO - Setting next_dagrun for example_task_group_decorator to 2024-10-05T02:12:19.362098+00:00, run_after=2024-10-06T02:12:19.362098+00:00
[2024-10-06T02:12:19.368+0000] {processor.py:179} INFO - Processing /home/airflow/.local/lib/python3.8/site-packages/airflow/example_dags/example_task_group_decorator.py took 0.033 seconds
[2024-10-06T02:48:46.129+0000] {processor.py:157} INFO - Started process (PID=25943) to work on /home/airflow/.local/lib/python3.8/site-packages/airflow/example_dags/example_task_group_decorator.py
[2024-10-06T02:48:46.130+0000] {processor.py:829} INFO - Processing file /home/airflow/.local/lib/python3.8/site-packages/airflow/example_dags/example_task_group_decorator.py for tasks to queue
[2024-10-06T02:48:46.413+0000] {logging_mixin.py:154} INFO - [2024-10-06T02:48:46.412+0000] {dagbag.py:536} INFO - Filling up the DagBag from /home/airflow/.local/lib/python3.8/site-packages/airflow/example_dags/example_task_group_decorator.py
[2024-10-06T02:48:46.439+0000] {processor.py:839} INFO - DAG(s) dict_keys(['example_task_group_decorator']) retrieved from /home/airflow/.local/lib/python3.8/site-packages/airflow/example_dags/example_task_group_decorator.py
[2024-10-06T02:48:46.471+0000] {logging_mixin.py:154} INFO - [2024-10-06T02:48:46.471+0000] {dag.py:2941} INFO - Sync 1 DAGs
[2024-10-06T02:48:46.493+0000] {logging_mixin.py:154} INFO - [2024-10-06T02:48:46.492+0000] {dag.py:3722} INFO - Setting next_dagrun for example_task_group_decorator to 2024-10-05T02:48:46.492517+00:00, run_after=2024-10-06T02:48:46.492517+00:00
[2024-10-06T02:48:46.556+0000] {processor.py:179} INFO - Processing /home/airflow/.local/lib/python3.8/site-packages/airflow/example_dags/example_task_group_decorator.py took 0.430 seconds
[2024-10-06T03:19:22.065+0000] {processor.py:157} INFO - Started process (PID=25997) to work on /home/airflow/.local/lib/python3.8/site-packages/airflow/example_dags/example_task_group_decorator.py
[2024-10-06T03:19:22.066+0000] {processor.py:829} INFO - Processing file /home/airflow/.local/lib/python3.8/site-packages/airflow/example_dags/example_task_group_decorator.py for tasks to queue
[2024-10-06T03:19:22.067+0000] {logging_mixin.py:154} INFO - [2024-10-06T03:19:22.067+0000] {dagbag.py:536} INFO - Filling up the DagBag from /home/airflow/.local/lib/python3.8/site-packages/airflow/example_dags/example_task_group_decorator.py
[2024-10-06T03:19:22.075+0000] {processor.py:839} INFO - DAG(s) dict_keys(['example_task_group_decorator']) retrieved from /home/airflow/.local/lib/python3.8/site-packages/airflow/example_dags/example_task_group_decorator.py
[2024-10-06T03:19:22.090+0000] {logging_mixin.py:154} INFO - [2024-10-06T03:19:22.090+0000] {dag.py:2941} INFO - Sync 1 DAGs
[2024-10-06T03:19:22.101+0000] {logging_mixin.py:154} INFO - [2024-10-06T03:19:22.101+0000] {dag.py:3722} INFO - Setting next_dagrun for example_task_group_decorator to 2024-10-05T03:19:22.101615+00:00, run_after=2024-10-06T03:19:22.101615+00:00
[2024-10-06T03:19:22.112+0000] {processor.py:179} INFO - Processing /home/airflow/.local/lib/python3.8/site-packages/airflow/example_dags/example_task_group_decorator.py took 0.049 seconds
[2024-10-06T04:34:55.782+0000] {processor.py:157} INFO - Started process (PID=26051) to work on /home/airflow/.local/lib/python3.8/site-packages/airflow/example_dags/example_task_group_decorator.py
[2024-10-06T04:34:55.783+0000] {processor.py:829} INFO - Processing file /home/airflow/.local/lib/python3.8/site-packages/airflow/example_dags/example_task_group_decorator.py for tasks to queue
[2024-10-06T04:34:55.785+0000] {logging_mixin.py:154} INFO - [2024-10-06T04:34:55.785+0000] {dagbag.py:536} INFO - Filling up the DagBag from /home/airflow/.local/lib/python3.8/site-packages/airflow/example_dags/example_task_group_decorator.py
[2024-10-06T04:34:55.793+0000] {processor.py:839} INFO - DAG(s) dict_keys(['example_task_group_decorator']) retrieved from /home/airflow/.local/lib/python3.8/site-packages/airflow/example_dags/example_task_group_decorator.py
[2024-10-06T04:34:55.807+0000] {logging_mixin.py:154} INFO - [2024-10-06T04:34:55.807+0000] {dag.py:2941} INFO - Sync 1 DAGs
[2024-10-06T04:34:55.819+0000] {logging_mixin.py:154} INFO - [2024-10-06T04:34:55.818+0000] {dag.py:3722} INFO - Setting next_dagrun for example_task_group_decorator to 2024-10-05T04:34:55.818820+00:00, run_after=2024-10-06T04:34:55.818820+00:00
[2024-10-06T04:34:55.828+0000] {processor.py:179} INFO - Processing /home/airflow/.local/lib/python3.8/site-packages/airflow/example_dags/example_task_group_decorator.py took 0.048 seconds
[2024-10-06T05:54:00.633+0000] {processor.py:157} INFO - Started process (PID=26105) to work on /home/airflow/.local/lib/python3.8/site-packages/airflow/example_dags/example_task_group_decorator.py
[2024-10-06T05:54:00.633+0000] {processor.py:829} INFO - Processing file /home/airflow/.local/lib/python3.8/site-packages/airflow/example_dags/example_task_group_decorator.py for tasks to queue
[2024-10-06T05:54:00.635+0000] {logging_mixin.py:154} INFO - [2024-10-06T05:54:00.634+0000] {dagbag.py:536} INFO - Filling up the DagBag from /home/airflow/.local/lib/python3.8/site-packages/airflow/example_dags/example_task_group_decorator.py
[2024-10-06T05:54:00.641+0000] {processor.py:839} INFO - DAG(s) dict_keys(['example_task_group_decorator']) retrieved from /home/airflow/.local/lib/python3.8/site-packages/airflow/example_dags/example_task_group_decorator.py
[2024-10-06T05:54:00.651+0000] {logging_mixin.py:154} INFO - [2024-10-06T05:54:00.651+0000] {dag.py:2941} INFO - Sync 1 DAGs
[2024-10-06T05:54:00.660+0000] {logging_mixin.py:154} INFO - [2024-10-06T05:54:00.660+0000] {dag.py:3722} INFO - Setting next_dagrun for example_task_group_decorator to 2024-10-05T05:54:00.660046+00:00, run_after=2024-10-06T05:54:00.660046+00:00
[2024-10-06T05:54:00.667+0000] {processor.py:179} INFO - Processing /home/airflow/.local/lib/python3.8/site-packages/airflow/example_dags/example_task_group_decorator.py took 0.035 seconds
[2024-10-06T06:41:06.409+0000] {processor.py:157} INFO - Started process (PID=26159) to work on /home/airflow/.local/lib/python3.8/site-packages/airflow/example_dags/example_task_group_decorator.py
[2024-10-06T06:41:06.410+0000] {processor.py:829} INFO - Processing file /home/airflow/.local/lib/python3.8/site-packages/airflow/example_dags/example_task_group_decorator.py for tasks to queue
[2024-10-06T06:41:06.411+0000] {logging_mixin.py:154} INFO - [2024-10-06T06:41:06.410+0000] {dagbag.py:536} INFO - Filling up the DagBag from /home/airflow/.local/lib/python3.8/site-packages/airflow/example_dags/example_task_group_decorator.py
[2024-10-06T06:41:06.418+0000] {processor.py:839} INFO - DAG(s) dict_keys(['example_task_group_decorator']) retrieved from /home/airflow/.local/lib/python3.8/site-packages/airflow/example_dags/example_task_group_decorator.py
[2024-10-06T06:41:06.428+0000] {logging_mixin.py:154} INFO - [2024-10-06T06:41:06.428+0000] {dag.py:2941} INFO - Sync 1 DAGs
[2024-10-06T06:41:06.437+0000] {logging_mixin.py:154} INFO - [2024-10-06T06:41:06.437+0000] {dag.py:3722} INFO - Setting next_dagrun for example_task_group_decorator to 2024-10-05T06:41:06.437719+00:00, run_after=2024-10-06T06:41:06.437719+00:00
[2024-10-06T06:41:06.444+0000] {processor.py:179} INFO - Processing /home/airflow/.local/lib/python3.8/site-packages/airflow/example_dags/example_task_group_decorator.py took 0.036 seconds
[2024-10-06T08:19:29.031+0000] {processor.py:157} INFO - Started process (PID=26213) to work on /home/airflow/.local/lib/python3.8/site-packages/airflow/example_dags/example_task_group_decorator.py
[2024-10-06T08:19:29.031+0000] {processor.py:829} INFO - Processing file /home/airflow/.local/lib/python3.8/site-packages/airflow/example_dags/example_task_group_decorator.py for tasks to queue
[2024-10-06T08:19:29.032+0000] {logging_mixin.py:154} INFO - [2024-10-06T08:19:29.032+0000] {dagbag.py:536} INFO - Filling up the DagBag from /home/airflow/.local/lib/python3.8/site-packages/airflow/example_dags/example_task_group_decorator.py
[2024-10-06T08:19:29.038+0000] {processor.py:839} INFO - DAG(s) dict_keys(['example_task_group_decorator']) retrieved from /home/airflow/.local/lib/python3.8/site-packages/airflow/example_dags/example_task_group_decorator.py
[2024-10-06T08:19:29.048+0000] {logging_mixin.py:154} INFO - [2024-10-06T08:19:29.047+0000] {dag.py:2941} INFO - Sync 1 DAGs
[2024-10-06T08:19:29.056+0000] {logging_mixin.py:154} INFO - [2024-10-06T08:19:29.056+0000] {dag.py:3722} INFO - Setting next_dagrun for example_task_group_decorator to 2024-10-05T08:19:29.056428+00:00, run_after=2024-10-06T08:19:29.056428+00:00
[2024-10-06T08:19:29.062+0000] {processor.py:179} INFO - Processing /home/airflow/.local/lib/python3.8/site-packages/airflow/example_dags/example_task_group_decorator.py took 0.033 seconds
[2024-10-06T09:31:45.131+0000] {processor.py:157} INFO - Started process (PID=26267) to work on /home/airflow/.local/lib/python3.8/site-packages/airflow/example_dags/example_task_group_decorator.py
[2024-10-06T09:31:45.132+0000] {processor.py:829} INFO - Processing file /home/airflow/.local/lib/python3.8/site-packages/airflow/example_dags/example_task_group_decorator.py for tasks to queue
[2024-10-06T09:31:45.133+0000] {logging_mixin.py:154} INFO - [2024-10-06T09:31:45.133+0000] {dagbag.py:536} INFO - Filling up the DagBag from /home/airflow/.local/lib/python3.8/site-packages/airflow/example_dags/example_task_group_decorator.py
[2024-10-06T09:31:45.141+0000] {processor.py:839} INFO - DAG(s) dict_keys(['example_task_group_decorator']) retrieved from /home/airflow/.local/lib/python3.8/site-packages/airflow/example_dags/example_task_group_decorator.py
[2024-10-06T09:31:45.156+0000] {logging_mixin.py:154} INFO - [2024-10-06T09:31:45.156+0000] {dag.py:2941} INFO - Sync 1 DAGs
[2024-10-06T09:31:45.168+0000] {logging_mixin.py:154} INFO - [2024-10-06T09:31:45.168+0000] {dag.py:3722} INFO - Setting next_dagrun for example_task_group_decorator to 2024-10-05T09:31:45.168692+00:00, run_after=2024-10-06T09:31:45.168692+00:00
[2024-10-06T09:31:45.178+0000] {processor.py:179} INFO - Processing /home/airflow/.local/lib/python3.8/site-packages/airflow/example_dags/example_task_group_decorator.py took 0.049 seconds
[2024-10-06T10:45:24.734+0000] {processor.py:157} INFO - Started process (PID=26321) to work on /home/airflow/.local/lib/python3.8/site-packages/airflow/example_dags/example_task_group_decorator.py
[2024-10-06T10:45:24.734+0000] {processor.py:829} INFO - Processing file /home/airflow/.local/lib/python3.8/site-packages/airflow/example_dags/example_task_group_decorator.py for tasks to queue
[2024-10-06T10:45:24.738+0000] {logging_mixin.py:154} INFO - [2024-10-06T10:45:24.738+0000] {dagbag.py:536} INFO - Filling up the DagBag from /home/airflow/.local/lib/python3.8/site-packages/airflow/example_dags/example_task_group_decorator.py
[2024-10-06T10:45:24.745+0000] {processor.py:839} INFO - DAG(s) dict_keys(['example_task_group_decorator']) retrieved from /home/airflow/.local/lib/python3.8/site-packages/airflow/example_dags/example_task_group_decorator.py
[2024-10-06T10:45:24.758+0000] {logging_mixin.py:154} INFO - [2024-10-06T10:45:24.757+0000] {dag.py:2941} INFO - Sync 1 DAGs
[2024-10-06T10:45:24.771+0000] {logging_mixin.py:154} INFO - [2024-10-06T10:45:24.771+0000] {dag.py:3722} INFO - Setting next_dagrun for example_task_group_decorator to 2024-10-05T10:45:24.771360+00:00, run_after=2024-10-06T10:45:24.771360+00:00
[2024-10-06T10:45:24.786+0000] {processor.py:179} INFO - Processing /home/airflow/.local/lib/python3.8/site-packages/airflow/example_dags/example_task_group_decorator.py took 0.054 seconds
[2024-10-06T11:46:25.011+0000] {processor.py:157} INFO - Started process (PID=26375) to work on /home/airflow/.local/lib/python3.8/site-packages/airflow/example_dags/example_task_group_decorator.py
[2024-10-06T11:46:25.014+0000] {processor.py:829} INFO - Processing file /home/airflow/.local/lib/python3.8/site-packages/airflow/example_dags/example_task_group_decorator.py for tasks to queue
[2024-10-06T11:46:25.016+0000] {logging_mixin.py:154} INFO - [2024-10-06T11:46:25.016+0000] {dagbag.py:536} INFO - Filling up the DagBag from /home/airflow/.local/lib/python3.8/site-packages/airflow/example_dags/example_task_group_decorator.py
[2024-10-06T11:46:25.028+0000] {processor.py:839} INFO - DAG(s) dict_keys(['example_task_group_decorator']) retrieved from /home/airflow/.local/lib/python3.8/site-packages/airflow/example_dags/example_task_group_decorator.py
[2024-10-06T11:46:25.056+0000] {logging_mixin.py:154} INFO - [2024-10-06T11:46:25.054+0000] {dag.py:2941} INFO - Sync 1 DAGs
[2024-10-06T11:46:25.080+0000] {logging_mixin.py:154} INFO - [2024-10-06T11:46:25.080+0000] {dag.py:3722} INFO - Setting next_dagrun for example_task_group_decorator to 2024-10-05T11:46:25.080085+00:00, run_after=2024-10-06T11:46:25.080085+00:00
[2024-10-06T11:46:25.110+0000] {processor.py:179} INFO - Processing /home/airflow/.local/lib/python3.8/site-packages/airflow/example_dags/example_task_group_decorator.py took 0.101 seconds
[2024-10-06T12:33:56.903+0000] {processor.py:157} INFO - Started process (PID=26429) to work on /home/airflow/.local/lib/python3.8/site-packages/airflow/example_dags/example_task_group_decorator.py
[2024-10-06T12:33:56.904+0000] {processor.py:829} INFO - Processing file /home/airflow/.local/lib/python3.8/site-packages/airflow/example_dags/example_task_group_decorator.py for tasks to queue
[2024-10-06T12:33:56.906+0000] {logging_mixin.py:154} INFO - [2024-10-06T12:33:56.906+0000] {dagbag.py:536} INFO - Filling up the DagBag from /home/airflow/.local/lib/python3.8/site-packages/airflow/example_dags/example_task_group_decorator.py
[2024-10-06T12:33:56.914+0000] {processor.py:839} INFO - DAG(s) dict_keys(['example_task_group_decorator']) retrieved from /home/airflow/.local/lib/python3.8/site-packages/airflow/example_dags/example_task_group_decorator.py
[2024-10-06T12:33:56.929+0000] {logging_mixin.py:154} INFO - [2024-10-06T12:33:56.929+0000] {dag.py:2941} INFO - Sync 1 DAGs
[2024-10-06T12:33:56.941+0000] {logging_mixin.py:154} INFO - [2024-10-06T12:33:56.941+0000] {dag.py:3722} INFO - Setting next_dagrun for example_task_group_decorator to 2024-10-05T12:33:56.940991+00:00, run_after=2024-10-06T12:33:56.940991+00:00
[2024-10-06T12:33:56.950+0000] {processor.py:179} INFO - Processing /home/airflow/.local/lib/python3.8/site-packages/airflow/example_dags/example_task_group_decorator.py took 0.050 seconds
[2024-10-06T13:17:27.468+0000] {processor.py:157} INFO - Started process (PID=26483) to work on /home/airflow/.local/lib/python3.8/site-packages/airflow/example_dags/example_task_group_decorator.py
[2024-10-06T13:17:27.469+0000] {processor.py:829} INFO - Processing file /home/airflow/.local/lib/python3.8/site-packages/airflow/example_dags/example_task_group_decorator.py for tasks to queue
[2024-10-06T13:17:27.470+0000] {logging_mixin.py:154} INFO - [2024-10-06T13:17:27.470+0000] {dagbag.py:536} INFO - Filling up the DagBag from /home/airflow/.local/lib/python3.8/site-packages/airflow/example_dags/example_task_group_decorator.py
[2024-10-06T13:17:27.477+0000] {processor.py:839} INFO - DAG(s) dict_keys(['example_task_group_decorator']) retrieved from /home/airflow/.local/lib/python3.8/site-packages/airflow/example_dags/example_task_group_decorator.py
[2024-10-06T13:17:27.491+0000] {logging_mixin.py:154} INFO - [2024-10-06T13:17:27.491+0000] {dag.py:2941} INFO - Sync 1 DAGs
[2024-10-06T13:17:27.501+0000] {logging_mixin.py:154} INFO - [2024-10-06T13:17:27.501+0000] {dag.py:3722} INFO - Setting next_dagrun for example_task_group_decorator to 2024-10-05T13:17:27.501169+00:00, run_after=2024-10-06T13:17:27.501169+00:00
[2024-10-06T13:17:27.509+0000] {processor.py:179} INFO - Processing /home/airflow/.local/lib/python3.8/site-packages/airflow/example_dags/example_task_group_decorator.py took 0.043 seconds
[2024-10-06T14:49:25.948+0000] {processor.py:157} INFO - Started process (PID=26537) to work on /home/airflow/.local/lib/python3.8/site-packages/airflow/example_dags/example_task_group_decorator.py
[2024-10-06T14:49:25.949+0000] {processor.py:829} INFO - Processing file /home/airflow/.local/lib/python3.8/site-packages/airflow/example_dags/example_task_group_decorator.py for tasks to queue
[2024-10-06T14:49:25.950+0000] {logging_mixin.py:154} INFO - [2024-10-06T14:49:25.950+0000] {dagbag.py:536} INFO - Filling up the DagBag from /home/airflow/.local/lib/python3.8/site-packages/airflow/example_dags/example_task_group_decorator.py
[2024-10-06T14:49:25.958+0000] {processor.py:839} INFO - DAG(s) dict_keys(['example_task_group_decorator']) retrieved from /home/airflow/.local/lib/python3.8/site-packages/airflow/example_dags/example_task_group_decorator.py
[2024-10-06T14:49:25.972+0000] {logging_mixin.py:154} INFO - [2024-10-06T14:49:25.972+0000] {dag.py:2941} INFO - Sync 1 DAGs
[2024-10-06T14:49:25.986+0000] {logging_mixin.py:154} INFO - [2024-10-06T14:49:25.986+0000] {dag.py:3722} INFO - Setting next_dagrun for example_task_group_decorator to 2024-10-05T14:49:25.986601+00:00, run_after=2024-10-06T14:49:25.986601+00:00
[2024-10-06T14:49:25.997+0000] {processor.py:179} INFO - Processing /home/airflow/.local/lib/python3.8/site-packages/airflow/example_dags/example_task_group_decorator.py took 0.051 seconds
[2024-10-06T15:50:30.096+0000] {processor.py:157} INFO - Started process (PID=26591) to work on /home/airflow/.local/lib/python3.8/site-packages/airflow/example_dags/example_task_group_decorator.py
[2024-10-06T15:50:30.096+0000] {processor.py:829} INFO - Processing file /home/airflow/.local/lib/python3.8/site-packages/airflow/example_dags/example_task_group_decorator.py for tasks to queue
[2024-10-06T15:50:30.097+0000] {logging_mixin.py:154} INFO - [2024-10-06T15:50:30.097+0000] {dagbag.py:536} INFO - Filling up the DagBag from /home/airflow/.local/lib/python3.8/site-packages/airflow/example_dags/example_task_group_decorator.py
[2024-10-06T15:50:30.104+0000] {processor.py:839} INFO - DAG(s) dict_keys(['example_task_group_decorator']) retrieved from /home/airflow/.local/lib/python3.8/site-packages/airflow/example_dags/example_task_group_decorator.py
[2024-10-06T15:50:30.118+0000] {logging_mixin.py:154} INFO - [2024-10-06T15:50:30.117+0000] {dag.py:2941} INFO - Sync 1 DAGs
[2024-10-06T15:50:30.128+0000] {logging_mixin.py:154} INFO - [2024-10-06T15:50:30.128+0000] {dag.py:3722} INFO - Setting next_dagrun for example_task_group_decorator to 2024-10-05T15:50:30.127973+00:00, run_after=2024-10-06T15:50:30.127973+00:00
[2024-10-06T15:50:30.138+0000] {processor.py:179} INFO - Processing /home/airflow/.local/lib/python3.8/site-packages/airflow/example_dags/example_task_group_decorator.py took 0.044 seconds
[2024-10-06T16:11:23.055+0000] {processor.py:157} INFO - Started process (PID=26645) to work on /home/airflow/.local/lib/python3.8/site-packages/airflow/example_dags/example_task_group_decorator.py
[2024-10-06T16:11:23.056+0000] {processor.py:829} INFO - Processing file /home/airflow/.local/lib/python3.8/site-packages/airflow/example_dags/example_task_group_decorator.py for tasks to queue
[2024-10-06T16:11:23.060+0000] {logging_mixin.py:154} INFO - [2024-10-06T16:11:23.059+0000] {dagbag.py:536} INFO - Filling up the DagBag from /home/airflow/.local/lib/python3.8/site-packages/airflow/example_dags/example_task_group_decorator.py
[2024-10-06T16:11:23.077+0000] {processor.py:839} INFO - DAG(s) dict_keys(['example_task_group_decorator']) retrieved from /home/airflow/.local/lib/python3.8/site-packages/airflow/example_dags/example_task_group_decorator.py
[2024-10-06T16:11:23.106+0000] {logging_mixin.py:154} INFO - [2024-10-06T16:11:23.106+0000] {dag.py:2941} INFO - Sync 1 DAGs
[2024-10-06T16:11:23.134+0000] {logging_mixin.py:154} INFO - [2024-10-06T16:11:23.134+0000] {dag.py:3722} INFO - Setting next_dagrun for example_task_group_decorator to 2024-10-05T16:11:23.134105+00:00, run_after=2024-10-06T16:11:23.134105+00:00
[2024-10-06T16:11:23.159+0000] {processor.py:179} INFO - Processing /home/airflow/.local/lib/python3.8/site-packages/airflow/example_dags/example_task_group_decorator.py took 0.107 seconds
[2024-10-06T16:17:00.107+0000] {processor.py:157} INFO - Started process (PID=26699) to work on /home/airflow/.local/lib/python3.8/site-packages/airflow/example_dags/example_task_group_decorator.py
[2024-10-06T16:17:00.108+0000] {processor.py:829} INFO - Processing file /home/airflow/.local/lib/python3.8/site-packages/airflow/example_dags/example_task_group_decorator.py for tasks to queue
[2024-10-06T16:17:00.109+0000] {logging_mixin.py:154} INFO - [2024-10-06T16:17:00.109+0000] {dagbag.py:536} INFO - Filling up the DagBag from /home/airflow/.local/lib/python3.8/site-packages/airflow/example_dags/example_task_group_decorator.py
[2024-10-06T16:17:00.117+0000] {processor.py:839} INFO - DAG(s) dict_keys(['example_task_group_decorator']) retrieved from /home/airflow/.local/lib/python3.8/site-packages/airflow/example_dags/example_task_group_decorator.py
[2024-10-06T16:17:00.131+0000] {logging_mixin.py:154} INFO - [2024-10-06T16:17:00.131+0000] {dag.py:2941} INFO - Sync 1 DAGs
[2024-10-06T16:17:00.143+0000] {logging_mixin.py:154} INFO - [2024-10-06T16:17:00.143+0000] {dag.py:3722} INFO - Setting next_dagrun for example_task_group_decorator to 2024-10-05T16:17:00.143433+00:00, run_after=2024-10-06T16:17:00.143433+00:00
[2024-10-06T16:17:00.154+0000] {processor.py:179} INFO - Processing /home/airflow/.local/lib/python3.8/site-packages/airflow/example_dags/example_task_group_decorator.py took 0.049 seconds
[2024-10-06T17:25:37.010+0000] {processor.py:157} INFO - Started process (PID=26753) to work on /home/airflow/.local/lib/python3.8/site-packages/airflow/example_dags/example_task_group_decorator.py
[2024-10-06T17:25:37.011+0000] {processor.py:829} INFO - Processing file /home/airflow/.local/lib/python3.8/site-packages/airflow/example_dags/example_task_group_decorator.py for tasks to queue
[2024-10-06T17:25:37.013+0000] {logging_mixin.py:154} INFO - [2024-10-06T17:25:37.012+0000] {dagbag.py:536} INFO - Filling up the DagBag from /home/airflow/.local/lib/python3.8/site-packages/airflow/example_dags/example_task_group_decorator.py
[2024-10-06T17:25:37.020+0000] {processor.py:839} INFO - DAG(s) dict_keys(['example_task_group_decorator']) retrieved from /home/airflow/.local/lib/python3.8/site-packages/airflow/example_dags/example_task_group_decorator.py
[2024-10-06T17:25:37.034+0000] {logging_mixin.py:154} INFO - [2024-10-06T17:25:37.034+0000] {dag.py:2941} INFO - Sync 1 DAGs
[2024-10-06T17:25:37.046+0000] {logging_mixin.py:154} INFO - [2024-10-06T17:25:37.046+0000] {dag.py:3722} INFO - Setting next_dagrun for example_task_group_decorator to 2024-10-05T17:25:37.046268+00:00, run_after=2024-10-06T17:25:37.046268+00:00
[2024-10-06T17:25:37.057+0000] {processor.py:179} INFO - Processing /home/airflow/.local/lib/python3.8/site-packages/airflow/example_dags/example_task_group_decorator.py took 0.048 seconds
[2024-10-06T17:48:09.428+0000] {processor.py:157} INFO - Started process (PID=26807) to work on /home/airflow/.local/lib/python3.8/site-packages/airflow/example_dags/example_task_group_decorator.py
[2024-10-06T17:48:09.428+0000] {processor.py:829} INFO - Processing file /home/airflow/.local/lib/python3.8/site-packages/airflow/example_dags/example_task_group_decorator.py for tasks to queue
[2024-10-06T17:48:09.429+0000] {logging_mixin.py:154} INFO - [2024-10-06T17:48:09.429+0000] {dagbag.py:536} INFO - Filling up the DagBag from /home/airflow/.local/lib/python3.8/site-packages/airflow/example_dags/example_task_group_decorator.py
[2024-10-06T17:48:09.435+0000] {processor.py:839} INFO - DAG(s) dict_keys(['example_task_group_decorator']) retrieved from /home/airflow/.local/lib/python3.8/site-packages/airflow/example_dags/example_task_group_decorator.py
[2024-10-06T17:48:09.445+0000] {logging_mixin.py:154} INFO - [2024-10-06T17:48:09.445+0000] {dag.py:2941} INFO - Sync 1 DAGs
[2024-10-06T17:48:09.453+0000] {logging_mixin.py:154} INFO - [2024-10-06T17:48:09.453+0000] {dag.py:3722} INFO - Setting next_dagrun for example_task_group_decorator to 2024-10-05T17:48:09.453544+00:00, run_after=2024-10-06T17:48:09.453544+00:00
[2024-10-06T17:48:09.459+0000] {processor.py:179} INFO - Processing /home/airflow/.local/lib/python3.8/site-packages/airflow/example_dags/example_task_group_decorator.py took 0.033 seconds
[2024-10-06T18:17:57.758+0000] {processor.py:157} INFO - Started process (PID=26861) to work on /home/airflow/.local/lib/python3.8/site-packages/airflow/example_dags/example_task_group_decorator.py
[2024-10-06T18:17:57.758+0000] {processor.py:829} INFO - Processing file /home/airflow/.local/lib/python3.8/site-packages/airflow/example_dags/example_task_group_decorator.py for tasks to queue
[2024-10-06T18:17:57.759+0000] {logging_mixin.py:154} INFO - [2024-10-06T18:17:57.759+0000] {dagbag.py:536} INFO - Filling up the DagBag from /home/airflow/.local/lib/python3.8/site-packages/airflow/example_dags/example_task_group_decorator.py
[2024-10-06T18:17:57.766+0000] {processor.py:839} INFO - DAG(s) dict_keys(['example_task_group_decorator']) retrieved from /home/airflow/.local/lib/python3.8/site-packages/airflow/example_dags/example_task_group_decorator.py
[2024-10-06T18:17:57.777+0000] {logging_mixin.py:154} INFO - [2024-10-06T18:17:57.777+0000] {dag.py:2941} INFO - Sync 1 DAGs
[2024-10-06T18:17:57.786+0000] {logging_mixin.py:154} INFO - [2024-10-06T18:17:57.786+0000] {dag.py:3722} INFO - Setting next_dagrun for example_task_group_decorator to 2024-10-05T18:17:57.786078+00:00, run_after=2024-10-06T18:17:57.786078+00:00
[2024-10-06T18:17:57.793+0000] {processor.py:179} INFO - Processing /home/airflow/.local/lib/python3.8/site-packages/airflow/example_dags/example_task_group_decorator.py took 0.036 seconds
[2024-10-06T19:43:22.263+0000] {processor.py:157} INFO - Started process (PID=26915) to work on /home/airflow/.local/lib/python3.8/site-packages/airflow/example_dags/example_task_group_decorator.py
[2024-10-06T19:43:22.263+0000] {processor.py:829} INFO - Processing file /home/airflow/.local/lib/python3.8/site-packages/airflow/example_dags/example_task_group_decorator.py for tasks to queue
[2024-10-06T19:43:22.264+0000] {logging_mixin.py:154} INFO - [2024-10-06T19:43:22.264+0000] {dagbag.py:536} INFO - Filling up the DagBag from /home/airflow/.local/lib/python3.8/site-packages/airflow/example_dags/example_task_group_decorator.py
[2024-10-06T19:43:22.271+0000] {processor.py:839} INFO - DAG(s) dict_keys(['example_task_group_decorator']) retrieved from /home/airflow/.local/lib/python3.8/site-packages/airflow/example_dags/example_task_group_decorator.py
[2024-10-06T19:43:22.280+0000] {logging_mixin.py:154} INFO - [2024-10-06T19:43:22.280+0000] {dag.py:2941} INFO - Sync 1 DAGs
[2024-10-06T19:43:22.288+0000] {logging_mixin.py:154} INFO - [2024-10-06T19:43:22.288+0000] {dag.py:3722} INFO - Setting next_dagrun for example_task_group_decorator to 2024-10-05T19:43:22.288319+00:00, run_after=2024-10-06T19:43:22.288319+00:00
[2024-10-06T19:43:22.295+0000] {processor.py:179} INFO - Processing /home/airflow/.local/lib/python3.8/site-packages/airflow/example_dags/example_task_group_decorator.py took 0.033 seconds
[2024-10-06T20:31:09.480+0000] {processor.py:157} INFO - Started process (PID=26969) to work on /home/airflow/.local/lib/python3.8/site-packages/airflow/example_dags/example_task_group_decorator.py
[2024-10-06T20:31:09.480+0000] {processor.py:829} INFO - Processing file /home/airflow/.local/lib/python3.8/site-packages/airflow/example_dags/example_task_group_decorator.py for tasks to queue
[2024-10-06T20:31:09.481+0000] {logging_mixin.py:154} INFO - [2024-10-06T20:31:09.481+0000] {dagbag.py:536} INFO - Filling up the DagBag from /home/airflow/.local/lib/python3.8/site-packages/airflow/example_dags/example_task_group_decorator.py
[2024-10-06T20:31:09.487+0000] {processor.py:839} INFO - DAG(s) dict_keys(['example_task_group_decorator']) retrieved from /home/airflow/.local/lib/python3.8/site-packages/airflow/example_dags/example_task_group_decorator.py
[2024-10-06T20:31:09.498+0000] {logging_mixin.py:154} INFO - [2024-10-06T20:31:09.498+0000] {dag.py:2941} INFO - Sync 1 DAGs
[2024-10-06T20:31:09.506+0000] {logging_mixin.py:154} INFO - [2024-10-06T20:31:09.506+0000] {dag.py:3722} INFO - Setting next_dagrun for example_task_group_decorator to 2024-10-05T20:31:09.506260+00:00, run_after=2024-10-06T20:31:09.506260+00:00
[2024-10-06T20:31:09.513+0000] {processor.py:179} INFO - Processing /home/airflow/.local/lib/python3.8/site-packages/airflow/example_dags/example_task_group_decorator.py took 0.034 seconds
[2024-10-06T20:40:14.408+0000] {processor.py:157} INFO - Started process (PID=27023) to work on /home/airflow/.local/lib/python3.8/site-packages/airflow/example_dags/example_task_group_decorator.py
[2024-10-06T20:40:14.409+0000] {processor.py:829} INFO - Processing file /home/airflow/.local/lib/python3.8/site-packages/airflow/example_dags/example_task_group_decorator.py for tasks to queue
[2024-10-06T20:40:14.410+0000] {logging_mixin.py:154} INFO - [2024-10-06T20:40:14.409+0000] {dagbag.py:536} INFO - Filling up the DagBag from /home/airflow/.local/lib/python3.8/site-packages/airflow/example_dags/example_task_group_decorator.py
[2024-10-06T20:40:14.416+0000] {processor.py:839} INFO - DAG(s) dict_keys(['example_task_group_decorator']) retrieved from /home/airflow/.local/lib/python3.8/site-packages/airflow/example_dags/example_task_group_decorator.py
[2024-10-06T20:40:14.426+0000] {logging_mixin.py:154} INFO - [2024-10-06T20:40:14.425+0000] {dag.py:2941} INFO - Sync 1 DAGs
[2024-10-06T20:40:14.433+0000] {logging_mixin.py:154} INFO - [2024-10-06T20:40:14.433+0000] {dag.py:3722} INFO - Setting next_dagrun for example_task_group_decorator to 2024-10-05T20:40:14.433780+00:00, run_after=2024-10-06T20:40:14.433780+00:00
[2024-10-06T20:40:14.440+0000] {processor.py:179} INFO - Processing /home/airflow/.local/lib/python3.8/site-packages/airflow/example_dags/example_task_group_decorator.py took 0.033 seconds
[2024-10-06T20:43:24.777+0000] {processor.py:157} INFO - Started process (PID=27077) to work on /home/airflow/.local/lib/python3.8/site-packages/airflow/example_dags/example_task_group_decorator.py
[2024-10-06T20:43:24.777+0000] {processor.py:829} INFO - Processing file /home/airflow/.local/lib/python3.8/site-packages/airflow/example_dags/example_task_group_decorator.py for tasks to queue
[2024-10-06T20:43:24.778+0000] {logging_mixin.py:154} INFO - [2024-10-06T20:43:24.778+0000] {dagbag.py:536} INFO - Filling up the DagBag from /home/airflow/.local/lib/python3.8/site-packages/airflow/example_dags/example_task_group_decorator.py
[2024-10-06T20:43:24.784+0000] {processor.py:839} INFO - DAG(s) dict_keys(['example_task_group_decorator']) retrieved from /home/airflow/.local/lib/python3.8/site-packages/airflow/example_dags/example_task_group_decorator.py
[2024-10-06T20:43:24.794+0000] {logging_mixin.py:154} INFO - [2024-10-06T20:43:24.794+0000] {dag.py:2941} INFO - Sync 1 DAGs
[2024-10-06T20:43:24.802+0000] {logging_mixin.py:154} INFO - [2024-10-06T20:43:24.802+0000] {dag.py:3722} INFO - Setting next_dagrun for example_task_group_decorator to 2024-10-05T20:43:24.802033+00:00, run_after=2024-10-06T20:43:24.802033+00:00
[2024-10-06T20:43:24.808+0000] {processor.py:179} INFO - Processing /home/airflow/.local/lib/python3.8/site-packages/airflow/example_dags/example_task_group_decorator.py took 0.033 seconds
[2024-10-06T21:12:02.938+0000] {processor.py:157} INFO - Started process (PID=27131) to work on /home/airflow/.local/lib/python3.8/site-packages/airflow/example_dags/example_task_group_decorator.py
[2024-10-06T21:12:02.938+0000] {processor.py:829} INFO - Processing file /home/airflow/.local/lib/python3.8/site-packages/airflow/example_dags/example_task_group_decorator.py for tasks to queue
[2024-10-06T21:12:02.940+0000] {logging_mixin.py:154} INFO - [2024-10-06T21:12:02.940+0000] {dagbag.py:536} INFO - Filling up the DagBag from /home/airflow/.local/lib/python3.8/site-packages/airflow/example_dags/example_task_group_decorator.py
[2024-10-06T21:12:02.947+0000] {processor.py:839} INFO - DAG(s) dict_keys(['example_task_group_decorator']) retrieved from /home/airflow/.local/lib/python3.8/site-packages/airflow/example_dags/example_task_group_decorator.py
[2024-10-06T21:12:02.960+0000] {logging_mixin.py:154} INFO - [2024-10-06T21:12:02.960+0000] {dag.py:2941} INFO - Sync 1 DAGs
[2024-10-06T21:12:02.972+0000] {logging_mixin.py:154} INFO - [2024-10-06T21:12:02.972+0000] {dag.py:3722} INFO - Setting next_dagrun for example_task_group_decorator to 2024-10-05T21:12:02.972601+00:00, run_after=2024-10-06T21:12:02.972601+00:00
[2024-10-06T21:12:02.983+0000] {processor.py:179} INFO - Processing /home/airflow/.local/lib/python3.8/site-packages/airflow/example_dags/example_task_group_decorator.py took 0.047 seconds
[2024-10-06T21:13:25.827+0000] {processor.py:157} INFO - Started process (PID=27185) to work on /home/airflow/.local/lib/python3.8/site-packages/airflow/example_dags/example_task_group_decorator.py
[2024-10-06T21:13:25.828+0000] {processor.py:829} INFO - Processing file /home/airflow/.local/lib/python3.8/site-packages/airflow/example_dags/example_task_group_decorator.py for tasks to queue
[2024-10-06T21:13:25.829+0000] {logging_mixin.py:154} INFO - [2024-10-06T21:13:25.828+0000] {dagbag.py:536} INFO - Filling up the DagBag from /home/airflow/.local/lib/python3.8/site-packages/airflow/example_dags/example_task_group_decorator.py
[2024-10-06T21:13:25.835+0000] {processor.py:839} INFO - DAG(s) dict_keys(['example_task_group_decorator']) retrieved from /home/airflow/.local/lib/python3.8/site-packages/airflow/example_dags/example_task_group_decorator.py
[2024-10-06T21:13:25.844+0000] {logging_mixin.py:154} INFO - [2024-10-06T21:13:25.844+0000] {dag.py:2941} INFO - Sync 1 DAGs
[2024-10-06T21:13:25.852+0000] {logging_mixin.py:154} INFO - [2024-10-06T21:13:25.852+0000] {dag.py:3722} INFO - Setting next_dagrun for example_task_group_decorator to 2024-10-05T21:13:25.852132+00:00, run_after=2024-10-06T21:13:25.852132+00:00
[2024-10-06T21:13:25.859+0000] {processor.py:179} INFO - Processing /home/airflow/.local/lib/python3.8/site-packages/airflow/example_dags/example_task_group_decorator.py took 0.033 seconds
[2024-10-06T21:23:59.938+0000] {processor.py:157} INFO - Started process (PID=27239) to work on /home/airflow/.local/lib/python3.8/site-packages/airflow/example_dags/example_task_group_decorator.py
[2024-10-06T21:23:59.938+0000] {processor.py:829} INFO - Processing file /home/airflow/.local/lib/python3.8/site-packages/airflow/example_dags/example_task_group_decorator.py for tasks to queue
[2024-10-06T21:23:59.939+0000] {logging_mixin.py:154} INFO - [2024-10-06T21:23:59.939+0000] {dagbag.py:536} INFO - Filling up the DagBag from /home/airflow/.local/lib/python3.8/site-packages/airflow/example_dags/example_task_group_decorator.py
[2024-10-06T21:23:59.945+0000] {processor.py:839} INFO - DAG(s) dict_keys(['example_task_group_decorator']) retrieved from /home/airflow/.local/lib/python3.8/site-packages/airflow/example_dags/example_task_group_decorator.py
[2024-10-06T21:23:59.955+0000] {logging_mixin.py:154} INFO - [2024-10-06T21:23:59.955+0000] {dag.py:2941} INFO - Sync 1 DAGs
[2024-10-06T21:23:59.963+0000] {logging_mixin.py:154} INFO - [2024-10-06T21:23:59.963+0000] {dag.py:3722} INFO - Setting next_dagrun for example_task_group_decorator to 2024-10-05T21:23:59.963141+00:00, run_after=2024-10-06T21:23:59.963141+00:00
[2024-10-06T21:23:59.969+0000] {processor.py:179} INFO - Processing /home/airflow/.local/lib/python3.8/site-packages/airflow/example_dags/example_task_group_decorator.py took 0.033 seconds
[2024-10-06T22:02:21.634+0000] {processor.py:157} INFO - Started process (PID=27293) to work on /home/airflow/.local/lib/python3.8/site-packages/airflow/example_dags/example_task_group_decorator.py
[2024-10-06T22:02:21.635+0000] {processor.py:829} INFO - Processing file /home/airflow/.local/lib/python3.8/site-packages/airflow/example_dags/example_task_group_decorator.py for tasks to queue
[2024-10-06T22:02:21.637+0000] {logging_mixin.py:154} INFO - [2024-10-06T22:02:21.637+0000] {dagbag.py:536} INFO - Filling up the DagBag from /home/airflow/.local/lib/python3.8/site-packages/airflow/example_dags/example_task_group_decorator.py
[2024-10-06T22:02:21.645+0000] {processor.py:839} INFO - DAG(s) dict_keys(['example_task_group_decorator']) retrieved from /home/airflow/.local/lib/python3.8/site-packages/airflow/example_dags/example_task_group_decorator.py
[2024-10-06T22:02:21.660+0000] {logging_mixin.py:154} INFO - [2024-10-06T22:02:21.659+0000] {dag.py:2941} INFO - Sync 1 DAGs
[2024-10-06T22:02:21.672+0000] {logging_mixin.py:154} INFO - [2024-10-06T22:02:21.672+0000] {dag.py:3722} INFO - Setting next_dagrun for example_task_group_decorator to 2024-10-05T22:02:21.672059+00:00, run_after=2024-10-06T22:02:21.672059+00:00
[2024-10-06T22:02:21.683+0000] {processor.py:179} INFO - Processing /home/airflow/.local/lib/python3.8/site-packages/airflow/example_dags/example_task_group_decorator.py took 0.051 seconds
[2024-10-06T22:28:54.590+0000] {processor.py:157} INFO - Started process (PID=27347) to work on /home/airflow/.local/lib/python3.8/site-packages/airflow/example_dags/example_task_group_decorator.py
[2024-10-06T22:28:54.590+0000] {processor.py:829} INFO - Processing file /home/airflow/.local/lib/python3.8/site-packages/airflow/example_dags/example_task_group_decorator.py for tasks to queue
[2024-10-06T22:28:54.591+0000] {logging_mixin.py:154} INFO - [2024-10-06T22:28:54.591+0000] {dagbag.py:536} INFO - Filling up the DagBag from /home/airflow/.local/lib/python3.8/site-packages/airflow/example_dags/example_task_group_decorator.py
[2024-10-06T22:28:54.598+0000] {processor.py:839} INFO - DAG(s) dict_keys(['example_task_group_decorator']) retrieved from /home/airflow/.local/lib/python3.8/site-packages/airflow/example_dags/example_task_group_decorator.py
[2024-10-06T22:28:54.609+0000] {logging_mixin.py:154} INFO - [2024-10-06T22:28:54.609+0000] {dag.py:2941} INFO - Sync 1 DAGs
[2024-10-06T22:28:54.617+0000] {logging_mixin.py:154} INFO - [2024-10-06T22:28:54.617+0000] {dag.py:3722} INFO - Setting next_dagrun for example_task_group_decorator to 2024-10-05T22:28:54.617455+00:00, run_after=2024-10-06T22:28:54.617455+00:00
[2024-10-06T22:28:54.624+0000] {processor.py:179} INFO - Processing /home/airflow/.local/lib/python3.8/site-packages/airflow/example_dags/example_task_group_decorator.py took 0.035 seconds
[2024-10-06T22:59:43.999+0000] {processor.py:157} INFO - Started process (PID=27401) to work on /home/airflow/.local/lib/python3.8/site-packages/airflow/example_dags/example_task_group_decorator.py
[2024-10-06T22:59:44.000+0000] {processor.py:829} INFO - Processing file /home/airflow/.local/lib/python3.8/site-packages/airflow/example_dags/example_task_group_decorator.py for tasks to queue
[2024-10-06T22:59:44.002+0000] {logging_mixin.py:154} INFO - [2024-10-06T22:59:44.002+0000] {dagbag.py:536} INFO - Filling up the DagBag from /home/airflow/.local/lib/python3.8/site-packages/airflow/example_dags/example_task_group_decorator.py
[2024-10-06T22:59:44.013+0000] {processor.py:839} INFO - DAG(s) dict_keys(['example_task_group_decorator']) retrieved from /home/airflow/.local/lib/python3.8/site-packages/airflow/example_dags/example_task_group_decorator.py
[2024-10-06T22:59:44.030+0000] {logging_mixin.py:154} INFO - [2024-10-06T22:59:44.030+0000] {dag.py:2941} INFO - Sync 1 DAGs
[2024-10-06T22:59:44.046+0000] {logging_mixin.py:154} INFO - [2024-10-06T22:59:44.045+0000] {dag.py:3722} INFO - Setting next_dagrun for example_task_group_decorator to 2024-10-05T22:59:44.045731+00:00, run_after=2024-10-06T22:59:44.045731+00:00
[2024-10-06T22:59:44.065+0000] {processor.py:179} INFO - Processing /home/airflow/.local/lib/python3.8/site-packages/airflow/example_dags/example_task_group_decorator.py took 0.069 seconds
[2024-10-06T23:00:14.931+0000] {processor.py:157} INFO - Started process (PID=27455) to work on /home/airflow/.local/lib/python3.8/site-packages/airflow/example_dags/example_task_group_decorator.py
[2024-10-06T23:00:14.932+0000] {processor.py:829} INFO - Processing file /home/airflow/.local/lib/python3.8/site-packages/airflow/example_dags/example_task_group_decorator.py for tasks to queue
[2024-10-06T23:00:14.937+0000] {logging_mixin.py:154} INFO - [2024-10-06T23:00:14.936+0000] {dagbag.py:536} INFO - Filling up the DagBag from /home/airflow/.local/lib/python3.8/site-packages/airflow/example_dags/example_task_group_decorator.py
[2024-10-06T23:00:14.954+0000] {processor.py:839} INFO - DAG(s) dict_keys(['example_task_group_decorator']) retrieved from /home/airflow/.local/lib/python3.8/site-packages/airflow/example_dags/example_task_group_decorator.py
[2024-10-06T23:00:14.975+0000] {logging_mixin.py:154} INFO - [2024-10-06T23:00:14.975+0000] {dag.py:2941} INFO - Sync 1 DAGs
[2024-10-06T23:00:14.989+0000] {logging_mixin.py:154} INFO - [2024-10-06T23:00:14.989+0000] {dag.py:3722} INFO - Setting next_dagrun for example_task_group_decorator to 2024-10-05T23:00:14.988909+00:00, run_after=2024-10-06T23:00:14.988909+00:00
[2024-10-06T23:00:15.000+0000] {processor.py:179} INFO - Processing /home/airflow/.local/lib/python3.8/site-packages/airflow/example_dags/example_task_group_decorator.py took 0.072 seconds
[2024-10-06T23:00:45.787+0000] {processor.py:157} INFO - Started process (PID=27509) to work on /home/airflow/.local/lib/python3.8/site-packages/airflow/example_dags/example_task_group_decorator.py
[2024-10-06T23:00:45.787+0000] {processor.py:829} INFO - Processing file /home/airflow/.local/lib/python3.8/site-packages/airflow/example_dags/example_task_group_decorator.py for tasks to queue
[2024-10-06T23:00:45.788+0000] {logging_mixin.py:154} INFO - [2024-10-06T23:00:45.788+0000] {dagbag.py:536} INFO - Filling up the DagBag from /home/airflow/.local/lib/python3.8/site-packages/airflow/example_dags/example_task_group_decorator.py
[2024-10-06T23:00:45.795+0000] {processor.py:839} INFO - DAG(s) dict_keys(['example_task_group_decorator']) retrieved from /home/airflow/.local/lib/python3.8/site-packages/airflow/example_dags/example_task_group_decorator.py
[2024-10-06T23:00:45.806+0000] {logging_mixin.py:154} INFO - [2024-10-06T23:00:45.805+0000] {dag.py:2941} INFO - Sync 1 DAGs
[2024-10-06T23:00:45.814+0000] {logging_mixin.py:154} INFO - [2024-10-06T23:00:45.814+0000] {dag.py:3722} INFO - Setting next_dagrun for example_task_group_decorator to 2024-10-05T23:00:45.814006+00:00, run_after=2024-10-06T23:00:45.814006+00:00
[2024-10-06T23:00:45.820+0000] {processor.py:179} INFO - Processing /home/airflow/.local/lib/python3.8/site-packages/airflow/example_dags/example_task_group_decorator.py took 0.035 seconds
[2024-10-06T23:01:16.328+0000] {processor.py:157} INFO - Started process (PID=27563) to work on /home/airflow/.local/lib/python3.8/site-packages/airflow/example_dags/example_task_group_decorator.py
[2024-10-06T23:01:16.328+0000] {processor.py:829} INFO - Processing file /home/airflow/.local/lib/python3.8/site-packages/airflow/example_dags/example_task_group_decorator.py for tasks to queue
[2024-10-06T23:01:16.329+0000] {logging_mixin.py:154} INFO - [2024-10-06T23:01:16.329+0000] {dagbag.py:536} INFO - Filling up the DagBag from /home/airflow/.local/lib/python3.8/site-packages/airflow/example_dags/example_task_group_decorator.py
[2024-10-06T23:01:16.335+0000] {processor.py:839} INFO - DAG(s) dict_keys(['example_task_group_decorator']) retrieved from /home/airflow/.local/lib/python3.8/site-packages/airflow/example_dags/example_task_group_decorator.py
[2024-10-06T23:01:16.345+0000] {logging_mixin.py:154} INFO - [2024-10-06T23:01:16.345+0000] {dag.py:2941} INFO - Sync 1 DAGs
[2024-10-06T23:01:16.353+0000] {logging_mixin.py:154} INFO - [2024-10-06T23:01:16.353+0000] {dag.py:3722} INFO - Setting next_dagrun for example_task_group_decorator to 2024-10-05T23:01:16.353452+00:00, run_after=2024-10-06T23:01:16.353452+00:00
[2024-10-06T23:01:16.360+0000] {processor.py:179} INFO - Processing /home/airflow/.local/lib/python3.8/site-packages/airflow/example_dags/example_task_group_decorator.py took 0.033 seconds
[2024-10-06T23:01:46.856+0000] {processor.py:157} INFO - Started process (PID=27617) to work on /home/airflow/.local/lib/python3.8/site-packages/airflow/example_dags/example_task_group_decorator.py
[2024-10-06T23:01:46.857+0000] {processor.py:829} INFO - Processing file /home/airflow/.local/lib/python3.8/site-packages/airflow/example_dags/example_task_group_decorator.py for tasks to queue
[2024-10-06T23:01:46.858+0000] {logging_mixin.py:154} INFO - [2024-10-06T23:01:46.858+0000] {dagbag.py:536} INFO - Filling up the DagBag from /home/airflow/.local/lib/python3.8/site-packages/airflow/example_dags/example_task_group_decorator.py
[2024-10-06T23:01:46.864+0000] {processor.py:839} INFO - DAG(s) dict_keys(['example_task_group_decorator']) retrieved from /home/airflow/.local/lib/python3.8/site-packages/airflow/example_dags/example_task_group_decorator.py
[2024-10-06T23:01:46.874+0000] {logging_mixin.py:154} INFO - [2024-10-06T23:01:46.874+0000] {dag.py:2941} INFO - Sync 1 DAGs
[2024-10-06T23:01:46.883+0000] {logging_mixin.py:154} INFO - [2024-10-06T23:01:46.883+0000] {dag.py:3722} INFO - Setting next_dagrun for example_task_group_decorator to 2024-10-05T23:01:46.883190+00:00, run_after=2024-10-06T23:01:46.883190+00:00
[2024-10-06T23:01:46.889+0000] {processor.py:179} INFO - Processing /home/airflow/.local/lib/python3.8/site-packages/airflow/example_dags/example_task_group_decorator.py took 0.035 seconds
[2024-10-06T23:02:17.264+0000] {processor.py:157} INFO - Started process (PID=27671) to work on /home/airflow/.local/lib/python3.8/site-packages/airflow/example_dags/example_task_group_decorator.py
[2024-10-06T23:02:17.265+0000] {processor.py:829} INFO - Processing file /home/airflow/.local/lib/python3.8/site-packages/airflow/example_dags/example_task_group_decorator.py for tasks to queue
[2024-10-06T23:02:17.266+0000] {logging_mixin.py:154} INFO - [2024-10-06T23:02:17.266+0000] {dagbag.py:536} INFO - Filling up the DagBag from /home/airflow/.local/lib/python3.8/site-packages/airflow/example_dags/example_task_group_decorator.py
[2024-10-06T23:02:17.272+0000] {processor.py:839} INFO - DAG(s) dict_keys(['example_task_group_decorator']) retrieved from /home/airflow/.local/lib/python3.8/site-packages/airflow/example_dags/example_task_group_decorator.py
[2024-10-06T23:02:17.282+0000] {logging_mixin.py:154} INFO - [2024-10-06T23:02:17.282+0000] {dag.py:2941} INFO - Sync 1 DAGs
[2024-10-06T23:02:17.290+0000] {logging_mixin.py:154} INFO - [2024-10-06T23:02:17.290+0000] {dag.py:3722} INFO - Setting next_dagrun for example_task_group_decorator to 2024-10-05T23:02:17.290216+00:00, run_after=2024-10-06T23:02:17.290216+00:00
[2024-10-06T23:02:17.296+0000] {processor.py:179} INFO - Processing /home/airflow/.local/lib/python3.8/site-packages/airflow/example_dags/example_task_group_decorator.py took 0.033 seconds
[2024-10-06T23:02:47.678+0000] {processor.py:157} INFO - Started process (PID=27725) to work on /home/airflow/.local/lib/python3.8/site-packages/airflow/example_dags/example_task_group_decorator.py
[2024-10-06T23:02:47.678+0000] {processor.py:829} INFO - Processing file /home/airflow/.local/lib/python3.8/site-packages/airflow/example_dags/example_task_group_decorator.py for tasks to queue
[2024-10-06T23:02:47.679+0000] {logging_mixin.py:154} INFO - [2024-10-06T23:02:47.679+0000] {dagbag.py:536} INFO - Filling up the DagBag from /home/airflow/.local/lib/python3.8/site-packages/airflow/example_dags/example_task_group_decorator.py
[2024-10-06T23:02:47.685+0000] {processor.py:839} INFO - DAG(s) dict_keys(['example_task_group_decorator']) retrieved from /home/airflow/.local/lib/python3.8/site-packages/airflow/example_dags/example_task_group_decorator.py
[2024-10-06T23:02:47.695+0000] {logging_mixin.py:154} INFO - [2024-10-06T23:02:47.694+0000] {dag.py:2941} INFO - Sync 1 DAGs
[2024-10-06T23:02:47.702+0000] {logging_mixin.py:154} INFO - [2024-10-06T23:02:47.702+0000] {dag.py:3722} INFO - Setting next_dagrun for example_task_group_decorator to 2024-10-05T23:02:47.702840+00:00, run_after=2024-10-06T23:02:47.702840+00:00
[2024-10-06T23:02:47.709+0000] {processor.py:179} INFO - Processing /home/airflow/.local/lib/python3.8/site-packages/airflow/example_dags/example_task_group_decorator.py took 0.033 seconds
[2024-10-06T23:03:18.085+0000] {processor.py:157} INFO - Started process (PID=27779) to work on /home/airflow/.local/lib/python3.8/site-packages/airflow/example_dags/example_task_group_decorator.py
[2024-10-06T23:03:18.086+0000] {processor.py:829} INFO - Processing file /home/airflow/.local/lib/python3.8/site-packages/airflow/example_dags/example_task_group_decorator.py for tasks to queue
[2024-10-06T23:03:18.087+0000] {logging_mixin.py:154} INFO - [2024-10-06T23:03:18.087+0000] {dagbag.py:536} INFO - Filling up the DagBag from /home/airflow/.local/lib/python3.8/site-packages/airflow/example_dags/example_task_group_decorator.py
[2024-10-06T23:03:18.093+0000] {processor.py:839} INFO - DAG(s) dict_keys(['example_task_group_decorator']) retrieved from /home/airflow/.local/lib/python3.8/site-packages/airflow/example_dags/example_task_group_decorator.py
[2024-10-06T23:03:18.103+0000] {logging_mixin.py:154} INFO - [2024-10-06T23:03:18.103+0000] {dag.py:2941} INFO - Sync 1 DAGs
[2024-10-06T23:03:18.111+0000] {logging_mixin.py:154} INFO - [2024-10-06T23:03:18.111+0000] {dag.py:3722} INFO - Setting next_dagrun for example_task_group_decorator to 2024-10-05T23:03:18.111017+00:00, run_after=2024-10-06T23:03:18.111017+00:00
[2024-10-06T23:03:18.117+0000] {processor.py:179} INFO - Processing /home/airflow/.local/lib/python3.8/site-packages/airflow/example_dags/example_task_group_decorator.py took 0.033 seconds
[2024-10-06T23:03:48.570+0000] {processor.py:157} INFO - Started process (PID=27833) to work on /home/airflow/.local/lib/python3.8/site-packages/airflow/example_dags/example_task_group_decorator.py
[2024-10-06T23:03:48.570+0000] {processor.py:829} INFO - Processing file /home/airflow/.local/lib/python3.8/site-packages/airflow/example_dags/example_task_group_decorator.py for tasks to queue
[2024-10-06T23:03:48.571+0000] {logging_mixin.py:154} INFO - [2024-10-06T23:03:48.571+0000] {dagbag.py:536} INFO - Filling up the DagBag from /home/airflow/.local/lib/python3.8/site-packages/airflow/example_dags/example_task_group_decorator.py
[2024-10-06T23:03:48.578+0000] {processor.py:839} INFO - DAG(s) dict_keys(['example_task_group_decorator']) retrieved from /home/airflow/.local/lib/python3.8/site-packages/airflow/example_dags/example_task_group_decorator.py
[2024-10-06T23:03:48.587+0000] {logging_mixin.py:154} INFO - [2024-10-06T23:03:48.587+0000] {dag.py:2941} INFO - Sync 1 DAGs
[2024-10-06T23:03:48.596+0000] {logging_mixin.py:154} INFO - [2024-10-06T23:03:48.596+0000] {dag.py:3722} INFO - Setting next_dagrun for example_task_group_decorator to 2024-10-05T23:03:48.596102+00:00, run_after=2024-10-06T23:03:48.596102+00:00
[2024-10-06T23:03:48.602+0000] {processor.py:179} INFO - Processing /home/airflow/.local/lib/python3.8/site-packages/airflow/example_dags/example_task_group_decorator.py took 0.033 seconds
[2024-10-06T23:04:19.009+0000] {processor.py:157} INFO - Started process (PID=27887) to work on /home/airflow/.local/lib/python3.8/site-packages/airflow/example_dags/example_task_group_decorator.py
[2024-10-06T23:04:19.009+0000] {processor.py:829} INFO - Processing file /home/airflow/.local/lib/python3.8/site-packages/airflow/example_dags/example_task_group_decorator.py for tasks to queue
[2024-10-06T23:04:19.010+0000] {logging_mixin.py:154} INFO - [2024-10-06T23:04:19.010+0000] {dagbag.py:536} INFO - Filling up the DagBag from /home/airflow/.local/lib/python3.8/site-packages/airflow/example_dags/example_task_group_decorator.py
[2024-10-06T23:04:19.017+0000] {processor.py:839} INFO - DAG(s) dict_keys(['example_task_group_decorator']) retrieved from /home/airflow/.local/lib/python3.8/site-packages/airflow/example_dags/example_task_group_decorator.py
[2024-10-06T23:04:19.027+0000] {logging_mixin.py:154} INFO - [2024-10-06T23:04:19.027+0000] {dag.py:2941} INFO - Sync 1 DAGs
[2024-10-06T23:04:19.035+0000] {logging_mixin.py:154} INFO - [2024-10-06T23:04:19.035+0000] {dag.py:3722} INFO - Setting next_dagrun for example_task_group_decorator to 2024-10-05T23:04:19.035149+00:00, run_after=2024-10-06T23:04:19.035149+00:00
[2024-10-06T23:04:19.041+0000] {processor.py:179} INFO - Processing /home/airflow/.local/lib/python3.8/site-packages/airflow/example_dags/example_task_group_decorator.py took 0.034 seconds
[2024-10-06T23:04:49.465+0000] {processor.py:157} INFO - Started process (PID=27941) to work on /home/airflow/.local/lib/python3.8/site-packages/airflow/example_dags/example_task_group_decorator.py
[2024-10-06T23:04:49.465+0000] {processor.py:829} INFO - Processing file /home/airflow/.local/lib/python3.8/site-packages/airflow/example_dags/example_task_group_decorator.py for tasks to queue
[2024-10-06T23:04:49.466+0000] {logging_mixin.py:154} INFO - [2024-10-06T23:04:49.466+0000] {dagbag.py:536} INFO - Filling up the DagBag from /home/airflow/.local/lib/python3.8/site-packages/airflow/example_dags/example_task_group_decorator.py
[2024-10-06T23:04:49.472+0000] {processor.py:839} INFO - DAG(s) dict_keys(['example_task_group_decorator']) retrieved from /home/airflow/.local/lib/python3.8/site-packages/airflow/example_dags/example_task_group_decorator.py
[2024-10-06T23:04:49.482+0000] {logging_mixin.py:154} INFO - [2024-10-06T23:04:49.482+0000] {dag.py:2941} INFO - Sync 1 DAGs
[2024-10-06T23:04:49.490+0000] {logging_mixin.py:154} INFO - [2024-10-06T23:04:49.490+0000] {dag.py:3722} INFO - Setting next_dagrun for example_task_group_decorator to 2024-10-05T23:04:49.490335+00:00, run_after=2024-10-06T23:04:49.490335+00:00
[2024-10-06T23:04:49.496+0000] {processor.py:179} INFO - Processing /home/airflow/.local/lib/python3.8/site-packages/airflow/example_dags/example_task_group_decorator.py took 0.033 seconds
[2024-10-06T23:05:19.831+0000] {processor.py:157} INFO - Started process (PID=27995) to work on /home/airflow/.local/lib/python3.8/site-packages/airflow/example_dags/example_task_group_decorator.py
[2024-10-06T23:05:19.832+0000] {processor.py:829} INFO - Processing file /home/airflow/.local/lib/python3.8/site-packages/airflow/example_dags/example_task_group_decorator.py for tasks to queue
[2024-10-06T23:05:19.833+0000] {logging_mixin.py:154} INFO - [2024-10-06T23:05:19.833+0000] {dagbag.py:536} INFO - Filling up the DagBag from /home/airflow/.local/lib/python3.8/site-packages/airflow/example_dags/example_task_group_decorator.py
[2024-10-06T23:05:19.839+0000] {processor.py:839} INFO - DAG(s) dict_keys(['example_task_group_decorator']) retrieved from /home/airflow/.local/lib/python3.8/site-packages/airflow/example_dags/example_task_group_decorator.py
[2024-10-06T23:05:19.850+0000] {logging_mixin.py:154} INFO - [2024-10-06T23:05:19.850+0000] {dag.py:2941} INFO - Sync 1 DAGs
[2024-10-06T23:05:19.858+0000] {logging_mixin.py:154} INFO - [2024-10-06T23:05:19.858+0000] {dag.py:3722} INFO - Setting next_dagrun for example_task_group_decorator to 2024-10-05T23:05:19.858740+00:00, run_after=2024-10-06T23:05:19.858740+00:00
[2024-10-06T23:05:19.865+0000] {processor.py:179} INFO - Processing /home/airflow/.local/lib/python3.8/site-packages/airflow/example_dags/example_task_group_decorator.py took 0.035 seconds
[2024-10-06T23:05:50.261+0000] {processor.py:157} INFO - Started process (PID=28049) to work on /home/airflow/.local/lib/python3.8/site-packages/airflow/example_dags/example_task_group_decorator.py
[2024-10-06T23:05:50.261+0000] {processor.py:829} INFO - Processing file /home/airflow/.local/lib/python3.8/site-packages/airflow/example_dags/example_task_group_decorator.py for tasks to queue
[2024-10-06T23:05:50.263+0000] {logging_mixin.py:154} INFO - [2024-10-06T23:05:50.262+0000] {dagbag.py:536} INFO - Filling up the DagBag from /home/airflow/.local/lib/python3.8/site-packages/airflow/example_dags/example_task_group_decorator.py
[2024-10-06T23:05:50.269+0000] {processor.py:839} INFO - DAG(s) dict_keys(['example_task_group_decorator']) retrieved from /home/airflow/.local/lib/python3.8/site-packages/airflow/example_dags/example_task_group_decorator.py
[2024-10-06T23:05:50.278+0000] {logging_mixin.py:154} INFO - [2024-10-06T23:05:50.278+0000] {dag.py:2941} INFO - Sync 1 DAGs
[2024-10-06T23:05:50.287+0000] {logging_mixin.py:154} INFO - [2024-10-06T23:05:50.287+0000] {dag.py:3722} INFO - Setting next_dagrun for example_task_group_decorator to 2024-10-05T23:05:50.287089+00:00, run_after=2024-10-06T23:05:50.287089+00:00
[2024-10-06T23:05:50.293+0000] {processor.py:179} INFO - Processing /home/airflow/.local/lib/python3.8/site-packages/airflow/example_dags/example_task_group_decorator.py took 0.033 seconds
[2024-10-06T23:06:20.704+0000] {processor.py:157} INFO - Started process (PID=28103) to work on /home/airflow/.local/lib/python3.8/site-packages/airflow/example_dags/example_task_group_decorator.py
[2024-10-06T23:06:20.704+0000] {processor.py:829} INFO - Processing file /home/airflow/.local/lib/python3.8/site-packages/airflow/example_dags/example_task_group_decorator.py for tasks to queue
[2024-10-06T23:06:20.705+0000] {logging_mixin.py:154} INFO - [2024-10-06T23:06:20.705+0000] {dagbag.py:536} INFO - Filling up the DagBag from /home/airflow/.local/lib/python3.8/site-packages/airflow/example_dags/example_task_group_decorator.py
[2024-10-06T23:06:20.712+0000] {processor.py:839} INFO - DAG(s) dict_keys(['example_task_group_decorator']) retrieved from /home/airflow/.local/lib/python3.8/site-packages/airflow/example_dags/example_task_group_decorator.py
[2024-10-06T23:06:20.721+0000] {logging_mixin.py:154} INFO - [2024-10-06T23:06:20.721+0000] {dag.py:2941} INFO - Sync 1 DAGs
[2024-10-06T23:06:20.729+0000] {logging_mixin.py:154} INFO - [2024-10-06T23:06:20.729+0000] {dag.py:3722} INFO - Setting next_dagrun for example_task_group_decorator to 2024-10-05T23:06:20.728976+00:00, run_after=2024-10-06T23:06:20.728976+00:00
[2024-10-06T23:06:20.736+0000] {processor.py:179} INFO - Processing /home/airflow/.local/lib/python3.8/site-packages/airflow/example_dags/example_task_group_decorator.py took 0.034 seconds
[2024-10-06T23:06:51.147+0000] {processor.py:157} INFO - Started process (PID=28157) to work on /home/airflow/.local/lib/python3.8/site-packages/airflow/example_dags/example_task_group_decorator.py
[2024-10-06T23:06:51.148+0000] {processor.py:829} INFO - Processing file /home/airflow/.local/lib/python3.8/site-packages/airflow/example_dags/example_task_group_decorator.py for tasks to queue
[2024-10-06T23:06:51.149+0000] {logging_mixin.py:154} INFO - [2024-10-06T23:06:51.149+0000] {dagbag.py:536} INFO - Filling up the DagBag from /home/airflow/.local/lib/python3.8/site-packages/airflow/example_dags/example_task_group_decorator.py
[2024-10-06T23:06:51.155+0000] {processor.py:839} INFO - DAG(s) dict_keys(['example_task_group_decorator']) retrieved from /home/airflow/.local/lib/python3.8/site-packages/airflow/example_dags/example_task_group_decorator.py
[2024-10-06T23:06:51.165+0000] {logging_mixin.py:154} INFO - [2024-10-06T23:06:51.165+0000] {dag.py:2941} INFO - Sync 1 DAGs
[2024-10-06T23:06:51.172+0000] {logging_mixin.py:154} INFO - [2024-10-06T23:06:51.172+0000] {dag.py:3722} INFO - Setting next_dagrun for example_task_group_decorator to 2024-10-05T23:06:51.172521+00:00, run_after=2024-10-06T23:06:51.172521+00:00
[2024-10-06T23:06:51.179+0000] {processor.py:179} INFO - Processing /home/airflow/.local/lib/python3.8/site-packages/airflow/example_dags/example_task_group_decorator.py took 0.033 seconds
[2024-10-06T23:07:21.545+0000] {processor.py:157} INFO - Started process (PID=28211) to work on /home/airflow/.local/lib/python3.8/site-packages/airflow/example_dags/example_task_group_decorator.py
[2024-10-06T23:07:21.545+0000] {processor.py:829} INFO - Processing file /home/airflow/.local/lib/python3.8/site-packages/airflow/example_dags/example_task_group_decorator.py for tasks to queue
[2024-10-06T23:07:21.546+0000] {logging_mixin.py:154} INFO - [2024-10-06T23:07:21.546+0000] {dagbag.py:536} INFO - Filling up the DagBag from /home/airflow/.local/lib/python3.8/site-packages/airflow/example_dags/example_task_group_decorator.py
[2024-10-06T23:07:21.552+0000] {processor.py:839} INFO - DAG(s) dict_keys(['example_task_group_decorator']) retrieved from /home/airflow/.local/lib/python3.8/site-packages/airflow/example_dags/example_task_group_decorator.py
[2024-10-06T23:07:21.562+0000] {logging_mixin.py:154} INFO - [2024-10-06T23:07:21.561+0000] {dag.py:2941} INFO - Sync 1 DAGs
[2024-10-06T23:07:21.569+0000] {logging_mixin.py:154} INFO - [2024-10-06T23:07:21.569+0000] {dag.py:3722} INFO - Setting next_dagrun for example_task_group_decorator to 2024-10-05T23:07:21.569725+00:00, run_after=2024-10-06T23:07:21.569725+00:00
[2024-10-06T23:07:21.576+0000] {processor.py:179} INFO - Processing /home/airflow/.local/lib/python3.8/site-packages/airflow/example_dags/example_task_group_decorator.py took 0.032 seconds
[2024-10-06T23:07:52.029+0000] {processor.py:157} INFO - Started process (PID=28265) to work on /home/airflow/.local/lib/python3.8/site-packages/airflow/example_dags/example_task_group_decorator.py
[2024-10-06T23:07:52.029+0000] {processor.py:829} INFO - Processing file /home/airflow/.local/lib/python3.8/site-packages/airflow/example_dags/example_task_group_decorator.py for tasks to queue
[2024-10-06T23:07:52.030+0000] {logging_mixin.py:154} INFO - [2024-10-06T23:07:52.030+0000] {dagbag.py:536} INFO - Filling up the DagBag from /home/airflow/.local/lib/python3.8/site-packages/airflow/example_dags/example_task_group_decorator.py
[2024-10-06T23:07:52.036+0000] {processor.py:839} INFO - DAG(s) dict_keys(['example_task_group_decorator']) retrieved from /home/airflow/.local/lib/python3.8/site-packages/airflow/example_dags/example_task_group_decorator.py
[2024-10-06T23:07:52.046+0000] {logging_mixin.py:154} INFO - [2024-10-06T23:07:52.046+0000] {dag.py:2941} INFO - Sync 1 DAGs
[2024-10-06T23:07:52.054+0000] {logging_mixin.py:154} INFO - [2024-10-06T23:07:52.054+0000] {dag.py:3722} INFO - Setting next_dagrun for example_task_group_decorator to 2024-10-05T23:07:52.054322+00:00, run_after=2024-10-06T23:07:52.054322+00:00
[2024-10-06T23:07:52.060+0000] {processor.py:179} INFO - Processing /home/airflow/.local/lib/python3.8/site-packages/airflow/example_dags/example_task_group_decorator.py took 0.033 seconds
[2024-10-06T23:08:22.387+0000] {processor.py:157} INFO - Started process (PID=28319) to work on /home/airflow/.local/lib/python3.8/site-packages/airflow/example_dags/example_task_group_decorator.py
[2024-10-06T23:08:22.387+0000] {processor.py:829} INFO - Processing file /home/airflow/.local/lib/python3.8/site-packages/airflow/example_dags/example_task_group_decorator.py for tasks to queue
[2024-10-06T23:08:22.388+0000] {logging_mixin.py:154} INFO - [2024-10-06T23:08:22.388+0000] {dagbag.py:536} INFO - Filling up the DagBag from /home/airflow/.local/lib/python3.8/site-packages/airflow/example_dags/example_task_group_decorator.py
[2024-10-06T23:08:22.394+0000] {processor.py:839} INFO - DAG(s) dict_keys(['example_task_group_decorator']) retrieved from /home/airflow/.local/lib/python3.8/site-packages/airflow/example_dags/example_task_group_decorator.py
[2024-10-06T23:08:22.404+0000] {logging_mixin.py:154} INFO - [2024-10-06T23:08:22.403+0000] {dag.py:2941} INFO - Sync 1 DAGs
[2024-10-06T23:08:22.411+0000] {logging_mixin.py:154} INFO - [2024-10-06T23:08:22.411+0000] {dag.py:3722} INFO - Setting next_dagrun for example_task_group_decorator to 2024-10-05T23:08:22.411826+00:00, run_after=2024-10-06T23:08:22.411826+00:00
[2024-10-06T23:08:22.419+0000] {processor.py:179} INFO - Processing /home/airflow/.local/lib/python3.8/site-packages/airflow/example_dags/example_task_group_decorator.py took 0.033 seconds
[2024-10-06T23:08:52.819+0000] {processor.py:157} INFO - Started process (PID=28373) to work on /home/airflow/.local/lib/python3.8/site-packages/airflow/example_dags/example_task_group_decorator.py
[2024-10-06T23:08:52.820+0000] {processor.py:829} INFO - Processing file /home/airflow/.local/lib/python3.8/site-packages/airflow/example_dags/example_task_group_decorator.py for tasks to queue
[2024-10-06T23:08:52.821+0000] {logging_mixin.py:154} INFO - [2024-10-06T23:08:52.821+0000] {dagbag.py:536} INFO - Filling up the DagBag from /home/airflow/.local/lib/python3.8/site-packages/airflow/example_dags/example_task_group_decorator.py
[2024-10-06T23:08:52.827+0000] {processor.py:839} INFO - DAG(s) dict_keys(['example_task_group_decorator']) retrieved from /home/airflow/.local/lib/python3.8/site-packages/airflow/example_dags/example_task_group_decorator.py
[2024-10-06T23:08:52.837+0000] {logging_mixin.py:154} INFO - [2024-10-06T23:08:52.837+0000] {dag.py:2941} INFO - Sync 1 DAGs
[2024-10-06T23:08:52.845+0000] {logging_mixin.py:154} INFO - [2024-10-06T23:08:52.845+0000] {dag.py:3722} INFO - Setting next_dagrun for example_task_group_decorator to 2024-10-05T23:08:52.845081+00:00, run_after=2024-10-06T23:08:52.845081+00:00
[2024-10-06T23:08:52.851+0000] {processor.py:179} INFO - Processing /home/airflow/.local/lib/python3.8/site-packages/airflow/example_dags/example_task_group_decorator.py took 0.033 seconds
[2024-10-06T23:09:23.244+0000] {processor.py:157} INFO - Started process (PID=28434) to work on /home/airflow/.local/lib/python3.8/site-packages/airflow/example_dags/example_task_group_decorator.py
[2024-10-06T23:09:23.245+0000] {processor.py:829} INFO - Processing file /home/airflow/.local/lib/python3.8/site-packages/airflow/example_dags/example_task_group_decorator.py for tasks to queue
[2024-10-06T23:09:23.246+0000] {logging_mixin.py:154} INFO - [2024-10-06T23:09:23.246+0000] {dagbag.py:536} INFO - Filling up the DagBag from /home/airflow/.local/lib/python3.8/site-packages/airflow/example_dags/example_task_group_decorator.py
[2024-10-06T23:09:23.252+0000] {processor.py:839} INFO - DAG(s) dict_keys(['example_task_group_decorator']) retrieved from /home/airflow/.local/lib/python3.8/site-packages/airflow/example_dags/example_task_group_decorator.py
[2024-10-06T23:09:23.262+0000] {logging_mixin.py:154} INFO - [2024-10-06T23:09:23.262+0000] {dag.py:2941} INFO - Sync 1 DAGs
[2024-10-06T23:09:23.270+0000] {logging_mixin.py:154} INFO - [2024-10-06T23:09:23.270+0000] {dag.py:3722} INFO - Setting next_dagrun for example_task_group_decorator to 2024-10-05T23:09:23.270217+00:00, run_after=2024-10-06T23:09:23.270217+00:00
[2024-10-06T23:09:23.277+0000] {processor.py:179} INFO - Processing /home/airflow/.local/lib/python3.8/site-packages/airflow/example_dags/example_task_group_decorator.py took 0.034 seconds
[2024-10-06T23:09:53.711+0000] {processor.py:157} INFO - Started process (PID=28488) to work on /home/airflow/.local/lib/python3.8/site-packages/airflow/example_dags/example_task_group_decorator.py
[2024-10-06T23:09:53.712+0000] {processor.py:829} INFO - Processing file /home/airflow/.local/lib/python3.8/site-packages/airflow/example_dags/example_task_group_decorator.py for tasks to queue
[2024-10-06T23:09:53.713+0000] {logging_mixin.py:154} INFO - [2024-10-06T23:09:53.713+0000] {dagbag.py:536} INFO - Filling up the DagBag from /home/airflow/.local/lib/python3.8/site-packages/airflow/example_dags/example_task_group_decorator.py
[2024-10-06T23:09:53.719+0000] {processor.py:839} INFO - DAG(s) dict_keys(['example_task_group_decorator']) retrieved from /home/airflow/.local/lib/python3.8/site-packages/airflow/example_dags/example_task_group_decorator.py
[2024-10-06T23:09:53.729+0000] {logging_mixin.py:154} INFO - [2024-10-06T23:09:53.729+0000] {dag.py:2941} INFO - Sync 1 DAGs
[2024-10-06T23:09:53.737+0000] {logging_mixin.py:154} INFO - [2024-10-06T23:09:53.737+0000] {dag.py:3722} INFO - Setting next_dagrun for example_task_group_decorator to 2024-10-05T23:09:53.737357+00:00, run_after=2024-10-06T23:09:53.737357+00:00
[2024-10-06T23:09:53.744+0000] {processor.py:179} INFO - Processing /home/airflow/.local/lib/python3.8/site-packages/airflow/example_dags/example_task_group_decorator.py took 0.034 seconds
[2024-10-06T23:10:24.130+0000] {processor.py:157} INFO - Started process (PID=28542) to work on /home/airflow/.local/lib/python3.8/site-packages/airflow/example_dags/example_task_group_decorator.py
[2024-10-06T23:10:24.130+0000] {processor.py:829} INFO - Processing file /home/airflow/.local/lib/python3.8/site-packages/airflow/example_dags/example_task_group_decorator.py for tasks to queue
[2024-10-06T23:10:24.131+0000] {logging_mixin.py:154} INFO - [2024-10-06T23:10:24.131+0000] {dagbag.py:536} INFO - Filling up the DagBag from /home/airflow/.local/lib/python3.8/site-packages/airflow/example_dags/example_task_group_decorator.py
[2024-10-06T23:10:24.138+0000] {processor.py:839} INFO - DAG(s) dict_keys(['example_task_group_decorator']) retrieved from /home/airflow/.local/lib/python3.8/site-packages/airflow/example_dags/example_task_group_decorator.py
[2024-10-06T23:10:24.148+0000] {logging_mixin.py:154} INFO - [2024-10-06T23:10:24.148+0000] {dag.py:2941} INFO - Sync 1 DAGs
[2024-10-06T23:10:24.156+0000] {logging_mixin.py:154} INFO - [2024-10-06T23:10:24.156+0000] {dag.py:3722} INFO - Setting next_dagrun for example_task_group_decorator to 2024-10-05T23:10:24.156230+00:00, run_after=2024-10-06T23:10:24.156230+00:00
[2024-10-06T23:10:24.163+0000] {processor.py:179} INFO - Processing /home/airflow/.local/lib/python3.8/site-packages/airflow/example_dags/example_task_group_decorator.py took 0.034 seconds
[2024-10-06T23:10:54.569+0000] {processor.py:157} INFO - Started process (PID=28596) to work on /home/airflow/.local/lib/python3.8/site-packages/airflow/example_dags/example_task_group_decorator.py
[2024-10-06T23:10:54.569+0000] {processor.py:829} INFO - Processing file /home/airflow/.local/lib/python3.8/site-packages/airflow/example_dags/example_task_group_decorator.py for tasks to queue
[2024-10-06T23:10:54.570+0000] {logging_mixin.py:154} INFO - [2024-10-06T23:10:54.570+0000] {dagbag.py:536} INFO - Filling up the DagBag from /home/airflow/.local/lib/python3.8/site-packages/airflow/example_dags/example_task_group_decorator.py
[2024-10-06T23:10:54.576+0000] {processor.py:839} INFO - DAG(s) dict_keys(['example_task_group_decorator']) retrieved from /home/airflow/.local/lib/python3.8/site-packages/airflow/example_dags/example_task_group_decorator.py
[2024-10-06T23:10:54.586+0000] {logging_mixin.py:154} INFO - [2024-10-06T23:10:54.586+0000] {dag.py:2941} INFO - Sync 1 DAGs
[2024-10-06T23:10:54.594+0000] {logging_mixin.py:154} INFO - [2024-10-06T23:10:54.594+0000] {dag.py:3722} INFO - Setting next_dagrun for example_task_group_decorator to 2024-10-05T23:10:54.593982+00:00, run_after=2024-10-06T23:10:54.593982+00:00
[2024-10-06T23:10:54.600+0000] {processor.py:179} INFO - Processing /home/airflow/.local/lib/python3.8/site-packages/airflow/example_dags/example_task_group_decorator.py took 0.033 seconds
[2024-10-06T23:11:24.945+0000] {processor.py:157} INFO - Started process (PID=28650) to work on /home/airflow/.local/lib/python3.8/site-packages/airflow/example_dags/example_task_group_decorator.py
[2024-10-06T23:11:24.945+0000] {processor.py:829} INFO - Processing file /home/airflow/.local/lib/python3.8/site-packages/airflow/example_dags/example_task_group_decorator.py for tasks to queue
[2024-10-06T23:11:24.947+0000] {logging_mixin.py:154} INFO - [2024-10-06T23:11:24.946+0000] {dagbag.py:536} INFO - Filling up the DagBag from /home/airflow/.local/lib/python3.8/site-packages/airflow/example_dags/example_task_group_decorator.py
[2024-10-06T23:11:24.953+0000] {processor.py:839} INFO - DAG(s) dict_keys(['example_task_group_decorator']) retrieved from /home/airflow/.local/lib/python3.8/site-packages/airflow/example_dags/example_task_group_decorator.py
[2024-10-06T23:11:24.963+0000] {logging_mixin.py:154} INFO - [2024-10-06T23:11:24.962+0000] {dag.py:2941} INFO - Sync 1 DAGs
[2024-10-06T23:11:24.971+0000] {logging_mixin.py:154} INFO - [2024-10-06T23:11:24.971+0000] {dag.py:3722} INFO - Setting next_dagrun for example_task_group_decorator to 2024-10-05T23:11:24.971080+00:00, run_after=2024-10-06T23:11:24.971080+00:00
[2024-10-06T23:11:24.977+0000] {processor.py:179} INFO - Processing /home/airflow/.local/lib/python3.8/site-packages/airflow/example_dags/example_task_group_decorator.py took 0.034 seconds
[2024-10-06T23:11:55.424+0000] {processor.py:157} INFO - Started process (PID=28704) to work on /home/airflow/.local/lib/python3.8/site-packages/airflow/example_dags/example_task_group_decorator.py
[2024-10-06T23:11:55.425+0000] {processor.py:829} INFO - Processing file /home/airflow/.local/lib/python3.8/site-packages/airflow/example_dags/example_task_group_decorator.py for tasks to queue
[2024-10-06T23:11:55.426+0000] {logging_mixin.py:154} INFO - [2024-10-06T23:11:55.426+0000] {dagbag.py:536} INFO - Filling up the DagBag from /home/airflow/.local/lib/python3.8/site-packages/airflow/example_dags/example_task_group_decorator.py
[2024-10-06T23:11:55.432+0000] {processor.py:839} INFO - DAG(s) dict_keys(['example_task_group_decorator']) retrieved from /home/airflow/.local/lib/python3.8/site-packages/airflow/example_dags/example_task_group_decorator.py
[2024-10-06T23:11:55.444+0000] {logging_mixin.py:154} INFO - [2024-10-06T23:11:55.443+0000] {dag.py:2941} INFO - Sync 1 DAGs
[2024-10-06T23:11:55.453+0000] {logging_mixin.py:154} INFO - [2024-10-06T23:11:55.453+0000] {dag.py:3722} INFO - Setting next_dagrun for example_task_group_decorator to 2024-10-05T23:11:55.453283+00:00, run_after=2024-10-06T23:11:55.453283+00:00
[2024-10-06T23:11:55.461+0000] {processor.py:179} INFO - Processing /home/airflow/.local/lib/python3.8/site-packages/airflow/example_dags/example_task_group_decorator.py took 0.039 seconds
[2024-10-06T23:12:25.911+0000] {processor.py:157} INFO - Started process (PID=28758) to work on /home/airflow/.local/lib/python3.8/site-packages/airflow/example_dags/example_task_group_decorator.py
[2024-10-06T23:12:25.912+0000] {processor.py:829} INFO - Processing file /home/airflow/.local/lib/python3.8/site-packages/airflow/example_dags/example_task_group_decorator.py for tasks to queue
[2024-10-06T23:12:25.912+0000] {logging_mixin.py:154} INFO - [2024-10-06T23:12:25.912+0000] {dagbag.py:536} INFO - Filling up the DagBag from /home/airflow/.local/lib/python3.8/site-packages/airflow/example_dags/example_task_group_decorator.py
[2024-10-06T23:12:25.919+0000] {processor.py:839} INFO - DAG(s) dict_keys(['example_task_group_decorator']) retrieved from /home/airflow/.local/lib/python3.8/site-packages/airflow/example_dags/example_task_group_decorator.py
[2024-10-06T23:12:25.929+0000] {logging_mixin.py:154} INFO - [2024-10-06T23:12:25.928+0000] {dag.py:2941} INFO - Sync 1 DAGs
[2024-10-06T23:12:25.937+0000] {logging_mixin.py:154} INFO - [2024-10-06T23:12:25.937+0000] {dag.py:3722} INFO - Setting next_dagrun for example_task_group_decorator to 2024-10-05T23:12:25.936915+00:00, run_after=2024-10-06T23:12:25.936915+00:00
[2024-10-06T23:12:25.943+0000] {processor.py:179} INFO - Processing /home/airflow/.local/lib/python3.8/site-packages/airflow/example_dags/example_task_group_decorator.py took 0.033 seconds
[2024-10-06T23:12:56.336+0000] {processor.py:157} INFO - Started process (PID=28812) to work on /home/airflow/.local/lib/python3.8/site-packages/airflow/example_dags/example_task_group_decorator.py
[2024-10-06T23:12:56.336+0000] {processor.py:829} INFO - Processing file /home/airflow/.local/lib/python3.8/site-packages/airflow/example_dags/example_task_group_decorator.py for tasks to queue
[2024-10-06T23:12:56.337+0000] {logging_mixin.py:154} INFO - [2024-10-06T23:12:56.337+0000] {dagbag.py:536} INFO - Filling up the DagBag from /home/airflow/.local/lib/python3.8/site-packages/airflow/example_dags/example_task_group_decorator.py
[2024-10-06T23:12:56.343+0000] {processor.py:839} INFO - DAG(s) dict_keys(['example_task_group_decorator']) retrieved from /home/airflow/.local/lib/python3.8/site-packages/airflow/example_dags/example_task_group_decorator.py
[2024-10-06T23:12:56.353+0000] {logging_mixin.py:154} INFO - [2024-10-06T23:12:56.352+0000] {dag.py:2941} INFO - Sync 1 DAGs
[2024-10-06T23:12:56.360+0000] {logging_mixin.py:154} INFO - [2024-10-06T23:12:56.360+0000] {dag.py:3722} INFO - Setting next_dagrun for example_task_group_decorator to 2024-10-05T23:12:56.360417+00:00, run_after=2024-10-06T23:12:56.360417+00:00
[2024-10-06T23:12:56.367+0000] {processor.py:179} INFO - Processing /home/airflow/.local/lib/python3.8/site-packages/airflow/example_dags/example_task_group_decorator.py took 0.033 seconds
[2024-10-06T23:13:26.834+0000] {processor.py:157} INFO - Started process (PID=28866) to work on /home/airflow/.local/lib/python3.8/site-packages/airflow/example_dags/example_task_group_decorator.py
[2024-10-06T23:13:26.834+0000] {processor.py:829} INFO - Processing file /home/airflow/.local/lib/python3.8/site-packages/airflow/example_dags/example_task_group_decorator.py for tasks to queue
[2024-10-06T23:13:26.835+0000] {logging_mixin.py:154} INFO - [2024-10-06T23:13:26.835+0000] {dagbag.py:536} INFO - Filling up the DagBag from /home/airflow/.local/lib/python3.8/site-packages/airflow/example_dags/example_task_group_decorator.py
[2024-10-06T23:13:26.841+0000] {processor.py:839} INFO - DAG(s) dict_keys(['example_task_group_decorator']) retrieved from /home/airflow/.local/lib/python3.8/site-packages/airflow/example_dags/example_task_group_decorator.py
[2024-10-06T23:13:26.851+0000] {logging_mixin.py:154} INFO - [2024-10-06T23:13:26.851+0000] {dag.py:2941} INFO - Sync 1 DAGs
[2024-10-06T23:13:26.859+0000] {logging_mixin.py:154} INFO - [2024-10-06T23:13:26.859+0000] {dag.py:3722} INFO - Setting next_dagrun for example_task_group_decorator to 2024-10-05T23:13:26.859664+00:00, run_after=2024-10-06T23:13:26.859664+00:00
[2024-10-06T23:13:26.866+0000] {processor.py:179} INFO - Processing /home/airflow/.local/lib/python3.8/site-packages/airflow/example_dags/example_task_group_decorator.py took 0.034 seconds
[2024-10-06T23:13:57.262+0000] {processor.py:157} INFO - Started process (PID=28920) to work on /home/airflow/.local/lib/python3.8/site-packages/airflow/example_dags/example_task_group_decorator.py
[2024-10-06T23:13:57.263+0000] {processor.py:829} INFO - Processing file /home/airflow/.local/lib/python3.8/site-packages/airflow/example_dags/example_task_group_decorator.py for tasks to queue
[2024-10-06T23:13:57.264+0000] {logging_mixin.py:154} INFO - [2024-10-06T23:13:57.264+0000] {dagbag.py:536} INFO - Filling up the DagBag from /home/airflow/.local/lib/python3.8/site-packages/airflow/example_dags/example_task_group_decorator.py
[2024-10-06T23:13:57.270+0000] {processor.py:839} INFO - DAG(s) dict_keys(['example_task_group_decorator']) retrieved from /home/airflow/.local/lib/python3.8/site-packages/airflow/example_dags/example_task_group_decorator.py
[2024-10-06T23:13:57.281+0000] {logging_mixin.py:154} INFO - [2024-10-06T23:13:57.281+0000] {dag.py:2941} INFO - Sync 1 DAGs
[2024-10-06T23:13:57.289+0000] {logging_mixin.py:154} INFO - [2024-10-06T23:13:57.288+0000] {dag.py:3722} INFO - Setting next_dagrun for example_task_group_decorator to 2024-10-05T23:13:57.288845+00:00, run_after=2024-10-06T23:13:57.288845+00:00
[2024-10-06T23:13:57.296+0000] {processor.py:179} INFO - Processing /home/airflow/.local/lib/python3.8/site-packages/airflow/example_dags/example_task_group_decorator.py took 0.035 seconds
[2024-10-06T23:14:27.779+0000] {processor.py:157} INFO - Started process (PID=28974) to work on /home/airflow/.local/lib/python3.8/site-packages/airflow/example_dags/example_task_group_decorator.py
[2024-10-06T23:14:27.779+0000] {processor.py:829} INFO - Processing file /home/airflow/.local/lib/python3.8/site-packages/airflow/example_dags/example_task_group_decorator.py for tasks to queue
[2024-10-06T23:14:27.780+0000] {logging_mixin.py:154} INFO - [2024-10-06T23:14:27.780+0000] {dagbag.py:536} INFO - Filling up the DagBag from /home/airflow/.local/lib/python3.8/site-packages/airflow/example_dags/example_task_group_decorator.py
[2024-10-06T23:14:27.786+0000] {processor.py:839} INFO - DAG(s) dict_keys(['example_task_group_decorator']) retrieved from /home/airflow/.local/lib/python3.8/site-packages/airflow/example_dags/example_task_group_decorator.py
[2024-10-06T23:14:27.796+0000] {logging_mixin.py:154} INFO - [2024-10-06T23:14:27.795+0000] {dag.py:2941} INFO - Sync 1 DAGs
[2024-10-06T23:14:27.803+0000] {logging_mixin.py:154} INFO - [2024-10-06T23:14:27.803+0000] {dag.py:3722} INFO - Setting next_dagrun for example_task_group_decorator to 2024-10-05T23:14:27.803355+00:00, run_after=2024-10-06T23:14:27.803355+00:00
[2024-10-06T23:14:27.810+0000] {processor.py:179} INFO - Processing /home/airflow/.local/lib/python3.8/site-packages/airflow/example_dags/example_task_group_decorator.py took 0.033 seconds
[2024-10-06T23:14:58.261+0000] {processor.py:157} INFO - Started process (PID=29028) to work on /home/airflow/.local/lib/python3.8/site-packages/airflow/example_dags/example_task_group_decorator.py
[2024-10-06T23:14:58.261+0000] {processor.py:829} INFO - Processing file /home/airflow/.local/lib/python3.8/site-packages/airflow/example_dags/example_task_group_decorator.py for tasks to queue
[2024-10-06T23:14:58.262+0000] {logging_mixin.py:154} INFO - [2024-10-06T23:14:58.262+0000] {dagbag.py:536} INFO - Filling up the DagBag from /home/airflow/.local/lib/python3.8/site-packages/airflow/example_dags/example_task_group_decorator.py
[2024-10-06T23:14:58.269+0000] {processor.py:839} INFO - DAG(s) dict_keys(['example_task_group_decorator']) retrieved from /home/airflow/.local/lib/python3.8/site-packages/airflow/example_dags/example_task_group_decorator.py
[2024-10-06T23:14:58.279+0000] {logging_mixin.py:154} INFO - [2024-10-06T23:14:58.279+0000] {dag.py:2941} INFO - Sync 1 DAGs
[2024-10-06T23:14:58.287+0000] {logging_mixin.py:154} INFO - [2024-10-06T23:14:58.287+0000] {dag.py:3722} INFO - Setting next_dagrun for example_task_group_decorator to 2024-10-05T23:14:58.287286+00:00, run_after=2024-10-06T23:14:58.287286+00:00
[2024-10-06T23:14:58.293+0000] {processor.py:179} INFO - Processing /home/airflow/.local/lib/python3.8/site-packages/airflow/example_dags/example_task_group_decorator.py took 0.034 seconds
[2024-10-06T23:15:28.643+0000] {processor.py:157} INFO - Started process (PID=29082) to work on /home/airflow/.local/lib/python3.8/site-packages/airflow/example_dags/example_task_group_decorator.py
[2024-10-06T23:15:28.643+0000] {processor.py:829} INFO - Processing file /home/airflow/.local/lib/python3.8/site-packages/airflow/example_dags/example_task_group_decorator.py for tasks to queue
[2024-10-06T23:15:28.644+0000] {logging_mixin.py:154} INFO - [2024-10-06T23:15:28.644+0000] {dagbag.py:536} INFO - Filling up the DagBag from /home/airflow/.local/lib/python3.8/site-packages/airflow/example_dags/example_task_group_decorator.py
[2024-10-06T23:15:28.650+0000] {processor.py:839} INFO - DAG(s) dict_keys(['example_task_group_decorator']) retrieved from /home/airflow/.local/lib/python3.8/site-packages/airflow/example_dags/example_task_group_decorator.py
[2024-10-06T23:15:28.660+0000] {logging_mixin.py:154} INFO - [2024-10-06T23:15:28.660+0000] {dag.py:2941} INFO - Sync 1 DAGs
[2024-10-06T23:15:28.668+0000] {logging_mixin.py:154} INFO - [2024-10-06T23:15:28.668+0000] {dag.py:3722} INFO - Setting next_dagrun for example_task_group_decorator to 2024-10-05T23:15:28.668388+00:00, run_after=2024-10-06T23:15:28.668388+00:00
[2024-10-06T23:15:28.674+0000] {processor.py:179} INFO - Processing /home/airflow/.local/lib/python3.8/site-packages/airflow/example_dags/example_task_group_decorator.py took 0.033 seconds
[2024-10-06T23:54:55.658+0000] {processor.py:157} INFO - Started process (PID=29129) to work on /home/airflow/.local/lib/python3.8/site-packages/airflow/example_dags/example_task_group_decorator.py
[2024-10-06T23:54:55.659+0000] {processor.py:829} INFO - Processing file /home/airflow/.local/lib/python3.8/site-packages/airflow/example_dags/example_task_group_decorator.py for tasks to queue
[2024-10-06T23:54:55.660+0000] {logging_mixin.py:154} INFO - [2024-10-06T23:54:55.660+0000] {dagbag.py:536} INFO - Filling up the DagBag from /home/airflow/.local/lib/python3.8/site-packages/airflow/example_dags/example_task_group_decorator.py
[2024-10-06T23:54:55.666+0000] {processor.py:839} INFO - DAG(s) dict_keys(['example_task_group_decorator']) retrieved from /home/airflow/.local/lib/python3.8/site-packages/airflow/example_dags/example_task_group_decorator.py
[2024-10-06T23:54:55.675+0000] {logging_mixin.py:154} INFO - [2024-10-06T23:54:55.674+0000] {dag.py:2941} INFO - Sync 1 DAGs
[2024-10-06T23:54:55.682+0000] {logging_mixin.py:154} INFO - [2024-10-06T23:54:55.682+0000] {dag.py:3722} INFO - Setting next_dagrun for example_task_group_decorator to 2024-10-05T23:54:55.682395+00:00, run_after=2024-10-06T23:54:55.682395+00:00
[2024-10-06T23:54:55.688+0000] {processor.py:179} INFO - Processing /home/airflow/.local/lib/python3.8/site-packages/airflow/example_dags/example_task_group_decorator.py took 0.031 seconds
