[2024-10-06T00:48:01.818+0000] {processor.py:157} INFO - Started process (PID=25802) to work on /home/airflow/.local/lib/python3.8/site-packages/airflow/example_dags/example_params_ui_tutorial.py
[2024-10-06T00:48:01.819+0000] {processor.py:829} INFO - Processing file /home/airflow/.local/lib/python3.8/site-packages/airflow/example_dags/example_params_ui_tutorial.py for tasks to queue
[2024-10-06T00:48:01.820+0000] {logging_mixin.py:154} INFO - [2024-10-06T00:48:01.819+0000] {dagbag.py:536} INFO - Filling up the DagBag from /home/airflow/.local/lib/python3.8/site-packages/airflow/example_dags/example_params_ui_tutorial.py
[2024-10-06T00:48:01.835+0000] {processor.py:839} INFO - DAG(s) dict_keys(['example_params_ui_tutorial']) retrieved from /home/airflow/.local/lib/python3.8/site-packages/airflow/example_dags/example_params_ui_tutorial.py
[2024-10-06T00:48:01.891+0000] {logging_mixin.py:154} INFO - [2024-10-06T00:48:01.890+0000] {dag.py:2941} INFO - Sync 1 DAGs
[2024-10-06T00:48:01.895+0000] {logging_mixin.py:154} INFO - [2024-10-06T00:48:01.895+0000] {dag.py:3722} INFO - Setting next_dagrun for example_params_ui_tutorial to None, run_after=None
[2024-10-06T00:48:01.902+0000] {processor.py:179} INFO - Processing /home/airflow/.local/lib/python3.8/site-packages/airflow/example_dags/example_params_ui_tutorial.py took 0.086 seconds
[2024-10-06T00:59:18.881+0000] {processor.py:157} INFO - Started process (PID=25856) to work on /home/airflow/.local/lib/python3.8/site-packages/airflow/example_dags/example_params_ui_tutorial.py
[2024-10-06T00:59:18.882+0000] {processor.py:829} INFO - Processing file /home/airflow/.local/lib/python3.8/site-packages/airflow/example_dags/example_params_ui_tutorial.py for tasks to queue
[2024-10-06T00:59:18.883+0000] {logging_mixin.py:154} INFO - [2024-10-06T00:59:18.883+0000] {dagbag.py:536} INFO - Filling up the DagBag from /home/airflow/.local/lib/python3.8/site-packages/airflow/example_dags/example_params_ui_tutorial.py
[2024-10-06T00:59:18.901+0000] {processor.py:839} INFO - DAG(s) dict_keys(['example_params_ui_tutorial']) retrieved from /home/airflow/.local/lib/python3.8/site-packages/airflow/example_dags/example_params_ui_tutorial.py
[2024-10-06T00:59:18.926+0000] {logging_mixin.py:154} INFO - [2024-10-06T00:59:18.926+0000] {dag.py:2941} INFO - Sync 1 DAGs
[2024-10-06T00:59:18.932+0000] {logging_mixin.py:154} INFO - [2024-10-06T00:59:18.932+0000] {dag.py:3722} INFO - Setting next_dagrun for example_params_ui_tutorial to None, run_after=None
[2024-10-06T00:59:18.941+0000] {processor.py:179} INFO - Processing /home/airflow/.local/lib/python3.8/site-packages/airflow/example_dags/example_params_ui_tutorial.py took 0.062 seconds
[2024-10-06T02:12:19.927+0000] {processor.py:157} INFO - Started process (PID=25910) to work on /home/airflow/.local/lib/python3.8/site-packages/airflow/example_dags/example_params_ui_tutorial.py
[2024-10-06T02:12:19.928+0000] {processor.py:829} INFO - Processing file /home/airflow/.local/lib/python3.8/site-packages/airflow/example_dags/example_params_ui_tutorial.py for tasks to queue
[2024-10-06T02:12:19.930+0000] {logging_mixin.py:154} INFO - [2024-10-06T02:12:19.930+0000] {dagbag.py:536} INFO - Filling up the DagBag from /home/airflow/.local/lib/python3.8/site-packages/airflow/example_dags/example_params_ui_tutorial.py
[2024-10-06T02:12:19.949+0000] {processor.py:839} INFO - DAG(s) dict_keys(['example_params_ui_tutorial']) retrieved from /home/airflow/.local/lib/python3.8/site-packages/airflow/example_dags/example_params_ui_tutorial.py
[2024-10-06T02:12:19.975+0000] {logging_mixin.py:154} INFO - [2024-10-06T02:12:19.975+0000] {dag.py:2941} INFO - Sync 1 DAGs
[2024-10-06T02:12:19.982+0000] {logging_mixin.py:154} INFO - [2024-10-06T02:12:19.982+0000] {dag.py:3722} INFO - Setting next_dagrun for example_params_ui_tutorial to None, run_after=None
[2024-10-06T02:12:19.991+0000] {processor.py:179} INFO - Processing /home/airflow/.local/lib/python3.8/site-packages/airflow/example_dags/example_params_ui_tutorial.py took 0.066 seconds
[2024-10-06T02:48:47.184+0000] {processor.py:157} INFO - Started process (PID=25964) to work on /home/airflow/.local/lib/python3.8/site-packages/airflow/example_dags/example_params_ui_tutorial.py
[2024-10-06T02:48:47.184+0000] {processor.py:829} INFO - Processing file /home/airflow/.local/lib/python3.8/site-packages/airflow/example_dags/example_params_ui_tutorial.py for tasks to queue
[2024-10-06T02:48:47.185+0000] {logging_mixin.py:154} INFO - [2024-10-06T02:48:47.185+0000] {dagbag.py:536} INFO - Filling up the DagBag from /home/airflow/.local/lib/python3.8/site-packages/airflow/example_dags/example_params_ui_tutorial.py
[2024-10-06T02:48:47.201+0000] {processor.py:839} INFO - DAG(s) dict_keys(['example_params_ui_tutorial']) retrieved from /home/airflow/.local/lib/python3.8/site-packages/airflow/example_dags/example_params_ui_tutorial.py
[2024-10-06T02:48:47.221+0000] {logging_mixin.py:154} INFO - [2024-10-06T02:48:47.221+0000] {dag.py:2941} INFO - Sync 1 DAGs
[2024-10-06T02:48:47.227+0000] {logging_mixin.py:154} INFO - [2024-10-06T02:48:47.227+0000] {dag.py:3722} INFO - Setting next_dagrun for example_params_ui_tutorial to None, run_after=None
[2024-10-06T02:48:47.233+0000] {processor.py:179} INFO - Processing /home/airflow/.local/lib/python3.8/site-packages/airflow/example_dags/example_params_ui_tutorial.py took 0.051 seconds
[2024-10-06T03:19:22.774+0000] {processor.py:157} INFO - Started process (PID=26018) to work on /home/airflow/.local/lib/python3.8/site-packages/airflow/example_dags/example_params_ui_tutorial.py
[2024-10-06T03:19:22.775+0000] {processor.py:829} INFO - Processing file /home/airflow/.local/lib/python3.8/site-packages/airflow/example_dags/example_params_ui_tutorial.py for tasks to queue
[2024-10-06T03:19:22.777+0000] {logging_mixin.py:154} INFO - [2024-10-06T03:19:22.777+0000] {dagbag.py:536} INFO - Filling up the DagBag from /home/airflow/.local/lib/python3.8/site-packages/airflow/example_dags/example_params_ui_tutorial.py
[2024-10-06T03:19:22.796+0000] {processor.py:839} INFO - DAG(s) dict_keys(['example_params_ui_tutorial']) retrieved from /home/airflow/.local/lib/python3.8/site-packages/airflow/example_dags/example_params_ui_tutorial.py
[2024-10-06T03:19:22.822+0000] {logging_mixin.py:154} INFO - [2024-10-06T03:19:22.822+0000] {dag.py:2941} INFO - Sync 1 DAGs
[2024-10-06T03:19:22.829+0000] {logging_mixin.py:154} INFO - [2024-10-06T03:19:22.829+0000] {dag.py:3722} INFO - Setting next_dagrun for example_params_ui_tutorial to None, run_after=None
[2024-10-06T03:19:22.838+0000] {processor.py:179} INFO - Processing /home/airflow/.local/lib/python3.8/site-packages/airflow/example_dags/example_params_ui_tutorial.py took 0.066 seconds
[2024-10-06T04:34:56.417+0000] {processor.py:157} INFO - Started process (PID=26072) to work on /home/airflow/.local/lib/python3.8/site-packages/airflow/example_dags/example_params_ui_tutorial.py
[2024-10-06T04:34:56.417+0000] {processor.py:829} INFO - Processing file /home/airflow/.local/lib/python3.8/site-packages/airflow/example_dags/example_params_ui_tutorial.py for tasks to queue
[2024-10-06T04:34:56.418+0000] {logging_mixin.py:154} INFO - [2024-10-06T04:34:56.418+0000] {dagbag.py:536} INFO - Filling up the DagBag from /home/airflow/.local/lib/python3.8/site-packages/airflow/example_dags/example_params_ui_tutorial.py
[2024-10-06T04:34:56.434+0000] {processor.py:839} INFO - DAG(s) dict_keys(['example_params_ui_tutorial']) retrieved from /home/airflow/.local/lib/python3.8/site-packages/airflow/example_dags/example_params_ui_tutorial.py
[2024-10-06T04:34:56.454+0000] {logging_mixin.py:154} INFO - [2024-10-06T04:34:56.453+0000] {dag.py:2941} INFO - Sync 1 DAGs
[2024-10-06T04:34:56.459+0000] {logging_mixin.py:154} INFO - [2024-10-06T04:34:56.459+0000] {dag.py:3722} INFO - Setting next_dagrun for example_params_ui_tutorial to None, run_after=None
[2024-10-06T04:34:56.467+0000] {processor.py:179} INFO - Processing /home/airflow/.local/lib/python3.8/site-packages/airflow/example_dags/example_params_ui_tutorial.py took 0.052 seconds
[2024-10-06T05:54:01.142+0000] {processor.py:157} INFO - Started process (PID=26126) to work on /home/airflow/.local/lib/python3.8/site-packages/airflow/example_dags/example_params_ui_tutorial.py
[2024-10-06T05:54:01.143+0000] {processor.py:829} INFO - Processing file /home/airflow/.local/lib/python3.8/site-packages/airflow/example_dags/example_params_ui_tutorial.py for tasks to queue
[2024-10-06T05:54:01.145+0000] {logging_mixin.py:154} INFO - [2024-10-06T05:54:01.144+0000] {dagbag.py:536} INFO - Filling up the DagBag from /home/airflow/.local/lib/python3.8/site-packages/airflow/example_dags/example_params_ui_tutorial.py
[2024-10-06T05:54:01.163+0000] {processor.py:839} INFO - DAG(s) dict_keys(['example_params_ui_tutorial']) retrieved from /home/airflow/.local/lib/python3.8/site-packages/airflow/example_dags/example_params_ui_tutorial.py
[2024-10-06T05:54:01.189+0000] {logging_mixin.py:154} INFO - [2024-10-06T05:54:01.189+0000] {dag.py:2941} INFO - Sync 1 DAGs
[2024-10-06T05:54:01.195+0000] {logging_mixin.py:154} INFO - [2024-10-06T05:54:01.195+0000] {dag.py:3722} INFO - Setting next_dagrun for example_params_ui_tutorial to None, run_after=None
[2024-10-06T05:54:01.205+0000] {processor.py:179} INFO - Processing /home/airflow/.local/lib/python3.8/site-packages/airflow/example_dags/example_params_ui_tutorial.py took 0.065 seconds
[2024-10-06T06:41:06.936+0000] {processor.py:157} INFO - Started process (PID=26180) to work on /home/airflow/.local/lib/python3.8/site-packages/airflow/example_dags/example_params_ui_tutorial.py
[2024-10-06T06:41:06.937+0000] {processor.py:829} INFO - Processing file /home/airflow/.local/lib/python3.8/site-packages/airflow/example_dags/example_params_ui_tutorial.py for tasks to queue
[2024-10-06T06:41:06.938+0000] {logging_mixin.py:154} INFO - [2024-10-06T06:41:06.938+0000] {dagbag.py:536} INFO - Filling up the DagBag from /home/airflow/.local/lib/python3.8/site-packages/airflow/example_dags/example_params_ui_tutorial.py
[2024-10-06T06:41:06.956+0000] {processor.py:839} INFO - DAG(s) dict_keys(['example_params_ui_tutorial']) retrieved from /home/airflow/.local/lib/python3.8/site-packages/airflow/example_dags/example_params_ui_tutorial.py
[2024-10-06T06:41:06.981+0000] {logging_mixin.py:154} INFO - [2024-10-06T06:41:06.980+0000] {dag.py:2941} INFO - Sync 1 DAGs
[2024-10-06T06:41:06.988+0000] {logging_mixin.py:154} INFO - [2024-10-06T06:41:06.987+0000] {dag.py:3722} INFO - Setting next_dagrun for example_params_ui_tutorial to None, run_after=None
[2024-10-06T06:41:06.998+0000] {processor.py:179} INFO - Processing /home/airflow/.local/lib/python3.8/site-packages/airflow/example_dags/example_params_ui_tutorial.py took 0.064 seconds
[2024-10-06T08:19:29.602+0000] {processor.py:157} INFO - Started process (PID=26234) to work on /home/airflow/.local/lib/python3.8/site-packages/airflow/example_dags/example_params_ui_tutorial.py
[2024-10-06T08:19:29.602+0000] {processor.py:829} INFO - Processing file /home/airflow/.local/lib/python3.8/site-packages/airflow/example_dags/example_params_ui_tutorial.py for tasks to queue
[2024-10-06T08:19:29.604+0000] {logging_mixin.py:154} INFO - [2024-10-06T08:19:29.604+0000] {dagbag.py:536} INFO - Filling up the DagBag from /home/airflow/.local/lib/python3.8/site-packages/airflow/example_dags/example_params_ui_tutorial.py
[2024-10-06T08:19:29.622+0000] {processor.py:839} INFO - DAG(s) dict_keys(['example_params_ui_tutorial']) retrieved from /home/airflow/.local/lib/python3.8/site-packages/airflow/example_dags/example_params_ui_tutorial.py
[2024-10-06T08:19:29.647+0000] {logging_mixin.py:154} INFO - [2024-10-06T08:19:29.646+0000] {dag.py:2941} INFO - Sync 1 DAGs
[2024-10-06T08:19:29.653+0000] {logging_mixin.py:154} INFO - [2024-10-06T08:19:29.653+0000] {dag.py:3722} INFO - Setting next_dagrun for example_params_ui_tutorial to None, run_after=None
[2024-10-06T08:19:29.662+0000] {processor.py:179} INFO - Processing /home/airflow/.local/lib/python3.8/site-packages/airflow/example_dags/example_params_ui_tutorial.py took 0.062 seconds
[2024-10-06T09:31:45.632+0000] {processor.py:157} INFO - Started process (PID=26288) to work on /home/airflow/.local/lib/python3.8/site-packages/airflow/example_dags/example_params_ui_tutorial.py
[2024-10-06T09:31:45.632+0000] {processor.py:829} INFO - Processing file /home/airflow/.local/lib/python3.8/site-packages/airflow/example_dags/example_params_ui_tutorial.py for tasks to queue
[2024-10-06T09:31:45.633+0000] {logging_mixin.py:154} INFO - [2024-10-06T09:31:45.633+0000] {dagbag.py:536} INFO - Filling up the DagBag from /home/airflow/.local/lib/python3.8/site-packages/airflow/example_dags/example_params_ui_tutorial.py
[2024-10-06T09:31:45.649+0000] {processor.py:839} INFO - DAG(s) dict_keys(['example_params_ui_tutorial']) retrieved from /home/airflow/.local/lib/python3.8/site-packages/airflow/example_dags/example_params_ui_tutorial.py
[2024-10-06T09:31:45.668+0000] {logging_mixin.py:154} INFO - [2024-10-06T09:31:45.668+0000] {dag.py:2941} INFO - Sync 1 DAGs
[2024-10-06T09:31:45.673+0000] {logging_mixin.py:154} INFO - [2024-10-06T09:31:45.673+0000] {dag.py:3722} INFO - Setting next_dagrun for example_params_ui_tutorial to None, run_after=None
[2024-10-06T09:31:45.680+0000] {processor.py:179} INFO - Processing /home/airflow/.local/lib/python3.8/site-packages/airflow/example_dags/example_params_ui_tutorial.py took 0.049 seconds
[2024-10-06T10:45:25.459+0000] {processor.py:157} INFO - Started process (PID=26342) to work on /home/airflow/.local/lib/python3.8/site-packages/airflow/example_dags/example_params_ui_tutorial.py
[2024-10-06T10:45:25.460+0000] {processor.py:829} INFO - Processing file /home/airflow/.local/lib/python3.8/site-packages/airflow/example_dags/example_params_ui_tutorial.py for tasks to queue
[2024-10-06T10:45:25.462+0000] {logging_mixin.py:154} INFO - [2024-10-06T10:45:25.462+0000] {dagbag.py:536} INFO - Filling up the DagBag from /home/airflow/.local/lib/python3.8/site-packages/airflow/example_dags/example_params_ui_tutorial.py
[2024-10-06T10:45:25.481+0000] {processor.py:839} INFO - DAG(s) dict_keys(['example_params_ui_tutorial']) retrieved from /home/airflow/.local/lib/python3.8/site-packages/airflow/example_dags/example_params_ui_tutorial.py
[2024-10-06T10:45:25.506+0000] {logging_mixin.py:154} INFO - [2024-10-06T10:45:25.506+0000] {dag.py:2941} INFO - Sync 1 DAGs
[2024-10-06T10:45:25.514+0000] {logging_mixin.py:154} INFO - [2024-10-06T10:45:25.513+0000] {dag.py:3722} INFO - Setting next_dagrun for example_params_ui_tutorial to None, run_after=None
[2024-10-06T10:45:25.525+0000] {processor.py:179} INFO - Processing /home/airflow/.local/lib/python3.8/site-packages/airflow/example_dags/example_params_ui_tutorial.py took 0.069 seconds
[2024-10-06T11:46:25.888+0000] {processor.py:157} INFO - Started process (PID=26396) to work on /home/airflow/.local/lib/python3.8/site-packages/airflow/example_dags/example_params_ui_tutorial.py
[2024-10-06T11:46:25.889+0000] {processor.py:829} INFO - Processing file /home/airflow/.local/lib/python3.8/site-packages/airflow/example_dags/example_params_ui_tutorial.py for tasks to queue
[2024-10-06T11:46:25.890+0000] {logging_mixin.py:154} INFO - [2024-10-06T11:46:25.890+0000] {dagbag.py:536} INFO - Filling up the DagBag from /home/airflow/.local/lib/python3.8/site-packages/airflow/example_dags/example_params_ui_tutorial.py
[2024-10-06T11:46:25.905+0000] {processor.py:839} INFO - DAG(s) dict_keys(['example_params_ui_tutorial']) retrieved from /home/airflow/.local/lib/python3.8/site-packages/airflow/example_dags/example_params_ui_tutorial.py
[2024-10-06T11:46:25.924+0000] {logging_mixin.py:154} INFO - [2024-10-06T11:46:25.924+0000] {dag.py:2941} INFO - Sync 1 DAGs
[2024-10-06T11:46:25.929+0000] {logging_mixin.py:154} INFO - [2024-10-06T11:46:25.929+0000] {dag.py:3722} INFO - Setting next_dagrun for example_params_ui_tutorial to None, run_after=None
[2024-10-06T11:46:25.935+0000] {processor.py:179} INFO - Processing /home/airflow/.local/lib/python3.8/site-packages/airflow/example_dags/example_params_ui_tutorial.py took 0.048 seconds
[2024-10-06T12:33:57.456+0000] {processor.py:157} INFO - Started process (PID=26450) to work on /home/airflow/.local/lib/python3.8/site-packages/airflow/example_dags/example_params_ui_tutorial.py
[2024-10-06T12:33:57.457+0000] {processor.py:829} INFO - Processing file /home/airflow/.local/lib/python3.8/site-packages/airflow/example_dags/example_params_ui_tutorial.py for tasks to queue
[2024-10-06T12:33:57.458+0000] {logging_mixin.py:154} INFO - [2024-10-06T12:33:57.458+0000] {dagbag.py:536} INFO - Filling up the DagBag from /home/airflow/.local/lib/python3.8/site-packages/airflow/example_dags/example_params_ui_tutorial.py
[2024-10-06T12:33:57.473+0000] {processor.py:839} INFO - DAG(s) dict_keys(['example_params_ui_tutorial']) retrieved from /home/airflow/.local/lib/python3.8/site-packages/airflow/example_dags/example_params_ui_tutorial.py
[2024-10-06T12:33:57.494+0000] {logging_mixin.py:154} INFO - [2024-10-06T12:33:57.494+0000] {dag.py:2941} INFO - Sync 1 DAGs
[2024-10-06T12:33:57.499+0000] {logging_mixin.py:154} INFO - [2024-10-06T12:33:57.499+0000] {dag.py:3722} INFO - Setting next_dagrun for example_params_ui_tutorial to None, run_after=None
[2024-10-06T12:33:57.505+0000] {processor.py:179} INFO - Processing /home/airflow/.local/lib/python3.8/site-packages/airflow/example_dags/example_params_ui_tutorial.py took 0.050 seconds
[2024-10-06T13:17:28.154+0000] {processor.py:157} INFO - Started process (PID=26504) to work on /home/airflow/.local/lib/python3.8/site-packages/airflow/example_dags/example_params_ui_tutorial.py
[2024-10-06T13:17:28.155+0000] {processor.py:829} INFO - Processing file /home/airflow/.local/lib/python3.8/site-packages/airflow/example_dags/example_params_ui_tutorial.py for tasks to queue
[2024-10-06T13:17:28.157+0000] {logging_mixin.py:154} INFO - [2024-10-06T13:17:28.157+0000] {dagbag.py:536} INFO - Filling up the DagBag from /home/airflow/.local/lib/python3.8/site-packages/airflow/example_dags/example_params_ui_tutorial.py
[2024-10-06T13:17:28.175+0000] {processor.py:839} INFO - DAG(s) dict_keys(['example_params_ui_tutorial']) retrieved from /home/airflow/.local/lib/python3.8/site-packages/airflow/example_dags/example_params_ui_tutorial.py
[2024-10-06T13:17:28.200+0000] {logging_mixin.py:154} INFO - [2024-10-06T13:17:28.200+0000] {dag.py:2941} INFO - Sync 1 DAGs
[2024-10-06T13:17:28.207+0000] {logging_mixin.py:154} INFO - [2024-10-06T13:17:28.207+0000] {dag.py:3722} INFO - Setting next_dagrun for example_params_ui_tutorial to None, run_after=None
[2024-10-06T13:17:28.217+0000] {processor.py:179} INFO - Processing /home/airflow/.local/lib/python3.8/site-packages/airflow/example_dags/example_params_ui_tutorial.py took 0.065 seconds
[2024-10-06T14:49:26.566+0000] {processor.py:157} INFO - Started process (PID=26558) to work on /home/airflow/.local/lib/python3.8/site-packages/airflow/example_dags/example_params_ui_tutorial.py
[2024-10-06T14:49:26.566+0000] {processor.py:829} INFO - Processing file /home/airflow/.local/lib/python3.8/site-packages/airflow/example_dags/example_params_ui_tutorial.py for tasks to queue
[2024-10-06T14:49:26.567+0000] {logging_mixin.py:154} INFO - [2024-10-06T14:49:26.567+0000] {dagbag.py:536} INFO - Filling up the DagBag from /home/airflow/.local/lib/python3.8/site-packages/airflow/example_dags/example_params_ui_tutorial.py
[2024-10-06T14:49:26.583+0000] {processor.py:839} INFO - DAG(s) dict_keys(['example_params_ui_tutorial']) retrieved from /home/airflow/.local/lib/python3.8/site-packages/airflow/example_dags/example_params_ui_tutorial.py
[2024-10-06T14:49:26.603+0000] {logging_mixin.py:154} INFO - [2024-10-06T14:49:26.603+0000] {dag.py:2941} INFO - Sync 1 DAGs
[2024-10-06T14:49:26.608+0000] {logging_mixin.py:154} INFO - [2024-10-06T14:49:26.608+0000] {dag.py:3722} INFO - Setting next_dagrun for example_params_ui_tutorial to None, run_after=None
[2024-10-06T14:49:26.614+0000] {processor.py:179} INFO - Processing /home/airflow/.local/lib/python3.8/site-packages/airflow/example_dags/example_params_ui_tutorial.py took 0.050 seconds
[2024-10-06T15:50:30.791+0000] {processor.py:157} INFO - Started process (PID=26612) to work on /home/airflow/.local/lib/python3.8/site-packages/airflow/example_dags/example_params_ui_tutorial.py
[2024-10-06T15:50:30.791+0000] {processor.py:829} INFO - Processing file /home/airflow/.local/lib/python3.8/site-packages/airflow/example_dags/example_params_ui_tutorial.py for tasks to queue
[2024-10-06T15:50:30.793+0000] {logging_mixin.py:154} INFO - [2024-10-06T15:50:30.792+0000] {dagbag.py:536} INFO - Filling up the DagBag from /home/airflow/.local/lib/python3.8/site-packages/airflow/example_dags/example_params_ui_tutorial.py
[2024-10-06T15:50:30.810+0000] {processor.py:839} INFO - DAG(s) dict_keys(['example_params_ui_tutorial']) retrieved from /home/airflow/.local/lib/python3.8/site-packages/airflow/example_dags/example_params_ui_tutorial.py
[2024-10-06T15:50:30.835+0000] {logging_mixin.py:154} INFO - [2024-10-06T15:50:30.834+0000] {dag.py:2941} INFO - Sync 1 DAGs
[2024-10-06T15:50:30.843+0000] {logging_mixin.py:154} INFO - [2024-10-06T15:50:30.843+0000] {dag.py:3722} INFO - Setting next_dagrun for example_params_ui_tutorial to None, run_after=None
[2024-10-06T15:50:30.853+0000] {processor.py:179} INFO - Processing /home/airflow/.local/lib/python3.8/site-packages/airflow/example_dags/example_params_ui_tutorial.py took 0.064 seconds
[2024-10-06T16:11:23.860+0000] {processor.py:157} INFO - Started process (PID=26666) to work on /home/airflow/.local/lib/python3.8/site-packages/airflow/example_dags/example_params_ui_tutorial.py
[2024-10-06T16:11:23.861+0000] {processor.py:829} INFO - Processing file /home/airflow/.local/lib/python3.8/site-packages/airflow/example_dags/example_params_ui_tutorial.py for tasks to queue
[2024-10-06T16:11:23.862+0000] {logging_mixin.py:154} INFO - [2024-10-06T16:11:23.862+0000] {dagbag.py:536} INFO - Filling up the DagBag from /home/airflow/.local/lib/python3.8/site-packages/airflow/example_dags/example_params_ui_tutorial.py
[2024-10-06T16:11:23.882+0000] {processor.py:839} INFO - DAG(s) dict_keys(['example_params_ui_tutorial']) retrieved from /home/airflow/.local/lib/python3.8/site-packages/airflow/example_dags/example_params_ui_tutorial.py
[2024-10-06T16:11:23.909+0000] {logging_mixin.py:154} INFO - [2024-10-06T16:11:23.909+0000] {dag.py:2941} INFO - Sync 1 DAGs
[2024-10-06T16:11:23.916+0000] {logging_mixin.py:154} INFO - [2024-10-06T16:11:23.916+0000] {dag.py:3722} INFO - Setting next_dagrun for example_params_ui_tutorial to None, run_after=None
[2024-10-06T16:11:23.926+0000] {processor.py:179} INFO - Processing /home/airflow/.local/lib/python3.8/site-packages/airflow/example_dags/example_params_ui_tutorial.py took 0.068 seconds
[2024-10-06T16:17:00.695+0000] {processor.py:157} INFO - Started process (PID=26720) to work on /home/airflow/.local/lib/python3.8/site-packages/airflow/example_dags/example_params_ui_tutorial.py
[2024-10-06T16:17:00.695+0000] {processor.py:829} INFO - Processing file /home/airflow/.local/lib/python3.8/site-packages/airflow/example_dags/example_params_ui_tutorial.py for tasks to queue
[2024-10-06T16:17:00.696+0000] {logging_mixin.py:154} INFO - [2024-10-06T16:17:00.696+0000] {dagbag.py:536} INFO - Filling up the DagBag from /home/airflow/.local/lib/python3.8/site-packages/airflow/example_dags/example_params_ui_tutorial.py
[2024-10-06T16:17:00.711+0000] {processor.py:839} INFO - DAG(s) dict_keys(['example_params_ui_tutorial']) retrieved from /home/airflow/.local/lib/python3.8/site-packages/airflow/example_dags/example_params_ui_tutorial.py
[2024-10-06T16:17:00.730+0000] {logging_mixin.py:154} INFO - [2024-10-06T16:17:00.730+0000] {dag.py:2941} INFO - Sync 1 DAGs
[2024-10-06T16:17:00.735+0000] {logging_mixin.py:154} INFO - [2024-10-06T16:17:00.735+0000] {dag.py:3722} INFO - Setting next_dagrun for example_params_ui_tutorial to None, run_after=None
[2024-10-06T16:17:00.741+0000] {processor.py:179} INFO - Processing /home/airflow/.local/lib/python3.8/site-packages/airflow/example_dags/example_params_ui_tutorial.py took 0.048 seconds
[2024-10-06T17:25:37.579+0000] {processor.py:157} INFO - Started process (PID=26774) to work on /home/airflow/.local/lib/python3.8/site-packages/airflow/example_dags/example_params_ui_tutorial.py
[2024-10-06T17:25:37.579+0000] {processor.py:829} INFO - Processing file /home/airflow/.local/lib/python3.8/site-packages/airflow/example_dags/example_params_ui_tutorial.py for tasks to queue
[2024-10-06T17:25:37.581+0000] {logging_mixin.py:154} INFO - [2024-10-06T17:25:37.580+0000] {dagbag.py:536} INFO - Filling up the DagBag from /home/airflow/.local/lib/python3.8/site-packages/airflow/example_dags/example_params_ui_tutorial.py
[2024-10-06T17:25:37.595+0000] {processor.py:839} INFO - DAG(s) dict_keys(['example_params_ui_tutorial']) retrieved from /home/airflow/.local/lib/python3.8/site-packages/airflow/example_dags/example_params_ui_tutorial.py
[2024-10-06T17:25:37.616+0000] {logging_mixin.py:154} INFO - [2024-10-06T17:25:37.615+0000] {dag.py:2941} INFO - Sync 1 DAGs
[2024-10-06T17:25:37.620+0000] {logging_mixin.py:154} INFO - [2024-10-06T17:25:37.620+0000] {dag.py:3722} INFO - Setting next_dagrun for example_params_ui_tutorial to None, run_after=None
[2024-10-06T17:25:37.627+0000] {processor.py:179} INFO - Processing /home/airflow/.local/lib/python3.8/site-packages/airflow/example_dags/example_params_ui_tutorial.py took 0.050 seconds
[2024-10-06T17:48:10.445+0000] {processor.py:157} INFO - Started process (PID=26828) to work on /home/airflow/.local/lib/python3.8/site-packages/airflow/example_dags/example_params_ui_tutorial.py
[2024-10-06T17:48:10.446+0000] {processor.py:829} INFO - Processing file /home/airflow/.local/lib/python3.8/site-packages/airflow/example_dags/example_params_ui_tutorial.py for tasks to queue
[2024-10-06T17:48:10.448+0000] {logging_mixin.py:154} INFO - [2024-10-06T17:48:10.447+0000] {dagbag.py:536} INFO - Filling up the DagBag from /home/airflow/.local/lib/python3.8/site-packages/airflow/example_dags/example_params_ui_tutorial.py
[2024-10-06T17:48:10.467+0000] {processor.py:839} INFO - DAG(s) dict_keys(['example_params_ui_tutorial']) retrieved from /home/airflow/.local/lib/python3.8/site-packages/airflow/example_dags/example_params_ui_tutorial.py
[2024-10-06T17:48:10.492+0000] {logging_mixin.py:154} INFO - [2024-10-06T17:48:10.492+0000] {dag.py:2941} INFO - Sync 1 DAGs
[2024-10-06T17:48:10.499+0000] {logging_mixin.py:154} INFO - [2024-10-06T17:48:10.498+0000] {dag.py:3722} INFO - Setting next_dagrun for example_params_ui_tutorial to None, run_after=None
[2024-10-06T17:48:10.506+0000] {processor.py:179} INFO - Processing /home/airflow/.local/lib/python3.8/site-packages/airflow/example_dags/example_params_ui_tutorial.py took 0.063 seconds
[2024-10-06T18:17:58.329+0000] {processor.py:157} INFO - Started process (PID=26882) to work on /home/airflow/.local/lib/python3.8/site-packages/airflow/example_dags/example_params_ui_tutorial.py
[2024-10-06T18:17:58.330+0000] {processor.py:829} INFO - Processing file /home/airflow/.local/lib/python3.8/site-packages/airflow/example_dags/example_params_ui_tutorial.py for tasks to queue
[2024-10-06T18:17:58.332+0000] {logging_mixin.py:154} INFO - [2024-10-06T18:17:58.331+0000] {dagbag.py:536} INFO - Filling up the DagBag from /home/airflow/.local/lib/python3.8/site-packages/airflow/example_dags/example_params_ui_tutorial.py
[2024-10-06T18:17:58.353+0000] {processor.py:839} INFO - DAG(s) dict_keys(['example_params_ui_tutorial']) retrieved from /home/airflow/.local/lib/python3.8/site-packages/airflow/example_dags/example_params_ui_tutorial.py
[2024-10-06T18:17:58.383+0000] {logging_mixin.py:154} INFO - [2024-10-06T18:17:58.383+0000] {dag.py:2941} INFO - Sync 1 DAGs
[2024-10-06T18:17:58.391+0000] {logging_mixin.py:154} INFO - [2024-10-06T18:17:58.391+0000] {dag.py:3722} INFO - Setting next_dagrun for example_params_ui_tutorial to None, run_after=None
[2024-10-06T18:17:58.400+0000] {processor.py:179} INFO - Processing /home/airflow/.local/lib/python3.8/site-packages/airflow/example_dags/example_params_ui_tutorial.py took 0.073 seconds
[2024-10-06T19:43:22.919+0000] {processor.py:157} INFO - Started process (PID=26936) to work on /home/airflow/.local/lib/python3.8/site-packages/airflow/example_dags/example_params_ui_tutorial.py
[2024-10-06T19:43:22.920+0000] {processor.py:829} INFO - Processing file /home/airflow/.local/lib/python3.8/site-packages/airflow/example_dags/example_params_ui_tutorial.py for tasks to queue
[2024-10-06T19:43:22.922+0000] {logging_mixin.py:154} INFO - [2024-10-06T19:43:22.922+0000] {dagbag.py:536} INFO - Filling up the DagBag from /home/airflow/.local/lib/python3.8/site-packages/airflow/example_dags/example_params_ui_tutorial.py
[2024-10-06T19:43:22.942+0000] {processor.py:839} INFO - DAG(s) dict_keys(['example_params_ui_tutorial']) retrieved from /home/airflow/.local/lib/python3.8/site-packages/airflow/example_dags/example_params_ui_tutorial.py
[2024-10-06T19:43:22.968+0000] {logging_mixin.py:154} INFO - [2024-10-06T19:43:22.968+0000] {dag.py:2941} INFO - Sync 1 DAGs
[2024-10-06T19:43:22.975+0000] {logging_mixin.py:154} INFO - [2024-10-06T19:43:22.975+0000] {dag.py:3722} INFO - Setting next_dagrun for example_params_ui_tutorial to None, run_after=None
[2024-10-06T19:43:22.984+0000] {processor.py:179} INFO - Processing /home/airflow/.local/lib/python3.8/site-packages/airflow/example_dags/example_params_ui_tutorial.py took 0.067 seconds
[2024-10-06T20:31:09.975+0000] {processor.py:157} INFO - Started process (PID=26990) to work on /home/airflow/.local/lib/python3.8/site-packages/airflow/example_dags/example_params_ui_tutorial.py
[2024-10-06T20:31:09.975+0000] {processor.py:829} INFO - Processing file /home/airflow/.local/lib/python3.8/site-packages/airflow/example_dags/example_params_ui_tutorial.py for tasks to queue
[2024-10-06T20:31:09.976+0000] {logging_mixin.py:154} INFO - [2024-10-06T20:31:09.976+0000] {dagbag.py:536} INFO - Filling up the DagBag from /home/airflow/.local/lib/python3.8/site-packages/airflow/example_dags/example_params_ui_tutorial.py
[2024-10-06T20:31:09.992+0000] {processor.py:839} INFO - DAG(s) dict_keys(['example_params_ui_tutorial']) retrieved from /home/airflow/.local/lib/python3.8/site-packages/airflow/example_dags/example_params_ui_tutorial.py
[2024-10-06T20:31:10.013+0000] {logging_mixin.py:154} INFO - [2024-10-06T20:31:10.012+0000] {dag.py:2941} INFO - Sync 1 DAGs
[2024-10-06T20:31:10.018+0000] {logging_mixin.py:154} INFO - [2024-10-06T20:31:10.018+0000] {dag.py:3722} INFO - Setting next_dagrun for example_params_ui_tutorial to None, run_after=None
[2024-10-06T20:31:10.025+0000] {processor.py:179} INFO - Processing /home/airflow/.local/lib/python3.8/site-packages/airflow/example_dags/example_params_ui_tutorial.py took 0.051 seconds
[2024-10-06T20:40:14.986+0000] {processor.py:157} INFO - Started process (PID=27044) to work on /home/airflow/.local/lib/python3.8/site-packages/airflow/example_dags/example_params_ui_tutorial.py
[2024-10-06T20:40:14.987+0000] {processor.py:829} INFO - Processing file /home/airflow/.local/lib/python3.8/site-packages/airflow/example_dags/example_params_ui_tutorial.py for tasks to queue
[2024-10-06T20:40:14.988+0000] {logging_mixin.py:154} INFO - [2024-10-06T20:40:14.988+0000] {dagbag.py:536} INFO - Filling up the DagBag from /home/airflow/.local/lib/python3.8/site-packages/airflow/example_dags/example_params_ui_tutorial.py
[2024-10-06T20:40:15.007+0000] {processor.py:839} INFO - DAG(s) dict_keys(['example_params_ui_tutorial']) retrieved from /home/airflow/.local/lib/python3.8/site-packages/airflow/example_dags/example_params_ui_tutorial.py
[2024-10-06T20:40:15.033+0000] {logging_mixin.py:154} INFO - [2024-10-06T20:40:15.032+0000] {dag.py:2941} INFO - Sync 1 DAGs
[2024-10-06T20:40:15.039+0000] {logging_mixin.py:154} INFO - [2024-10-06T20:40:15.039+0000] {dag.py:3722} INFO - Setting next_dagrun for example_params_ui_tutorial to None, run_after=None
[2024-10-06T20:40:15.049+0000] {processor.py:179} INFO - Processing /home/airflow/.local/lib/python3.8/site-packages/airflow/example_dags/example_params_ui_tutorial.py took 0.066 seconds
[2024-10-06T20:43:25.262+0000] {processor.py:157} INFO - Started process (PID=27098) to work on /home/airflow/.local/lib/python3.8/site-packages/airflow/example_dags/example_params_ui_tutorial.py
[2024-10-06T20:43:25.262+0000] {processor.py:829} INFO - Processing file /home/airflow/.local/lib/python3.8/site-packages/airflow/example_dags/example_params_ui_tutorial.py for tasks to queue
[2024-10-06T20:43:25.264+0000] {logging_mixin.py:154} INFO - [2024-10-06T20:43:25.263+0000] {dagbag.py:536} INFO - Filling up the DagBag from /home/airflow/.local/lib/python3.8/site-packages/airflow/example_dags/example_params_ui_tutorial.py
[2024-10-06T20:43:25.279+0000] {processor.py:839} INFO - DAG(s) dict_keys(['example_params_ui_tutorial']) retrieved from /home/airflow/.local/lib/python3.8/site-packages/airflow/example_dags/example_params_ui_tutorial.py
[2024-10-06T20:43:25.299+0000] {logging_mixin.py:154} INFO - [2024-10-06T20:43:25.299+0000] {dag.py:2941} INFO - Sync 1 DAGs
[2024-10-06T20:43:25.304+0000] {logging_mixin.py:154} INFO - [2024-10-06T20:43:25.304+0000] {dag.py:3722} INFO - Setting next_dagrun for example_params_ui_tutorial to None, run_after=None
[2024-10-06T20:43:25.311+0000] {processor.py:179} INFO - Processing /home/airflow/.local/lib/python3.8/site-packages/airflow/example_dags/example_params_ui_tutorial.py took 0.050 seconds
[2024-10-06T21:12:03.597+0000] {processor.py:157} INFO - Started process (PID=27152) to work on /home/airflow/.local/lib/python3.8/site-packages/airflow/example_dags/example_params_ui_tutorial.py
[2024-10-06T21:12:03.598+0000] {processor.py:829} INFO - Processing file /home/airflow/.local/lib/python3.8/site-packages/airflow/example_dags/example_params_ui_tutorial.py for tasks to queue
[2024-10-06T21:12:03.599+0000] {logging_mixin.py:154} INFO - [2024-10-06T21:12:03.599+0000] {dagbag.py:536} INFO - Filling up the DagBag from /home/airflow/.local/lib/python3.8/site-packages/airflow/example_dags/example_params_ui_tutorial.py
[2024-10-06T21:12:03.616+0000] {processor.py:839} INFO - DAG(s) dict_keys(['example_params_ui_tutorial']) retrieved from /home/airflow/.local/lib/python3.8/site-packages/airflow/example_dags/example_params_ui_tutorial.py
[2024-10-06T21:12:03.641+0000] {logging_mixin.py:154} INFO - [2024-10-06T21:12:03.641+0000] {dag.py:2941} INFO - Sync 1 DAGs
[2024-10-06T21:12:03.647+0000] {logging_mixin.py:154} INFO - [2024-10-06T21:12:03.647+0000] {dag.py:3722} INFO - Setting next_dagrun for example_params_ui_tutorial to None, run_after=None
[2024-10-06T21:12:03.657+0000] {processor.py:179} INFO - Processing /home/airflow/.local/lib/python3.8/site-packages/airflow/example_dags/example_params_ui_tutorial.py took 0.061 seconds
[2024-10-06T21:13:26.318+0000] {processor.py:157} INFO - Started process (PID=27206) to work on /home/airflow/.local/lib/python3.8/site-packages/airflow/example_dags/example_params_ui_tutorial.py
[2024-10-06T21:13:26.318+0000] {processor.py:829} INFO - Processing file /home/airflow/.local/lib/python3.8/site-packages/airflow/example_dags/example_params_ui_tutorial.py for tasks to queue
[2024-10-06T21:13:26.319+0000] {logging_mixin.py:154} INFO - [2024-10-06T21:13:26.319+0000] {dagbag.py:536} INFO - Filling up the DagBag from /home/airflow/.local/lib/python3.8/site-packages/airflow/example_dags/example_params_ui_tutorial.py
[2024-10-06T21:13:26.334+0000] {processor.py:839} INFO - DAG(s) dict_keys(['example_params_ui_tutorial']) retrieved from /home/airflow/.local/lib/python3.8/site-packages/airflow/example_dags/example_params_ui_tutorial.py
[2024-10-06T21:13:26.356+0000] {logging_mixin.py:154} INFO - [2024-10-06T21:13:26.355+0000] {dag.py:2941} INFO - Sync 1 DAGs
[2024-10-06T21:13:26.361+0000] {logging_mixin.py:154} INFO - [2024-10-06T21:13:26.361+0000] {dag.py:3722} INFO - Setting next_dagrun for example_params_ui_tutorial to None, run_after=None
[2024-10-06T21:13:26.368+0000] {processor.py:179} INFO - Processing /home/airflow/.local/lib/python3.8/site-packages/airflow/example_dags/example_params_ui_tutorial.py took 0.051 seconds
[2024-10-06T21:24:00.494+0000] {processor.py:157} INFO - Started process (PID=27260) to work on /home/airflow/.local/lib/python3.8/site-packages/airflow/example_dags/example_params_ui_tutorial.py
[2024-10-06T21:24:00.495+0000] {processor.py:829} INFO - Processing file /home/airflow/.local/lib/python3.8/site-packages/airflow/example_dags/example_params_ui_tutorial.py for tasks to queue
[2024-10-06T21:24:00.496+0000] {logging_mixin.py:154} INFO - [2024-10-06T21:24:00.496+0000] {dagbag.py:536} INFO - Filling up the DagBag from /home/airflow/.local/lib/python3.8/site-packages/airflow/example_dags/example_params_ui_tutorial.py
[2024-10-06T21:24:00.514+0000] {processor.py:839} INFO - DAG(s) dict_keys(['example_params_ui_tutorial']) retrieved from /home/airflow/.local/lib/python3.8/site-packages/airflow/example_dags/example_params_ui_tutorial.py
[2024-10-06T21:24:00.540+0000] {logging_mixin.py:154} INFO - [2024-10-06T21:24:00.539+0000] {dag.py:2941} INFO - Sync 1 DAGs
[2024-10-06T21:24:00.547+0000] {logging_mixin.py:154} INFO - [2024-10-06T21:24:00.547+0000] {dag.py:3722} INFO - Setting next_dagrun for example_params_ui_tutorial to None, run_after=None
[2024-10-06T21:24:00.558+0000] {processor.py:179} INFO - Processing /home/airflow/.local/lib/python3.8/site-packages/airflow/example_dags/example_params_ui_tutorial.py took 0.066 seconds
[2024-10-06T22:02:22.118+0000] {processor.py:157} INFO - Started process (PID=27314) to work on /home/airflow/.local/lib/python3.8/site-packages/airflow/example_dags/example_params_ui_tutorial.py
[2024-10-06T22:02:22.118+0000] {processor.py:829} INFO - Processing file /home/airflow/.local/lib/python3.8/site-packages/airflow/example_dags/example_params_ui_tutorial.py for tasks to queue
[2024-10-06T22:02:22.119+0000] {logging_mixin.py:154} INFO - [2024-10-06T22:02:22.119+0000] {dagbag.py:536} INFO - Filling up the DagBag from /home/airflow/.local/lib/python3.8/site-packages/airflow/example_dags/example_params_ui_tutorial.py
[2024-10-06T22:02:22.134+0000] {processor.py:839} INFO - DAG(s) dict_keys(['example_params_ui_tutorial']) retrieved from /home/airflow/.local/lib/python3.8/site-packages/airflow/example_dags/example_params_ui_tutorial.py
[2024-10-06T22:02:22.154+0000] {logging_mixin.py:154} INFO - [2024-10-06T22:02:22.154+0000] {dag.py:2941} INFO - Sync 1 DAGs
[2024-10-06T22:02:22.159+0000] {logging_mixin.py:154} INFO - [2024-10-06T22:02:22.158+0000] {dag.py:3722} INFO - Setting next_dagrun for example_params_ui_tutorial to None, run_after=None
[2024-10-06T22:02:22.165+0000] {processor.py:179} INFO - Processing /home/airflow/.local/lib/python3.8/site-packages/airflow/example_dags/example_params_ui_tutorial.py took 0.049 seconds
[2024-10-06T22:28:55.119+0000] {processor.py:157} INFO - Started process (PID=27368) to work on /home/airflow/.local/lib/python3.8/site-packages/airflow/example_dags/example_params_ui_tutorial.py
[2024-10-06T22:28:55.120+0000] {processor.py:829} INFO - Processing file /home/airflow/.local/lib/python3.8/site-packages/airflow/example_dags/example_params_ui_tutorial.py for tasks to queue
[2024-10-06T22:28:55.121+0000] {logging_mixin.py:154} INFO - [2024-10-06T22:28:55.121+0000] {dagbag.py:536} INFO - Filling up the DagBag from /home/airflow/.local/lib/python3.8/site-packages/airflow/example_dags/example_params_ui_tutorial.py
[2024-10-06T22:28:55.137+0000] {processor.py:839} INFO - DAG(s) dict_keys(['example_params_ui_tutorial']) retrieved from /home/airflow/.local/lib/python3.8/site-packages/airflow/example_dags/example_params_ui_tutorial.py
[2024-10-06T22:28:55.158+0000] {logging_mixin.py:154} INFO - [2024-10-06T22:28:55.158+0000] {dag.py:2941} INFO - Sync 1 DAGs
[2024-10-06T22:28:55.164+0000] {logging_mixin.py:154} INFO - [2024-10-06T22:28:55.164+0000] {dag.py:3722} INFO - Setting next_dagrun for example_params_ui_tutorial to None, run_after=None
[2024-10-06T22:28:55.171+0000] {processor.py:179} INFO - Processing /home/airflow/.local/lib/python3.8/site-packages/airflow/example_dags/example_params_ui_tutorial.py took 0.053 seconds
[2024-10-06T22:59:44.751+0000] {processor.py:157} INFO - Started process (PID=27422) to work on /home/airflow/.local/lib/python3.8/site-packages/airflow/example_dags/example_params_ui_tutorial.py
[2024-10-06T22:59:44.752+0000] {processor.py:829} INFO - Processing file /home/airflow/.local/lib/python3.8/site-packages/airflow/example_dags/example_params_ui_tutorial.py for tasks to queue
[2024-10-06T22:59:44.754+0000] {logging_mixin.py:154} INFO - [2024-10-06T22:59:44.754+0000] {dagbag.py:536} INFO - Filling up the DagBag from /home/airflow/.local/lib/python3.8/site-packages/airflow/example_dags/example_params_ui_tutorial.py
[2024-10-06T22:59:44.773+0000] {processor.py:839} INFO - DAG(s) dict_keys(['example_params_ui_tutorial']) retrieved from /home/airflow/.local/lib/python3.8/site-packages/airflow/example_dags/example_params_ui_tutorial.py
[2024-10-06T22:59:44.800+0000] {logging_mixin.py:154} INFO - [2024-10-06T22:59:44.799+0000] {dag.py:2941} INFO - Sync 1 DAGs
[2024-10-06T22:59:44.807+0000] {logging_mixin.py:154} INFO - [2024-10-06T22:59:44.807+0000] {dag.py:3722} INFO - Setting next_dagrun for example_params_ui_tutorial to None, run_after=None
[2024-10-06T22:59:44.817+0000] {processor.py:179} INFO - Processing /home/airflow/.local/lib/python3.8/site-packages/airflow/example_dags/example_params_ui_tutorial.py took 0.068 seconds
[2024-10-06T23:00:15.664+0000] {processor.py:157} INFO - Started process (PID=27476) to work on /home/airflow/.local/lib/python3.8/site-packages/airflow/example_dags/example_params_ui_tutorial.py
[2024-10-06T23:00:15.664+0000] {processor.py:829} INFO - Processing file /home/airflow/.local/lib/python3.8/site-packages/airflow/example_dags/example_params_ui_tutorial.py for tasks to queue
[2024-10-06T23:00:15.666+0000] {logging_mixin.py:154} INFO - [2024-10-06T23:00:15.666+0000] {dagbag.py:536} INFO - Filling up the DagBag from /home/airflow/.local/lib/python3.8/site-packages/airflow/example_dags/example_params_ui_tutorial.py
[2024-10-06T23:00:15.687+0000] {processor.py:839} INFO - DAG(s) dict_keys(['example_params_ui_tutorial']) retrieved from /home/airflow/.local/lib/python3.8/site-packages/airflow/example_dags/example_params_ui_tutorial.py
[2024-10-06T23:00:15.712+0000] {logging_mixin.py:154} INFO - [2024-10-06T23:00:15.712+0000] {dag.py:2941} INFO - Sync 1 DAGs
[2024-10-06T23:00:15.719+0000] {logging_mixin.py:154} INFO - [2024-10-06T23:00:15.719+0000] {dag.py:3722} INFO - Setting next_dagrun for example_params_ui_tutorial to None, run_after=None
[2024-10-06T23:00:15.727+0000] {processor.py:179} INFO - Processing /home/airflow/.local/lib/python3.8/site-packages/airflow/example_dags/example_params_ui_tutorial.py took 0.065 seconds
[2024-10-06T23:00:46.257+0000] {processor.py:157} INFO - Started process (PID=27530) to work on /home/airflow/.local/lib/python3.8/site-packages/airflow/example_dags/example_params_ui_tutorial.py
[2024-10-06T23:00:46.258+0000] {processor.py:829} INFO - Processing file /home/airflow/.local/lib/python3.8/site-packages/airflow/example_dags/example_params_ui_tutorial.py for tasks to queue
[2024-10-06T23:00:46.259+0000] {logging_mixin.py:154} INFO - [2024-10-06T23:00:46.259+0000] {dagbag.py:536} INFO - Filling up the DagBag from /home/airflow/.local/lib/python3.8/site-packages/airflow/example_dags/example_params_ui_tutorial.py
[2024-10-06T23:00:46.275+0000] {processor.py:839} INFO - DAG(s) dict_keys(['example_params_ui_tutorial']) retrieved from /home/airflow/.local/lib/python3.8/site-packages/airflow/example_dags/example_params_ui_tutorial.py
[2024-10-06T23:00:46.297+0000] {logging_mixin.py:154} INFO - [2024-10-06T23:00:46.297+0000] {dag.py:2941} INFO - Sync 1 DAGs
[2024-10-06T23:00:46.303+0000] {logging_mixin.py:154} INFO - [2024-10-06T23:00:46.303+0000] {dag.py:3722} INFO - Setting next_dagrun for example_params_ui_tutorial to None, run_after=None
[2024-10-06T23:00:46.312+0000] {processor.py:179} INFO - Processing /home/airflow/.local/lib/python3.8/site-packages/airflow/example_dags/example_params_ui_tutorial.py took 0.057 seconds
[2024-10-06T23:01:16.905+0000] {processor.py:157} INFO - Started process (PID=27584) to work on /home/airflow/.local/lib/python3.8/site-packages/airflow/example_dags/example_params_ui_tutorial.py
[2024-10-06T23:01:16.905+0000] {processor.py:829} INFO - Processing file /home/airflow/.local/lib/python3.8/site-packages/airflow/example_dags/example_params_ui_tutorial.py for tasks to queue
[2024-10-06T23:01:16.907+0000] {logging_mixin.py:154} INFO - [2024-10-06T23:01:16.906+0000] {dagbag.py:536} INFO - Filling up the DagBag from /home/airflow/.local/lib/python3.8/site-packages/airflow/example_dags/example_params_ui_tutorial.py
[2024-10-06T23:01:16.922+0000] {processor.py:839} INFO - DAG(s) dict_keys(['example_params_ui_tutorial']) retrieved from /home/airflow/.local/lib/python3.8/site-packages/airflow/example_dags/example_params_ui_tutorial.py
[2024-10-06T23:01:16.942+0000] {logging_mixin.py:154} INFO - [2024-10-06T23:01:16.942+0000] {dag.py:2941} INFO - Sync 1 DAGs
[2024-10-06T23:01:16.947+0000] {logging_mixin.py:154} INFO - [2024-10-06T23:01:16.947+0000] {dag.py:3722} INFO - Setting next_dagrun for example_params_ui_tutorial to None, run_after=None
[2024-10-06T23:01:16.953+0000] {processor.py:179} INFO - Processing /home/airflow/.local/lib/python3.8/site-packages/airflow/example_dags/example_params_ui_tutorial.py took 0.050 seconds
[2024-10-06T23:01:47.343+0000] {processor.py:157} INFO - Started process (PID=27638) to work on /home/airflow/.local/lib/python3.8/site-packages/airflow/example_dags/example_params_ui_tutorial.py
[2024-10-06T23:01:47.343+0000] {processor.py:829} INFO - Processing file /home/airflow/.local/lib/python3.8/site-packages/airflow/example_dags/example_params_ui_tutorial.py for tasks to queue
[2024-10-06T23:01:47.344+0000] {logging_mixin.py:154} INFO - [2024-10-06T23:01:47.344+0000] {dagbag.py:536} INFO - Filling up the DagBag from /home/airflow/.local/lib/python3.8/site-packages/airflow/example_dags/example_params_ui_tutorial.py
[2024-10-06T23:01:47.359+0000] {processor.py:839} INFO - DAG(s) dict_keys(['example_params_ui_tutorial']) retrieved from /home/airflow/.local/lib/python3.8/site-packages/airflow/example_dags/example_params_ui_tutorial.py
[2024-10-06T23:01:47.379+0000] {logging_mixin.py:154} INFO - [2024-10-06T23:01:47.379+0000] {dag.py:2941} INFO - Sync 1 DAGs
[2024-10-06T23:01:47.385+0000] {logging_mixin.py:154} INFO - [2024-10-06T23:01:47.385+0000] {dag.py:3722} INFO - Setting next_dagrun for example_params_ui_tutorial to None, run_after=None
[2024-10-06T23:01:47.392+0000] {processor.py:179} INFO - Processing /home/airflow/.local/lib/python3.8/site-packages/airflow/example_dags/example_params_ui_tutorial.py took 0.051 seconds
[2024-10-06T23:02:17.753+0000] {processor.py:157} INFO - Started process (PID=27692) to work on /home/airflow/.local/lib/python3.8/site-packages/airflow/example_dags/example_params_ui_tutorial.py
[2024-10-06T23:02:17.753+0000] {processor.py:829} INFO - Processing file /home/airflow/.local/lib/python3.8/site-packages/airflow/example_dags/example_params_ui_tutorial.py for tasks to queue
[2024-10-06T23:02:17.754+0000] {logging_mixin.py:154} INFO - [2024-10-06T23:02:17.754+0000] {dagbag.py:536} INFO - Filling up the DagBag from /home/airflow/.local/lib/python3.8/site-packages/airflow/example_dags/example_params_ui_tutorial.py
[2024-10-06T23:02:17.770+0000] {processor.py:839} INFO - DAG(s) dict_keys(['example_params_ui_tutorial']) retrieved from /home/airflow/.local/lib/python3.8/site-packages/airflow/example_dags/example_params_ui_tutorial.py
[2024-10-06T23:02:17.790+0000] {logging_mixin.py:154} INFO - [2024-10-06T23:02:17.790+0000] {dag.py:2941} INFO - Sync 1 DAGs
[2024-10-06T23:02:17.795+0000] {logging_mixin.py:154} INFO - [2024-10-06T23:02:17.795+0000] {dag.py:3722} INFO - Setting next_dagrun for example_params_ui_tutorial to None, run_after=None
[2024-10-06T23:02:17.802+0000] {processor.py:179} INFO - Processing /home/airflow/.local/lib/python3.8/site-packages/airflow/example_dags/example_params_ui_tutorial.py took 0.051 seconds
[2024-10-06T23:02:48.173+0000] {processor.py:157} INFO - Started process (PID=27746) to work on /home/airflow/.local/lib/python3.8/site-packages/airflow/example_dags/example_params_ui_tutorial.py
[2024-10-06T23:02:48.174+0000] {processor.py:829} INFO - Processing file /home/airflow/.local/lib/python3.8/site-packages/airflow/example_dags/example_params_ui_tutorial.py for tasks to queue
[2024-10-06T23:02:48.175+0000] {logging_mixin.py:154} INFO - [2024-10-06T23:02:48.175+0000] {dagbag.py:536} INFO - Filling up the DagBag from /home/airflow/.local/lib/python3.8/site-packages/airflow/example_dags/example_params_ui_tutorial.py
[2024-10-06T23:02:48.190+0000] {processor.py:839} INFO - DAG(s) dict_keys(['example_params_ui_tutorial']) retrieved from /home/airflow/.local/lib/python3.8/site-packages/airflow/example_dags/example_params_ui_tutorial.py
[2024-10-06T23:02:48.211+0000] {logging_mixin.py:154} INFO - [2024-10-06T23:02:48.211+0000] {dag.py:2941} INFO - Sync 1 DAGs
[2024-10-06T23:02:48.216+0000] {logging_mixin.py:154} INFO - [2024-10-06T23:02:48.216+0000] {dag.py:3722} INFO - Setting next_dagrun for example_params_ui_tutorial to None, run_after=None
[2024-10-06T23:02:48.223+0000] {processor.py:179} INFO - Processing /home/airflow/.local/lib/python3.8/site-packages/airflow/example_dags/example_params_ui_tutorial.py took 0.051 seconds
[2024-10-06T23:03:18.573+0000] {processor.py:157} INFO - Started process (PID=27800) to work on /home/airflow/.local/lib/python3.8/site-packages/airflow/example_dags/example_params_ui_tutorial.py
[2024-10-06T23:03:18.573+0000] {processor.py:829} INFO - Processing file /home/airflow/.local/lib/python3.8/site-packages/airflow/example_dags/example_params_ui_tutorial.py for tasks to queue
[2024-10-06T23:03:18.574+0000] {logging_mixin.py:154} INFO - [2024-10-06T23:03:18.574+0000] {dagbag.py:536} INFO - Filling up the DagBag from /home/airflow/.local/lib/python3.8/site-packages/airflow/example_dags/example_params_ui_tutorial.py
[2024-10-06T23:03:18.589+0000] {processor.py:839} INFO - DAG(s) dict_keys(['example_params_ui_tutorial']) retrieved from /home/airflow/.local/lib/python3.8/site-packages/airflow/example_dags/example_params_ui_tutorial.py
[2024-10-06T23:03:18.610+0000] {logging_mixin.py:154} INFO - [2024-10-06T23:03:18.609+0000] {dag.py:2941} INFO - Sync 1 DAGs
[2024-10-06T23:03:18.615+0000] {logging_mixin.py:154} INFO - [2024-10-06T23:03:18.615+0000] {dag.py:3722} INFO - Setting next_dagrun for example_params_ui_tutorial to None, run_after=None
[2024-10-06T23:03:18.621+0000] {processor.py:179} INFO - Processing /home/airflow/.local/lib/python3.8/site-packages/airflow/example_dags/example_params_ui_tutorial.py took 0.050 seconds
[2024-10-06T23:03:49.063+0000] {processor.py:157} INFO - Started process (PID=27854) to work on /home/airflow/.local/lib/python3.8/site-packages/airflow/example_dags/example_params_ui_tutorial.py
[2024-10-06T23:03:49.063+0000] {processor.py:829} INFO - Processing file /home/airflow/.local/lib/python3.8/site-packages/airflow/example_dags/example_params_ui_tutorial.py for tasks to queue
[2024-10-06T23:03:49.064+0000] {logging_mixin.py:154} INFO - [2024-10-06T23:03:49.064+0000] {dagbag.py:536} INFO - Filling up the DagBag from /home/airflow/.local/lib/python3.8/site-packages/airflow/example_dags/example_params_ui_tutorial.py
[2024-10-06T23:03:49.079+0000] {processor.py:839} INFO - DAG(s) dict_keys(['example_params_ui_tutorial']) retrieved from /home/airflow/.local/lib/python3.8/site-packages/airflow/example_dags/example_params_ui_tutorial.py
[2024-10-06T23:03:49.100+0000] {logging_mixin.py:154} INFO - [2024-10-06T23:03:49.100+0000] {dag.py:2941} INFO - Sync 1 DAGs
[2024-10-06T23:03:49.105+0000] {logging_mixin.py:154} INFO - [2024-10-06T23:03:49.105+0000] {dag.py:3722} INFO - Setting next_dagrun for example_params_ui_tutorial to None, run_after=None
[2024-10-06T23:03:49.112+0000] {processor.py:179} INFO - Processing /home/airflow/.local/lib/python3.8/site-packages/airflow/example_dags/example_params_ui_tutorial.py took 0.050 seconds
[2024-10-06T23:04:19.484+0000] {processor.py:157} INFO - Started process (PID=27908) to work on /home/airflow/.local/lib/python3.8/site-packages/airflow/example_dags/example_params_ui_tutorial.py
[2024-10-06T23:04:19.484+0000] {processor.py:829} INFO - Processing file /home/airflow/.local/lib/python3.8/site-packages/airflow/example_dags/example_params_ui_tutorial.py for tasks to queue
[2024-10-06T23:04:19.485+0000] {logging_mixin.py:154} INFO - [2024-10-06T23:04:19.485+0000] {dagbag.py:536} INFO - Filling up the DagBag from /home/airflow/.local/lib/python3.8/site-packages/airflow/example_dags/example_params_ui_tutorial.py
[2024-10-06T23:04:19.500+0000] {processor.py:839} INFO - DAG(s) dict_keys(['example_params_ui_tutorial']) retrieved from /home/airflow/.local/lib/python3.8/site-packages/airflow/example_dags/example_params_ui_tutorial.py
[2024-10-06T23:04:19.520+0000] {logging_mixin.py:154} INFO - [2024-10-06T23:04:19.520+0000] {dag.py:2941} INFO - Sync 1 DAGs
[2024-10-06T23:04:19.525+0000] {logging_mixin.py:154} INFO - [2024-10-06T23:04:19.525+0000] {dag.py:3722} INFO - Setting next_dagrun for example_params_ui_tutorial to None, run_after=None
[2024-10-06T23:04:19.532+0000] {processor.py:179} INFO - Processing /home/airflow/.local/lib/python3.8/site-packages/airflow/example_dags/example_params_ui_tutorial.py took 0.050 seconds
[2024-10-06T23:04:49.937+0000] {processor.py:157} INFO - Started process (PID=27962) to work on /home/airflow/.local/lib/python3.8/site-packages/airflow/example_dags/example_params_ui_tutorial.py
[2024-10-06T23:04:49.938+0000] {processor.py:829} INFO - Processing file /home/airflow/.local/lib/python3.8/site-packages/airflow/example_dags/example_params_ui_tutorial.py for tasks to queue
[2024-10-06T23:04:49.939+0000] {logging_mixin.py:154} INFO - [2024-10-06T23:04:49.939+0000] {dagbag.py:536} INFO - Filling up the DagBag from /home/airflow/.local/lib/python3.8/site-packages/airflow/example_dags/example_params_ui_tutorial.py
[2024-10-06T23:04:49.954+0000] {processor.py:839} INFO - DAG(s) dict_keys(['example_params_ui_tutorial']) retrieved from /home/airflow/.local/lib/python3.8/site-packages/airflow/example_dags/example_params_ui_tutorial.py
[2024-10-06T23:04:49.974+0000] {logging_mixin.py:154} INFO - [2024-10-06T23:04:49.974+0000] {dag.py:2941} INFO - Sync 1 DAGs
[2024-10-06T23:04:49.978+0000] {logging_mixin.py:154} INFO - [2024-10-06T23:04:49.978+0000] {dag.py:3722} INFO - Setting next_dagrun for example_params_ui_tutorial to None, run_after=None
[2024-10-06T23:04:49.985+0000] {processor.py:179} INFO - Processing /home/airflow/.local/lib/python3.8/site-packages/airflow/example_dags/example_params_ui_tutorial.py took 0.050 seconds
[2024-10-06T23:05:20.356+0000] {processor.py:157} INFO - Started process (PID=28016) to work on /home/airflow/.local/lib/python3.8/site-packages/airflow/example_dags/example_params_ui_tutorial.py
[2024-10-06T23:05:20.356+0000] {processor.py:829} INFO - Processing file /home/airflow/.local/lib/python3.8/site-packages/airflow/example_dags/example_params_ui_tutorial.py for tasks to queue
[2024-10-06T23:05:20.357+0000] {logging_mixin.py:154} INFO - [2024-10-06T23:05:20.357+0000] {dagbag.py:536} INFO - Filling up the DagBag from /home/airflow/.local/lib/python3.8/site-packages/airflow/example_dags/example_params_ui_tutorial.py
[2024-10-06T23:05:20.373+0000] {processor.py:839} INFO - DAG(s) dict_keys(['example_params_ui_tutorial']) retrieved from /home/airflow/.local/lib/python3.8/site-packages/airflow/example_dags/example_params_ui_tutorial.py
[2024-10-06T23:05:20.393+0000] {logging_mixin.py:154} INFO - [2024-10-06T23:05:20.392+0000] {dag.py:2941} INFO - Sync 1 DAGs
[2024-10-06T23:05:20.397+0000] {logging_mixin.py:154} INFO - [2024-10-06T23:05:20.397+0000] {dag.py:3722} INFO - Setting next_dagrun for example_params_ui_tutorial to None, run_after=None
[2024-10-06T23:05:20.404+0000] {processor.py:179} INFO - Processing /home/airflow/.local/lib/python3.8/site-packages/airflow/example_dags/example_params_ui_tutorial.py took 0.050 seconds
[2024-10-06T23:05:50.750+0000] {processor.py:157} INFO - Started process (PID=28070) to work on /home/airflow/.local/lib/python3.8/site-packages/airflow/example_dags/example_params_ui_tutorial.py
[2024-10-06T23:05:50.751+0000] {processor.py:829} INFO - Processing file /home/airflow/.local/lib/python3.8/site-packages/airflow/example_dags/example_params_ui_tutorial.py for tasks to queue
[2024-10-06T23:05:50.752+0000] {logging_mixin.py:154} INFO - [2024-10-06T23:05:50.752+0000] {dagbag.py:536} INFO - Filling up the DagBag from /home/airflow/.local/lib/python3.8/site-packages/airflow/example_dags/example_params_ui_tutorial.py
[2024-10-06T23:05:50.767+0000] {processor.py:839} INFO - DAG(s) dict_keys(['example_params_ui_tutorial']) retrieved from /home/airflow/.local/lib/python3.8/site-packages/airflow/example_dags/example_params_ui_tutorial.py
[2024-10-06T23:05:50.787+0000] {logging_mixin.py:154} INFO - [2024-10-06T23:05:50.787+0000] {dag.py:2941} INFO - Sync 1 DAGs
[2024-10-06T23:05:50.793+0000] {logging_mixin.py:154} INFO - [2024-10-06T23:05:50.793+0000] {dag.py:3722} INFO - Setting next_dagrun for example_params_ui_tutorial to None, run_after=None
[2024-10-06T23:05:50.799+0000] {processor.py:179} INFO - Processing /home/airflow/.local/lib/python3.8/site-packages/airflow/example_dags/example_params_ui_tutorial.py took 0.050 seconds
[2024-10-06T23:06:21.191+0000] {processor.py:157} INFO - Started process (PID=28124) to work on /home/airflow/.local/lib/python3.8/site-packages/airflow/example_dags/example_params_ui_tutorial.py
[2024-10-06T23:06:21.192+0000] {processor.py:829} INFO - Processing file /home/airflow/.local/lib/python3.8/site-packages/airflow/example_dags/example_params_ui_tutorial.py for tasks to queue
[2024-10-06T23:06:21.193+0000] {logging_mixin.py:154} INFO - [2024-10-06T23:06:21.193+0000] {dagbag.py:536} INFO - Filling up the DagBag from /home/airflow/.local/lib/python3.8/site-packages/airflow/example_dags/example_params_ui_tutorial.py
[2024-10-06T23:06:21.208+0000] {processor.py:839} INFO - DAG(s) dict_keys(['example_params_ui_tutorial']) retrieved from /home/airflow/.local/lib/python3.8/site-packages/airflow/example_dags/example_params_ui_tutorial.py
[2024-10-06T23:06:21.228+0000] {logging_mixin.py:154} INFO - [2024-10-06T23:06:21.228+0000] {dag.py:2941} INFO - Sync 1 DAGs
[2024-10-06T23:06:21.234+0000] {logging_mixin.py:154} INFO - [2024-10-06T23:06:21.234+0000] {dag.py:3722} INFO - Setting next_dagrun for example_params_ui_tutorial to None, run_after=None
[2024-10-06T23:06:21.240+0000] {processor.py:179} INFO - Processing /home/airflow/.local/lib/python3.8/site-packages/airflow/example_dags/example_params_ui_tutorial.py took 0.051 seconds
[2024-10-06T23:06:51.628+0000] {processor.py:157} INFO - Started process (PID=28178) to work on /home/airflow/.local/lib/python3.8/site-packages/airflow/example_dags/example_params_ui_tutorial.py
[2024-10-06T23:06:51.629+0000] {processor.py:829} INFO - Processing file /home/airflow/.local/lib/python3.8/site-packages/airflow/example_dags/example_params_ui_tutorial.py for tasks to queue
[2024-10-06T23:06:51.630+0000] {logging_mixin.py:154} INFO - [2024-10-06T23:06:51.630+0000] {dagbag.py:536} INFO - Filling up the DagBag from /home/airflow/.local/lib/python3.8/site-packages/airflow/example_dags/example_params_ui_tutorial.py
[2024-10-06T23:06:51.644+0000] {processor.py:839} INFO - DAG(s) dict_keys(['example_params_ui_tutorial']) retrieved from /home/airflow/.local/lib/python3.8/site-packages/airflow/example_dags/example_params_ui_tutorial.py
[2024-10-06T23:06:51.664+0000] {logging_mixin.py:154} INFO - [2024-10-06T23:06:51.664+0000] {dag.py:2941} INFO - Sync 1 DAGs
[2024-10-06T23:06:51.670+0000] {logging_mixin.py:154} INFO - [2024-10-06T23:06:51.669+0000] {dag.py:3722} INFO - Setting next_dagrun for example_params_ui_tutorial to None, run_after=None
[2024-10-06T23:06:51.676+0000] {processor.py:179} INFO - Processing /home/airflow/.local/lib/python3.8/site-packages/airflow/example_dags/example_params_ui_tutorial.py took 0.049 seconds
[2024-10-06T23:07:22.052+0000] {processor.py:157} INFO - Started process (PID=28232) to work on /home/airflow/.local/lib/python3.8/site-packages/airflow/example_dags/example_params_ui_tutorial.py
[2024-10-06T23:07:22.052+0000] {processor.py:829} INFO - Processing file /home/airflow/.local/lib/python3.8/site-packages/airflow/example_dags/example_params_ui_tutorial.py for tasks to queue
[2024-10-06T23:07:22.054+0000] {logging_mixin.py:154} INFO - [2024-10-06T23:07:22.053+0000] {dagbag.py:536} INFO - Filling up the DagBag from /home/airflow/.local/lib/python3.8/site-packages/airflow/example_dags/example_params_ui_tutorial.py
[2024-10-06T23:07:22.069+0000] {processor.py:839} INFO - DAG(s) dict_keys(['example_params_ui_tutorial']) retrieved from /home/airflow/.local/lib/python3.8/site-packages/airflow/example_dags/example_params_ui_tutorial.py
[2024-10-06T23:07:22.089+0000] {logging_mixin.py:154} INFO - [2024-10-06T23:07:22.089+0000] {dag.py:2941} INFO - Sync 1 DAGs
[2024-10-06T23:07:22.094+0000] {logging_mixin.py:154} INFO - [2024-10-06T23:07:22.094+0000] {dag.py:3722} INFO - Setting next_dagrun for example_params_ui_tutorial to None, run_after=None
[2024-10-06T23:07:22.100+0000] {processor.py:179} INFO - Processing /home/airflow/.local/lib/python3.8/site-packages/airflow/example_dags/example_params_ui_tutorial.py took 0.050 seconds
[2024-10-06T23:07:52.517+0000] {processor.py:157} INFO - Started process (PID=28286) to work on /home/airflow/.local/lib/python3.8/site-packages/airflow/example_dags/example_params_ui_tutorial.py
[2024-10-06T23:07:52.517+0000] {processor.py:829} INFO - Processing file /home/airflow/.local/lib/python3.8/site-packages/airflow/example_dags/example_params_ui_tutorial.py for tasks to queue
[2024-10-06T23:07:52.518+0000] {logging_mixin.py:154} INFO - [2024-10-06T23:07:52.518+0000] {dagbag.py:536} INFO - Filling up the DagBag from /home/airflow/.local/lib/python3.8/site-packages/airflow/example_dags/example_params_ui_tutorial.py
[2024-10-06T23:07:52.534+0000] {processor.py:839} INFO - DAG(s) dict_keys(['example_params_ui_tutorial']) retrieved from /home/airflow/.local/lib/python3.8/site-packages/airflow/example_dags/example_params_ui_tutorial.py
[2024-10-06T23:07:52.554+0000] {logging_mixin.py:154} INFO - [2024-10-06T23:07:52.554+0000] {dag.py:2941} INFO - Sync 1 DAGs
[2024-10-06T23:07:52.560+0000] {logging_mixin.py:154} INFO - [2024-10-06T23:07:52.560+0000] {dag.py:3722} INFO - Setting next_dagrun for example_params_ui_tutorial to None, run_after=None
[2024-10-06T23:07:52.566+0000] {processor.py:179} INFO - Processing /home/airflow/.local/lib/python3.8/site-packages/airflow/example_dags/example_params_ui_tutorial.py took 0.051 seconds
[2024-10-06T23:08:22.874+0000] {processor.py:157} INFO - Started process (PID=28340) to work on /home/airflow/.local/lib/python3.8/site-packages/airflow/example_dags/example_params_ui_tutorial.py
[2024-10-06T23:08:22.875+0000] {processor.py:829} INFO - Processing file /home/airflow/.local/lib/python3.8/site-packages/airflow/example_dags/example_params_ui_tutorial.py for tasks to queue
[2024-10-06T23:08:22.876+0000] {logging_mixin.py:154} INFO - [2024-10-06T23:08:22.876+0000] {dagbag.py:536} INFO - Filling up the DagBag from /home/airflow/.local/lib/python3.8/site-packages/airflow/example_dags/example_params_ui_tutorial.py
[2024-10-06T23:08:22.891+0000] {processor.py:839} INFO - DAG(s) dict_keys(['example_params_ui_tutorial']) retrieved from /home/airflow/.local/lib/python3.8/site-packages/airflow/example_dags/example_params_ui_tutorial.py
[2024-10-06T23:08:22.912+0000] {logging_mixin.py:154} INFO - [2024-10-06T23:08:22.911+0000] {dag.py:2941} INFO - Sync 1 DAGs
[2024-10-06T23:08:22.917+0000] {logging_mixin.py:154} INFO - [2024-10-06T23:08:22.917+0000] {dag.py:3722} INFO - Setting next_dagrun for example_params_ui_tutorial to None, run_after=None
[2024-10-06T23:08:22.924+0000] {processor.py:179} INFO - Processing /home/airflow/.local/lib/python3.8/site-packages/airflow/example_dags/example_params_ui_tutorial.py took 0.051 seconds
[2024-10-06T23:08:53.315+0000] {processor.py:157} INFO - Started process (PID=28401) to work on /home/airflow/.local/lib/python3.8/site-packages/airflow/example_dags/example_params_ui_tutorial.py
[2024-10-06T23:08:53.315+0000] {processor.py:829} INFO - Processing file /home/airflow/.local/lib/python3.8/site-packages/airflow/example_dags/example_params_ui_tutorial.py for tasks to queue
[2024-10-06T23:08:53.317+0000] {logging_mixin.py:154} INFO - [2024-10-06T23:08:53.316+0000] {dagbag.py:536} INFO - Filling up the DagBag from /home/airflow/.local/lib/python3.8/site-packages/airflow/example_dags/example_params_ui_tutorial.py
[2024-10-06T23:08:53.332+0000] {processor.py:839} INFO - DAG(s) dict_keys(['example_params_ui_tutorial']) retrieved from /home/airflow/.local/lib/python3.8/site-packages/airflow/example_dags/example_params_ui_tutorial.py
[2024-10-06T23:08:53.353+0000] {logging_mixin.py:154} INFO - [2024-10-06T23:08:53.353+0000] {dag.py:2941} INFO - Sync 1 DAGs
[2024-10-06T23:08:53.359+0000] {logging_mixin.py:154} INFO - [2024-10-06T23:08:53.359+0000] {dag.py:3722} INFO - Setting next_dagrun for example_params_ui_tutorial to None, run_after=None
[2024-10-06T23:08:53.366+0000] {processor.py:179} INFO - Processing /home/airflow/.local/lib/python3.8/site-packages/airflow/example_dags/example_params_ui_tutorial.py took 0.052 seconds
[2024-10-06T23:09:23.704+0000] {processor.py:157} INFO - Started process (PID=28455) to work on /home/airflow/.local/lib/python3.8/site-packages/airflow/example_dags/example_params_ui_tutorial.py
[2024-10-06T23:09:23.704+0000] {processor.py:829} INFO - Processing file /home/airflow/.local/lib/python3.8/site-packages/airflow/example_dags/example_params_ui_tutorial.py for tasks to queue
[2024-10-06T23:09:23.705+0000] {logging_mixin.py:154} INFO - [2024-10-06T23:09:23.705+0000] {dagbag.py:536} INFO - Filling up the DagBag from /home/airflow/.local/lib/python3.8/site-packages/airflow/example_dags/example_params_ui_tutorial.py
[2024-10-06T23:09:23.721+0000] {processor.py:839} INFO - DAG(s) dict_keys(['example_params_ui_tutorial']) retrieved from /home/airflow/.local/lib/python3.8/site-packages/airflow/example_dags/example_params_ui_tutorial.py
[2024-10-06T23:09:23.741+0000] {logging_mixin.py:154} INFO - [2024-10-06T23:09:23.741+0000] {dag.py:2941} INFO - Sync 1 DAGs
[2024-10-06T23:09:23.746+0000] {logging_mixin.py:154} INFO - [2024-10-06T23:09:23.746+0000] {dag.py:3722} INFO - Setting next_dagrun for example_params_ui_tutorial to None, run_after=None
[2024-10-06T23:09:23.752+0000] {processor.py:179} INFO - Processing /home/airflow/.local/lib/python3.8/site-packages/airflow/example_dags/example_params_ui_tutorial.py took 0.050 seconds
[2024-10-06T23:09:54.215+0000] {processor.py:157} INFO - Started process (PID=28509) to work on /home/airflow/.local/lib/python3.8/site-packages/airflow/example_dags/example_params_ui_tutorial.py
[2024-10-06T23:09:54.215+0000] {processor.py:829} INFO - Processing file /home/airflow/.local/lib/python3.8/site-packages/airflow/example_dags/example_params_ui_tutorial.py for tasks to queue
[2024-10-06T23:09:54.217+0000] {logging_mixin.py:154} INFO - [2024-10-06T23:09:54.216+0000] {dagbag.py:536} INFO - Filling up the DagBag from /home/airflow/.local/lib/python3.8/site-packages/airflow/example_dags/example_params_ui_tutorial.py
[2024-10-06T23:09:54.232+0000] {processor.py:839} INFO - DAG(s) dict_keys(['example_params_ui_tutorial']) retrieved from /home/airflow/.local/lib/python3.8/site-packages/airflow/example_dags/example_params_ui_tutorial.py
[2024-10-06T23:09:54.253+0000] {logging_mixin.py:154} INFO - [2024-10-06T23:09:54.253+0000] {dag.py:2941} INFO - Sync 1 DAGs
[2024-10-06T23:09:54.258+0000] {logging_mixin.py:154} INFO - [2024-10-06T23:09:54.258+0000] {dag.py:3722} INFO - Setting next_dagrun for example_params_ui_tutorial to None, run_after=None
[2024-10-06T23:09:54.264+0000] {processor.py:179} INFO - Processing /home/airflow/.local/lib/python3.8/site-packages/airflow/example_dags/example_params_ui_tutorial.py took 0.051 seconds
[2024-10-06T23:10:24.644+0000] {processor.py:157} INFO - Started process (PID=28563) to work on /home/airflow/.local/lib/python3.8/site-packages/airflow/example_dags/example_params_ui_tutorial.py
[2024-10-06T23:10:24.644+0000] {processor.py:829} INFO - Processing file /home/airflow/.local/lib/python3.8/site-packages/airflow/example_dags/example_params_ui_tutorial.py for tasks to queue
[2024-10-06T23:10:24.645+0000] {logging_mixin.py:154} INFO - [2024-10-06T23:10:24.645+0000] {dagbag.py:536} INFO - Filling up the DagBag from /home/airflow/.local/lib/python3.8/site-packages/airflow/example_dags/example_params_ui_tutorial.py
[2024-10-06T23:10:24.661+0000] {processor.py:839} INFO - DAG(s) dict_keys(['example_params_ui_tutorial']) retrieved from /home/airflow/.local/lib/python3.8/site-packages/airflow/example_dags/example_params_ui_tutorial.py
[2024-10-06T23:10:24.681+0000] {logging_mixin.py:154} INFO - [2024-10-06T23:10:24.681+0000] {dag.py:2941} INFO - Sync 1 DAGs
[2024-10-06T23:10:24.686+0000] {logging_mixin.py:154} INFO - [2024-10-06T23:10:24.686+0000] {dag.py:3722} INFO - Setting next_dagrun for example_params_ui_tutorial to None, run_after=None
[2024-10-06T23:10:24.693+0000] {processor.py:179} INFO - Processing /home/airflow/.local/lib/python3.8/site-packages/airflow/example_dags/example_params_ui_tutorial.py took 0.051 seconds
[2024-10-06T23:10:55.050+0000] {processor.py:157} INFO - Started process (PID=28617) to work on /home/airflow/.local/lib/python3.8/site-packages/airflow/example_dags/example_params_ui_tutorial.py
[2024-10-06T23:10:55.050+0000] {processor.py:829} INFO - Processing file /home/airflow/.local/lib/python3.8/site-packages/airflow/example_dags/example_params_ui_tutorial.py for tasks to queue
[2024-10-06T23:10:55.051+0000] {logging_mixin.py:154} INFO - [2024-10-06T23:10:55.051+0000] {dagbag.py:536} INFO - Filling up the DagBag from /home/airflow/.local/lib/python3.8/site-packages/airflow/example_dags/example_params_ui_tutorial.py
[2024-10-06T23:10:55.067+0000] {processor.py:839} INFO - DAG(s) dict_keys(['example_params_ui_tutorial']) retrieved from /home/airflow/.local/lib/python3.8/site-packages/airflow/example_dags/example_params_ui_tutorial.py
[2024-10-06T23:10:55.087+0000] {logging_mixin.py:154} INFO - [2024-10-06T23:10:55.087+0000] {dag.py:2941} INFO - Sync 1 DAGs
[2024-10-06T23:10:55.092+0000] {logging_mixin.py:154} INFO - [2024-10-06T23:10:55.092+0000] {dag.py:3722} INFO - Setting next_dagrun for example_params_ui_tutorial to None, run_after=None
[2024-10-06T23:10:55.098+0000] {processor.py:179} INFO - Processing /home/airflow/.local/lib/python3.8/site-packages/airflow/example_dags/example_params_ui_tutorial.py took 0.050 seconds
[2024-10-06T23:11:25.468+0000] {processor.py:157} INFO - Started process (PID=28671) to work on /home/airflow/.local/lib/python3.8/site-packages/airflow/example_dags/example_params_ui_tutorial.py
[2024-10-06T23:11:25.468+0000] {processor.py:829} INFO - Processing file /home/airflow/.local/lib/python3.8/site-packages/airflow/example_dags/example_params_ui_tutorial.py for tasks to queue
[2024-10-06T23:11:25.469+0000] {logging_mixin.py:154} INFO - [2024-10-06T23:11:25.469+0000] {dagbag.py:536} INFO - Filling up the DagBag from /home/airflow/.local/lib/python3.8/site-packages/airflow/example_dags/example_params_ui_tutorial.py
[2024-10-06T23:11:25.485+0000] {processor.py:839} INFO - DAG(s) dict_keys(['example_params_ui_tutorial']) retrieved from /home/airflow/.local/lib/python3.8/site-packages/airflow/example_dags/example_params_ui_tutorial.py
[2024-10-06T23:11:25.507+0000] {logging_mixin.py:154} INFO - [2024-10-06T23:11:25.507+0000] {dag.py:2941} INFO - Sync 1 DAGs
[2024-10-06T23:11:25.513+0000] {logging_mixin.py:154} INFO - [2024-10-06T23:11:25.513+0000] {dag.py:3722} INFO - Setting next_dagrun for example_params_ui_tutorial to None, run_after=None
[2024-10-06T23:11:25.520+0000] {processor.py:179} INFO - Processing /home/airflow/.local/lib/python3.8/site-packages/airflow/example_dags/example_params_ui_tutorial.py took 0.054 seconds
[2024-10-06T23:11:55.932+0000] {processor.py:157} INFO - Started process (PID=28725) to work on /home/airflow/.local/lib/python3.8/site-packages/airflow/example_dags/example_params_ui_tutorial.py
[2024-10-06T23:11:55.932+0000] {processor.py:829} INFO - Processing file /home/airflow/.local/lib/python3.8/site-packages/airflow/example_dags/example_params_ui_tutorial.py for tasks to queue
[2024-10-06T23:11:55.934+0000] {logging_mixin.py:154} INFO - [2024-10-06T23:11:55.934+0000] {dagbag.py:536} INFO - Filling up the DagBag from /home/airflow/.local/lib/python3.8/site-packages/airflow/example_dags/example_params_ui_tutorial.py
[2024-10-06T23:11:55.951+0000] {processor.py:839} INFO - DAG(s) dict_keys(['example_params_ui_tutorial']) retrieved from /home/airflow/.local/lib/python3.8/site-packages/airflow/example_dags/example_params_ui_tutorial.py
[2024-10-06T23:11:55.972+0000] {logging_mixin.py:154} INFO - [2024-10-06T23:11:55.972+0000] {dag.py:2941} INFO - Sync 1 DAGs
[2024-10-06T23:11:55.978+0000] {logging_mixin.py:154} INFO - [2024-10-06T23:11:55.978+0000] {dag.py:3722} INFO - Setting next_dagrun for example_params_ui_tutorial to None, run_after=None
[2024-10-06T23:11:55.985+0000] {processor.py:179} INFO - Processing /home/airflow/.local/lib/python3.8/site-packages/airflow/example_dags/example_params_ui_tutorial.py took 0.055 seconds
[2024-10-06T23:12:26.408+0000] {processor.py:157} INFO - Started process (PID=28779) to work on /home/airflow/.local/lib/python3.8/site-packages/airflow/example_dags/example_params_ui_tutorial.py
[2024-10-06T23:12:26.408+0000] {processor.py:829} INFO - Processing file /home/airflow/.local/lib/python3.8/site-packages/airflow/example_dags/example_params_ui_tutorial.py for tasks to queue
[2024-10-06T23:12:26.409+0000] {logging_mixin.py:154} INFO - [2024-10-06T23:12:26.409+0000] {dagbag.py:536} INFO - Filling up the DagBag from /home/airflow/.local/lib/python3.8/site-packages/airflow/example_dags/example_params_ui_tutorial.py
[2024-10-06T23:12:26.424+0000] {processor.py:839} INFO - DAG(s) dict_keys(['example_params_ui_tutorial']) retrieved from /home/airflow/.local/lib/python3.8/site-packages/airflow/example_dags/example_params_ui_tutorial.py
[2024-10-06T23:12:26.445+0000] {logging_mixin.py:154} INFO - [2024-10-06T23:12:26.445+0000] {dag.py:2941} INFO - Sync 1 DAGs
[2024-10-06T23:12:26.450+0000] {logging_mixin.py:154} INFO - [2024-10-06T23:12:26.450+0000] {dag.py:3722} INFO - Setting next_dagrun for example_params_ui_tutorial to None, run_after=None
[2024-10-06T23:12:26.457+0000] {processor.py:179} INFO - Processing /home/airflow/.local/lib/python3.8/site-packages/airflow/example_dags/example_params_ui_tutorial.py took 0.050 seconds
[2024-10-06T23:12:56.918+0000] {processor.py:157} INFO - Started process (PID=28833) to work on /home/airflow/.local/lib/python3.8/site-packages/airflow/example_dags/example_params_ui_tutorial.py
[2024-10-06T23:12:56.919+0000] {processor.py:829} INFO - Processing file /home/airflow/.local/lib/python3.8/site-packages/airflow/example_dags/example_params_ui_tutorial.py for tasks to queue
[2024-10-06T23:12:56.920+0000] {logging_mixin.py:154} INFO - [2024-10-06T23:12:56.920+0000] {dagbag.py:536} INFO - Filling up the DagBag from /home/airflow/.local/lib/python3.8/site-packages/airflow/example_dags/example_params_ui_tutorial.py
[2024-10-06T23:12:56.935+0000] {processor.py:839} INFO - DAG(s) dict_keys(['example_params_ui_tutorial']) retrieved from /home/airflow/.local/lib/python3.8/site-packages/airflow/example_dags/example_params_ui_tutorial.py
[2024-10-06T23:12:56.955+0000] {logging_mixin.py:154} INFO - [2024-10-06T23:12:56.955+0000] {dag.py:2941} INFO - Sync 1 DAGs
[2024-10-06T23:12:56.960+0000] {logging_mixin.py:154} INFO - [2024-10-06T23:12:56.960+0000] {dag.py:3722} INFO - Setting next_dagrun for example_params_ui_tutorial to None, run_after=None
[2024-10-06T23:12:56.967+0000] {processor.py:179} INFO - Processing /home/airflow/.local/lib/python3.8/site-packages/airflow/example_dags/example_params_ui_tutorial.py took 0.051 seconds
[2024-10-06T23:13:27.328+0000] {processor.py:157} INFO - Started process (PID=28887) to work on /home/airflow/.local/lib/python3.8/site-packages/airflow/example_dags/example_params_ui_tutorial.py
[2024-10-06T23:13:27.328+0000] {processor.py:829} INFO - Processing file /home/airflow/.local/lib/python3.8/site-packages/airflow/example_dags/example_params_ui_tutorial.py for tasks to queue
[2024-10-06T23:13:27.329+0000] {logging_mixin.py:154} INFO - [2024-10-06T23:13:27.329+0000] {dagbag.py:536} INFO - Filling up the DagBag from /home/airflow/.local/lib/python3.8/site-packages/airflow/example_dags/example_params_ui_tutorial.py
[2024-10-06T23:13:27.344+0000] {processor.py:839} INFO - DAG(s) dict_keys(['example_params_ui_tutorial']) retrieved from /home/airflow/.local/lib/python3.8/site-packages/airflow/example_dags/example_params_ui_tutorial.py
[2024-10-06T23:13:27.366+0000] {logging_mixin.py:154} INFO - [2024-10-06T23:13:27.365+0000] {dag.py:2941} INFO - Sync 1 DAGs
[2024-10-06T23:13:27.371+0000] {logging_mixin.py:154} INFO - [2024-10-06T23:13:27.371+0000] {dag.py:3722} INFO - Setting next_dagrun for example_params_ui_tutorial to None, run_after=None
[2024-10-06T23:13:27.378+0000] {processor.py:179} INFO - Processing /home/airflow/.local/lib/python3.8/site-packages/airflow/example_dags/example_params_ui_tutorial.py took 0.051 seconds
[2024-10-06T23:13:57.800+0000] {processor.py:157} INFO - Started process (PID=28941) to work on /home/airflow/.local/lib/python3.8/site-packages/airflow/example_dags/example_params_ui_tutorial.py
[2024-10-06T23:13:57.800+0000] {processor.py:829} INFO - Processing file /home/airflow/.local/lib/python3.8/site-packages/airflow/example_dags/example_params_ui_tutorial.py for tasks to queue
[2024-10-06T23:13:57.801+0000] {logging_mixin.py:154} INFO - [2024-10-06T23:13:57.801+0000] {dagbag.py:536} INFO - Filling up the DagBag from /home/airflow/.local/lib/python3.8/site-packages/airflow/example_dags/example_params_ui_tutorial.py
[2024-10-06T23:13:57.816+0000] {processor.py:839} INFO - DAG(s) dict_keys(['example_params_ui_tutorial']) retrieved from /home/airflow/.local/lib/python3.8/site-packages/airflow/example_dags/example_params_ui_tutorial.py
[2024-10-06T23:13:57.836+0000] {logging_mixin.py:154} INFO - [2024-10-06T23:13:57.836+0000] {dag.py:2941} INFO - Sync 1 DAGs
[2024-10-06T23:13:57.842+0000] {logging_mixin.py:154} INFO - [2024-10-06T23:13:57.842+0000] {dag.py:3722} INFO - Setting next_dagrun for example_params_ui_tutorial to None, run_after=None
[2024-10-06T23:13:57.849+0000] {processor.py:179} INFO - Processing /home/airflow/.local/lib/python3.8/site-packages/airflow/example_dags/example_params_ui_tutorial.py took 0.051 seconds
[2024-10-06T23:14:28.273+0000] {processor.py:157} INFO - Started process (PID=28995) to work on /home/airflow/.local/lib/python3.8/site-packages/airflow/example_dags/example_params_ui_tutorial.py
[2024-10-06T23:14:28.273+0000] {processor.py:829} INFO - Processing file /home/airflow/.local/lib/python3.8/site-packages/airflow/example_dags/example_params_ui_tutorial.py for tasks to queue
[2024-10-06T23:14:28.274+0000] {logging_mixin.py:154} INFO - [2024-10-06T23:14:28.274+0000] {dagbag.py:536} INFO - Filling up the DagBag from /home/airflow/.local/lib/python3.8/site-packages/airflow/example_dags/example_params_ui_tutorial.py
[2024-10-06T23:14:28.290+0000] {processor.py:839} INFO - DAG(s) dict_keys(['example_params_ui_tutorial']) retrieved from /home/airflow/.local/lib/python3.8/site-packages/airflow/example_dags/example_params_ui_tutorial.py
[2024-10-06T23:14:28.310+0000] {logging_mixin.py:154} INFO - [2024-10-06T23:14:28.309+0000] {dag.py:2941} INFO - Sync 1 DAGs
[2024-10-06T23:14:28.315+0000] {logging_mixin.py:154} INFO - [2024-10-06T23:14:28.315+0000] {dag.py:3722} INFO - Setting next_dagrun for example_params_ui_tutorial to None, run_after=None
[2024-10-06T23:14:28.321+0000] {processor.py:179} INFO - Processing /home/airflow/.local/lib/python3.8/site-packages/airflow/example_dags/example_params_ui_tutorial.py took 0.050 seconds
[2024-10-06T23:14:58.742+0000] {processor.py:157} INFO - Started process (PID=29049) to work on /home/airflow/.local/lib/python3.8/site-packages/airflow/example_dags/example_params_ui_tutorial.py
[2024-10-06T23:14:58.742+0000] {processor.py:829} INFO - Processing file /home/airflow/.local/lib/python3.8/site-packages/airflow/example_dags/example_params_ui_tutorial.py for tasks to queue
[2024-10-06T23:14:58.743+0000] {logging_mixin.py:154} INFO - [2024-10-06T23:14:58.743+0000] {dagbag.py:536} INFO - Filling up the DagBag from /home/airflow/.local/lib/python3.8/site-packages/airflow/example_dags/example_params_ui_tutorial.py
[2024-10-06T23:14:58.759+0000] {processor.py:839} INFO - DAG(s) dict_keys(['example_params_ui_tutorial']) retrieved from /home/airflow/.local/lib/python3.8/site-packages/airflow/example_dags/example_params_ui_tutorial.py
[2024-10-06T23:14:58.779+0000] {logging_mixin.py:154} INFO - [2024-10-06T23:14:58.778+0000] {dag.py:2941} INFO - Sync 1 DAGs
[2024-10-06T23:14:58.783+0000] {logging_mixin.py:154} INFO - [2024-10-06T23:14:58.783+0000] {dag.py:3722} INFO - Setting next_dagrun for example_params_ui_tutorial to None, run_after=None
[2024-10-06T23:14:58.790+0000] {processor.py:179} INFO - Processing /home/airflow/.local/lib/python3.8/site-packages/airflow/example_dags/example_params_ui_tutorial.py took 0.050 seconds
[2024-10-06T23:15:29.175+0000] {processor.py:157} INFO - Started process (PID=29103) to work on /home/airflow/.local/lib/python3.8/site-packages/airflow/example_dags/example_params_ui_tutorial.py
[2024-10-06T23:15:29.175+0000] {processor.py:829} INFO - Processing file /home/airflow/.local/lib/python3.8/site-packages/airflow/example_dags/example_params_ui_tutorial.py for tasks to queue
[2024-10-06T23:15:29.176+0000] {logging_mixin.py:154} INFO - [2024-10-06T23:15:29.176+0000] {dagbag.py:536} INFO - Filling up the DagBag from /home/airflow/.local/lib/python3.8/site-packages/airflow/example_dags/example_params_ui_tutorial.py
[2024-10-06T23:15:29.192+0000] {processor.py:839} INFO - DAG(s) dict_keys(['example_params_ui_tutorial']) retrieved from /home/airflow/.local/lib/python3.8/site-packages/airflow/example_dags/example_params_ui_tutorial.py
[2024-10-06T23:15:29.212+0000] {logging_mixin.py:154} INFO - [2024-10-06T23:15:29.212+0000] {dag.py:2941} INFO - Sync 1 DAGs
[2024-10-06T23:15:29.217+0000] {logging_mixin.py:154} INFO - [2024-10-06T23:15:29.217+0000] {dag.py:3722} INFO - Setting next_dagrun for example_params_ui_tutorial to None, run_after=None
[2024-10-06T23:15:29.223+0000] {processor.py:179} INFO - Processing /home/airflow/.local/lib/python3.8/site-packages/airflow/example_dags/example_params_ui_tutorial.py took 0.050 seconds
[2024-10-06T23:54:56.846+0000] {processor.py:157} INFO - Started process (PID=29150) to work on /home/airflow/.local/lib/python3.8/site-packages/airflow/example_dags/example_params_ui_tutorial.py
[2024-10-06T23:54:56.847+0000] {processor.py:829} INFO - Processing file /home/airflow/.local/lib/python3.8/site-packages/airflow/example_dags/example_params_ui_tutorial.py for tasks to queue
[2024-10-06T23:54:56.848+0000] {logging_mixin.py:154} INFO - [2024-10-06T23:54:56.848+0000] {dagbag.py:536} INFO - Filling up the DagBag from /home/airflow/.local/lib/python3.8/site-packages/airflow/example_dags/example_params_ui_tutorial.py
[2024-10-06T23:54:56.864+0000] {processor.py:839} INFO - DAG(s) dict_keys(['example_params_ui_tutorial']) retrieved from /home/airflow/.local/lib/python3.8/site-packages/airflow/example_dags/example_params_ui_tutorial.py
[2024-10-06T23:54:56.885+0000] {logging_mixin.py:154} INFO - [2024-10-06T23:54:56.884+0000] {dag.py:2941} INFO - Sync 1 DAGs
[2024-10-06T23:54:56.890+0000] {logging_mixin.py:154} INFO - [2024-10-06T23:54:56.889+0000] {dag.py:3722} INFO - Setting next_dagrun for example_params_ui_tutorial to None, run_after=None
[2024-10-06T23:54:56.896+0000] {processor.py:179} INFO - Processing /home/airflow/.local/lib/python3.8/site-packages/airflow/example_dags/example_params_ui_tutorial.py took 0.052 seconds
