[2024-10-06T00:48:01.656+0000] {processor.py:157} INFO - Started process (PID=25796) to work on /home/airflow/.local/lib/python3.8/site-packages/airflow/example_dags/example_python_operator.py
[2024-10-06T00:48:01.658+0000] {processor.py:829} INFO - Processing file /home/airflow/.local/lib/python3.8/site-packages/airflow/example_dags/example_python_operator.py for tasks to queue
[2024-10-06T00:48:01.661+0000] {logging_mixin.py:154} INFO - [2024-10-06T00:48:01.661+0000] {dagbag.py:536} INFO - Filling up the DagBag from /home/airflow/.local/lib/python3.8/site-packages/airflow/example_dags/example_python_operator.py
[2024-10-06T00:48:01.666+0000] {processor.py:839} INFO - DAG(s) dict_keys(['example_python_operator']) retrieved from /home/airflow/.local/lib/python3.8/site-packages/airflow/example_dags/example_python_operator.py
[2024-10-06T00:48:01.677+0000] {logging_mixin.py:154} INFO - [2024-10-06T00:48:01.677+0000] {dag.py:2941} INFO - Sync 1 DAGs
[2024-10-06T00:48:01.682+0000] {logging_mixin.py:154} INFO - [2024-10-06T00:48:01.682+0000] {dag.py:3722} INFO - Setting next_dagrun for example_python_operator to None, run_after=None
[2024-10-06T00:48:01.689+0000] {processor.py:179} INFO - Processing /home/airflow/.local/lib/python3.8/site-packages/airflow/example_dags/example_python_operator.py took 0.034 seconds
[2024-10-06T00:59:18.710+0000] {processor.py:157} INFO - Started process (PID=25850) to work on /home/airflow/.local/lib/python3.8/site-packages/airflow/example_dags/example_python_operator.py
[2024-10-06T00:59:18.711+0000] {processor.py:829} INFO - Processing file /home/airflow/.local/lib/python3.8/site-packages/airflow/example_dags/example_python_operator.py for tasks to queue
[2024-10-06T00:59:18.712+0000] {logging_mixin.py:154} INFO - [2024-10-06T00:59:18.712+0000] {dagbag.py:536} INFO - Filling up the DagBag from /home/airflow/.local/lib/python3.8/site-packages/airflow/example_dags/example_python_operator.py
[2024-10-06T00:59:18.717+0000] {processor.py:839} INFO - DAG(s) dict_keys(['example_python_operator']) retrieved from /home/airflow/.local/lib/python3.8/site-packages/airflow/example_dags/example_python_operator.py
[2024-10-06T00:59:18.732+0000] {logging_mixin.py:154} INFO - [2024-10-06T00:59:18.732+0000] {dag.py:2941} INFO - Sync 1 DAGs
[2024-10-06T00:59:18.740+0000] {logging_mixin.py:154} INFO - [2024-10-06T00:59:18.740+0000] {dag.py:3722} INFO - Setting next_dagrun for example_python_operator to None, run_after=None
[2024-10-06T00:59:18.751+0000] {processor.py:179} INFO - Processing /home/airflow/.local/lib/python3.8/site-packages/airflow/example_dags/example_python_operator.py took 0.043 seconds
[2024-10-06T02:12:19.764+0000] {processor.py:157} INFO - Started process (PID=25904) to work on /home/airflow/.local/lib/python3.8/site-packages/airflow/example_dags/example_python_operator.py
[2024-10-06T02:12:19.764+0000] {processor.py:829} INFO - Processing file /home/airflow/.local/lib/python3.8/site-packages/airflow/example_dags/example_python_operator.py for tasks to queue
[2024-10-06T02:12:19.766+0000] {logging_mixin.py:154} INFO - [2024-10-06T02:12:19.766+0000] {dagbag.py:536} INFO - Filling up the DagBag from /home/airflow/.local/lib/python3.8/site-packages/airflow/example_dags/example_python_operator.py
[2024-10-06T02:12:19.772+0000] {processor.py:839} INFO - DAG(s) dict_keys(['example_python_operator']) retrieved from /home/airflow/.local/lib/python3.8/site-packages/airflow/example_dags/example_python_operator.py
[2024-10-06T02:12:19.786+0000] {logging_mixin.py:154} INFO - [2024-10-06T02:12:19.786+0000] {dag.py:2941} INFO - Sync 1 DAGs
[2024-10-06T02:12:19.793+0000] {logging_mixin.py:154} INFO - [2024-10-06T02:12:19.793+0000] {dag.py:3722} INFO - Setting next_dagrun for example_python_operator to None, run_after=None
[2024-10-06T02:12:19.802+0000] {processor.py:179} INFO - Processing /home/airflow/.local/lib/python3.8/site-packages/airflow/example_dags/example_python_operator.py took 0.040 seconds
[2024-10-06T02:48:47.069+0000] {processor.py:157} INFO - Started process (PID=25958) to work on /home/airflow/.local/lib/python3.8/site-packages/airflow/example_dags/example_python_operator.py
[2024-10-06T02:48:47.069+0000] {processor.py:829} INFO - Processing file /home/airflow/.local/lib/python3.8/site-packages/airflow/example_dags/example_python_operator.py for tasks to queue
[2024-10-06T02:48:47.070+0000] {logging_mixin.py:154} INFO - [2024-10-06T02:48:47.070+0000] {dagbag.py:536} INFO - Filling up the DagBag from /home/airflow/.local/lib/python3.8/site-packages/airflow/example_dags/example_python_operator.py
[2024-10-06T02:48:47.075+0000] {processor.py:839} INFO - DAG(s) dict_keys(['example_python_operator']) retrieved from /home/airflow/.local/lib/python3.8/site-packages/airflow/example_dags/example_python_operator.py
[2024-10-06T02:48:47.085+0000] {logging_mixin.py:154} INFO - [2024-10-06T02:48:47.085+0000] {dag.py:2941} INFO - Sync 1 DAGs
[2024-10-06T02:48:47.090+0000] {logging_mixin.py:154} INFO - [2024-10-06T02:48:47.090+0000] {dag.py:3722} INFO - Setting next_dagrun for example_python_operator to None, run_after=None
[2024-10-06T02:48:47.097+0000] {processor.py:179} INFO - Processing /home/airflow/.local/lib/python3.8/site-packages/airflow/example_dags/example_python_operator.py took 0.029 seconds
[2024-10-06T03:19:22.614+0000] {processor.py:157} INFO - Started process (PID=26012) to work on /home/airflow/.local/lib/python3.8/site-packages/airflow/example_dags/example_python_operator.py
[2024-10-06T03:19:22.615+0000] {processor.py:829} INFO - Processing file /home/airflow/.local/lib/python3.8/site-packages/airflow/example_dags/example_python_operator.py for tasks to queue
[2024-10-06T03:19:22.617+0000] {logging_mixin.py:154} INFO - [2024-10-06T03:19:22.617+0000] {dagbag.py:536} INFO - Filling up the DagBag from /home/airflow/.local/lib/python3.8/site-packages/airflow/example_dags/example_python_operator.py
[2024-10-06T03:19:22.623+0000] {processor.py:839} INFO - DAG(s) dict_keys(['example_python_operator']) retrieved from /home/airflow/.local/lib/python3.8/site-packages/airflow/example_dags/example_python_operator.py
[2024-10-06T03:19:22.637+0000] {logging_mixin.py:154} INFO - [2024-10-06T03:19:22.636+0000] {dag.py:2941} INFO - Sync 1 DAGs
[2024-10-06T03:19:22.643+0000] {logging_mixin.py:154} INFO - [2024-10-06T03:19:22.643+0000] {dag.py:3722} INFO - Setting next_dagrun for example_python_operator to None, run_after=None
[2024-10-06T03:19:22.652+0000] {processor.py:179} INFO - Processing /home/airflow/.local/lib/python3.8/site-packages/airflow/example_dags/example_python_operator.py took 0.041 seconds
[2024-10-06T04:34:56.254+0000] {processor.py:157} INFO - Started process (PID=26066) to work on /home/airflow/.local/lib/python3.8/site-packages/airflow/example_dags/example_python_operator.py
[2024-10-06T04:34:56.255+0000] {processor.py:829} INFO - Processing file /home/airflow/.local/lib/python3.8/site-packages/airflow/example_dags/example_python_operator.py for tasks to queue
[2024-10-06T04:34:56.256+0000] {logging_mixin.py:154} INFO - [2024-10-06T04:34:56.256+0000] {dagbag.py:536} INFO - Filling up the DagBag from /home/airflow/.local/lib/python3.8/site-packages/airflow/example_dags/example_python_operator.py
[2024-10-06T04:34:56.262+0000] {processor.py:839} INFO - DAG(s) dict_keys(['example_python_operator']) retrieved from /home/airflow/.local/lib/python3.8/site-packages/airflow/example_dags/example_python_operator.py
[2024-10-06T04:34:56.277+0000] {logging_mixin.py:154} INFO - [2024-10-06T04:34:56.277+0000] {dag.py:2941} INFO - Sync 1 DAGs
[2024-10-06T04:34:56.285+0000] {logging_mixin.py:154} INFO - [2024-10-06T04:34:56.285+0000] {dag.py:3722} INFO - Setting next_dagrun for example_python_operator to None, run_after=None
[2024-10-06T04:34:56.296+0000] {processor.py:179} INFO - Processing /home/airflow/.local/lib/python3.8/site-packages/airflow/example_dags/example_python_operator.py took 0.044 seconds
[2024-10-06T05:54:00.979+0000] {processor.py:157} INFO - Started process (PID=26120) to work on /home/airflow/.local/lib/python3.8/site-packages/airflow/example_dags/example_python_operator.py
[2024-10-06T05:54:00.980+0000] {processor.py:829} INFO - Processing file /home/airflow/.local/lib/python3.8/site-packages/airflow/example_dags/example_python_operator.py for tasks to queue
[2024-10-06T05:54:00.981+0000] {logging_mixin.py:154} INFO - [2024-10-06T05:54:00.981+0000] {dagbag.py:536} INFO - Filling up the DagBag from /home/airflow/.local/lib/python3.8/site-packages/airflow/example_dags/example_python_operator.py
[2024-10-06T05:54:00.985+0000] {processor.py:839} INFO - DAG(s) dict_keys(['example_python_operator']) retrieved from /home/airflow/.local/lib/python3.8/site-packages/airflow/example_dags/example_python_operator.py
[2024-10-06T05:54:00.994+0000] {logging_mixin.py:154} INFO - [2024-10-06T05:54:00.994+0000] {dag.py:2941} INFO - Sync 1 DAGs
[2024-10-06T05:54:00.999+0000] {logging_mixin.py:154} INFO - [2024-10-06T05:54:00.999+0000] {dag.py:3722} INFO - Setting next_dagrun for example_python_operator to None, run_after=None
[2024-10-06T05:54:01.004+0000] {processor.py:179} INFO - Processing /home/airflow/.local/lib/python3.8/site-packages/airflow/example_dags/example_python_operator.py took 0.026 seconds
[2024-10-06T06:41:06.785+0000] {processor.py:157} INFO - Started process (PID=26174) to work on /home/airflow/.local/lib/python3.8/site-packages/airflow/example_dags/example_python_operator.py
[2024-10-06T06:41:06.785+0000] {processor.py:829} INFO - Processing file /home/airflow/.local/lib/python3.8/site-packages/airflow/example_dags/example_python_operator.py for tasks to queue
[2024-10-06T06:41:06.786+0000] {logging_mixin.py:154} INFO - [2024-10-06T06:41:06.786+0000] {dagbag.py:536} INFO - Filling up the DagBag from /home/airflow/.local/lib/python3.8/site-packages/airflow/example_dags/example_python_operator.py
[2024-10-06T06:41:06.790+0000] {processor.py:839} INFO - DAG(s) dict_keys(['example_python_operator']) retrieved from /home/airflow/.local/lib/python3.8/site-packages/airflow/example_dags/example_python_operator.py
[2024-10-06T06:41:06.801+0000] {logging_mixin.py:154} INFO - [2024-10-06T06:41:06.800+0000] {dag.py:2941} INFO - Sync 1 DAGs
[2024-10-06T06:41:06.806+0000] {logging_mixin.py:154} INFO - [2024-10-06T06:41:06.806+0000] {dag.py:3722} INFO - Setting next_dagrun for example_python_operator to None, run_after=None
[2024-10-06T06:41:06.819+0000] {processor.py:179} INFO - Processing /home/airflow/.local/lib/python3.8/site-packages/airflow/example_dags/example_python_operator.py took 0.036 seconds
[2024-10-06T08:19:29.435+0000] {processor.py:157} INFO - Started process (PID=26228) to work on /home/airflow/.local/lib/python3.8/site-packages/airflow/example_dags/example_python_operator.py
[2024-10-06T08:19:29.435+0000] {processor.py:829} INFO - Processing file /home/airflow/.local/lib/python3.8/site-packages/airflow/example_dags/example_python_operator.py for tasks to queue
[2024-10-06T08:19:29.437+0000] {logging_mixin.py:154} INFO - [2024-10-06T08:19:29.437+0000] {dagbag.py:536} INFO - Filling up the DagBag from /home/airflow/.local/lib/python3.8/site-packages/airflow/example_dags/example_python_operator.py
[2024-10-06T08:19:29.443+0000] {processor.py:839} INFO - DAG(s) dict_keys(['example_python_operator']) retrieved from /home/airflow/.local/lib/python3.8/site-packages/airflow/example_dags/example_python_operator.py
[2024-10-06T08:19:29.457+0000] {logging_mixin.py:154} INFO - [2024-10-06T08:19:29.457+0000] {dag.py:2941} INFO - Sync 1 DAGs
[2024-10-06T08:19:29.465+0000] {logging_mixin.py:154} INFO - [2024-10-06T08:19:29.464+0000] {dag.py:3722} INFO - Setting next_dagrun for example_python_operator to None, run_after=None
[2024-10-06T08:19:29.475+0000] {processor.py:179} INFO - Processing /home/airflow/.local/lib/python3.8/site-packages/airflow/example_dags/example_python_operator.py took 0.042 seconds
[2024-10-06T09:31:45.493+0000] {processor.py:157} INFO - Started process (PID=26282) to work on /home/airflow/.local/lib/python3.8/site-packages/airflow/example_dags/example_python_operator.py
[2024-10-06T09:31:45.493+0000] {processor.py:829} INFO - Processing file /home/airflow/.local/lib/python3.8/site-packages/airflow/example_dags/example_python_operator.py for tasks to queue
[2024-10-06T09:31:45.494+0000] {logging_mixin.py:154} INFO - [2024-10-06T09:31:45.494+0000] {dagbag.py:536} INFO - Filling up the DagBag from /home/airflow/.local/lib/python3.8/site-packages/airflow/example_dags/example_python_operator.py
[2024-10-06T09:31:45.498+0000] {processor.py:839} INFO - DAG(s) dict_keys(['example_python_operator']) retrieved from /home/airflow/.local/lib/python3.8/site-packages/airflow/example_dags/example_python_operator.py
[2024-10-06T09:31:45.508+0000] {logging_mixin.py:154} INFO - [2024-10-06T09:31:45.507+0000] {dag.py:2941} INFO - Sync 1 DAGs
[2024-10-06T09:31:45.512+0000] {logging_mixin.py:154} INFO - [2024-10-06T09:31:45.512+0000] {dag.py:3722} INFO - Setting next_dagrun for example_python_operator to None, run_after=None
[2024-10-06T09:31:45.518+0000] {processor.py:179} INFO - Processing /home/airflow/.local/lib/python3.8/site-packages/airflow/example_dags/example_python_operator.py took 0.027 seconds
[2024-10-06T10:45:25.290+0000] {processor.py:157} INFO - Started process (PID=26336) to work on /home/airflow/.local/lib/python3.8/site-packages/airflow/example_dags/example_python_operator.py
[2024-10-06T10:45:25.291+0000] {processor.py:829} INFO - Processing file /home/airflow/.local/lib/python3.8/site-packages/airflow/example_dags/example_python_operator.py for tasks to queue
[2024-10-06T10:45:25.292+0000] {logging_mixin.py:154} INFO - [2024-10-06T10:45:25.292+0000] {dagbag.py:536} INFO - Filling up the DagBag from /home/airflow/.local/lib/python3.8/site-packages/airflow/example_dags/example_python_operator.py
[2024-10-06T10:45:25.299+0000] {processor.py:839} INFO - DAG(s) dict_keys(['example_python_operator']) retrieved from /home/airflow/.local/lib/python3.8/site-packages/airflow/example_dags/example_python_operator.py
[2024-10-06T10:45:25.315+0000] {logging_mixin.py:154} INFO - [2024-10-06T10:45:25.314+0000] {dag.py:2941} INFO - Sync 1 DAGs
[2024-10-06T10:45:25.322+0000] {logging_mixin.py:154} INFO - [2024-10-06T10:45:25.322+0000] {dag.py:3722} INFO - Setting next_dagrun for example_python_operator to None, run_after=None
[2024-10-06T10:45:25.332+0000] {processor.py:179} INFO - Processing /home/airflow/.local/lib/python3.8/site-packages/airflow/example_dags/example_python_operator.py took 0.045 seconds
[2024-10-06T11:46:25.779+0000] {processor.py:157} INFO - Started process (PID=26390) to work on /home/airflow/.local/lib/python3.8/site-packages/airflow/example_dags/example_python_operator.py
[2024-10-06T11:46:25.780+0000] {processor.py:829} INFO - Processing file /home/airflow/.local/lib/python3.8/site-packages/airflow/example_dags/example_python_operator.py for tasks to queue
[2024-10-06T11:46:25.781+0000] {logging_mixin.py:154} INFO - [2024-10-06T11:46:25.781+0000] {dagbag.py:536} INFO - Filling up the DagBag from /home/airflow/.local/lib/python3.8/site-packages/airflow/example_dags/example_python_operator.py
[2024-10-06T11:46:25.786+0000] {processor.py:839} INFO - DAG(s) dict_keys(['example_python_operator']) retrieved from /home/airflow/.local/lib/python3.8/site-packages/airflow/example_dags/example_python_operator.py
[2024-10-06T11:46:25.796+0000] {logging_mixin.py:154} INFO - [2024-10-06T11:46:25.796+0000] {dag.py:2941} INFO - Sync 1 DAGs
[2024-10-06T11:46:25.801+0000] {logging_mixin.py:154} INFO - [2024-10-06T11:46:25.801+0000] {dag.py:3722} INFO - Setting next_dagrun for example_python_operator to None, run_after=None
[2024-10-06T11:46:25.807+0000] {processor.py:179} INFO - Processing /home/airflow/.local/lib/python3.8/site-packages/airflow/example_dags/example_python_operator.py took 0.029 seconds
[2024-10-06T12:33:57.341+0000] {processor.py:157} INFO - Started process (PID=26444) to work on /home/airflow/.local/lib/python3.8/site-packages/airflow/example_dags/example_python_operator.py
[2024-10-06T12:33:57.342+0000] {processor.py:829} INFO - Processing file /home/airflow/.local/lib/python3.8/site-packages/airflow/example_dags/example_python_operator.py for tasks to queue
[2024-10-06T12:33:57.343+0000] {logging_mixin.py:154} INFO - [2024-10-06T12:33:57.343+0000] {dagbag.py:536} INFO - Filling up the DagBag from /home/airflow/.local/lib/python3.8/site-packages/airflow/example_dags/example_python_operator.py
[2024-10-06T12:33:57.347+0000] {processor.py:839} INFO - DAG(s) dict_keys(['example_python_operator']) retrieved from /home/airflow/.local/lib/python3.8/site-packages/airflow/example_dags/example_python_operator.py
[2024-10-06T12:33:57.357+0000] {logging_mixin.py:154} INFO - [2024-10-06T12:33:57.357+0000] {dag.py:2941} INFO - Sync 1 DAGs
[2024-10-06T12:33:57.362+0000] {logging_mixin.py:154} INFO - [2024-10-06T12:33:57.362+0000] {dag.py:3722} INFO - Setting next_dagrun for example_python_operator to None, run_after=None
[2024-10-06T12:33:57.369+0000] {processor.py:179} INFO - Processing /home/airflow/.local/lib/python3.8/site-packages/airflow/example_dags/example_python_operator.py took 0.030 seconds
[2024-10-06T13:17:27.987+0000] {processor.py:157} INFO - Started process (PID=26498) to work on /home/airflow/.local/lib/python3.8/site-packages/airflow/example_dags/example_python_operator.py
[2024-10-06T13:17:27.988+0000] {processor.py:829} INFO - Processing file /home/airflow/.local/lib/python3.8/site-packages/airflow/example_dags/example_python_operator.py for tasks to queue
[2024-10-06T13:17:27.990+0000] {logging_mixin.py:154} INFO - [2024-10-06T13:17:27.989+0000] {dagbag.py:536} INFO - Filling up the DagBag from /home/airflow/.local/lib/python3.8/site-packages/airflow/example_dags/example_python_operator.py
[2024-10-06T13:17:27.996+0000] {processor.py:839} INFO - DAG(s) dict_keys(['example_python_operator']) retrieved from /home/airflow/.local/lib/python3.8/site-packages/airflow/example_dags/example_python_operator.py
[2024-10-06T13:17:28.011+0000] {logging_mixin.py:154} INFO - [2024-10-06T13:17:28.010+0000] {dag.py:2941} INFO - Sync 1 DAGs
[2024-10-06T13:17:28.018+0000] {logging_mixin.py:154} INFO - [2024-10-06T13:17:28.017+0000] {dag.py:3722} INFO - Setting next_dagrun for example_python_operator to None, run_after=None
[2024-10-06T13:17:28.028+0000] {processor.py:179} INFO - Processing /home/airflow/.local/lib/python3.8/site-packages/airflow/example_dags/example_python_operator.py took 0.043 seconds
[2024-10-06T14:49:26.422+0000] {processor.py:157} INFO - Started process (PID=26552) to work on /home/airflow/.local/lib/python3.8/site-packages/airflow/example_dags/example_python_operator.py
[2024-10-06T14:49:26.422+0000] {processor.py:829} INFO - Processing file /home/airflow/.local/lib/python3.8/site-packages/airflow/example_dags/example_python_operator.py for tasks to queue
[2024-10-06T14:49:26.423+0000] {logging_mixin.py:154} INFO - [2024-10-06T14:49:26.423+0000] {dagbag.py:536} INFO - Filling up the DagBag from /home/airflow/.local/lib/python3.8/site-packages/airflow/example_dags/example_python_operator.py
[2024-10-06T14:49:26.427+0000] {processor.py:839} INFO - DAG(s) dict_keys(['example_python_operator']) retrieved from /home/airflow/.local/lib/python3.8/site-packages/airflow/example_dags/example_python_operator.py
[2024-10-06T14:49:26.437+0000] {logging_mixin.py:154} INFO - [2024-10-06T14:49:26.437+0000] {dag.py:2941} INFO - Sync 1 DAGs
[2024-10-06T14:49:26.442+0000] {logging_mixin.py:154} INFO - [2024-10-06T14:49:26.442+0000] {dag.py:3722} INFO - Setting next_dagrun for example_python_operator to None, run_after=None
[2024-10-06T14:49:26.449+0000] {processor.py:179} INFO - Processing /home/airflow/.local/lib/python3.8/site-packages/airflow/example_dags/example_python_operator.py took 0.028 seconds
[2024-10-06T15:50:30.608+0000] {processor.py:157} INFO - Started process (PID=26606) to work on /home/airflow/.local/lib/python3.8/site-packages/airflow/example_dags/example_python_operator.py
[2024-10-06T15:50:30.608+0000] {processor.py:829} INFO - Processing file /home/airflow/.local/lib/python3.8/site-packages/airflow/example_dags/example_python_operator.py for tasks to queue
[2024-10-06T15:50:30.610+0000] {logging_mixin.py:154} INFO - [2024-10-06T15:50:30.610+0000] {dagbag.py:536} INFO - Filling up the DagBag from /home/airflow/.local/lib/python3.8/site-packages/airflow/example_dags/example_python_operator.py
[2024-10-06T15:50:30.616+0000] {processor.py:839} INFO - DAG(s) dict_keys(['example_python_operator']) retrieved from /home/airflow/.local/lib/python3.8/site-packages/airflow/example_dags/example_python_operator.py
[2024-10-06T15:50:30.631+0000] {logging_mixin.py:154} INFO - [2024-10-06T15:50:30.630+0000] {dag.py:2941} INFO - Sync 1 DAGs
[2024-10-06T15:50:30.638+0000] {logging_mixin.py:154} INFO - [2024-10-06T15:50:30.638+0000] {dag.py:3722} INFO - Setting next_dagrun for example_python_operator to None, run_after=None
[2024-10-06T15:50:30.650+0000] {processor.py:179} INFO - Processing /home/airflow/.local/lib/python3.8/site-packages/airflow/example_dags/example_python_operator.py took 0.044 seconds
[2024-10-06T16:11:23.678+0000] {processor.py:157} INFO - Started process (PID=26660) to work on /home/airflow/.local/lib/python3.8/site-packages/airflow/example_dags/example_python_operator.py
[2024-10-06T16:11:23.678+0000] {processor.py:829} INFO - Processing file /home/airflow/.local/lib/python3.8/site-packages/airflow/example_dags/example_python_operator.py for tasks to queue
[2024-10-06T16:11:23.680+0000] {logging_mixin.py:154} INFO - [2024-10-06T16:11:23.680+0000] {dagbag.py:536} INFO - Filling up the DagBag from /home/airflow/.local/lib/python3.8/site-packages/airflow/example_dags/example_python_operator.py
[2024-10-06T16:11:23.686+0000] {processor.py:839} INFO - DAG(s) dict_keys(['example_python_operator']) retrieved from /home/airflow/.local/lib/python3.8/site-packages/airflow/example_dags/example_python_operator.py
[2024-10-06T16:11:23.699+0000] {logging_mixin.py:154} INFO - [2024-10-06T16:11:23.699+0000] {dag.py:2941} INFO - Sync 1 DAGs
[2024-10-06T16:11:23.707+0000] {logging_mixin.py:154} INFO - [2024-10-06T16:11:23.707+0000] {dag.py:3722} INFO - Setting next_dagrun for example_python_operator to None, run_after=None
[2024-10-06T16:11:23.719+0000] {processor.py:179} INFO - Processing /home/airflow/.local/lib/python3.8/site-packages/airflow/example_dags/example_python_operator.py took 0.043 seconds
[2024-10-06T16:17:00.555+0000] {processor.py:157} INFO - Started process (PID=26714) to work on /home/airflow/.local/lib/python3.8/site-packages/airflow/example_dags/example_python_operator.py
[2024-10-06T16:17:00.556+0000] {processor.py:829} INFO - Processing file /home/airflow/.local/lib/python3.8/site-packages/airflow/example_dags/example_python_operator.py for tasks to queue
[2024-10-06T16:17:00.557+0000] {logging_mixin.py:154} INFO - [2024-10-06T16:17:00.557+0000] {dagbag.py:536} INFO - Filling up the DagBag from /home/airflow/.local/lib/python3.8/site-packages/airflow/example_dags/example_python_operator.py
[2024-10-06T16:17:00.561+0000] {processor.py:839} INFO - DAG(s) dict_keys(['example_python_operator']) retrieved from /home/airflow/.local/lib/python3.8/site-packages/airflow/example_dags/example_python_operator.py
[2024-10-06T16:17:00.570+0000] {logging_mixin.py:154} INFO - [2024-10-06T16:17:00.570+0000] {dag.py:2941} INFO - Sync 1 DAGs
[2024-10-06T16:17:00.575+0000] {logging_mixin.py:154} INFO - [2024-10-06T16:17:00.574+0000] {dag.py:3722} INFO - Setting next_dagrun for example_python_operator to None, run_after=None
[2024-10-06T16:17:00.580+0000] {processor.py:179} INFO - Processing /home/airflow/.local/lib/python3.8/site-packages/airflow/example_dags/example_python_operator.py took 0.026 seconds
[2024-10-06T17:25:37.460+0000] {processor.py:157} INFO - Started process (PID=26768) to work on /home/airflow/.local/lib/python3.8/site-packages/airflow/example_dags/example_python_operator.py
[2024-10-06T17:25:37.461+0000] {processor.py:829} INFO - Processing file /home/airflow/.local/lib/python3.8/site-packages/airflow/example_dags/example_python_operator.py for tasks to queue
[2024-10-06T17:25:37.462+0000] {logging_mixin.py:154} INFO - [2024-10-06T17:25:37.462+0000] {dagbag.py:536} INFO - Filling up the DagBag from /home/airflow/.local/lib/python3.8/site-packages/airflow/example_dags/example_python_operator.py
[2024-10-06T17:25:37.467+0000] {processor.py:839} INFO - DAG(s) dict_keys(['example_python_operator']) retrieved from /home/airflow/.local/lib/python3.8/site-packages/airflow/example_dags/example_python_operator.py
[2024-10-06T17:25:37.478+0000] {logging_mixin.py:154} INFO - [2024-10-06T17:25:37.477+0000] {dag.py:2941} INFO - Sync 1 DAGs
[2024-10-06T17:25:37.483+0000] {logging_mixin.py:154} INFO - [2024-10-06T17:25:37.483+0000] {dag.py:3722} INFO - Setting next_dagrun for example_python_operator to None, run_after=None
[2024-10-06T17:25:37.489+0000] {processor.py:179} INFO - Processing /home/airflow/.local/lib/python3.8/site-packages/airflow/example_dags/example_python_operator.py took 0.031 seconds
[2024-10-06T17:48:10.240+0000] {processor.py:157} INFO - Started process (PID=26822) to work on /home/airflow/.local/lib/python3.8/site-packages/airflow/example_dags/example_python_operator.py
[2024-10-06T17:48:10.240+0000] {processor.py:829} INFO - Processing file /home/airflow/.local/lib/python3.8/site-packages/airflow/example_dags/example_python_operator.py for tasks to queue
[2024-10-06T17:48:10.242+0000] {logging_mixin.py:154} INFO - [2024-10-06T17:48:10.242+0000] {dagbag.py:536} INFO - Filling up the DagBag from /home/airflow/.local/lib/python3.8/site-packages/airflow/example_dags/example_python_operator.py
[2024-10-06T17:48:10.248+0000] {processor.py:839} INFO - DAG(s) dict_keys(['example_python_operator']) retrieved from /home/airflow/.local/lib/python3.8/site-packages/airflow/example_dags/example_python_operator.py
[2024-10-06T17:48:10.262+0000] {logging_mixin.py:154} INFO - [2024-10-06T17:48:10.262+0000] {dag.py:2941} INFO - Sync 1 DAGs
[2024-10-06T17:48:10.269+0000] {logging_mixin.py:154} INFO - [2024-10-06T17:48:10.268+0000] {dag.py:3722} INFO - Setting next_dagrun for example_python_operator to None, run_after=None
[2024-10-06T17:48:10.280+0000] {processor.py:179} INFO - Processing /home/airflow/.local/lib/python3.8/site-packages/airflow/example_dags/example_python_operator.py took 0.043 seconds
[2024-10-06T18:17:58.159+0000] {processor.py:157} INFO - Started process (PID=26876) to work on /home/airflow/.local/lib/python3.8/site-packages/airflow/example_dags/example_python_operator.py
[2024-10-06T18:17:58.160+0000] {processor.py:829} INFO - Processing file /home/airflow/.local/lib/python3.8/site-packages/airflow/example_dags/example_python_operator.py for tasks to queue
[2024-10-06T18:17:58.162+0000] {logging_mixin.py:154} INFO - [2024-10-06T18:17:58.161+0000] {dagbag.py:536} INFO - Filling up the DagBag from /home/airflow/.local/lib/python3.8/site-packages/airflow/example_dags/example_python_operator.py
[2024-10-06T18:17:58.167+0000] {processor.py:839} INFO - DAG(s) dict_keys(['example_python_operator']) retrieved from /home/airflow/.local/lib/python3.8/site-packages/airflow/example_dags/example_python_operator.py
[2024-10-06T18:17:58.181+0000] {logging_mixin.py:154} INFO - [2024-10-06T18:17:58.181+0000] {dag.py:2941} INFO - Sync 1 DAGs
[2024-10-06T18:17:58.188+0000] {logging_mixin.py:154} INFO - [2024-10-06T18:17:58.188+0000] {dag.py:3722} INFO - Setting next_dagrun for example_python_operator to None, run_after=None
[2024-10-06T18:17:58.198+0000] {processor.py:179} INFO - Processing /home/airflow/.local/lib/python3.8/site-packages/airflow/example_dags/example_python_operator.py took 0.041 seconds
[2024-10-06T19:43:22.761+0000] {processor.py:157} INFO - Started process (PID=26930) to work on /home/airflow/.local/lib/python3.8/site-packages/airflow/example_dags/example_python_operator.py
[2024-10-06T19:43:22.762+0000] {processor.py:829} INFO - Processing file /home/airflow/.local/lib/python3.8/site-packages/airflow/example_dags/example_python_operator.py for tasks to queue
[2024-10-06T19:43:22.763+0000] {logging_mixin.py:154} INFO - [2024-10-06T19:43:22.763+0000] {dagbag.py:536} INFO - Filling up the DagBag from /home/airflow/.local/lib/python3.8/site-packages/airflow/example_dags/example_python_operator.py
[2024-10-06T19:43:22.770+0000] {processor.py:839} INFO - DAG(s) dict_keys(['example_python_operator']) retrieved from /home/airflow/.local/lib/python3.8/site-packages/airflow/example_dags/example_python_operator.py
[2024-10-06T19:43:22.784+0000] {logging_mixin.py:154} INFO - [2024-10-06T19:43:22.784+0000] {dag.py:2941} INFO - Sync 1 DAGs
[2024-10-06T19:43:22.791+0000] {logging_mixin.py:154} INFO - [2024-10-06T19:43:22.791+0000] {dag.py:3722} INFO - Setting next_dagrun for example_python_operator to None, run_after=None
[2024-10-06T19:43:22.801+0000] {processor.py:179} INFO - Processing /home/airflow/.local/lib/python3.8/site-packages/airflow/example_dags/example_python_operator.py took 0.042 seconds
[2024-10-06T20:31:09.861+0000] {processor.py:157} INFO - Started process (PID=26984) to work on /home/airflow/.local/lib/python3.8/site-packages/airflow/example_dags/example_python_operator.py
[2024-10-06T20:31:09.861+0000] {processor.py:829} INFO - Processing file /home/airflow/.local/lib/python3.8/site-packages/airflow/example_dags/example_python_operator.py for tasks to queue
[2024-10-06T20:31:09.863+0000] {logging_mixin.py:154} INFO - [2024-10-06T20:31:09.862+0000] {dagbag.py:536} INFO - Filling up the DagBag from /home/airflow/.local/lib/python3.8/site-packages/airflow/example_dags/example_python_operator.py
[2024-10-06T20:31:09.867+0000] {processor.py:839} INFO - DAG(s) dict_keys(['example_python_operator']) retrieved from /home/airflow/.local/lib/python3.8/site-packages/airflow/example_dags/example_python_operator.py
[2024-10-06T20:31:09.877+0000] {logging_mixin.py:154} INFO - [2024-10-06T20:31:09.877+0000] {dag.py:2941} INFO - Sync 1 DAGs
[2024-10-06T20:31:09.882+0000] {logging_mixin.py:154} INFO - [2024-10-06T20:31:09.882+0000] {dag.py:3722} INFO - Setting next_dagrun for example_python_operator to None, run_after=None
[2024-10-06T20:31:09.888+0000] {processor.py:179} INFO - Processing /home/airflow/.local/lib/python3.8/site-packages/airflow/example_dags/example_python_operator.py took 0.029 seconds
[2024-10-06T20:40:14.823+0000] {processor.py:157} INFO - Started process (PID=27038) to work on /home/airflow/.local/lib/python3.8/site-packages/airflow/example_dags/example_python_operator.py
[2024-10-06T20:40:14.824+0000] {processor.py:829} INFO - Processing file /home/airflow/.local/lib/python3.8/site-packages/airflow/example_dags/example_python_operator.py for tasks to queue
[2024-10-06T20:40:14.825+0000] {logging_mixin.py:154} INFO - [2024-10-06T20:40:14.825+0000] {dagbag.py:536} INFO - Filling up the DagBag from /home/airflow/.local/lib/python3.8/site-packages/airflow/example_dags/example_python_operator.py
[2024-10-06T20:40:14.831+0000] {processor.py:839} INFO - DAG(s) dict_keys(['example_python_operator']) retrieved from /home/airflow/.local/lib/python3.8/site-packages/airflow/example_dags/example_python_operator.py
[2024-10-06T20:40:14.845+0000] {logging_mixin.py:154} INFO - [2024-10-06T20:40:14.844+0000] {dag.py:2941} INFO - Sync 1 DAGs
[2024-10-06T20:40:14.852+0000] {logging_mixin.py:154} INFO - [2024-10-06T20:40:14.851+0000] {dag.py:3722} INFO - Setting next_dagrun for example_python_operator to None, run_after=None
[2024-10-06T20:40:14.861+0000] {processor.py:179} INFO - Processing /home/airflow/.local/lib/python3.8/site-packages/airflow/example_dags/example_python_operator.py took 0.041 seconds
[2024-10-06T20:43:25.147+0000] {processor.py:157} INFO - Started process (PID=27092) to work on /home/airflow/.local/lib/python3.8/site-packages/airflow/example_dags/example_python_operator.py
[2024-10-06T20:43:25.147+0000] {processor.py:829} INFO - Processing file /home/airflow/.local/lib/python3.8/site-packages/airflow/example_dags/example_python_operator.py for tasks to queue
[2024-10-06T20:43:25.149+0000] {logging_mixin.py:154} INFO - [2024-10-06T20:43:25.149+0000] {dagbag.py:536} INFO - Filling up the DagBag from /home/airflow/.local/lib/python3.8/site-packages/airflow/example_dags/example_python_operator.py
[2024-10-06T20:43:25.153+0000] {processor.py:839} INFO - DAG(s) dict_keys(['example_python_operator']) retrieved from /home/airflow/.local/lib/python3.8/site-packages/airflow/example_dags/example_python_operator.py
[2024-10-06T20:43:25.164+0000] {logging_mixin.py:154} INFO - [2024-10-06T20:43:25.163+0000] {dag.py:2941} INFO - Sync 1 DAGs
[2024-10-06T20:43:25.169+0000] {logging_mixin.py:154} INFO - [2024-10-06T20:43:25.168+0000] {dag.py:3722} INFO - Setting next_dagrun for example_python_operator to None, run_after=None
[2024-10-06T20:43:25.175+0000] {processor.py:179} INFO - Processing /home/airflow/.local/lib/python3.8/site-packages/airflow/example_dags/example_python_operator.py took 0.030 seconds
[2024-10-06T21:12:03.423+0000] {processor.py:157} INFO - Started process (PID=27146) to work on /home/airflow/.local/lib/python3.8/site-packages/airflow/example_dags/example_python_operator.py
[2024-10-06T21:12:03.424+0000] {processor.py:829} INFO - Processing file /home/airflow/.local/lib/python3.8/site-packages/airflow/example_dags/example_python_operator.py for tasks to queue
[2024-10-06T21:12:03.425+0000] {logging_mixin.py:154} INFO - [2024-10-06T21:12:03.425+0000] {dagbag.py:536} INFO - Filling up the DagBag from /home/airflow/.local/lib/python3.8/site-packages/airflow/example_dags/example_python_operator.py
[2024-10-06T21:12:03.431+0000] {processor.py:839} INFO - DAG(s) dict_keys(['example_python_operator']) retrieved from /home/airflow/.local/lib/python3.8/site-packages/airflow/example_dags/example_python_operator.py
[2024-10-06T21:12:03.445+0000] {logging_mixin.py:154} INFO - [2024-10-06T21:12:03.444+0000] {dag.py:2941} INFO - Sync 1 DAGs
[2024-10-06T21:12:03.452+0000] {logging_mixin.py:154} INFO - [2024-10-06T21:12:03.451+0000] {dag.py:3722} INFO - Setting next_dagrun for example_python_operator to None, run_after=None
[2024-10-06T21:12:03.462+0000] {processor.py:179} INFO - Processing /home/airflow/.local/lib/python3.8/site-packages/airflow/example_dags/example_python_operator.py took 0.041 seconds
[2024-10-06T21:13:26.200+0000] {processor.py:157} INFO - Started process (PID=27200) to work on /home/airflow/.local/lib/python3.8/site-packages/airflow/example_dags/example_python_operator.py
[2024-10-06T21:13:26.201+0000] {processor.py:829} INFO - Processing file /home/airflow/.local/lib/python3.8/site-packages/airflow/example_dags/example_python_operator.py for tasks to queue
[2024-10-06T21:13:26.202+0000] {logging_mixin.py:154} INFO - [2024-10-06T21:13:26.202+0000] {dagbag.py:536} INFO - Filling up the DagBag from /home/airflow/.local/lib/python3.8/site-packages/airflow/example_dags/example_python_operator.py
[2024-10-06T21:13:26.206+0000] {processor.py:839} INFO - DAG(s) dict_keys(['example_python_operator']) retrieved from /home/airflow/.local/lib/python3.8/site-packages/airflow/example_dags/example_python_operator.py
[2024-10-06T21:13:26.217+0000] {logging_mixin.py:154} INFO - [2024-10-06T21:13:26.217+0000] {dag.py:2941} INFO - Sync 1 DAGs
[2024-10-06T21:13:26.222+0000] {logging_mixin.py:154} INFO - [2024-10-06T21:13:26.222+0000] {dag.py:3722} INFO - Setting next_dagrun for example_python_operator to None, run_after=None
[2024-10-06T21:13:26.228+0000] {processor.py:179} INFO - Processing /home/airflow/.local/lib/python3.8/site-packages/airflow/example_dags/example_python_operator.py took 0.029 seconds
[2024-10-06T21:24:00.328+0000] {processor.py:157} INFO - Started process (PID=27254) to work on /home/airflow/.local/lib/python3.8/site-packages/airflow/example_dags/example_python_operator.py
[2024-10-06T21:24:00.329+0000] {processor.py:829} INFO - Processing file /home/airflow/.local/lib/python3.8/site-packages/airflow/example_dags/example_python_operator.py for tasks to queue
[2024-10-06T21:24:00.330+0000] {logging_mixin.py:154} INFO - [2024-10-06T21:24:00.330+0000] {dagbag.py:536} INFO - Filling up the DagBag from /home/airflow/.local/lib/python3.8/site-packages/airflow/example_dags/example_python_operator.py
[2024-10-06T21:24:00.336+0000] {processor.py:839} INFO - DAG(s) dict_keys(['example_python_operator']) retrieved from /home/airflow/.local/lib/python3.8/site-packages/airflow/example_dags/example_python_operator.py
[2024-10-06T21:24:00.350+0000] {logging_mixin.py:154} INFO - [2024-10-06T21:24:00.350+0000] {dag.py:2941} INFO - Sync 1 DAGs
[2024-10-06T21:24:00.357+0000] {logging_mixin.py:154} INFO - [2024-10-06T21:24:00.357+0000] {dag.py:3722} INFO - Setting next_dagrun for example_python_operator to None, run_after=None
[2024-10-06T21:24:00.368+0000] {processor.py:179} INFO - Processing /home/airflow/.local/lib/python3.8/site-packages/airflow/example_dags/example_python_operator.py took 0.043 seconds
[2024-10-06T22:02:22.006+0000] {processor.py:157} INFO - Started process (PID=27308) to work on /home/airflow/.local/lib/python3.8/site-packages/airflow/example_dags/example_python_operator.py
[2024-10-06T22:02:22.006+0000] {processor.py:829} INFO - Processing file /home/airflow/.local/lib/python3.8/site-packages/airflow/example_dags/example_python_operator.py for tasks to queue
[2024-10-06T22:02:22.007+0000] {logging_mixin.py:154} INFO - [2024-10-06T22:02:22.007+0000] {dagbag.py:536} INFO - Filling up the DagBag from /home/airflow/.local/lib/python3.8/site-packages/airflow/example_dags/example_python_operator.py
[2024-10-06T22:02:22.012+0000] {processor.py:839} INFO - DAG(s) dict_keys(['example_python_operator']) retrieved from /home/airflow/.local/lib/python3.8/site-packages/airflow/example_dags/example_python_operator.py
[2024-10-06T22:02:22.022+0000] {logging_mixin.py:154} INFO - [2024-10-06T22:02:22.022+0000] {dag.py:2941} INFO - Sync 1 DAGs
[2024-10-06T22:02:22.026+0000] {logging_mixin.py:154} INFO - [2024-10-06T22:02:22.026+0000] {dag.py:3722} INFO - Setting next_dagrun for example_python_operator to None, run_after=None
[2024-10-06T22:02:22.033+0000] {processor.py:179} INFO - Processing /home/airflow/.local/lib/python3.8/site-packages/airflow/example_dags/example_python_operator.py took 0.029 seconds
[2024-10-06T22:28:54.999+0000] {processor.py:157} INFO - Started process (PID=27362) to work on /home/airflow/.local/lib/python3.8/site-packages/airflow/example_dags/example_python_operator.py
[2024-10-06T22:28:54.999+0000] {processor.py:829} INFO - Processing file /home/airflow/.local/lib/python3.8/site-packages/airflow/example_dags/example_python_operator.py for tasks to queue
[2024-10-06T22:28:55.000+0000] {logging_mixin.py:154} INFO - [2024-10-06T22:28:55.000+0000] {dagbag.py:536} INFO - Filling up the DagBag from /home/airflow/.local/lib/python3.8/site-packages/airflow/example_dags/example_python_operator.py
[2024-10-06T22:28:55.005+0000] {processor.py:839} INFO - DAG(s) dict_keys(['example_python_operator']) retrieved from /home/airflow/.local/lib/python3.8/site-packages/airflow/example_dags/example_python_operator.py
[2024-10-06T22:28:55.016+0000] {logging_mixin.py:154} INFO - [2024-10-06T22:28:55.016+0000] {dag.py:2941} INFO - Sync 1 DAGs
[2024-10-06T22:28:55.021+0000] {logging_mixin.py:154} INFO - [2024-10-06T22:28:55.021+0000] {dag.py:3722} INFO - Setting next_dagrun for example_python_operator to None, run_after=None
[2024-10-06T22:28:55.029+0000] {processor.py:179} INFO - Processing /home/airflow/.local/lib/python3.8/site-packages/airflow/example_dags/example_python_operator.py took 0.032 seconds
[2024-10-06T22:59:44.563+0000] {processor.py:157} INFO - Started process (PID=27416) to work on /home/airflow/.local/lib/python3.8/site-packages/airflow/example_dags/example_python_operator.py
[2024-10-06T22:59:44.564+0000] {processor.py:829} INFO - Processing file /home/airflow/.local/lib/python3.8/site-packages/airflow/example_dags/example_python_operator.py for tasks to queue
[2024-10-06T22:59:44.566+0000] {logging_mixin.py:154} INFO - [2024-10-06T22:59:44.565+0000] {dagbag.py:536} INFO - Filling up the DagBag from /home/airflow/.local/lib/python3.8/site-packages/airflow/example_dags/example_python_operator.py
[2024-10-06T22:59:44.572+0000] {processor.py:839} INFO - DAG(s) dict_keys(['example_python_operator']) retrieved from /home/airflow/.local/lib/python3.8/site-packages/airflow/example_dags/example_python_operator.py
[2024-10-06T22:59:44.586+0000] {logging_mixin.py:154} INFO - [2024-10-06T22:59:44.586+0000] {dag.py:2941} INFO - Sync 1 DAGs
[2024-10-06T22:59:44.593+0000] {logging_mixin.py:154} INFO - [2024-10-06T22:59:44.592+0000] {dag.py:3722} INFO - Setting next_dagrun for example_python_operator to None, run_after=None
[2024-10-06T22:59:44.603+0000] {processor.py:179} INFO - Processing /home/airflow/.local/lib/python3.8/site-packages/airflow/example_dags/example_python_operator.py took 0.042 seconds
[2024-10-06T23:00:15.530+0000] {processor.py:157} INFO - Started process (PID=27470) to work on /home/airflow/.local/lib/python3.8/site-packages/airflow/example_dags/example_python_operator.py
[2024-10-06T23:00:15.531+0000] {processor.py:829} INFO - Processing file /home/airflow/.local/lib/python3.8/site-packages/airflow/example_dags/example_python_operator.py for tasks to queue
[2024-10-06T23:00:15.532+0000] {logging_mixin.py:154} INFO - [2024-10-06T23:00:15.532+0000] {dagbag.py:536} INFO - Filling up the DagBag from /home/airflow/.local/lib/python3.8/site-packages/airflow/example_dags/example_python_operator.py
[2024-10-06T23:00:15.537+0000] {processor.py:839} INFO - DAG(s) dict_keys(['example_python_operator']) retrieved from /home/airflow/.local/lib/python3.8/site-packages/airflow/example_dags/example_python_operator.py
[2024-10-06T23:00:15.549+0000] {logging_mixin.py:154} INFO - [2024-10-06T23:00:15.549+0000] {dag.py:2941} INFO - Sync 1 DAGs
[2024-10-06T23:00:15.555+0000] {logging_mixin.py:154} INFO - [2024-10-06T23:00:15.555+0000] {dag.py:3722} INFO - Setting next_dagrun for example_python_operator to None, run_after=None
[2024-10-06T23:00:15.563+0000] {processor.py:179} INFO - Processing /home/airflow/.local/lib/python3.8/site-packages/airflow/example_dags/example_python_operator.py took 0.034 seconds
[2024-10-06T23:00:46.140+0000] {processor.py:157} INFO - Started process (PID=27524) to work on /home/airflow/.local/lib/python3.8/site-packages/airflow/example_dags/example_python_operator.py
[2024-10-06T23:00:46.140+0000] {processor.py:829} INFO - Processing file /home/airflow/.local/lib/python3.8/site-packages/airflow/example_dags/example_python_operator.py for tasks to queue
[2024-10-06T23:00:46.142+0000] {logging_mixin.py:154} INFO - [2024-10-06T23:00:46.141+0000] {dagbag.py:536} INFO - Filling up the DagBag from /home/airflow/.local/lib/python3.8/site-packages/airflow/example_dags/example_python_operator.py
[2024-10-06T23:00:46.147+0000] {processor.py:839} INFO - DAG(s) dict_keys(['example_python_operator']) retrieved from /home/airflow/.local/lib/python3.8/site-packages/airflow/example_dags/example_python_operator.py
[2024-10-06T23:00:46.157+0000] {logging_mixin.py:154} INFO - [2024-10-06T23:00:46.156+0000] {dag.py:2941} INFO - Sync 1 DAGs
[2024-10-06T23:00:46.162+0000] {logging_mixin.py:154} INFO - [2024-10-06T23:00:46.162+0000] {dag.py:3722} INFO - Setting next_dagrun for example_python_operator to None, run_after=None
[2024-10-06T23:00:46.168+0000] {processor.py:179} INFO - Processing /home/airflow/.local/lib/python3.8/site-packages/airflow/example_dags/example_python_operator.py took 0.029 seconds
[2024-10-06T23:01:16.751+0000] {processor.py:157} INFO - Started process (PID=27578) to work on /home/airflow/.local/lib/python3.8/site-packages/airflow/example_dags/example_python_operator.py
[2024-10-06T23:01:16.751+0000] {processor.py:829} INFO - Processing file /home/airflow/.local/lib/python3.8/site-packages/airflow/example_dags/example_python_operator.py for tasks to queue
[2024-10-06T23:01:16.752+0000] {logging_mixin.py:154} INFO - [2024-10-06T23:01:16.752+0000] {dagbag.py:536} INFO - Filling up the DagBag from /home/airflow/.local/lib/python3.8/site-packages/airflow/example_dags/example_python_operator.py
[2024-10-06T23:01:16.757+0000] {processor.py:839} INFO - DAG(s) dict_keys(['example_python_operator']) retrieved from /home/airflow/.local/lib/python3.8/site-packages/airflow/example_dags/example_python_operator.py
[2024-10-06T23:01:16.768+0000] {logging_mixin.py:154} INFO - [2024-10-06T23:01:16.767+0000] {dag.py:2941} INFO - Sync 1 DAGs
[2024-10-06T23:01:16.772+0000] {logging_mixin.py:154} INFO - [2024-10-06T23:01:16.772+0000] {dag.py:3722} INFO - Setting next_dagrun for example_python_operator to None, run_after=None
[2024-10-06T23:01:16.779+0000] {processor.py:179} INFO - Processing /home/airflow/.local/lib/python3.8/site-packages/airflow/example_dags/example_python_operator.py took 0.030 seconds
[2024-10-06T23:01:47.191+0000] {processor.py:157} INFO - Started process (PID=27632) to work on /home/airflow/.local/lib/python3.8/site-packages/airflow/example_dags/example_python_operator.py
[2024-10-06T23:01:47.192+0000] {processor.py:829} INFO - Processing file /home/airflow/.local/lib/python3.8/site-packages/airflow/example_dags/example_python_operator.py for tasks to queue
[2024-10-06T23:01:47.193+0000] {logging_mixin.py:154} INFO - [2024-10-06T23:01:47.193+0000] {dagbag.py:536} INFO - Filling up the DagBag from /home/airflow/.local/lib/python3.8/site-packages/airflow/example_dags/example_python_operator.py
[2024-10-06T23:01:47.197+0000] {processor.py:839} INFO - DAG(s) dict_keys(['example_python_operator']) retrieved from /home/airflow/.local/lib/python3.8/site-packages/airflow/example_dags/example_python_operator.py
[2024-10-06T23:01:47.207+0000] {logging_mixin.py:154} INFO - [2024-10-06T23:01:47.207+0000] {dag.py:2941} INFO - Sync 1 DAGs
[2024-10-06T23:01:47.212+0000] {logging_mixin.py:154} INFO - [2024-10-06T23:01:47.212+0000] {dag.py:3722} INFO - Setting next_dagrun for example_python_operator to None, run_after=None
[2024-10-06T23:01:47.218+0000] {processor.py:179} INFO - Processing /home/airflow/.local/lib/python3.8/site-packages/airflow/example_dags/example_python_operator.py took 0.028 seconds
[2024-10-06T23:02:17.638+0000] {processor.py:157} INFO - Started process (PID=27686) to work on /home/airflow/.local/lib/python3.8/site-packages/airflow/example_dags/example_python_operator.py
[2024-10-06T23:02:17.638+0000] {processor.py:829} INFO - Processing file /home/airflow/.local/lib/python3.8/site-packages/airflow/example_dags/example_python_operator.py for tasks to queue
[2024-10-06T23:02:17.639+0000] {logging_mixin.py:154} INFO - [2024-10-06T23:02:17.639+0000] {dagbag.py:536} INFO - Filling up the DagBag from /home/airflow/.local/lib/python3.8/site-packages/airflow/example_dags/example_python_operator.py
[2024-10-06T23:02:17.644+0000] {processor.py:839} INFO - DAG(s) dict_keys(['example_python_operator']) retrieved from /home/airflow/.local/lib/python3.8/site-packages/airflow/example_dags/example_python_operator.py
[2024-10-06T23:02:17.654+0000] {logging_mixin.py:154} INFO - [2024-10-06T23:02:17.654+0000] {dag.py:2941} INFO - Sync 1 DAGs
[2024-10-06T23:02:17.659+0000] {logging_mixin.py:154} INFO - [2024-10-06T23:02:17.659+0000] {dag.py:3722} INFO - Setting next_dagrun for example_python_operator to None, run_after=None
[2024-10-06T23:02:17.665+0000] {processor.py:179} INFO - Processing /home/airflow/.local/lib/python3.8/site-packages/airflow/example_dags/example_python_operator.py took 0.029 seconds
[2024-10-06T23:02:48.057+0000] {processor.py:157} INFO - Started process (PID=27740) to work on /home/airflow/.local/lib/python3.8/site-packages/airflow/example_dags/example_python_operator.py
[2024-10-06T23:02:48.057+0000] {processor.py:829} INFO - Processing file /home/airflow/.local/lib/python3.8/site-packages/airflow/example_dags/example_python_operator.py for tasks to queue
[2024-10-06T23:02:48.059+0000] {logging_mixin.py:154} INFO - [2024-10-06T23:02:48.059+0000] {dagbag.py:536} INFO - Filling up the DagBag from /home/airflow/.local/lib/python3.8/site-packages/airflow/example_dags/example_python_operator.py
[2024-10-06T23:02:48.064+0000] {processor.py:839} INFO - DAG(s) dict_keys(['example_python_operator']) retrieved from /home/airflow/.local/lib/python3.8/site-packages/airflow/example_dags/example_python_operator.py
[2024-10-06T23:02:48.074+0000] {logging_mixin.py:154} INFO - [2024-10-06T23:02:48.074+0000] {dag.py:2941} INFO - Sync 1 DAGs
[2024-10-06T23:02:48.079+0000] {logging_mixin.py:154} INFO - [2024-10-06T23:02:48.079+0000] {dag.py:3722} INFO - Setting next_dagrun for example_python_operator to None, run_after=None
[2024-10-06T23:02:48.086+0000] {processor.py:179} INFO - Processing /home/airflow/.local/lib/python3.8/site-packages/airflow/example_dags/example_python_operator.py took 0.031 seconds
[2024-10-06T23:03:18.457+0000] {processor.py:157} INFO - Started process (PID=27794) to work on /home/airflow/.local/lib/python3.8/site-packages/airflow/example_dags/example_python_operator.py
[2024-10-06T23:03:18.458+0000] {processor.py:829} INFO - Processing file /home/airflow/.local/lib/python3.8/site-packages/airflow/example_dags/example_python_operator.py for tasks to queue
[2024-10-06T23:03:18.459+0000] {logging_mixin.py:154} INFO - [2024-10-06T23:03:18.459+0000] {dagbag.py:536} INFO - Filling up the DagBag from /home/airflow/.local/lib/python3.8/site-packages/airflow/example_dags/example_python_operator.py
[2024-10-06T23:03:18.463+0000] {processor.py:839} INFO - DAG(s) dict_keys(['example_python_operator']) retrieved from /home/airflow/.local/lib/python3.8/site-packages/airflow/example_dags/example_python_operator.py
[2024-10-06T23:03:18.474+0000] {logging_mixin.py:154} INFO - [2024-10-06T23:03:18.474+0000] {dag.py:2941} INFO - Sync 1 DAGs
[2024-10-06T23:03:18.479+0000] {logging_mixin.py:154} INFO - [2024-10-06T23:03:18.479+0000] {dag.py:3722} INFO - Setting next_dagrun for example_python_operator to None, run_after=None
[2024-10-06T23:03:18.485+0000] {processor.py:179} INFO - Processing /home/airflow/.local/lib/python3.8/site-packages/airflow/example_dags/example_python_operator.py took 0.029 seconds
[2024-10-06T23:03:48.947+0000] {processor.py:157} INFO - Started process (PID=27848) to work on /home/airflow/.local/lib/python3.8/site-packages/airflow/example_dags/example_python_operator.py
[2024-10-06T23:03:48.947+0000] {processor.py:829} INFO - Processing file /home/airflow/.local/lib/python3.8/site-packages/airflow/example_dags/example_python_operator.py for tasks to queue
[2024-10-06T23:03:48.948+0000] {logging_mixin.py:154} INFO - [2024-10-06T23:03:48.948+0000] {dagbag.py:536} INFO - Filling up the DagBag from /home/airflow/.local/lib/python3.8/site-packages/airflow/example_dags/example_python_operator.py
[2024-10-06T23:03:48.953+0000] {processor.py:839} INFO - DAG(s) dict_keys(['example_python_operator']) retrieved from /home/airflow/.local/lib/python3.8/site-packages/airflow/example_dags/example_python_operator.py
[2024-10-06T23:03:48.963+0000] {logging_mixin.py:154} INFO - [2024-10-06T23:03:48.963+0000] {dag.py:2941} INFO - Sync 1 DAGs
[2024-10-06T23:03:48.968+0000] {logging_mixin.py:154} INFO - [2024-10-06T23:03:48.968+0000] {dag.py:3722} INFO - Setting next_dagrun for example_python_operator to None, run_after=None
[2024-10-06T23:03:48.975+0000] {processor.py:179} INFO - Processing /home/airflow/.local/lib/python3.8/site-packages/airflow/example_dags/example_python_operator.py took 0.030 seconds
[2024-10-06T23:04:19.371+0000] {processor.py:157} INFO - Started process (PID=27902) to work on /home/airflow/.local/lib/python3.8/site-packages/airflow/example_dags/example_python_operator.py
[2024-10-06T23:04:19.372+0000] {processor.py:829} INFO - Processing file /home/airflow/.local/lib/python3.8/site-packages/airflow/example_dags/example_python_operator.py for tasks to queue
[2024-10-06T23:04:19.373+0000] {logging_mixin.py:154} INFO - [2024-10-06T23:04:19.373+0000] {dagbag.py:536} INFO - Filling up the DagBag from /home/airflow/.local/lib/python3.8/site-packages/airflow/example_dags/example_python_operator.py
[2024-10-06T23:04:19.377+0000] {processor.py:839} INFO - DAG(s) dict_keys(['example_python_operator']) retrieved from /home/airflow/.local/lib/python3.8/site-packages/airflow/example_dags/example_python_operator.py
[2024-10-06T23:04:19.387+0000] {logging_mixin.py:154} INFO - [2024-10-06T23:04:19.387+0000] {dag.py:2941} INFO - Sync 1 DAGs
[2024-10-06T23:04:19.392+0000] {logging_mixin.py:154} INFO - [2024-10-06T23:04:19.392+0000] {dag.py:3722} INFO - Setting next_dagrun for example_python_operator to None, run_after=None
[2024-10-06T23:04:19.399+0000] {processor.py:179} INFO - Processing /home/airflow/.local/lib/python3.8/site-packages/airflow/example_dags/example_python_operator.py took 0.029 seconds
[2024-10-06T23:04:49.823+0000] {processor.py:157} INFO - Started process (PID=27956) to work on /home/airflow/.local/lib/python3.8/site-packages/airflow/example_dags/example_python_operator.py
[2024-10-06T23:04:49.823+0000] {processor.py:829} INFO - Processing file /home/airflow/.local/lib/python3.8/site-packages/airflow/example_dags/example_python_operator.py for tasks to queue
[2024-10-06T23:04:49.824+0000] {logging_mixin.py:154} INFO - [2024-10-06T23:04:49.824+0000] {dagbag.py:536} INFO - Filling up the DagBag from /home/airflow/.local/lib/python3.8/site-packages/airflow/example_dags/example_python_operator.py
[2024-10-06T23:04:49.829+0000] {processor.py:839} INFO - DAG(s) dict_keys(['example_python_operator']) retrieved from /home/airflow/.local/lib/python3.8/site-packages/airflow/example_dags/example_python_operator.py
[2024-10-06T23:04:49.839+0000] {logging_mixin.py:154} INFO - [2024-10-06T23:04:49.838+0000] {dag.py:2941} INFO - Sync 1 DAGs
[2024-10-06T23:04:49.844+0000] {logging_mixin.py:154} INFO - [2024-10-06T23:04:49.844+0000] {dag.py:3722} INFO - Setting next_dagrun for example_python_operator to None, run_after=None
[2024-10-06T23:04:49.850+0000] {processor.py:179} INFO - Processing /home/airflow/.local/lib/python3.8/site-packages/airflow/example_dags/example_python_operator.py took 0.029 seconds
[2024-10-06T23:05:20.238+0000] {processor.py:157} INFO - Started process (PID=28010) to work on /home/airflow/.local/lib/python3.8/site-packages/airflow/example_dags/example_python_operator.py
[2024-10-06T23:05:20.238+0000] {processor.py:829} INFO - Processing file /home/airflow/.local/lib/python3.8/site-packages/airflow/example_dags/example_python_operator.py for tasks to queue
[2024-10-06T23:05:20.239+0000] {logging_mixin.py:154} INFO - [2024-10-06T23:05:20.239+0000] {dagbag.py:536} INFO - Filling up the DagBag from /home/airflow/.local/lib/python3.8/site-packages/airflow/example_dags/example_python_operator.py
[2024-10-06T23:05:20.244+0000] {processor.py:839} INFO - DAG(s) dict_keys(['example_python_operator']) retrieved from /home/airflow/.local/lib/python3.8/site-packages/airflow/example_dags/example_python_operator.py
[2024-10-06T23:05:20.255+0000] {logging_mixin.py:154} INFO - [2024-10-06T23:05:20.254+0000] {dag.py:2941} INFO - Sync 1 DAGs
[2024-10-06T23:05:20.260+0000] {logging_mixin.py:154} INFO - [2024-10-06T23:05:20.260+0000] {dag.py:3722} INFO - Setting next_dagrun for example_python_operator to None, run_after=None
[2024-10-06T23:05:20.267+0000] {processor.py:179} INFO - Processing /home/airflow/.local/lib/python3.8/site-packages/airflow/example_dags/example_python_operator.py took 0.031 seconds
[2024-10-06T23:05:50.635+0000] {processor.py:157} INFO - Started process (PID=28064) to work on /home/airflow/.local/lib/python3.8/site-packages/airflow/example_dags/example_python_operator.py
[2024-10-06T23:05:50.635+0000] {processor.py:829} INFO - Processing file /home/airflow/.local/lib/python3.8/site-packages/airflow/example_dags/example_python_operator.py for tasks to queue
[2024-10-06T23:05:50.636+0000] {logging_mixin.py:154} INFO - [2024-10-06T23:05:50.636+0000] {dagbag.py:536} INFO - Filling up the DagBag from /home/airflow/.local/lib/python3.8/site-packages/airflow/example_dags/example_python_operator.py
[2024-10-06T23:05:50.641+0000] {processor.py:839} INFO - DAG(s) dict_keys(['example_python_operator']) retrieved from /home/airflow/.local/lib/python3.8/site-packages/airflow/example_dags/example_python_operator.py
[2024-10-06T23:05:50.651+0000] {logging_mixin.py:154} INFO - [2024-10-06T23:05:50.651+0000] {dag.py:2941} INFO - Sync 1 DAGs
[2024-10-06T23:05:50.656+0000] {logging_mixin.py:154} INFO - [2024-10-06T23:05:50.656+0000] {dag.py:3722} INFO - Setting next_dagrun for example_python_operator to None, run_after=None
[2024-10-06T23:05:50.663+0000] {processor.py:179} INFO - Processing /home/airflow/.local/lib/python3.8/site-packages/airflow/example_dags/example_python_operator.py took 0.029 seconds
[2024-10-06T23:06:21.075+0000] {processor.py:157} INFO - Started process (PID=28118) to work on /home/airflow/.local/lib/python3.8/site-packages/airflow/example_dags/example_python_operator.py
[2024-10-06T23:06:21.075+0000] {processor.py:829} INFO - Processing file /home/airflow/.local/lib/python3.8/site-packages/airflow/example_dags/example_python_operator.py for tasks to queue
[2024-10-06T23:06:21.077+0000] {logging_mixin.py:154} INFO - [2024-10-06T23:06:21.076+0000] {dagbag.py:536} INFO - Filling up the DagBag from /home/airflow/.local/lib/python3.8/site-packages/airflow/example_dags/example_python_operator.py
[2024-10-06T23:06:21.081+0000] {processor.py:839} INFO - DAG(s) dict_keys(['example_python_operator']) retrieved from /home/airflow/.local/lib/python3.8/site-packages/airflow/example_dags/example_python_operator.py
[2024-10-06T23:06:21.091+0000] {logging_mixin.py:154} INFO - [2024-10-06T23:06:21.091+0000] {dag.py:2941} INFO - Sync 1 DAGs
[2024-10-06T23:06:21.096+0000] {logging_mixin.py:154} INFO - [2024-10-06T23:06:21.096+0000] {dag.py:3722} INFO - Setting next_dagrun for example_python_operator to None, run_after=None
[2024-10-06T23:06:21.103+0000] {processor.py:179} INFO - Processing /home/airflow/.local/lib/python3.8/site-packages/airflow/example_dags/example_python_operator.py took 0.030 seconds
[2024-10-06T23:06:51.518+0000] {processor.py:157} INFO - Started process (PID=28172) to work on /home/airflow/.local/lib/python3.8/site-packages/airflow/example_dags/example_python_operator.py
[2024-10-06T23:06:51.518+0000] {processor.py:829} INFO - Processing file /home/airflow/.local/lib/python3.8/site-packages/airflow/example_dags/example_python_operator.py for tasks to queue
[2024-10-06T23:06:51.519+0000] {logging_mixin.py:154} INFO - [2024-10-06T23:06:51.519+0000] {dagbag.py:536} INFO - Filling up the DagBag from /home/airflow/.local/lib/python3.8/site-packages/airflow/example_dags/example_python_operator.py
[2024-10-06T23:06:51.524+0000] {processor.py:839} INFO - DAG(s) dict_keys(['example_python_operator']) retrieved from /home/airflow/.local/lib/python3.8/site-packages/airflow/example_dags/example_python_operator.py
[2024-10-06T23:06:51.534+0000] {logging_mixin.py:154} INFO - [2024-10-06T23:06:51.533+0000] {dag.py:2941} INFO - Sync 1 DAGs
[2024-10-06T23:06:51.538+0000] {logging_mixin.py:154} INFO - [2024-10-06T23:06:51.538+0000] {dag.py:3722} INFO - Setting next_dagrun for example_python_operator to None, run_after=None
[2024-10-06T23:06:51.545+0000] {processor.py:179} INFO - Processing /home/airflow/.local/lib/python3.8/site-packages/airflow/example_dags/example_python_operator.py took 0.029 seconds
[2024-10-06T23:07:21.936+0000] {processor.py:157} INFO - Started process (PID=28226) to work on /home/airflow/.local/lib/python3.8/site-packages/airflow/example_dags/example_python_operator.py
[2024-10-06T23:07:21.936+0000] {processor.py:829} INFO - Processing file /home/airflow/.local/lib/python3.8/site-packages/airflow/example_dags/example_python_operator.py for tasks to queue
[2024-10-06T23:07:21.938+0000] {logging_mixin.py:154} INFO - [2024-10-06T23:07:21.937+0000] {dagbag.py:536} INFO - Filling up the DagBag from /home/airflow/.local/lib/python3.8/site-packages/airflow/example_dags/example_python_operator.py
[2024-10-06T23:07:21.942+0000] {processor.py:839} INFO - DAG(s) dict_keys(['example_python_operator']) retrieved from /home/airflow/.local/lib/python3.8/site-packages/airflow/example_dags/example_python_operator.py
[2024-10-06T23:07:21.952+0000] {logging_mixin.py:154} INFO - [2024-10-06T23:07:21.952+0000] {dag.py:2941} INFO - Sync 1 DAGs
[2024-10-06T23:07:21.958+0000] {logging_mixin.py:154} INFO - [2024-10-06T23:07:21.957+0000] {dag.py:3722} INFO - Setting next_dagrun for example_python_operator to None, run_after=None
[2024-10-06T23:07:21.964+0000] {processor.py:179} INFO - Processing /home/airflow/.local/lib/python3.8/site-packages/airflow/example_dags/example_python_operator.py took 0.030 seconds
[2024-10-06T23:07:52.400+0000] {processor.py:157} INFO - Started process (PID=28280) to work on /home/airflow/.local/lib/python3.8/site-packages/airflow/example_dags/example_python_operator.py
[2024-10-06T23:07:52.401+0000] {processor.py:829} INFO - Processing file /home/airflow/.local/lib/python3.8/site-packages/airflow/example_dags/example_python_operator.py for tasks to queue
[2024-10-06T23:07:52.402+0000] {logging_mixin.py:154} INFO - [2024-10-06T23:07:52.402+0000] {dagbag.py:536} INFO - Filling up the DagBag from /home/airflow/.local/lib/python3.8/site-packages/airflow/example_dags/example_python_operator.py
[2024-10-06T23:07:52.407+0000] {processor.py:839} INFO - DAG(s) dict_keys(['example_python_operator']) retrieved from /home/airflow/.local/lib/python3.8/site-packages/airflow/example_dags/example_python_operator.py
[2024-10-06T23:07:52.417+0000] {logging_mixin.py:154} INFO - [2024-10-06T23:07:52.417+0000] {dag.py:2941} INFO - Sync 1 DAGs
[2024-10-06T23:07:52.422+0000] {logging_mixin.py:154} INFO - [2024-10-06T23:07:52.422+0000] {dag.py:3722} INFO - Setting next_dagrun for example_python_operator to None, run_after=None
[2024-10-06T23:07:52.428+0000] {processor.py:179} INFO - Processing /home/airflow/.local/lib/python3.8/site-packages/airflow/example_dags/example_python_operator.py took 0.029 seconds
[2024-10-06T23:08:22.758+0000] {processor.py:157} INFO - Started process (PID=28334) to work on /home/airflow/.local/lib/python3.8/site-packages/airflow/example_dags/example_python_operator.py
[2024-10-06T23:08:22.758+0000] {processor.py:829} INFO - Processing file /home/airflow/.local/lib/python3.8/site-packages/airflow/example_dags/example_python_operator.py for tasks to queue
[2024-10-06T23:08:22.759+0000] {logging_mixin.py:154} INFO - [2024-10-06T23:08:22.759+0000] {dagbag.py:536} INFO - Filling up the DagBag from /home/airflow/.local/lib/python3.8/site-packages/airflow/example_dags/example_python_operator.py
[2024-10-06T23:08:22.764+0000] {processor.py:839} INFO - DAG(s) dict_keys(['example_python_operator']) retrieved from /home/airflow/.local/lib/python3.8/site-packages/airflow/example_dags/example_python_operator.py
[2024-10-06T23:08:22.774+0000] {logging_mixin.py:154} INFO - [2024-10-06T23:08:22.774+0000] {dag.py:2941} INFO - Sync 1 DAGs
[2024-10-06T23:08:22.779+0000] {logging_mixin.py:154} INFO - [2024-10-06T23:08:22.779+0000] {dag.py:3722} INFO - Setting next_dagrun for example_python_operator to None, run_after=None
[2024-10-06T23:08:22.786+0000] {processor.py:179} INFO - Processing /home/airflow/.local/lib/python3.8/site-packages/airflow/example_dags/example_python_operator.py took 0.030 seconds
[2024-10-06T23:08:53.198+0000] {processor.py:157} INFO - Started process (PID=28395) to work on /home/airflow/.local/lib/python3.8/site-packages/airflow/example_dags/example_python_operator.py
[2024-10-06T23:08:53.198+0000] {processor.py:829} INFO - Processing file /home/airflow/.local/lib/python3.8/site-packages/airflow/example_dags/example_python_operator.py for tasks to queue
[2024-10-06T23:08:53.199+0000] {logging_mixin.py:154} INFO - [2024-10-06T23:08:53.199+0000] {dagbag.py:536} INFO - Filling up the DagBag from /home/airflow/.local/lib/python3.8/site-packages/airflow/example_dags/example_python_operator.py
[2024-10-06T23:08:53.204+0000] {processor.py:839} INFO - DAG(s) dict_keys(['example_python_operator']) retrieved from /home/airflow/.local/lib/python3.8/site-packages/airflow/example_dags/example_python_operator.py
[2024-10-06T23:08:53.214+0000] {logging_mixin.py:154} INFO - [2024-10-06T23:08:53.214+0000] {dag.py:2941} INFO - Sync 1 DAGs
[2024-10-06T23:08:53.219+0000] {logging_mixin.py:154} INFO - [2024-10-06T23:08:53.219+0000] {dag.py:3722} INFO - Setting next_dagrun for example_python_operator to None, run_after=None
[2024-10-06T23:08:53.226+0000] {processor.py:179} INFO - Processing /home/airflow/.local/lib/python3.8/site-packages/airflow/example_dags/example_python_operator.py took 0.030 seconds
[2024-10-06T23:09:23.587+0000] {processor.py:157} INFO - Started process (PID=28449) to work on /home/airflow/.local/lib/python3.8/site-packages/airflow/example_dags/example_python_operator.py
[2024-10-06T23:09:23.587+0000] {processor.py:829} INFO - Processing file /home/airflow/.local/lib/python3.8/site-packages/airflow/example_dags/example_python_operator.py for tasks to queue
[2024-10-06T23:09:23.589+0000] {logging_mixin.py:154} INFO - [2024-10-06T23:09:23.589+0000] {dagbag.py:536} INFO - Filling up the DagBag from /home/airflow/.local/lib/python3.8/site-packages/airflow/example_dags/example_python_operator.py
[2024-10-06T23:09:23.593+0000] {processor.py:839} INFO - DAG(s) dict_keys(['example_python_operator']) retrieved from /home/airflow/.local/lib/python3.8/site-packages/airflow/example_dags/example_python_operator.py
[2024-10-06T23:09:23.604+0000] {logging_mixin.py:154} INFO - [2024-10-06T23:09:23.604+0000] {dag.py:2941} INFO - Sync 1 DAGs
[2024-10-06T23:09:23.609+0000] {logging_mixin.py:154} INFO - [2024-10-06T23:09:23.609+0000] {dag.py:3722} INFO - Setting next_dagrun for example_python_operator to None, run_after=None
[2024-10-06T23:09:23.615+0000] {processor.py:179} INFO - Processing /home/airflow/.local/lib/python3.8/site-packages/airflow/example_dags/example_python_operator.py took 0.030 seconds
[2024-10-06T23:09:54.094+0000] {processor.py:157} INFO - Started process (PID=28503) to work on /home/airflow/.local/lib/python3.8/site-packages/airflow/example_dags/example_python_operator.py
[2024-10-06T23:09:54.095+0000] {processor.py:829} INFO - Processing file /home/airflow/.local/lib/python3.8/site-packages/airflow/example_dags/example_python_operator.py for tasks to queue
[2024-10-06T23:09:54.096+0000] {logging_mixin.py:154} INFO - [2024-10-06T23:09:54.096+0000] {dagbag.py:536} INFO - Filling up the DagBag from /home/airflow/.local/lib/python3.8/site-packages/airflow/example_dags/example_python_operator.py
[2024-10-06T23:09:54.101+0000] {processor.py:839} INFO - DAG(s) dict_keys(['example_python_operator']) retrieved from /home/airflow/.local/lib/python3.8/site-packages/airflow/example_dags/example_python_operator.py
[2024-10-06T23:09:54.111+0000] {logging_mixin.py:154} INFO - [2024-10-06T23:09:54.111+0000] {dag.py:2941} INFO - Sync 1 DAGs
[2024-10-06T23:09:54.117+0000] {logging_mixin.py:154} INFO - [2024-10-06T23:09:54.117+0000] {dag.py:3722} INFO - Setting next_dagrun for example_python_operator to None, run_after=None
[2024-10-06T23:09:54.124+0000] {processor.py:179} INFO - Processing /home/airflow/.local/lib/python3.8/site-packages/airflow/example_dags/example_python_operator.py took 0.031 seconds
[2024-10-06T23:10:24.527+0000] {processor.py:157} INFO - Started process (PID=28557) to work on /home/airflow/.local/lib/python3.8/site-packages/airflow/example_dags/example_python_operator.py
[2024-10-06T23:10:24.527+0000] {processor.py:829} INFO - Processing file /home/airflow/.local/lib/python3.8/site-packages/airflow/example_dags/example_python_operator.py for tasks to queue
[2024-10-06T23:10:24.528+0000] {logging_mixin.py:154} INFO - [2024-10-06T23:10:24.528+0000] {dagbag.py:536} INFO - Filling up the DagBag from /home/airflow/.local/lib/python3.8/site-packages/airflow/example_dags/example_python_operator.py
[2024-10-06T23:10:24.533+0000] {processor.py:839} INFO - DAG(s) dict_keys(['example_python_operator']) retrieved from /home/airflow/.local/lib/python3.8/site-packages/airflow/example_dags/example_python_operator.py
[2024-10-06T23:10:24.543+0000] {logging_mixin.py:154} INFO - [2024-10-06T23:10:24.543+0000] {dag.py:2941} INFO - Sync 1 DAGs
[2024-10-06T23:10:24.549+0000] {logging_mixin.py:154} INFO - [2024-10-06T23:10:24.549+0000] {dag.py:3722} INFO - Setting next_dagrun for example_python_operator to None, run_after=None
[2024-10-06T23:10:24.555+0000] {processor.py:179} INFO - Processing /home/airflow/.local/lib/python3.8/site-packages/airflow/example_dags/example_python_operator.py took 0.030 seconds
[2024-10-06T23:10:54.932+0000] {processor.py:157} INFO - Started process (PID=28611) to work on /home/airflow/.local/lib/python3.8/site-packages/airflow/example_dags/example_python_operator.py
[2024-10-06T23:10:54.932+0000] {processor.py:829} INFO - Processing file /home/airflow/.local/lib/python3.8/site-packages/airflow/example_dags/example_python_operator.py for tasks to queue
[2024-10-06T23:10:54.933+0000] {logging_mixin.py:154} INFO - [2024-10-06T23:10:54.933+0000] {dagbag.py:536} INFO - Filling up the DagBag from /home/airflow/.local/lib/python3.8/site-packages/airflow/example_dags/example_python_operator.py
[2024-10-06T23:10:54.939+0000] {processor.py:839} INFO - DAG(s) dict_keys(['example_python_operator']) retrieved from /home/airflow/.local/lib/python3.8/site-packages/airflow/example_dags/example_python_operator.py
[2024-10-06T23:10:54.949+0000] {logging_mixin.py:154} INFO - [2024-10-06T23:10:54.948+0000] {dag.py:2941} INFO - Sync 1 DAGs
[2024-10-06T23:10:54.954+0000] {logging_mixin.py:154} INFO - [2024-10-06T23:10:54.954+0000] {dag.py:3722} INFO - Setting next_dagrun for example_python_operator to None, run_after=None
[2024-10-06T23:10:54.961+0000] {processor.py:179} INFO - Processing /home/airflow/.local/lib/python3.8/site-packages/airflow/example_dags/example_python_operator.py took 0.030 seconds
[2024-10-06T23:11:25.345+0000] {processor.py:157} INFO - Started process (PID=28665) to work on /home/airflow/.local/lib/python3.8/site-packages/airflow/example_dags/example_python_operator.py
[2024-10-06T23:11:25.345+0000] {processor.py:829} INFO - Processing file /home/airflow/.local/lib/python3.8/site-packages/airflow/example_dags/example_python_operator.py for tasks to queue
[2024-10-06T23:11:25.347+0000] {logging_mixin.py:154} INFO - [2024-10-06T23:11:25.346+0000] {dagbag.py:536} INFO - Filling up the DagBag from /home/airflow/.local/lib/python3.8/site-packages/airflow/example_dags/example_python_operator.py
[2024-10-06T23:11:25.352+0000] {processor.py:839} INFO - DAG(s) dict_keys(['example_python_operator']) retrieved from /home/airflow/.local/lib/python3.8/site-packages/airflow/example_dags/example_python_operator.py
[2024-10-06T23:11:25.364+0000] {logging_mixin.py:154} INFO - [2024-10-06T23:11:25.363+0000] {dag.py:2941} INFO - Sync 1 DAGs
[2024-10-06T23:11:25.369+0000] {logging_mixin.py:154} INFO - [2024-10-06T23:11:25.369+0000] {dag.py:3722} INFO - Setting next_dagrun for example_python_operator to None, run_after=None
[2024-10-06T23:11:25.375+0000] {processor.py:179} INFO - Processing /home/airflow/.local/lib/python3.8/site-packages/airflow/example_dags/example_python_operator.py took 0.032 seconds
[2024-10-06T23:11:55.804+0000] {processor.py:157} INFO - Started process (PID=28719) to work on /home/airflow/.local/lib/python3.8/site-packages/airflow/example_dags/example_python_operator.py
[2024-10-06T23:11:55.805+0000] {processor.py:829} INFO - Processing file /home/airflow/.local/lib/python3.8/site-packages/airflow/example_dags/example_python_operator.py for tasks to queue
[2024-10-06T23:11:55.806+0000] {logging_mixin.py:154} INFO - [2024-10-06T23:11:55.806+0000] {dagbag.py:536} INFO - Filling up the DagBag from /home/airflow/.local/lib/python3.8/site-packages/airflow/example_dags/example_python_operator.py
[2024-10-06T23:11:55.811+0000] {processor.py:839} INFO - DAG(s) dict_keys(['example_python_operator']) retrieved from /home/airflow/.local/lib/python3.8/site-packages/airflow/example_dags/example_python_operator.py
[2024-10-06T23:11:55.822+0000] {logging_mixin.py:154} INFO - [2024-10-06T23:11:55.822+0000] {dag.py:2941} INFO - Sync 1 DAGs
[2024-10-06T23:11:55.828+0000] {logging_mixin.py:154} INFO - [2024-10-06T23:11:55.828+0000] {dag.py:3722} INFO - Setting next_dagrun for example_python_operator to None, run_after=None
[2024-10-06T23:11:55.835+0000] {processor.py:179} INFO - Processing /home/airflow/.local/lib/python3.8/site-packages/airflow/example_dags/example_python_operator.py took 0.032 seconds
[2024-10-06T23:12:26.291+0000] {processor.py:157} INFO - Started process (PID=28773) to work on /home/airflow/.local/lib/python3.8/site-packages/airflow/example_dags/example_python_operator.py
[2024-10-06T23:12:26.292+0000] {processor.py:829} INFO - Processing file /home/airflow/.local/lib/python3.8/site-packages/airflow/example_dags/example_python_operator.py for tasks to queue
[2024-10-06T23:12:26.293+0000] {logging_mixin.py:154} INFO - [2024-10-06T23:12:26.293+0000] {dagbag.py:536} INFO - Filling up the DagBag from /home/airflow/.local/lib/python3.8/site-packages/airflow/example_dags/example_python_operator.py
[2024-10-06T23:12:26.297+0000] {processor.py:839} INFO - DAG(s) dict_keys(['example_python_operator']) retrieved from /home/airflow/.local/lib/python3.8/site-packages/airflow/example_dags/example_python_operator.py
[2024-10-06T23:12:26.308+0000] {logging_mixin.py:154} INFO - [2024-10-06T23:12:26.308+0000] {dag.py:2941} INFO - Sync 1 DAGs
[2024-10-06T23:12:26.313+0000] {logging_mixin.py:154} INFO - [2024-10-06T23:12:26.313+0000] {dag.py:3722} INFO - Setting next_dagrun for example_python_operator to None, run_after=None
[2024-10-06T23:12:26.319+0000] {processor.py:179} INFO - Processing /home/airflow/.local/lib/python3.8/site-packages/airflow/example_dags/example_python_operator.py took 0.030 seconds
[2024-10-06T23:12:56.764+0000] {processor.py:157} INFO - Started process (PID=28827) to work on /home/airflow/.local/lib/python3.8/site-packages/airflow/example_dags/example_python_operator.py
[2024-10-06T23:12:56.764+0000] {processor.py:829} INFO - Processing file /home/airflow/.local/lib/python3.8/site-packages/airflow/example_dags/example_python_operator.py for tasks to queue
[2024-10-06T23:12:56.766+0000] {logging_mixin.py:154} INFO - [2024-10-06T23:12:56.765+0000] {dagbag.py:536} INFO - Filling up the DagBag from /home/airflow/.local/lib/python3.8/site-packages/airflow/example_dags/example_python_operator.py
[2024-10-06T23:12:56.770+0000] {processor.py:839} INFO - DAG(s) dict_keys(['example_python_operator']) retrieved from /home/airflow/.local/lib/python3.8/site-packages/airflow/example_dags/example_python_operator.py
[2024-10-06T23:12:56.780+0000] {logging_mixin.py:154} INFO - [2024-10-06T23:12:56.780+0000] {dag.py:2941} INFO - Sync 1 DAGs
[2024-10-06T23:12:56.785+0000] {logging_mixin.py:154} INFO - [2024-10-06T23:12:56.785+0000] {dag.py:3722} INFO - Setting next_dagrun for example_python_operator to None, run_after=None
[2024-10-06T23:12:56.791+0000] {processor.py:179} INFO - Processing /home/airflow/.local/lib/python3.8/site-packages/airflow/example_dags/example_python_operator.py took 0.028 seconds
[2024-10-06T23:13:27.210+0000] {processor.py:157} INFO - Started process (PID=28881) to work on /home/airflow/.local/lib/python3.8/site-packages/airflow/example_dags/example_python_operator.py
[2024-10-06T23:13:27.211+0000] {processor.py:829} INFO - Processing file /home/airflow/.local/lib/python3.8/site-packages/airflow/example_dags/example_python_operator.py for tasks to queue
[2024-10-06T23:13:27.212+0000] {logging_mixin.py:154} INFO - [2024-10-06T23:13:27.212+0000] {dagbag.py:536} INFO - Filling up the DagBag from /home/airflow/.local/lib/python3.8/site-packages/airflow/example_dags/example_python_operator.py
[2024-10-06T23:13:27.216+0000] {processor.py:839} INFO - DAG(s) dict_keys(['example_python_operator']) retrieved from /home/airflow/.local/lib/python3.8/site-packages/airflow/example_dags/example_python_operator.py
[2024-10-06T23:13:27.227+0000] {logging_mixin.py:154} INFO - [2024-10-06T23:13:27.227+0000] {dag.py:2941} INFO - Sync 1 DAGs
[2024-10-06T23:13:27.232+0000] {logging_mixin.py:154} INFO - [2024-10-06T23:13:27.232+0000] {dag.py:3722} INFO - Setting next_dagrun for example_python_operator to None, run_after=None
[2024-10-06T23:13:27.239+0000] {processor.py:179} INFO - Processing /home/airflow/.local/lib/python3.8/site-packages/airflow/example_dags/example_python_operator.py took 0.031 seconds
[2024-10-06T23:13:57.680+0000] {processor.py:157} INFO - Started process (PID=28935) to work on /home/airflow/.local/lib/python3.8/site-packages/airflow/example_dags/example_python_operator.py
[2024-10-06T23:13:57.681+0000] {processor.py:829} INFO - Processing file /home/airflow/.local/lib/python3.8/site-packages/airflow/example_dags/example_python_operator.py for tasks to queue
[2024-10-06T23:13:57.684+0000] {logging_mixin.py:154} INFO - [2024-10-06T23:13:57.684+0000] {dagbag.py:536} INFO - Filling up the DagBag from /home/airflow/.local/lib/python3.8/site-packages/airflow/example_dags/example_python_operator.py
[2024-10-06T23:13:57.689+0000] {processor.py:839} INFO - DAG(s) dict_keys(['example_python_operator']) retrieved from /home/airflow/.local/lib/python3.8/site-packages/airflow/example_dags/example_python_operator.py
[2024-10-06T23:13:57.700+0000] {logging_mixin.py:154} INFO - [2024-10-06T23:13:57.700+0000] {dag.py:2941} INFO - Sync 1 DAGs
[2024-10-06T23:13:57.706+0000] {logging_mixin.py:154} INFO - [2024-10-06T23:13:57.706+0000] {dag.py:3722} INFO - Setting next_dagrun for example_python_operator to None, run_after=None
[2024-10-06T23:13:57.713+0000] {processor.py:179} INFO - Processing /home/airflow/.local/lib/python3.8/site-packages/airflow/example_dags/example_python_operator.py took 0.035 seconds
[2024-10-06T23:14:28.156+0000] {processor.py:157} INFO - Started process (PID=28989) to work on /home/airflow/.local/lib/python3.8/site-packages/airflow/example_dags/example_python_operator.py
[2024-10-06T23:14:28.157+0000] {processor.py:829} INFO - Processing file /home/airflow/.local/lib/python3.8/site-packages/airflow/example_dags/example_python_operator.py for tasks to queue
[2024-10-06T23:14:28.158+0000] {logging_mixin.py:154} INFO - [2024-10-06T23:14:28.158+0000] {dagbag.py:536} INFO - Filling up the DagBag from /home/airflow/.local/lib/python3.8/site-packages/airflow/example_dags/example_python_operator.py
[2024-10-06T23:14:28.162+0000] {processor.py:839} INFO - DAG(s) dict_keys(['example_python_operator']) retrieved from /home/airflow/.local/lib/python3.8/site-packages/airflow/example_dags/example_python_operator.py
[2024-10-06T23:14:28.173+0000] {logging_mixin.py:154} INFO - [2024-10-06T23:14:28.172+0000] {dag.py:2941} INFO - Sync 1 DAGs
[2024-10-06T23:14:28.178+0000] {logging_mixin.py:154} INFO - [2024-10-06T23:14:28.177+0000] {dag.py:3722} INFO - Setting next_dagrun for example_python_operator to None, run_after=None
[2024-10-06T23:14:28.184+0000] {processor.py:179} INFO - Processing /home/airflow/.local/lib/python3.8/site-packages/airflow/example_dags/example_python_operator.py took 0.029 seconds
[2024-10-06T23:14:58.626+0000] {processor.py:157} INFO - Started process (PID=29043) to work on /home/airflow/.local/lib/python3.8/site-packages/airflow/example_dags/example_python_operator.py
[2024-10-06T23:14:58.626+0000] {processor.py:829} INFO - Processing file /home/airflow/.local/lib/python3.8/site-packages/airflow/example_dags/example_python_operator.py for tasks to queue
[2024-10-06T23:14:58.627+0000] {logging_mixin.py:154} INFO - [2024-10-06T23:14:58.627+0000] {dagbag.py:536} INFO - Filling up the DagBag from /home/airflow/.local/lib/python3.8/site-packages/airflow/example_dags/example_python_operator.py
[2024-10-06T23:14:58.632+0000] {processor.py:839} INFO - DAG(s) dict_keys(['example_python_operator']) retrieved from /home/airflow/.local/lib/python3.8/site-packages/airflow/example_dags/example_python_operator.py
[2024-10-06T23:14:58.642+0000] {logging_mixin.py:154} INFO - [2024-10-06T23:14:58.642+0000] {dag.py:2941} INFO - Sync 1 DAGs
[2024-10-06T23:14:58.647+0000] {logging_mixin.py:154} INFO - [2024-10-06T23:14:58.647+0000] {dag.py:3722} INFO - Setting next_dagrun for example_python_operator to None, run_after=None
[2024-10-06T23:14:58.654+0000] {processor.py:179} INFO - Processing /home/airflow/.local/lib/python3.8/site-packages/airflow/example_dags/example_python_operator.py took 0.030 seconds
[2024-10-06T23:15:29.035+0000] {processor.py:157} INFO - Started process (PID=29097) to work on /home/airflow/.local/lib/python3.8/site-packages/airflow/example_dags/example_python_operator.py
[2024-10-06T23:15:29.035+0000] {processor.py:829} INFO - Processing file /home/airflow/.local/lib/python3.8/site-packages/airflow/example_dags/example_python_operator.py for tasks to queue
[2024-10-06T23:15:29.036+0000] {logging_mixin.py:154} INFO - [2024-10-06T23:15:29.036+0000] {dagbag.py:536} INFO - Filling up the DagBag from /home/airflow/.local/lib/python3.8/site-packages/airflow/example_dags/example_python_operator.py
[2024-10-06T23:15:29.041+0000] {processor.py:839} INFO - DAG(s) dict_keys(['example_python_operator']) retrieved from /home/airflow/.local/lib/python3.8/site-packages/airflow/example_dags/example_python_operator.py
[2024-10-06T23:15:29.050+0000] {logging_mixin.py:154} INFO - [2024-10-06T23:15:29.050+0000] {dag.py:2941} INFO - Sync 1 DAGs
[2024-10-06T23:15:29.054+0000] {logging_mixin.py:154} INFO - [2024-10-06T23:15:29.054+0000] {dag.py:3722} INFO - Setting next_dagrun for example_python_operator to None, run_after=None
[2024-10-06T23:15:29.060+0000] {processor.py:179} INFO - Processing /home/airflow/.local/lib/python3.8/site-packages/airflow/example_dags/example_python_operator.py took 0.027 seconds
[2024-10-06T23:54:56.702+0000] {processor.py:157} INFO - Started process (PID=29144) to work on /home/airflow/.local/lib/python3.8/site-packages/airflow/example_dags/example_python_operator.py
[2024-10-06T23:54:56.702+0000] {processor.py:829} INFO - Processing file /home/airflow/.local/lib/python3.8/site-packages/airflow/example_dags/example_python_operator.py for tasks to queue
[2024-10-06T23:54:56.704+0000] {logging_mixin.py:154} INFO - [2024-10-06T23:54:56.704+0000] {dagbag.py:536} INFO - Filling up the DagBag from /home/airflow/.local/lib/python3.8/site-packages/airflow/example_dags/example_python_operator.py
[2024-10-06T23:54:56.710+0000] {processor.py:839} INFO - DAG(s) dict_keys(['example_python_operator']) retrieved from /home/airflow/.local/lib/python3.8/site-packages/airflow/example_dags/example_python_operator.py
[2024-10-06T23:54:56.722+0000] {logging_mixin.py:154} INFO - [2024-10-06T23:54:56.721+0000] {dag.py:2941} INFO - Sync 1 DAGs
[2024-10-06T23:54:56.731+0000] {logging_mixin.py:154} INFO - [2024-10-06T23:54:56.731+0000] {dag.py:3722} INFO - Setting next_dagrun for example_python_operator to None, run_after=None
[2024-10-06T23:54:56.744+0000] {processor.py:179} INFO - Processing /home/airflow/.local/lib/python3.8/site-packages/airflow/example_dags/example_python_operator.py took 0.044 seconds
