[2024-10-06T00:48:01.737+0000] {processor.py:157} INFO - Started process (PID=25799) to work on /home/airflow/.local/lib/python3.8/site-packages/airflow/example_dags/example_time_delta_sensor_async.py
[2024-10-06T00:48:01.738+0000] {processor.py:829} INFO - Processing file /home/airflow/.local/lib/python3.8/site-packages/airflow/example_dags/example_time_delta_sensor_async.py for tasks to queue
[2024-10-06T00:48:01.739+0000] {logging_mixin.py:154} INFO - [2024-10-06T00:48:01.739+0000] {dagbag.py:536} INFO - Filling up the DagBag from /home/airflow/.local/lib/python3.8/site-packages/airflow/example_dags/example_time_delta_sensor_async.py
[2024-10-06T00:48:01.741+0000] {processor.py:839} INFO - DAG(s) dict_keys(['example_time_delta_sensor_async']) retrieved from /home/airflow/.local/lib/python3.8/site-packages/airflow/example_dags/example_time_delta_sensor_async.py
[2024-10-06T00:48:01.750+0000] {logging_mixin.py:154} INFO - [2024-10-06T00:48:01.750+0000] {dag.py:2941} INFO - Sync 1 DAGs
[2024-10-06T00:48:01.755+0000] {logging_mixin.py:154} INFO - [2024-10-06T00:48:01.755+0000] {dag.py:3722} INFO - Setting next_dagrun for example_time_delta_sensor_async to None, run_after=None
[2024-10-06T00:48:01.761+0000] {processor.py:179} INFO - Processing /home/airflow/.local/lib/python3.8/site-packages/airflow/example_dags/example_time_delta_sensor_async.py took 0.026 seconds
[2024-10-06T00:59:18.801+0000] {processor.py:157} INFO - Started process (PID=25853) to work on /home/airflow/.local/lib/python3.8/site-packages/airflow/example_dags/example_time_delta_sensor_async.py
[2024-10-06T00:59:18.802+0000] {processor.py:829} INFO - Processing file /home/airflow/.local/lib/python3.8/site-packages/airflow/example_dags/example_time_delta_sensor_async.py for tasks to queue
[2024-10-06T00:59:18.804+0000] {logging_mixin.py:154} INFO - [2024-10-06T00:59:18.803+0000] {dagbag.py:536} INFO - Filling up the DagBag from /home/airflow/.local/lib/python3.8/site-packages/airflow/example_dags/example_time_delta_sensor_async.py
[2024-10-06T00:59:18.807+0000] {processor.py:839} INFO - DAG(s) dict_keys(['example_time_delta_sensor_async']) retrieved from /home/airflow/.local/lib/python3.8/site-packages/airflow/example_dags/example_time_delta_sensor_async.py
[2024-10-06T00:59:18.821+0000] {logging_mixin.py:154} INFO - [2024-10-06T00:59:18.821+0000] {dag.py:2941} INFO - Sync 1 DAGs
[2024-10-06T00:59:18.829+0000] {logging_mixin.py:154} INFO - [2024-10-06T00:59:18.829+0000] {dag.py:3722} INFO - Setting next_dagrun for example_time_delta_sensor_async to None, run_after=None
[2024-10-06T00:59:18.839+0000] {processor.py:179} INFO - Processing /home/airflow/.local/lib/python3.8/site-packages/airflow/example_dags/example_time_delta_sensor_async.py took 0.040 seconds
[2024-10-06T02:12:19.838+0000] {processor.py:157} INFO - Started process (PID=25907) to work on /home/airflow/.local/lib/python3.8/site-packages/airflow/example_dags/example_time_delta_sensor_async.py
[2024-10-06T02:12:19.839+0000] {processor.py:829} INFO - Processing file /home/airflow/.local/lib/python3.8/site-packages/airflow/example_dags/example_time_delta_sensor_async.py for tasks to queue
[2024-10-06T02:12:19.841+0000] {logging_mixin.py:154} INFO - [2024-10-06T02:12:19.841+0000] {dagbag.py:536} INFO - Filling up the DagBag from /home/airflow/.local/lib/python3.8/site-packages/airflow/example_dags/example_time_delta_sensor_async.py
[2024-10-06T02:12:19.844+0000] {processor.py:839} INFO - DAG(s) dict_keys(['example_time_delta_sensor_async']) retrieved from /home/airflow/.local/lib/python3.8/site-packages/airflow/example_dags/example_time_delta_sensor_async.py
[2024-10-06T02:12:19.857+0000] {logging_mixin.py:154} INFO - [2024-10-06T02:12:19.857+0000] {dag.py:2941} INFO - Sync 1 DAGs
[2024-10-06T02:12:19.865+0000] {logging_mixin.py:154} INFO - [2024-10-06T02:12:19.865+0000] {dag.py:3722} INFO - Setting next_dagrun for example_time_delta_sensor_async to None, run_after=None
[2024-10-06T02:12:19.877+0000] {processor.py:179} INFO - Processing /home/airflow/.local/lib/python3.8/site-packages/airflow/example_dags/example_time_delta_sensor_async.py took 0.040 seconds
[2024-10-06T02:48:47.128+0000] {processor.py:157} INFO - Started process (PID=25961) to work on /home/airflow/.local/lib/python3.8/site-packages/airflow/example_dags/example_time_delta_sensor_async.py
[2024-10-06T02:48:47.128+0000] {processor.py:829} INFO - Processing file /home/airflow/.local/lib/python3.8/site-packages/airflow/example_dags/example_time_delta_sensor_async.py for tasks to queue
[2024-10-06T02:48:47.129+0000] {logging_mixin.py:154} INFO - [2024-10-06T02:48:47.129+0000] {dagbag.py:536} INFO - Filling up the DagBag from /home/airflow/.local/lib/python3.8/site-packages/airflow/example_dags/example_time_delta_sensor_async.py
[2024-10-06T02:48:47.132+0000] {processor.py:839} INFO - DAG(s) dict_keys(['example_time_delta_sensor_async']) retrieved from /home/airflow/.local/lib/python3.8/site-packages/airflow/example_dags/example_time_delta_sensor_async.py
[2024-10-06T02:48:47.141+0000] {logging_mixin.py:154} INFO - [2024-10-06T02:48:47.141+0000] {dag.py:2941} INFO - Sync 1 DAGs
[2024-10-06T02:48:47.147+0000] {logging_mixin.py:154} INFO - [2024-10-06T02:48:47.147+0000] {dag.py:3722} INFO - Setting next_dagrun for example_time_delta_sensor_async to None, run_after=None
[2024-10-06T02:48:47.153+0000] {processor.py:179} INFO - Processing /home/airflow/.local/lib/python3.8/site-packages/airflow/example_dags/example_time_delta_sensor_async.py took 0.027 seconds
[2024-10-06T03:19:22.688+0000] {processor.py:157} INFO - Started process (PID=26015) to work on /home/airflow/.local/lib/python3.8/site-packages/airflow/example_dags/example_time_delta_sensor_async.py
[2024-10-06T03:19:22.689+0000] {processor.py:829} INFO - Processing file /home/airflow/.local/lib/python3.8/site-packages/airflow/example_dags/example_time_delta_sensor_async.py for tasks to queue
[2024-10-06T03:19:22.691+0000] {logging_mixin.py:154} INFO - [2024-10-06T03:19:22.691+0000] {dagbag.py:536} INFO - Filling up the DagBag from /home/airflow/.local/lib/python3.8/site-packages/airflow/example_dags/example_time_delta_sensor_async.py
[2024-10-06T03:19:22.695+0000] {processor.py:839} INFO - DAG(s) dict_keys(['example_time_delta_sensor_async']) retrieved from /home/airflow/.local/lib/python3.8/site-packages/airflow/example_dags/example_time_delta_sensor_async.py
[2024-10-06T03:19:22.708+0000] {logging_mixin.py:154} INFO - [2024-10-06T03:19:22.708+0000] {dag.py:2941} INFO - Sync 1 DAGs
[2024-10-06T03:19:22.715+0000] {logging_mixin.py:154} INFO - [2024-10-06T03:19:22.715+0000] {dag.py:3722} INFO - Setting next_dagrun for example_time_delta_sensor_async to None, run_after=None
[2024-10-06T03:19:22.724+0000] {processor.py:179} INFO - Processing /home/airflow/.local/lib/python3.8/site-packages/airflow/example_dags/example_time_delta_sensor_async.py took 0.039 seconds
[2024-10-06T04:34:56.333+0000] {processor.py:157} INFO - Started process (PID=26069) to work on /home/airflow/.local/lib/python3.8/site-packages/airflow/example_dags/example_time_delta_sensor_async.py
[2024-10-06T04:34:56.334+0000] {processor.py:829} INFO - Processing file /home/airflow/.local/lib/python3.8/site-packages/airflow/example_dags/example_time_delta_sensor_async.py for tasks to queue
[2024-10-06T04:34:56.335+0000] {logging_mixin.py:154} INFO - [2024-10-06T04:34:56.335+0000] {dagbag.py:536} INFO - Filling up the DagBag from /home/airflow/.local/lib/python3.8/site-packages/airflow/example_dags/example_time_delta_sensor_async.py
[2024-10-06T04:34:56.338+0000] {processor.py:839} INFO - DAG(s) dict_keys(['example_time_delta_sensor_async']) retrieved from /home/airflow/.local/lib/python3.8/site-packages/airflow/example_dags/example_time_delta_sensor_async.py
[2024-10-06T04:34:56.352+0000] {logging_mixin.py:154} INFO - [2024-10-06T04:34:56.352+0000] {dag.py:2941} INFO - Sync 1 DAGs
[2024-10-06T04:34:56.359+0000] {logging_mixin.py:154} INFO - [2024-10-06T04:34:56.359+0000] {dag.py:3722} INFO - Setting next_dagrun for example_time_delta_sensor_async to None, run_after=None
[2024-10-06T04:34:56.368+0000] {processor.py:179} INFO - Processing /home/airflow/.local/lib/python3.8/site-packages/airflow/example_dags/example_time_delta_sensor_async.py took 0.037 seconds
[2024-10-06T05:54:01.051+0000] {processor.py:157} INFO - Started process (PID=26123) to work on /home/airflow/.local/lib/python3.8/site-packages/airflow/example_dags/example_time_delta_sensor_async.py
[2024-10-06T05:54:01.052+0000] {processor.py:829} INFO - Processing file /home/airflow/.local/lib/python3.8/site-packages/airflow/example_dags/example_time_delta_sensor_async.py for tasks to queue
[2024-10-06T05:54:01.053+0000] {logging_mixin.py:154} INFO - [2024-10-06T05:54:01.053+0000] {dagbag.py:536} INFO - Filling up the DagBag from /home/airflow/.local/lib/python3.8/site-packages/airflow/example_dags/example_time_delta_sensor_async.py
[2024-10-06T05:54:01.056+0000] {processor.py:839} INFO - DAG(s) dict_keys(['example_time_delta_sensor_async']) retrieved from /home/airflow/.local/lib/python3.8/site-packages/airflow/example_dags/example_time_delta_sensor_async.py
[2024-10-06T05:54:01.068+0000] {logging_mixin.py:154} INFO - [2024-10-06T05:54:01.068+0000] {dag.py:2941} INFO - Sync 1 DAGs
[2024-10-06T05:54:01.074+0000] {logging_mixin.py:154} INFO - [2024-10-06T05:54:01.074+0000] {dag.py:3722} INFO - Setting next_dagrun for example_time_delta_sensor_async to None, run_after=None
[2024-10-06T05:54:01.082+0000] {processor.py:179} INFO - Processing /home/airflow/.local/lib/python3.8/site-packages/airflow/example_dags/example_time_delta_sensor_async.py took 0.033 seconds
[2024-10-06T06:41:06.864+0000] {processor.py:157} INFO - Started process (PID=26177) to work on /home/airflow/.local/lib/python3.8/site-packages/airflow/example_dags/example_time_delta_sensor_async.py
[2024-10-06T06:41:06.864+0000] {processor.py:829} INFO - Processing file /home/airflow/.local/lib/python3.8/site-packages/airflow/example_dags/example_time_delta_sensor_async.py for tasks to queue
[2024-10-06T06:41:06.865+0000] {logging_mixin.py:154} INFO - [2024-10-06T06:41:06.865+0000] {dagbag.py:536} INFO - Filling up the DagBag from /home/airflow/.local/lib/python3.8/site-packages/airflow/example_dags/example_time_delta_sensor_async.py
[2024-10-06T06:41:06.868+0000] {processor.py:839} INFO - DAG(s) dict_keys(['example_time_delta_sensor_async']) retrieved from /home/airflow/.local/lib/python3.8/site-packages/airflow/example_dags/example_time_delta_sensor_async.py
[2024-10-06T06:41:06.882+0000] {logging_mixin.py:154} INFO - [2024-10-06T06:41:06.881+0000] {dag.py:2941} INFO - Sync 1 DAGs
[2024-10-06T06:41:06.888+0000] {logging_mixin.py:154} INFO - [2024-10-06T06:41:06.888+0000] {dag.py:3722} INFO - Setting next_dagrun for example_time_delta_sensor_async to None, run_after=None
[2024-10-06T06:41:06.899+0000] {processor.py:179} INFO - Processing /home/airflow/.local/lib/python3.8/site-packages/airflow/example_dags/example_time_delta_sensor_async.py took 0.037 seconds
[2024-10-06T08:19:29.531+0000] {processor.py:157} INFO - Started process (PID=26231) to work on /home/airflow/.local/lib/python3.8/site-packages/airflow/example_dags/example_time_delta_sensor_async.py
[2024-10-06T08:19:29.532+0000] {processor.py:829} INFO - Processing file /home/airflow/.local/lib/python3.8/site-packages/airflow/example_dags/example_time_delta_sensor_async.py for tasks to queue
[2024-10-06T08:19:29.534+0000] {logging_mixin.py:154} INFO - [2024-10-06T08:19:29.534+0000] {dagbag.py:536} INFO - Filling up the DagBag from /home/airflow/.local/lib/python3.8/site-packages/airflow/example_dags/example_time_delta_sensor_async.py
[2024-10-06T08:19:29.537+0000] {processor.py:839} INFO - DAG(s) dict_keys(['example_time_delta_sensor_async']) retrieved from /home/airflow/.local/lib/python3.8/site-packages/airflow/example_dags/example_time_delta_sensor_async.py
[2024-10-06T08:19:29.551+0000] {logging_mixin.py:154} INFO - [2024-10-06T08:19:29.551+0000] {dag.py:2941} INFO - Sync 1 DAGs
[2024-10-06T08:19:29.558+0000] {logging_mixin.py:154} INFO - [2024-10-06T08:19:29.558+0000] {dag.py:3722} INFO - Setting next_dagrun for example_time_delta_sensor_async to None, run_after=None
[2024-10-06T08:19:29.568+0000] {processor.py:179} INFO - Processing /home/airflow/.local/lib/python3.8/site-packages/airflow/example_dags/example_time_delta_sensor_async.py took 0.039 seconds
[2024-10-06T09:31:45.565+0000] {processor.py:157} INFO - Started process (PID=26285) to work on /home/airflow/.local/lib/python3.8/site-packages/airflow/example_dags/example_time_delta_sensor_async.py
[2024-10-06T09:31:45.565+0000] {processor.py:829} INFO - Processing file /home/airflow/.local/lib/python3.8/site-packages/airflow/example_dags/example_time_delta_sensor_async.py for tasks to queue
[2024-10-06T09:31:45.566+0000] {logging_mixin.py:154} INFO - [2024-10-06T09:31:45.566+0000] {dagbag.py:536} INFO - Filling up the DagBag from /home/airflow/.local/lib/python3.8/site-packages/airflow/example_dags/example_time_delta_sensor_async.py
[2024-10-06T09:31:45.568+0000] {processor.py:839} INFO - DAG(s) dict_keys(['example_time_delta_sensor_async']) retrieved from /home/airflow/.local/lib/python3.8/site-packages/airflow/example_dags/example_time_delta_sensor_async.py
[2024-10-06T09:31:45.576+0000] {logging_mixin.py:154} INFO - [2024-10-06T09:31:45.576+0000] {dag.py:2941} INFO - Sync 1 DAGs
[2024-10-06T09:31:45.581+0000] {logging_mixin.py:154} INFO - [2024-10-06T09:31:45.581+0000] {dag.py:3722} INFO - Setting next_dagrun for example_time_delta_sensor_async to None, run_after=None
[2024-10-06T09:31:45.587+0000] {processor.py:179} INFO - Processing /home/airflow/.local/lib/python3.8/site-packages/airflow/example_dags/example_time_delta_sensor_async.py took 0.024 seconds
[2024-10-06T10:45:25.375+0000] {processor.py:157} INFO - Started process (PID=26339) to work on /home/airflow/.local/lib/python3.8/site-packages/airflow/example_dags/example_time_delta_sensor_async.py
[2024-10-06T10:45:25.375+0000] {processor.py:829} INFO - Processing file /home/airflow/.local/lib/python3.8/site-packages/airflow/example_dags/example_time_delta_sensor_async.py for tasks to queue
[2024-10-06T10:45:25.377+0000] {logging_mixin.py:154} INFO - [2024-10-06T10:45:25.376+0000] {dagbag.py:536} INFO - Filling up the DagBag from /home/airflow/.local/lib/python3.8/site-packages/airflow/example_dags/example_time_delta_sensor_async.py
[2024-10-06T10:45:25.380+0000] {processor.py:839} INFO - DAG(s) dict_keys(['example_time_delta_sensor_async']) retrieved from /home/airflow/.local/lib/python3.8/site-packages/airflow/example_dags/example_time_delta_sensor_async.py
[2024-10-06T10:45:25.392+0000] {logging_mixin.py:154} INFO - [2024-10-06T10:45:25.391+0000] {dag.py:2941} INFO - Sync 1 DAGs
[2024-10-06T10:45:25.399+0000] {logging_mixin.py:154} INFO - [2024-10-06T10:45:25.399+0000] {dag.py:3722} INFO - Setting next_dagrun for example_time_delta_sensor_async to None, run_after=None
[2024-10-06T10:45:25.409+0000] {processor.py:179} INFO - Processing /home/airflow/.local/lib/python3.8/site-packages/airflow/example_dags/example_time_delta_sensor_async.py took 0.036 seconds
[2024-10-06T11:46:25.821+0000] {processor.py:157} INFO - Started process (PID=26393) to work on /home/airflow/.local/lib/python3.8/site-packages/airflow/example_dags/example_time_delta_sensor_async.py
[2024-10-06T11:46:25.821+0000] {processor.py:829} INFO - Processing file /home/airflow/.local/lib/python3.8/site-packages/airflow/example_dags/example_time_delta_sensor_async.py for tasks to queue
[2024-10-06T11:46:25.822+0000] {logging_mixin.py:154} INFO - [2024-10-06T11:46:25.822+0000] {dagbag.py:536} INFO - Filling up the DagBag from /home/airflow/.local/lib/python3.8/site-packages/airflow/example_dags/example_time_delta_sensor_async.py
[2024-10-06T11:46:25.825+0000] {processor.py:839} INFO - DAG(s) dict_keys(['example_time_delta_sensor_async']) retrieved from /home/airflow/.local/lib/python3.8/site-packages/airflow/example_dags/example_time_delta_sensor_async.py
[2024-10-06T11:46:25.833+0000] {logging_mixin.py:154} INFO - [2024-10-06T11:46:25.833+0000] {dag.py:2941} INFO - Sync 1 DAGs
[2024-10-06T11:46:25.838+0000] {logging_mixin.py:154} INFO - [2024-10-06T11:46:25.838+0000] {dag.py:3722} INFO - Setting next_dagrun for example_time_delta_sensor_async to None, run_after=None
[2024-10-06T11:46:25.844+0000] {processor.py:179} INFO - Processing /home/airflow/.local/lib/python3.8/site-packages/airflow/example_dags/example_time_delta_sensor_async.py took 0.024 seconds
[2024-10-06T12:33:57.394+0000] {processor.py:157} INFO - Started process (PID=26447) to work on /home/airflow/.local/lib/python3.8/site-packages/airflow/example_dags/example_time_delta_sensor_async.py
[2024-10-06T12:33:57.394+0000] {processor.py:829} INFO - Processing file /home/airflow/.local/lib/python3.8/site-packages/airflow/example_dags/example_time_delta_sensor_async.py for tasks to queue
[2024-10-06T12:33:57.395+0000] {logging_mixin.py:154} INFO - [2024-10-06T12:33:57.395+0000] {dagbag.py:536} INFO - Filling up the DagBag from /home/airflow/.local/lib/python3.8/site-packages/airflow/example_dags/example_time_delta_sensor_async.py
[2024-10-06T12:33:57.397+0000] {processor.py:839} INFO - DAG(s) dict_keys(['example_time_delta_sensor_async']) retrieved from /home/airflow/.local/lib/python3.8/site-packages/airflow/example_dags/example_time_delta_sensor_async.py
[2024-10-06T12:33:57.406+0000] {logging_mixin.py:154} INFO - [2024-10-06T12:33:57.406+0000] {dag.py:2941} INFO - Sync 1 DAGs
[2024-10-06T12:33:57.411+0000] {logging_mixin.py:154} INFO - [2024-10-06T12:33:57.411+0000] {dag.py:3722} INFO - Setting next_dagrun for example_time_delta_sensor_async to None, run_after=None
[2024-10-06T12:33:57.418+0000] {processor.py:179} INFO - Processing /home/airflow/.local/lib/python3.8/site-packages/airflow/example_dags/example_time_delta_sensor_async.py took 0.026 seconds
[2024-10-06T13:17:28.067+0000] {processor.py:157} INFO - Started process (PID=26501) to work on /home/airflow/.local/lib/python3.8/site-packages/airflow/example_dags/example_time_delta_sensor_async.py
[2024-10-06T13:17:28.067+0000] {processor.py:829} INFO - Processing file /home/airflow/.local/lib/python3.8/site-packages/airflow/example_dags/example_time_delta_sensor_async.py for tasks to queue
[2024-10-06T13:17:28.069+0000] {logging_mixin.py:154} INFO - [2024-10-06T13:17:28.069+0000] {dagbag.py:536} INFO - Filling up the DagBag from /home/airflow/.local/lib/python3.8/site-packages/airflow/example_dags/example_time_delta_sensor_async.py
[2024-10-06T13:17:28.072+0000] {processor.py:839} INFO - DAG(s) dict_keys(['example_time_delta_sensor_async']) retrieved from /home/airflow/.local/lib/python3.8/site-packages/airflow/example_dags/example_time_delta_sensor_async.py
[2024-10-06T13:17:28.085+0000] {logging_mixin.py:154} INFO - [2024-10-06T13:17:28.085+0000] {dag.py:2941} INFO - Sync 1 DAGs
[2024-10-06T13:17:28.093+0000] {logging_mixin.py:154} INFO - [2024-10-06T13:17:28.093+0000] {dag.py:3722} INFO - Setting next_dagrun for example_time_delta_sensor_async to None, run_after=None
[2024-10-06T13:17:28.105+0000] {processor.py:179} INFO - Processing /home/airflow/.local/lib/python3.8/site-packages/airflow/example_dags/example_time_delta_sensor_async.py took 0.040 seconds
[2024-10-06T14:49:26.498+0000] {processor.py:157} INFO - Started process (PID=26555) to work on /home/airflow/.local/lib/python3.8/site-packages/airflow/example_dags/example_time_delta_sensor_async.py
[2024-10-06T14:49:26.498+0000] {processor.py:829} INFO - Processing file /home/airflow/.local/lib/python3.8/site-packages/airflow/example_dags/example_time_delta_sensor_async.py for tasks to queue
[2024-10-06T14:49:26.499+0000] {logging_mixin.py:154} INFO - [2024-10-06T14:49:26.499+0000] {dagbag.py:536} INFO - Filling up the DagBag from /home/airflow/.local/lib/python3.8/site-packages/airflow/example_dags/example_time_delta_sensor_async.py
[2024-10-06T14:49:26.501+0000] {processor.py:839} INFO - DAG(s) dict_keys(['example_time_delta_sensor_async']) retrieved from /home/airflow/.local/lib/python3.8/site-packages/airflow/example_dags/example_time_delta_sensor_async.py
[2024-10-06T14:49:26.510+0000] {logging_mixin.py:154} INFO - [2024-10-06T14:49:26.509+0000] {dag.py:2941} INFO - Sync 1 DAGs
[2024-10-06T14:49:26.514+0000] {logging_mixin.py:154} INFO - [2024-10-06T14:49:26.514+0000] {dag.py:3722} INFO - Setting next_dagrun for example_time_delta_sensor_async to None, run_after=None
[2024-10-06T14:49:26.520+0000] {processor.py:179} INFO - Processing /home/airflow/.local/lib/python3.8/site-packages/airflow/example_dags/example_time_delta_sensor_async.py took 0.024 seconds
[2024-10-06T15:50:30.703+0000] {processor.py:157} INFO - Started process (PID=26609) to work on /home/airflow/.local/lib/python3.8/site-packages/airflow/example_dags/example_time_delta_sensor_async.py
[2024-10-06T15:50:30.704+0000] {processor.py:829} INFO - Processing file /home/airflow/.local/lib/python3.8/site-packages/airflow/example_dags/example_time_delta_sensor_async.py for tasks to queue
[2024-10-06T15:50:30.706+0000] {logging_mixin.py:154} INFO - [2024-10-06T15:50:30.706+0000] {dagbag.py:536} INFO - Filling up the DagBag from /home/airflow/.local/lib/python3.8/site-packages/airflow/example_dags/example_time_delta_sensor_async.py
[2024-10-06T15:50:30.710+0000] {processor.py:839} INFO - DAG(s) dict_keys(['example_time_delta_sensor_async']) retrieved from /home/airflow/.local/lib/python3.8/site-packages/airflow/example_dags/example_time_delta_sensor_async.py
[2024-10-06T15:50:30.724+0000] {logging_mixin.py:154} INFO - [2024-10-06T15:50:30.724+0000] {dag.py:2941} INFO - Sync 1 DAGs
[2024-10-06T15:50:30.736+0000] {logging_mixin.py:154} INFO - [2024-10-06T15:50:30.736+0000] {dag.py:3722} INFO - Setting next_dagrun for example_time_delta_sensor_async to None, run_after=None
[2024-10-06T15:50:30.746+0000] {processor.py:179} INFO - Processing /home/airflow/.local/lib/python3.8/site-packages/airflow/example_dags/example_time_delta_sensor_async.py took 0.045 seconds
[2024-10-06T16:11:23.750+0000] {processor.py:157} INFO - Started process (PID=26663) to work on /home/airflow/.local/lib/python3.8/site-packages/airflow/example_dags/example_time_delta_sensor_async.py
[2024-10-06T16:11:23.751+0000] {processor.py:829} INFO - Processing file /home/airflow/.local/lib/python3.8/site-packages/airflow/example_dags/example_time_delta_sensor_async.py for tasks to queue
[2024-10-06T16:11:23.752+0000] {logging_mixin.py:154} INFO - [2024-10-06T16:11:23.752+0000] {dagbag.py:536} INFO - Filling up the DagBag from /home/airflow/.local/lib/python3.8/site-packages/airflow/example_dags/example_time_delta_sensor_async.py
[2024-10-06T16:11:23.756+0000] {processor.py:839} INFO - DAG(s) dict_keys(['example_time_delta_sensor_async']) retrieved from /home/airflow/.local/lib/python3.8/site-packages/airflow/example_dags/example_time_delta_sensor_async.py
[2024-10-06T16:11:23.770+0000] {logging_mixin.py:154} INFO - [2024-10-06T16:11:23.769+0000] {dag.py:2941} INFO - Sync 1 DAGs
[2024-10-06T16:11:23.777+0000] {logging_mixin.py:154} INFO - [2024-10-06T16:11:23.777+0000] {dag.py:3722} INFO - Setting next_dagrun for example_time_delta_sensor_async to None, run_after=None
[2024-10-06T16:11:23.786+0000] {processor.py:179} INFO - Processing /home/airflow/.local/lib/python3.8/site-packages/airflow/example_dags/example_time_delta_sensor_async.py took 0.039 seconds
[2024-10-06T16:17:00.627+0000] {processor.py:157} INFO - Started process (PID=26717) to work on /home/airflow/.local/lib/python3.8/site-packages/airflow/example_dags/example_time_delta_sensor_async.py
[2024-10-06T16:17:00.628+0000] {processor.py:829} INFO - Processing file /home/airflow/.local/lib/python3.8/site-packages/airflow/example_dags/example_time_delta_sensor_async.py for tasks to queue
[2024-10-06T16:17:00.629+0000] {logging_mixin.py:154} INFO - [2024-10-06T16:17:00.629+0000] {dagbag.py:536} INFO - Filling up the DagBag from /home/airflow/.local/lib/python3.8/site-packages/airflow/example_dags/example_time_delta_sensor_async.py
[2024-10-06T16:17:00.631+0000] {processor.py:839} INFO - DAG(s) dict_keys(['example_time_delta_sensor_async']) retrieved from /home/airflow/.local/lib/python3.8/site-packages/airflow/example_dags/example_time_delta_sensor_async.py
[2024-10-06T16:17:00.639+0000] {logging_mixin.py:154} INFO - [2024-10-06T16:17:00.639+0000] {dag.py:2941} INFO - Sync 1 DAGs
[2024-10-06T16:17:00.643+0000] {logging_mixin.py:154} INFO - [2024-10-06T16:17:00.643+0000] {dag.py:3722} INFO - Setting next_dagrun for example_time_delta_sensor_async to None, run_after=None
[2024-10-06T16:17:00.649+0000] {processor.py:179} INFO - Processing /home/airflow/.local/lib/python3.8/site-packages/airflow/example_dags/example_time_delta_sensor_async.py took 0.023 seconds
[2024-10-06T17:25:37.537+0000] {processor.py:157} INFO - Started process (PID=26771) to work on /home/airflow/.local/lib/python3.8/site-packages/airflow/example_dags/example_time_delta_sensor_async.py
[2024-10-06T17:25:37.537+0000] {processor.py:829} INFO - Processing file /home/airflow/.local/lib/python3.8/site-packages/airflow/example_dags/example_time_delta_sensor_async.py for tasks to queue
[2024-10-06T17:25:37.538+0000] {logging_mixin.py:154} INFO - [2024-10-06T17:25:37.538+0000] {dagbag.py:536} INFO - Filling up the DagBag from /home/airflow/.local/lib/python3.8/site-packages/airflow/example_dags/example_time_delta_sensor_async.py
[2024-10-06T17:25:37.540+0000] {processor.py:839} INFO - DAG(s) dict_keys(['example_time_delta_sensor_async']) retrieved from /home/airflow/.local/lib/python3.8/site-packages/airflow/example_dags/example_time_delta_sensor_async.py
[2024-10-06T17:25:37.549+0000] {logging_mixin.py:154} INFO - [2024-10-06T17:25:37.549+0000] {dag.py:2941} INFO - Sync 1 DAGs
[2024-10-06T17:25:37.554+0000] {logging_mixin.py:154} INFO - [2024-10-06T17:25:37.554+0000] {dag.py:3722} INFO - Setting next_dagrun for example_time_delta_sensor_async to None, run_after=None
[2024-10-06T17:25:37.560+0000] {processor.py:179} INFO - Processing /home/airflow/.local/lib/python3.8/site-packages/airflow/example_dags/example_time_delta_sensor_async.py took 0.026 seconds
[2024-10-06T17:48:10.339+0000] {processor.py:157} INFO - Started process (PID=26825) to work on /home/airflow/.local/lib/python3.8/site-packages/airflow/example_dags/example_time_delta_sensor_async.py
[2024-10-06T17:48:10.340+0000] {processor.py:829} INFO - Processing file /home/airflow/.local/lib/python3.8/site-packages/airflow/example_dags/example_time_delta_sensor_async.py for tasks to queue
[2024-10-06T17:48:10.342+0000] {logging_mixin.py:154} INFO - [2024-10-06T17:48:10.342+0000] {dagbag.py:536} INFO - Filling up the DagBag from /home/airflow/.local/lib/python3.8/site-packages/airflow/example_dags/example_time_delta_sensor_async.py
[2024-10-06T17:48:10.346+0000] {processor.py:839} INFO - DAG(s) dict_keys(['example_time_delta_sensor_async']) retrieved from /home/airflow/.local/lib/python3.8/site-packages/airflow/example_dags/example_time_delta_sensor_async.py
[2024-10-06T17:48:10.360+0000] {logging_mixin.py:154} INFO - [2024-10-06T17:48:10.360+0000] {dag.py:2941} INFO - Sync 1 DAGs
[2024-10-06T17:48:10.367+0000] {logging_mixin.py:154} INFO - [2024-10-06T17:48:10.367+0000] {dag.py:3722} INFO - Setting next_dagrun for example_time_delta_sensor_async to None, run_after=None
[2024-10-06T17:48:10.376+0000] {processor.py:179} INFO - Processing /home/airflow/.local/lib/python3.8/site-packages/airflow/example_dags/example_time_delta_sensor_async.py took 0.039 seconds
[2024-10-06T18:17:58.249+0000] {processor.py:157} INFO - Started process (PID=26879) to work on /home/airflow/.local/lib/python3.8/site-packages/airflow/example_dags/example_time_delta_sensor_async.py
[2024-10-06T18:17:58.250+0000] {processor.py:829} INFO - Processing file /home/airflow/.local/lib/python3.8/site-packages/airflow/example_dags/example_time_delta_sensor_async.py for tasks to queue
[2024-10-06T18:17:58.252+0000] {logging_mixin.py:154} INFO - [2024-10-06T18:17:58.251+0000] {dagbag.py:536} INFO - Filling up the DagBag from /home/airflow/.local/lib/python3.8/site-packages/airflow/example_dags/example_time_delta_sensor_async.py
[2024-10-06T18:17:58.255+0000] {processor.py:839} INFO - DAG(s) dict_keys(['example_time_delta_sensor_async']) retrieved from /home/airflow/.local/lib/python3.8/site-packages/airflow/example_dags/example_time_delta_sensor_async.py
[2024-10-06T18:17:58.270+0000] {logging_mixin.py:154} INFO - [2024-10-06T18:17:58.269+0000] {dag.py:2941} INFO - Sync 1 DAGs
[2024-10-06T18:17:58.278+0000] {logging_mixin.py:154} INFO - [2024-10-06T18:17:58.278+0000] {dag.py:3722} INFO - Setting next_dagrun for example_time_delta_sensor_async to None, run_after=None
[2024-10-06T18:17:58.290+0000] {processor.py:179} INFO - Processing /home/airflow/.local/lib/python3.8/site-packages/airflow/example_dags/example_time_delta_sensor_async.py took 0.043 seconds
[2024-10-06T19:43:22.834+0000] {processor.py:157} INFO - Started process (PID=26933) to work on /home/airflow/.local/lib/python3.8/site-packages/airflow/example_dags/example_time_delta_sensor_async.py
[2024-10-06T19:43:22.835+0000] {processor.py:829} INFO - Processing file /home/airflow/.local/lib/python3.8/site-packages/airflow/example_dags/example_time_delta_sensor_async.py for tasks to queue
[2024-10-06T19:43:22.837+0000] {logging_mixin.py:154} INFO - [2024-10-06T19:43:22.837+0000] {dagbag.py:536} INFO - Filling up the DagBag from /home/airflow/.local/lib/python3.8/site-packages/airflow/example_dags/example_time_delta_sensor_async.py
[2024-10-06T19:43:22.840+0000] {processor.py:839} INFO - DAG(s) dict_keys(['example_time_delta_sensor_async']) retrieved from /home/airflow/.local/lib/python3.8/site-packages/airflow/example_dags/example_time_delta_sensor_async.py
[2024-10-06T19:43:22.854+0000] {logging_mixin.py:154} INFO - [2024-10-06T19:43:22.853+0000] {dag.py:2941} INFO - Sync 1 DAGs
[2024-10-06T19:43:22.861+0000] {logging_mixin.py:154} INFO - [2024-10-06T19:43:22.860+0000] {dag.py:3722} INFO - Setting next_dagrun for example_time_delta_sensor_async to None, run_after=None
[2024-10-06T19:43:22.871+0000] {processor.py:179} INFO - Processing /home/airflow/.local/lib/python3.8/site-packages/airflow/example_dags/example_time_delta_sensor_async.py took 0.038 seconds
[2024-10-06T20:31:09.926+0000] {processor.py:157} INFO - Started process (PID=26987) to work on /home/airflow/.local/lib/python3.8/site-packages/airflow/example_dags/example_time_delta_sensor_async.py
[2024-10-06T20:31:09.927+0000] {processor.py:829} INFO - Processing file /home/airflow/.local/lib/python3.8/site-packages/airflow/example_dags/example_time_delta_sensor_async.py for tasks to queue
[2024-10-06T20:31:09.928+0000] {logging_mixin.py:154} INFO - [2024-10-06T20:31:09.928+0000] {dagbag.py:536} INFO - Filling up the DagBag from /home/airflow/.local/lib/python3.8/site-packages/airflow/example_dags/example_time_delta_sensor_async.py
[2024-10-06T20:31:09.930+0000] {processor.py:839} INFO - DAG(s) dict_keys(['example_time_delta_sensor_async']) retrieved from /home/airflow/.local/lib/python3.8/site-packages/airflow/example_dags/example_time_delta_sensor_async.py
[2024-10-06T20:31:09.939+0000] {logging_mixin.py:154} INFO - [2024-10-06T20:31:09.939+0000] {dag.py:2941} INFO - Sync 1 DAGs
[2024-10-06T20:31:09.945+0000] {logging_mixin.py:154} INFO - [2024-10-06T20:31:09.944+0000] {dag.py:3722} INFO - Setting next_dagrun for example_time_delta_sensor_async to None, run_after=None
[2024-10-06T20:31:09.951+0000] {processor.py:179} INFO - Processing /home/airflow/.local/lib/python3.8/site-packages/airflow/example_dags/example_time_delta_sensor_async.py took 0.027 seconds
[2024-10-06T20:40:14.908+0000] {processor.py:157} INFO - Started process (PID=27041) to work on /home/airflow/.local/lib/python3.8/site-packages/airflow/example_dags/example_time_delta_sensor_async.py
[2024-10-06T20:40:14.909+0000] {processor.py:829} INFO - Processing file /home/airflow/.local/lib/python3.8/site-packages/airflow/example_dags/example_time_delta_sensor_async.py for tasks to queue
[2024-10-06T20:40:14.911+0000] {logging_mixin.py:154} INFO - [2024-10-06T20:40:14.910+0000] {dagbag.py:536} INFO - Filling up the DagBag from /home/airflow/.local/lib/python3.8/site-packages/airflow/example_dags/example_time_delta_sensor_async.py
[2024-10-06T20:40:14.914+0000] {processor.py:839} INFO - DAG(s) dict_keys(['example_time_delta_sensor_async']) retrieved from /home/airflow/.local/lib/python3.8/site-packages/airflow/example_dags/example_time_delta_sensor_async.py
[2024-10-06T20:40:14.929+0000] {logging_mixin.py:154} INFO - [2024-10-06T20:40:14.928+0000] {dag.py:2941} INFO - Sync 1 DAGs
[2024-10-06T20:40:14.936+0000] {logging_mixin.py:154} INFO - [2024-10-06T20:40:14.936+0000] {dag.py:3722} INFO - Setting next_dagrun for example_time_delta_sensor_async to None, run_after=None
[2024-10-06T20:40:14.947+0000] {processor.py:179} INFO - Processing /home/airflow/.local/lib/python3.8/site-packages/airflow/example_dags/example_time_delta_sensor_async.py took 0.041 seconds
[2024-10-06T20:43:25.211+0000] {processor.py:157} INFO - Started process (PID=27095) to work on /home/airflow/.local/lib/python3.8/site-packages/airflow/example_dags/example_time_delta_sensor_async.py
[2024-10-06T20:43:25.212+0000] {processor.py:829} INFO - Processing file /home/airflow/.local/lib/python3.8/site-packages/airflow/example_dags/example_time_delta_sensor_async.py for tasks to queue
[2024-10-06T20:43:25.213+0000] {logging_mixin.py:154} INFO - [2024-10-06T20:43:25.213+0000] {dagbag.py:536} INFO - Filling up the DagBag from /home/airflow/.local/lib/python3.8/site-packages/airflow/example_dags/example_time_delta_sensor_async.py
[2024-10-06T20:43:25.215+0000] {processor.py:839} INFO - DAG(s) dict_keys(['example_time_delta_sensor_async']) retrieved from /home/airflow/.local/lib/python3.8/site-packages/airflow/example_dags/example_time_delta_sensor_async.py
[2024-10-06T20:43:25.225+0000] {logging_mixin.py:154} INFO - [2024-10-06T20:43:25.224+0000] {dag.py:2941} INFO - Sync 1 DAGs
[2024-10-06T20:43:25.230+0000] {logging_mixin.py:154} INFO - [2024-10-06T20:43:25.230+0000] {dag.py:3722} INFO - Setting next_dagrun for example_time_delta_sensor_async to None, run_after=None
[2024-10-06T20:43:25.236+0000] {processor.py:179} INFO - Processing /home/airflow/.local/lib/python3.8/site-packages/airflow/example_dags/example_time_delta_sensor_async.py took 0.026 seconds
[2024-10-06T21:12:03.498+0000] {processor.py:157} INFO - Started process (PID=27149) to work on /home/airflow/.local/lib/python3.8/site-packages/airflow/example_dags/example_time_delta_sensor_async.py
[2024-10-06T21:12:03.498+0000] {processor.py:829} INFO - Processing file /home/airflow/.local/lib/python3.8/site-packages/airflow/example_dags/example_time_delta_sensor_async.py for tasks to queue
[2024-10-06T21:12:03.500+0000] {logging_mixin.py:154} INFO - [2024-10-06T21:12:03.500+0000] {dagbag.py:536} INFO - Filling up the DagBag from /home/airflow/.local/lib/python3.8/site-packages/airflow/example_dags/example_time_delta_sensor_async.py
[2024-10-06T21:12:03.504+0000] {processor.py:839} INFO - DAG(s) dict_keys(['example_time_delta_sensor_async']) retrieved from /home/airflow/.local/lib/python3.8/site-packages/airflow/example_dags/example_time_delta_sensor_async.py
[2024-10-06T21:12:03.517+0000] {logging_mixin.py:154} INFO - [2024-10-06T21:12:03.517+0000] {dag.py:2941} INFO - Sync 1 DAGs
[2024-10-06T21:12:03.524+0000] {logging_mixin.py:154} INFO - [2024-10-06T21:12:03.524+0000] {dag.py:3722} INFO - Setting next_dagrun for example_time_delta_sensor_async to None, run_after=None
[2024-10-06T21:12:03.533+0000] {processor.py:179} INFO - Processing /home/airflow/.local/lib/python3.8/site-packages/airflow/example_dags/example_time_delta_sensor_async.py took 0.038 seconds
[2024-10-06T21:13:26.264+0000] {processor.py:157} INFO - Started process (PID=27203) to work on /home/airflow/.local/lib/python3.8/site-packages/airflow/example_dags/example_time_delta_sensor_async.py
[2024-10-06T21:13:26.265+0000] {processor.py:829} INFO - Processing file /home/airflow/.local/lib/python3.8/site-packages/airflow/example_dags/example_time_delta_sensor_async.py for tasks to queue
[2024-10-06T21:13:26.266+0000] {logging_mixin.py:154} INFO - [2024-10-06T21:13:26.266+0000] {dagbag.py:536} INFO - Filling up the DagBag from /home/airflow/.local/lib/python3.8/site-packages/airflow/example_dags/example_time_delta_sensor_async.py
[2024-10-06T21:13:26.268+0000] {processor.py:839} INFO - DAG(s) dict_keys(['example_time_delta_sensor_async']) retrieved from /home/airflow/.local/lib/python3.8/site-packages/airflow/example_dags/example_time_delta_sensor_async.py
[2024-10-06T21:13:26.278+0000] {logging_mixin.py:154} INFO - [2024-10-06T21:13:26.277+0000] {dag.py:2941} INFO - Sync 1 DAGs
[2024-10-06T21:13:26.283+0000] {logging_mixin.py:154} INFO - [2024-10-06T21:13:26.282+0000] {dag.py:3722} INFO - Setting next_dagrun for example_time_delta_sensor_async to None, run_after=None
[2024-10-06T21:13:26.289+0000] {processor.py:179} INFO - Processing /home/airflow/.local/lib/python3.8/site-packages/airflow/example_dags/example_time_delta_sensor_async.py took 0.027 seconds
[2024-10-06T21:24:00.416+0000] {processor.py:157} INFO - Started process (PID=27257) to work on /home/airflow/.local/lib/python3.8/site-packages/airflow/example_dags/example_time_delta_sensor_async.py
[2024-10-06T21:24:00.416+0000] {processor.py:829} INFO - Processing file /home/airflow/.local/lib/python3.8/site-packages/airflow/example_dags/example_time_delta_sensor_async.py for tasks to queue
[2024-10-06T21:24:00.418+0000] {logging_mixin.py:154} INFO - [2024-10-06T21:24:00.418+0000] {dagbag.py:536} INFO - Filling up the DagBag from /home/airflow/.local/lib/python3.8/site-packages/airflow/example_dags/example_time_delta_sensor_async.py
[2024-10-06T21:24:00.422+0000] {processor.py:839} INFO - DAG(s) dict_keys(['example_time_delta_sensor_async']) retrieved from /home/airflow/.local/lib/python3.8/site-packages/airflow/example_dags/example_time_delta_sensor_async.py
[2024-10-06T21:24:00.435+0000] {logging_mixin.py:154} INFO - [2024-10-06T21:24:00.435+0000] {dag.py:2941} INFO - Sync 1 DAGs
[2024-10-06T21:24:00.442+0000] {logging_mixin.py:154} INFO - [2024-10-06T21:24:00.442+0000] {dag.py:3722} INFO - Setting next_dagrun for example_time_delta_sensor_async to None, run_after=None
[2024-10-06T21:24:00.454+0000] {processor.py:179} INFO - Processing /home/airflow/.local/lib/python3.8/site-packages/airflow/example_dags/example_time_delta_sensor_async.py took 0.040 seconds
[2024-10-06T22:02:22.046+0000] {processor.py:157} INFO - Started process (PID=27311) to work on /home/airflow/.local/lib/python3.8/site-packages/airflow/example_dags/example_time_delta_sensor_async.py
[2024-10-06T22:02:22.046+0000] {processor.py:829} INFO - Processing file /home/airflow/.local/lib/python3.8/site-packages/airflow/example_dags/example_time_delta_sensor_async.py for tasks to queue
[2024-10-06T22:02:22.047+0000] {logging_mixin.py:154} INFO - [2024-10-06T22:02:22.047+0000] {dagbag.py:536} INFO - Filling up the DagBag from /home/airflow/.local/lib/python3.8/site-packages/airflow/example_dags/example_time_delta_sensor_async.py
[2024-10-06T22:02:22.050+0000] {processor.py:839} INFO - DAG(s) dict_keys(['example_time_delta_sensor_async']) retrieved from /home/airflow/.local/lib/python3.8/site-packages/airflow/example_dags/example_time_delta_sensor_async.py
[2024-10-06T22:02:22.058+0000] {logging_mixin.py:154} INFO - [2024-10-06T22:02:22.058+0000] {dag.py:2941} INFO - Sync 1 DAGs
[2024-10-06T22:02:22.062+0000] {logging_mixin.py:154} INFO - [2024-10-06T22:02:22.062+0000] {dag.py:3722} INFO - Setting next_dagrun for example_time_delta_sensor_async to None, run_after=None
[2024-10-06T22:02:22.069+0000] {processor.py:179} INFO - Processing /home/airflow/.local/lib/python3.8/site-packages/airflow/example_dags/example_time_delta_sensor_async.py took 0.024 seconds
[2024-10-06T22:28:55.052+0000] {processor.py:157} INFO - Started process (PID=27365) to work on /home/airflow/.local/lib/python3.8/site-packages/airflow/example_dags/example_time_delta_sensor_async.py
[2024-10-06T22:28:55.052+0000] {processor.py:829} INFO - Processing file /home/airflow/.local/lib/python3.8/site-packages/airflow/example_dags/example_time_delta_sensor_async.py for tasks to queue
[2024-10-06T22:28:55.053+0000] {logging_mixin.py:154} INFO - [2024-10-06T22:28:55.053+0000] {dagbag.py:536} INFO - Filling up the DagBag from /home/airflow/.local/lib/python3.8/site-packages/airflow/example_dags/example_time_delta_sensor_async.py
[2024-10-06T22:28:55.056+0000] {processor.py:839} INFO - DAG(s) dict_keys(['example_time_delta_sensor_async']) retrieved from /home/airflow/.local/lib/python3.8/site-packages/airflow/example_dags/example_time_delta_sensor_async.py
[2024-10-06T22:28:55.065+0000] {logging_mixin.py:154} INFO - [2024-10-06T22:28:55.065+0000] {dag.py:2941} INFO - Sync 1 DAGs
[2024-10-06T22:28:55.071+0000] {logging_mixin.py:154} INFO - [2024-10-06T22:28:55.071+0000] {dag.py:3722} INFO - Setting next_dagrun for example_time_delta_sensor_async to None, run_after=None
[2024-10-06T22:28:55.077+0000] {processor.py:179} INFO - Processing /home/airflow/.local/lib/python3.8/site-packages/airflow/example_dags/example_time_delta_sensor_async.py took 0.027 seconds
[2024-10-06T22:59:44.646+0000] {processor.py:157} INFO - Started process (PID=27419) to work on /home/airflow/.local/lib/python3.8/site-packages/airflow/example_dags/example_time_delta_sensor_async.py
[2024-10-06T22:59:44.647+0000] {processor.py:829} INFO - Processing file /home/airflow/.local/lib/python3.8/site-packages/airflow/example_dags/example_time_delta_sensor_async.py for tasks to queue
[2024-10-06T22:59:44.650+0000] {logging_mixin.py:154} INFO - [2024-10-06T22:59:44.649+0000] {dagbag.py:536} INFO - Filling up the DagBag from /home/airflow/.local/lib/python3.8/site-packages/airflow/example_dags/example_time_delta_sensor_async.py
[2024-10-06T22:59:44.653+0000] {processor.py:839} INFO - DAG(s) dict_keys(['example_time_delta_sensor_async']) retrieved from /home/airflow/.local/lib/python3.8/site-packages/airflow/example_dags/example_time_delta_sensor_async.py
[2024-10-06T22:59:44.668+0000] {logging_mixin.py:154} INFO - [2024-10-06T22:59:44.668+0000] {dag.py:2941} INFO - Sync 1 DAGs
[2024-10-06T22:59:44.676+0000] {logging_mixin.py:154} INFO - [2024-10-06T22:59:44.676+0000] {dag.py:3722} INFO - Setting next_dagrun for example_time_delta_sensor_async to None, run_after=None
[2024-10-06T22:59:44.689+0000] {processor.py:179} INFO - Processing /home/airflow/.local/lib/python3.8/site-packages/airflow/example_dags/example_time_delta_sensor_async.py took 0.045 seconds
[2024-10-06T23:00:15.587+0000] {processor.py:157} INFO - Started process (PID=27473) to work on /home/airflow/.local/lib/python3.8/site-packages/airflow/example_dags/example_time_delta_sensor_async.py
[2024-10-06T23:00:15.587+0000] {processor.py:829} INFO - Processing file /home/airflow/.local/lib/python3.8/site-packages/airflow/example_dags/example_time_delta_sensor_async.py for tasks to queue
[2024-10-06T23:00:15.588+0000] {logging_mixin.py:154} INFO - [2024-10-06T23:00:15.588+0000] {dagbag.py:536} INFO - Filling up the DagBag from /home/airflow/.local/lib/python3.8/site-packages/airflow/example_dags/example_time_delta_sensor_async.py
[2024-10-06T23:00:15.591+0000] {processor.py:839} INFO - DAG(s) dict_keys(['example_time_delta_sensor_async']) retrieved from /home/airflow/.local/lib/python3.8/site-packages/airflow/example_dags/example_time_delta_sensor_async.py
[2024-10-06T23:00:15.602+0000] {logging_mixin.py:154} INFO - [2024-10-06T23:00:15.602+0000] {dag.py:2941} INFO - Sync 1 DAGs
[2024-10-06T23:00:15.608+0000] {logging_mixin.py:154} INFO - [2024-10-06T23:00:15.608+0000] {dag.py:3722} INFO - Setting next_dagrun for example_time_delta_sensor_async to None, run_after=None
[2024-10-06T23:00:15.616+0000] {processor.py:179} INFO - Processing /home/airflow/.local/lib/python3.8/site-packages/airflow/example_dags/example_time_delta_sensor_async.py took 0.032 seconds
[2024-10-06T23:00:46.207+0000] {processor.py:157} INFO - Started process (PID=27527) to work on /home/airflow/.local/lib/python3.8/site-packages/airflow/example_dags/example_time_delta_sensor_async.py
[2024-10-06T23:00:46.207+0000] {processor.py:829} INFO - Processing file /home/airflow/.local/lib/python3.8/site-packages/airflow/example_dags/example_time_delta_sensor_async.py for tasks to queue
[2024-10-06T23:00:46.209+0000] {logging_mixin.py:154} INFO - [2024-10-06T23:00:46.208+0000] {dagbag.py:536} INFO - Filling up the DagBag from /home/airflow/.local/lib/python3.8/site-packages/airflow/example_dags/example_time_delta_sensor_async.py
[2024-10-06T23:00:46.211+0000] {processor.py:839} INFO - DAG(s) dict_keys(['example_time_delta_sensor_async']) retrieved from /home/airflow/.local/lib/python3.8/site-packages/airflow/example_dags/example_time_delta_sensor_async.py
[2024-10-06T23:00:46.220+0000] {logging_mixin.py:154} INFO - [2024-10-06T23:00:46.220+0000] {dag.py:2941} INFO - Sync 1 DAGs
[2024-10-06T23:00:46.226+0000] {logging_mixin.py:154} INFO - [2024-10-06T23:00:46.226+0000] {dag.py:3722} INFO - Setting next_dagrun for example_time_delta_sensor_async to None, run_after=None
[2024-10-06T23:00:46.232+0000] {processor.py:179} INFO - Processing /home/airflow/.local/lib/python3.8/site-packages/airflow/example_dags/example_time_delta_sensor_async.py took 0.027 seconds
[2024-10-06T23:01:16.826+0000] {processor.py:157} INFO - Started process (PID=27581) to work on /home/airflow/.local/lib/python3.8/site-packages/airflow/example_dags/example_time_delta_sensor_async.py
[2024-10-06T23:01:16.827+0000] {processor.py:829} INFO - Processing file /home/airflow/.local/lib/python3.8/site-packages/airflow/example_dags/example_time_delta_sensor_async.py for tasks to queue
[2024-10-06T23:01:16.828+0000] {logging_mixin.py:154} INFO - [2024-10-06T23:01:16.828+0000] {dagbag.py:536} INFO - Filling up the DagBag from /home/airflow/.local/lib/python3.8/site-packages/airflow/example_dags/example_time_delta_sensor_async.py
[2024-10-06T23:01:16.830+0000] {processor.py:839} INFO - DAG(s) dict_keys(['example_time_delta_sensor_async']) retrieved from /home/airflow/.local/lib/python3.8/site-packages/airflow/example_dags/example_time_delta_sensor_async.py
[2024-10-06T23:01:16.840+0000] {logging_mixin.py:154} INFO - [2024-10-06T23:01:16.840+0000] {dag.py:2941} INFO - Sync 1 DAGs
[2024-10-06T23:01:16.845+0000] {logging_mixin.py:154} INFO - [2024-10-06T23:01:16.845+0000] {dag.py:3722} INFO - Setting next_dagrun for example_time_delta_sensor_async to None, run_after=None
[2024-10-06T23:01:16.852+0000] {processor.py:179} INFO - Processing /home/airflow/.local/lib/python3.8/site-packages/airflow/example_dags/example_time_delta_sensor_async.py took 0.027 seconds
[2024-10-06T23:01:47.291+0000] {processor.py:157} INFO - Started process (PID=27635) to work on /home/airflow/.local/lib/python3.8/site-packages/airflow/example_dags/example_time_delta_sensor_async.py
[2024-10-06T23:01:47.292+0000] {processor.py:829} INFO - Processing file /home/airflow/.local/lib/python3.8/site-packages/airflow/example_dags/example_time_delta_sensor_async.py for tasks to queue
[2024-10-06T23:01:47.293+0000] {logging_mixin.py:154} INFO - [2024-10-06T23:01:47.293+0000] {dagbag.py:536} INFO - Filling up the DagBag from /home/airflow/.local/lib/python3.8/site-packages/airflow/example_dags/example_time_delta_sensor_async.py
[2024-10-06T23:01:47.295+0000] {processor.py:839} INFO - DAG(s) dict_keys(['example_time_delta_sensor_async']) retrieved from /home/airflow/.local/lib/python3.8/site-packages/airflow/example_dags/example_time_delta_sensor_async.py
[2024-10-06T23:01:47.304+0000] {logging_mixin.py:154} INFO - [2024-10-06T23:01:47.304+0000] {dag.py:2941} INFO - Sync 1 DAGs
[2024-10-06T23:01:47.310+0000] {logging_mixin.py:154} INFO - [2024-10-06T23:01:47.310+0000] {dag.py:3722} INFO - Setting next_dagrun for example_time_delta_sensor_async to None, run_after=None
[2024-10-06T23:01:47.317+0000] {processor.py:179} INFO - Processing /home/airflow/.local/lib/python3.8/site-packages/airflow/example_dags/example_time_delta_sensor_async.py took 0.027 seconds
[2024-10-06T23:02:17.700+0000] {processor.py:157} INFO - Started process (PID=27689) to work on /home/airflow/.local/lib/python3.8/site-packages/airflow/example_dags/example_time_delta_sensor_async.py
[2024-10-06T23:02:17.701+0000] {processor.py:829} INFO - Processing file /home/airflow/.local/lib/python3.8/site-packages/airflow/example_dags/example_time_delta_sensor_async.py for tasks to queue
[2024-10-06T23:02:17.702+0000] {logging_mixin.py:154} INFO - [2024-10-06T23:02:17.702+0000] {dagbag.py:536} INFO - Filling up the DagBag from /home/airflow/.local/lib/python3.8/site-packages/airflow/example_dags/example_time_delta_sensor_async.py
[2024-10-06T23:02:17.704+0000] {processor.py:839} INFO - DAG(s) dict_keys(['example_time_delta_sensor_async']) retrieved from /home/airflow/.local/lib/python3.8/site-packages/airflow/example_dags/example_time_delta_sensor_async.py
[2024-10-06T23:02:17.714+0000] {logging_mixin.py:154} INFO - [2024-10-06T23:02:17.713+0000] {dag.py:2941} INFO - Sync 1 DAGs
[2024-10-06T23:02:17.719+0000] {logging_mixin.py:154} INFO - [2024-10-06T23:02:17.719+0000] {dag.py:3722} INFO - Setting next_dagrun for example_time_delta_sensor_async to None, run_after=None
[2024-10-06T23:02:17.726+0000] {processor.py:179} INFO - Processing /home/airflow/.local/lib/python3.8/site-packages/airflow/example_dags/example_time_delta_sensor_async.py took 0.027 seconds
[2024-10-06T23:02:48.122+0000] {processor.py:157} INFO - Started process (PID=27743) to work on /home/airflow/.local/lib/python3.8/site-packages/airflow/example_dags/example_time_delta_sensor_async.py
[2024-10-06T23:02:48.123+0000] {processor.py:829} INFO - Processing file /home/airflow/.local/lib/python3.8/site-packages/airflow/example_dags/example_time_delta_sensor_async.py for tasks to queue
[2024-10-06T23:02:48.124+0000] {logging_mixin.py:154} INFO - [2024-10-06T23:02:48.124+0000] {dagbag.py:536} INFO - Filling up the DagBag from /home/airflow/.local/lib/python3.8/site-packages/airflow/example_dags/example_time_delta_sensor_async.py
[2024-10-06T23:02:48.126+0000] {processor.py:839} INFO - DAG(s) dict_keys(['example_time_delta_sensor_async']) retrieved from /home/airflow/.local/lib/python3.8/site-packages/airflow/example_dags/example_time_delta_sensor_async.py
[2024-10-06T23:02:48.135+0000] {logging_mixin.py:154} INFO - [2024-10-06T23:02:48.135+0000] {dag.py:2941} INFO - Sync 1 DAGs
[2024-10-06T23:02:48.140+0000] {logging_mixin.py:154} INFO - [2024-10-06T23:02:48.140+0000] {dag.py:3722} INFO - Setting next_dagrun for example_time_delta_sensor_async to None, run_after=None
[2024-10-06T23:02:48.147+0000] {processor.py:179} INFO - Processing /home/airflow/.local/lib/python3.8/site-packages/airflow/example_dags/example_time_delta_sensor_async.py took 0.026 seconds
[2024-10-06T23:03:18.523+0000] {processor.py:157} INFO - Started process (PID=27797) to work on /home/airflow/.local/lib/python3.8/site-packages/airflow/example_dags/example_time_delta_sensor_async.py
[2024-10-06T23:03:18.523+0000] {processor.py:829} INFO - Processing file /home/airflow/.local/lib/python3.8/site-packages/airflow/example_dags/example_time_delta_sensor_async.py for tasks to queue
[2024-10-06T23:03:18.524+0000] {logging_mixin.py:154} INFO - [2024-10-06T23:03:18.524+0000] {dagbag.py:536} INFO - Filling up the DagBag from /home/airflow/.local/lib/python3.8/site-packages/airflow/example_dags/example_time_delta_sensor_async.py
[2024-10-06T23:03:18.526+0000] {processor.py:839} INFO - DAG(s) dict_keys(['example_time_delta_sensor_async']) retrieved from /home/airflow/.local/lib/python3.8/site-packages/airflow/example_dags/example_time_delta_sensor_async.py
[2024-10-06T23:03:18.536+0000] {logging_mixin.py:154} INFO - [2024-10-06T23:03:18.535+0000] {dag.py:2941} INFO - Sync 1 DAGs
[2024-10-06T23:03:18.541+0000] {logging_mixin.py:154} INFO - [2024-10-06T23:03:18.541+0000] {dag.py:3722} INFO - Setting next_dagrun for example_time_delta_sensor_async to None, run_after=None
[2024-10-06T23:03:18.548+0000] {processor.py:179} INFO - Processing /home/airflow/.local/lib/python3.8/site-packages/airflow/example_dags/example_time_delta_sensor_async.py took 0.027 seconds
[2024-10-06T23:03:49.011+0000] {processor.py:157} INFO - Started process (PID=27851) to work on /home/airflow/.local/lib/python3.8/site-packages/airflow/example_dags/example_time_delta_sensor_async.py
[2024-10-06T23:03:49.012+0000] {processor.py:829} INFO - Processing file /home/airflow/.local/lib/python3.8/site-packages/airflow/example_dags/example_time_delta_sensor_async.py for tasks to queue
[2024-10-06T23:03:49.013+0000] {logging_mixin.py:154} INFO - [2024-10-06T23:03:49.013+0000] {dagbag.py:536} INFO - Filling up the DagBag from /home/airflow/.local/lib/python3.8/site-packages/airflow/example_dags/example_time_delta_sensor_async.py
[2024-10-06T23:03:49.015+0000] {processor.py:839} INFO - DAG(s) dict_keys(['example_time_delta_sensor_async']) retrieved from /home/airflow/.local/lib/python3.8/site-packages/airflow/example_dags/example_time_delta_sensor_async.py
[2024-10-06T23:03:49.024+0000] {logging_mixin.py:154} INFO - [2024-10-06T23:03:49.024+0000] {dag.py:2941} INFO - Sync 1 DAGs
[2024-10-06T23:03:49.030+0000] {logging_mixin.py:154} INFO - [2024-10-06T23:03:49.030+0000] {dag.py:3722} INFO - Setting next_dagrun for example_time_delta_sensor_async to None, run_after=None
[2024-10-06T23:03:49.037+0000] {processor.py:179} INFO - Processing /home/airflow/.local/lib/python3.8/site-packages/airflow/example_dags/example_time_delta_sensor_async.py took 0.027 seconds
[2024-10-06T23:04:19.417+0000] {processor.py:157} INFO - Started process (PID=27905) to work on /home/airflow/.local/lib/python3.8/site-packages/airflow/example_dags/example_time_delta_sensor_async.py
[2024-10-06T23:04:19.418+0000] {processor.py:829} INFO - Processing file /home/airflow/.local/lib/python3.8/site-packages/airflow/example_dags/example_time_delta_sensor_async.py for tasks to queue
[2024-10-06T23:04:19.419+0000] {logging_mixin.py:154} INFO - [2024-10-06T23:04:19.419+0000] {dagbag.py:536} INFO - Filling up the DagBag from /home/airflow/.local/lib/python3.8/site-packages/airflow/example_dags/example_time_delta_sensor_async.py
[2024-10-06T23:04:19.421+0000] {processor.py:839} INFO - DAG(s) dict_keys(['example_time_delta_sensor_async']) retrieved from /home/airflow/.local/lib/python3.8/site-packages/airflow/example_dags/example_time_delta_sensor_async.py
[2024-10-06T23:04:19.430+0000] {logging_mixin.py:154} INFO - [2024-10-06T23:04:19.430+0000] {dag.py:2941} INFO - Sync 1 DAGs
[2024-10-06T23:04:19.435+0000] {logging_mixin.py:154} INFO - [2024-10-06T23:04:19.435+0000] {dag.py:3722} INFO - Setting next_dagrun for example_time_delta_sensor_async to None, run_after=None
[2024-10-06T23:04:19.441+0000] {processor.py:179} INFO - Processing /home/airflow/.local/lib/python3.8/site-packages/airflow/example_dags/example_time_delta_sensor_async.py took 0.025 seconds
[2024-10-06T23:04:49.874+0000] {processor.py:157} INFO - Started process (PID=27959) to work on /home/airflow/.local/lib/python3.8/site-packages/airflow/example_dags/example_time_delta_sensor_async.py
[2024-10-06T23:04:49.875+0000] {processor.py:829} INFO - Processing file /home/airflow/.local/lib/python3.8/site-packages/airflow/example_dags/example_time_delta_sensor_async.py for tasks to queue
[2024-10-06T23:04:49.876+0000] {logging_mixin.py:154} INFO - [2024-10-06T23:04:49.876+0000] {dagbag.py:536} INFO - Filling up the DagBag from /home/airflow/.local/lib/python3.8/site-packages/airflow/example_dags/example_time_delta_sensor_async.py
[2024-10-06T23:04:49.878+0000] {processor.py:839} INFO - DAG(s) dict_keys(['example_time_delta_sensor_async']) retrieved from /home/airflow/.local/lib/python3.8/site-packages/airflow/example_dags/example_time_delta_sensor_async.py
[2024-10-06T23:04:49.887+0000] {logging_mixin.py:154} INFO - [2024-10-06T23:04:49.887+0000] {dag.py:2941} INFO - Sync 1 DAGs
[2024-10-06T23:04:49.892+0000] {logging_mixin.py:154} INFO - [2024-10-06T23:04:49.892+0000] {dag.py:3722} INFO - Setting next_dagrun for example_time_delta_sensor_async to None, run_after=None
[2024-10-06T23:04:49.898+0000] {processor.py:179} INFO - Processing /home/airflow/.local/lib/python3.8/site-packages/airflow/example_dags/example_time_delta_sensor_async.py took 0.026 seconds
[2024-10-06T23:05:20.292+0000] {processor.py:157} INFO - Started process (PID=28013) to work on /home/airflow/.local/lib/python3.8/site-packages/airflow/example_dags/example_time_delta_sensor_async.py
[2024-10-06T23:05:20.293+0000] {processor.py:829} INFO - Processing file /home/airflow/.local/lib/python3.8/site-packages/airflow/example_dags/example_time_delta_sensor_async.py for tasks to queue
[2024-10-06T23:05:20.294+0000] {logging_mixin.py:154} INFO - [2024-10-06T23:05:20.294+0000] {dagbag.py:536} INFO - Filling up the DagBag from /home/airflow/.local/lib/python3.8/site-packages/airflow/example_dags/example_time_delta_sensor_async.py
[2024-10-06T23:05:20.296+0000] {processor.py:839} INFO - DAG(s) dict_keys(['example_time_delta_sensor_async']) retrieved from /home/airflow/.local/lib/python3.8/site-packages/airflow/example_dags/example_time_delta_sensor_async.py
[2024-10-06T23:05:20.305+0000] {logging_mixin.py:154} INFO - [2024-10-06T23:05:20.305+0000] {dag.py:2941} INFO - Sync 1 DAGs
[2024-10-06T23:05:20.310+0000] {logging_mixin.py:154} INFO - [2024-10-06T23:05:20.310+0000] {dag.py:3722} INFO - Setting next_dagrun for example_time_delta_sensor_async to None, run_after=None
[2024-10-06T23:05:20.316+0000] {processor.py:179} INFO - Processing /home/airflow/.local/lib/python3.8/site-packages/airflow/example_dags/example_time_delta_sensor_async.py took 0.026 seconds
[2024-10-06T23:05:50.699+0000] {processor.py:157} INFO - Started process (PID=28067) to work on /home/airflow/.local/lib/python3.8/site-packages/airflow/example_dags/example_time_delta_sensor_async.py
[2024-10-06T23:05:50.699+0000] {processor.py:829} INFO - Processing file /home/airflow/.local/lib/python3.8/site-packages/airflow/example_dags/example_time_delta_sensor_async.py for tasks to queue
[2024-10-06T23:05:50.701+0000] {logging_mixin.py:154} INFO - [2024-10-06T23:05:50.700+0000] {dagbag.py:536} INFO - Filling up the DagBag from /home/airflow/.local/lib/python3.8/site-packages/airflow/example_dags/example_time_delta_sensor_async.py
[2024-10-06T23:05:50.703+0000] {processor.py:839} INFO - DAG(s) dict_keys(['example_time_delta_sensor_async']) retrieved from /home/airflow/.local/lib/python3.8/site-packages/airflow/example_dags/example_time_delta_sensor_async.py
[2024-10-06T23:05:50.712+0000] {logging_mixin.py:154} INFO - [2024-10-06T23:05:50.712+0000] {dag.py:2941} INFO - Sync 1 DAGs
[2024-10-06T23:05:50.717+0000] {logging_mixin.py:154} INFO - [2024-10-06T23:05:50.717+0000] {dag.py:3722} INFO - Setting next_dagrun for example_time_delta_sensor_async to None, run_after=None
[2024-10-06T23:05:50.724+0000] {processor.py:179} INFO - Processing /home/airflow/.local/lib/python3.8/site-packages/airflow/example_dags/example_time_delta_sensor_async.py took 0.027 seconds
[2024-10-06T23:06:21.139+0000] {processor.py:157} INFO - Started process (PID=28121) to work on /home/airflow/.local/lib/python3.8/site-packages/airflow/example_dags/example_time_delta_sensor_async.py
[2024-10-06T23:06:21.139+0000] {processor.py:829} INFO - Processing file /home/airflow/.local/lib/python3.8/site-packages/airflow/example_dags/example_time_delta_sensor_async.py for tasks to queue
[2024-10-06T23:06:21.140+0000] {logging_mixin.py:154} INFO - [2024-10-06T23:06:21.140+0000] {dagbag.py:536} INFO - Filling up the DagBag from /home/airflow/.local/lib/python3.8/site-packages/airflow/example_dags/example_time_delta_sensor_async.py
[2024-10-06T23:06:21.142+0000] {processor.py:839} INFO - DAG(s) dict_keys(['example_time_delta_sensor_async']) retrieved from /home/airflow/.local/lib/python3.8/site-packages/airflow/example_dags/example_time_delta_sensor_async.py
[2024-10-06T23:06:21.152+0000] {logging_mixin.py:154} INFO - [2024-10-06T23:06:21.152+0000] {dag.py:2941} INFO - Sync 1 DAGs
[2024-10-06T23:06:21.157+0000] {logging_mixin.py:154} INFO - [2024-10-06T23:06:21.157+0000] {dag.py:3722} INFO - Setting next_dagrun for example_time_delta_sensor_async to None, run_after=None
[2024-10-06T23:06:21.164+0000] {processor.py:179} INFO - Processing /home/airflow/.local/lib/python3.8/site-packages/airflow/example_dags/example_time_delta_sensor_async.py took 0.027 seconds
[2024-10-06T23:06:51.582+0000] {processor.py:157} INFO - Started process (PID=28175) to work on /home/airflow/.local/lib/python3.8/site-packages/airflow/example_dags/example_time_delta_sensor_async.py
[2024-10-06T23:06:51.582+0000] {processor.py:829} INFO - Processing file /home/airflow/.local/lib/python3.8/site-packages/airflow/example_dags/example_time_delta_sensor_async.py for tasks to queue
[2024-10-06T23:06:51.583+0000] {logging_mixin.py:154} INFO - [2024-10-06T23:06:51.583+0000] {dagbag.py:536} INFO - Filling up the DagBag from /home/airflow/.local/lib/python3.8/site-packages/airflow/example_dags/example_time_delta_sensor_async.py
[2024-10-06T23:06:51.586+0000] {processor.py:839} INFO - DAG(s) dict_keys(['example_time_delta_sensor_async']) retrieved from /home/airflow/.local/lib/python3.8/site-packages/airflow/example_dags/example_time_delta_sensor_async.py
[2024-10-06T23:06:51.595+0000] {logging_mixin.py:154} INFO - [2024-10-06T23:06:51.594+0000] {dag.py:2941} INFO - Sync 1 DAGs
[2024-10-06T23:06:51.600+0000] {logging_mixin.py:154} INFO - [2024-10-06T23:06:51.600+0000] {dag.py:3722} INFO - Setting next_dagrun for example_time_delta_sensor_async to None, run_after=None
[2024-10-06T23:06:51.606+0000] {processor.py:179} INFO - Processing /home/airflow/.local/lib/python3.8/site-packages/airflow/example_dags/example_time_delta_sensor_async.py took 0.026 seconds
[2024-10-06T23:07:21.989+0000] {processor.py:157} INFO - Started process (PID=28229) to work on /home/airflow/.local/lib/python3.8/site-packages/airflow/example_dags/example_time_delta_sensor_async.py
[2024-10-06T23:07:21.990+0000] {processor.py:829} INFO - Processing file /home/airflow/.local/lib/python3.8/site-packages/airflow/example_dags/example_time_delta_sensor_async.py for tasks to queue
[2024-10-06T23:07:21.991+0000] {logging_mixin.py:154} INFO - [2024-10-06T23:07:21.991+0000] {dagbag.py:536} INFO - Filling up the DagBag from /home/airflow/.local/lib/python3.8/site-packages/airflow/example_dags/example_time_delta_sensor_async.py
[2024-10-06T23:07:21.993+0000] {processor.py:839} INFO - DAG(s) dict_keys(['example_time_delta_sensor_async']) retrieved from /home/airflow/.local/lib/python3.8/site-packages/airflow/example_dags/example_time_delta_sensor_async.py
[2024-10-06T23:07:22.003+0000] {logging_mixin.py:154} INFO - [2024-10-06T23:07:22.002+0000] {dag.py:2941} INFO - Sync 1 DAGs
[2024-10-06T23:07:22.008+0000] {logging_mixin.py:154} INFO - [2024-10-06T23:07:22.008+0000] {dag.py:3722} INFO - Setting next_dagrun for example_time_delta_sensor_async to None, run_after=None
[2024-10-06T23:07:22.014+0000] {processor.py:179} INFO - Processing /home/airflow/.local/lib/python3.8/site-packages/airflow/example_dags/example_time_delta_sensor_async.py took 0.026 seconds
[2024-10-06T23:07:52.466+0000] {processor.py:157} INFO - Started process (PID=28283) to work on /home/airflow/.local/lib/python3.8/site-packages/airflow/example_dags/example_time_delta_sensor_async.py
[2024-10-06T23:07:52.466+0000] {processor.py:829} INFO - Processing file /home/airflow/.local/lib/python3.8/site-packages/airflow/example_dags/example_time_delta_sensor_async.py for tasks to queue
[2024-10-06T23:07:52.467+0000] {logging_mixin.py:154} INFO - [2024-10-06T23:07:52.467+0000] {dagbag.py:536} INFO - Filling up the DagBag from /home/airflow/.local/lib/python3.8/site-packages/airflow/example_dags/example_time_delta_sensor_async.py
[2024-10-06T23:07:52.470+0000] {processor.py:839} INFO - DAG(s) dict_keys(['example_time_delta_sensor_async']) retrieved from /home/airflow/.local/lib/python3.8/site-packages/airflow/example_dags/example_time_delta_sensor_async.py
[2024-10-06T23:07:52.479+0000] {logging_mixin.py:154} INFO - [2024-10-06T23:07:52.479+0000] {dag.py:2941} INFO - Sync 1 DAGs
[2024-10-06T23:07:52.484+0000] {logging_mixin.py:154} INFO - [2024-10-06T23:07:52.484+0000] {dag.py:3722} INFO - Setting next_dagrun for example_time_delta_sensor_async to None, run_after=None
[2024-10-06T23:07:52.491+0000] {processor.py:179} INFO - Processing /home/airflow/.local/lib/python3.8/site-packages/airflow/example_dags/example_time_delta_sensor_async.py took 0.027 seconds
[2024-10-06T23:08:22.823+0000] {processor.py:157} INFO - Started process (PID=28337) to work on /home/airflow/.local/lib/python3.8/site-packages/airflow/example_dags/example_time_delta_sensor_async.py
[2024-10-06T23:08:22.823+0000] {processor.py:829} INFO - Processing file /home/airflow/.local/lib/python3.8/site-packages/airflow/example_dags/example_time_delta_sensor_async.py for tasks to queue
[2024-10-06T23:08:22.824+0000] {logging_mixin.py:154} INFO - [2024-10-06T23:08:22.824+0000] {dagbag.py:536} INFO - Filling up the DagBag from /home/airflow/.local/lib/python3.8/site-packages/airflow/example_dags/example_time_delta_sensor_async.py
[2024-10-06T23:08:22.827+0000] {processor.py:839} INFO - DAG(s) dict_keys(['example_time_delta_sensor_async']) retrieved from /home/airflow/.local/lib/python3.8/site-packages/airflow/example_dags/example_time_delta_sensor_async.py
[2024-10-06T23:08:22.836+0000] {logging_mixin.py:154} INFO - [2024-10-06T23:08:22.836+0000] {dag.py:2941} INFO - Sync 1 DAGs
[2024-10-06T23:08:22.841+0000] {logging_mixin.py:154} INFO - [2024-10-06T23:08:22.841+0000] {dag.py:3722} INFO - Setting next_dagrun for example_time_delta_sensor_async to None, run_after=None
[2024-10-06T23:08:22.848+0000] {processor.py:179} INFO - Processing /home/airflow/.local/lib/python3.8/site-packages/airflow/example_dags/example_time_delta_sensor_async.py took 0.026 seconds
[2024-10-06T23:08:53.263+0000] {processor.py:157} INFO - Started process (PID=28398) to work on /home/airflow/.local/lib/python3.8/site-packages/airflow/example_dags/example_time_delta_sensor_async.py
[2024-10-06T23:08:53.264+0000] {processor.py:829} INFO - Processing file /home/airflow/.local/lib/python3.8/site-packages/airflow/example_dags/example_time_delta_sensor_async.py for tasks to queue
[2024-10-06T23:08:53.265+0000] {logging_mixin.py:154} INFO - [2024-10-06T23:08:53.265+0000] {dagbag.py:536} INFO - Filling up the DagBag from /home/airflow/.local/lib/python3.8/site-packages/airflow/example_dags/example_time_delta_sensor_async.py
[2024-10-06T23:08:53.267+0000] {processor.py:839} INFO - DAG(s) dict_keys(['example_time_delta_sensor_async']) retrieved from /home/airflow/.local/lib/python3.8/site-packages/airflow/example_dags/example_time_delta_sensor_async.py
[2024-10-06T23:08:53.277+0000] {logging_mixin.py:154} INFO - [2024-10-06T23:08:53.276+0000] {dag.py:2941} INFO - Sync 1 DAGs
[2024-10-06T23:08:53.282+0000] {logging_mixin.py:154} INFO - [2024-10-06T23:08:53.282+0000] {dag.py:3722} INFO - Setting next_dagrun for example_time_delta_sensor_async to None, run_after=None
[2024-10-06T23:08:53.288+0000] {processor.py:179} INFO - Processing /home/airflow/.local/lib/python3.8/site-packages/airflow/example_dags/example_time_delta_sensor_async.py took 0.027 seconds
[2024-10-06T23:09:23.650+0000] {processor.py:157} INFO - Started process (PID=28452) to work on /home/airflow/.local/lib/python3.8/site-packages/airflow/example_dags/example_time_delta_sensor_async.py
[2024-10-06T23:09:23.651+0000] {processor.py:829} INFO - Processing file /home/airflow/.local/lib/python3.8/site-packages/airflow/example_dags/example_time_delta_sensor_async.py for tasks to queue
[2024-10-06T23:09:23.652+0000] {logging_mixin.py:154} INFO - [2024-10-06T23:09:23.651+0000] {dagbag.py:536} INFO - Filling up the DagBag from /home/airflow/.local/lib/python3.8/site-packages/airflow/example_dags/example_time_delta_sensor_async.py
[2024-10-06T23:09:23.654+0000] {processor.py:839} INFO - DAG(s) dict_keys(['example_time_delta_sensor_async']) retrieved from /home/airflow/.local/lib/python3.8/site-packages/airflow/example_dags/example_time_delta_sensor_async.py
[2024-10-06T23:09:23.663+0000] {logging_mixin.py:154} INFO - [2024-10-06T23:09:23.663+0000] {dag.py:2941} INFO - Sync 1 DAGs
[2024-10-06T23:09:23.669+0000] {logging_mixin.py:154} INFO - [2024-10-06T23:09:23.669+0000] {dag.py:3722} INFO - Setting next_dagrun for example_time_delta_sensor_async to None, run_after=None
[2024-10-06T23:09:23.675+0000] {processor.py:179} INFO - Processing /home/airflow/.local/lib/python3.8/site-packages/airflow/example_dags/example_time_delta_sensor_async.py took 0.027 seconds
[2024-10-06T23:09:54.150+0000] {processor.py:157} INFO - Started process (PID=28506) to work on /home/airflow/.local/lib/python3.8/site-packages/airflow/example_dags/example_time_delta_sensor_async.py
[2024-10-06T23:09:54.151+0000] {processor.py:829} INFO - Processing file /home/airflow/.local/lib/python3.8/site-packages/airflow/example_dags/example_time_delta_sensor_async.py for tasks to queue
[2024-10-06T23:09:54.152+0000] {logging_mixin.py:154} INFO - [2024-10-06T23:09:54.152+0000] {dagbag.py:536} INFO - Filling up the DagBag from /home/airflow/.local/lib/python3.8/site-packages/airflow/example_dags/example_time_delta_sensor_async.py
[2024-10-06T23:09:54.154+0000] {processor.py:839} INFO - DAG(s) dict_keys(['example_time_delta_sensor_async']) retrieved from /home/airflow/.local/lib/python3.8/site-packages/airflow/example_dags/example_time_delta_sensor_async.py
[2024-10-06T23:09:54.164+0000] {logging_mixin.py:154} INFO - [2024-10-06T23:09:54.164+0000] {dag.py:2941} INFO - Sync 1 DAGs
[2024-10-06T23:09:54.169+0000] {logging_mixin.py:154} INFO - [2024-10-06T23:09:54.169+0000] {dag.py:3722} INFO - Setting next_dagrun for example_time_delta_sensor_async to None, run_after=None
[2024-10-06T23:09:54.176+0000] {processor.py:179} INFO - Processing /home/airflow/.local/lib/python3.8/site-packages/airflow/example_dags/example_time_delta_sensor_async.py took 0.027 seconds
[2024-10-06T23:10:24.582+0000] {processor.py:157} INFO - Started process (PID=28560) to work on /home/airflow/.local/lib/python3.8/site-packages/airflow/example_dags/example_time_delta_sensor_async.py
[2024-10-06T23:10:24.583+0000] {processor.py:829} INFO - Processing file /home/airflow/.local/lib/python3.8/site-packages/airflow/example_dags/example_time_delta_sensor_async.py for tasks to queue
[2024-10-06T23:10:24.584+0000] {logging_mixin.py:154} INFO - [2024-10-06T23:10:24.584+0000] {dagbag.py:536} INFO - Filling up the DagBag from /home/airflow/.local/lib/python3.8/site-packages/airflow/example_dags/example_time_delta_sensor_async.py
[2024-10-06T23:10:24.586+0000] {processor.py:839} INFO - DAG(s) dict_keys(['example_time_delta_sensor_async']) retrieved from /home/airflow/.local/lib/python3.8/site-packages/airflow/example_dags/example_time_delta_sensor_async.py
[2024-10-06T23:10:24.596+0000] {logging_mixin.py:154} INFO - [2024-10-06T23:10:24.595+0000] {dag.py:2941} INFO - Sync 1 DAGs
[2024-10-06T23:10:24.601+0000] {logging_mixin.py:154} INFO - [2024-10-06T23:10:24.601+0000] {dag.py:3722} INFO - Setting next_dagrun for example_time_delta_sensor_async to None, run_after=None
[2024-10-06T23:10:24.607+0000] {processor.py:179} INFO - Processing /home/airflow/.local/lib/python3.8/site-packages/airflow/example_dags/example_time_delta_sensor_async.py took 0.026 seconds
[2024-10-06T23:10:54.986+0000] {processor.py:157} INFO - Started process (PID=28614) to work on /home/airflow/.local/lib/python3.8/site-packages/airflow/example_dags/example_time_delta_sensor_async.py
[2024-10-06T23:10:54.987+0000] {processor.py:829} INFO - Processing file /home/airflow/.local/lib/python3.8/site-packages/airflow/example_dags/example_time_delta_sensor_async.py for tasks to queue
[2024-10-06T23:10:54.988+0000] {logging_mixin.py:154} INFO - [2024-10-06T23:10:54.988+0000] {dagbag.py:536} INFO - Filling up the DagBag from /home/airflow/.local/lib/python3.8/site-packages/airflow/example_dags/example_time_delta_sensor_async.py
[2024-10-06T23:10:54.990+0000] {processor.py:839} INFO - DAG(s) dict_keys(['example_time_delta_sensor_async']) retrieved from /home/airflow/.local/lib/python3.8/site-packages/airflow/example_dags/example_time_delta_sensor_async.py
[2024-10-06T23:10:55.000+0000] {logging_mixin.py:154} INFO - [2024-10-06T23:10:54.999+0000] {dag.py:2941} INFO - Sync 1 DAGs
[2024-10-06T23:10:55.006+0000] {logging_mixin.py:154} INFO - [2024-10-06T23:10:55.006+0000] {dag.py:3722} INFO - Setting next_dagrun for example_time_delta_sensor_async to None, run_after=None
[2024-10-06T23:10:55.012+0000] {processor.py:179} INFO - Processing /home/airflow/.local/lib/python3.8/site-packages/airflow/example_dags/example_time_delta_sensor_async.py took 0.027 seconds
[2024-10-06T23:11:25.411+0000] {processor.py:157} INFO - Started process (PID=28668) to work on /home/airflow/.local/lib/python3.8/site-packages/airflow/example_dags/example_time_delta_sensor_async.py
[2024-10-06T23:11:25.412+0000] {processor.py:829} INFO - Processing file /home/airflow/.local/lib/python3.8/site-packages/airflow/example_dags/example_time_delta_sensor_async.py for tasks to queue
[2024-10-06T23:11:25.413+0000] {logging_mixin.py:154} INFO - [2024-10-06T23:11:25.413+0000] {dagbag.py:536} INFO - Filling up the DagBag from /home/airflow/.local/lib/python3.8/site-packages/airflow/example_dags/example_time_delta_sensor_async.py
[2024-10-06T23:11:25.415+0000] {processor.py:839} INFO - DAG(s) dict_keys(['example_time_delta_sensor_async']) retrieved from /home/airflow/.local/lib/python3.8/site-packages/airflow/example_dags/example_time_delta_sensor_async.py
[2024-10-06T23:11:25.425+0000] {logging_mixin.py:154} INFO - [2024-10-06T23:11:25.425+0000] {dag.py:2941} INFO - Sync 1 DAGs
[2024-10-06T23:11:25.431+0000] {logging_mixin.py:154} INFO - [2024-10-06T23:11:25.431+0000] {dag.py:3722} INFO - Setting next_dagrun for example_time_delta_sensor_async to None, run_after=None
[2024-10-06T23:11:25.439+0000] {processor.py:179} INFO - Processing /home/airflow/.local/lib/python3.8/site-packages/airflow/example_dags/example_time_delta_sensor_async.py took 0.030 seconds
[2024-10-06T23:11:55.857+0000] {processor.py:157} INFO - Started process (PID=28722) to work on /home/airflow/.local/lib/python3.8/site-packages/airflow/example_dags/example_time_delta_sensor_async.py
[2024-10-06T23:11:55.858+0000] {processor.py:829} INFO - Processing file /home/airflow/.local/lib/python3.8/site-packages/airflow/example_dags/example_time_delta_sensor_async.py for tasks to queue
[2024-10-06T23:11:55.860+0000] {logging_mixin.py:154} INFO - [2024-10-06T23:11:55.860+0000] {dagbag.py:536} INFO - Filling up the DagBag from /home/airflow/.local/lib/python3.8/site-packages/airflow/example_dags/example_time_delta_sensor_async.py
[2024-10-06T23:11:55.863+0000] {processor.py:839} INFO - DAG(s) dict_keys(['example_time_delta_sensor_async']) retrieved from /home/airflow/.local/lib/python3.8/site-packages/airflow/example_dags/example_time_delta_sensor_async.py
[2024-10-06T23:11:55.872+0000] {logging_mixin.py:154} INFO - [2024-10-06T23:11:55.872+0000] {dag.py:2941} INFO - Sync 1 DAGs
[2024-10-06T23:11:55.878+0000] {logging_mixin.py:154} INFO - [2024-10-06T23:11:55.878+0000] {dag.py:3722} INFO - Setting next_dagrun for example_time_delta_sensor_async to None, run_after=None
[2024-10-06T23:11:55.886+0000] {processor.py:179} INFO - Processing /home/airflow/.local/lib/python3.8/site-packages/airflow/example_dags/example_time_delta_sensor_async.py took 0.031 seconds
[2024-10-06T23:12:26.355+0000] {processor.py:157} INFO - Started process (PID=28776) to work on /home/airflow/.local/lib/python3.8/site-packages/airflow/example_dags/example_time_delta_sensor_async.py
[2024-10-06T23:12:26.356+0000] {processor.py:829} INFO - Processing file /home/airflow/.local/lib/python3.8/site-packages/airflow/example_dags/example_time_delta_sensor_async.py for tasks to queue
[2024-10-06T23:12:26.357+0000] {logging_mixin.py:154} INFO - [2024-10-06T23:12:26.357+0000] {dagbag.py:536} INFO - Filling up the DagBag from /home/airflow/.local/lib/python3.8/site-packages/airflow/example_dags/example_time_delta_sensor_async.py
[2024-10-06T23:12:26.359+0000] {processor.py:839} INFO - DAG(s) dict_keys(['example_time_delta_sensor_async']) retrieved from /home/airflow/.local/lib/python3.8/site-packages/airflow/example_dags/example_time_delta_sensor_async.py
[2024-10-06T23:12:26.369+0000] {logging_mixin.py:154} INFO - [2024-10-06T23:12:26.368+0000] {dag.py:2941} INFO - Sync 1 DAGs
[2024-10-06T23:12:26.374+0000] {logging_mixin.py:154} INFO - [2024-10-06T23:12:26.374+0000] {dag.py:3722} INFO - Setting next_dagrun for example_time_delta_sensor_async to None, run_after=None
[2024-10-06T23:12:26.381+0000] {processor.py:179} INFO - Processing /home/airflow/.local/lib/python3.8/site-packages/airflow/example_dags/example_time_delta_sensor_async.py took 0.027 seconds
[2024-10-06T23:12:56.839+0000] {processor.py:157} INFO - Started process (PID=28830) to work on /home/airflow/.local/lib/python3.8/site-packages/airflow/example_dags/example_time_delta_sensor_async.py
[2024-10-06T23:12:56.839+0000] {processor.py:829} INFO - Processing file /home/airflow/.local/lib/python3.8/site-packages/airflow/example_dags/example_time_delta_sensor_async.py for tasks to queue
[2024-10-06T23:12:56.840+0000] {logging_mixin.py:154} INFO - [2024-10-06T23:12:56.840+0000] {dagbag.py:536} INFO - Filling up the DagBag from /home/airflow/.local/lib/python3.8/site-packages/airflow/example_dags/example_time_delta_sensor_async.py
[2024-10-06T23:12:56.843+0000] {processor.py:839} INFO - DAG(s) dict_keys(['example_time_delta_sensor_async']) retrieved from /home/airflow/.local/lib/python3.8/site-packages/airflow/example_dags/example_time_delta_sensor_async.py
[2024-10-06T23:12:56.852+0000] {logging_mixin.py:154} INFO - [2024-10-06T23:12:56.852+0000] {dag.py:2941} INFO - Sync 1 DAGs
[2024-10-06T23:12:56.857+0000] {logging_mixin.py:154} INFO - [2024-10-06T23:12:56.857+0000] {dag.py:3722} INFO - Setting next_dagrun for example_time_delta_sensor_async to None, run_after=None
[2024-10-06T23:12:56.863+0000] {processor.py:179} INFO - Processing /home/airflow/.local/lib/python3.8/site-packages/airflow/example_dags/example_time_delta_sensor_async.py took 0.026 seconds
[2024-10-06T23:13:27.275+0000] {processor.py:157} INFO - Started process (PID=28884) to work on /home/airflow/.local/lib/python3.8/site-packages/airflow/example_dags/example_time_delta_sensor_async.py
[2024-10-06T23:13:27.275+0000] {processor.py:829} INFO - Processing file /home/airflow/.local/lib/python3.8/site-packages/airflow/example_dags/example_time_delta_sensor_async.py for tasks to queue
[2024-10-06T23:13:27.277+0000] {logging_mixin.py:154} INFO - [2024-10-06T23:13:27.276+0000] {dagbag.py:536} INFO - Filling up the DagBag from /home/airflow/.local/lib/python3.8/site-packages/airflow/example_dags/example_time_delta_sensor_async.py
[2024-10-06T23:13:27.279+0000] {processor.py:839} INFO - DAG(s) dict_keys(['example_time_delta_sensor_async']) retrieved from /home/airflow/.local/lib/python3.8/site-packages/airflow/example_dags/example_time_delta_sensor_async.py
[2024-10-06T23:13:27.288+0000] {logging_mixin.py:154} INFO - [2024-10-06T23:13:27.288+0000] {dag.py:2941} INFO - Sync 1 DAGs
[2024-10-06T23:13:27.294+0000] {logging_mixin.py:154} INFO - [2024-10-06T23:13:27.294+0000] {dag.py:3722} INFO - Setting next_dagrun for example_time_delta_sensor_async to None, run_after=None
[2024-10-06T23:13:27.301+0000] {processor.py:179} INFO - Processing /home/airflow/.local/lib/python3.8/site-packages/airflow/example_dags/example_time_delta_sensor_async.py took 0.027 seconds
[2024-10-06T23:13:57.727+0000] {processor.py:157} INFO - Started process (PID=28938) to work on /home/airflow/.local/lib/python3.8/site-packages/airflow/example_dags/example_time_delta_sensor_async.py
[2024-10-06T23:13:57.727+0000] {processor.py:829} INFO - Processing file /home/airflow/.local/lib/python3.8/site-packages/airflow/example_dags/example_time_delta_sensor_async.py for tasks to queue
[2024-10-06T23:13:57.728+0000] {logging_mixin.py:154} INFO - [2024-10-06T23:13:57.728+0000] {dagbag.py:536} INFO - Filling up the DagBag from /home/airflow/.local/lib/python3.8/site-packages/airflow/example_dags/example_time_delta_sensor_async.py
[2024-10-06T23:13:57.731+0000] {processor.py:839} INFO - DAG(s) dict_keys(['example_time_delta_sensor_async']) retrieved from /home/airflow/.local/lib/python3.8/site-packages/airflow/example_dags/example_time_delta_sensor_async.py
[2024-10-06T23:13:57.740+0000] {logging_mixin.py:154} INFO - [2024-10-06T23:13:57.740+0000] {dag.py:2941} INFO - Sync 1 DAGs
[2024-10-06T23:13:57.745+0000] {logging_mixin.py:154} INFO - [2024-10-06T23:13:57.745+0000] {dag.py:3722} INFO - Setting next_dagrun for example_time_delta_sensor_async to None, run_after=None
[2024-10-06T23:13:57.753+0000] {processor.py:179} INFO - Processing /home/airflow/.local/lib/python3.8/site-packages/airflow/example_dags/example_time_delta_sensor_async.py took 0.028 seconds
[2024-10-06T23:14:28.221+0000] {processor.py:157} INFO - Started process (PID=28992) to work on /home/airflow/.local/lib/python3.8/site-packages/airflow/example_dags/example_time_delta_sensor_async.py
[2024-10-06T23:14:28.221+0000] {processor.py:829} INFO - Processing file /home/airflow/.local/lib/python3.8/site-packages/airflow/example_dags/example_time_delta_sensor_async.py for tasks to queue
[2024-10-06T23:14:28.222+0000] {logging_mixin.py:154} INFO - [2024-10-06T23:14:28.222+0000] {dagbag.py:536} INFO - Filling up the DagBag from /home/airflow/.local/lib/python3.8/site-packages/airflow/example_dags/example_time_delta_sensor_async.py
[2024-10-06T23:14:28.225+0000] {processor.py:839} INFO - DAG(s) dict_keys(['example_time_delta_sensor_async']) retrieved from /home/airflow/.local/lib/python3.8/site-packages/airflow/example_dags/example_time_delta_sensor_async.py
[2024-10-06T23:14:28.234+0000] {logging_mixin.py:154} INFO - [2024-10-06T23:14:28.234+0000] {dag.py:2941} INFO - Sync 1 DAGs
[2024-10-06T23:14:28.240+0000] {logging_mixin.py:154} INFO - [2024-10-06T23:14:28.239+0000] {dag.py:3722} INFO - Setting next_dagrun for example_time_delta_sensor_async to None, run_after=None
[2024-10-06T23:14:28.246+0000] {processor.py:179} INFO - Processing /home/airflow/.local/lib/python3.8/site-packages/airflow/example_dags/example_time_delta_sensor_async.py took 0.027 seconds
[2024-10-06T23:14:58.679+0000] {processor.py:157} INFO - Started process (PID=29046) to work on /home/airflow/.local/lib/python3.8/site-packages/airflow/example_dags/example_time_delta_sensor_async.py
[2024-10-06T23:14:58.679+0000] {processor.py:829} INFO - Processing file /home/airflow/.local/lib/python3.8/site-packages/airflow/example_dags/example_time_delta_sensor_async.py for tasks to queue
[2024-10-06T23:14:58.680+0000] {logging_mixin.py:154} INFO - [2024-10-06T23:14:58.680+0000] {dagbag.py:536} INFO - Filling up the DagBag from /home/airflow/.local/lib/python3.8/site-packages/airflow/example_dags/example_time_delta_sensor_async.py
[2024-10-06T23:14:58.682+0000] {processor.py:839} INFO - DAG(s) dict_keys(['example_time_delta_sensor_async']) retrieved from /home/airflow/.local/lib/python3.8/site-packages/airflow/example_dags/example_time_delta_sensor_async.py
[2024-10-06T23:14:58.692+0000] {logging_mixin.py:154} INFO - [2024-10-06T23:14:58.691+0000] {dag.py:2941} INFO - Sync 1 DAGs
[2024-10-06T23:14:58.697+0000] {logging_mixin.py:154} INFO - [2024-10-06T23:14:58.696+0000] {dag.py:3722} INFO - Setting next_dagrun for example_time_delta_sensor_async to None, run_after=None
[2024-10-06T23:14:58.703+0000] {processor.py:179} INFO - Processing /home/airflow/.local/lib/python3.8/site-packages/airflow/example_dags/example_time_delta_sensor_async.py took 0.026 seconds
[2024-10-06T23:15:29.107+0000] {processor.py:157} INFO - Started process (PID=29100) to work on /home/airflow/.local/lib/python3.8/site-packages/airflow/example_dags/example_time_delta_sensor_async.py
[2024-10-06T23:15:29.107+0000] {processor.py:829} INFO - Processing file /home/airflow/.local/lib/python3.8/site-packages/airflow/example_dags/example_time_delta_sensor_async.py for tasks to queue
[2024-10-06T23:15:29.108+0000] {logging_mixin.py:154} INFO - [2024-10-06T23:15:29.108+0000] {dagbag.py:536} INFO - Filling up the DagBag from /home/airflow/.local/lib/python3.8/site-packages/airflow/example_dags/example_time_delta_sensor_async.py
[2024-10-06T23:15:29.111+0000] {processor.py:839} INFO - DAG(s) dict_keys(['example_time_delta_sensor_async']) retrieved from /home/airflow/.local/lib/python3.8/site-packages/airflow/example_dags/example_time_delta_sensor_async.py
[2024-10-06T23:15:29.119+0000] {logging_mixin.py:154} INFO - [2024-10-06T23:15:29.119+0000] {dag.py:2941} INFO - Sync 1 DAGs
[2024-10-06T23:15:29.124+0000] {logging_mixin.py:154} INFO - [2024-10-06T23:15:29.124+0000] {dag.py:3722} INFO - Setting next_dagrun for example_time_delta_sensor_async to None, run_after=None
[2024-10-06T23:15:29.129+0000] {processor.py:179} INFO - Processing /home/airflow/.local/lib/python3.8/site-packages/airflow/example_dags/example_time_delta_sensor_async.py took 0.024 seconds
[2024-10-06T23:54:56.778+0000] {processor.py:157} INFO - Started process (PID=29147) to work on /home/airflow/.local/lib/python3.8/site-packages/airflow/example_dags/example_time_delta_sensor_async.py
[2024-10-06T23:54:56.778+0000] {processor.py:829} INFO - Processing file /home/airflow/.local/lib/python3.8/site-packages/airflow/example_dags/example_time_delta_sensor_async.py for tasks to queue
[2024-10-06T23:54:56.779+0000] {logging_mixin.py:154} INFO - [2024-10-06T23:54:56.779+0000] {dagbag.py:536} INFO - Filling up the DagBag from /home/airflow/.local/lib/python3.8/site-packages/airflow/example_dags/example_time_delta_sensor_async.py
[2024-10-06T23:54:56.782+0000] {processor.py:839} INFO - DAG(s) dict_keys(['example_time_delta_sensor_async']) retrieved from /home/airflow/.local/lib/python3.8/site-packages/airflow/example_dags/example_time_delta_sensor_async.py
[2024-10-06T23:54:56.791+0000] {logging_mixin.py:154} INFO - [2024-10-06T23:54:56.791+0000] {dag.py:2941} INFO - Sync 1 DAGs
[2024-10-06T23:54:56.797+0000] {logging_mixin.py:154} INFO - [2024-10-06T23:54:56.797+0000] {dag.py:3722} INFO - Setting next_dagrun for example_time_delta_sensor_async to None, run_after=None
[2024-10-06T23:54:56.803+0000] {processor.py:179} INFO - Processing /home/airflow/.local/lib/python3.8/site-packages/airflow/example_dags/example_time_delta_sensor_async.py took 0.027 seconds
