[2024-10-06T00:48:01.063+0000] {processor.py:157} INFO - Started process (PID=25776) to work on /home/airflow/.local/lib/python3.8/site-packages/airflow/example_dags/example_dynamic_task_mapping.py
[2024-10-06T00:48:01.065+0000] {processor.py:829} INFO - Processing file /home/airflow/.local/lib/python3.8/site-packages/airflow/example_dags/example_dynamic_task_mapping.py for tasks to queue
[2024-10-06T00:48:01.068+0000] {logging_mixin.py:154} INFO - [2024-10-06T00:48:01.068+0000] {dagbag.py:536} INFO - Filling up the DagBag from /home/airflow/.local/lib/python3.8/site-packages/airflow/example_dags/example_dynamic_task_mapping.py
[2024-10-06T00:48:01.073+0000] {processor.py:839} INFO - DAG(s) dict_keys(['example_dynamic_task_mapping']) retrieved from /home/airflow/.local/lib/python3.8/site-packages/airflow/example_dags/example_dynamic_task_mapping.py
[2024-10-06T00:48:01.087+0000] {logging_mixin.py:154} INFO - [2024-10-06T00:48:01.086+0000] {dag.py:2941} INFO - Sync 1 DAGs
[2024-10-06T00:48:01.100+0000] {logging_mixin.py:154} INFO - [2024-10-06T00:48:01.099+0000] {dag.py:3722} INFO - Setting next_dagrun for example_dynamic_task_mapping to 2022-03-04T00:00:00+00:00, run_after=2022-03-05T00:00:00+00:00
[2024-10-06T00:48:01.113+0000] {processor.py:179} INFO - Processing /home/airflow/.local/lib/python3.8/site-packages/airflow/example_dags/example_dynamic_task_mapping.py took 0.053 seconds
[2024-10-06T00:59:18.173+0000] {processor.py:157} INFO - Started process (PID=25830) to work on /home/airflow/.local/lib/python3.8/site-packages/airflow/example_dags/example_dynamic_task_mapping.py
[2024-10-06T00:59:18.173+0000] {processor.py:829} INFO - Processing file /home/airflow/.local/lib/python3.8/site-packages/airflow/example_dags/example_dynamic_task_mapping.py for tasks to queue
[2024-10-06T00:59:18.174+0000] {logging_mixin.py:154} INFO - [2024-10-06T00:59:18.174+0000] {dagbag.py:536} INFO - Filling up the DagBag from /home/airflow/.local/lib/python3.8/site-packages/airflow/example_dags/example_dynamic_task_mapping.py
[2024-10-06T00:59:18.177+0000] {processor.py:839} INFO - DAG(s) dict_keys(['example_dynamic_task_mapping']) retrieved from /home/airflow/.local/lib/python3.8/site-packages/airflow/example_dags/example_dynamic_task_mapping.py
[2024-10-06T00:59:18.186+0000] {logging_mixin.py:154} INFO - [2024-10-06T00:59:18.186+0000] {dag.py:2941} INFO - Sync 1 DAGs
[2024-10-06T00:59:18.195+0000] {logging_mixin.py:154} INFO - [2024-10-06T00:59:18.194+0000] {dag.py:3722} INFO - Setting next_dagrun for example_dynamic_task_mapping to 2022-03-04T00:00:00+00:00, run_after=2022-03-05T00:00:00+00:00
[2024-10-06T00:59:18.201+0000] {processor.py:179} INFO - Processing /home/airflow/.local/lib/python3.8/site-packages/airflow/example_dags/example_dynamic_task_mapping.py took 0.030 seconds
[2024-10-06T02:12:19.257+0000] {processor.py:157} INFO - Started process (PID=25884) to work on /home/airflow/.local/lib/python3.8/site-packages/airflow/example_dags/example_dynamic_task_mapping.py
[2024-10-06T02:12:19.257+0000] {processor.py:829} INFO - Processing file /home/airflow/.local/lib/python3.8/site-packages/airflow/example_dags/example_dynamic_task_mapping.py for tasks to queue
[2024-10-06T02:12:19.258+0000] {logging_mixin.py:154} INFO - [2024-10-06T02:12:19.258+0000] {dagbag.py:536} INFO - Filling up the DagBag from /home/airflow/.local/lib/python3.8/site-packages/airflow/example_dags/example_dynamic_task_mapping.py
[2024-10-06T02:12:19.261+0000] {processor.py:839} INFO - DAG(s) dict_keys(['example_dynamic_task_mapping']) retrieved from /home/airflow/.local/lib/python3.8/site-packages/airflow/example_dags/example_dynamic_task_mapping.py
[2024-10-06T02:12:19.270+0000] {logging_mixin.py:154} INFO - [2024-10-06T02:12:19.270+0000] {dag.py:2941} INFO - Sync 1 DAGs
[2024-10-06T02:12:19.279+0000] {logging_mixin.py:154} INFO - [2024-10-06T02:12:19.279+0000] {dag.py:3722} INFO - Setting next_dagrun for example_dynamic_task_mapping to 2022-03-04T00:00:00+00:00, run_after=2022-03-05T00:00:00+00:00
[2024-10-06T02:12:19.285+0000] {processor.py:179} INFO - Processing /home/airflow/.local/lib/python3.8/site-packages/airflow/example_dags/example_dynamic_task_mapping.py took 0.030 seconds
[2024-10-06T02:48:45.867+0000] {processor.py:157} INFO - Started process (PID=25938) to work on /home/airflow/.local/lib/python3.8/site-packages/airflow/example_dags/example_dynamic_task_mapping.py
[2024-10-06T02:48:45.869+0000] {processor.py:829} INFO - Processing file /home/airflow/.local/lib/python3.8/site-packages/airflow/example_dags/example_dynamic_task_mapping.py for tasks to queue
[2024-10-06T02:48:45.872+0000] {logging_mixin.py:154} INFO - [2024-10-06T02:48:45.872+0000] {dagbag.py:536} INFO - Filling up the DagBag from /home/airflow/.local/lib/python3.8/site-packages/airflow/example_dags/example_dynamic_task_mapping.py
[2024-10-06T02:48:45.878+0000] {processor.py:839} INFO - DAG(s) dict_keys(['example_dynamic_task_mapping']) retrieved from /home/airflow/.local/lib/python3.8/site-packages/airflow/example_dags/example_dynamic_task_mapping.py
[2024-10-06T02:48:45.895+0000] {logging_mixin.py:154} INFO - [2024-10-06T02:48:45.894+0000] {dag.py:2941} INFO - Sync 1 DAGs
[2024-10-06T02:48:45.909+0000] {logging_mixin.py:154} INFO - [2024-10-06T02:48:45.908+0000] {dag.py:3722} INFO - Setting next_dagrun for example_dynamic_task_mapping to 2022-03-04T00:00:00+00:00, run_after=2022-03-05T00:00:00+00:00
[2024-10-06T02:48:45.922+0000] {processor.py:179} INFO - Processing /home/airflow/.local/lib/python3.8/site-packages/airflow/example_dags/example_dynamic_task_mapping.py took 0.057 seconds
[2024-10-06T03:19:21.924+0000] {processor.py:157} INFO - Started process (PID=25992) to work on /home/airflow/.local/lib/python3.8/site-packages/airflow/example_dags/example_dynamic_task_mapping.py
[2024-10-06T03:19:21.924+0000] {processor.py:829} INFO - Processing file /home/airflow/.local/lib/python3.8/site-packages/airflow/example_dags/example_dynamic_task_mapping.py for tasks to queue
[2024-10-06T03:19:21.926+0000] {logging_mixin.py:154} INFO - [2024-10-06T03:19:21.925+0000] {dagbag.py:536} INFO - Filling up the DagBag from /home/airflow/.local/lib/python3.8/site-packages/airflow/example_dags/example_dynamic_task_mapping.py
[2024-10-06T03:19:21.929+0000] {processor.py:839} INFO - DAG(s) dict_keys(['example_dynamic_task_mapping']) retrieved from /home/airflow/.local/lib/python3.8/site-packages/airflow/example_dags/example_dynamic_task_mapping.py
[2024-10-06T03:19:21.938+0000] {logging_mixin.py:154} INFO - [2024-10-06T03:19:21.938+0000] {dag.py:2941} INFO - Sync 1 DAGs
[2024-10-06T03:19:21.946+0000] {logging_mixin.py:154} INFO - [2024-10-06T03:19:21.946+0000] {dag.py:3722} INFO - Setting next_dagrun for example_dynamic_task_mapping to 2022-03-04T00:00:00+00:00, run_after=2022-03-05T00:00:00+00:00
[2024-10-06T03:19:21.953+0000] {processor.py:179} INFO - Processing /home/airflow/.local/lib/python3.8/site-packages/airflow/example_dags/example_dynamic_task_mapping.py took 0.031 seconds
[2024-10-06T04:34:55.660+0000] {processor.py:157} INFO - Started process (PID=26046) to work on /home/airflow/.local/lib/python3.8/site-packages/airflow/example_dags/example_dynamic_task_mapping.py
[2024-10-06T04:34:55.661+0000] {processor.py:829} INFO - Processing file /home/airflow/.local/lib/python3.8/site-packages/airflow/example_dags/example_dynamic_task_mapping.py for tasks to queue
[2024-10-06T04:34:55.662+0000] {logging_mixin.py:154} INFO - [2024-10-06T04:34:55.662+0000] {dagbag.py:536} INFO - Filling up the DagBag from /home/airflow/.local/lib/python3.8/site-packages/airflow/example_dags/example_dynamic_task_mapping.py
[2024-10-06T04:34:55.666+0000] {processor.py:839} INFO - DAG(s) dict_keys(['example_dynamic_task_mapping']) retrieved from /home/airflow/.local/lib/python3.8/site-packages/airflow/example_dags/example_dynamic_task_mapping.py
[2024-10-06T04:34:55.678+0000] {logging_mixin.py:154} INFO - [2024-10-06T04:34:55.678+0000] {dag.py:2941} INFO - Sync 1 DAGs
[2024-10-06T04:34:55.689+0000] {logging_mixin.py:154} INFO - [2024-10-06T04:34:55.689+0000] {dag.py:3722} INFO - Setting next_dagrun for example_dynamic_task_mapping to 2022-03-04T00:00:00+00:00, run_after=2022-03-05T00:00:00+00:00
[2024-10-06T04:34:55.699+0000] {processor.py:179} INFO - Processing /home/airflow/.local/lib/python3.8/site-packages/airflow/example_dags/example_dynamic_task_mapping.py took 0.041 seconds
[2024-10-06T05:54:00.548+0000] {processor.py:157} INFO - Started process (PID=26100) to work on /home/airflow/.local/lib/python3.8/site-packages/airflow/example_dags/example_dynamic_task_mapping.py
[2024-10-06T05:54:00.548+0000] {processor.py:829} INFO - Processing file /home/airflow/.local/lib/python3.8/site-packages/airflow/example_dags/example_dynamic_task_mapping.py for tasks to queue
[2024-10-06T05:54:00.550+0000] {logging_mixin.py:154} INFO - [2024-10-06T05:54:00.549+0000] {dagbag.py:536} INFO - Filling up the DagBag from /home/airflow/.local/lib/python3.8/site-packages/airflow/example_dags/example_dynamic_task_mapping.py
[2024-10-06T05:54:00.553+0000] {processor.py:839} INFO - DAG(s) dict_keys(['example_dynamic_task_mapping']) retrieved from /home/airflow/.local/lib/python3.8/site-packages/airflow/example_dags/example_dynamic_task_mapping.py
[2024-10-06T05:54:00.563+0000] {logging_mixin.py:154} INFO - [2024-10-06T05:54:00.563+0000] {dag.py:2941} INFO - Sync 1 DAGs
[2024-10-06T05:54:00.572+0000] {logging_mixin.py:154} INFO - [2024-10-06T05:54:00.571+0000] {dag.py:3722} INFO - Setting next_dagrun for example_dynamic_task_mapping to 2022-03-04T00:00:00+00:00, run_after=2022-03-05T00:00:00+00:00
[2024-10-06T05:54:00.578+0000] {processor.py:179} INFO - Processing /home/airflow/.local/lib/python3.8/site-packages/airflow/example_dags/example_dynamic_task_mapping.py took 0.032 seconds
[2024-10-06T06:41:06.303+0000] {processor.py:157} INFO - Started process (PID=26154) to work on /home/airflow/.local/lib/python3.8/site-packages/airflow/example_dags/example_dynamic_task_mapping.py
[2024-10-06T06:41:06.303+0000] {processor.py:829} INFO - Processing file /home/airflow/.local/lib/python3.8/site-packages/airflow/example_dags/example_dynamic_task_mapping.py for tasks to queue
[2024-10-06T06:41:06.304+0000] {logging_mixin.py:154} INFO - [2024-10-06T06:41:06.304+0000] {dagbag.py:536} INFO - Filling up the DagBag from /home/airflow/.local/lib/python3.8/site-packages/airflow/example_dags/example_dynamic_task_mapping.py
[2024-10-06T06:41:06.307+0000] {processor.py:839} INFO - DAG(s) dict_keys(['example_dynamic_task_mapping']) retrieved from /home/airflow/.local/lib/python3.8/site-packages/airflow/example_dags/example_dynamic_task_mapping.py
[2024-10-06T06:41:06.315+0000] {logging_mixin.py:154} INFO - [2024-10-06T06:41:06.315+0000] {dag.py:2941} INFO - Sync 1 DAGs
[2024-10-06T06:41:06.324+0000] {logging_mixin.py:154} INFO - [2024-10-06T06:41:06.323+0000] {dag.py:3722} INFO - Setting next_dagrun for example_dynamic_task_mapping to 2022-03-04T00:00:00+00:00, run_after=2022-03-05T00:00:00+00:00
[2024-10-06T06:41:06.330+0000] {processor.py:179} INFO - Processing /home/airflow/.local/lib/python3.8/site-packages/airflow/example_dags/example_dynamic_task_mapping.py took 0.028 seconds
[2024-10-06T08:19:28.948+0000] {processor.py:157} INFO - Started process (PID=26208) to work on /home/airflow/.local/lib/python3.8/site-packages/airflow/example_dags/example_dynamic_task_mapping.py
[2024-10-06T08:19:28.948+0000] {processor.py:829} INFO - Processing file /home/airflow/.local/lib/python3.8/site-packages/airflow/example_dags/example_dynamic_task_mapping.py for tasks to queue
[2024-10-06T08:19:28.949+0000] {logging_mixin.py:154} INFO - [2024-10-06T08:19:28.949+0000] {dagbag.py:536} INFO - Filling up the DagBag from /home/airflow/.local/lib/python3.8/site-packages/airflow/example_dags/example_dynamic_task_mapping.py
[2024-10-06T08:19:28.952+0000] {processor.py:839} INFO - DAG(s) dict_keys(['example_dynamic_task_mapping']) retrieved from /home/airflow/.local/lib/python3.8/site-packages/airflow/example_dags/example_dynamic_task_mapping.py
[2024-10-06T08:19:28.962+0000] {logging_mixin.py:154} INFO - [2024-10-06T08:19:28.961+0000] {dag.py:2941} INFO - Sync 1 DAGs
[2024-10-06T08:19:28.970+0000] {logging_mixin.py:154} INFO - [2024-10-06T08:19:28.970+0000] {dag.py:3722} INFO - Setting next_dagrun for example_dynamic_task_mapping to 2022-03-04T00:00:00+00:00, run_after=2022-03-05T00:00:00+00:00
[2024-10-06T08:19:28.976+0000] {processor.py:179} INFO - Processing /home/airflow/.local/lib/python3.8/site-packages/airflow/example_dags/example_dynamic_task_mapping.py took 0.030 seconds
[2024-10-06T09:31:45.002+0000] {processor.py:157} INFO - Started process (PID=26262) to work on /home/airflow/.local/lib/python3.8/site-packages/airflow/example_dags/example_dynamic_task_mapping.py
[2024-10-06T09:31:45.003+0000] {processor.py:829} INFO - Processing file /home/airflow/.local/lib/python3.8/site-packages/airflow/example_dags/example_dynamic_task_mapping.py for tasks to queue
[2024-10-06T09:31:45.004+0000] {logging_mixin.py:154} INFO - [2024-10-06T09:31:45.004+0000] {dagbag.py:536} INFO - Filling up the DagBag from /home/airflow/.local/lib/python3.8/site-packages/airflow/example_dags/example_dynamic_task_mapping.py
[2024-10-06T09:31:45.009+0000] {processor.py:839} INFO - DAG(s) dict_keys(['example_dynamic_task_mapping']) retrieved from /home/airflow/.local/lib/python3.8/site-packages/airflow/example_dags/example_dynamic_task_mapping.py
[2024-10-06T09:31:45.022+0000] {logging_mixin.py:154} INFO - [2024-10-06T09:31:45.022+0000] {dag.py:2941} INFO - Sync 1 DAGs
[2024-10-06T09:31:45.035+0000] {logging_mixin.py:154} INFO - [2024-10-06T09:31:45.034+0000] {dag.py:3722} INFO - Setting next_dagrun for example_dynamic_task_mapping to 2022-03-04T00:00:00+00:00, run_after=2022-03-05T00:00:00+00:00
[2024-10-06T09:31:45.044+0000] {processor.py:179} INFO - Processing /home/airflow/.local/lib/python3.8/site-packages/airflow/example_dags/example_dynamic_task_mapping.py took 0.043 seconds
[2024-10-06T10:45:24.611+0000] {processor.py:157} INFO - Started process (PID=26316) to work on /home/airflow/.local/lib/python3.8/site-packages/airflow/example_dags/example_dynamic_task_mapping.py
[2024-10-06T10:45:24.611+0000] {processor.py:829} INFO - Processing file /home/airflow/.local/lib/python3.8/site-packages/airflow/example_dags/example_dynamic_task_mapping.py for tasks to queue
[2024-10-06T10:45:24.613+0000] {logging_mixin.py:154} INFO - [2024-10-06T10:45:24.612+0000] {dagbag.py:536} INFO - Filling up the DagBag from /home/airflow/.local/lib/python3.8/site-packages/airflow/example_dags/example_dynamic_task_mapping.py
[2024-10-06T10:45:24.616+0000] {processor.py:839} INFO - DAG(s) dict_keys(['example_dynamic_task_mapping']) retrieved from /home/airflow/.local/lib/python3.8/site-packages/airflow/example_dags/example_dynamic_task_mapping.py
[2024-10-06T10:45:24.625+0000] {logging_mixin.py:154} INFO - [2024-10-06T10:45:24.624+0000] {dag.py:2941} INFO - Sync 1 DAGs
[2024-10-06T10:45:24.633+0000] {logging_mixin.py:154} INFO - [2024-10-06T10:45:24.633+0000] {dag.py:3722} INFO - Setting next_dagrun for example_dynamic_task_mapping to 2022-03-04T00:00:00+00:00, run_after=2022-03-05T00:00:00+00:00
[2024-10-06T10:45:24.640+0000] {processor.py:179} INFO - Processing /home/airflow/.local/lib/python3.8/site-packages/airflow/example_dags/example_dynamic_task_mapping.py took 0.031 seconds
[2024-10-06T11:46:24.854+0000] {processor.py:157} INFO - Started process (PID=26370) to work on /home/airflow/.local/lib/python3.8/site-packages/airflow/example_dags/example_dynamic_task_mapping.py
[2024-10-06T11:46:24.854+0000] {processor.py:829} INFO - Processing file /home/airflow/.local/lib/python3.8/site-packages/airflow/example_dags/example_dynamic_task_mapping.py for tasks to queue
[2024-10-06T11:46:24.856+0000] {logging_mixin.py:154} INFO - [2024-10-06T11:46:24.856+0000] {dagbag.py:536} INFO - Filling up the DagBag from /home/airflow/.local/lib/python3.8/site-packages/airflow/example_dags/example_dynamic_task_mapping.py
[2024-10-06T11:46:24.861+0000] {processor.py:839} INFO - DAG(s) dict_keys(['example_dynamic_task_mapping']) retrieved from /home/airflow/.local/lib/python3.8/site-packages/airflow/example_dags/example_dynamic_task_mapping.py
[2024-10-06T11:46:24.874+0000] {logging_mixin.py:154} INFO - [2024-10-06T11:46:24.874+0000] {dag.py:2941} INFO - Sync 1 DAGs
[2024-10-06T11:46:24.887+0000] {logging_mixin.py:154} INFO - [2024-10-06T11:46:24.887+0000] {dag.py:3722} INFO - Setting next_dagrun for example_dynamic_task_mapping to 2022-03-04T00:00:00+00:00, run_after=2022-03-05T00:00:00+00:00
[2024-10-06T11:46:24.897+0000] {processor.py:179} INFO - Processing /home/airflow/.local/lib/python3.8/site-packages/airflow/example_dags/example_dynamic_task_mapping.py took 0.045 seconds
[2024-10-06T12:33:56.779+0000] {processor.py:157} INFO - Started process (PID=26424) to work on /home/airflow/.local/lib/python3.8/site-packages/airflow/example_dags/example_dynamic_task_mapping.py
[2024-10-06T12:33:56.780+0000] {processor.py:829} INFO - Processing file /home/airflow/.local/lib/python3.8/site-packages/airflow/example_dags/example_dynamic_task_mapping.py for tasks to queue
[2024-10-06T12:33:56.782+0000] {logging_mixin.py:154} INFO - [2024-10-06T12:33:56.781+0000] {dagbag.py:536} INFO - Filling up the DagBag from /home/airflow/.local/lib/python3.8/site-packages/airflow/example_dags/example_dynamic_task_mapping.py
[2024-10-06T12:33:56.787+0000] {processor.py:839} INFO - DAG(s) dict_keys(['example_dynamic_task_mapping']) retrieved from /home/airflow/.local/lib/python3.8/site-packages/airflow/example_dags/example_dynamic_task_mapping.py
[2024-10-06T12:33:56.800+0000] {logging_mixin.py:154} INFO - [2024-10-06T12:33:56.800+0000] {dag.py:2941} INFO - Sync 1 DAGs
[2024-10-06T12:33:56.811+0000] {logging_mixin.py:154} INFO - [2024-10-06T12:33:56.811+0000] {dag.py:3722} INFO - Setting next_dagrun for example_dynamic_task_mapping to 2022-03-04T00:00:00+00:00, run_after=2022-03-05T00:00:00+00:00
[2024-10-06T12:33:56.821+0000] {processor.py:179} INFO - Processing /home/airflow/.local/lib/python3.8/site-packages/airflow/example_dags/example_dynamic_task_mapping.py took 0.044 seconds
[2024-10-06T13:17:27.294+0000] {processor.py:157} INFO - Started process (PID=26478) to work on /home/airflow/.local/lib/python3.8/site-packages/airflow/example_dags/example_dynamic_task_mapping.py
[2024-10-06T13:17:27.295+0000] {processor.py:829} INFO - Processing file /home/airflow/.local/lib/python3.8/site-packages/airflow/example_dags/example_dynamic_task_mapping.py for tasks to queue
[2024-10-06T13:17:27.296+0000] {logging_mixin.py:154} INFO - [2024-10-06T13:17:27.296+0000] {dagbag.py:536} INFO - Filling up the DagBag from /home/airflow/.local/lib/python3.8/site-packages/airflow/example_dags/example_dynamic_task_mapping.py
[2024-10-06T13:17:27.301+0000] {processor.py:839} INFO - DAG(s) dict_keys(['example_dynamic_task_mapping']) retrieved from /home/airflow/.local/lib/python3.8/site-packages/airflow/example_dags/example_dynamic_task_mapping.py
[2024-10-06T13:17:27.313+0000] {logging_mixin.py:154} INFO - [2024-10-06T13:17:27.313+0000] {dag.py:2941} INFO - Sync 1 DAGs
[2024-10-06T13:17:27.324+0000] {logging_mixin.py:154} INFO - [2024-10-06T13:17:27.324+0000] {dag.py:3722} INFO - Setting next_dagrun for example_dynamic_task_mapping to 2022-03-04T00:00:00+00:00, run_after=2022-03-05T00:00:00+00:00
[2024-10-06T13:17:27.334+0000] {processor.py:179} INFO - Processing /home/airflow/.local/lib/python3.8/site-packages/airflow/example_dags/example_dynamic_task_mapping.py took 0.042 seconds
[2024-10-06T14:49:25.811+0000] {processor.py:157} INFO - Started process (PID=26532) to work on /home/airflow/.local/lib/python3.8/site-packages/airflow/example_dags/example_dynamic_task_mapping.py
[2024-10-06T14:49:25.812+0000] {processor.py:829} INFO - Processing file /home/airflow/.local/lib/python3.8/site-packages/airflow/example_dags/example_dynamic_task_mapping.py for tasks to queue
[2024-10-06T14:49:25.813+0000] {logging_mixin.py:154} INFO - [2024-10-06T14:49:25.813+0000] {dagbag.py:536} INFO - Filling up the DagBag from /home/airflow/.local/lib/python3.8/site-packages/airflow/example_dags/example_dynamic_task_mapping.py
[2024-10-06T14:49:25.818+0000] {processor.py:839} INFO - DAG(s) dict_keys(['example_dynamic_task_mapping']) retrieved from /home/airflow/.local/lib/python3.8/site-packages/airflow/example_dags/example_dynamic_task_mapping.py
[2024-10-06T14:49:25.830+0000] {logging_mixin.py:154} INFO - [2024-10-06T14:49:25.829+0000] {dag.py:2941} INFO - Sync 1 DAGs
[2024-10-06T14:49:25.842+0000] {logging_mixin.py:154} INFO - [2024-10-06T14:49:25.842+0000] {dag.py:3722} INFO - Setting next_dagrun for example_dynamic_task_mapping to 2022-03-04T00:00:00+00:00, run_after=2022-03-05T00:00:00+00:00
[2024-10-06T14:49:25.850+0000] {processor.py:179} INFO - Processing /home/airflow/.local/lib/python3.8/site-packages/airflow/example_dags/example_dynamic_task_mapping.py took 0.041 seconds
[2024-10-06T15:50:29.984+0000] {processor.py:157} INFO - Started process (PID=26586) to work on /home/airflow/.local/lib/python3.8/site-packages/airflow/example_dags/example_dynamic_task_mapping.py
[2024-10-06T15:50:29.985+0000] {processor.py:829} INFO - Processing file /home/airflow/.local/lib/python3.8/site-packages/airflow/example_dags/example_dynamic_task_mapping.py for tasks to queue
[2024-10-06T15:50:29.986+0000] {logging_mixin.py:154} INFO - [2024-10-06T15:50:29.986+0000] {dagbag.py:536} INFO - Filling up the DagBag from /home/airflow/.local/lib/python3.8/site-packages/airflow/example_dags/example_dynamic_task_mapping.py
[2024-10-06T15:50:29.989+0000] {processor.py:839} INFO - DAG(s) dict_keys(['example_dynamic_task_mapping']) retrieved from /home/airflow/.local/lib/python3.8/site-packages/airflow/example_dags/example_dynamic_task_mapping.py
[2024-10-06T15:50:29.998+0000] {logging_mixin.py:154} INFO - [2024-10-06T15:50:29.998+0000] {dag.py:2941} INFO - Sync 1 DAGs
[2024-10-06T15:50:30.006+0000] {logging_mixin.py:154} INFO - [2024-10-06T15:50:30.006+0000] {dag.py:3722} INFO - Setting next_dagrun for example_dynamic_task_mapping to 2022-03-04T00:00:00+00:00, run_after=2022-03-05T00:00:00+00:00
[2024-10-06T15:50:30.013+0000] {processor.py:179} INFO - Processing /home/airflow/.local/lib/python3.8/site-packages/airflow/example_dags/example_dynamic_task_mapping.py took 0.030 seconds
[2024-10-06T16:11:22.481+0000] {processor.py:157} INFO - Started process (PID=26640) to work on /home/airflow/.local/lib/python3.8/site-packages/airflow/example_dags/example_dynamic_task_mapping.py
[2024-10-06T16:11:22.482+0000] {processor.py:829} INFO - Processing file /home/airflow/.local/lib/python3.8/site-packages/airflow/example_dags/example_dynamic_task_mapping.py for tasks to queue
[2024-10-06T16:11:22.483+0000] {logging_mixin.py:154} INFO - [2024-10-06T16:11:22.483+0000] {dagbag.py:536} INFO - Filling up the DagBag from /home/airflow/.local/lib/python3.8/site-packages/airflow/example_dags/example_dynamic_task_mapping.py
[2024-10-06T16:11:22.487+0000] {processor.py:839} INFO - DAG(s) dict_keys(['example_dynamic_task_mapping']) retrieved from /home/airflow/.local/lib/python3.8/site-packages/airflow/example_dags/example_dynamic_task_mapping.py
[2024-10-06T16:11:22.497+0000] {logging_mixin.py:154} INFO - [2024-10-06T16:11:22.497+0000] {dag.py:2941} INFO - Sync 1 DAGs
[2024-10-06T16:11:22.757+0000] {logging_mixin.py:154} INFO - [2024-10-06T16:11:22.757+0000] {dag.py:3722} INFO - Setting next_dagrun for example_dynamic_task_mapping to 2022-03-04T00:00:00+00:00, run_after=2022-03-05T00:00:00+00:00
[2024-10-06T16:11:22.871+0000] {processor.py:179} INFO - Processing /home/airflow/.local/lib/python3.8/site-packages/airflow/example_dags/example_dynamic_task_mapping.py took 0.392 seconds
[2024-10-06T16:16:59.971+0000] {processor.py:157} INFO - Started process (PID=26694) to work on /home/airflow/.local/lib/python3.8/site-packages/airflow/example_dags/example_dynamic_task_mapping.py
[2024-10-06T16:16:59.972+0000] {processor.py:829} INFO - Processing file /home/airflow/.local/lib/python3.8/site-packages/airflow/example_dags/example_dynamic_task_mapping.py for tasks to queue
[2024-10-06T16:16:59.974+0000] {logging_mixin.py:154} INFO - [2024-10-06T16:16:59.974+0000] {dagbag.py:536} INFO - Filling up the DagBag from /home/airflow/.local/lib/python3.8/site-packages/airflow/example_dags/example_dynamic_task_mapping.py
[2024-10-06T16:16:59.979+0000] {processor.py:839} INFO - DAG(s) dict_keys(['example_dynamic_task_mapping']) retrieved from /home/airflow/.local/lib/python3.8/site-packages/airflow/example_dags/example_dynamic_task_mapping.py
[2024-10-06T16:16:59.994+0000] {logging_mixin.py:154} INFO - [2024-10-06T16:16:59.993+0000] {dag.py:2941} INFO - Sync 1 DAGs
[2024-10-06T16:17:00.008+0000] {logging_mixin.py:154} INFO - [2024-10-06T16:17:00.008+0000] {dag.py:3722} INFO - Setting next_dagrun for example_dynamic_task_mapping to 2022-03-04T00:00:00+00:00, run_after=2022-03-05T00:00:00+00:00
[2024-10-06T16:17:00.022+0000] {processor.py:179} INFO - Processing /home/airflow/.local/lib/python3.8/site-packages/airflow/example_dags/example_dynamic_task_mapping.py took 0.052 seconds
[2024-10-06T17:25:36.885+0000] {processor.py:157} INFO - Started process (PID=26748) to work on /home/airflow/.local/lib/python3.8/site-packages/airflow/example_dags/example_dynamic_task_mapping.py
[2024-10-06T17:25:36.886+0000] {processor.py:829} INFO - Processing file /home/airflow/.local/lib/python3.8/site-packages/airflow/example_dags/example_dynamic_task_mapping.py for tasks to queue
[2024-10-06T17:25:36.888+0000] {logging_mixin.py:154} INFO - [2024-10-06T17:25:36.887+0000] {dagbag.py:536} INFO - Filling up the DagBag from /home/airflow/.local/lib/python3.8/site-packages/airflow/example_dags/example_dynamic_task_mapping.py
[2024-10-06T17:25:36.893+0000] {processor.py:839} INFO - DAG(s) dict_keys(['example_dynamic_task_mapping']) retrieved from /home/airflow/.local/lib/python3.8/site-packages/airflow/example_dags/example_dynamic_task_mapping.py
[2024-10-06T17:25:36.907+0000] {logging_mixin.py:154} INFO - [2024-10-06T17:25:36.907+0000] {dag.py:2941} INFO - Sync 1 DAGs
[2024-10-06T17:25:36.919+0000] {logging_mixin.py:154} INFO - [2024-10-06T17:25:36.919+0000] {dag.py:3722} INFO - Setting next_dagrun for example_dynamic_task_mapping to 2022-03-04T00:00:00+00:00, run_after=2022-03-05T00:00:00+00:00
[2024-10-06T17:25:36.929+0000] {processor.py:179} INFO - Processing /home/airflow/.local/lib/python3.8/site-packages/airflow/example_dags/example_dynamic_task_mapping.py took 0.046 seconds
[2024-10-06T17:48:09.348+0000] {processor.py:157} INFO - Started process (PID=26802) to work on /home/airflow/.local/lib/python3.8/site-packages/airflow/example_dags/example_dynamic_task_mapping.py
[2024-10-06T17:48:09.348+0000] {processor.py:829} INFO - Processing file /home/airflow/.local/lib/python3.8/site-packages/airflow/example_dags/example_dynamic_task_mapping.py for tasks to queue
[2024-10-06T17:48:09.349+0000] {logging_mixin.py:154} INFO - [2024-10-06T17:48:09.349+0000] {dagbag.py:536} INFO - Filling up the DagBag from /home/airflow/.local/lib/python3.8/site-packages/airflow/example_dags/example_dynamic_task_mapping.py
[2024-10-06T17:48:09.352+0000] {processor.py:839} INFO - DAG(s) dict_keys(['example_dynamic_task_mapping']) retrieved from /home/airflow/.local/lib/python3.8/site-packages/airflow/example_dags/example_dynamic_task_mapping.py
[2024-10-06T17:48:09.361+0000] {logging_mixin.py:154} INFO - [2024-10-06T17:48:09.361+0000] {dag.py:2941} INFO - Sync 1 DAGs
[2024-10-06T17:48:09.370+0000] {logging_mixin.py:154} INFO - [2024-10-06T17:48:09.370+0000] {dag.py:3722} INFO - Setting next_dagrun for example_dynamic_task_mapping to 2022-03-04T00:00:00+00:00, run_after=2022-03-05T00:00:00+00:00
[2024-10-06T17:48:09.376+0000] {processor.py:179} INFO - Processing /home/airflow/.local/lib/python3.8/site-packages/airflow/example_dags/example_dynamic_task_mapping.py took 0.030 seconds
[2024-10-06T18:17:57.638+0000] {processor.py:157} INFO - Started process (PID=26856) to work on /home/airflow/.local/lib/python3.8/site-packages/airflow/example_dags/example_dynamic_task_mapping.py
[2024-10-06T18:17:57.639+0000] {processor.py:829} INFO - Processing file /home/airflow/.local/lib/python3.8/site-packages/airflow/example_dags/example_dynamic_task_mapping.py for tasks to queue
[2024-10-06T18:17:57.640+0000] {logging_mixin.py:154} INFO - [2024-10-06T18:17:57.640+0000] {dagbag.py:536} INFO - Filling up the DagBag from /home/airflow/.local/lib/python3.8/site-packages/airflow/example_dags/example_dynamic_task_mapping.py
[2024-10-06T18:17:57.643+0000] {processor.py:839} INFO - DAG(s) dict_keys(['example_dynamic_task_mapping']) retrieved from /home/airflow/.local/lib/python3.8/site-packages/airflow/example_dags/example_dynamic_task_mapping.py
[2024-10-06T18:17:57.652+0000] {logging_mixin.py:154} INFO - [2024-10-06T18:17:57.652+0000] {dag.py:2941} INFO - Sync 1 DAGs
[2024-10-06T18:17:57.662+0000] {logging_mixin.py:154} INFO - [2024-10-06T18:17:57.662+0000] {dag.py:3722} INFO - Setting next_dagrun for example_dynamic_task_mapping to 2022-03-04T00:00:00+00:00, run_after=2022-03-05T00:00:00+00:00
[2024-10-06T18:17:57.668+0000] {processor.py:179} INFO - Processing /home/airflow/.local/lib/python3.8/site-packages/airflow/example_dags/example_dynamic_task_mapping.py took 0.032 seconds
[2024-10-06T19:43:22.145+0000] {processor.py:157} INFO - Started process (PID=26910) to work on /home/airflow/.local/lib/python3.8/site-packages/airflow/example_dags/example_dynamic_task_mapping.py
[2024-10-06T19:43:22.146+0000] {processor.py:829} INFO - Processing file /home/airflow/.local/lib/python3.8/site-packages/airflow/example_dags/example_dynamic_task_mapping.py for tasks to queue
[2024-10-06T19:43:22.147+0000] {logging_mixin.py:154} INFO - [2024-10-06T19:43:22.147+0000] {dagbag.py:536} INFO - Filling up the DagBag from /home/airflow/.local/lib/python3.8/site-packages/airflow/example_dags/example_dynamic_task_mapping.py
[2024-10-06T19:43:22.151+0000] {processor.py:839} INFO - DAG(s) dict_keys(['example_dynamic_task_mapping']) retrieved from /home/airflow/.local/lib/python3.8/site-packages/airflow/example_dags/example_dynamic_task_mapping.py
[2024-10-06T19:43:22.161+0000] {logging_mixin.py:154} INFO - [2024-10-06T19:43:22.160+0000] {dag.py:2941} INFO - Sync 1 DAGs
[2024-10-06T19:43:22.170+0000] {logging_mixin.py:154} INFO - [2024-10-06T19:43:22.170+0000] {dag.py:3722} INFO - Setting next_dagrun for example_dynamic_task_mapping to 2022-03-04T00:00:00+00:00, run_after=2022-03-05T00:00:00+00:00
[2024-10-06T19:43:22.178+0000] {processor.py:179} INFO - Processing /home/airflow/.local/lib/python3.8/site-packages/airflow/example_dags/example_dynamic_task_mapping.py took 0.034 seconds
[2024-10-06T20:31:09.367+0000] {processor.py:157} INFO - Started process (PID=26964) to work on /home/airflow/.local/lib/python3.8/site-packages/airflow/example_dags/example_dynamic_task_mapping.py
[2024-10-06T20:31:09.368+0000] {processor.py:829} INFO - Processing file /home/airflow/.local/lib/python3.8/site-packages/airflow/example_dags/example_dynamic_task_mapping.py for tasks to queue
[2024-10-06T20:31:09.369+0000] {logging_mixin.py:154} INFO - [2024-10-06T20:31:09.369+0000] {dagbag.py:536} INFO - Filling up the DagBag from /home/airflow/.local/lib/python3.8/site-packages/airflow/example_dags/example_dynamic_task_mapping.py
[2024-10-06T20:31:09.372+0000] {processor.py:839} INFO - DAG(s) dict_keys(['example_dynamic_task_mapping']) retrieved from /home/airflow/.local/lib/python3.8/site-packages/airflow/example_dags/example_dynamic_task_mapping.py
[2024-10-06T20:31:09.381+0000] {logging_mixin.py:154} INFO - [2024-10-06T20:31:09.380+0000] {dag.py:2941} INFO - Sync 1 DAGs
[2024-10-06T20:31:09.389+0000] {logging_mixin.py:154} INFO - [2024-10-06T20:31:09.389+0000] {dag.py:3722} INFO - Setting next_dagrun for example_dynamic_task_mapping to 2022-03-04T00:00:00+00:00, run_after=2022-03-05T00:00:00+00:00
[2024-10-06T20:31:09.395+0000] {processor.py:179} INFO - Processing /home/airflow/.local/lib/python3.8/site-packages/airflow/example_dags/example_dynamic_task_mapping.py took 0.029 seconds
[2024-10-06T20:40:14.327+0000] {processor.py:157} INFO - Started process (PID=27018) to work on /home/airflow/.local/lib/python3.8/site-packages/airflow/example_dags/example_dynamic_task_mapping.py
[2024-10-06T20:40:14.327+0000] {processor.py:829} INFO - Processing file /home/airflow/.local/lib/python3.8/site-packages/airflow/example_dags/example_dynamic_task_mapping.py for tasks to queue
[2024-10-06T20:40:14.328+0000] {logging_mixin.py:154} INFO - [2024-10-06T20:40:14.328+0000] {dagbag.py:536} INFO - Filling up the DagBag from /home/airflow/.local/lib/python3.8/site-packages/airflow/example_dags/example_dynamic_task_mapping.py
[2024-10-06T20:40:14.331+0000] {processor.py:839} INFO - DAG(s) dict_keys(['example_dynamic_task_mapping']) retrieved from /home/airflow/.local/lib/python3.8/site-packages/airflow/example_dags/example_dynamic_task_mapping.py
[2024-10-06T20:40:14.341+0000] {logging_mixin.py:154} INFO - [2024-10-06T20:40:14.340+0000] {dag.py:2941} INFO - Sync 1 DAGs
[2024-10-06T20:40:14.349+0000] {logging_mixin.py:154} INFO - [2024-10-06T20:40:14.349+0000] {dag.py:3722} INFO - Setting next_dagrun for example_dynamic_task_mapping to 2022-03-04T00:00:00+00:00, run_after=2022-03-05T00:00:00+00:00
[2024-10-06T20:40:14.355+0000] {processor.py:179} INFO - Processing /home/airflow/.local/lib/python3.8/site-packages/airflow/example_dags/example_dynamic_task_mapping.py took 0.030 seconds
[2024-10-06T20:43:24.695+0000] {processor.py:157} INFO - Started process (PID=27072) to work on /home/airflow/.local/lib/python3.8/site-packages/airflow/example_dags/example_dynamic_task_mapping.py
[2024-10-06T20:43:24.695+0000] {processor.py:829} INFO - Processing file /home/airflow/.local/lib/python3.8/site-packages/airflow/example_dags/example_dynamic_task_mapping.py for tasks to queue
[2024-10-06T20:43:24.696+0000] {logging_mixin.py:154} INFO - [2024-10-06T20:43:24.696+0000] {dagbag.py:536} INFO - Filling up the DagBag from /home/airflow/.local/lib/python3.8/site-packages/airflow/example_dags/example_dynamic_task_mapping.py
[2024-10-06T20:43:24.700+0000] {processor.py:839} INFO - DAG(s) dict_keys(['example_dynamic_task_mapping']) retrieved from /home/airflow/.local/lib/python3.8/site-packages/airflow/example_dags/example_dynamic_task_mapping.py
[2024-10-06T20:43:24.709+0000] {logging_mixin.py:154} INFO - [2024-10-06T20:43:24.709+0000] {dag.py:2941} INFO - Sync 1 DAGs
[2024-10-06T20:43:24.718+0000] {logging_mixin.py:154} INFO - [2024-10-06T20:43:24.717+0000] {dag.py:3722} INFO - Setting next_dagrun for example_dynamic_task_mapping to 2022-03-04T00:00:00+00:00, run_after=2022-03-05T00:00:00+00:00
[2024-10-06T20:43:24.724+0000] {processor.py:179} INFO - Processing /home/airflow/.local/lib/python3.8/site-packages/airflow/example_dags/example_dynamic_task_mapping.py took 0.031 seconds
[2024-10-06T21:12:02.798+0000] {processor.py:157} INFO - Started process (PID=27126) to work on /home/airflow/.local/lib/python3.8/site-packages/airflow/example_dags/example_dynamic_task_mapping.py
[2024-10-06T21:12:02.800+0000] {processor.py:829} INFO - Processing file /home/airflow/.local/lib/python3.8/site-packages/airflow/example_dags/example_dynamic_task_mapping.py for tasks to queue
[2024-10-06T21:12:02.802+0000] {logging_mixin.py:154} INFO - [2024-10-06T21:12:02.801+0000] {dagbag.py:536} INFO - Filling up the DagBag from /home/airflow/.local/lib/python3.8/site-packages/airflow/example_dags/example_dynamic_task_mapping.py
[2024-10-06T21:12:02.807+0000] {processor.py:839} INFO - DAG(s) dict_keys(['example_dynamic_task_mapping']) retrieved from /home/airflow/.local/lib/python3.8/site-packages/airflow/example_dags/example_dynamic_task_mapping.py
[2024-10-06T21:12:02.822+0000] {logging_mixin.py:154} INFO - [2024-10-06T21:12:02.822+0000] {dag.py:2941} INFO - Sync 1 DAGs
[2024-10-06T21:12:02.836+0000] {logging_mixin.py:154} INFO - [2024-10-06T21:12:02.836+0000] {dag.py:3722} INFO - Setting next_dagrun for example_dynamic_task_mapping to 2022-03-04T00:00:00+00:00, run_after=2022-03-05T00:00:00+00:00
[2024-10-06T21:12:02.849+0000] {processor.py:179} INFO - Processing /home/airflow/.local/lib/python3.8/site-packages/airflow/example_dags/example_dynamic_task_mapping.py took 0.053 seconds
[2024-10-06T21:13:25.717+0000] {processor.py:157} INFO - Started process (PID=27180) to work on /home/airflow/.local/lib/python3.8/site-packages/airflow/example_dags/example_dynamic_task_mapping.py
[2024-10-06T21:13:25.718+0000] {processor.py:829} INFO - Processing file /home/airflow/.local/lib/python3.8/site-packages/airflow/example_dags/example_dynamic_task_mapping.py for tasks to queue
[2024-10-06T21:13:25.719+0000] {logging_mixin.py:154} INFO - [2024-10-06T21:13:25.719+0000] {dagbag.py:536} INFO - Filling up the DagBag from /home/airflow/.local/lib/python3.8/site-packages/airflow/example_dags/example_dynamic_task_mapping.py
[2024-10-06T21:13:25.722+0000] {processor.py:839} INFO - DAG(s) dict_keys(['example_dynamic_task_mapping']) retrieved from /home/airflow/.local/lib/python3.8/site-packages/airflow/example_dags/example_dynamic_task_mapping.py
[2024-10-06T21:13:25.731+0000] {logging_mixin.py:154} INFO - [2024-10-06T21:13:25.731+0000] {dag.py:2941} INFO - Sync 1 DAGs
[2024-10-06T21:13:25.739+0000] {logging_mixin.py:154} INFO - [2024-10-06T21:13:25.739+0000] {dag.py:3722} INFO - Setting next_dagrun for example_dynamic_task_mapping to 2022-03-04T00:00:00+00:00, run_after=2022-03-05T00:00:00+00:00
[2024-10-06T21:13:25.746+0000] {processor.py:179} INFO - Processing /home/airflow/.local/lib/python3.8/site-packages/airflow/example_dags/example_dynamic_task_mapping.py took 0.030 seconds
[2024-10-06T21:23:59.827+0000] {processor.py:157} INFO - Started process (PID=27234) to work on /home/airflow/.local/lib/python3.8/site-packages/airflow/example_dags/example_dynamic_task_mapping.py
[2024-10-06T21:23:59.828+0000] {processor.py:829} INFO - Processing file /home/airflow/.local/lib/python3.8/site-packages/airflow/example_dags/example_dynamic_task_mapping.py for tasks to queue
[2024-10-06T21:23:59.829+0000] {logging_mixin.py:154} INFO - [2024-10-06T21:23:59.829+0000] {dagbag.py:536} INFO - Filling up the DagBag from /home/airflow/.local/lib/python3.8/site-packages/airflow/example_dags/example_dynamic_task_mapping.py
[2024-10-06T21:23:59.832+0000] {processor.py:839} INFO - DAG(s) dict_keys(['example_dynamic_task_mapping']) retrieved from /home/airflow/.local/lib/python3.8/site-packages/airflow/example_dags/example_dynamic_task_mapping.py
[2024-10-06T21:23:59.840+0000] {logging_mixin.py:154} INFO - [2024-10-06T21:23:59.840+0000] {dag.py:2941} INFO - Sync 1 DAGs
[2024-10-06T21:23:59.849+0000] {logging_mixin.py:154} INFO - [2024-10-06T21:23:59.849+0000] {dag.py:3722} INFO - Setting next_dagrun for example_dynamic_task_mapping to 2022-03-04T00:00:00+00:00, run_after=2022-03-05T00:00:00+00:00
[2024-10-06T21:23:59.855+0000] {processor.py:179} INFO - Processing /home/airflow/.local/lib/python3.8/site-packages/airflow/example_dags/example_dynamic_task_mapping.py took 0.030 seconds
[2024-10-06T22:02:21.509+0000] {processor.py:157} INFO - Started process (PID=27288) to work on /home/airflow/.local/lib/python3.8/site-packages/airflow/example_dags/example_dynamic_task_mapping.py
[2024-10-06T22:02:21.509+0000] {processor.py:829} INFO - Processing file /home/airflow/.local/lib/python3.8/site-packages/airflow/example_dags/example_dynamic_task_mapping.py for tasks to queue
[2024-10-06T22:02:21.512+0000] {logging_mixin.py:154} INFO - [2024-10-06T22:02:21.512+0000] {dagbag.py:536} INFO - Filling up the DagBag from /home/airflow/.local/lib/python3.8/site-packages/airflow/example_dags/example_dynamic_task_mapping.py
[2024-10-06T22:02:21.518+0000] {processor.py:839} INFO - DAG(s) dict_keys(['example_dynamic_task_mapping']) retrieved from /home/airflow/.local/lib/python3.8/site-packages/airflow/example_dags/example_dynamic_task_mapping.py
[2024-10-06T22:02:21.534+0000] {logging_mixin.py:154} INFO - [2024-10-06T22:02:21.534+0000] {dag.py:2941} INFO - Sync 1 DAGs
[2024-10-06T22:02:21.549+0000] {logging_mixin.py:154} INFO - [2024-10-06T22:02:21.549+0000] {dag.py:3722} INFO - Setting next_dagrun for example_dynamic_task_mapping to 2022-03-04T00:00:00+00:00, run_after=2022-03-05T00:00:00+00:00
[2024-10-06T22:02:21.557+0000] {processor.py:179} INFO - Processing /home/airflow/.local/lib/python3.8/site-packages/airflow/example_dags/example_dynamic_task_mapping.py took 0.051 seconds
[2024-10-06T22:28:54.441+0000] {processor.py:157} INFO - Started process (PID=27342) to work on /home/airflow/.local/lib/python3.8/site-packages/airflow/example_dags/example_dynamic_task_mapping.py
[2024-10-06T22:28:54.442+0000] {processor.py:829} INFO - Processing file /home/airflow/.local/lib/python3.8/site-packages/airflow/example_dags/example_dynamic_task_mapping.py for tasks to queue
[2024-10-06T22:28:54.443+0000] {logging_mixin.py:154} INFO - [2024-10-06T22:28:54.443+0000] {dagbag.py:536} INFO - Filling up the DagBag from /home/airflow/.local/lib/python3.8/site-packages/airflow/example_dags/example_dynamic_task_mapping.py
[2024-10-06T22:28:54.449+0000] {processor.py:839} INFO - DAG(s) dict_keys(['example_dynamic_task_mapping']) retrieved from /home/airflow/.local/lib/python3.8/site-packages/airflow/example_dags/example_dynamic_task_mapping.py
[2024-10-06T22:28:54.464+0000] {logging_mixin.py:154} INFO - [2024-10-06T22:28:54.464+0000] {dag.py:2941} INFO - Sync 1 DAGs
[2024-10-06T22:28:54.476+0000] {logging_mixin.py:154} INFO - [2024-10-06T22:28:54.476+0000] {dag.py:3722} INFO - Setting next_dagrun for example_dynamic_task_mapping to 2022-03-04T00:00:00+00:00, run_after=2022-03-05T00:00:00+00:00
[2024-10-06T22:28:54.487+0000] {processor.py:179} INFO - Processing /home/airflow/.local/lib/python3.8/site-packages/airflow/example_dags/example_dynamic_task_mapping.py took 0.048 seconds
[2024-10-06T22:59:43.849+0000] {processor.py:157} INFO - Started process (PID=27396) to work on /home/airflow/.local/lib/python3.8/site-packages/airflow/example_dags/example_dynamic_task_mapping.py
[2024-10-06T22:59:43.849+0000] {processor.py:829} INFO - Processing file /home/airflow/.local/lib/python3.8/site-packages/airflow/example_dags/example_dynamic_task_mapping.py for tasks to queue
[2024-10-06T22:59:43.851+0000] {logging_mixin.py:154} INFO - [2024-10-06T22:59:43.850+0000] {dagbag.py:536} INFO - Filling up the DagBag from /home/airflow/.local/lib/python3.8/site-packages/airflow/example_dags/example_dynamic_task_mapping.py
[2024-10-06T22:59:43.855+0000] {processor.py:839} INFO - DAG(s) dict_keys(['example_dynamic_task_mapping']) retrieved from /home/airflow/.local/lib/python3.8/site-packages/airflow/example_dags/example_dynamic_task_mapping.py
[2024-10-06T22:59:43.866+0000] {logging_mixin.py:154} INFO - [2024-10-06T22:59:43.866+0000] {dag.py:2941} INFO - Sync 1 DAGs
[2024-10-06T22:59:43.876+0000] {logging_mixin.py:154} INFO - [2024-10-06T22:59:43.876+0000] {dag.py:3722} INFO - Setting next_dagrun for example_dynamic_task_mapping to 2022-03-04T00:00:00+00:00, run_after=2022-03-05T00:00:00+00:00
[2024-10-06T22:59:43.884+0000] {processor.py:179} INFO - Processing /home/airflow/.local/lib/python3.8/site-packages/airflow/example_dags/example_dynamic_task_mapping.py took 0.038 seconds
[2024-10-06T23:00:14.752+0000] {processor.py:157} INFO - Started process (PID=27450) to work on /home/airflow/.local/lib/python3.8/site-packages/airflow/example_dags/example_dynamic_task_mapping.py
[2024-10-06T23:00:14.752+0000] {processor.py:829} INFO - Processing file /home/airflow/.local/lib/python3.8/site-packages/airflow/example_dags/example_dynamic_task_mapping.py for tasks to queue
[2024-10-06T23:00:14.753+0000] {logging_mixin.py:154} INFO - [2024-10-06T23:00:14.753+0000] {dagbag.py:536} INFO - Filling up the DagBag from /home/airflow/.local/lib/python3.8/site-packages/airflow/example_dags/example_dynamic_task_mapping.py
[2024-10-06T23:00:14.757+0000] {processor.py:839} INFO - DAG(s) dict_keys(['example_dynamic_task_mapping']) retrieved from /home/airflow/.local/lib/python3.8/site-packages/airflow/example_dags/example_dynamic_task_mapping.py
[2024-10-06T23:00:14.766+0000] {logging_mixin.py:154} INFO - [2024-10-06T23:00:14.766+0000] {dag.py:2941} INFO - Sync 1 DAGs
[2024-10-06T23:00:14.774+0000] {logging_mixin.py:154} INFO - [2024-10-06T23:00:14.774+0000] {dag.py:3722} INFO - Setting next_dagrun for example_dynamic_task_mapping to 2022-03-04T00:00:00+00:00, run_after=2022-03-05T00:00:00+00:00
[2024-10-06T23:00:14.781+0000] {processor.py:179} INFO - Processing /home/airflow/.local/lib/python3.8/site-packages/airflow/example_dags/example_dynamic_task_mapping.py took 0.031 seconds
[2024-10-06T23:00:45.670+0000] {processor.py:157} INFO - Started process (PID=27504) to work on /home/airflow/.local/lib/python3.8/site-packages/airflow/example_dags/example_dynamic_task_mapping.py
[2024-10-06T23:00:45.670+0000] {processor.py:829} INFO - Processing file /home/airflow/.local/lib/python3.8/site-packages/airflow/example_dags/example_dynamic_task_mapping.py for tasks to queue
[2024-10-06T23:00:45.671+0000] {logging_mixin.py:154} INFO - [2024-10-06T23:00:45.671+0000] {dagbag.py:536} INFO - Filling up the DagBag from /home/airflow/.local/lib/python3.8/site-packages/airflow/example_dags/example_dynamic_task_mapping.py
[2024-10-06T23:00:45.675+0000] {processor.py:839} INFO - DAG(s) dict_keys(['example_dynamic_task_mapping']) retrieved from /home/airflow/.local/lib/python3.8/site-packages/airflow/example_dags/example_dynamic_task_mapping.py
[2024-10-06T23:00:45.684+0000] {logging_mixin.py:154} INFO - [2024-10-06T23:00:45.684+0000] {dag.py:2941} INFO - Sync 1 DAGs
[2024-10-06T23:00:45.693+0000] {logging_mixin.py:154} INFO - [2024-10-06T23:00:45.693+0000] {dag.py:3722} INFO - Setting next_dagrun for example_dynamic_task_mapping to 2022-03-04T00:00:00+00:00, run_after=2022-03-05T00:00:00+00:00
[2024-10-06T23:00:45.700+0000] {processor.py:179} INFO - Processing /home/airflow/.local/lib/python3.8/site-packages/airflow/example_dags/example_dynamic_task_mapping.py took 0.032 seconds
[2024-10-06T23:01:16.222+0000] {processor.py:157} INFO - Started process (PID=27558) to work on /home/airflow/.local/lib/python3.8/site-packages/airflow/example_dags/example_dynamic_task_mapping.py
[2024-10-06T23:01:16.223+0000] {processor.py:829} INFO - Processing file /home/airflow/.local/lib/python3.8/site-packages/airflow/example_dags/example_dynamic_task_mapping.py for tasks to queue
[2024-10-06T23:01:16.224+0000] {logging_mixin.py:154} INFO - [2024-10-06T23:01:16.224+0000] {dagbag.py:536} INFO - Filling up the DagBag from /home/airflow/.local/lib/python3.8/site-packages/airflow/example_dags/example_dynamic_task_mapping.py
[2024-10-06T23:01:16.227+0000] {processor.py:839} INFO - DAG(s) dict_keys(['example_dynamic_task_mapping']) retrieved from /home/airflow/.local/lib/python3.8/site-packages/airflow/example_dags/example_dynamic_task_mapping.py
[2024-10-06T23:01:16.235+0000] {logging_mixin.py:154} INFO - [2024-10-06T23:01:16.235+0000] {dag.py:2941} INFO - Sync 1 DAGs
[2024-10-06T23:01:16.244+0000] {logging_mixin.py:154} INFO - [2024-10-06T23:01:16.244+0000] {dag.py:3722} INFO - Setting next_dagrun for example_dynamic_task_mapping to 2022-03-04T00:00:00+00:00, run_after=2022-03-05T00:00:00+00:00
[2024-10-06T23:01:16.250+0000] {processor.py:179} INFO - Processing /home/airflow/.local/lib/python3.8/site-packages/airflow/example_dags/example_dynamic_task_mapping.py took 0.029 seconds
[2024-10-06T23:01:46.776+0000] {processor.py:157} INFO - Started process (PID=27612) to work on /home/airflow/.local/lib/python3.8/site-packages/airflow/example_dags/example_dynamic_task_mapping.py
[2024-10-06T23:01:46.776+0000] {processor.py:829} INFO - Processing file /home/airflow/.local/lib/python3.8/site-packages/airflow/example_dags/example_dynamic_task_mapping.py for tasks to queue
[2024-10-06T23:01:46.778+0000] {logging_mixin.py:154} INFO - [2024-10-06T23:01:46.777+0000] {dagbag.py:536} INFO - Filling up the DagBag from /home/airflow/.local/lib/python3.8/site-packages/airflow/example_dags/example_dynamic_task_mapping.py
[2024-10-06T23:01:46.781+0000] {processor.py:839} INFO - DAG(s) dict_keys(['example_dynamic_task_mapping']) retrieved from /home/airflow/.local/lib/python3.8/site-packages/airflow/example_dags/example_dynamic_task_mapping.py
[2024-10-06T23:01:46.790+0000] {logging_mixin.py:154} INFO - [2024-10-06T23:01:46.789+0000] {dag.py:2941} INFO - Sync 1 DAGs
[2024-10-06T23:01:46.798+0000] {logging_mixin.py:154} INFO - [2024-10-06T23:01:46.798+0000] {dag.py:3722} INFO - Setting next_dagrun for example_dynamic_task_mapping to 2022-03-04T00:00:00+00:00, run_after=2022-03-05T00:00:00+00:00
[2024-10-06T23:01:46.804+0000] {processor.py:179} INFO - Processing /home/airflow/.local/lib/python3.8/site-packages/airflow/example_dags/example_dynamic_task_mapping.py took 0.030 seconds
[2024-10-06T23:02:17.159+0000] {processor.py:157} INFO - Started process (PID=27666) to work on /home/airflow/.local/lib/python3.8/site-packages/airflow/example_dags/example_dynamic_task_mapping.py
[2024-10-06T23:02:17.160+0000] {processor.py:829} INFO - Processing file /home/airflow/.local/lib/python3.8/site-packages/airflow/example_dags/example_dynamic_task_mapping.py for tasks to queue
[2024-10-06T23:02:17.161+0000] {logging_mixin.py:154} INFO - [2024-10-06T23:02:17.160+0000] {dagbag.py:536} INFO - Filling up the DagBag from /home/airflow/.local/lib/python3.8/site-packages/airflow/example_dags/example_dynamic_task_mapping.py
[2024-10-06T23:02:17.164+0000] {processor.py:839} INFO - DAG(s) dict_keys(['example_dynamic_task_mapping']) retrieved from /home/airflow/.local/lib/python3.8/site-packages/airflow/example_dags/example_dynamic_task_mapping.py
[2024-10-06T23:02:17.172+0000] {logging_mixin.py:154} INFO - [2024-10-06T23:02:17.172+0000] {dag.py:2941} INFO - Sync 1 DAGs
[2024-10-06T23:02:17.180+0000] {logging_mixin.py:154} INFO - [2024-10-06T23:02:17.180+0000] {dag.py:3722} INFO - Setting next_dagrun for example_dynamic_task_mapping to 2022-03-04T00:00:00+00:00, run_after=2022-03-05T00:00:00+00:00
[2024-10-06T23:02:17.186+0000] {processor.py:179} INFO - Processing /home/airflow/.local/lib/python3.8/site-packages/airflow/example_dags/example_dynamic_task_mapping.py took 0.028 seconds
[2024-10-06T23:02:47.567+0000] {processor.py:157} INFO - Started process (PID=27720) to work on /home/airflow/.local/lib/python3.8/site-packages/airflow/example_dags/example_dynamic_task_mapping.py
[2024-10-06T23:02:47.567+0000] {processor.py:829} INFO - Processing file /home/airflow/.local/lib/python3.8/site-packages/airflow/example_dags/example_dynamic_task_mapping.py for tasks to queue
[2024-10-06T23:02:47.568+0000] {logging_mixin.py:154} INFO - [2024-10-06T23:02:47.568+0000] {dagbag.py:536} INFO - Filling up the DagBag from /home/airflow/.local/lib/python3.8/site-packages/airflow/example_dags/example_dynamic_task_mapping.py
[2024-10-06T23:02:47.572+0000] {processor.py:839} INFO - DAG(s) dict_keys(['example_dynamic_task_mapping']) retrieved from /home/airflow/.local/lib/python3.8/site-packages/airflow/example_dags/example_dynamic_task_mapping.py
[2024-10-06T23:02:47.580+0000] {logging_mixin.py:154} INFO - [2024-10-06T23:02:47.580+0000] {dag.py:2941} INFO - Sync 1 DAGs
[2024-10-06T23:02:47.589+0000] {logging_mixin.py:154} INFO - [2024-10-06T23:02:47.589+0000] {dag.py:3722} INFO - Setting next_dagrun for example_dynamic_task_mapping to 2022-03-04T00:00:00+00:00, run_after=2022-03-05T00:00:00+00:00
[2024-10-06T23:02:47.595+0000] {processor.py:179} INFO - Processing /home/airflow/.local/lib/python3.8/site-packages/airflow/example_dags/example_dynamic_task_mapping.py took 0.030 seconds
[2024-10-06T23:03:17.980+0000] {processor.py:157} INFO - Started process (PID=27774) to work on /home/airflow/.local/lib/python3.8/site-packages/airflow/example_dags/example_dynamic_task_mapping.py
[2024-10-06T23:03:17.980+0000] {processor.py:829} INFO - Processing file /home/airflow/.local/lib/python3.8/site-packages/airflow/example_dags/example_dynamic_task_mapping.py for tasks to queue
[2024-10-06T23:03:17.981+0000] {logging_mixin.py:154} INFO - [2024-10-06T23:03:17.981+0000] {dagbag.py:536} INFO - Filling up the DagBag from /home/airflow/.local/lib/python3.8/site-packages/airflow/example_dags/example_dynamic_task_mapping.py
[2024-10-06T23:03:17.984+0000] {processor.py:839} INFO - DAG(s) dict_keys(['example_dynamic_task_mapping']) retrieved from /home/airflow/.local/lib/python3.8/site-packages/airflow/example_dags/example_dynamic_task_mapping.py
[2024-10-06T23:03:17.992+0000] {logging_mixin.py:154} INFO - [2024-10-06T23:03:17.992+0000] {dag.py:2941} INFO - Sync 1 DAGs
[2024-10-06T23:03:18.001+0000] {logging_mixin.py:154} INFO - [2024-10-06T23:03:18.001+0000] {dag.py:3722} INFO - Setting next_dagrun for example_dynamic_task_mapping to 2022-03-04T00:00:00+00:00, run_after=2022-03-05T00:00:00+00:00
[2024-10-06T23:03:18.007+0000] {processor.py:179} INFO - Processing /home/airflow/.local/lib/python3.8/site-packages/airflow/example_dags/example_dynamic_task_mapping.py took 0.029 seconds
[2024-10-06T23:03:48.490+0000] {processor.py:157} INFO - Started process (PID=27828) to work on /home/airflow/.local/lib/python3.8/site-packages/airflow/example_dags/example_dynamic_task_mapping.py
[2024-10-06T23:03:48.491+0000] {processor.py:829} INFO - Processing file /home/airflow/.local/lib/python3.8/site-packages/airflow/example_dags/example_dynamic_task_mapping.py for tasks to queue
[2024-10-06T23:03:48.492+0000] {logging_mixin.py:154} INFO - [2024-10-06T23:03:48.492+0000] {dagbag.py:536} INFO - Filling up the DagBag from /home/airflow/.local/lib/python3.8/site-packages/airflow/example_dags/example_dynamic_task_mapping.py
[2024-10-06T23:03:48.495+0000] {processor.py:839} INFO - DAG(s) dict_keys(['example_dynamic_task_mapping']) retrieved from /home/airflow/.local/lib/python3.8/site-packages/airflow/example_dags/example_dynamic_task_mapping.py
[2024-10-06T23:03:48.504+0000] {logging_mixin.py:154} INFO - [2024-10-06T23:03:48.504+0000] {dag.py:2941} INFO - Sync 1 DAGs
[2024-10-06T23:03:48.513+0000] {logging_mixin.py:154} INFO - [2024-10-06T23:03:48.513+0000] {dag.py:3722} INFO - Setting next_dagrun for example_dynamic_task_mapping to 2022-03-04T00:00:00+00:00, run_after=2022-03-05T00:00:00+00:00
[2024-10-06T23:03:48.519+0000] {processor.py:179} INFO - Processing /home/airflow/.local/lib/python3.8/site-packages/airflow/example_dags/example_dynamic_task_mapping.py took 0.030 seconds
[2024-10-06T23:04:18.900+0000] {processor.py:157} INFO - Started process (PID=27882) to work on /home/airflow/.local/lib/python3.8/site-packages/airflow/example_dags/example_dynamic_task_mapping.py
[2024-10-06T23:04:18.900+0000] {processor.py:829} INFO - Processing file /home/airflow/.local/lib/python3.8/site-packages/airflow/example_dags/example_dynamic_task_mapping.py for tasks to queue
[2024-10-06T23:04:18.902+0000] {logging_mixin.py:154} INFO - [2024-10-06T23:04:18.901+0000] {dagbag.py:536} INFO - Filling up the DagBag from /home/airflow/.local/lib/python3.8/site-packages/airflow/example_dags/example_dynamic_task_mapping.py
[2024-10-06T23:04:18.905+0000] {processor.py:839} INFO - DAG(s) dict_keys(['example_dynamic_task_mapping']) retrieved from /home/airflow/.local/lib/python3.8/site-packages/airflow/example_dags/example_dynamic_task_mapping.py
[2024-10-06T23:04:18.913+0000] {logging_mixin.py:154} INFO - [2024-10-06T23:04:18.913+0000] {dag.py:2941} INFO - Sync 1 DAGs
[2024-10-06T23:04:18.921+0000] {logging_mixin.py:154} INFO - [2024-10-06T23:04:18.921+0000] {dag.py:3722} INFO - Setting next_dagrun for example_dynamic_task_mapping to 2022-03-04T00:00:00+00:00, run_after=2022-03-05T00:00:00+00:00
[2024-10-06T23:04:18.927+0000] {processor.py:179} INFO - Processing /home/airflow/.local/lib/python3.8/site-packages/airflow/example_dags/example_dynamic_task_mapping.py took 0.029 seconds
[2024-10-06T23:04:49.385+0000] {processor.py:157} INFO - Started process (PID=27936) to work on /home/airflow/.local/lib/python3.8/site-packages/airflow/example_dags/example_dynamic_task_mapping.py
[2024-10-06T23:04:49.385+0000] {processor.py:829} INFO - Processing file /home/airflow/.local/lib/python3.8/site-packages/airflow/example_dags/example_dynamic_task_mapping.py for tasks to queue
[2024-10-06T23:04:49.386+0000] {logging_mixin.py:154} INFO - [2024-10-06T23:04:49.386+0000] {dagbag.py:536} INFO - Filling up the DagBag from /home/airflow/.local/lib/python3.8/site-packages/airflow/example_dags/example_dynamic_task_mapping.py
[2024-10-06T23:04:49.389+0000] {processor.py:839} INFO - DAG(s) dict_keys(['example_dynamic_task_mapping']) retrieved from /home/airflow/.local/lib/python3.8/site-packages/airflow/example_dags/example_dynamic_task_mapping.py
[2024-10-06T23:04:49.399+0000] {logging_mixin.py:154} INFO - [2024-10-06T23:04:49.399+0000] {dag.py:2941} INFO - Sync 1 DAGs
[2024-10-06T23:04:49.407+0000] {logging_mixin.py:154} INFO - [2024-10-06T23:04:49.407+0000] {dag.py:3722} INFO - Setting next_dagrun for example_dynamic_task_mapping to 2022-03-04T00:00:00+00:00, run_after=2022-03-05T00:00:00+00:00
[2024-10-06T23:04:49.413+0000] {processor.py:179} INFO - Processing /home/airflow/.local/lib/python3.8/site-packages/airflow/example_dags/example_dynamic_task_mapping.py took 0.030 seconds
[2024-10-06T23:05:19.716+0000] {processor.py:157} INFO - Started process (PID=27990) to work on /home/airflow/.local/lib/python3.8/site-packages/airflow/example_dags/example_dynamic_task_mapping.py
[2024-10-06T23:05:19.716+0000] {processor.py:829} INFO - Processing file /home/airflow/.local/lib/python3.8/site-packages/airflow/example_dags/example_dynamic_task_mapping.py for tasks to queue
[2024-10-06T23:05:19.717+0000] {logging_mixin.py:154} INFO - [2024-10-06T23:05:19.717+0000] {dagbag.py:536} INFO - Filling up the DagBag from /home/airflow/.local/lib/python3.8/site-packages/airflow/example_dags/example_dynamic_task_mapping.py
[2024-10-06T23:05:19.721+0000] {processor.py:839} INFO - DAG(s) dict_keys(['example_dynamic_task_mapping']) retrieved from /home/airflow/.local/lib/python3.8/site-packages/airflow/example_dags/example_dynamic_task_mapping.py
[2024-10-06T23:05:19.729+0000] {logging_mixin.py:154} INFO - [2024-10-06T23:05:19.729+0000] {dag.py:2941} INFO - Sync 1 DAGs
[2024-10-06T23:05:19.738+0000] {logging_mixin.py:154} INFO - [2024-10-06T23:05:19.738+0000] {dag.py:3722} INFO - Setting next_dagrun for example_dynamic_task_mapping to 2022-03-04T00:00:00+00:00, run_after=2022-03-05T00:00:00+00:00
[2024-10-06T23:05:19.744+0000] {processor.py:179} INFO - Processing /home/airflow/.local/lib/python3.8/site-packages/airflow/example_dags/example_dynamic_task_mapping.py took 0.030 seconds
[2024-10-06T23:05:50.182+0000] {processor.py:157} INFO - Started process (PID=28044) to work on /home/airflow/.local/lib/python3.8/site-packages/airflow/example_dags/example_dynamic_task_mapping.py
[2024-10-06T23:05:50.182+0000] {processor.py:829} INFO - Processing file /home/airflow/.local/lib/python3.8/site-packages/airflow/example_dags/example_dynamic_task_mapping.py for tasks to queue
[2024-10-06T23:05:50.183+0000] {logging_mixin.py:154} INFO - [2024-10-06T23:05:50.183+0000] {dagbag.py:536} INFO - Filling up the DagBag from /home/airflow/.local/lib/python3.8/site-packages/airflow/example_dags/example_dynamic_task_mapping.py
[2024-10-06T23:05:50.186+0000] {processor.py:839} INFO - DAG(s) dict_keys(['example_dynamic_task_mapping']) retrieved from /home/airflow/.local/lib/python3.8/site-packages/airflow/example_dags/example_dynamic_task_mapping.py
[2024-10-06T23:05:50.195+0000] {logging_mixin.py:154} INFO - [2024-10-06T23:05:50.195+0000] {dag.py:2941} INFO - Sync 1 DAGs
[2024-10-06T23:05:50.203+0000] {logging_mixin.py:154} INFO - [2024-10-06T23:05:50.203+0000] {dag.py:3722} INFO - Setting next_dagrun for example_dynamic_task_mapping to 2022-03-04T00:00:00+00:00, run_after=2022-03-05T00:00:00+00:00
[2024-10-06T23:05:50.210+0000] {processor.py:179} INFO - Processing /home/airflow/.local/lib/python3.8/site-packages/airflow/example_dags/example_dynamic_task_mapping.py took 0.030 seconds
[2024-10-06T23:06:20.596+0000] {processor.py:157} INFO - Started process (PID=28098) to work on /home/airflow/.local/lib/python3.8/site-packages/airflow/example_dags/example_dynamic_task_mapping.py
[2024-10-06T23:06:20.597+0000] {processor.py:829} INFO - Processing file /home/airflow/.local/lib/python3.8/site-packages/airflow/example_dags/example_dynamic_task_mapping.py for tasks to queue
[2024-10-06T23:06:20.598+0000] {logging_mixin.py:154} INFO - [2024-10-06T23:06:20.597+0000] {dagbag.py:536} INFO - Filling up the DagBag from /home/airflow/.local/lib/python3.8/site-packages/airflow/example_dags/example_dynamic_task_mapping.py
[2024-10-06T23:06:20.601+0000] {processor.py:839} INFO - DAG(s) dict_keys(['example_dynamic_task_mapping']) retrieved from /home/airflow/.local/lib/python3.8/site-packages/airflow/example_dags/example_dynamic_task_mapping.py
[2024-10-06T23:06:20.609+0000] {logging_mixin.py:154} INFO - [2024-10-06T23:06:20.609+0000] {dag.py:2941} INFO - Sync 1 DAGs
[2024-10-06T23:06:20.617+0000] {logging_mixin.py:154} INFO - [2024-10-06T23:06:20.617+0000] {dag.py:3722} INFO - Setting next_dagrun for example_dynamic_task_mapping to 2022-03-04T00:00:00+00:00, run_after=2022-03-05T00:00:00+00:00
[2024-10-06T23:06:20.624+0000] {processor.py:179} INFO - Processing /home/airflow/.local/lib/python3.8/site-packages/airflow/example_dags/example_dynamic_task_mapping.py took 0.029 seconds
[2024-10-06T23:06:51.038+0000] {processor.py:157} INFO - Started process (PID=28152) to work on /home/airflow/.local/lib/python3.8/site-packages/airflow/example_dags/example_dynamic_task_mapping.py
[2024-10-06T23:06:51.038+0000] {processor.py:829} INFO - Processing file /home/airflow/.local/lib/python3.8/site-packages/airflow/example_dags/example_dynamic_task_mapping.py for tasks to queue
[2024-10-06T23:06:51.039+0000] {logging_mixin.py:154} INFO - [2024-10-06T23:06:51.039+0000] {dagbag.py:536} INFO - Filling up the DagBag from /home/airflow/.local/lib/python3.8/site-packages/airflow/example_dags/example_dynamic_task_mapping.py
[2024-10-06T23:06:51.043+0000] {processor.py:839} INFO - DAG(s) dict_keys(['example_dynamic_task_mapping']) retrieved from /home/airflow/.local/lib/python3.8/site-packages/airflow/example_dags/example_dynamic_task_mapping.py
[2024-10-06T23:06:51.052+0000] {logging_mixin.py:154} INFO - [2024-10-06T23:06:51.052+0000] {dag.py:2941} INFO - Sync 1 DAGs
[2024-10-06T23:06:51.060+0000] {logging_mixin.py:154} INFO - [2024-10-06T23:06:51.060+0000] {dag.py:3722} INFO - Setting next_dagrun for example_dynamic_task_mapping to 2022-03-04T00:00:00+00:00, run_after=2022-03-05T00:00:00+00:00
[2024-10-06T23:06:51.066+0000] {processor.py:179} INFO - Processing /home/airflow/.local/lib/python3.8/site-packages/airflow/example_dags/example_dynamic_task_mapping.py took 0.029 seconds
[2024-10-06T23:07:21.438+0000] {processor.py:157} INFO - Started process (PID=28206) to work on /home/airflow/.local/lib/python3.8/site-packages/airflow/example_dags/example_dynamic_task_mapping.py
[2024-10-06T23:07:21.438+0000] {processor.py:829} INFO - Processing file /home/airflow/.local/lib/python3.8/site-packages/airflow/example_dags/example_dynamic_task_mapping.py for tasks to queue
[2024-10-06T23:07:21.439+0000] {logging_mixin.py:154} INFO - [2024-10-06T23:07:21.439+0000] {dagbag.py:536} INFO - Filling up the DagBag from /home/airflow/.local/lib/python3.8/site-packages/airflow/example_dags/example_dynamic_task_mapping.py
[2024-10-06T23:07:21.442+0000] {processor.py:839} INFO - DAG(s) dict_keys(['example_dynamic_task_mapping']) retrieved from /home/airflow/.local/lib/python3.8/site-packages/airflow/example_dags/example_dynamic_task_mapping.py
[2024-10-06T23:07:21.451+0000] {logging_mixin.py:154} INFO - [2024-10-06T23:07:21.450+0000] {dag.py:2941} INFO - Sync 1 DAGs
[2024-10-06T23:07:21.459+0000] {logging_mixin.py:154} INFO - [2024-10-06T23:07:21.459+0000] {dag.py:3722} INFO - Setting next_dagrun for example_dynamic_task_mapping to 2022-03-04T00:00:00+00:00, run_after=2022-03-05T00:00:00+00:00
[2024-10-06T23:07:21.465+0000] {processor.py:179} INFO - Processing /home/airflow/.local/lib/python3.8/site-packages/airflow/example_dags/example_dynamic_task_mapping.py took 0.029 seconds
[2024-10-06T23:07:51.921+0000] {processor.py:157} INFO - Started process (PID=28260) to work on /home/airflow/.local/lib/python3.8/site-packages/airflow/example_dags/example_dynamic_task_mapping.py
[2024-10-06T23:07:51.921+0000] {processor.py:829} INFO - Processing file /home/airflow/.local/lib/python3.8/site-packages/airflow/example_dags/example_dynamic_task_mapping.py for tasks to queue
[2024-10-06T23:07:51.923+0000] {logging_mixin.py:154} INFO - [2024-10-06T23:07:51.922+0000] {dagbag.py:536} INFO - Filling up the DagBag from /home/airflow/.local/lib/python3.8/site-packages/airflow/example_dags/example_dynamic_task_mapping.py
[2024-10-06T23:07:51.926+0000] {processor.py:839} INFO - DAG(s) dict_keys(['example_dynamic_task_mapping']) retrieved from /home/airflow/.local/lib/python3.8/site-packages/airflow/example_dags/example_dynamic_task_mapping.py
[2024-10-06T23:07:51.934+0000] {logging_mixin.py:154} INFO - [2024-10-06T23:07:51.934+0000] {dag.py:2941} INFO - Sync 1 DAGs
[2024-10-06T23:07:51.943+0000] {logging_mixin.py:154} INFO - [2024-10-06T23:07:51.943+0000] {dag.py:3722} INFO - Setting next_dagrun for example_dynamic_task_mapping to 2022-03-04T00:00:00+00:00, run_after=2022-03-05T00:00:00+00:00
[2024-10-06T23:07:51.949+0000] {processor.py:179} INFO - Processing /home/airflow/.local/lib/python3.8/site-packages/airflow/example_dags/example_dynamic_task_mapping.py took 0.030 seconds
[2024-10-06T23:08:22.281+0000] {processor.py:157} INFO - Started process (PID=28314) to work on /home/airflow/.local/lib/python3.8/site-packages/airflow/example_dags/example_dynamic_task_mapping.py
[2024-10-06T23:08:22.281+0000] {processor.py:829} INFO - Processing file /home/airflow/.local/lib/python3.8/site-packages/airflow/example_dags/example_dynamic_task_mapping.py for tasks to queue
[2024-10-06T23:08:22.282+0000] {logging_mixin.py:154} INFO - [2024-10-06T23:08:22.282+0000] {dagbag.py:536} INFO - Filling up the DagBag from /home/airflow/.local/lib/python3.8/site-packages/airflow/example_dags/example_dynamic_task_mapping.py
[2024-10-06T23:08:22.285+0000] {processor.py:839} INFO - DAG(s) dict_keys(['example_dynamic_task_mapping']) retrieved from /home/airflow/.local/lib/python3.8/site-packages/airflow/example_dags/example_dynamic_task_mapping.py
[2024-10-06T23:08:22.293+0000] {logging_mixin.py:154} INFO - [2024-10-06T23:08:22.293+0000] {dag.py:2941} INFO - Sync 1 DAGs
[2024-10-06T23:08:22.302+0000] {logging_mixin.py:154} INFO - [2024-10-06T23:08:22.301+0000] {dag.py:3722} INFO - Setting next_dagrun for example_dynamic_task_mapping to 2022-03-04T00:00:00+00:00, run_after=2022-03-05T00:00:00+00:00
[2024-10-06T23:08:22.308+0000] {processor.py:179} INFO - Processing /home/airflow/.local/lib/python3.8/site-packages/airflow/example_dags/example_dynamic_task_mapping.py took 0.029 seconds
[2024-10-06T23:08:52.740+0000] {processor.py:157} INFO - Started process (PID=28368) to work on /home/airflow/.local/lib/python3.8/site-packages/airflow/example_dags/example_dynamic_task_mapping.py
[2024-10-06T23:08:52.741+0000] {processor.py:829} INFO - Processing file /home/airflow/.local/lib/python3.8/site-packages/airflow/example_dags/example_dynamic_task_mapping.py for tasks to queue
[2024-10-06T23:08:52.742+0000] {logging_mixin.py:154} INFO - [2024-10-06T23:08:52.742+0000] {dagbag.py:536} INFO - Filling up the DagBag from /home/airflow/.local/lib/python3.8/site-packages/airflow/example_dags/example_dynamic_task_mapping.py
[2024-10-06T23:08:52.745+0000] {processor.py:839} INFO - DAG(s) dict_keys(['example_dynamic_task_mapping']) retrieved from /home/airflow/.local/lib/python3.8/site-packages/airflow/example_dags/example_dynamic_task_mapping.py
[2024-10-06T23:08:52.754+0000] {logging_mixin.py:154} INFO - [2024-10-06T23:08:52.754+0000] {dag.py:2941} INFO - Sync 1 DAGs
[2024-10-06T23:08:52.762+0000] {logging_mixin.py:154} INFO - [2024-10-06T23:08:52.762+0000] {dag.py:3722} INFO - Setting next_dagrun for example_dynamic_task_mapping to 2022-03-04T00:00:00+00:00, run_after=2022-03-05T00:00:00+00:00
[2024-10-06T23:08:52.768+0000] {processor.py:179} INFO - Processing /home/airflow/.local/lib/python3.8/site-packages/airflow/example_dags/example_dynamic_task_mapping.py took 0.030 seconds
[2024-10-06T23:09:23.135+0000] {processor.py:157} INFO - Started process (PID=28429) to work on /home/airflow/.local/lib/python3.8/site-packages/airflow/example_dags/example_dynamic_task_mapping.py
[2024-10-06T23:09:23.135+0000] {processor.py:829} INFO - Processing file /home/airflow/.local/lib/python3.8/site-packages/airflow/example_dags/example_dynamic_task_mapping.py for tasks to queue
[2024-10-06T23:09:23.136+0000] {logging_mixin.py:154} INFO - [2024-10-06T23:09:23.136+0000] {dagbag.py:536} INFO - Filling up the DagBag from /home/airflow/.local/lib/python3.8/site-packages/airflow/example_dags/example_dynamic_task_mapping.py
[2024-10-06T23:09:23.139+0000] {processor.py:839} INFO - DAG(s) dict_keys(['example_dynamic_task_mapping']) retrieved from /home/airflow/.local/lib/python3.8/site-packages/airflow/example_dags/example_dynamic_task_mapping.py
[2024-10-06T23:09:23.149+0000] {logging_mixin.py:154} INFO - [2024-10-06T23:09:23.149+0000] {dag.py:2941} INFO - Sync 1 DAGs
[2024-10-06T23:09:23.157+0000] {logging_mixin.py:154} INFO - [2024-10-06T23:09:23.157+0000] {dag.py:3722} INFO - Setting next_dagrun for example_dynamic_task_mapping to 2022-03-04T00:00:00+00:00, run_after=2022-03-05T00:00:00+00:00
[2024-10-06T23:09:23.163+0000] {processor.py:179} INFO - Processing /home/airflow/.local/lib/python3.8/site-packages/airflow/example_dags/example_dynamic_task_mapping.py took 0.030 seconds
[2024-10-06T23:09:53.590+0000] {processor.py:157} INFO - Started process (PID=28483) to work on /home/airflow/.local/lib/python3.8/site-packages/airflow/example_dags/example_dynamic_task_mapping.py
[2024-10-06T23:09:53.590+0000] {processor.py:829} INFO - Processing file /home/airflow/.local/lib/python3.8/site-packages/airflow/example_dags/example_dynamic_task_mapping.py for tasks to queue
[2024-10-06T23:09:53.591+0000] {logging_mixin.py:154} INFO - [2024-10-06T23:09:53.591+0000] {dagbag.py:536} INFO - Filling up the DagBag from /home/airflow/.local/lib/python3.8/site-packages/airflow/example_dags/example_dynamic_task_mapping.py
[2024-10-06T23:09:53.595+0000] {processor.py:839} INFO - DAG(s) dict_keys(['example_dynamic_task_mapping']) retrieved from /home/airflow/.local/lib/python3.8/site-packages/airflow/example_dags/example_dynamic_task_mapping.py
[2024-10-06T23:09:53.604+0000] {logging_mixin.py:154} INFO - [2024-10-06T23:09:53.603+0000] {dag.py:2941} INFO - Sync 1 DAGs
[2024-10-06T23:09:53.612+0000] {logging_mixin.py:154} INFO - [2024-10-06T23:09:53.612+0000] {dag.py:3722} INFO - Setting next_dagrun for example_dynamic_task_mapping to 2022-03-04T00:00:00+00:00, run_after=2022-03-05T00:00:00+00:00
[2024-10-06T23:09:53.619+0000] {processor.py:179} INFO - Processing /home/airflow/.local/lib/python3.8/site-packages/airflow/example_dags/example_dynamic_task_mapping.py took 0.031 seconds
[2024-10-06T23:10:24.018+0000] {processor.py:157} INFO - Started process (PID=28537) to work on /home/airflow/.local/lib/python3.8/site-packages/airflow/example_dags/example_dynamic_task_mapping.py
[2024-10-06T23:10:24.019+0000] {processor.py:829} INFO - Processing file /home/airflow/.local/lib/python3.8/site-packages/airflow/example_dags/example_dynamic_task_mapping.py for tasks to queue
[2024-10-06T23:10:24.020+0000] {logging_mixin.py:154} INFO - [2024-10-06T23:10:24.020+0000] {dagbag.py:536} INFO - Filling up the DagBag from /home/airflow/.local/lib/python3.8/site-packages/airflow/example_dags/example_dynamic_task_mapping.py
[2024-10-06T23:10:24.023+0000] {processor.py:839} INFO - DAG(s) dict_keys(['example_dynamic_task_mapping']) retrieved from /home/airflow/.local/lib/python3.8/site-packages/airflow/example_dags/example_dynamic_task_mapping.py
[2024-10-06T23:10:24.032+0000] {logging_mixin.py:154} INFO - [2024-10-06T23:10:24.032+0000] {dag.py:2941} INFO - Sync 1 DAGs
[2024-10-06T23:10:24.041+0000] {logging_mixin.py:154} INFO - [2024-10-06T23:10:24.041+0000] {dag.py:3722} INFO - Setting next_dagrun for example_dynamic_task_mapping to 2022-03-04T00:00:00+00:00, run_after=2022-03-05T00:00:00+00:00
[2024-10-06T23:10:24.047+0000] {processor.py:179} INFO - Processing /home/airflow/.local/lib/python3.8/site-packages/airflow/example_dags/example_dynamic_task_mapping.py took 0.031 seconds
[2024-10-06T23:10:54.459+0000] {processor.py:157} INFO - Started process (PID=28591) to work on /home/airflow/.local/lib/python3.8/site-packages/airflow/example_dags/example_dynamic_task_mapping.py
[2024-10-06T23:10:54.459+0000] {processor.py:829} INFO - Processing file /home/airflow/.local/lib/python3.8/site-packages/airflow/example_dags/example_dynamic_task_mapping.py for tasks to queue
[2024-10-06T23:10:54.460+0000] {logging_mixin.py:154} INFO - [2024-10-06T23:10:54.460+0000] {dagbag.py:536} INFO - Filling up the DagBag from /home/airflow/.local/lib/python3.8/site-packages/airflow/example_dags/example_dynamic_task_mapping.py
[2024-10-06T23:10:54.463+0000] {processor.py:839} INFO - DAG(s) dict_keys(['example_dynamic_task_mapping']) retrieved from /home/airflow/.local/lib/python3.8/site-packages/airflow/example_dags/example_dynamic_task_mapping.py
[2024-10-06T23:10:54.472+0000] {logging_mixin.py:154} INFO - [2024-10-06T23:10:54.472+0000] {dag.py:2941} INFO - Sync 1 DAGs
[2024-10-06T23:10:54.480+0000] {logging_mixin.py:154} INFO - [2024-10-06T23:10:54.480+0000] {dag.py:3722} INFO - Setting next_dagrun for example_dynamic_task_mapping to 2022-03-04T00:00:00+00:00, run_after=2022-03-05T00:00:00+00:00
[2024-10-06T23:10:54.487+0000] {processor.py:179} INFO - Processing /home/airflow/.local/lib/python3.8/site-packages/airflow/example_dags/example_dynamic_task_mapping.py took 0.030 seconds
[2024-10-06T23:11:24.860+0000] {processor.py:157} INFO - Started process (PID=28645) to work on /home/airflow/.local/lib/python3.8/site-packages/airflow/example_dags/example_dynamic_task_mapping.py
[2024-10-06T23:11:24.860+0000] {processor.py:829} INFO - Processing file /home/airflow/.local/lib/python3.8/site-packages/airflow/example_dags/example_dynamic_task_mapping.py for tasks to queue
[2024-10-06T23:11:24.861+0000] {logging_mixin.py:154} INFO - [2024-10-06T23:11:24.861+0000] {dagbag.py:536} INFO - Filling up the DagBag from /home/airflow/.local/lib/python3.8/site-packages/airflow/example_dags/example_dynamic_task_mapping.py
[2024-10-06T23:11:24.865+0000] {processor.py:839} INFO - DAG(s) dict_keys(['example_dynamic_task_mapping']) retrieved from /home/airflow/.local/lib/python3.8/site-packages/airflow/example_dags/example_dynamic_task_mapping.py
[2024-10-06T23:11:24.875+0000] {logging_mixin.py:154} INFO - [2024-10-06T23:11:24.875+0000] {dag.py:2941} INFO - Sync 1 DAGs
[2024-10-06T23:11:24.884+0000] {logging_mixin.py:154} INFO - [2024-10-06T23:11:24.884+0000] {dag.py:3722} INFO - Setting next_dagrun for example_dynamic_task_mapping to 2022-03-04T00:00:00+00:00, run_after=2022-03-05T00:00:00+00:00
[2024-10-06T23:11:24.891+0000] {processor.py:179} INFO - Processing /home/airflow/.local/lib/python3.8/site-packages/airflow/example_dags/example_dynamic_task_mapping.py took 0.033 seconds
[2024-10-06T23:11:55.332+0000] {processor.py:157} INFO - Started process (PID=28699) to work on /home/airflow/.local/lib/python3.8/site-packages/airflow/example_dags/example_dynamic_task_mapping.py
[2024-10-06T23:11:55.333+0000] {processor.py:829} INFO - Processing file /home/airflow/.local/lib/python3.8/site-packages/airflow/example_dags/example_dynamic_task_mapping.py for tasks to queue
[2024-10-06T23:11:55.334+0000] {logging_mixin.py:154} INFO - [2024-10-06T23:11:55.334+0000] {dagbag.py:536} INFO - Filling up the DagBag from /home/airflow/.local/lib/python3.8/site-packages/airflow/example_dags/example_dynamic_task_mapping.py
[2024-10-06T23:11:55.338+0000] {processor.py:839} INFO - DAG(s) dict_keys(['example_dynamic_task_mapping']) retrieved from /home/airflow/.local/lib/python3.8/site-packages/airflow/example_dags/example_dynamic_task_mapping.py
[2024-10-06T23:11:55.348+0000] {logging_mixin.py:154} INFO - [2024-10-06T23:11:55.347+0000] {dag.py:2941} INFO - Sync 1 DAGs
[2024-10-06T23:11:55.357+0000] {logging_mixin.py:154} INFO - [2024-10-06T23:11:55.356+0000] {dag.py:3722} INFO - Setting next_dagrun for example_dynamic_task_mapping to 2022-03-04T00:00:00+00:00, run_after=2022-03-05T00:00:00+00:00
[2024-10-06T23:11:55.364+0000] {processor.py:179} INFO - Processing /home/airflow/.local/lib/python3.8/site-packages/airflow/example_dags/example_dynamic_task_mapping.py took 0.034 seconds
[2024-10-06T23:12:25.804+0000] {processor.py:157} INFO - Started process (PID=28753) to work on /home/airflow/.local/lib/python3.8/site-packages/airflow/example_dags/example_dynamic_task_mapping.py
[2024-10-06T23:12:25.804+0000] {processor.py:829} INFO - Processing file /home/airflow/.local/lib/python3.8/site-packages/airflow/example_dags/example_dynamic_task_mapping.py for tasks to queue
[2024-10-06T23:12:25.805+0000] {logging_mixin.py:154} INFO - [2024-10-06T23:12:25.805+0000] {dagbag.py:536} INFO - Filling up the DagBag from /home/airflow/.local/lib/python3.8/site-packages/airflow/example_dags/example_dynamic_task_mapping.py
[2024-10-06T23:12:25.808+0000] {processor.py:839} INFO - DAG(s) dict_keys(['example_dynamic_task_mapping']) retrieved from /home/airflow/.local/lib/python3.8/site-packages/airflow/example_dags/example_dynamic_task_mapping.py
[2024-10-06T23:12:25.816+0000] {logging_mixin.py:154} INFO - [2024-10-06T23:12:25.816+0000] {dag.py:2941} INFO - Sync 1 DAGs
[2024-10-06T23:12:25.825+0000] {logging_mixin.py:154} INFO - [2024-10-06T23:12:25.825+0000] {dag.py:3722} INFO - Setting next_dagrun for example_dynamic_task_mapping to 2022-03-04T00:00:00+00:00, run_after=2022-03-05T00:00:00+00:00
[2024-10-06T23:12:25.831+0000] {processor.py:179} INFO - Processing /home/airflow/.local/lib/python3.8/site-packages/airflow/example_dags/example_dynamic_task_mapping.py took 0.029 seconds
[2024-10-06T23:12:56.220+0000] {processor.py:157} INFO - Started process (PID=28807) to work on /home/airflow/.local/lib/python3.8/site-packages/airflow/example_dags/example_dynamic_task_mapping.py
[2024-10-06T23:12:56.220+0000] {processor.py:829} INFO - Processing file /home/airflow/.local/lib/python3.8/site-packages/airflow/example_dags/example_dynamic_task_mapping.py for tasks to queue
[2024-10-06T23:12:56.221+0000] {logging_mixin.py:154} INFO - [2024-10-06T23:12:56.221+0000] {dagbag.py:536} INFO - Filling up the DagBag from /home/airflow/.local/lib/python3.8/site-packages/airflow/example_dags/example_dynamic_task_mapping.py
[2024-10-06T23:12:56.224+0000] {processor.py:839} INFO - DAG(s) dict_keys(['example_dynamic_task_mapping']) retrieved from /home/airflow/.local/lib/python3.8/site-packages/airflow/example_dags/example_dynamic_task_mapping.py
[2024-10-06T23:12:56.234+0000] {logging_mixin.py:154} INFO - [2024-10-06T23:12:56.233+0000] {dag.py:2941} INFO - Sync 1 DAGs
[2024-10-06T23:12:56.242+0000] {logging_mixin.py:154} INFO - [2024-10-06T23:12:56.242+0000] {dag.py:3722} INFO - Setting next_dagrun for example_dynamic_task_mapping to 2022-03-04T00:00:00+00:00, run_after=2022-03-05T00:00:00+00:00
[2024-10-06T23:12:56.250+0000] {processor.py:179} INFO - Processing /home/airflow/.local/lib/python3.8/site-packages/airflow/example_dags/example_dynamic_task_mapping.py took 0.031 seconds
[2024-10-06T23:13:26.751+0000] {processor.py:157} INFO - Started process (PID=28861) to work on /home/airflow/.local/lib/python3.8/site-packages/airflow/example_dags/example_dynamic_task_mapping.py
[2024-10-06T23:13:26.752+0000] {processor.py:829} INFO - Processing file /home/airflow/.local/lib/python3.8/site-packages/airflow/example_dags/example_dynamic_task_mapping.py for tasks to queue
[2024-10-06T23:13:26.753+0000] {logging_mixin.py:154} INFO - [2024-10-06T23:13:26.753+0000] {dagbag.py:536} INFO - Filling up the DagBag from /home/airflow/.local/lib/python3.8/site-packages/airflow/example_dags/example_dynamic_task_mapping.py
[2024-10-06T23:13:26.756+0000] {processor.py:839} INFO - DAG(s) dict_keys(['example_dynamic_task_mapping']) retrieved from /home/airflow/.local/lib/python3.8/site-packages/airflow/example_dags/example_dynamic_task_mapping.py
[2024-10-06T23:13:26.765+0000] {logging_mixin.py:154} INFO - [2024-10-06T23:13:26.765+0000] {dag.py:2941} INFO - Sync 1 DAGs
[2024-10-06T23:13:26.774+0000] {logging_mixin.py:154} INFO - [2024-10-06T23:13:26.774+0000] {dag.py:3722} INFO - Setting next_dagrun for example_dynamic_task_mapping to 2022-03-04T00:00:00+00:00, run_after=2022-03-05T00:00:00+00:00
[2024-10-06T23:13:26.780+0000] {processor.py:179} INFO - Processing /home/airflow/.local/lib/python3.8/site-packages/airflow/example_dags/example_dynamic_task_mapping.py took 0.030 seconds
[2024-10-06T23:13:57.138+0000] {processor.py:157} INFO - Started process (PID=28915) to work on /home/airflow/.local/lib/python3.8/site-packages/airflow/example_dags/example_dynamic_task_mapping.py
[2024-10-06T23:13:57.138+0000] {processor.py:829} INFO - Processing file /home/airflow/.local/lib/python3.8/site-packages/airflow/example_dags/example_dynamic_task_mapping.py for tasks to queue
[2024-10-06T23:13:57.139+0000] {logging_mixin.py:154} INFO - [2024-10-06T23:13:57.139+0000] {dagbag.py:536} INFO - Filling up the DagBag from /home/airflow/.local/lib/python3.8/site-packages/airflow/example_dags/example_dynamic_task_mapping.py
[2024-10-06T23:13:57.142+0000] {processor.py:839} INFO - DAG(s) dict_keys(['example_dynamic_task_mapping']) retrieved from /home/airflow/.local/lib/python3.8/site-packages/airflow/example_dags/example_dynamic_task_mapping.py
[2024-10-06T23:13:57.152+0000] {logging_mixin.py:154} INFO - [2024-10-06T23:13:57.152+0000] {dag.py:2941} INFO - Sync 1 DAGs
[2024-10-06T23:13:57.161+0000] {logging_mixin.py:154} INFO - [2024-10-06T23:13:57.161+0000] {dag.py:3722} INFO - Setting next_dagrun for example_dynamic_task_mapping to 2022-03-04T00:00:00+00:00, run_after=2022-03-05T00:00:00+00:00
[2024-10-06T23:13:57.168+0000] {processor.py:179} INFO - Processing /home/airflow/.local/lib/python3.8/site-packages/airflow/example_dags/example_dynamic_task_mapping.py took 0.032 seconds
[2024-10-06T23:14:27.666+0000] {processor.py:157} INFO - Started process (PID=28969) to work on /home/airflow/.local/lib/python3.8/site-packages/airflow/example_dags/example_dynamic_task_mapping.py
[2024-10-06T23:14:27.666+0000] {processor.py:829} INFO - Processing file /home/airflow/.local/lib/python3.8/site-packages/airflow/example_dags/example_dynamic_task_mapping.py for tasks to queue
[2024-10-06T23:14:27.667+0000] {logging_mixin.py:154} INFO - [2024-10-06T23:14:27.667+0000] {dagbag.py:536} INFO - Filling up the DagBag from /home/airflow/.local/lib/python3.8/site-packages/airflow/example_dags/example_dynamic_task_mapping.py
[2024-10-06T23:14:27.671+0000] {processor.py:839} INFO - DAG(s) dict_keys(['example_dynamic_task_mapping']) retrieved from /home/airflow/.local/lib/python3.8/site-packages/airflow/example_dags/example_dynamic_task_mapping.py
[2024-10-06T23:14:27.680+0000] {logging_mixin.py:154} INFO - [2024-10-06T23:14:27.680+0000] {dag.py:2941} INFO - Sync 1 DAGs
[2024-10-06T23:14:27.688+0000] {logging_mixin.py:154} INFO - [2024-10-06T23:14:27.688+0000] {dag.py:3722} INFO - Setting next_dagrun for example_dynamic_task_mapping to 2022-03-04T00:00:00+00:00, run_after=2022-03-05T00:00:00+00:00
[2024-10-06T23:14:27.694+0000] {processor.py:179} INFO - Processing /home/airflow/.local/lib/python3.8/site-packages/airflow/example_dags/example_dynamic_task_mapping.py took 0.030 seconds
[2024-10-06T23:14:58.180+0000] {processor.py:157} INFO - Started process (PID=29023) to work on /home/airflow/.local/lib/python3.8/site-packages/airflow/example_dags/example_dynamic_task_mapping.py
[2024-10-06T23:14:58.180+0000] {processor.py:829} INFO - Processing file /home/airflow/.local/lib/python3.8/site-packages/airflow/example_dags/example_dynamic_task_mapping.py for tasks to queue
[2024-10-06T23:14:58.181+0000] {logging_mixin.py:154} INFO - [2024-10-06T23:14:58.181+0000] {dagbag.py:536} INFO - Filling up the DagBag from /home/airflow/.local/lib/python3.8/site-packages/airflow/example_dags/example_dynamic_task_mapping.py
[2024-10-06T23:14:58.184+0000] {processor.py:839} INFO - DAG(s) dict_keys(['example_dynamic_task_mapping']) retrieved from /home/airflow/.local/lib/python3.8/site-packages/airflow/example_dags/example_dynamic_task_mapping.py
[2024-10-06T23:14:58.193+0000] {logging_mixin.py:154} INFO - [2024-10-06T23:14:58.193+0000] {dag.py:2941} INFO - Sync 1 DAGs
[2024-10-06T23:14:58.202+0000] {logging_mixin.py:154} INFO - [2024-10-06T23:14:58.202+0000] {dag.py:3722} INFO - Setting next_dagrun for example_dynamic_task_mapping to 2022-03-04T00:00:00+00:00, run_after=2022-03-05T00:00:00+00:00
[2024-10-06T23:14:58.208+0000] {processor.py:179} INFO - Processing /home/airflow/.local/lib/python3.8/site-packages/airflow/example_dags/example_dynamic_task_mapping.py took 0.030 seconds
[2024-10-06T23:15:28.533+0000] {processor.py:157} INFO - Started process (PID=29077) to work on /home/airflow/.local/lib/python3.8/site-packages/airflow/example_dags/example_dynamic_task_mapping.py
[2024-10-06T23:15:28.534+0000] {processor.py:829} INFO - Processing file /home/airflow/.local/lib/python3.8/site-packages/airflow/example_dags/example_dynamic_task_mapping.py for tasks to queue
[2024-10-06T23:15:28.535+0000] {logging_mixin.py:154} INFO - [2024-10-06T23:15:28.535+0000] {dagbag.py:536} INFO - Filling up the DagBag from /home/airflow/.local/lib/python3.8/site-packages/airflow/example_dags/example_dynamic_task_mapping.py
[2024-10-06T23:15:28.538+0000] {processor.py:839} INFO - DAG(s) dict_keys(['example_dynamic_task_mapping']) retrieved from /home/airflow/.local/lib/python3.8/site-packages/airflow/example_dags/example_dynamic_task_mapping.py
[2024-10-06T23:15:28.547+0000] {logging_mixin.py:154} INFO - [2024-10-06T23:15:28.547+0000] {dag.py:2941} INFO - Sync 1 DAGs
[2024-10-06T23:15:28.555+0000] {logging_mixin.py:154} INFO - [2024-10-06T23:15:28.555+0000] {dag.py:3722} INFO - Setting next_dagrun for example_dynamic_task_mapping to 2022-03-04T00:00:00+00:00, run_after=2022-03-05T00:00:00+00:00
[2024-10-06T23:15:28.561+0000] {processor.py:179} INFO - Processing /home/airflow/.local/lib/python3.8/site-packages/airflow/example_dags/example_dynamic_task_mapping.py took 0.030 seconds
[2024-10-06T23:54:55.550+0000] {processor.py:157} INFO - Started process (PID=29124) to work on /home/airflow/.local/lib/python3.8/site-packages/airflow/example_dags/example_dynamic_task_mapping.py
[2024-10-06T23:54:55.550+0000] {processor.py:829} INFO - Processing file /home/airflow/.local/lib/python3.8/site-packages/airflow/example_dags/example_dynamic_task_mapping.py for tasks to queue
[2024-10-06T23:54:55.551+0000] {logging_mixin.py:154} INFO - [2024-10-06T23:54:55.551+0000] {dagbag.py:536} INFO - Filling up the DagBag from /home/airflow/.local/lib/python3.8/site-packages/airflow/example_dags/example_dynamic_task_mapping.py
[2024-10-06T23:54:55.555+0000] {processor.py:839} INFO - DAG(s) dict_keys(['example_dynamic_task_mapping']) retrieved from /home/airflow/.local/lib/python3.8/site-packages/airflow/example_dags/example_dynamic_task_mapping.py
[2024-10-06T23:54:55.563+0000] {logging_mixin.py:154} INFO - [2024-10-06T23:54:55.563+0000] {dag.py:2941} INFO - Sync 1 DAGs
[2024-10-06T23:54:55.571+0000] {logging_mixin.py:154} INFO - [2024-10-06T23:54:55.571+0000] {dag.py:3722} INFO - Setting next_dagrun for example_dynamic_task_mapping to 2022-03-04T00:00:00+00:00, run_after=2022-03-05T00:00:00+00:00
[2024-10-06T23:54:55.578+0000] {processor.py:179} INFO - Processing /home/airflow/.local/lib/python3.8/site-packages/airflow/example_dags/example_dynamic_task_mapping.py took 0.029 seconds
