[2024-10-06T00:48:01.664+0000] {processor.py:157} INFO - Started process (PID=25797) to work on /home/airflow/.local/lib/python3.8/site-packages/airflow/example_dags/example_sensors.py
[2024-10-06T00:48:01.665+0000] {processor.py:829} INFO - Processing file /home/airflow/.local/lib/python3.8/site-packages/airflow/example_dags/example_sensors.py for tasks to queue
[2024-10-06T00:48:01.666+0000] {logging_mixin.py:154} INFO - [2024-10-06T00:48:01.666+0000] {dagbag.py:536} INFO - Filling up the DagBag from /home/airflow/.local/lib/python3.8/site-packages/airflow/example_dags/example_sensors.py
[2024-10-06T00:48:01.671+0000] {processor.py:839} INFO - DAG(s) dict_keys(['example_sensors']) retrieved from /home/airflow/.local/lib/python3.8/site-packages/airflow/example_dags/example_sensors.py
[2024-10-06T00:48:01.681+0000] {logging_mixin.py:154} INFO - [2024-10-06T00:48:01.681+0000] {dag.py:2941} INFO - Sync 1 DAGs
[2024-10-06T00:48:01.686+0000] {logging_mixin.py:154} INFO - [2024-10-06T00:48:01.686+0000] {dag.py:3722} INFO - Setting next_dagrun for example_sensors to None, run_after=None
[2024-10-06T00:48:01.692+0000] {processor.py:179} INFO - Processing /home/airflow/.local/lib/python3.8/site-packages/airflow/example_dags/example_sensors.py took 0.030 seconds
[2024-10-06T00:59:18.743+0000] {processor.py:157} INFO - Started process (PID=25851) to work on /home/airflow/.local/lib/python3.8/site-packages/airflow/example_dags/example_sensors.py
[2024-10-06T00:59:18.744+0000] {processor.py:829} INFO - Processing file /home/airflow/.local/lib/python3.8/site-packages/airflow/example_dags/example_sensors.py for tasks to queue
[2024-10-06T00:59:18.745+0000] {logging_mixin.py:154} INFO - [2024-10-06T00:59:18.745+0000] {dagbag.py:536} INFO - Filling up the DagBag from /home/airflow/.local/lib/python3.8/site-packages/airflow/example_dags/example_sensors.py
[2024-10-06T00:59:18.752+0000] {processor.py:839} INFO - DAG(s) dict_keys(['example_sensors']) retrieved from /home/airflow/.local/lib/python3.8/site-packages/airflow/example_dags/example_sensors.py
[2024-10-06T00:59:18.767+0000] {logging_mixin.py:154} INFO - [2024-10-06T00:59:18.767+0000] {dag.py:2941} INFO - Sync 1 DAGs
[2024-10-06T00:59:18.774+0000] {logging_mixin.py:154} INFO - [2024-10-06T00:59:18.774+0000] {dag.py:3722} INFO - Setting next_dagrun for example_sensors to None, run_after=None
[2024-10-06T00:59:18.785+0000] {processor.py:179} INFO - Processing /home/airflow/.local/lib/python3.8/site-packages/airflow/example_dags/example_sensors.py took 0.045 seconds
[2024-10-06T02:12:19.786+0000] {processor.py:157} INFO - Started process (PID=25905) to work on /home/airflow/.local/lib/python3.8/site-packages/airflow/example_dags/example_sensors.py
[2024-10-06T02:12:19.787+0000] {processor.py:829} INFO - Processing file /home/airflow/.local/lib/python3.8/site-packages/airflow/example_dags/example_sensors.py for tasks to queue
[2024-10-06T02:12:19.788+0000] {logging_mixin.py:154} INFO - [2024-10-06T02:12:19.788+0000] {dagbag.py:536} INFO - Filling up the DagBag from /home/airflow/.local/lib/python3.8/site-packages/airflow/example_dags/example_sensors.py
[2024-10-06T02:12:19.793+0000] {processor.py:839} INFO - DAG(s) dict_keys(['example_sensors']) retrieved from /home/airflow/.local/lib/python3.8/site-packages/airflow/example_dags/example_sensors.py
[2024-10-06T02:12:19.807+0000] {logging_mixin.py:154} INFO - [2024-10-06T02:12:19.807+0000] {dag.py:2941} INFO - Sync 1 DAGs
[2024-10-06T02:12:19.814+0000] {logging_mixin.py:154} INFO - [2024-10-06T02:12:19.814+0000] {dag.py:3722} INFO - Setting next_dagrun for example_sensors to None, run_after=None
[2024-10-06T02:12:19.824+0000] {processor.py:179} INFO - Processing /home/airflow/.local/lib/python3.8/site-packages/airflow/example_dags/example_sensors.py took 0.039 seconds
[2024-10-06T02:48:47.090+0000] {processor.py:157} INFO - Started process (PID=25959) to work on /home/airflow/.local/lib/python3.8/site-packages/airflow/example_dags/example_sensors.py
[2024-10-06T02:48:47.090+0000] {processor.py:829} INFO - Processing file /home/airflow/.local/lib/python3.8/site-packages/airflow/example_dags/example_sensors.py for tasks to queue
[2024-10-06T02:48:47.091+0000] {logging_mixin.py:154} INFO - [2024-10-06T02:48:47.091+0000] {dagbag.py:536} INFO - Filling up the DagBag from /home/airflow/.local/lib/python3.8/site-packages/airflow/example_dags/example_sensors.py
[2024-10-06T02:48:47.096+0000] {processor.py:839} INFO - DAG(s) dict_keys(['example_sensors']) retrieved from /home/airflow/.local/lib/python3.8/site-packages/airflow/example_dags/example_sensors.py
[2024-10-06T02:48:47.106+0000] {logging_mixin.py:154} INFO - [2024-10-06T02:48:47.106+0000] {dag.py:2941} INFO - Sync 1 DAGs
[2024-10-06T02:48:47.111+0000] {logging_mixin.py:154} INFO - [2024-10-06T02:48:47.111+0000] {dag.py:3722} INFO - Setting next_dagrun for example_sensors to None, run_after=None
[2024-10-06T02:48:47.117+0000] {processor.py:179} INFO - Processing /home/airflow/.local/lib/python3.8/site-packages/airflow/example_dags/example_sensors.py took 0.029 seconds
[2024-10-06T03:19:22.634+0000] {processor.py:157} INFO - Started process (PID=26013) to work on /home/airflow/.local/lib/python3.8/site-packages/airflow/example_dags/example_sensors.py
[2024-10-06T03:19:22.635+0000] {processor.py:829} INFO - Processing file /home/airflow/.local/lib/python3.8/site-packages/airflow/example_dags/example_sensors.py for tasks to queue
[2024-10-06T03:19:22.637+0000] {logging_mixin.py:154} INFO - [2024-10-06T03:19:22.637+0000] {dagbag.py:536} INFO - Filling up the DagBag from /home/airflow/.local/lib/python3.8/site-packages/airflow/example_dags/example_sensors.py
[2024-10-06T03:19:22.642+0000] {processor.py:839} INFO - DAG(s) dict_keys(['example_sensors']) retrieved from /home/airflow/.local/lib/python3.8/site-packages/airflow/example_dags/example_sensors.py
[2024-10-06T03:19:22.656+0000] {logging_mixin.py:154} INFO - [2024-10-06T03:19:22.656+0000] {dag.py:2941} INFO - Sync 1 DAGs
[2024-10-06T03:19:22.662+0000] {logging_mixin.py:154} INFO - [2024-10-06T03:19:22.662+0000] {dag.py:3722} INFO - Setting next_dagrun for example_sensors to None, run_after=None
[2024-10-06T03:19:22.673+0000] {processor.py:179} INFO - Processing /home/airflow/.local/lib/python3.8/site-packages/airflow/example_dags/example_sensors.py took 0.041 seconds
[2024-10-06T04:34:56.270+0000] {processor.py:157} INFO - Started process (PID=26067) to work on /home/airflow/.local/lib/python3.8/site-packages/airflow/example_dags/example_sensors.py
[2024-10-06T04:34:56.271+0000] {processor.py:829} INFO - Processing file /home/airflow/.local/lib/python3.8/site-packages/airflow/example_dags/example_sensors.py for tasks to queue
[2024-10-06T04:34:56.273+0000] {logging_mixin.py:154} INFO - [2024-10-06T04:34:56.273+0000] {dagbag.py:536} INFO - Filling up the DagBag from /home/airflow/.local/lib/python3.8/site-packages/airflow/example_dags/example_sensors.py
[2024-10-06T04:34:56.279+0000] {processor.py:839} INFO - DAG(s) dict_keys(['example_sensors']) retrieved from /home/airflow/.local/lib/python3.8/site-packages/airflow/example_dags/example_sensors.py
[2024-10-06T04:34:56.294+0000] {logging_mixin.py:154} INFO - [2024-10-06T04:34:56.294+0000] {dag.py:2941} INFO - Sync 1 DAGs
[2024-10-06T04:34:56.301+0000] {logging_mixin.py:154} INFO - [2024-10-06T04:34:56.301+0000] {dag.py:3722} INFO - Setting next_dagrun for example_sensors to None, run_after=None
[2024-10-06T04:34:56.312+0000] {processor.py:179} INFO - Processing /home/airflow/.local/lib/python3.8/site-packages/airflow/example_dags/example_sensors.py took 0.045 seconds
[2024-10-06T05:54:01.014+0000] {processor.py:157} INFO - Started process (PID=26121) to work on /home/airflow/.local/lib/python3.8/site-packages/airflow/example_dags/example_sensors.py
[2024-10-06T05:54:01.014+0000] {processor.py:829} INFO - Processing file /home/airflow/.local/lib/python3.8/site-packages/airflow/example_dags/example_sensors.py for tasks to queue
[2024-10-06T05:54:01.015+0000] {logging_mixin.py:154} INFO - [2024-10-06T05:54:01.015+0000] {dagbag.py:536} INFO - Filling up the DagBag from /home/airflow/.local/lib/python3.8/site-packages/airflow/example_dags/example_sensors.py
[2024-10-06T05:54:01.020+0000] {processor.py:839} INFO - DAG(s) dict_keys(['example_sensors']) retrieved from /home/airflow/.local/lib/python3.8/site-packages/airflow/example_dags/example_sensors.py
[2024-10-06T05:54:01.030+0000] {logging_mixin.py:154} INFO - [2024-10-06T05:54:01.030+0000] {dag.py:2941} INFO - Sync 1 DAGs
[2024-10-06T05:54:01.035+0000] {logging_mixin.py:154} INFO - [2024-10-06T05:54:01.035+0000] {dag.py:3722} INFO - Setting next_dagrun for example_sensors to None, run_after=None
[2024-10-06T05:54:01.041+0000] {processor.py:179} INFO - Processing /home/airflow/.local/lib/python3.8/site-packages/airflow/example_dags/example_sensors.py took 0.029 seconds
[2024-10-06T06:41:06.813+0000] {processor.py:157} INFO - Started process (PID=26175) to work on /home/airflow/.local/lib/python3.8/site-packages/airflow/example_dags/example_sensors.py
[2024-10-06T06:41:06.814+0000] {processor.py:829} INFO - Processing file /home/airflow/.local/lib/python3.8/site-packages/airflow/example_dags/example_sensors.py for tasks to queue
[2024-10-06T06:41:06.815+0000] {logging_mixin.py:154} INFO - [2024-10-06T06:41:06.815+0000] {dagbag.py:536} INFO - Filling up the DagBag from /home/airflow/.local/lib/python3.8/site-packages/airflow/example_dags/example_sensors.py
[2024-10-06T06:41:06.821+0000] {processor.py:839} INFO - DAG(s) dict_keys(['example_sensors']) retrieved from /home/airflow/.local/lib/python3.8/site-packages/airflow/example_dags/example_sensors.py
[2024-10-06T06:41:06.836+0000] {logging_mixin.py:154} INFO - [2024-10-06T06:41:06.835+0000] {dag.py:2941} INFO - Sync 1 DAGs
[2024-10-06T06:41:06.842+0000] {logging_mixin.py:154} INFO - [2024-10-06T06:41:06.842+0000] {dag.py:3722} INFO - Setting next_dagrun for example_sensors to None, run_after=None
[2024-10-06T06:41:06.851+0000] {processor.py:179} INFO - Processing /home/airflow/.local/lib/python3.8/site-packages/airflow/example_dags/example_sensors.py took 0.040 seconds
[2024-10-06T08:19:29.473+0000] {processor.py:157} INFO - Started process (PID=26229) to work on /home/airflow/.local/lib/python3.8/site-packages/airflow/example_dags/example_sensors.py
[2024-10-06T08:19:29.473+0000] {processor.py:829} INFO - Processing file /home/airflow/.local/lib/python3.8/site-packages/airflow/example_dags/example_sensors.py for tasks to queue
[2024-10-06T08:19:29.475+0000] {logging_mixin.py:154} INFO - [2024-10-06T08:19:29.475+0000] {dagbag.py:536} INFO - Filling up the DagBag from /home/airflow/.local/lib/python3.8/site-packages/airflow/example_dags/example_sensors.py
[2024-10-06T08:19:29.481+0000] {processor.py:839} INFO - DAG(s) dict_keys(['example_sensors']) retrieved from /home/airflow/.local/lib/python3.8/site-packages/airflow/example_dags/example_sensors.py
[2024-10-06T08:19:29.496+0000] {logging_mixin.py:154} INFO - [2024-10-06T08:19:29.496+0000] {dag.py:2941} INFO - Sync 1 DAGs
[2024-10-06T08:19:29.504+0000] {logging_mixin.py:154} INFO - [2024-10-06T08:19:29.504+0000] {dag.py:3722} INFO - Setting next_dagrun for example_sensors to None, run_after=None
[2024-10-06T08:19:29.515+0000] {processor.py:179} INFO - Processing /home/airflow/.local/lib/python3.8/site-packages/airflow/example_dags/example_sensors.py took 0.045 seconds
[2024-10-06T09:31:45.527+0000] {processor.py:157} INFO - Started process (PID=26283) to work on /home/airflow/.local/lib/python3.8/site-packages/airflow/example_dags/example_sensors.py
[2024-10-06T09:31:45.528+0000] {processor.py:829} INFO - Processing file /home/airflow/.local/lib/python3.8/site-packages/airflow/example_dags/example_sensors.py for tasks to queue
[2024-10-06T09:31:45.529+0000] {logging_mixin.py:154} INFO - [2024-10-06T09:31:45.529+0000] {dagbag.py:536} INFO - Filling up the DagBag from /home/airflow/.local/lib/python3.8/site-packages/airflow/example_dags/example_sensors.py
[2024-10-06T09:31:45.533+0000] {processor.py:839} INFO - DAG(s) dict_keys(['example_sensors']) retrieved from /home/airflow/.local/lib/python3.8/site-packages/airflow/example_dags/example_sensors.py
[2024-10-06T09:31:45.544+0000] {logging_mixin.py:154} INFO - [2024-10-06T09:31:45.544+0000] {dag.py:2941} INFO - Sync 1 DAGs
[2024-10-06T09:31:45.548+0000] {logging_mixin.py:154} INFO - [2024-10-06T09:31:45.548+0000] {dag.py:3722} INFO - Setting next_dagrun for example_sensors to None, run_after=None
[2024-10-06T09:31:45.555+0000] {processor.py:179} INFO - Processing /home/airflow/.local/lib/python3.8/site-packages/airflow/example_dags/example_sensors.py took 0.029 seconds
[2024-10-06T10:45:25.318+0000] {processor.py:157} INFO - Started process (PID=26337) to work on /home/airflow/.local/lib/python3.8/site-packages/airflow/example_dags/example_sensors.py
[2024-10-06T10:45:25.319+0000] {processor.py:829} INFO - Processing file /home/airflow/.local/lib/python3.8/site-packages/airflow/example_dags/example_sensors.py for tasks to queue
[2024-10-06T10:45:25.321+0000] {logging_mixin.py:154} INFO - [2024-10-06T10:45:25.320+0000] {dagbag.py:536} INFO - Filling up the DagBag from /home/airflow/.local/lib/python3.8/site-packages/airflow/example_dags/example_sensors.py
[2024-10-06T10:45:25.327+0000] {processor.py:839} INFO - DAG(s) dict_keys(['example_sensors']) retrieved from /home/airflow/.local/lib/python3.8/site-packages/airflow/example_dags/example_sensors.py
[2024-10-06T10:45:25.343+0000] {logging_mixin.py:154} INFO - [2024-10-06T10:45:25.343+0000] {dag.py:2941} INFO - Sync 1 DAGs
[2024-10-06T10:45:25.350+0000] {logging_mixin.py:154} INFO - [2024-10-06T10:45:25.350+0000] {dag.py:3722} INFO - Setting next_dagrun for example_sensors to None, run_after=None
[2024-10-06T10:45:25.361+0000] {processor.py:179} INFO - Processing /home/airflow/.local/lib/python3.8/site-packages/airflow/example_dags/example_sensors.py took 0.046 seconds
[2024-10-06T11:46:25.785+0000] {processor.py:157} INFO - Started process (PID=26391) to work on /home/airflow/.local/lib/python3.8/site-packages/airflow/example_dags/example_sensors.py
[2024-10-06T11:46:25.785+0000] {processor.py:829} INFO - Processing file /home/airflow/.local/lib/python3.8/site-packages/airflow/example_dags/example_sensors.py for tasks to queue
[2024-10-06T11:46:25.786+0000] {logging_mixin.py:154} INFO - [2024-10-06T11:46:25.786+0000] {dagbag.py:536} INFO - Filling up the DagBag from /home/airflow/.local/lib/python3.8/site-packages/airflow/example_dags/example_sensors.py
[2024-10-06T11:46:25.791+0000] {processor.py:839} INFO - DAG(s) dict_keys(['example_sensors']) retrieved from /home/airflow/.local/lib/python3.8/site-packages/airflow/example_dags/example_sensors.py
[2024-10-06T11:46:25.801+0000] {logging_mixin.py:154} INFO - [2024-10-06T11:46:25.801+0000] {dag.py:2941} INFO - Sync 1 DAGs
[2024-10-06T11:46:25.806+0000] {logging_mixin.py:154} INFO - [2024-10-06T11:46:25.806+0000] {dag.py:3722} INFO - Setting next_dagrun for example_sensors to None, run_after=None
[2024-10-06T11:46:25.812+0000] {processor.py:179} INFO - Processing /home/airflow/.local/lib/python3.8/site-packages/airflow/example_dags/example_sensors.py took 0.029 seconds
[2024-10-06T12:33:57.356+0000] {processor.py:157} INFO - Started process (PID=26445) to work on /home/airflow/.local/lib/python3.8/site-packages/airflow/example_dags/example_sensors.py
[2024-10-06T12:33:57.356+0000] {processor.py:829} INFO - Processing file /home/airflow/.local/lib/python3.8/site-packages/airflow/example_dags/example_sensors.py for tasks to queue
[2024-10-06T12:33:57.357+0000] {logging_mixin.py:154} INFO - [2024-10-06T12:33:57.357+0000] {dagbag.py:536} INFO - Filling up the DagBag from /home/airflow/.local/lib/python3.8/site-packages/airflow/example_dags/example_sensors.py
[2024-10-06T12:33:57.361+0000] {processor.py:839} INFO - DAG(s) dict_keys(['example_sensors']) retrieved from /home/airflow/.local/lib/python3.8/site-packages/airflow/example_dags/example_sensors.py
[2024-10-06T12:33:57.372+0000] {logging_mixin.py:154} INFO - [2024-10-06T12:33:57.372+0000] {dag.py:2941} INFO - Sync 1 DAGs
[2024-10-06T12:33:57.377+0000] {logging_mixin.py:154} INFO - [2024-10-06T12:33:57.377+0000] {dag.py:3722} INFO - Setting next_dagrun for example_sensors to None, run_after=None
[2024-10-06T12:33:57.383+0000] {processor.py:179} INFO - Processing /home/airflow/.local/lib/python3.8/site-packages/airflow/example_dags/example_sensors.py took 0.029 seconds
[2024-10-06T13:17:28.010+0000] {processor.py:157} INFO - Started process (PID=26499) to work on /home/airflow/.local/lib/python3.8/site-packages/airflow/example_dags/example_sensors.py
[2024-10-06T13:17:28.010+0000] {processor.py:829} INFO - Processing file /home/airflow/.local/lib/python3.8/site-packages/airflow/example_dags/example_sensors.py for tasks to queue
[2024-10-06T13:17:28.012+0000] {logging_mixin.py:154} INFO - [2024-10-06T13:17:28.012+0000] {dagbag.py:536} INFO - Filling up the DagBag from /home/airflow/.local/lib/python3.8/site-packages/airflow/example_dags/example_sensors.py
[2024-10-06T13:17:28.018+0000] {processor.py:839} INFO - DAG(s) dict_keys(['example_sensors']) retrieved from /home/airflow/.local/lib/python3.8/site-packages/airflow/example_dags/example_sensors.py
[2024-10-06T13:17:28.033+0000] {logging_mixin.py:154} INFO - [2024-10-06T13:17:28.033+0000] {dag.py:2941} INFO - Sync 1 DAGs
[2024-10-06T13:17:28.040+0000] {logging_mixin.py:154} INFO - [2024-10-06T13:17:28.040+0000] {dag.py:3722} INFO - Setting next_dagrun for example_sensors to None, run_after=None
[2024-10-06T13:17:28.053+0000] {processor.py:179} INFO - Processing /home/airflow/.local/lib/python3.8/site-packages/airflow/example_dags/example_sensors.py took 0.046 seconds
[2024-10-06T14:49:26.458+0000] {processor.py:157} INFO - Started process (PID=26553) to work on /home/airflow/.local/lib/python3.8/site-packages/airflow/example_dags/example_sensors.py
[2024-10-06T14:49:26.459+0000] {processor.py:829} INFO - Processing file /home/airflow/.local/lib/python3.8/site-packages/airflow/example_dags/example_sensors.py for tasks to queue
[2024-10-06T14:49:26.460+0000] {logging_mixin.py:154} INFO - [2024-10-06T14:49:26.460+0000] {dagbag.py:536} INFO - Filling up the DagBag from /home/airflow/.local/lib/python3.8/site-packages/airflow/example_dags/example_sensors.py
[2024-10-06T14:49:26.464+0000] {processor.py:839} INFO - DAG(s) dict_keys(['example_sensors']) retrieved from /home/airflow/.local/lib/python3.8/site-packages/airflow/example_dags/example_sensors.py
[2024-10-06T14:49:26.477+0000] {logging_mixin.py:154} INFO - [2024-10-06T14:49:26.477+0000] {dag.py:2941} INFO - Sync 1 DAGs
[2024-10-06T14:49:26.481+0000] {logging_mixin.py:154} INFO - [2024-10-06T14:49:26.481+0000] {dag.py:3722} INFO - Setting next_dagrun for example_sensors to None, run_after=None
[2024-10-06T14:49:26.488+0000] {processor.py:179} INFO - Processing /home/airflow/.local/lib/python3.8/site-packages/airflow/example_dags/example_sensors.py took 0.031 seconds
[2024-10-06T15:50:30.643+0000] {processor.py:157} INFO - Started process (PID=26607) to work on /home/airflow/.local/lib/python3.8/site-packages/airflow/example_dags/example_sensors.py
[2024-10-06T15:50:30.644+0000] {processor.py:829} INFO - Processing file /home/airflow/.local/lib/python3.8/site-packages/airflow/example_dags/example_sensors.py for tasks to queue
[2024-10-06T15:50:30.646+0000] {logging_mixin.py:154} INFO - [2024-10-06T15:50:30.645+0000] {dagbag.py:536} INFO - Filling up the DagBag from /home/airflow/.local/lib/python3.8/site-packages/airflow/example_dags/example_sensors.py
[2024-10-06T15:50:30.651+0000] {processor.py:839} INFO - DAG(s) dict_keys(['example_sensors']) retrieved from /home/airflow/.local/lib/python3.8/site-packages/airflow/example_dags/example_sensors.py
[2024-10-06T15:50:30.665+0000] {logging_mixin.py:154} INFO - [2024-10-06T15:50:30.665+0000] {dag.py:2941} INFO - Sync 1 DAGs
[2024-10-06T15:50:30.672+0000] {logging_mixin.py:154} INFO - [2024-10-06T15:50:30.672+0000] {dag.py:3722} INFO - Setting next_dagrun for example_sensors to None, run_after=None
[2024-10-06T15:50:30.687+0000] {processor.py:179} INFO - Processing /home/airflow/.local/lib/python3.8/site-packages/airflow/example_dags/example_sensors.py took 0.045 seconds
[2024-10-06T16:11:23.689+0000] {processor.py:157} INFO - Started process (PID=26661) to work on /home/airflow/.local/lib/python3.8/site-packages/airflow/example_dags/example_sensors.py
[2024-10-06T16:11:23.690+0000] {processor.py:829} INFO - Processing file /home/airflow/.local/lib/python3.8/site-packages/airflow/example_dags/example_sensors.py for tasks to queue
[2024-10-06T16:11:23.692+0000] {logging_mixin.py:154} INFO - [2024-10-06T16:11:23.691+0000] {dagbag.py:536} INFO - Filling up the DagBag from /home/airflow/.local/lib/python3.8/site-packages/airflow/example_dags/example_sensors.py
[2024-10-06T16:11:23.697+0000] {processor.py:839} INFO - DAG(s) dict_keys(['example_sensors']) retrieved from /home/airflow/.local/lib/python3.8/site-packages/airflow/example_dags/example_sensors.py
[2024-10-06T16:11:23.712+0000] {logging_mixin.py:154} INFO - [2024-10-06T16:11:23.712+0000] {dag.py:2941} INFO - Sync 1 DAGs
[2024-10-06T16:11:23.720+0000] {logging_mixin.py:154} INFO - [2024-10-06T16:11:23.719+0000] {dag.py:3722} INFO - Setting next_dagrun for example_sensors to None, run_after=None
[2024-10-06T16:11:23.734+0000] {processor.py:179} INFO - Processing /home/airflow/.local/lib/python3.8/site-packages/airflow/example_dags/example_sensors.py took 0.046 seconds
[2024-10-06T16:17:00.590+0000] {processor.py:157} INFO - Started process (PID=26715) to work on /home/airflow/.local/lib/python3.8/site-packages/airflow/example_dags/example_sensors.py
[2024-10-06T16:17:00.590+0000] {processor.py:829} INFO - Processing file /home/airflow/.local/lib/python3.8/site-packages/airflow/example_dags/example_sensors.py for tasks to queue
[2024-10-06T16:17:00.592+0000] {logging_mixin.py:154} INFO - [2024-10-06T16:17:00.592+0000] {dagbag.py:536} INFO - Filling up the DagBag from /home/airflow/.local/lib/python3.8/site-packages/airflow/example_dags/example_sensors.py
[2024-10-06T16:17:00.596+0000] {processor.py:839} INFO - DAG(s) dict_keys(['example_sensors']) retrieved from /home/airflow/.local/lib/python3.8/site-packages/airflow/example_dags/example_sensors.py
[2024-10-06T16:17:00.607+0000] {logging_mixin.py:154} INFO - [2024-10-06T16:17:00.607+0000] {dag.py:2941} INFO - Sync 1 DAGs
[2024-10-06T16:17:00.611+0000] {logging_mixin.py:154} INFO - [2024-10-06T16:17:00.611+0000] {dag.py:3722} INFO - Setting next_dagrun for example_sensors to None, run_after=None
[2024-10-06T16:17:00.618+0000] {processor.py:179} INFO - Processing /home/airflow/.local/lib/python3.8/site-packages/airflow/example_dags/example_sensors.py took 0.030 seconds
[2024-10-06T17:25:37.463+0000] {processor.py:157} INFO - Started process (PID=26769) to work on /home/airflow/.local/lib/python3.8/site-packages/airflow/example_dags/example_sensors.py
[2024-10-06T17:25:37.463+0000] {processor.py:829} INFO - Processing file /home/airflow/.local/lib/python3.8/site-packages/airflow/example_dags/example_sensors.py for tasks to queue
[2024-10-06T17:25:37.464+0000] {logging_mixin.py:154} INFO - [2024-10-06T17:25:37.464+0000] {dagbag.py:536} INFO - Filling up the DagBag from /home/airflow/.local/lib/python3.8/site-packages/airflow/example_dags/example_sensors.py
[2024-10-06T17:25:37.468+0000] {processor.py:839} INFO - DAG(s) dict_keys(['example_sensors']) retrieved from /home/airflow/.local/lib/python3.8/site-packages/airflow/example_dags/example_sensors.py
[2024-10-06T17:25:37.479+0000] {logging_mixin.py:154} INFO - [2024-10-06T17:25:37.479+0000] {dag.py:2941} INFO - Sync 1 DAGs
[2024-10-06T17:25:37.484+0000] {logging_mixin.py:154} INFO - [2024-10-06T17:25:37.483+0000] {dag.py:3722} INFO - Setting next_dagrun for example_sensors to None, run_after=None
[2024-10-06T17:25:37.490+0000] {processor.py:179} INFO - Processing /home/airflow/.local/lib/python3.8/site-packages/airflow/example_dags/example_sensors.py took 0.029 seconds
[2024-10-06T17:48:10.288+0000] {processor.py:157} INFO - Started process (PID=26823) to work on /home/airflow/.local/lib/python3.8/site-packages/airflow/example_dags/example_sensors.py
[2024-10-06T17:48:10.288+0000] {processor.py:829} INFO - Processing file /home/airflow/.local/lib/python3.8/site-packages/airflow/example_dags/example_sensors.py for tasks to queue
[2024-10-06T17:48:10.290+0000] {logging_mixin.py:154} INFO - [2024-10-06T17:48:10.289+0000] {dagbag.py:536} INFO - Filling up the DagBag from /home/airflow/.local/lib/python3.8/site-packages/airflow/example_dags/example_sensors.py
[2024-10-06T17:48:10.294+0000] {processor.py:839} INFO - DAG(s) dict_keys(['example_sensors']) retrieved from /home/airflow/.local/lib/python3.8/site-packages/airflow/example_dags/example_sensors.py
[2024-10-06T17:48:10.307+0000] {logging_mixin.py:154} INFO - [2024-10-06T17:48:10.307+0000] {dag.py:2941} INFO - Sync 1 DAGs
[2024-10-06T17:48:10.312+0000] {logging_mixin.py:154} INFO - [2024-10-06T17:48:10.312+0000] {dag.py:3722} INFO - Setting next_dagrun for example_sensors to None, run_after=None
[2024-10-06T17:48:10.321+0000] {processor.py:179} INFO - Processing /home/airflow/.local/lib/python3.8/site-packages/airflow/example_dags/example_sensors.py took 0.035 seconds
[2024-10-06T18:17:58.191+0000] {processor.py:157} INFO - Started process (PID=26877) to work on /home/airflow/.local/lib/python3.8/site-packages/airflow/example_dags/example_sensors.py
[2024-10-06T18:17:58.192+0000] {processor.py:829} INFO - Processing file /home/airflow/.local/lib/python3.8/site-packages/airflow/example_dags/example_sensors.py for tasks to queue
[2024-10-06T18:17:58.193+0000] {logging_mixin.py:154} INFO - [2024-10-06T18:17:58.193+0000] {dagbag.py:536} INFO - Filling up the DagBag from /home/airflow/.local/lib/python3.8/site-packages/airflow/example_dags/example_sensors.py
[2024-10-06T18:17:58.199+0000] {processor.py:839} INFO - DAG(s) dict_keys(['example_sensors']) retrieved from /home/airflow/.local/lib/python3.8/site-packages/airflow/example_dags/example_sensors.py
[2024-10-06T18:17:58.215+0000] {logging_mixin.py:154} INFO - [2024-10-06T18:17:58.215+0000] {dag.py:2941} INFO - Sync 1 DAGs
[2024-10-06T18:17:58.224+0000] {logging_mixin.py:154} INFO - [2024-10-06T18:17:58.223+0000] {dag.py:3722} INFO - Setting next_dagrun for example_sensors to None, run_after=None
[2024-10-06T18:17:58.235+0000] {processor.py:179} INFO - Processing /home/airflow/.local/lib/python3.8/site-packages/airflow/example_dags/example_sensors.py took 0.046 seconds
[2024-10-06T19:43:22.784+0000] {processor.py:157} INFO - Started process (PID=26931) to work on /home/airflow/.local/lib/python3.8/site-packages/airflow/example_dags/example_sensors.py
[2024-10-06T19:43:22.785+0000] {processor.py:829} INFO - Processing file /home/airflow/.local/lib/python3.8/site-packages/airflow/example_dags/example_sensors.py for tasks to queue
[2024-10-06T19:43:22.787+0000] {logging_mixin.py:154} INFO - [2024-10-06T19:43:22.786+0000] {dagbag.py:536} INFO - Filling up the DagBag from /home/airflow/.local/lib/python3.8/site-packages/airflow/example_dags/example_sensors.py
[2024-10-06T19:43:22.792+0000] {processor.py:839} INFO - DAG(s) dict_keys(['example_sensors']) retrieved from /home/airflow/.local/lib/python3.8/site-packages/airflow/example_dags/example_sensors.py
[2024-10-06T19:43:22.806+0000] {logging_mixin.py:154} INFO - [2024-10-06T19:43:22.805+0000] {dag.py:2941} INFO - Sync 1 DAGs
[2024-10-06T19:43:22.812+0000] {logging_mixin.py:154} INFO - [2024-10-06T19:43:22.812+0000] {dag.py:3722} INFO - Setting next_dagrun for example_sensors to None, run_after=None
[2024-10-06T19:43:22.822+0000] {processor.py:179} INFO - Processing /home/airflow/.local/lib/python3.8/site-packages/airflow/example_dags/example_sensors.py took 0.039 seconds
[2024-10-06T20:31:09.888+0000] {processor.py:157} INFO - Started process (PID=26985) to work on /home/airflow/.local/lib/python3.8/site-packages/airflow/example_dags/example_sensors.py
[2024-10-06T20:31:09.888+0000] {processor.py:829} INFO - Processing file /home/airflow/.local/lib/python3.8/site-packages/airflow/example_dags/example_sensors.py for tasks to queue
[2024-10-06T20:31:09.889+0000] {logging_mixin.py:154} INFO - [2024-10-06T20:31:09.889+0000] {dagbag.py:536} INFO - Filling up the DagBag from /home/airflow/.local/lib/python3.8/site-packages/airflow/example_dags/example_sensors.py
[2024-10-06T20:31:09.894+0000] {processor.py:839} INFO - DAG(s) dict_keys(['example_sensors']) retrieved from /home/airflow/.local/lib/python3.8/site-packages/airflow/example_dags/example_sensors.py
[2024-10-06T20:31:09.904+0000] {logging_mixin.py:154} INFO - [2024-10-06T20:31:09.904+0000] {dag.py:2941} INFO - Sync 1 DAGs
[2024-10-06T20:31:09.910+0000] {logging_mixin.py:154} INFO - [2024-10-06T20:31:09.909+0000] {dag.py:3722} INFO - Setting next_dagrun for example_sensors to None, run_after=None
[2024-10-06T20:31:09.916+0000] {processor.py:179} INFO - Processing /home/airflow/.local/lib/python3.8/site-packages/airflow/example_dags/example_sensors.py took 0.030 seconds
[2024-10-06T20:40:14.856+0000] {processor.py:157} INFO - Started process (PID=27039) to work on /home/airflow/.local/lib/python3.8/site-packages/airflow/example_dags/example_sensors.py
[2024-10-06T20:40:14.857+0000] {processor.py:829} INFO - Processing file /home/airflow/.local/lib/python3.8/site-packages/airflow/example_dags/example_sensors.py for tasks to queue
[2024-10-06T20:40:14.858+0000] {logging_mixin.py:154} INFO - [2024-10-06T20:40:14.858+0000] {dagbag.py:536} INFO - Filling up the DagBag from /home/airflow/.local/lib/python3.8/site-packages/airflow/example_dags/example_sensors.py
[2024-10-06T20:40:14.864+0000] {processor.py:839} INFO - DAG(s) dict_keys(['example_sensors']) retrieved from /home/airflow/.local/lib/python3.8/site-packages/airflow/example_dags/example_sensors.py
[2024-10-06T20:40:14.878+0000] {logging_mixin.py:154} INFO - [2024-10-06T20:40:14.878+0000] {dag.py:2941} INFO - Sync 1 DAGs
[2024-10-06T20:40:14.885+0000] {logging_mixin.py:154} INFO - [2024-10-06T20:40:14.885+0000] {dag.py:3722} INFO - Setting next_dagrun for example_sensors to None, run_after=None
[2024-10-06T20:40:14.895+0000] {processor.py:179} INFO - Processing /home/airflow/.local/lib/python3.8/site-packages/airflow/example_dags/example_sensors.py took 0.040 seconds
[2024-10-06T20:43:25.173+0000] {processor.py:157} INFO - Started process (PID=27093) to work on /home/airflow/.local/lib/python3.8/site-packages/airflow/example_dags/example_sensors.py
[2024-10-06T20:43:25.173+0000] {processor.py:829} INFO - Processing file /home/airflow/.local/lib/python3.8/site-packages/airflow/example_dags/example_sensors.py for tasks to queue
[2024-10-06T20:43:25.175+0000] {logging_mixin.py:154} INFO - [2024-10-06T20:43:25.174+0000] {dagbag.py:536} INFO - Filling up the DagBag from /home/airflow/.local/lib/python3.8/site-packages/airflow/example_dags/example_sensors.py
[2024-10-06T20:43:25.179+0000] {processor.py:839} INFO - DAG(s) dict_keys(['example_sensors']) retrieved from /home/airflow/.local/lib/python3.8/site-packages/airflow/example_dags/example_sensors.py
[2024-10-06T20:43:25.190+0000] {logging_mixin.py:154} INFO - [2024-10-06T20:43:25.190+0000] {dag.py:2941} INFO - Sync 1 DAGs
[2024-10-06T20:43:25.195+0000] {logging_mixin.py:154} INFO - [2024-10-06T20:43:25.195+0000] {dag.py:3722} INFO - Setting next_dagrun for example_sensors to None, run_after=None
[2024-10-06T20:43:25.201+0000] {processor.py:179} INFO - Processing /home/airflow/.local/lib/python3.8/site-packages/airflow/example_dags/example_sensors.py took 0.030 seconds
[2024-10-06T21:12:03.442+0000] {processor.py:157} INFO - Started process (PID=27147) to work on /home/airflow/.local/lib/python3.8/site-packages/airflow/example_dags/example_sensors.py
[2024-10-06T21:12:03.442+0000] {processor.py:829} INFO - Processing file /home/airflow/.local/lib/python3.8/site-packages/airflow/example_dags/example_sensors.py for tasks to queue
[2024-10-06T21:12:03.444+0000] {logging_mixin.py:154} INFO - [2024-10-06T21:12:03.444+0000] {dagbag.py:536} INFO - Filling up the DagBag from /home/airflow/.local/lib/python3.8/site-packages/airflow/example_dags/example_sensors.py
[2024-10-06T21:12:03.449+0000] {processor.py:839} INFO - DAG(s) dict_keys(['example_sensors']) retrieved from /home/airflow/.local/lib/python3.8/site-packages/airflow/example_dags/example_sensors.py
[2024-10-06T21:12:03.465+0000] {logging_mixin.py:154} INFO - [2024-10-06T21:12:03.464+0000] {dag.py:2941} INFO - Sync 1 DAGs
[2024-10-06T21:12:03.472+0000] {logging_mixin.py:154} INFO - [2024-10-06T21:12:03.472+0000] {dag.py:3722} INFO - Setting next_dagrun for example_sensors to None, run_after=None
[2024-10-06T21:12:03.482+0000] {processor.py:179} INFO - Processing /home/airflow/.local/lib/python3.8/site-packages/airflow/example_dags/example_sensors.py took 0.043 seconds
[2024-10-06T21:13:26.225+0000] {processor.py:157} INFO - Started process (PID=27201) to work on /home/airflow/.local/lib/python3.8/site-packages/airflow/example_dags/example_sensors.py
[2024-10-06T21:13:26.226+0000] {processor.py:829} INFO - Processing file /home/airflow/.local/lib/python3.8/site-packages/airflow/example_dags/example_sensors.py for tasks to queue
[2024-10-06T21:13:26.227+0000] {logging_mixin.py:154} INFO - [2024-10-06T21:13:26.227+0000] {dagbag.py:536} INFO - Filling up the DagBag from /home/airflow/.local/lib/python3.8/site-packages/airflow/example_dags/example_sensors.py
[2024-10-06T21:13:26.231+0000] {processor.py:839} INFO - DAG(s) dict_keys(['example_sensors']) retrieved from /home/airflow/.local/lib/python3.8/site-packages/airflow/example_dags/example_sensors.py
[2024-10-06T21:13:26.242+0000] {logging_mixin.py:154} INFO - [2024-10-06T21:13:26.242+0000] {dag.py:2941} INFO - Sync 1 DAGs
[2024-10-06T21:13:26.247+0000] {logging_mixin.py:154} INFO - [2024-10-06T21:13:26.247+0000] {dag.py:3722} INFO - Setting next_dagrun for example_sensors to None, run_after=None
[2024-10-06T21:13:26.254+0000] {processor.py:179} INFO - Processing /home/airflow/.local/lib/python3.8/site-packages/airflow/example_dags/example_sensors.py took 0.031 seconds
[2024-10-06T21:24:00.359+0000] {processor.py:157} INFO - Started process (PID=27255) to work on /home/airflow/.local/lib/python3.8/site-packages/airflow/example_dags/example_sensors.py
[2024-10-06T21:24:00.360+0000] {processor.py:829} INFO - Processing file /home/airflow/.local/lib/python3.8/site-packages/airflow/example_dags/example_sensors.py for tasks to queue
[2024-10-06T21:24:00.362+0000] {logging_mixin.py:154} INFO - [2024-10-06T21:24:00.361+0000] {dagbag.py:536} INFO - Filling up the DagBag from /home/airflow/.local/lib/python3.8/site-packages/airflow/example_dags/example_sensors.py
[2024-10-06T21:24:00.367+0000] {processor.py:839} INFO - DAG(s) dict_keys(['example_sensors']) retrieved from /home/airflow/.local/lib/python3.8/site-packages/airflow/example_dags/example_sensors.py
[2024-10-06T21:24:00.383+0000] {logging_mixin.py:154} INFO - [2024-10-06T21:24:00.383+0000] {dag.py:2941} INFO - Sync 1 DAGs
[2024-10-06T21:24:00.390+0000] {logging_mixin.py:154} INFO - [2024-10-06T21:24:00.390+0000] {dag.py:3722} INFO - Setting next_dagrun for example_sensors to None, run_after=None
[2024-10-06T21:24:00.402+0000] {processor.py:179} INFO - Processing /home/airflow/.local/lib/python3.8/site-packages/airflow/example_dags/example_sensors.py took 0.044 seconds
[2024-10-06T22:02:22.010+0000] {processor.py:157} INFO - Started process (PID=27309) to work on /home/airflow/.local/lib/python3.8/site-packages/airflow/example_dags/example_sensors.py
[2024-10-06T22:02:22.011+0000] {processor.py:829} INFO - Processing file /home/airflow/.local/lib/python3.8/site-packages/airflow/example_dags/example_sensors.py for tasks to queue
[2024-10-06T22:02:22.012+0000] {logging_mixin.py:154} INFO - [2024-10-06T22:02:22.012+0000] {dagbag.py:536} INFO - Filling up the DagBag from /home/airflow/.local/lib/python3.8/site-packages/airflow/example_dags/example_sensors.py
[2024-10-06T22:02:22.016+0000] {processor.py:839} INFO - DAG(s) dict_keys(['example_sensors']) retrieved from /home/airflow/.local/lib/python3.8/site-packages/airflow/example_dags/example_sensors.py
[2024-10-06T22:02:22.026+0000] {logging_mixin.py:154} INFO - [2024-10-06T22:02:22.026+0000] {dag.py:2941} INFO - Sync 1 DAGs
[2024-10-06T22:02:22.030+0000] {logging_mixin.py:154} INFO - [2024-10-06T22:02:22.030+0000] {dag.py:3722} INFO - Setting next_dagrun for example_sensors to None, run_after=None
[2024-10-06T22:02:22.037+0000] {processor.py:179} INFO - Processing /home/airflow/.local/lib/python3.8/site-packages/airflow/example_dags/example_sensors.py took 0.028 seconds
[2024-10-06T22:28:55.010+0000] {processor.py:157} INFO - Started process (PID=27363) to work on /home/airflow/.local/lib/python3.8/site-packages/airflow/example_dags/example_sensors.py
[2024-10-06T22:28:55.011+0000] {processor.py:829} INFO - Processing file /home/airflow/.local/lib/python3.8/site-packages/airflow/example_dags/example_sensors.py for tasks to queue
[2024-10-06T22:28:55.012+0000] {logging_mixin.py:154} INFO - [2024-10-06T22:28:55.012+0000] {dagbag.py:536} INFO - Filling up the DagBag from /home/airflow/.local/lib/python3.8/site-packages/airflow/example_dags/example_sensors.py
[2024-10-06T22:28:55.017+0000] {processor.py:839} INFO - DAG(s) dict_keys(['example_sensors']) retrieved from /home/airflow/.local/lib/python3.8/site-packages/airflow/example_dags/example_sensors.py
[2024-10-06T22:28:55.028+0000] {logging_mixin.py:154} INFO - [2024-10-06T22:28:55.028+0000] {dag.py:2941} INFO - Sync 1 DAGs
[2024-10-06T22:28:55.033+0000] {logging_mixin.py:154} INFO - [2024-10-06T22:28:55.033+0000] {dag.py:3722} INFO - Setting next_dagrun for example_sensors to None, run_after=None
[2024-10-06T22:28:55.040+0000] {processor.py:179} INFO - Processing /home/airflow/.local/lib/python3.8/site-packages/airflow/example_dags/example_sensors.py took 0.032 seconds
[2024-10-06T22:59:44.585+0000] {processor.py:157} INFO - Started process (PID=27417) to work on /home/airflow/.local/lib/python3.8/site-packages/airflow/example_dags/example_sensors.py
[2024-10-06T22:59:44.586+0000] {processor.py:829} INFO - Processing file /home/airflow/.local/lib/python3.8/site-packages/airflow/example_dags/example_sensors.py for tasks to queue
[2024-10-06T22:59:44.588+0000] {logging_mixin.py:154} INFO - [2024-10-06T22:59:44.588+0000] {dagbag.py:536} INFO - Filling up the DagBag from /home/airflow/.local/lib/python3.8/site-packages/airflow/example_dags/example_sensors.py
[2024-10-06T22:59:44.593+0000] {processor.py:839} INFO - DAG(s) dict_keys(['example_sensors']) retrieved from /home/airflow/.local/lib/python3.8/site-packages/airflow/example_dags/example_sensors.py
[2024-10-06T22:59:44.608+0000] {logging_mixin.py:154} INFO - [2024-10-06T22:59:44.608+0000] {dag.py:2941} INFO - Sync 1 DAGs
[2024-10-06T22:59:44.616+0000] {logging_mixin.py:154} INFO - [2024-10-06T22:59:44.616+0000] {dag.py:3722} INFO - Setting next_dagrun for example_sensors to None, run_after=None
[2024-10-06T22:59:44.630+0000] {processor.py:179} INFO - Processing /home/airflow/.local/lib/python3.8/site-packages/airflow/example_dags/example_sensors.py took 0.047 seconds
[2024-10-06T23:00:15.543+0000] {processor.py:157} INFO - Started process (PID=27471) to work on /home/airflow/.local/lib/python3.8/site-packages/airflow/example_dags/example_sensors.py
[2024-10-06T23:00:15.544+0000] {processor.py:829} INFO - Processing file /home/airflow/.local/lib/python3.8/site-packages/airflow/example_dags/example_sensors.py for tasks to queue
[2024-10-06T23:00:15.545+0000] {logging_mixin.py:154} INFO - [2024-10-06T23:00:15.545+0000] {dagbag.py:536} INFO - Filling up the DagBag from /home/airflow/.local/lib/python3.8/site-packages/airflow/example_dags/example_sensors.py
[2024-10-06T23:00:15.550+0000] {processor.py:839} INFO - DAG(s) dict_keys(['example_sensors']) retrieved from /home/airflow/.local/lib/python3.8/site-packages/airflow/example_dags/example_sensors.py
[2024-10-06T23:00:15.561+0000] {logging_mixin.py:154} INFO - [2024-10-06T23:00:15.561+0000] {dag.py:2941} INFO - Sync 1 DAGs
[2024-10-06T23:00:15.567+0000] {logging_mixin.py:154} INFO - [2024-10-06T23:00:15.567+0000] {dag.py:3722} INFO - Setting next_dagrun for example_sensors to None, run_after=None
[2024-10-06T23:00:15.575+0000] {processor.py:179} INFO - Processing /home/airflow/.local/lib/python3.8/site-packages/airflow/example_dags/example_sensors.py took 0.033 seconds
[2024-10-06T23:00:46.168+0000] {processor.py:157} INFO - Started process (PID=27525) to work on /home/airflow/.local/lib/python3.8/site-packages/airflow/example_dags/example_sensors.py
[2024-10-06T23:00:46.169+0000] {processor.py:829} INFO - Processing file /home/airflow/.local/lib/python3.8/site-packages/airflow/example_dags/example_sensors.py for tasks to queue
[2024-10-06T23:00:46.170+0000] {logging_mixin.py:154} INFO - [2024-10-06T23:00:46.170+0000] {dagbag.py:536} INFO - Filling up the DagBag from /home/airflow/.local/lib/python3.8/site-packages/airflow/example_dags/example_sensors.py
[2024-10-06T23:00:46.175+0000] {processor.py:839} INFO - DAG(s) dict_keys(['example_sensors']) retrieved from /home/airflow/.local/lib/python3.8/site-packages/airflow/example_dags/example_sensors.py
[2024-10-06T23:00:46.185+0000] {logging_mixin.py:154} INFO - [2024-10-06T23:00:46.185+0000] {dag.py:2941} INFO - Sync 1 DAGs
[2024-10-06T23:00:46.190+0000] {logging_mixin.py:154} INFO - [2024-10-06T23:00:46.190+0000] {dag.py:3722} INFO - Setting next_dagrun for example_sensors to None, run_after=None
[2024-10-06T23:00:46.197+0000] {processor.py:179} INFO - Processing /home/airflow/.local/lib/python3.8/site-packages/airflow/example_dags/example_sensors.py took 0.030 seconds
[2024-10-06T23:01:16.753+0000] {processor.py:157} INFO - Started process (PID=27579) to work on /home/airflow/.local/lib/python3.8/site-packages/airflow/example_dags/example_sensors.py
[2024-10-06T23:01:16.753+0000] {processor.py:829} INFO - Processing file /home/airflow/.local/lib/python3.8/site-packages/airflow/example_dags/example_sensors.py for tasks to queue
[2024-10-06T23:01:16.755+0000] {logging_mixin.py:154} INFO - [2024-10-06T23:01:16.754+0000] {dagbag.py:536} INFO - Filling up the DagBag from /home/airflow/.local/lib/python3.8/site-packages/airflow/example_dags/example_sensors.py
[2024-10-06T23:01:16.759+0000] {processor.py:839} INFO - DAG(s) dict_keys(['example_sensors']) retrieved from /home/airflow/.local/lib/python3.8/site-packages/airflow/example_dags/example_sensors.py
[2024-10-06T23:01:16.769+0000] {logging_mixin.py:154} INFO - [2024-10-06T23:01:16.769+0000] {dag.py:2941} INFO - Sync 1 DAGs
[2024-10-06T23:01:16.773+0000] {logging_mixin.py:154} INFO - [2024-10-06T23:01:16.773+0000] {dag.py:3722} INFO - Setting next_dagrun for example_sensors to None, run_after=None
[2024-10-06T23:01:16.779+0000] {processor.py:179} INFO - Processing /home/airflow/.local/lib/python3.8/site-packages/airflow/example_dags/example_sensors.py took 0.028 seconds
[2024-10-06T23:01:47.229+0000] {processor.py:157} INFO - Started process (PID=27633) to work on /home/airflow/.local/lib/python3.8/site-packages/airflow/example_dags/example_sensors.py
[2024-10-06T23:01:47.229+0000] {processor.py:829} INFO - Processing file /home/airflow/.local/lib/python3.8/site-packages/airflow/example_dags/example_sensors.py for tasks to queue
[2024-10-06T23:01:47.230+0000] {logging_mixin.py:154} INFO - [2024-10-06T23:01:47.230+0000] {dagbag.py:536} INFO - Filling up the DagBag from /home/airflow/.local/lib/python3.8/site-packages/airflow/example_dags/example_sensors.py
[2024-10-06T23:01:47.235+0000] {processor.py:839} INFO - DAG(s) dict_keys(['example_sensors']) retrieved from /home/airflow/.local/lib/python3.8/site-packages/airflow/example_dags/example_sensors.py
[2024-10-06T23:01:47.245+0000] {logging_mixin.py:154} INFO - [2024-10-06T23:01:47.245+0000] {dag.py:2941} INFO - Sync 1 DAGs
[2024-10-06T23:01:47.250+0000] {logging_mixin.py:154} INFO - [2024-10-06T23:01:47.250+0000] {dag.py:3722} INFO - Setting next_dagrun for example_sensors to None, run_after=None
[2024-10-06T23:01:47.256+0000] {processor.py:179} INFO - Processing /home/airflow/.local/lib/python3.8/site-packages/airflow/example_dags/example_sensors.py took 0.029 seconds
[2024-10-06T23:02:17.661+0000] {processor.py:157} INFO - Started process (PID=27687) to work on /home/airflow/.local/lib/python3.8/site-packages/airflow/example_dags/example_sensors.py
[2024-10-06T23:02:17.661+0000] {processor.py:829} INFO - Processing file /home/airflow/.local/lib/python3.8/site-packages/airflow/example_dags/example_sensors.py for tasks to queue
[2024-10-06T23:02:17.663+0000] {logging_mixin.py:154} INFO - [2024-10-06T23:02:17.663+0000] {dagbag.py:536} INFO - Filling up the DagBag from /home/airflow/.local/lib/python3.8/site-packages/airflow/example_dags/example_sensors.py
[2024-10-06T23:02:17.667+0000] {processor.py:839} INFO - DAG(s) dict_keys(['example_sensors']) retrieved from /home/airflow/.local/lib/python3.8/site-packages/airflow/example_dags/example_sensors.py
[2024-10-06T23:02:17.678+0000] {logging_mixin.py:154} INFO - [2024-10-06T23:02:17.678+0000] {dag.py:2941} INFO - Sync 1 DAGs
[2024-10-06T23:02:17.683+0000] {logging_mixin.py:154} INFO - [2024-10-06T23:02:17.683+0000] {dag.py:3722} INFO - Setting next_dagrun for example_sensors to None, run_after=None
[2024-10-06T23:02:17.690+0000] {processor.py:179} INFO - Processing /home/airflow/.local/lib/python3.8/site-packages/airflow/example_dags/example_sensors.py took 0.031 seconds
[2024-10-06T23:02:48.083+0000] {processor.py:157} INFO - Started process (PID=27741) to work on /home/airflow/.local/lib/python3.8/site-packages/airflow/example_dags/example_sensors.py
[2024-10-06T23:02:48.084+0000] {processor.py:829} INFO - Processing file /home/airflow/.local/lib/python3.8/site-packages/airflow/example_dags/example_sensors.py for tasks to queue
[2024-10-06T23:02:48.085+0000] {logging_mixin.py:154} INFO - [2024-10-06T23:02:48.085+0000] {dagbag.py:536} INFO - Filling up the DagBag from /home/airflow/.local/lib/python3.8/site-packages/airflow/example_dags/example_sensors.py
[2024-10-06T23:02:48.089+0000] {processor.py:839} INFO - DAG(s) dict_keys(['example_sensors']) retrieved from /home/airflow/.local/lib/python3.8/site-packages/airflow/example_dags/example_sensors.py
[2024-10-06T23:02:48.100+0000] {logging_mixin.py:154} INFO - [2024-10-06T23:02:48.100+0000] {dag.py:2941} INFO - Sync 1 DAGs
[2024-10-06T23:02:48.105+0000] {logging_mixin.py:154} INFO - [2024-10-06T23:02:48.105+0000] {dag.py:3722} INFO - Setting next_dagrun for example_sensors to None, run_after=None
[2024-10-06T23:02:48.112+0000] {processor.py:179} INFO - Processing /home/airflow/.local/lib/python3.8/site-packages/airflow/example_dags/example_sensors.py took 0.030 seconds
[2024-10-06T23:03:18.484+0000] {processor.py:157} INFO - Started process (PID=27795) to work on /home/airflow/.local/lib/python3.8/site-packages/airflow/example_dags/example_sensors.py
[2024-10-06T23:03:18.484+0000] {processor.py:829} INFO - Processing file /home/airflow/.local/lib/python3.8/site-packages/airflow/example_dags/example_sensors.py for tasks to queue
[2024-10-06T23:03:18.485+0000] {logging_mixin.py:154} INFO - [2024-10-06T23:03:18.485+0000] {dagbag.py:536} INFO - Filling up the DagBag from /home/airflow/.local/lib/python3.8/site-packages/airflow/example_dags/example_sensors.py
[2024-10-06T23:03:18.490+0000] {processor.py:839} INFO - DAG(s) dict_keys(['example_sensors']) retrieved from /home/airflow/.local/lib/python3.8/site-packages/airflow/example_dags/example_sensors.py
[2024-10-06T23:03:18.501+0000] {logging_mixin.py:154} INFO - [2024-10-06T23:03:18.501+0000] {dag.py:2941} INFO - Sync 1 DAGs
[2024-10-06T23:03:18.506+0000] {logging_mixin.py:154} INFO - [2024-10-06T23:03:18.506+0000] {dag.py:3722} INFO - Setting next_dagrun for example_sensors to None, run_after=None
[2024-10-06T23:03:18.512+0000] {processor.py:179} INFO - Processing /home/airflow/.local/lib/python3.8/site-packages/airflow/example_dags/example_sensors.py took 0.030 seconds
[2024-10-06T23:03:48.973+0000] {processor.py:157} INFO - Started process (PID=27849) to work on /home/airflow/.local/lib/python3.8/site-packages/airflow/example_dags/example_sensors.py
[2024-10-06T23:03:48.973+0000] {processor.py:829} INFO - Processing file /home/airflow/.local/lib/python3.8/site-packages/airflow/example_dags/example_sensors.py for tasks to queue
[2024-10-06T23:03:48.974+0000] {logging_mixin.py:154} INFO - [2024-10-06T23:03:48.974+0000] {dagbag.py:536} INFO - Filling up the DagBag from /home/airflow/.local/lib/python3.8/site-packages/airflow/example_dags/example_sensors.py
[2024-10-06T23:03:48.979+0000] {processor.py:839} INFO - DAG(s) dict_keys(['example_sensors']) retrieved from /home/airflow/.local/lib/python3.8/site-packages/airflow/example_dags/example_sensors.py
[2024-10-06T23:03:48.989+0000] {logging_mixin.py:154} INFO - [2024-10-06T23:03:48.989+0000] {dag.py:2941} INFO - Sync 1 DAGs
[2024-10-06T23:03:48.995+0000] {logging_mixin.py:154} INFO - [2024-10-06T23:03:48.994+0000] {dag.py:3722} INFO - Setting next_dagrun for example_sensors to None, run_after=None
[2024-10-06T23:03:49.001+0000] {processor.py:179} INFO - Processing /home/airflow/.local/lib/python3.8/site-packages/airflow/example_dags/example_sensors.py took 0.030 seconds
[2024-10-06T23:04:19.379+0000] {processor.py:157} INFO - Started process (PID=27903) to work on /home/airflow/.local/lib/python3.8/site-packages/airflow/example_dags/example_sensors.py
[2024-10-06T23:04:19.380+0000] {processor.py:829} INFO - Processing file /home/airflow/.local/lib/python3.8/site-packages/airflow/example_dags/example_sensors.py for tasks to queue
[2024-10-06T23:04:19.381+0000] {logging_mixin.py:154} INFO - [2024-10-06T23:04:19.381+0000] {dagbag.py:536} INFO - Filling up the DagBag from /home/airflow/.local/lib/python3.8/site-packages/airflow/example_dags/example_sensors.py
[2024-10-06T23:04:19.385+0000] {processor.py:839} INFO - DAG(s) dict_keys(['example_sensors']) retrieved from /home/airflow/.local/lib/python3.8/site-packages/airflow/example_dags/example_sensors.py
[2024-10-06T23:04:19.396+0000] {logging_mixin.py:154} INFO - [2024-10-06T23:04:19.395+0000] {dag.py:2941} INFO - Sync 1 DAGs
[2024-10-06T23:04:19.400+0000] {logging_mixin.py:154} INFO - [2024-10-06T23:04:19.400+0000] {dag.py:3722} INFO - Setting next_dagrun for example_sensors to None, run_after=None
[2024-10-06T23:04:19.407+0000] {processor.py:179} INFO - Processing /home/airflow/.local/lib/python3.8/site-packages/airflow/example_dags/example_sensors.py took 0.030 seconds
[2024-10-06T23:04:49.835+0000] {processor.py:157} INFO - Started process (PID=27957) to work on /home/airflow/.local/lib/python3.8/site-packages/airflow/example_dags/example_sensors.py
[2024-10-06T23:04:49.836+0000] {processor.py:829} INFO - Processing file /home/airflow/.local/lib/python3.8/site-packages/airflow/example_dags/example_sensors.py for tasks to queue
[2024-10-06T23:04:49.837+0000] {logging_mixin.py:154} INFO - [2024-10-06T23:04:49.837+0000] {dagbag.py:536} INFO - Filling up the DagBag from /home/airflow/.local/lib/python3.8/site-packages/airflow/example_dags/example_sensors.py
[2024-10-06T23:04:49.841+0000] {processor.py:839} INFO - DAG(s) dict_keys(['example_sensors']) retrieved from /home/airflow/.local/lib/python3.8/site-packages/airflow/example_dags/example_sensors.py
[2024-10-06T23:04:49.852+0000] {logging_mixin.py:154} INFO - [2024-10-06T23:04:49.852+0000] {dag.py:2941} INFO - Sync 1 DAGs
[2024-10-06T23:04:49.857+0000] {logging_mixin.py:154} INFO - [2024-10-06T23:04:49.857+0000] {dag.py:3722} INFO - Setting next_dagrun for example_sensors to None, run_after=None
[2024-10-06T23:04:49.864+0000] {processor.py:179} INFO - Processing /home/airflow/.local/lib/python3.8/site-packages/airflow/example_dags/example_sensors.py took 0.030 seconds
[2024-10-06T23:05:20.253+0000] {processor.py:157} INFO - Started process (PID=28011) to work on /home/airflow/.local/lib/python3.8/site-packages/airflow/example_dags/example_sensors.py
[2024-10-06T23:05:20.253+0000] {processor.py:829} INFO - Processing file /home/airflow/.local/lib/python3.8/site-packages/airflow/example_dags/example_sensors.py for tasks to queue
[2024-10-06T23:05:20.254+0000] {logging_mixin.py:154} INFO - [2024-10-06T23:05:20.254+0000] {dagbag.py:536} INFO - Filling up the DagBag from /home/airflow/.local/lib/python3.8/site-packages/airflow/example_dags/example_sensors.py
[2024-10-06T23:05:20.259+0000] {processor.py:839} INFO - DAG(s) dict_keys(['example_sensors']) retrieved from /home/airflow/.local/lib/python3.8/site-packages/airflow/example_dags/example_sensors.py
[2024-10-06T23:05:20.270+0000] {logging_mixin.py:154} INFO - [2024-10-06T23:05:20.270+0000] {dag.py:2941} INFO - Sync 1 DAGs
[2024-10-06T23:05:20.275+0000] {logging_mixin.py:154} INFO - [2024-10-06T23:05:20.275+0000] {dag.py:3722} INFO - Setting next_dagrun for example_sensors to None, run_after=None
[2024-10-06T23:05:20.282+0000] {processor.py:179} INFO - Processing /home/airflow/.local/lib/python3.8/site-packages/airflow/example_dags/example_sensors.py took 0.030 seconds
[2024-10-06T23:05:50.660+0000] {processor.py:157} INFO - Started process (PID=28065) to work on /home/airflow/.local/lib/python3.8/site-packages/airflow/example_dags/example_sensors.py
[2024-10-06T23:05:50.660+0000] {processor.py:829} INFO - Processing file /home/airflow/.local/lib/python3.8/site-packages/airflow/example_dags/example_sensors.py for tasks to queue
[2024-10-06T23:05:50.662+0000] {logging_mixin.py:154} INFO - [2024-10-06T23:05:50.661+0000] {dagbag.py:536} INFO - Filling up the DagBag from /home/airflow/.local/lib/python3.8/site-packages/airflow/example_dags/example_sensors.py
[2024-10-06T23:05:50.666+0000] {processor.py:839} INFO - DAG(s) dict_keys(['example_sensors']) retrieved from /home/airflow/.local/lib/python3.8/site-packages/airflow/example_dags/example_sensors.py
[2024-10-06T23:05:50.677+0000] {logging_mixin.py:154} INFO - [2024-10-06T23:05:50.677+0000] {dag.py:2941} INFO - Sync 1 DAGs
[2024-10-06T23:05:50.682+0000] {logging_mixin.py:154} INFO - [2024-10-06T23:05:50.682+0000] {dag.py:3722} INFO - Setting next_dagrun for example_sensors to None, run_after=None
[2024-10-06T23:05:50.689+0000] {processor.py:179} INFO - Processing /home/airflow/.local/lib/python3.8/site-packages/airflow/example_dags/example_sensors.py took 0.030 seconds
[2024-10-06T23:06:21.100+0000] {processor.py:157} INFO - Started process (PID=28119) to work on /home/airflow/.local/lib/python3.8/site-packages/airflow/example_dags/example_sensors.py
[2024-10-06T23:06:21.100+0000] {processor.py:829} INFO - Processing file /home/airflow/.local/lib/python3.8/site-packages/airflow/example_dags/example_sensors.py for tasks to queue
[2024-10-06T23:06:21.101+0000] {logging_mixin.py:154} INFO - [2024-10-06T23:06:21.101+0000] {dagbag.py:536} INFO - Filling up the DagBag from /home/airflow/.local/lib/python3.8/site-packages/airflow/example_dags/example_sensors.py
[2024-10-06T23:06:21.106+0000] {processor.py:839} INFO - DAG(s) dict_keys(['example_sensors']) retrieved from /home/airflow/.local/lib/python3.8/site-packages/airflow/example_dags/example_sensors.py
[2024-10-06T23:06:21.116+0000] {logging_mixin.py:154} INFO - [2024-10-06T23:06:21.116+0000] {dag.py:2941} INFO - Sync 1 DAGs
[2024-10-06T23:06:21.121+0000] {logging_mixin.py:154} INFO - [2024-10-06T23:06:21.121+0000] {dag.py:3722} INFO - Setting next_dagrun for example_sensors to None, run_after=None
[2024-10-06T23:06:21.128+0000] {processor.py:179} INFO - Processing /home/airflow/.local/lib/python3.8/site-packages/airflow/example_dags/example_sensors.py took 0.030 seconds
[2024-10-06T23:06:51.545+0000] {processor.py:157} INFO - Started process (PID=28173) to work on /home/airflow/.local/lib/python3.8/site-packages/airflow/example_dags/example_sensors.py
[2024-10-06T23:06:51.545+0000] {processor.py:829} INFO - Processing file /home/airflow/.local/lib/python3.8/site-packages/airflow/example_dags/example_sensors.py for tasks to queue
[2024-10-06T23:06:51.546+0000] {logging_mixin.py:154} INFO - [2024-10-06T23:06:51.546+0000] {dagbag.py:536} INFO - Filling up the DagBag from /home/airflow/.local/lib/python3.8/site-packages/airflow/example_dags/example_sensors.py
[2024-10-06T23:06:51.551+0000] {processor.py:839} INFO - DAG(s) dict_keys(['example_sensors']) retrieved from /home/airflow/.local/lib/python3.8/site-packages/airflow/example_dags/example_sensors.py
[2024-10-06T23:06:51.561+0000] {logging_mixin.py:154} INFO - [2024-10-06T23:06:51.561+0000] {dag.py:2941} INFO - Sync 1 DAGs
[2024-10-06T23:06:51.566+0000] {logging_mixin.py:154} INFO - [2024-10-06T23:06:51.566+0000] {dag.py:3722} INFO - Setting next_dagrun for example_sensors to None, run_after=None
[2024-10-06T23:06:51.572+0000] {processor.py:179} INFO - Processing /home/airflow/.local/lib/python3.8/site-packages/airflow/example_dags/example_sensors.py took 0.029 seconds
[2024-10-06T23:07:21.950+0000] {processor.py:157} INFO - Started process (PID=28227) to work on /home/airflow/.local/lib/python3.8/site-packages/airflow/example_dags/example_sensors.py
[2024-10-06T23:07:21.951+0000] {processor.py:829} INFO - Processing file /home/airflow/.local/lib/python3.8/site-packages/airflow/example_dags/example_sensors.py for tasks to queue
[2024-10-06T23:07:21.952+0000] {logging_mixin.py:154} INFO - [2024-10-06T23:07:21.952+0000] {dagbag.py:536} INFO - Filling up the DagBag from /home/airflow/.local/lib/python3.8/site-packages/airflow/example_dags/example_sensors.py
[2024-10-06T23:07:21.956+0000] {processor.py:839} INFO - DAG(s) dict_keys(['example_sensors']) retrieved from /home/airflow/.local/lib/python3.8/site-packages/airflow/example_dags/example_sensors.py
[2024-10-06T23:07:21.967+0000] {logging_mixin.py:154} INFO - [2024-10-06T23:07:21.967+0000] {dag.py:2941} INFO - Sync 1 DAGs
[2024-10-06T23:07:21.972+0000] {logging_mixin.py:154} INFO - [2024-10-06T23:07:21.972+0000] {dag.py:3722} INFO - Setting next_dagrun for example_sensors to None, run_after=None
[2024-10-06T23:07:21.979+0000] {processor.py:179} INFO - Processing /home/airflow/.local/lib/python3.8/site-packages/airflow/example_dags/example_sensors.py took 0.030 seconds
[2024-10-06T23:07:52.426+0000] {processor.py:157} INFO - Started process (PID=28281) to work on /home/airflow/.local/lib/python3.8/site-packages/airflow/example_dags/example_sensors.py
[2024-10-06T23:07:52.427+0000] {processor.py:829} INFO - Processing file /home/airflow/.local/lib/python3.8/site-packages/airflow/example_dags/example_sensors.py for tasks to queue
[2024-10-06T23:07:52.428+0000] {logging_mixin.py:154} INFO - [2024-10-06T23:07:52.428+0000] {dagbag.py:536} INFO - Filling up the DagBag from /home/airflow/.local/lib/python3.8/site-packages/airflow/example_dags/example_sensors.py
[2024-10-06T23:07:52.433+0000] {processor.py:839} INFO - DAG(s) dict_keys(['example_sensors']) retrieved from /home/airflow/.local/lib/python3.8/site-packages/airflow/example_dags/example_sensors.py
[2024-10-06T23:07:52.443+0000] {logging_mixin.py:154} INFO - [2024-10-06T23:07:52.443+0000] {dag.py:2941} INFO - Sync 1 DAGs
[2024-10-06T23:07:52.449+0000] {logging_mixin.py:154} INFO - [2024-10-06T23:07:52.449+0000] {dag.py:3722} INFO - Setting next_dagrun for example_sensors to None, run_after=None
[2024-10-06T23:07:52.456+0000] {processor.py:179} INFO - Processing /home/airflow/.local/lib/python3.8/site-packages/airflow/example_dags/example_sensors.py took 0.031 seconds
[2024-10-06T23:08:22.784+0000] {processor.py:157} INFO - Started process (PID=28335) to work on /home/airflow/.local/lib/python3.8/site-packages/airflow/example_dags/example_sensors.py
[2024-10-06T23:08:22.784+0000] {processor.py:829} INFO - Processing file /home/airflow/.local/lib/python3.8/site-packages/airflow/example_dags/example_sensors.py for tasks to queue
[2024-10-06T23:08:22.786+0000] {logging_mixin.py:154} INFO - [2024-10-06T23:08:22.785+0000] {dagbag.py:536} INFO - Filling up the DagBag from /home/airflow/.local/lib/python3.8/site-packages/airflow/example_dags/example_sensors.py
[2024-10-06T23:08:22.790+0000] {processor.py:839} INFO - DAG(s) dict_keys(['example_sensors']) retrieved from /home/airflow/.local/lib/python3.8/site-packages/airflow/example_dags/example_sensors.py
[2024-10-06T23:08:22.801+0000] {logging_mixin.py:154} INFO - [2024-10-06T23:08:22.801+0000] {dag.py:2941} INFO - Sync 1 DAGs
[2024-10-06T23:08:22.806+0000] {logging_mixin.py:154} INFO - [2024-10-06T23:08:22.806+0000] {dag.py:3722} INFO - Setting next_dagrun for example_sensors to None, run_after=None
[2024-10-06T23:08:22.813+0000] {processor.py:179} INFO - Processing /home/airflow/.local/lib/python3.8/site-packages/airflow/example_dags/example_sensors.py took 0.030 seconds
[2024-10-06T23:08:53.224+0000] {processor.py:157} INFO - Started process (PID=28396) to work on /home/airflow/.local/lib/python3.8/site-packages/airflow/example_dags/example_sensors.py
[2024-10-06T23:08:53.225+0000] {processor.py:829} INFO - Processing file /home/airflow/.local/lib/python3.8/site-packages/airflow/example_dags/example_sensors.py for tasks to queue
[2024-10-06T23:08:53.226+0000] {logging_mixin.py:154} INFO - [2024-10-06T23:08:53.226+0000] {dagbag.py:536} INFO - Filling up the DagBag from /home/airflow/.local/lib/python3.8/site-packages/airflow/example_dags/example_sensors.py
[2024-10-06T23:08:53.231+0000] {processor.py:839} INFO - DAG(s) dict_keys(['example_sensors']) retrieved from /home/airflow/.local/lib/python3.8/site-packages/airflow/example_dags/example_sensors.py
[2024-10-06T23:08:53.241+0000] {logging_mixin.py:154} INFO - [2024-10-06T23:08:53.241+0000] {dag.py:2941} INFO - Sync 1 DAGs
[2024-10-06T23:08:53.247+0000] {logging_mixin.py:154} INFO - [2024-10-06T23:08:53.246+0000] {dag.py:3722} INFO - Setting next_dagrun for example_sensors to None, run_after=None
[2024-10-06T23:08:53.253+0000] {processor.py:179} INFO - Processing /home/airflow/.local/lib/python3.8/site-packages/airflow/example_dags/example_sensors.py took 0.030 seconds
[2024-10-06T23:09:23.611+0000] {processor.py:157} INFO - Started process (PID=28450) to work on /home/airflow/.local/lib/python3.8/site-packages/airflow/example_dags/example_sensors.py
[2024-10-06T23:09:23.612+0000] {processor.py:829} INFO - Processing file /home/airflow/.local/lib/python3.8/site-packages/airflow/example_dags/example_sensors.py for tasks to queue
[2024-10-06T23:09:23.613+0000] {logging_mixin.py:154} INFO - [2024-10-06T23:09:23.613+0000] {dagbag.py:536} INFO - Filling up the DagBag from /home/airflow/.local/lib/python3.8/site-packages/airflow/example_dags/example_sensors.py
[2024-10-06T23:09:23.617+0000] {processor.py:839} INFO - DAG(s) dict_keys(['example_sensors']) retrieved from /home/airflow/.local/lib/python3.8/site-packages/airflow/example_dags/example_sensors.py
[2024-10-06T23:09:23.628+0000] {logging_mixin.py:154} INFO - [2024-10-06T23:09:23.628+0000] {dag.py:2941} INFO - Sync 1 DAGs
[2024-10-06T23:09:23.633+0000] {logging_mixin.py:154} INFO - [2024-10-06T23:09:23.633+0000] {dag.py:3722} INFO - Setting next_dagrun for example_sensors to None, run_after=None
[2024-10-06T23:09:23.640+0000] {processor.py:179} INFO - Processing /home/airflow/.local/lib/python3.8/site-packages/airflow/example_dags/example_sensors.py took 0.030 seconds
[2024-10-06T23:09:54.110+0000] {processor.py:157} INFO - Started process (PID=28504) to work on /home/airflow/.local/lib/python3.8/site-packages/airflow/example_dags/example_sensors.py
[2024-10-06T23:09:54.110+0000] {processor.py:829} INFO - Processing file /home/airflow/.local/lib/python3.8/site-packages/airflow/example_dags/example_sensors.py for tasks to queue
[2024-10-06T23:09:54.111+0000] {logging_mixin.py:154} INFO - [2024-10-06T23:09:54.111+0000] {dagbag.py:536} INFO - Filling up the DagBag from /home/airflow/.local/lib/python3.8/site-packages/airflow/example_dags/example_sensors.py
[2024-10-06T23:09:54.116+0000] {processor.py:839} INFO - DAG(s) dict_keys(['example_sensors']) retrieved from /home/airflow/.local/lib/python3.8/site-packages/airflow/example_dags/example_sensors.py
[2024-10-06T23:09:54.127+0000] {logging_mixin.py:154} INFO - [2024-10-06T23:09:54.127+0000] {dag.py:2941} INFO - Sync 1 DAGs
[2024-10-06T23:09:54.133+0000] {logging_mixin.py:154} INFO - [2024-10-06T23:09:54.133+0000] {dag.py:3722} INFO - Setting next_dagrun for example_sensors to None, run_after=None
[2024-10-06T23:09:54.139+0000] {processor.py:179} INFO - Processing /home/airflow/.local/lib/python3.8/site-packages/airflow/example_dags/example_sensors.py took 0.031 seconds
[2024-10-06T23:10:24.542+0000] {processor.py:157} INFO - Started process (PID=28558) to work on /home/airflow/.local/lib/python3.8/site-packages/airflow/example_dags/example_sensors.py
[2024-10-06T23:10:24.543+0000] {processor.py:829} INFO - Processing file /home/airflow/.local/lib/python3.8/site-packages/airflow/example_dags/example_sensors.py for tasks to queue
[2024-10-06T23:10:24.544+0000] {logging_mixin.py:154} INFO - [2024-10-06T23:10:24.544+0000] {dagbag.py:536} INFO - Filling up the DagBag from /home/airflow/.local/lib/python3.8/site-packages/airflow/example_dags/example_sensors.py
[2024-10-06T23:10:24.548+0000] {processor.py:839} INFO - DAG(s) dict_keys(['example_sensors']) retrieved from /home/airflow/.local/lib/python3.8/site-packages/airflow/example_dags/example_sensors.py
[2024-10-06T23:10:24.560+0000] {logging_mixin.py:154} INFO - [2024-10-06T23:10:24.559+0000] {dag.py:2941} INFO - Sync 1 DAGs
[2024-10-06T23:10:24.564+0000] {logging_mixin.py:154} INFO - [2024-10-06T23:10:24.564+0000] {dag.py:3722} INFO - Setting next_dagrun for example_sensors to None, run_after=None
[2024-10-06T23:10:24.572+0000] {processor.py:179} INFO - Processing /home/airflow/.local/lib/python3.8/site-packages/airflow/example_dags/example_sensors.py took 0.031 seconds
[2024-10-06T23:10:54.947+0000] {processor.py:157} INFO - Started process (PID=28612) to work on /home/airflow/.local/lib/python3.8/site-packages/airflow/example_dags/example_sensors.py
[2024-10-06T23:10:54.947+0000] {processor.py:829} INFO - Processing file /home/airflow/.local/lib/python3.8/site-packages/airflow/example_dags/example_sensors.py for tasks to queue
[2024-10-06T23:10:54.948+0000] {logging_mixin.py:154} INFO - [2024-10-06T23:10:54.948+0000] {dagbag.py:536} INFO - Filling up the DagBag from /home/airflow/.local/lib/python3.8/site-packages/airflow/example_dags/example_sensors.py
[2024-10-06T23:10:54.953+0000] {processor.py:839} INFO - DAG(s) dict_keys(['example_sensors']) retrieved from /home/airflow/.local/lib/python3.8/site-packages/airflow/example_dags/example_sensors.py
[2024-10-06T23:10:54.964+0000] {logging_mixin.py:154} INFO - [2024-10-06T23:10:54.964+0000] {dag.py:2941} INFO - Sync 1 DAGs
[2024-10-06T23:10:54.969+0000] {logging_mixin.py:154} INFO - [2024-10-06T23:10:54.969+0000] {dag.py:3722} INFO - Setting next_dagrun for example_sensors to None, run_after=None
[2024-10-06T23:10:54.975+0000] {processor.py:179} INFO - Processing /home/airflow/.local/lib/python3.8/site-packages/airflow/example_dags/example_sensors.py took 0.030 seconds
[2024-10-06T23:11:25.372+0000] {processor.py:157} INFO - Started process (PID=28666) to work on /home/airflow/.local/lib/python3.8/site-packages/airflow/example_dags/example_sensors.py
[2024-10-06T23:11:25.372+0000] {processor.py:829} INFO - Processing file /home/airflow/.local/lib/python3.8/site-packages/airflow/example_dags/example_sensors.py for tasks to queue
[2024-10-06T23:11:25.373+0000] {logging_mixin.py:154} INFO - [2024-10-06T23:11:25.373+0000] {dagbag.py:536} INFO - Filling up the DagBag from /home/airflow/.local/lib/python3.8/site-packages/airflow/example_dags/example_sensors.py
[2024-10-06T23:11:25.378+0000] {processor.py:839} INFO - DAG(s) dict_keys(['example_sensors']) retrieved from /home/airflow/.local/lib/python3.8/site-packages/airflow/example_dags/example_sensors.py
[2024-10-06T23:11:25.389+0000] {logging_mixin.py:154} INFO - [2024-10-06T23:11:25.389+0000] {dag.py:2941} INFO - Sync 1 DAGs
[2024-10-06T23:11:25.394+0000] {logging_mixin.py:154} INFO - [2024-10-06T23:11:25.394+0000] {dag.py:3722} INFO - Setting next_dagrun for example_sensors to None, run_after=None
[2024-10-06T23:11:25.401+0000] {processor.py:179} INFO - Processing /home/airflow/.local/lib/python3.8/site-packages/airflow/example_dags/example_sensors.py took 0.031 seconds
[2024-10-06T23:11:55.814+0000] {processor.py:157} INFO - Started process (PID=28720) to work on /home/airflow/.local/lib/python3.8/site-packages/airflow/example_dags/example_sensors.py
[2024-10-06T23:11:55.814+0000] {processor.py:829} INFO - Processing file /home/airflow/.local/lib/python3.8/site-packages/airflow/example_dags/example_sensors.py for tasks to queue
[2024-10-06T23:11:55.816+0000] {logging_mixin.py:154} INFO - [2024-10-06T23:11:55.816+0000] {dagbag.py:536} INFO - Filling up the DagBag from /home/airflow/.local/lib/python3.8/site-packages/airflow/example_dags/example_sensors.py
[2024-10-06T23:11:55.820+0000] {processor.py:839} INFO - DAG(s) dict_keys(['example_sensors']) retrieved from /home/airflow/.local/lib/python3.8/site-packages/airflow/example_dags/example_sensors.py
[2024-10-06T23:11:55.832+0000] {logging_mixin.py:154} INFO - [2024-10-06T23:11:55.831+0000] {dag.py:2941} INFO - Sync 1 DAGs
[2024-10-06T23:11:55.838+0000] {logging_mixin.py:154} INFO - [2024-10-06T23:11:55.838+0000] {dag.py:3722} INFO - Setting next_dagrun for example_sensors to None, run_after=None
[2024-10-06T23:11:55.845+0000] {processor.py:179} INFO - Processing /home/airflow/.local/lib/python3.8/site-packages/airflow/example_dags/example_sensors.py took 0.033 seconds
[2024-10-06T23:12:26.316+0000] {processor.py:157} INFO - Started process (PID=28774) to work on /home/airflow/.local/lib/python3.8/site-packages/airflow/example_dags/example_sensors.py
[2024-10-06T23:12:26.317+0000] {processor.py:829} INFO - Processing file /home/airflow/.local/lib/python3.8/site-packages/airflow/example_dags/example_sensors.py for tasks to queue
[2024-10-06T23:12:26.318+0000] {logging_mixin.py:154} INFO - [2024-10-06T23:12:26.318+0000] {dagbag.py:536} INFO - Filling up the DagBag from /home/airflow/.local/lib/python3.8/site-packages/airflow/example_dags/example_sensors.py
[2024-10-06T23:12:26.322+0000] {processor.py:839} INFO - DAG(s) dict_keys(['example_sensors']) retrieved from /home/airflow/.local/lib/python3.8/site-packages/airflow/example_dags/example_sensors.py
[2024-10-06T23:12:26.333+0000] {logging_mixin.py:154} INFO - [2024-10-06T23:12:26.333+0000] {dag.py:2941} INFO - Sync 1 DAGs
[2024-10-06T23:12:26.338+0000] {logging_mixin.py:154} INFO - [2024-10-06T23:12:26.338+0000] {dag.py:3722} INFO - Setting next_dagrun for example_sensors to None, run_after=None
[2024-10-06T23:12:26.345+0000] {processor.py:179} INFO - Processing /home/airflow/.local/lib/python3.8/site-packages/airflow/example_dags/example_sensors.py took 0.031 seconds
[2024-10-06T23:12:56.765+0000] {processor.py:157} INFO - Started process (PID=28828) to work on /home/airflow/.local/lib/python3.8/site-packages/airflow/example_dags/example_sensors.py
[2024-10-06T23:12:56.765+0000] {processor.py:829} INFO - Processing file /home/airflow/.local/lib/python3.8/site-packages/airflow/example_dags/example_sensors.py for tasks to queue
[2024-10-06T23:12:56.766+0000] {logging_mixin.py:154} INFO - [2024-10-06T23:12:56.766+0000] {dagbag.py:536} INFO - Filling up the DagBag from /home/airflow/.local/lib/python3.8/site-packages/airflow/example_dags/example_sensors.py
[2024-10-06T23:12:56.771+0000] {processor.py:839} INFO - DAG(s) dict_keys(['example_sensors']) retrieved from /home/airflow/.local/lib/python3.8/site-packages/airflow/example_dags/example_sensors.py
[2024-10-06T23:12:56.781+0000] {logging_mixin.py:154} INFO - [2024-10-06T23:12:56.780+0000] {dag.py:2941} INFO - Sync 1 DAGs
[2024-10-06T23:12:56.785+0000] {logging_mixin.py:154} INFO - [2024-10-06T23:12:56.785+0000] {dag.py:3722} INFO - Setting next_dagrun for example_sensors to None, run_after=None
[2024-10-06T23:12:56.791+0000] {processor.py:179} INFO - Processing /home/airflow/.local/lib/python3.8/site-packages/airflow/example_dags/example_sensors.py took 0.028 seconds
[2024-10-06T23:13:27.236+0000] {processor.py:157} INFO - Started process (PID=28882) to work on /home/airflow/.local/lib/python3.8/site-packages/airflow/example_dags/example_sensors.py
[2024-10-06T23:13:27.236+0000] {processor.py:829} INFO - Processing file /home/airflow/.local/lib/python3.8/site-packages/airflow/example_dags/example_sensors.py for tasks to queue
[2024-10-06T23:13:27.237+0000] {logging_mixin.py:154} INFO - [2024-10-06T23:13:27.237+0000] {dagbag.py:536} INFO - Filling up the DagBag from /home/airflow/.local/lib/python3.8/site-packages/airflow/example_dags/example_sensors.py
[2024-10-06T23:13:27.242+0000] {processor.py:839} INFO - DAG(s) dict_keys(['example_sensors']) retrieved from /home/airflow/.local/lib/python3.8/site-packages/airflow/example_dags/example_sensors.py
[2024-10-06T23:13:27.253+0000] {logging_mixin.py:154} INFO - [2024-10-06T23:13:27.253+0000] {dag.py:2941} INFO - Sync 1 DAGs
[2024-10-06T23:13:27.258+0000] {logging_mixin.py:154} INFO - [2024-10-06T23:13:27.258+0000] {dag.py:3722} INFO - Setting next_dagrun for example_sensors to None, run_after=None
[2024-10-06T23:13:27.265+0000] {processor.py:179} INFO - Processing /home/airflow/.local/lib/python3.8/site-packages/airflow/example_dags/example_sensors.py took 0.030 seconds
[2024-10-06T23:13:57.687+0000] {processor.py:157} INFO - Started process (PID=28936) to work on /home/airflow/.local/lib/python3.8/site-packages/airflow/example_dags/example_sensors.py
[2024-10-06T23:13:57.688+0000] {processor.py:829} INFO - Processing file /home/airflow/.local/lib/python3.8/site-packages/airflow/example_dags/example_sensors.py for tasks to queue
[2024-10-06T23:13:57.689+0000] {logging_mixin.py:154} INFO - [2024-10-06T23:13:57.689+0000] {dagbag.py:536} INFO - Filling up the DagBag from /home/airflow/.local/lib/python3.8/site-packages/airflow/example_dags/example_sensors.py
[2024-10-06T23:13:57.694+0000] {processor.py:839} INFO - DAG(s) dict_keys(['example_sensors']) retrieved from /home/airflow/.local/lib/python3.8/site-packages/airflow/example_dags/example_sensors.py
[2024-10-06T23:13:57.705+0000] {logging_mixin.py:154} INFO - [2024-10-06T23:13:57.705+0000] {dag.py:2941} INFO - Sync 1 DAGs
[2024-10-06T23:13:57.710+0000] {logging_mixin.py:154} INFO - [2024-10-06T23:13:57.710+0000] {dag.py:3722} INFO - Setting next_dagrun for example_sensors to None, run_after=None
[2024-10-06T23:13:57.717+0000] {processor.py:179} INFO - Processing /home/airflow/.local/lib/python3.8/site-packages/airflow/example_dags/example_sensors.py took 0.032 seconds
[2024-10-06T23:14:28.182+0000] {processor.py:157} INFO - Started process (PID=28990) to work on /home/airflow/.local/lib/python3.8/site-packages/airflow/example_dags/example_sensors.py
[2024-10-06T23:14:28.183+0000] {processor.py:829} INFO - Processing file /home/airflow/.local/lib/python3.8/site-packages/airflow/example_dags/example_sensors.py for tasks to queue
[2024-10-06T23:14:28.184+0000] {logging_mixin.py:154} INFO - [2024-10-06T23:14:28.184+0000] {dagbag.py:536} INFO - Filling up the DagBag from /home/airflow/.local/lib/python3.8/site-packages/airflow/example_dags/example_sensors.py
[2024-10-06T23:14:28.188+0000] {processor.py:839} INFO - DAG(s) dict_keys(['example_sensors']) retrieved from /home/airflow/.local/lib/python3.8/site-packages/airflow/example_dags/example_sensors.py
[2024-10-06T23:14:28.199+0000] {logging_mixin.py:154} INFO - [2024-10-06T23:14:28.199+0000] {dag.py:2941} INFO - Sync 1 DAGs
[2024-10-06T23:14:28.204+0000] {logging_mixin.py:154} INFO - [2024-10-06T23:14:28.204+0000] {dag.py:3722} INFO - Setting next_dagrun for example_sensors to None, run_after=None
[2024-10-06T23:14:28.211+0000] {processor.py:179} INFO - Processing /home/airflow/.local/lib/python3.8/site-packages/airflow/example_dags/example_sensors.py took 0.030 seconds
[2024-10-06T23:14:58.639+0000] {processor.py:157} INFO - Started process (PID=29044) to work on /home/airflow/.local/lib/python3.8/site-packages/airflow/example_dags/example_sensors.py
[2024-10-06T23:14:58.640+0000] {processor.py:829} INFO - Processing file /home/airflow/.local/lib/python3.8/site-packages/airflow/example_dags/example_sensors.py for tasks to queue
[2024-10-06T23:14:58.641+0000] {logging_mixin.py:154} INFO - [2024-10-06T23:14:58.641+0000] {dagbag.py:536} INFO - Filling up the DagBag from /home/airflow/.local/lib/python3.8/site-packages/airflow/example_dags/example_sensors.py
[2024-10-06T23:14:58.645+0000] {processor.py:839} INFO - DAG(s) dict_keys(['example_sensors']) retrieved from /home/airflow/.local/lib/python3.8/site-packages/airflow/example_dags/example_sensors.py
[2024-10-06T23:14:58.656+0000] {logging_mixin.py:154} INFO - [2024-10-06T23:14:58.656+0000] {dag.py:2941} INFO - Sync 1 DAGs
[2024-10-06T23:14:58.661+0000] {logging_mixin.py:154} INFO - [2024-10-06T23:14:58.661+0000] {dag.py:3722} INFO - Setting next_dagrun for example_sensors to None, run_after=None
[2024-10-06T23:14:58.668+0000] {processor.py:179} INFO - Processing /home/airflow/.local/lib/python3.8/site-packages/airflow/example_dags/example_sensors.py took 0.030 seconds
[2024-10-06T23:15:29.069+0000] {processor.py:157} INFO - Started process (PID=29098) to work on /home/airflow/.local/lib/python3.8/site-packages/airflow/example_dags/example_sensors.py
[2024-10-06T23:15:29.070+0000] {processor.py:829} INFO - Processing file /home/airflow/.local/lib/python3.8/site-packages/airflow/example_dags/example_sensors.py for tasks to queue
[2024-10-06T23:15:29.071+0000] {logging_mixin.py:154} INFO - [2024-10-06T23:15:29.071+0000] {dagbag.py:536} INFO - Filling up the DagBag from /home/airflow/.local/lib/python3.8/site-packages/airflow/example_dags/example_sensors.py
[2024-10-06T23:15:29.075+0000] {processor.py:839} INFO - DAG(s) dict_keys(['example_sensors']) retrieved from /home/airflow/.local/lib/python3.8/site-packages/airflow/example_dags/example_sensors.py
[2024-10-06T23:15:29.086+0000] {logging_mixin.py:154} INFO - [2024-10-06T23:15:29.086+0000] {dag.py:2941} INFO - Sync 1 DAGs
[2024-10-06T23:15:29.091+0000] {logging_mixin.py:154} INFO - [2024-10-06T23:15:29.091+0000] {dag.py:3722} INFO - Setting next_dagrun for example_sensors to None, run_after=None
[2024-10-06T23:15:29.098+0000] {processor.py:179} INFO - Processing /home/airflow/.local/lib/python3.8/site-packages/airflow/example_dags/example_sensors.py took 0.030 seconds
[2024-10-06T23:54:56.728+0000] {processor.py:157} INFO - Started process (PID=29145) to work on /home/airflow/.local/lib/python3.8/site-packages/airflow/example_dags/example_sensors.py
[2024-10-06T23:54:56.729+0000] {processor.py:829} INFO - Processing file /home/airflow/.local/lib/python3.8/site-packages/airflow/example_dags/example_sensors.py for tasks to queue
[2024-10-06T23:54:56.730+0000] {logging_mixin.py:154} INFO - [2024-10-06T23:54:56.730+0000] {dagbag.py:536} INFO - Filling up the DagBag from /home/airflow/.local/lib/python3.8/site-packages/airflow/example_dags/example_sensors.py
[2024-10-06T23:54:56.739+0000] {processor.py:839} INFO - DAG(s) dict_keys(['example_sensors']) retrieved from /home/airflow/.local/lib/python3.8/site-packages/airflow/example_dags/example_sensors.py
[2024-10-06T23:54:56.753+0000] {logging_mixin.py:154} INFO - [2024-10-06T23:54:56.753+0000] {dag.py:2941} INFO - Sync 1 DAGs
[2024-10-06T23:54:56.759+0000] {logging_mixin.py:154} INFO - [2024-10-06T23:54:56.759+0000] {dag.py:3722} INFO - Setting next_dagrun for example_sensors to None, run_after=None
[2024-10-06T23:54:56.767+0000] {processor.py:179} INFO - Processing /home/airflow/.local/lib/python3.8/site-packages/airflow/example_dags/example_sensors.py took 0.041 seconds
