[2024-10-06T00:48:01.455+0000] {processor.py:157} INFO - Started process (PID=25788) to work on /home/airflow/.local/lib/python3.8/site-packages/airflow/example_dags/tutorial_taskflow_api.py
[2024-10-06T00:48:01.456+0000] {processor.py:829} INFO - Processing file /home/airflow/.local/lib/python3.8/site-packages/airflow/example_dags/tutorial_taskflow_api.py for tasks to queue
[2024-10-06T00:48:01.457+0000] {logging_mixin.py:154} INFO - [2024-10-06T00:48:01.457+0000] {dagbag.py:536} INFO - Filling up the DagBag from /home/airflow/.local/lib/python3.8/site-packages/airflow/example_dags/tutorial_taskflow_api.py
[2024-10-06T00:48:01.460+0000] {processor.py:839} INFO - DAG(s) dict_keys(['tutorial_taskflow_api']) retrieved from /home/airflow/.local/lib/python3.8/site-packages/airflow/example_dags/tutorial_taskflow_api.py
[2024-10-06T00:48:01.469+0000] {logging_mixin.py:154} INFO - [2024-10-06T00:48:01.468+0000] {dag.py:2941} INFO - Sync 1 DAGs
[2024-10-06T00:48:01.474+0000] {logging_mixin.py:154} INFO - [2024-10-06T00:48:01.473+0000] {dag.py:3722} INFO - Setting next_dagrun for tutorial_taskflow_api to None, run_after=None
[2024-10-06T00:48:01.481+0000] {processor.py:179} INFO - Processing /home/airflow/.local/lib/python3.8/site-packages/airflow/example_dags/tutorial_taskflow_api.py took 0.027 seconds
[2024-10-06T00:59:18.432+0000] {processor.py:157} INFO - Started process (PID=25842) to work on /home/airflow/.local/lib/python3.8/site-packages/airflow/example_dags/tutorial_taskflow_api.py
[2024-10-06T00:59:18.432+0000] {processor.py:829} INFO - Processing file /home/airflow/.local/lib/python3.8/site-packages/airflow/example_dags/tutorial_taskflow_api.py for tasks to queue
[2024-10-06T00:59:18.433+0000] {logging_mixin.py:154} INFO - [2024-10-06T00:59:18.433+0000] {dagbag.py:536} INFO - Filling up the DagBag from /home/airflow/.local/lib/python3.8/site-packages/airflow/example_dags/tutorial_taskflow_api.py
[2024-10-06T00:59:18.436+0000] {processor.py:839} INFO - DAG(s) dict_keys(['tutorial_taskflow_api']) retrieved from /home/airflow/.local/lib/python3.8/site-packages/airflow/example_dags/tutorial_taskflow_api.py
[2024-10-06T00:59:18.444+0000] {logging_mixin.py:154} INFO - [2024-10-06T00:59:18.444+0000] {dag.py:2941} INFO - Sync 1 DAGs
[2024-10-06T00:59:18.449+0000] {logging_mixin.py:154} INFO - [2024-10-06T00:59:18.449+0000] {dag.py:3722} INFO - Setting next_dagrun for tutorial_taskflow_api to None, run_after=None
[2024-10-06T00:59:18.456+0000] {processor.py:179} INFO - Processing /home/airflow/.local/lib/python3.8/site-packages/airflow/example_dags/tutorial_taskflow_api.py took 0.025 seconds
[2024-10-06T02:12:19.485+0000] {processor.py:157} INFO - Started process (PID=25896) to work on /home/airflow/.local/lib/python3.8/site-packages/airflow/example_dags/tutorial_taskflow_api.py
[2024-10-06T02:12:19.485+0000] {processor.py:829} INFO - Processing file /home/airflow/.local/lib/python3.8/site-packages/airflow/example_dags/tutorial_taskflow_api.py for tasks to queue
[2024-10-06T02:12:19.486+0000] {logging_mixin.py:154} INFO - [2024-10-06T02:12:19.486+0000] {dagbag.py:536} INFO - Filling up the DagBag from /home/airflow/.local/lib/python3.8/site-packages/airflow/example_dags/tutorial_taskflow_api.py
[2024-10-06T02:12:19.489+0000] {processor.py:839} INFO - DAG(s) dict_keys(['tutorial_taskflow_api']) retrieved from /home/airflow/.local/lib/python3.8/site-packages/airflow/example_dags/tutorial_taskflow_api.py
[2024-10-06T02:12:19.497+0000] {logging_mixin.py:154} INFO - [2024-10-06T02:12:19.497+0000] {dag.py:2941} INFO - Sync 1 DAGs
[2024-10-06T02:12:19.502+0000] {logging_mixin.py:154} INFO - [2024-10-06T02:12:19.502+0000] {dag.py:3722} INFO - Setting next_dagrun for tutorial_taskflow_api to None, run_after=None
[2024-10-06T02:12:19.508+0000] {processor.py:179} INFO - Processing /home/airflow/.local/lib/python3.8/site-packages/airflow/example_dags/tutorial_taskflow_api.py took 0.025 seconds
[2024-10-06T02:48:46.790+0000] {processor.py:157} INFO - Started process (PID=25950) to work on /home/airflow/.local/lib/python3.8/site-packages/airflow/example_dags/tutorial_taskflow_api.py
[2024-10-06T02:48:46.791+0000] {processor.py:829} INFO - Processing file /home/airflow/.local/lib/python3.8/site-packages/airflow/example_dags/tutorial_taskflow_api.py for tasks to queue
[2024-10-06T02:48:46.793+0000] {logging_mixin.py:154} INFO - [2024-10-06T02:48:46.793+0000] {dagbag.py:536} INFO - Filling up the DagBag from /home/airflow/.local/lib/python3.8/site-packages/airflow/example_dags/tutorial_taskflow_api.py
[2024-10-06T02:48:46.798+0000] {processor.py:839} INFO - DAG(s) dict_keys(['tutorial_taskflow_api']) retrieved from /home/airflow/.local/lib/python3.8/site-packages/airflow/example_dags/tutorial_taskflow_api.py
[2024-10-06T02:48:46.811+0000] {logging_mixin.py:154} INFO - [2024-10-06T02:48:46.811+0000] {dag.py:2941} INFO - Sync 1 DAGs
[2024-10-06T02:48:46.818+0000] {logging_mixin.py:154} INFO - [2024-10-06T02:48:46.818+0000] {dag.py:3722} INFO - Setting next_dagrun for tutorial_taskflow_api to None, run_after=None
[2024-10-06T02:48:46.829+0000] {processor.py:179} INFO - Processing /home/airflow/.local/lib/python3.8/site-packages/airflow/example_dags/tutorial_taskflow_api.py took 0.041 seconds
[2024-10-06T03:19:22.286+0000] {processor.py:157} INFO - Started process (PID=26004) to work on /home/airflow/.local/lib/python3.8/site-packages/airflow/example_dags/tutorial_taskflow_api.py
[2024-10-06T03:19:22.286+0000] {processor.py:829} INFO - Processing file /home/airflow/.local/lib/python3.8/site-packages/airflow/example_dags/tutorial_taskflow_api.py for tasks to queue
[2024-10-06T03:19:22.288+0000] {logging_mixin.py:154} INFO - [2024-10-06T03:19:22.288+0000] {dagbag.py:536} INFO - Filling up the DagBag from /home/airflow/.local/lib/python3.8/site-packages/airflow/example_dags/tutorial_taskflow_api.py
[2024-10-06T03:19:22.292+0000] {processor.py:839} INFO - DAG(s) dict_keys(['tutorial_taskflow_api']) retrieved from /home/airflow/.local/lib/python3.8/site-packages/airflow/example_dags/tutorial_taskflow_api.py
[2024-10-06T03:19:22.306+0000] {logging_mixin.py:154} INFO - [2024-10-06T03:19:22.305+0000] {dag.py:2941} INFO - Sync 1 DAGs
[2024-10-06T03:19:22.313+0000] {logging_mixin.py:154} INFO - [2024-10-06T03:19:22.313+0000] {dag.py:3722} INFO - Setting next_dagrun for tutorial_taskflow_api to None, run_after=None
[2024-10-06T03:19:22.323+0000] {processor.py:179} INFO - Processing /home/airflow/.local/lib/python3.8/site-packages/airflow/example_dags/tutorial_taskflow_api.py took 0.040 seconds
[2024-10-06T04:34:55.989+0000] {processor.py:157} INFO - Started process (PID=26058) to work on /home/airflow/.local/lib/python3.8/site-packages/airflow/example_dags/tutorial_taskflow_api.py
[2024-10-06T04:34:55.990+0000] {processor.py:829} INFO - Processing file /home/airflow/.local/lib/python3.8/site-packages/airflow/example_dags/tutorial_taskflow_api.py for tasks to queue
[2024-10-06T04:34:55.992+0000] {logging_mixin.py:154} INFO - [2024-10-06T04:34:55.991+0000] {dagbag.py:536} INFO - Filling up the DagBag from /home/airflow/.local/lib/python3.8/site-packages/airflow/example_dags/tutorial_taskflow_api.py
[2024-10-06T04:34:55.995+0000] {processor.py:839} INFO - DAG(s) dict_keys(['tutorial_taskflow_api']) retrieved from /home/airflow/.local/lib/python3.8/site-packages/airflow/example_dags/tutorial_taskflow_api.py
[2024-10-06T04:34:56.008+0000] {logging_mixin.py:154} INFO - [2024-10-06T04:34:56.008+0000] {dag.py:2941} INFO - Sync 1 DAGs
[2024-10-06T04:34:56.014+0000] {logging_mixin.py:154} INFO - [2024-10-06T04:34:56.014+0000] {dag.py:3722} INFO - Setting next_dagrun for tutorial_taskflow_api to None, run_after=None
[2024-10-06T04:34:56.025+0000] {processor.py:179} INFO - Processing /home/airflow/.local/lib/python3.8/site-packages/airflow/example_dags/tutorial_taskflow_api.py took 0.038 seconds
[2024-10-06T05:54:00.790+0000] {processor.py:157} INFO - Started process (PID=26112) to work on /home/airflow/.local/lib/python3.8/site-packages/airflow/example_dags/tutorial_taskflow_api.py
[2024-10-06T05:54:00.791+0000] {processor.py:829} INFO - Processing file /home/airflow/.local/lib/python3.8/site-packages/airflow/example_dags/tutorial_taskflow_api.py for tasks to queue
[2024-10-06T05:54:00.792+0000] {logging_mixin.py:154} INFO - [2024-10-06T05:54:00.792+0000] {dagbag.py:536} INFO - Filling up the DagBag from /home/airflow/.local/lib/python3.8/site-packages/airflow/example_dags/tutorial_taskflow_api.py
[2024-10-06T05:54:00.795+0000] {processor.py:839} INFO - DAG(s) dict_keys(['tutorial_taskflow_api']) retrieved from /home/airflow/.local/lib/python3.8/site-packages/airflow/example_dags/tutorial_taskflow_api.py
[2024-10-06T05:54:00.804+0000] {logging_mixin.py:154} INFO - [2024-10-06T05:54:00.804+0000] {dag.py:2941} INFO - Sync 1 DAGs
[2024-10-06T05:54:00.809+0000] {logging_mixin.py:154} INFO - [2024-10-06T05:54:00.809+0000] {dag.py:3722} INFO - Setting next_dagrun for tutorial_taskflow_api to None, run_after=None
[2024-10-06T05:54:00.816+0000] {processor.py:179} INFO - Processing /home/airflow/.local/lib/python3.8/site-packages/airflow/example_dags/tutorial_taskflow_api.py took 0.027 seconds
[2024-10-06T06:41:06.594+0000] {processor.py:157} INFO - Started process (PID=26166) to work on /home/airflow/.local/lib/python3.8/site-packages/airflow/example_dags/tutorial_taskflow_api.py
[2024-10-06T06:41:06.595+0000] {processor.py:829} INFO - Processing file /home/airflow/.local/lib/python3.8/site-packages/airflow/example_dags/tutorial_taskflow_api.py for tasks to queue
[2024-10-06T06:41:06.596+0000] {logging_mixin.py:154} INFO - [2024-10-06T06:41:06.596+0000] {dagbag.py:536} INFO - Filling up the DagBag from /home/airflow/.local/lib/python3.8/site-packages/airflow/example_dags/tutorial_taskflow_api.py
[2024-10-06T06:41:06.599+0000] {processor.py:839} INFO - DAG(s) dict_keys(['tutorial_taskflow_api']) retrieved from /home/airflow/.local/lib/python3.8/site-packages/airflow/example_dags/tutorial_taskflow_api.py
[2024-10-06T06:41:06.608+0000] {logging_mixin.py:154} INFO - [2024-10-06T06:41:06.608+0000] {dag.py:2941} INFO - Sync 1 DAGs
[2024-10-06T06:41:06.613+0000] {logging_mixin.py:154} INFO - [2024-10-06T06:41:06.612+0000] {dag.py:3722} INFO - Setting next_dagrun for tutorial_taskflow_api to None, run_after=None
[2024-10-06T06:41:06.619+0000] {processor.py:179} INFO - Processing /home/airflow/.local/lib/python3.8/site-packages/airflow/example_dags/tutorial_taskflow_api.py took 0.026 seconds
[2024-10-06T08:19:29.188+0000] {processor.py:157} INFO - Started process (PID=26220) to work on /home/airflow/.local/lib/python3.8/site-packages/airflow/example_dags/tutorial_taskflow_api.py
[2024-10-06T08:19:29.189+0000] {processor.py:829} INFO - Processing file /home/airflow/.local/lib/python3.8/site-packages/airflow/example_dags/tutorial_taskflow_api.py for tasks to queue
[2024-10-06T08:19:29.191+0000] {logging_mixin.py:154} INFO - [2024-10-06T08:19:29.191+0000] {dagbag.py:536} INFO - Filling up the DagBag from /home/airflow/.local/lib/python3.8/site-packages/airflow/example_dags/tutorial_taskflow_api.py
[2024-10-06T08:19:29.195+0000] {processor.py:839} INFO - DAG(s) dict_keys(['tutorial_taskflow_api']) retrieved from /home/airflow/.local/lib/python3.8/site-packages/airflow/example_dags/tutorial_taskflow_api.py
[2024-10-06T08:19:29.207+0000] {logging_mixin.py:154} INFO - [2024-10-06T08:19:29.206+0000] {dag.py:2941} INFO - Sync 1 DAGs
[2024-10-06T08:19:29.213+0000] {logging_mixin.py:154} INFO - [2024-10-06T08:19:29.213+0000] {dag.py:3722} INFO - Setting next_dagrun for tutorial_taskflow_api to None, run_after=None
[2024-10-06T08:19:29.222+0000] {processor.py:179} INFO - Processing /home/airflow/.local/lib/python3.8/site-packages/airflow/example_dags/tutorial_taskflow_api.py took 0.035 seconds
[2024-10-06T09:31:45.295+0000] {processor.py:157} INFO - Started process (PID=26274) to work on /home/airflow/.local/lib/python3.8/site-packages/airflow/example_dags/tutorial_taskflow_api.py
[2024-10-06T09:31:45.295+0000] {processor.py:829} INFO - Processing file /home/airflow/.local/lib/python3.8/site-packages/airflow/example_dags/tutorial_taskflow_api.py for tasks to queue
[2024-10-06T09:31:45.297+0000] {logging_mixin.py:154} INFO - [2024-10-06T09:31:45.296+0000] {dagbag.py:536} INFO - Filling up the DagBag from /home/airflow/.local/lib/python3.8/site-packages/airflow/example_dags/tutorial_taskflow_api.py
[2024-10-06T09:31:45.299+0000] {processor.py:839} INFO - DAG(s) dict_keys(['tutorial_taskflow_api']) retrieved from /home/airflow/.local/lib/python3.8/site-packages/airflow/example_dags/tutorial_taskflow_api.py
[2024-10-06T09:31:45.309+0000] {logging_mixin.py:154} INFO - [2024-10-06T09:31:45.309+0000] {dag.py:2941} INFO - Sync 1 DAGs
[2024-10-06T09:31:45.314+0000] {logging_mixin.py:154} INFO - [2024-10-06T09:31:45.314+0000] {dag.py:3722} INFO - Setting next_dagrun for tutorial_taskflow_api to None, run_after=None
[2024-10-06T09:31:45.321+0000] {processor.py:179} INFO - Processing /home/airflow/.local/lib/python3.8/site-packages/airflow/example_dags/tutorial_taskflow_api.py took 0.028 seconds
[2024-10-06T10:45:24.957+0000] {processor.py:157} INFO - Started process (PID=26328) to work on /home/airflow/.local/lib/python3.8/site-packages/airflow/example_dags/tutorial_taskflow_api.py
[2024-10-06T10:45:24.958+0000] {processor.py:829} INFO - Processing file /home/airflow/.local/lib/python3.8/site-packages/airflow/example_dags/tutorial_taskflow_api.py for tasks to queue
[2024-10-06T10:45:24.960+0000] {logging_mixin.py:154} INFO - [2024-10-06T10:45:24.959+0000] {dagbag.py:536} INFO - Filling up the DagBag from /home/airflow/.local/lib/python3.8/site-packages/airflow/example_dags/tutorial_taskflow_api.py
[2024-10-06T10:45:24.964+0000] {processor.py:839} INFO - DAG(s) dict_keys(['tutorial_taskflow_api']) retrieved from /home/airflow/.local/lib/python3.8/site-packages/airflow/example_dags/tutorial_taskflow_api.py
[2024-10-06T10:45:24.977+0000] {logging_mixin.py:154} INFO - [2024-10-06T10:45:24.976+0000] {dag.py:2941} INFO - Sync 1 DAGs
[2024-10-06T10:45:24.983+0000] {logging_mixin.py:154} INFO - [2024-10-06T10:45:24.983+0000] {dag.py:3722} INFO - Setting next_dagrun for tutorial_taskflow_api to None, run_after=None
[2024-10-06T10:45:24.994+0000] {processor.py:179} INFO - Processing /home/airflow/.local/lib/python3.8/site-packages/airflow/example_dags/tutorial_taskflow_api.py took 0.038 seconds
[2024-10-06T11:46:25.515+0000] {processor.py:157} INFO - Started process (PID=26382) to work on /home/airflow/.local/lib/python3.8/site-packages/airflow/example_dags/tutorial_taskflow_api.py
[2024-10-06T11:46:25.516+0000] {processor.py:829} INFO - Processing file /home/airflow/.local/lib/python3.8/site-packages/airflow/example_dags/tutorial_taskflow_api.py for tasks to queue
[2024-10-06T11:46:25.521+0000] {logging_mixin.py:154} INFO - [2024-10-06T11:46:25.521+0000] {dagbag.py:536} INFO - Filling up the DagBag from /home/airflow/.local/lib/python3.8/site-packages/airflow/example_dags/tutorial_taskflow_api.py
[2024-10-06T11:46:25.528+0000] {processor.py:839} INFO - DAG(s) dict_keys(['tutorial_taskflow_api']) retrieved from /home/airflow/.local/lib/python3.8/site-packages/airflow/example_dags/tutorial_taskflow_api.py
[2024-10-06T11:46:25.552+0000] {logging_mixin.py:154} INFO - [2024-10-06T11:46:25.551+0000] {dag.py:2941} INFO - Sync 1 DAGs
[2024-10-06T11:46:25.561+0000] {logging_mixin.py:154} INFO - [2024-10-06T11:46:25.561+0000] {dag.py:3722} INFO - Setting next_dagrun for tutorial_taskflow_api to None, run_after=None
[2024-10-06T11:46:25.573+0000] {processor.py:179} INFO - Processing /home/airflow/.local/lib/python3.8/site-packages/airflow/example_dags/tutorial_taskflow_api.py took 0.061 seconds
[2024-10-06T12:33:57.122+0000] {processor.py:157} INFO - Started process (PID=26436) to work on /home/airflow/.local/lib/python3.8/site-packages/airflow/example_dags/tutorial_taskflow_api.py
[2024-10-06T12:33:57.122+0000] {processor.py:829} INFO - Processing file /home/airflow/.local/lib/python3.8/site-packages/airflow/example_dags/tutorial_taskflow_api.py for tasks to queue
[2024-10-06T12:33:57.126+0000] {logging_mixin.py:154} INFO - [2024-10-06T12:33:57.126+0000] {dagbag.py:536} INFO - Filling up the DagBag from /home/airflow/.local/lib/python3.8/site-packages/airflow/example_dags/tutorial_taskflow_api.py
[2024-10-06T12:33:57.134+0000] {processor.py:839} INFO - DAG(s) dict_keys(['tutorial_taskflow_api']) retrieved from /home/airflow/.local/lib/python3.8/site-packages/airflow/example_dags/tutorial_taskflow_api.py
[2024-10-06T12:33:57.148+0000] {logging_mixin.py:154} INFO - [2024-10-06T12:33:57.147+0000] {dag.py:2941} INFO - Sync 1 DAGs
[2024-10-06T12:33:57.155+0000] {logging_mixin.py:154} INFO - [2024-10-06T12:33:57.154+0000] {dag.py:3722} INFO - Setting next_dagrun for tutorial_taskflow_api to None, run_after=None
[2024-10-06T12:33:57.165+0000] {processor.py:179} INFO - Processing /home/airflow/.local/lib/python3.8/site-packages/airflow/example_dags/tutorial_taskflow_api.py took 0.046 seconds
[2024-10-06T13:17:27.691+0000] {processor.py:157} INFO - Started process (PID=26490) to work on /home/airflow/.local/lib/python3.8/site-packages/airflow/example_dags/tutorial_taskflow_api.py
[2024-10-06T13:17:27.692+0000] {processor.py:829} INFO - Processing file /home/airflow/.local/lib/python3.8/site-packages/airflow/example_dags/tutorial_taskflow_api.py for tasks to queue
[2024-10-06T13:17:27.694+0000] {logging_mixin.py:154} INFO - [2024-10-06T13:17:27.693+0000] {dagbag.py:536} INFO - Filling up the DagBag from /home/airflow/.local/lib/python3.8/site-packages/airflow/example_dags/tutorial_taskflow_api.py
[2024-10-06T13:17:27.697+0000] {processor.py:839} INFO - DAG(s) dict_keys(['tutorial_taskflow_api']) retrieved from /home/airflow/.local/lib/python3.8/site-packages/airflow/example_dags/tutorial_taskflow_api.py
[2024-10-06T13:17:27.710+0000] {logging_mixin.py:154} INFO - [2024-10-06T13:17:27.709+0000] {dag.py:2941} INFO - Sync 1 DAGs
[2024-10-06T13:17:27.715+0000] {logging_mixin.py:154} INFO - [2024-10-06T13:17:27.715+0000] {dag.py:3722} INFO - Setting next_dagrun for tutorial_taskflow_api to None, run_after=None
[2024-10-06T13:17:27.723+0000] {processor.py:179} INFO - Processing /home/airflow/.local/lib/python3.8/site-packages/airflow/example_dags/tutorial_taskflow_api.py took 0.034 seconds
[2024-10-06T14:49:26.148+0000] {processor.py:157} INFO - Started process (PID=26544) to work on /home/airflow/.local/lib/python3.8/site-packages/airflow/example_dags/tutorial_taskflow_api.py
[2024-10-06T14:49:26.148+0000] {processor.py:829} INFO - Processing file /home/airflow/.local/lib/python3.8/site-packages/airflow/example_dags/tutorial_taskflow_api.py for tasks to queue
[2024-10-06T14:49:26.151+0000] {logging_mixin.py:154} INFO - [2024-10-06T14:49:26.151+0000] {dagbag.py:536} INFO - Filling up the DagBag from /home/airflow/.local/lib/python3.8/site-packages/airflow/example_dags/tutorial_taskflow_api.py
[2024-10-06T14:49:26.156+0000] {processor.py:839} INFO - DAG(s) dict_keys(['tutorial_taskflow_api']) retrieved from /home/airflow/.local/lib/python3.8/site-packages/airflow/example_dags/tutorial_taskflow_api.py
[2024-10-06T14:49:26.171+0000] {logging_mixin.py:154} INFO - [2024-10-06T14:49:26.171+0000] {dag.py:2941} INFO - Sync 1 DAGs
[2024-10-06T14:49:26.178+0000] {logging_mixin.py:154} INFO - [2024-10-06T14:49:26.178+0000] {dag.py:3722} INFO - Setting next_dagrun for tutorial_taskflow_api to None, run_after=None
[2024-10-06T14:49:26.188+0000] {processor.py:179} INFO - Processing /home/airflow/.local/lib/python3.8/site-packages/airflow/example_dags/tutorial_taskflow_api.py took 0.043 seconds
[2024-10-06T15:50:30.314+0000] {processor.py:157} INFO - Started process (PID=26598) to work on /home/airflow/.local/lib/python3.8/site-packages/airflow/example_dags/tutorial_taskflow_api.py
[2024-10-06T15:50:30.314+0000] {processor.py:829} INFO - Processing file /home/airflow/.local/lib/python3.8/site-packages/airflow/example_dags/tutorial_taskflow_api.py for tasks to queue
[2024-10-06T15:50:30.316+0000] {logging_mixin.py:154} INFO - [2024-10-06T15:50:30.316+0000] {dagbag.py:536} INFO - Filling up the DagBag from /home/airflow/.local/lib/python3.8/site-packages/airflow/example_dags/tutorial_taskflow_api.py
[2024-10-06T15:50:30.319+0000] {processor.py:839} INFO - DAG(s) dict_keys(['tutorial_taskflow_api']) retrieved from /home/airflow/.local/lib/python3.8/site-packages/airflow/example_dags/tutorial_taskflow_api.py
[2024-10-06T15:50:30.330+0000] {logging_mixin.py:154} INFO - [2024-10-06T15:50:30.330+0000] {dag.py:2941} INFO - Sync 1 DAGs
[2024-10-06T15:50:30.336+0000] {logging_mixin.py:154} INFO - [2024-10-06T15:50:30.336+0000] {dag.py:3722} INFO - Setting next_dagrun for tutorial_taskflow_api to None, run_after=None
[2024-10-06T15:50:30.345+0000] {processor.py:179} INFO - Processing /home/airflow/.local/lib/python3.8/site-packages/airflow/example_dags/tutorial_taskflow_api.py took 0.033 seconds
[2024-10-06T16:11:23.384+0000] {processor.py:157} INFO - Started process (PID=26652) to work on /home/airflow/.local/lib/python3.8/site-packages/airflow/example_dags/tutorial_taskflow_api.py
[2024-10-06T16:11:23.385+0000] {processor.py:829} INFO - Processing file /home/airflow/.local/lib/python3.8/site-packages/airflow/example_dags/tutorial_taskflow_api.py for tasks to queue
[2024-10-06T16:11:23.388+0000] {logging_mixin.py:154} INFO - [2024-10-06T16:11:23.387+0000] {dagbag.py:536} INFO - Filling up the DagBag from /home/airflow/.local/lib/python3.8/site-packages/airflow/example_dags/tutorial_taskflow_api.py
[2024-10-06T16:11:23.392+0000] {processor.py:839} INFO - DAG(s) dict_keys(['tutorial_taskflow_api']) retrieved from /home/airflow/.local/lib/python3.8/site-packages/airflow/example_dags/tutorial_taskflow_api.py
[2024-10-06T16:11:23.410+0000] {logging_mixin.py:154} INFO - [2024-10-06T16:11:23.410+0000] {dag.py:2941} INFO - Sync 1 DAGs
[2024-10-06T16:11:23.417+0000] {logging_mixin.py:154} INFO - [2024-10-06T16:11:23.417+0000] {dag.py:3722} INFO - Setting next_dagrun for tutorial_taskflow_api to None, run_after=None
[2024-10-06T16:11:23.432+0000] {processor.py:179} INFO - Processing /home/airflow/.local/lib/python3.8/site-packages/airflow/example_dags/tutorial_taskflow_api.py took 0.050 seconds
[2024-10-06T16:17:00.321+0000] {processor.py:157} INFO - Started process (PID=26706) to work on /home/airflow/.local/lib/python3.8/site-packages/airflow/example_dags/tutorial_taskflow_api.py
[2024-10-06T16:17:00.322+0000] {processor.py:829} INFO - Processing file /home/airflow/.local/lib/python3.8/site-packages/airflow/example_dags/tutorial_taskflow_api.py for tasks to queue
[2024-10-06T16:17:00.324+0000] {logging_mixin.py:154} INFO - [2024-10-06T16:17:00.324+0000] {dagbag.py:536} INFO - Filling up the DagBag from /home/airflow/.local/lib/python3.8/site-packages/airflow/example_dags/tutorial_taskflow_api.py
[2024-10-06T16:17:00.328+0000] {processor.py:839} INFO - DAG(s) dict_keys(['tutorial_taskflow_api']) retrieved from /home/airflow/.local/lib/python3.8/site-packages/airflow/example_dags/tutorial_taskflow_api.py
[2024-10-06T16:17:00.341+0000] {logging_mixin.py:154} INFO - [2024-10-06T16:17:00.341+0000] {dag.py:2941} INFO - Sync 1 DAGs
[2024-10-06T16:17:00.348+0000] {logging_mixin.py:154} INFO - [2024-10-06T16:17:00.348+0000] {dag.py:3722} INFO - Setting next_dagrun for tutorial_taskflow_api to None, run_after=None
[2024-10-06T16:17:00.360+0000] {processor.py:179} INFO - Processing /home/airflow/.local/lib/python3.8/site-packages/airflow/example_dags/tutorial_taskflow_api.py took 0.040 seconds
[2024-10-06T17:25:37.221+0000] {processor.py:157} INFO - Started process (PID=26760) to work on /home/airflow/.local/lib/python3.8/site-packages/airflow/example_dags/tutorial_taskflow_api.py
[2024-10-06T17:25:37.222+0000] {processor.py:829} INFO - Processing file /home/airflow/.local/lib/python3.8/site-packages/airflow/example_dags/tutorial_taskflow_api.py for tasks to queue
[2024-10-06T17:25:37.224+0000] {logging_mixin.py:154} INFO - [2024-10-06T17:25:37.224+0000] {dagbag.py:536} INFO - Filling up the DagBag from /home/airflow/.local/lib/python3.8/site-packages/airflow/example_dags/tutorial_taskflow_api.py
[2024-10-06T17:25:37.228+0000] {processor.py:839} INFO - DAG(s) dict_keys(['tutorial_taskflow_api']) retrieved from /home/airflow/.local/lib/python3.8/site-packages/airflow/example_dags/tutorial_taskflow_api.py
[2024-10-06T17:25:37.240+0000] {logging_mixin.py:154} INFO - [2024-10-06T17:25:37.239+0000] {dag.py:2941} INFO - Sync 1 DAGs
[2024-10-06T17:25:37.247+0000] {logging_mixin.py:154} INFO - [2024-10-06T17:25:37.247+0000] {dag.py:3722} INFO - Setting next_dagrun for tutorial_taskflow_api to None, run_after=None
[2024-10-06T17:25:37.257+0000] {processor.py:179} INFO - Processing /home/airflow/.local/lib/python3.8/site-packages/airflow/example_dags/tutorial_taskflow_api.py took 0.037 seconds
[2024-10-06T17:48:09.616+0000] {processor.py:157} INFO - Started process (PID=26814) to work on /home/airflow/.local/lib/python3.8/site-packages/airflow/example_dags/tutorial_taskflow_api.py
[2024-10-06T17:48:09.617+0000] {processor.py:829} INFO - Processing file /home/airflow/.local/lib/python3.8/site-packages/airflow/example_dags/tutorial_taskflow_api.py for tasks to queue
[2024-10-06T17:48:09.619+0000] {logging_mixin.py:154} INFO - [2024-10-06T17:48:09.619+0000] {dagbag.py:536} INFO - Filling up the DagBag from /home/airflow/.local/lib/python3.8/site-packages/airflow/example_dags/tutorial_taskflow_api.py
[2024-10-06T17:48:09.623+0000] {processor.py:839} INFO - DAG(s) dict_keys(['tutorial_taskflow_api']) retrieved from /home/airflow/.local/lib/python3.8/site-packages/airflow/example_dags/tutorial_taskflow_api.py
[2024-10-06T17:48:09.636+0000] {logging_mixin.py:154} INFO - [2024-10-06T17:48:09.636+0000] {dag.py:2941} INFO - Sync 1 DAGs
[2024-10-06T17:48:09.644+0000] {logging_mixin.py:154} INFO - [2024-10-06T17:48:09.643+0000] {dag.py:3722} INFO - Setting next_dagrun for tutorial_taskflow_api to None, run_after=None
[2024-10-06T17:48:09.654+0000] {processor.py:179} INFO - Processing /home/airflow/.local/lib/python3.8/site-packages/airflow/example_dags/tutorial_taskflow_api.py took 0.040 seconds
[2024-10-06T18:17:57.951+0000] {processor.py:157} INFO - Started process (PID=26868) to work on /home/airflow/.local/lib/python3.8/site-packages/airflow/example_dags/tutorial_taskflow_api.py
[2024-10-06T18:17:57.952+0000] {processor.py:829} INFO - Processing file /home/airflow/.local/lib/python3.8/site-packages/airflow/example_dags/tutorial_taskflow_api.py for tasks to queue
[2024-10-06T18:17:57.953+0000] {logging_mixin.py:154} INFO - [2024-10-06T18:17:57.953+0000] {dagbag.py:536} INFO - Filling up the DagBag from /home/airflow/.local/lib/python3.8/site-packages/airflow/example_dags/tutorial_taskflow_api.py
[2024-10-06T18:17:57.956+0000] {processor.py:839} INFO - DAG(s) dict_keys(['tutorial_taskflow_api']) retrieved from /home/airflow/.local/lib/python3.8/site-packages/airflow/example_dags/tutorial_taskflow_api.py
[2024-10-06T18:17:57.965+0000] {logging_mixin.py:154} INFO - [2024-10-06T18:17:57.965+0000] {dag.py:2941} INFO - Sync 1 DAGs
[2024-10-06T18:17:57.970+0000] {logging_mixin.py:154} INFO - [2024-10-06T18:17:57.970+0000] {dag.py:3722} INFO - Setting next_dagrun for tutorial_taskflow_api to None, run_after=None
[2024-10-06T18:17:57.977+0000] {processor.py:179} INFO - Processing /home/airflow/.local/lib/python3.8/site-packages/airflow/example_dags/tutorial_taskflow_api.py took 0.027 seconds
[2024-10-06T19:43:22.503+0000] {processor.py:157} INFO - Started process (PID=26922) to work on /home/airflow/.local/lib/python3.8/site-packages/airflow/example_dags/tutorial_taskflow_api.py
[2024-10-06T19:43:22.504+0000] {processor.py:829} INFO - Processing file /home/airflow/.local/lib/python3.8/site-packages/airflow/example_dags/tutorial_taskflow_api.py for tasks to queue
[2024-10-06T19:43:22.506+0000] {logging_mixin.py:154} INFO - [2024-10-06T19:43:22.506+0000] {dagbag.py:536} INFO - Filling up the DagBag from /home/airflow/.local/lib/python3.8/site-packages/airflow/example_dags/tutorial_taskflow_api.py
[2024-10-06T19:43:22.509+0000] {processor.py:839} INFO - DAG(s) dict_keys(['tutorial_taskflow_api']) retrieved from /home/airflow/.local/lib/python3.8/site-packages/airflow/example_dags/tutorial_taskflow_api.py
[2024-10-06T19:43:22.523+0000] {logging_mixin.py:154} INFO - [2024-10-06T19:43:22.523+0000] {dag.py:2941} INFO - Sync 1 DAGs
[2024-10-06T19:43:22.529+0000] {logging_mixin.py:154} INFO - [2024-10-06T19:43:22.529+0000] {dag.py:3722} INFO - Setting next_dagrun for tutorial_taskflow_api to None, run_after=None
[2024-10-06T19:43:22.539+0000] {processor.py:179} INFO - Processing /home/airflow/.local/lib/python3.8/site-packages/airflow/example_dags/tutorial_taskflow_api.py took 0.038 seconds
[2024-10-06T20:31:09.667+0000] {processor.py:157} INFO - Started process (PID=26976) to work on /home/airflow/.local/lib/python3.8/site-packages/airflow/example_dags/tutorial_taskflow_api.py
[2024-10-06T20:31:09.668+0000] {processor.py:829} INFO - Processing file /home/airflow/.local/lib/python3.8/site-packages/airflow/example_dags/tutorial_taskflow_api.py for tasks to queue
[2024-10-06T20:31:09.669+0000] {logging_mixin.py:154} INFO - [2024-10-06T20:31:09.669+0000] {dagbag.py:536} INFO - Filling up the DagBag from /home/airflow/.local/lib/python3.8/site-packages/airflow/example_dags/tutorial_taskflow_api.py
[2024-10-06T20:31:09.672+0000] {processor.py:839} INFO - DAG(s) dict_keys(['tutorial_taskflow_api']) retrieved from /home/airflow/.local/lib/python3.8/site-packages/airflow/example_dags/tutorial_taskflow_api.py
[2024-10-06T20:31:09.681+0000] {logging_mixin.py:154} INFO - [2024-10-06T20:31:09.681+0000] {dag.py:2941} INFO - Sync 1 DAGs
[2024-10-06T20:31:09.686+0000] {logging_mixin.py:154} INFO - [2024-10-06T20:31:09.686+0000] {dag.py:3722} INFO - Setting next_dagrun for tutorial_taskflow_api to None, run_after=None
[2024-10-06T20:31:09.694+0000] {processor.py:179} INFO - Processing /home/airflow/.local/lib/python3.8/site-packages/airflow/example_dags/tutorial_taskflow_api.py took 0.028 seconds
[2024-10-06T20:40:14.558+0000] {processor.py:157} INFO - Started process (PID=27030) to work on /home/airflow/.local/lib/python3.8/site-packages/airflow/example_dags/tutorial_taskflow_api.py
[2024-10-06T20:40:14.558+0000] {processor.py:829} INFO - Processing file /home/airflow/.local/lib/python3.8/site-packages/airflow/example_dags/tutorial_taskflow_api.py for tasks to queue
[2024-10-06T20:40:14.560+0000] {logging_mixin.py:154} INFO - [2024-10-06T20:40:14.559+0000] {dagbag.py:536} INFO - Filling up the DagBag from /home/airflow/.local/lib/python3.8/site-packages/airflow/example_dags/tutorial_taskflow_api.py
[2024-10-06T20:40:14.563+0000] {processor.py:839} INFO - DAG(s) dict_keys(['tutorial_taskflow_api']) retrieved from /home/airflow/.local/lib/python3.8/site-packages/airflow/example_dags/tutorial_taskflow_api.py
[2024-10-06T20:40:14.571+0000] {logging_mixin.py:154} INFO - [2024-10-06T20:40:14.570+0000] {dag.py:2941} INFO - Sync 1 DAGs
[2024-10-06T20:40:14.575+0000] {logging_mixin.py:154} INFO - [2024-10-06T20:40:14.575+0000] {dag.py:3722} INFO - Setting next_dagrun for tutorial_taskflow_api to None, run_after=None
[2024-10-06T20:40:14.582+0000] {processor.py:179} INFO - Processing /home/airflow/.local/lib/python3.8/site-packages/airflow/example_dags/tutorial_taskflow_api.py took 0.025 seconds
[2024-10-06T20:43:24.923+0000] {processor.py:157} INFO - Started process (PID=27084) to work on /home/airflow/.local/lib/python3.8/site-packages/airflow/example_dags/tutorial_taskflow_api.py
[2024-10-06T20:43:24.923+0000] {processor.py:829} INFO - Processing file /home/airflow/.local/lib/python3.8/site-packages/airflow/example_dags/tutorial_taskflow_api.py for tasks to queue
[2024-10-06T20:43:24.924+0000] {logging_mixin.py:154} INFO - [2024-10-06T20:43:24.924+0000] {dagbag.py:536} INFO - Filling up the DagBag from /home/airflow/.local/lib/python3.8/site-packages/airflow/example_dags/tutorial_taskflow_api.py
[2024-10-06T20:43:24.927+0000] {processor.py:839} INFO - DAG(s) dict_keys(['tutorial_taskflow_api']) retrieved from /home/airflow/.local/lib/python3.8/site-packages/airflow/example_dags/tutorial_taskflow_api.py
[2024-10-06T20:43:24.935+0000] {logging_mixin.py:154} INFO - [2024-10-06T20:43:24.935+0000] {dag.py:2941} INFO - Sync 1 DAGs
[2024-10-06T20:43:24.940+0000] {logging_mixin.py:154} INFO - [2024-10-06T20:43:24.940+0000] {dag.py:3722} INFO - Setting next_dagrun for tutorial_taskflow_api to None, run_after=None
[2024-10-06T20:43:24.946+0000] {processor.py:179} INFO - Processing /home/airflow/.local/lib/python3.8/site-packages/airflow/example_dags/tutorial_taskflow_api.py took 0.025 seconds
[2024-10-06T21:12:03.159+0000] {processor.py:157} INFO - Started process (PID=27138) to work on /home/airflow/.local/lib/python3.8/site-packages/airflow/example_dags/tutorial_taskflow_api.py
[2024-10-06T21:12:03.160+0000] {processor.py:829} INFO - Processing file /home/airflow/.local/lib/python3.8/site-packages/airflow/example_dags/tutorial_taskflow_api.py for tasks to queue
[2024-10-06T21:12:03.162+0000] {logging_mixin.py:154} INFO - [2024-10-06T21:12:03.162+0000] {dagbag.py:536} INFO - Filling up the DagBag from /home/airflow/.local/lib/python3.8/site-packages/airflow/example_dags/tutorial_taskflow_api.py
[2024-10-06T21:12:03.166+0000] {processor.py:839} INFO - DAG(s) dict_keys(['tutorial_taskflow_api']) retrieved from /home/airflow/.local/lib/python3.8/site-packages/airflow/example_dags/tutorial_taskflow_api.py
[2024-10-06T21:12:03.178+0000] {logging_mixin.py:154} INFO - [2024-10-06T21:12:03.178+0000] {dag.py:2941} INFO - Sync 1 DAGs
[2024-10-06T21:12:03.185+0000] {logging_mixin.py:154} INFO - [2024-10-06T21:12:03.185+0000] {dag.py:3722} INFO - Setting next_dagrun for tutorial_taskflow_api to None, run_after=None
[2024-10-06T21:12:03.196+0000] {processor.py:179} INFO - Processing /home/airflow/.local/lib/python3.8/site-packages/airflow/example_dags/tutorial_taskflow_api.py took 0.039 seconds
[2024-10-06T21:13:25.976+0000] {processor.py:157} INFO - Started process (PID=27192) to work on /home/airflow/.local/lib/python3.8/site-packages/airflow/example_dags/tutorial_taskflow_api.py
[2024-10-06T21:13:25.977+0000] {processor.py:829} INFO - Processing file /home/airflow/.local/lib/python3.8/site-packages/airflow/example_dags/tutorial_taskflow_api.py for tasks to queue
[2024-10-06T21:13:25.978+0000] {logging_mixin.py:154} INFO - [2024-10-06T21:13:25.978+0000] {dagbag.py:536} INFO - Filling up the DagBag from /home/airflow/.local/lib/python3.8/site-packages/airflow/example_dags/tutorial_taskflow_api.py
[2024-10-06T21:13:25.980+0000] {processor.py:839} INFO - DAG(s) dict_keys(['tutorial_taskflow_api']) retrieved from /home/airflow/.local/lib/python3.8/site-packages/airflow/example_dags/tutorial_taskflow_api.py
[2024-10-06T21:13:25.988+0000] {logging_mixin.py:154} INFO - [2024-10-06T21:13:25.988+0000] {dag.py:2941} INFO - Sync 1 DAGs
[2024-10-06T21:13:25.993+0000] {logging_mixin.py:154} INFO - [2024-10-06T21:13:25.992+0000] {dag.py:3722} INFO - Setting next_dagrun for tutorial_taskflow_api to None, run_after=None
[2024-10-06T21:13:25.999+0000] {processor.py:179} INFO - Processing /home/airflow/.local/lib/python3.8/site-packages/airflow/example_dags/tutorial_taskflow_api.py took 0.024 seconds
[2024-10-06T21:24:00.117+0000] {processor.py:157} INFO - Started process (PID=27246) to work on /home/airflow/.local/lib/python3.8/site-packages/airflow/example_dags/tutorial_taskflow_api.py
[2024-10-06T21:24:00.118+0000] {processor.py:829} INFO - Processing file /home/airflow/.local/lib/python3.8/site-packages/airflow/example_dags/tutorial_taskflow_api.py for tasks to queue
[2024-10-06T21:24:00.119+0000] {logging_mixin.py:154} INFO - [2024-10-06T21:24:00.119+0000] {dagbag.py:536} INFO - Filling up the DagBag from /home/airflow/.local/lib/python3.8/site-packages/airflow/example_dags/tutorial_taskflow_api.py
[2024-10-06T21:24:00.122+0000] {processor.py:839} INFO - DAG(s) dict_keys(['tutorial_taskflow_api']) retrieved from /home/airflow/.local/lib/python3.8/site-packages/airflow/example_dags/tutorial_taskflow_api.py
[2024-10-06T21:24:00.131+0000] {logging_mixin.py:154} INFO - [2024-10-06T21:24:00.130+0000] {dag.py:2941} INFO - Sync 1 DAGs
[2024-10-06T21:24:00.135+0000] {logging_mixin.py:154} INFO - [2024-10-06T21:24:00.135+0000] {dag.py:3722} INFO - Setting next_dagrun for tutorial_taskflow_api to None, run_after=None
[2024-10-06T21:24:00.142+0000] {processor.py:179} INFO - Processing /home/airflow/.local/lib/python3.8/site-packages/airflow/example_dags/tutorial_taskflow_api.py took 0.026 seconds
[2024-10-06T22:02:21.814+0000] {processor.py:157} INFO - Started process (PID=27300) to work on /home/airflow/.local/lib/python3.8/site-packages/airflow/example_dags/tutorial_taskflow_api.py
[2024-10-06T22:02:21.815+0000] {processor.py:829} INFO - Processing file /home/airflow/.local/lib/python3.8/site-packages/airflow/example_dags/tutorial_taskflow_api.py for tasks to queue
[2024-10-06T22:02:21.816+0000] {logging_mixin.py:154} INFO - [2024-10-06T22:02:21.816+0000] {dagbag.py:536} INFO - Filling up the DagBag from /home/airflow/.local/lib/python3.8/site-packages/airflow/example_dags/tutorial_taskflow_api.py
[2024-10-06T22:02:21.819+0000] {processor.py:839} INFO - DAG(s) dict_keys(['tutorial_taskflow_api']) retrieved from /home/airflow/.local/lib/python3.8/site-packages/airflow/example_dags/tutorial_taskflow_api.py
[2024-10-06T22:02:21.828+0000] {logging_mixin.py:154} INFO - [2024-10-06T22:02:21.828+0000] {dag.py:2941} INFO - Sync 1 DAGs
[2024-10-06T22:02:21.833+0000] {logging_mixin.py:154} INFO - [2024-10-06T22:02:21.833+0000] {dag.py:3722} INFO - Setting next_dagrun for tutorial_taskflow_api to None, run_after=None
[2024-10-06T22:02:21.840+0000] {processor.py:179} INFO - Processing /home/airflow/.local/lib/python3.8/site-packages/airflow/example_dags/tutorial_taskflow_api.py took 0.027 seconds
[2024-10-06T22:28:54.796+0000] {processor.py:157} INFO - Started process (PID=27354) to work on /home/airflow/.local/lib/python3.8/site-packages/airflow/example_dags/tutorial_taskflow_api.py
[2024-10-06T22:28:54.796+0000] {processor.py:829} INFO - Processing file /home/airflow/.local/lib/python3.8/site-packages/airflow/example_dags/tutorial_taskflow_api.py for tasks to queue
[2024-10-06T22:28:54.798+0000] {logging_mixin.py:154} INFO - [2024-10-06T22:28:54.798+0000] {dagbag.py:536} INFO - Filling up the DagBag from /home/airflow/.local/lib/python3.8/site-packages/airflow/example_dags/tutorial_taskflow_api.py
[2024-10-06T22:28:54.801+0000] {processor.py:839} INFO - DAG(s) dict_keys(['tutorial_taskflow_api']) retrieved from /home/airflow/.local/lib/python3.8/site-packages/airflow/example_dags/tutorial_taskflow_api.py
[2024-10-06T22:28:54.811+0000] {logging_mixin.py:154} INFO - [2024-10-06T22:28:54.811+0000] {dag.py:2941} INFO - Sync 1 DAGs
[2024-10-06T22:28:54.816+0000] {logging_mixin.py:154} INFO - [2024-10-06T22:28:54.816+0000] {dag.py:3722} INFO - Setting next_dagrun for tutorial_taskflow_api to None, run_after=None
[2024-10-06T22:28:54.823+0000] {processor.py:179} INFO - Processing /home/airflow/.local/lib/python3.8/site-packages/airflow/example_dags/tutorial_taskflow_api.py took 0.029 seconds
[2024-10-06T22:59:44.259+0000] {processor.py:157} INFO - Started process (PID=27408) to work on /home/airflow/.local/lib/python3.8/site-packages/airflow/example_dags/tutorial_taskflow_api.py
[2024-10-06T22:59:44.260+0000] {processor.py:829} INFO - Processing file /home/airflow/.local/lib/python3.8/site-packages/airflow/example_dags/tutorial_taskflow_api.py for tasks to queue
[2024-10-06T22:59:44.263+0000] {logging_mixin.py:154} INFO - [2024-10-06T22:59:44.262+0000] {dagbag.py:536} INFO - Filling up the DagBag from /home/airflow/.local/lib/python3.8/site-packages/airflow/example_dags/tutorial_taskflow_api.py
[2024-10-06T22:59:44.268+0000] {processor.py:839} INFO - DAG(s) dict_keys(['tutorial_taskflow_api']) retrieved from /home/airflow/.local/lib/python3.8/site-packages/airflow/example_dags/tutorial_taskflow_api.py
[2024-10-06T22:59:44.284+0000] {logging_mixin.py:154} INFO - [2024-10-06T22:59:44.283+0000] {dag.py:2941} INFO - Sync 1 DAGs
[2024-10-06T22:59:44.294+0000] {logging_mixin.py:154} INFO - [2024-10-06T22:59:44.293+0000] {dag.py:3722} INFO - Setting next_dagrun for tutorial_taskflow_api to None, run_after=None
[2024-10-06T22:59:44.306+0000] {processor.py:179} INFO - Processing /home/airflow/.local/lib/python3.8/site-packages/airflow/example_dags/tutorial_taskflow_api.py took 0.049 seconds
[2024-10-06T23:00:15.227+0000] {processor.py:157} INFO - Started process (PID=27462) to work on /home/airflow/.local/lib/python3.8/site-packages/airflow/example_dags/tutorial_taskflow_api.py
[2024-10-06T23:00:15.237+0000] {processor.py:829} INFO - Processing file /home/airflow/.local/lib/python3.8/site-packages/airflow/example_dags/tutorial_taskflow_api.py for tasks to queue
[2024-10-06T23:00:15.242+0000] {logging_mixin.py:154} INFO - [2024-10-06T23:00:15.241+0000] {dagbag.py:536} INFO - Filling up the DagBag from /home/airflow/.local/lib/python3.8/site-packages/airflow/example_dags/tutorial_taskflow_api.py
[2024-10-06T23:00:15.248+0000] {processor.py:839} INFO - DAG(s) dict_keys(['tutorial_taskflow_api']) retrieved from /home/airflow/.local/lib/python3.8/site-packages/airflow/example_dags/tutorial_taskflow_api.py
[2024-10-06T23:00:15.281+0000] {logging_mixin.py:154} INFO - [2024-10-06T23:00:15.280+0000] {dag.py:2941} INFO - Sync 1 DAGs
[2024-10-06T23:00:15.299+0000] {logging_mixin.py:154} INFO - [2024-10-06T23:00:15.298+0000] {dag.py:3722} INFO - Setting next_dagrun for tutorial_taskflow_api to None, run_after=None
[2024-10-06T23:00:15.312+0000] {processor.py:179} INFO - Processing /home/airflow/.local/lib/python3.8/site-packages/airflow/example_dags/tutorial_taskflow_api.py took 0.126 seconds
[2024-10-06T23:00:45.943+0000] {processor.py:157} INFO - Started process (PID=27516) to work on /home/airflow/.local/lib/python3.8/site-packages/airflow/example_dags/tutorial_taskflow_api.py
[2024-10-06T23:00:45.943+0000] {processor.py:829} INFO - Processing file /home/airflow/.local/lib/python3.8/site-packages/airflow/example_dags/tutorial_taskflow_api.py for tasks to queue
[2024-10-06T23:00:45.945+0000] {logging_mixin.py:154} INFO - [2024-10-06T23:00:45.945+0000] {dagbag.py:536} INFO - Filling up the DagBag from /home/airflow/.local/lib/python3.8/site-packages/airflow/example_dags/tutorial_taskflow_api.py
[2024-10-06T23:00:45.947+0000] {processor.py:839} INFO - DAG(s) dict_keys(['tutorial_taskflow_api']) retrieved from /home/airflow/.local/lib/python3.8/site-packages/airflow/example_dags/tutorial_taskflow_api.py
[2024-10-06T23:00:45.957+0000] {logging_mixin.py:154} INFO - [2024-10-06T23:00:45.957+0000] {dag.py:2941} INFO - Sync 1 DAGs
[2024-10-06T23:00:45.962+0000] {logging_mixin.py:154} INFO - [2024-10-06T23:00:45.962+0000] {dag.py:3722} INFO - Setting next_dagrun for tutorial_taskflow_api to None, run_after=None
[2024-10-06T23:00:45.968+0000] {processor.py:179} INFO - Processing /home/airflow/.local/lib/python3.8/site-packages/airflow/example_dags/tutorial_taskflow_api.py took 0.027 seconds
[2024-10-06T23:01:16.506+0000] {processor.py:157} INFO - Started process (PID=27570) to work on /home/airflow/.local/lib/python3.8/site-packages/airflow/example_dags/tutorial_taskflow_api.py
[2024-10-06T23:01:16.506+0000] {processor.py:829} INFO - Processing file /home/airflow/.local/lib/python3.8/site-packages/airflow/example_dags/tutorial_taskflow_api.py for tasks to queue
[2024-10-06T23:01:16.508+0000] {logging_mixin.py:154} INFO - [2024-10-06T23:01:16.508+0000] {dagbag.py:536} INFO - Filling up the DagBag from /home/airflow/.local/lib/python3.8/site-packages/airflow/example_dags/tutorial_taskflow_api.py
[2024-10-06T23:01:16.510+0000] {processor.py:839} INFO - DAG(s) dict_keys(['tutorial_taskflow_api']) retrieved from /home/airflow/.local/lib/python3.8/site-packages/airflow/example_dags/tutorial_taskflow_api.py
[2024-10-06T23:01:16.519+0000] {logging_mixin.py:154} INFO - [2024-10-06T23:01:16.519+0000] {dag.py:2941} INFO - Sync 1 DAGs
[2024-10-06T23:01:16.524+0000] {logging_mixin.py:154} INFO - [2024-10-06T23:01:16.524+0000] {dag.py:3722} INFO - Setting next_dagrun for tutorial_taskflow_api to None, run_after=None
[2024-10-06T23:01:16.531+0000] {processor.py:179} INFO - Processing /home/airflow/.local/lib/python3.8/site-packages/airflow/example_dags/tutorial_taskflow_api.py took 0.026 seconds
[2024-10-06T23:01:47.006+0000] {processor.py:157} INFO - Started process (PID=27624) to work on /home/airflow/.local/lib/python3.8/site-packages/airflow/example_dags/tutorial_taskflow_api.py
[2024-10-06T23:01:47.006+0000] {processor.py:829} INFO - Processing file /home/airflow/.local/lib/python3.8/site-packages/airflow/example_dags/tutorial_taskflow_api.py for tasks to queue
[2024-10-06T23:01:47.007+0000] {logging_mixin.py:154} INFO - [2024-10-06T23:01:47.007+0000] {dagbag.py:536} INFO - Filling up the DagBag from /home/airflow/.local/lib/python3.8/site-packages/airflow/example_dags/tutorial_taskflow_api.py
[2024-10-06T23:01:47.010+0000] {processor.py:839} INFO - DAG(s) dict_keys(['tutorial_taskflow_api']) retrieved from /home/airflow/.local/lib/python3.8/site-packages/airflow/example_dags/tutorial_taskflow_api.py
[2024-10-06T23:01:47.018+0000] {logging_mixin.py:154} INFO - [2024-10-06T23:01:47.018+0000] {dag.py:2941} INFO - Sync 1 DAGs
[2024-10-06T23:01:47.022+0000] {logging_mixin.py:154} INFO - [2024-10-06T23:01:47.022+0000] {dag.py:3722} INFO - Setting next_dagrun for tutorial_taskflow_api to None, run_after=None
[2024-10-06T23:01:47.029+0000] {processor.py:179} INFO - Processing /home/airflow/.local/lib/python3.8/site-packages/airflow/example_dags/tutorial_taskflow_api.py took 0.025 seconds
[2024-10-06T23:02:17.445+0000] {processor.py:157} INFO - Started process (PID=27678) to work on /home/airflow/.local/lib/python3.8/site-packages/airflow/example_dags/tutorial_taskflow_api.py
[2024-10-06T23:02:17.445+0000] {processor.py:829} INFO - Processing file /home/airflow/.local/lib/python3.8/site-packages/airflow/example_dags/tutorial_taskflow_api.py for tasks to queue
[2024-10-06T23:02:17.446+0000] {logging_mixin.py:154} INFO - [2024-10-06T23:02:17.446+0000] {dagbag.py:536} INFO - Filling up the DagBag from /home/airflow/.local/lib/python3.8/site-packages/airflow/example_dags/tutorial_taskflow_api.py
[2024-10-06T23:02:17.449+0000] {processor.py:839} INFO - DAG(s) dict_keys(['tutorial_taskflow_api']) retrieved from /home/airflow/.local/lib/python3.8/site-packages/airflow/example_dags/tutorial_taskflow_api.py
[2024-10-06T23:02:17.458+0000] {logging_mixin.py:154} INFO - [2024-10-06T23:02:17.458+0000] {dag.py:2941} INFO - Sync 1 DAGs
[2024-10-06T23:02:17.463+0000] {logging_mixin.py:154} INFO - [2024-10-06T23:02:17.463+0000] {dag.py:3722} INFO - Setting next_dagrun for tutorial_taskflow_api to None, run_after=None
[2024-10-06T23:02:17.470+0000] {processor.py:179} INFO - Processing /home/airflow/.local/lib/python3.8/site-packages/airflow/example_dags/tutorial_taskflow_api.py took 0.026 seconds
[2024-10-06T23:02:47.862+0000] {processor.py:157} INFO - Started process (PID=27732) to work on /home/airflow/.local/lib/python3.8/site-packages/airflow/example_dags/tutorial_taskflow_api.py
[2024-10-06T23:02:47.863+0000] {processor.py:829} INFO - Processing file /home/airflow/.local/lib/python3.8/site-packages/airflow/example_dags/tutorial_taskflow_api.py for tasks to queue
[2024-10-06T23:02:47.864+0000] {logging_mixin.py:154} INFO - [2024-10-06T23:02:47.864+0000] {dagbag.py:536} INFO - Filling up the DagBag from /home/airflow/.local/lib/python3.8/site-packages/airflow/example_dags/tutorial_taskflow_api.py
[2024-10-06T23:02:47.867+0000] {processor.py:839} INFO - DAG(s) dict_keys(['tutorial_taskflow_api']) retrieved from /home/airflow/.local/lib/python3.8/site-packages/airflow/example_dags/tutorial_taskflow_api.py
[2024-10-06T23:02:47.877+0000] {logging_mixin.py:154} INFO - [2024-10-06T23:02:47.876+0000] {dag.py:2941} INFO - Sync 1 DAGs
[2024-10-06T23:02:47.882+0000] {logging_mixin.py:154} INFO - [2024-10-06T23:02:47.882+0000] {dag.py:3722} INFO - Setting next_dagrun for tutorial_taskflow_api to None, run_after=None
[2024-10-06T23:02:47.888+0000] {processor.py:179} INFO - Processing /home/airflow/.local/lib/python3.8/site-packages/airflow/example_dags/tutorial_taskflow_api.py took 0.028 seconds
[2024-10-06T23:03:18.266+0000] {processor.py:157} INFO - Started process (PID=27786) to work on /home/airflow/.local/lib/python3.8/site-packages/airflow/example_dags/tutorial_taskflow_api.py
[2024-10-06T23:03:18.266+0000] {processor.py:829} INFO - Processing file /home/airflow/.local/lib/python3.8/site-packages/airflow/example_dags/tutorial_taskflow_api.py for tasks to queue
[2024-10-06T23:03:18.267+0000] {logging_mixin.py:154} INFO - [2024-10-06T23:03:18.267+0000] {dagbag.py:536} INFO - Filling up the DagBag from /home/airflow/.local/lib/python3.8/site-packages/airflow/example_dags/tutorial_taskflow_api.py
[2024-10-06T23:03:18.270+0000] {processor.py:839} INFO - DAG(s) dict_keys(['tutorial_taskflow_api']) retrieved from /home/airflow/.local/lib/python3.8/site-packages/airflow/example_dags/tutorial_taskflow_api.py
[2024-10-06T23:03:18.279+0000] {logging_mixin.py:154} INFO - [2024-10-06T23:03:18.279+0000] {dag.py:2941} INFO - Sync 1 DAGs
[2024-10-06T23:03:18.284+0000] {logging_mixin.py:154} INFO - [2024-10-06T23:03:18.284+0000] {dag.py:3722} INFO - Setting next_dagrun for tutorial_taskflow_api to None, run_after=None
[2024-10-06T23:03:18.291+0000] {processor.py:179} INFO - Processing /home/airflow/.local/lib/python3.8/site-packages/airflow/example_dags/tutorial_taskflow_api.py took 0.027 seconds
[2024-10-06T23:03:48.718+0000] {processor.py:157} INFO - Started process (PID=27840) to work on /home/airflow/.local/lib/python3.8/site-packages/airflow/example_dags/tutorial_taskflow_api.py
[2024-10-06T23:03:48.718+0000] {processor.py:829} INFO - Processing file /home/airflow/.local/lib/python3.8/site-packages/airflow/example_dags/tutorial_taskflow_api.py for tasks to queue
[2024-10-06T23:03:48.720+0000] {logging_mixin.py:154} INFO - [2024-10-06T23:03:48.719+0000] {dagbag.py:536} INFO - Filling up the DagBag from /home/airflow/.local/lib/python3.8/site-packages/airflow/example_dags/tutorial_taskflow_api.py
[2024-10-06T23:03:48.722+0000] {processor.py:839} INFO - DAG(s) dict_keys(['tutorial_taskflow_api']) retrieved from /home/airflow/.local/lib/python3.8/site-packages/airflow/example_dags/tutorial_taskflow_api.py
[2024-10-06T23:03:48.730+0000] {logging_mixin.py:154} INFO - [2024-10-06T23:03:48.730+0000] {dag.py:2941} INFO - Sync 1 DAGs
[2024-10-06T23:03:48.735+0000] {logging_mixin.py:154} INFO - [2024-10-06T23:03:48.735+0000] {dag.py:3722} INFO - Setting next_dagrun for tutorial_taskflow_api to None, run_after=None
[2024-10-06T23:03:48.742+0000] {processor.py:179} INFO - Processing /home/airflow/.local/lib/python3.8/site-packages/airflow/example_dags/tutorial_taskflow_api.py took 0.025 seconds
[2024-10-06T23:04:19.189+0000] {processor.py:157} INFO - Started process (PID=27894) to work on /home/airflow/.local/lib/python3.8/site-packages/airflow/example_dags/tutorial_taskflow_api.py
[2024-10-06T23:04:19.189+0000] {processor.py:829} INFO - Processing file /home/airflow/.local/lib/python3.8/site-packages/airflow/example_dags/tutorial_taskflow_api.py for tasks to queue
[2024-10-06T23:04:19.190+0000] {logging_mixin.py:154} INFO - [2024-10-06T23:04:19.190+0000] {dagbag.py:536} INFO - Filling up the DagBag from /home/airflow/.local/lib/python3.8/site-packages/airflow/example_dags/tutorial_taskflow_api.py
[2024-10-06T23:04:19.193+0000] {processor.py:839} INFO - DAG(s) dict_keys(['tutorial_taskflow_api']) retrieved from /home/airflow/.local/lib/python3.8/site-packages/airflow/example_dags/tutorial_taskflow_api.py
[2024-10-06T23:04:19.202+0000] {logging_mixin.py:154} INFO - [2024-10-06T23:04:19.202+0000] {dag.py:2941} INFO - Sync 1 DAGs
[2024-10-06T23:04:19.207+0000] {logging_mixin.py:154} INFO - [2024-10-06T23:04:19.207+0000] {dag.py:3722} INFO - Setting next_dagrun for tutorial_taskflow_api to None, run_after=None
[2024-10-06T23:04:19.213+0000] {processor.py:179} INFO - Processing /home/airflow/.local/lib/python3.8/site-packages/airflow/example_dags/tutorial_taskflow_api.py took 0.026 seconds
[2024-10-06T23:04:49.610+0000] {processor.py:157} INFO - Started process (PID=27948) to work on /home/airflow/.local/lib/python3.8/site-packages/airflow/example_dags/tutorial_taskflow_api.py
[2024-10-06T23:04:49.610+0000] {processor.py:829} INFO - Processing file /home/airflow/.local/lib/python3.8/site-packages/airflow/example_dags/tutorial_taskflow_api.py for tasks to queue
[2024-10-06T23:04:49.612+0000] {logging_mixin.py:154} INFO - [2024-10-06T23:04:49.612+0000] {dagbag.py:536} INFO - Filling up the DagBag from /home/airflow/.local/lib/python3.8/site-packages/airflow/example_dags/tutorial_taskflow_api.py
[2024-10-06T23:04:49.615+0000] {processor.py:839} INFO - DAG(s) dict_keys(['tutorial_taskflow_api']) retrieved from /home/airflow/.local/lib/python3.8/site-packages/airflow/example_dags/tutorial_taskflow_api.py
[2024-10-06T23:04:49.623+0000] {logging_mixin.py:154} INFO - [2024-10-06T23:04:49.622+0000] {dag.py:2941} INFO - Sync 1 DAGs
[2024-10-06T23:04:49.627+0000] {logging_mixin.py:154} INFO - [2024-10-06T23:04:49.627+0000] {dag.py:3722} INFO - Setting next_dagrun for tutorial_taskflow_api to None, run_after=None
[2024-10-06T23:04:49.634+0000] {processor.py:179} INFO - Processing /home/airflow/.local/lib/python3.8/site-packages/airflow/example_dags/tutorial_taskflow_api.py took 0.025 seconds
[2024-10-06T23:05:20.018+0000] {processor.py:157} INFO - Started process (PID=28002) to work on /home/airflow/.local/lib/python3.8/site-packages/airflow/example_dags/tutorial_taskflow_api.py
[2024-10-06T23:05:20.018+0000] {processor.py:829} INFO - Processing file /home/airflow/.local/lib/python3.8/site-packages/airflow/example_dags/tutorial_taskflow_api.py for tasks to queue
[2024-10-06T23:05:20.020+0000] {logging_mixin.py:154} INFO - [2024-10-06T23:05:20.020+0000] {dagbag.py:536} INFO - Filling up the DagBag from /home/airflow/.local/lib/python3.8/site-packages/airflow/example_dags/tutorial_taskflow_api.py
[2024-10-06T23:05:20.022+0000] {processor.py:839} INFO - DAG(s) dict_keys(['tutorial_taskflow_api']) retrieved from /home/airflow/.local/lib/python3.8/site-packages/airflow/example_dags/tutorial_taskflow_api.py
[2024-10-06T23:05:20.031+0000] {logging_mixin.py:154} INFO - [2024-10-06T23:05:20.030+0000] {dag.py:2941} INFO - Sync 1 DAGs
[2024-10-06T23:05:20.035+0000] {logging_mixin.py:154} INFO - [2024-10-06T23:05:20.035+0000] {dag.py:3722} INFO - Setting next_dagrun for tutorial_taskflow_api to None, run_after=None
[2024-10-06T23:05:20.041+0000] {processor.py:179} INFO - Processing /home/airflow/.local/lib/python3.8/site-packages/airflow/example_dags/tutorial_taskflow_api.py took 0.024 seconds
[2024-10-06T23:05:50.409+0000] {processor.py:157} INFO - Started process (PID=28056) to work on /home/airflow/.local/lib/python3.8/site-packages/airflow/example_dags/tutorial_taskflow_api.py
[2024-10-06T23:05:50.409+0000] {processor.py:829} INFO - Processing file /home/airflow/.local/lib/python3.8/site-packages/airflow/example_dags/tutorial_taskflow_api.py for tasks to queue
[2024-10-06T23:05:50.410+0000] {logging_mixin.py:154} INFO - [2024-10-06T23:05:50.410+0000] {dagbag.py:536} INFO - Filling up the DagBag from /home/airflow/.local/lib/python3.8/site-packages/airflow/example_dags/tutorial_taskflow_api.py
[2024-10-06T23:05:50.413+0000] {processor.py:839} INFO - DAG(s) dict_keys(['tutorial_taskflow_api']) retrieved from /home/airflow/.local/lib/python3.8/site-packages/airflow/example_dags/tutorial_taskflow_api.py
[2024-10-06T23:05:50.421+0000] {logging_mixin.py:154} INFO - [2024-10-06T23:05:50.421+0000] {dag.py:2941} INFO - Sync 1 DAGs
[2024-10-06T23:05:50.425+0000] {logging_mixin.py:154} INFO - [2024-10-06T23:05:50.425+0000] {dag.py:3722} INFO - Setting next_dagrun for tutorial_taskflow_api to None, run_after=None
[2024-10-06T23:05:50.432+0000] {processor.py:179} INFO - Processing /home/airflow/.local/lib/python3.8/site-packages/airflow/example_dags/tutorial_taskflow_api.py took 0.025 seconds
[2024-10-06T23:06:20.883+0000] {processor.py:157} INFO - Started process (PID=28110) to work on /home/airflow/.local/lib/python3.8/site-packages/airflow/example_dags/tutorial_taskflow_api.py
[2024-10-06T23:06:20.883+0000] {processor.py:829} INFO - Processing file /home/airflow/.local/lib/python3.8/site-packages/airflow/example_dags/tutorial_taskflow_api.py for tasks to queue
[2024-10-06T23:06:20.884+0000] {logging_mixin.py:154} INFO - [2024-10-06T23:06:20.884+0000] {dagbag.py:536} INFO - Filling up the DagBag from /home/airflow/.local/lib/python3.8/site-packages/airflow/example_dags/tutorial_taskflow_api.py
[2024-10-06T23:06:20.887+0000] {processor.py:839} INFO - DAG(s) dict_keys(['tutorial_taskflow_api']) retrieved from /home/airflow/.local/lib/python3.8/site-packages/airflow/example_dags/tutorial_taskflow_api.py
[2024-10-06T23:06:20.896+0000] {logging_mixin.py:154} INFO - [2024-10-06T23:06:20.896+0000] {dag.py:2941} INFO - Sync 1 DAGs
[2024-10-06T23:06:20.901+0000] {logging_mixin.py:154} INFO - [2024-10-06T23:06:20.901+0000] {dag.py:3722} INFO - Setting next_dagrun for tutorial_taskflow_api to None, run_after=None
[2024-10-06T23:06:20.907+0000] {processor.py:179} INFO - Processing /home/airflow/.local/lib/python3.8/site-packages/airflow/example_dags/tutorial_taskflow_api.py took 0.026 seconds
[2024-10-06T23:06:51.298+0000] {processor.py:157} INFO - Started process (PID=28164) to work on /home/airflow/.local/lib/python3.8/site-packages/airflow/example_dags/tutorial_taskflow_api.py
[2024-10-06T23:06:51.298+0000] {processor.py:829} INFO - Processing file /home/airflow/.local/lib/python3.8/site-packages/airflow/example_dags/tutorial_taskflow_api.py for tasks to queue
[2024-10-06T23:06:51.299+0000] {logging_mixin.py:154} INFO - [2024-10-06T23:06:51.299+0000] {dagbag.py:536} INFO - Filling up the DagBag from /home/airflow/.local/lib/python3.8/site-packages/airflow/example_dags/tutorial_taskflow_api.py
[2024-10-06T23:06:51.302+0000] {processor.py:839} INFO - DAG(s) dict_keys(['tutorial_taskflow_api']) retrieved from /home/airflow/.local/lib/python3.8/site-packages/airflow/example_dags/tutorial_taskflow_api.py
[2024-10-06T23:06:51.310+0000] {logging_mixin.py:154} INFO - [2024-10-06T23:06:51.309+0000] {dag.py:2941} INFO - Sync 1 DAGs
[2024-10-06T23:06:51.314+0000] {logging_mixin.py:154} INFO - [2024-10-06T23:06:51.314+0000] {dag.py:3722} INFO - Setting next_dagrun for tutorial_taskflow_api to None, run_after=None
[2024-10-06T23:06:51.320+0000] {processor.py:179} INFO - Processing /home/airflow/.local/lib/python3.8/site-packages/airflow/example_dags/tutorial_taskflow_api.py took 0.024 seconds
[2024-10-06T23:07:21.724+0000] {processor.py:157} INFO - Started process (PID=28218) to work on /home/airflow/.local/lib/python3.8/site-packages/airflow/example_dags/tutorial_taskflow_api.py
[2024-10-06T23:07:21.724+0000] {processor.py:829} INFO - Processing file /home/airflow/.local/lib/python3.8/site-packages/airflow/example_dags/tutorial_taskflow_api.py for tasks to queue
[2024-10-06T23:07:21.726+0000] {logging_mixin.py:154} INFO - [2024-10-06T23:07:21.725+0000] {dagbag.py:536} INFO - Filling up the DagBag from /home/airflow/.local/lib/python3.8/site-packages/airflow/example_dags/tutorial_taskflow_api.py
[2024-10-06T23:07:21.728+0000] {processor.py:839} INFO - DAG(s) dict_keys(['tutorial_taskflow_api']) retrieved from /home/airflow/.local/lib/python3.8/site-packages/airflow/example_dags/tutorial_taskflow_api.py
[2024-10-06T23:07:21.736+0000] {logging_mixin.py:154} INFO - [2024-10-06T23:07:21.736+0000] {dag.py:2941} INFO - Sync 1 DAGs
[2024-10-06T23:07:21.740+0000] {logging_mixin.py:154} INFO - [2024-10-06T23:07:21.740+0000] {dag.py:3722} INFO - Setting next_dagrun for tutorial_taskflow_api to None, run_after=None
[2024-10-06T23:07:21.746+0000] {processor.py:179} INFO - Processing /home/airflow/.local/lib/python3.8/site-packages/airflow/example_dags/tutorial_taskflow_api.py took 0.024 seconds
[2024-10-06T23:07:52.209+0000] {processor.py:157} INFO - Started process (PID=28272) to work on /home/airflow/.local/lib/python3.8/site-packages/airflow/example_dags/tutorial_taskflow_api.py
[2024-10-06T23:07:52.209+0000] {processor.py:829} INFO - Processing file /home/airflow/.local/lib/python3.8/site-packages/airflow/example_dags/tutorial_taskflow_api.py for tasks to queue
[2024-10-06T23:07:52.211+0000] {logging_mixin.py:154} INFO - [2024-10-06T23:07:52.211+0000] {dagbag.py:536} INFO - Filling up the DagBag from /home/airflow/.local/lib/python3.8/site-packages/airflow/example_dags/tutorial_taskflow_api.py
[2024-10-06T23:07:52.213+0000] {processor.py:839} INFO - DAG(s) dict_keys(['tutorial_taskflow_api']) retrieved from /home/airflow/.local/lib/python3.8/site-packages/airflow/example_dags/tutorial_taskflow_api.py
[2024-10-06T23:07:52.222+0000] {logging_mixin.py:154} INFO - [2024-10-06T23:07:52.222+0000] {dag.py:2941} INFO - Sync 1 DAGs
[2024-10-06T23:07:52.227+0000] {logging_mixin.py:154} INFO - [2024-10-06T23:07:52.227+0000] {dag.py:3722} INFO - Setting next_dagrun for tutorial_taskflow_api to None, run_after=None
[2024-10-06T23:07:52.234+0000] {processor.py:179} INFO - Processing /home/airflow/.local/lib/python3.8/site-packages/airflow/example_dags/tutorial_taskflow_api.py took 0.026 seconds
[2024-10-06T23:08:22.567+0000] {processor.py:157} INFO - Started process (PID=28326) to work on /home/airflow/.local/lib/python3.8/site-packages/airflow/example_dags/tutorial_taskflow_api.py
[2024-10-06T23:08:22.568+0000] {processor.py:829} INFO - Processing file /home/airflow/.local/lib/python3.8/site-packages/airflow/example_dags/tutorial_taskflow_api.py for tasks to queue
[2024-10-06T23:08:22.569+0000] {logging_mixin.py:154} INFO - [2024-10-06T23:08:22.569+0000] {dagbag.py:536} INFO - Filling up the DagBag from /home/airflow/.local/lib/python3.8/site-packages/airflow/example_dags/tutorial_taskflow_api.py
[2024-10-06T23:08:22.572+0000] {processor.py:839} INFO - DAG(s) dict_keys(['tutorial_taskflow_api']) retrieved from /home/airflow/.local/lib/python3.8/site-packages/airflow/example_dags/tutorial_taskflow_api.py
[2024-10-06T23:08:22.581+0000] {logging_mixin.py:154} INFO - [2024-10-06T23:08:22.580+0000] {dag.py:2941} INFO - Sync 1 DAGs
[2024-10-06T23:08:22.585+0000] {logging_mixin.py:154} INFO - [2024-10-06T23:08:22.585+0000] {dag.py:3722} INFO - Setting next_dagrun for tutorial_taskflow_api to None, run_after=None
[2024-10-06T23:08:22.592+0000] {processor.py:179} INFO - Processing /home/airflow/.local/lib/python3.8/site-packages/airflow/example_dags/tutorial_taskflow_api.py took 0.026 seconds
[2024-10-06T23:08:52.968+0000] {processor.py:157} INFO - Started process (PID=28380) to work on /home/airflow/.local/lib/python3.8/site-packages/airflow/example_dags/tutorial_taskflow_api.py
[2024-10-06T23:08:52.968+0000] {processor.py:829} INFO - Processing file /home/airflow/.local/lib/python3.8/site-packages/airflow/example_dags/tutorial_taskflow_api.py for tasks to queue
[2024-10-06T23:08:52.969+0000] {logging_mixin.py:154} INFO - [2024-10-06T23:08:52.969+0000] {dagbag.py:536} INFO - Filling up the DagBag from /home/airflow/.local/lib/python3.8/site-packages/airflow/example_dags/tutorial_taskflow_api.py
[2024-10-06T23:08:52.972+0000] {processor.py:839} INFO - DAG(s) dict_keys(['tutorial_taskflow_api']) retrieved from /home/airflow/.local/lib/python3.8/site-packages/airflow/example_dags/tutorial_taskflow_api.py
[2024-10-06T23:08:52.982+0000] {logging_mixin.py:154} INFO - [2024-10-06T23:08:52.982+0000] {dag.py:2941} INFO - Sync 1 DAGs
[2024-10-06T23:08:52.987+0000] {logging_mixin.py:154} INFO - [2024-10-06T23:08:52.987+0000] {dag.py:3722} INFO - Setting next_dagrun for tutorial_taskflow_api to None, run_after=None
[2024-10-06T23:08:52.994+0000] {processor.py:179} INFO - Processing /home/airflow/.local/lib/python3.8/site-packages/airflow/example_dags/tutorial_taskflow_api.py took 0.027 seconds
[2024-10-06T23:09:23.396+0000] {processor.py:157} INFO - Started process (PID=28441) to work on /home/airflow/.local/lib/python3.8/site-packages/airflow/example_dags/tutorial_taskflow_api.py
[2024-10-06T23:09:23.397+0000] {processor.py:829} INFO - Processing file /home/airflow/.local/lib/python3.8/site-packages/airflow/example_dags/tutorial_taskflow_api.py for tasks to queue
[2024-10-06T23:09:23.398+0000] {logging_mixin.py:154} INFO - [2024-10-06T23:09:23.398+0000] {dagbag.py:536} INFO - Filling up the DagBag from /home/airflow/.local/lib/python3.8/site-packages/airflow/example_dags/tutorial_taskflow_api.py
[2024-10-06T23:09:23.400+0000] {processor.py:839} INFO - DAG(s) dict_keys(['tutorial_taskflow_api']) retrieved from /home/airflow/.local/lib/python3.8/site-packages/airflow/example_dags/tutorial_taskflow_api.py
[2024-10-06T23:09:23.409+0000] {logging_mixin.py:154} INFO - [2024-10-06T23:09:23.409+0000] {dag.py:2941} INFO - Sync 1 DAGs
[2024-10-06T23:09:23.414+0000] {logging_mixin.py:154} INFO - [2024-10-06T23:09:23.414+0000] {dag.py:3722} INFO - Setting next_dagrun for tutorial_taskflow_api to None, run_after=None
[2024-10-06T23:09:23.421+0000] {processor.py:179} INFO - Processing /home/airflow/.local/lib/python3.8/site-packages/airflow/example_dags/tutorial_taskflow_api.py took 0.026 seconds
[2024-10-06T23:09:53.870+0000] {processor.py:157} INFO - Started process (PID=28495) to work on /home/airflow/.local/lib/python3.8/site-packages/airflow/example_dags/tutorial_taskflow_api.py
[2024-10-06T23:09:53.871+0000] {processor.py:829} INFO - Processing file /home/airflow/.local/lib/python3.8/site-packages/airflow/example_dags/tutorial_taskflow_api.py for tasks to queue
[2024-10-06T23:09:53.872+0000] {logging_mixin.py:154} INFO - [2024-10-06T23:09:53.872+0000] {dagbag.py:536} INFO - Filling up the DagBag from /home/airflow/.local/lib/python3.8/site-packages/airflow/example_dags/tutorial_taskflow_api.py
[2024-10-06T23:09:53.875+0000] {processor.py:839} INFO - DAG(s) dict_keys(['tutorial_taskflow_api']) retrieved from /home/airflow/.local/lib/python3.8/site-packages/airflow/example_dags/tutorial_taskflow_api.py
[2024-10-06T23:09:53.883+0000] {logging_mixin.py:154} INFO - [2024-10-06T23:09:53.883+0000] {dag.py:2941} INFO - Sync 1 DAGs
[2024-10-06T23:09:53.887+0000] {logging_mixin.py:154} INFO - [2024-10-06T23:09:53.887+0000] {dag.py:3722} INFO - Setting next_dagrun for tutorial_taskflow_api to None, run_after=None
[2024-10-06T23:09:53.894+0000] {processor.py:179} INFO - Processing /home/airflow/.local/lib/python3.8/site-packages/airflow/example_dags/tutorial_taskflow_api.py took 0.025 seconds
[2024-10-06T23:10:24.316+0000] {processor.py:157} INFO - Started process (PID=28549) to work on /home/airflow/.local/lib/python3.8/site-packages/airflow/example_dags/tutorial_taskflow_api.py
[2024-10-06T23:10:24.316+0000] {processor.py:829} INFO - Processing file /home/airflow/.local/lib/python3.8/site-packages/airflow/example_dags/tutorial_taskflow_api.py for tasks to queue
[2024-10-06T23:10:24.317+0000] {logging_mixin.py:154} INFO - [2024-10-06T23:10:24.317+0000] {dagbag.py:536} INFO - Filling up the DagBag from /home/airflow/.local/lib/python3.8/site-packages/airflow/example_dags/tutorial_taskflow_api.py
[2024-10-06T23:10:24.320+0000] {processor.py:839} INFO - DAG(s) dict_keys(['tutorial_taskflow_api']) retrieved from /home/airflow/.local/lib/python3.8/site-packages/airflow/example_dags/tutorial_taskflow_api.py
[2024-10-06T23:10:24.328+0000] {logging_mixin.py:154} INFO - [2024-10-06T23:10:24.328+0000] {dag.py:2941} INFO - Sync 1 DAGs
[2024-10-06T23:10:24.332+0000] {logging_mixin.py:154} INFO - [2024-10-06T23:10:24.332+0000] {dag.py:3722} INFO - Setting next_dagrun for tutorial_taskflow_api to None, run_after=None
[2024-10-06T23:10:24.338+0000] {processor.py:179} INFO - Processing /home/airflow/.local/lib/python3.8/site-packages/airflow/example_dags/tutorial_taskflow_api.py took 0.023 seconds
[2024-10-06T23:10:54.720+0000] {processor.py:157} INFO - Started process (PID=28603) to work on /home/airflow/.local/lib/python3.8/site-packages/airflow/example_dags/tutorial_taskflow_api.py
[2024-10-06T23:10:54.721+0000] {processor.py:829} INFO - Processing file /home/airflow/.local/lib/python3.8/site-packages/airflow/example_dags/tutorial_taskflow_api.py for tasks to queue
[2024-10-06T23:10:54.722+0000] {logging_mixin.py:154} INFO - [2024-10-06T23:10:54.722+0000] {dagbag.py:536} INFO - Filling up the DagBag from /home/airflow/.local/lib/python3.8/site-packages/airflow/example_dags/tutorial_taskflow_api.py
[2024-10-06T23:10:54.724+0000] {processor.py:839} INFO - DAG(s) dict_keys(['tutorial_taskflow_api']) retrieved from /home/airflow/.local/lib/python3.8/site-packages/airflow/example_dags/tutorial_taskflow_api.py
[2024-10-06T23:10:54.733+0000] {logging_mixin.py:154} INFO - [2024-10-06T23:10:54.732+0000] {dag.py:2941} INFO - Sync 1 DAGs
[2024-10-06T23:10:54.737+0000] {logging_mixin.py:154} INFO - [2024-10-06T23:10:54.737+0000] {dag.py:3722} INFO - Setting next_dagrun for tutorial_taskflow_api to None, run_after=None
[2024-10-06T23:10:54.743+0000] {processor.py:179} INFO - Processing /home/airflow/.local/lib/python3.8/site-packages/airflow/example_dags/tutorial_taskflow_api.py took 0.024 seconds
[2024-10-06T23:11:25.142+0000] {processor.py:157} INFO - Started process (PID=28657) to work on /home/airflow/.local/lib/python3.8/site-packages/airflow/example_dags/tutorial_taskflow_api.py
[2024-10-06T23:11:25.143+0000] {processor.py:829} INFO - Processing file /home/airflow/.local/lib/python3.8/site-packages/airflow/example_dags/tutorial_taskflow_api.py for tasks to queue
[2024-10-06T23:11:25.144+0000] {logging_mixin.py:154} INFO - [2024-10-06T23:11:25.144+0000] {dagbag.py:536} INFO - Filling up the DagBag from /home/airflow/.local/lib/python3.8/site-packages/airflow/example_dags/tutorial_taskflow_api.py
[2024-10-06T23:11:25.148+0000] {processor.py:839} INFO - DAG(s) dict_keys(['tutorial_taskflow_api']) retrieved from /home/airflow/.local/lib/python3.8/site-packages/airflow/example_dags/tutorial_taskflow_api.py
[2024-10-06T23:11:25.158+0000] {logging_mixin.py:154} INFO - [2024-10-06T23:11:25.158+0000] {dag.py:2941} INFO - Sync 1 DAGs
[2024-10-06T23:11:25.163+0000] {logging_mixin.py:154} INFO - [2024-10-06T23:11:25.163+0000] {dag.py:3722} INFO - Setting next_dagrun for tutorial_taskflow_api to None, run_after=None
[2024-10-06T23:11:25.169+0000] {processor.py:179} INFO - Processing /home/airflow/.local/lib/python3.8/site-packages/airflow/example_dags/tutorial_taskflow_api.py took 0.029 seconds
[2024-10-06T23:11:55.595+0000] {processor.py:157} INFO - Started process (PID=28711) to work on /home/airflow/.local/lib/python3.8/site-packages/airflow/example_dags/tutorial_taskflow_api.py
[2024-10-06T23:11:55.596+0000] {processor.py:829} INFO - Processing file /home/airflow/.local/lib/python3.8/site-packages/airflow/example_dags/tutorial_taskflow_api.py for tasks to queue
[2024-10-06T23:11:55.597+0000] {logging_mixin.py:154} INFO - [2024-10-06T23:11:55.597+0000] {dagbag.py:536} INFO - Filling up the DagBag from /home/airflow/.local/lib/python3.8/site-packages/airflow/example_dags/tutorial_taskflow_api.py
[2024-10-06T23:11:55.600+0000] {processor.py:839} INFO - DAG(s) dict_keys(['tutorial_taskflow_api']) retrieved from /home/airflow/.local/lib/python3.8/site-packages/airflow/example_dags/tutorial_taskflow_api.py
[2024-10-06T23:11:55.610+0000] {logging_mixin.py:154} INFO - [2024-10-06T23:11:55.610+0000] {dag.py:2941} INFO - Sync 1 DAGs
[2024-10-06T23:11:55.615+0000] {logging_mixin.py:154} INFO - [2024-10-06T23:11:55.615+0000] {dag.py:3722} INFO - Setting next_dagrun for tutorial_taskflow_api to None, run_after=None
[2024-10-06T23:11:55.623+0000] {processor.py:179} INFO - Processing /home/airflow/.local/lib/python3.8/site-packages/airflow/example_dags/tutorial_taskflow_api.py took 0.029 seconds
[2024-10-06T23:12:26.094+0000] {processor.py:157} INFO - Started process (PID=28765) to work on /home/airflow/.local/lib/python3.8/site-packages/airflow/example_dags/tutorial_taskflow_api.py
[2024-10-06T23:12:26.094+0000] {processor.py:829} INFO - Processing file /home/airflow/.local/lib/python3.8/site-packages/airflow/example_dags/tutorial_taskflow_api.py for tasks to queue
[2024-10-06T23:12:26.096+0000] {logging_mixin.py:154} INFO - [2024-10-06T23:12:26.096+0000] {dagbag.py:536} INFO - Filling up the DagBag from /home/airflow/.local/lib/python3.8/site-packages/airflow/example_dags/tutorial_taskflow_api.py
[2024-10-06T23:12:26.098+0000] {processor.py:839} INFO - DAG(s) dict_keys(['tutorial_taskflow_api']) retrieved from /home/airflow/.local/lib/python3.8/site-packages/airflow/example_dags/tutorial_taskflow_api.py
[2024-10-06T23:12:26.108+0000] {logging_mixin.py:154} INFO - [2024-10-06T23:12:26.107+0000] {dag.py:2941} INFO - Sync 1 DAGs
[2024-10-06T23:12:26.113+0000] {logging_mixin.py:154} INFO - [2024-10-06T23:12:26.112+0000] {dag.py:3722} INFO - Setting next_dagrun for tutorial_taskflow_api to None, run_after=None
[2024-10-06T23:12:26.119+0000] {processor.py:179} INFO - Processing /home/airflow/.local/lib/python3.8/site-packages/airflow/example_dags/tutorial_taskflow_api.py took 0.027 seconds
[2024-10-06T23:12:56.519+0000] {processor.py:157} INFO - Started process (PID=28819) to work on /home/airflow/.local/lib/python3.8/site-packages/airflow/example_dags/tutorial_taskflow_api.py
[2024-10-06T23:12:56.519+0000] {processor.py:829} INFO - Processing file /home/airflow/.local/lib/python3.8/site-packages/airflow/example_dags/tutorial_taskflow_api.py for tasks to queue
[2024-10-06T23:12:56.521+0000] {logging_mixin.py:154} INFO - [2024-10-06T23:12:56.521+0000] {dagbag.py:536} INFO - Filling up the DagBag from /home/airflow/.local/lib/python3.8/site-packages/airflow/example_dags/tutorial_taskflow_api.py
[2024-10-06T23:12:56.523+0000] {processor.py:839} INFO - DAG(s) dict_keys(['tutorial_taskflow_api']) retrieved from /home/airflow/.local/lib/python3.8/site-packages/airflow/example_dags/tutorial_taskflow_api.py
[2024-10-06T23:12:56.533+0000] {logging_mixin.py:154} INFO - [2024-10-06T23:12:56.532+0000] {dag.py:2941} INFO - Sync 1 DAGs
[2024-10-06T23:12:56.537+0000] {logging_mixin.py:154} INFO - [2024-10-06T23:12:56.537+0000] {dag.py:3722} INFO - Setting next_dagrun for tutorial_taskflow_api to None, run_after=None
[2024-10-06T23:12:56.544+0000] {processor.py:179} INFO - Processing /home/airflow/.local/lib/python3.8/site-packages/airflow/example_dags/tutorial_taskflow_api.py took 0.027 seconds
[2024-10-06T23:13:26.982+0000] {processor.py:157} INFO - Started process (PID=28873) to work on /home/airflow/.local/lib/python3.8/site-packages/airflow/example_dags/tutorial_taskflow_api.py
[2024-10-06T23:13:26.982+0000] {processor.py:829} INFO - Processing file /home/airflow/.local/lib/python3.8/site-packages/airflow/example_dags/tutorial_taskflow_api.py for tasks to queue
[2024-10-06T23:13:26.983+0000] {logging_mixin.py:154} INFO - [2024-10-06T23:13:26.983+0000] {dagbag.py:536} INFO - Filling up the DagBag from /home/airflow/.local/lib/python3.8/site-packages/airflow/example_dags/tutorial_taskflow_api.py
[2024-10-06T23:13:26.986+0000] {processor.py:839} INFO - DAG(s) dict_keys(['tutorial_taskflow_api']) retrieved from /home/airflow/.local/lib/python3.8/site-packages/airflow/example_dags/tutorial_taskflow_api.py
[2024-10-06T23:13:26.994+0000] {logging_mixin.py:154} INFO - [2024-10-06T23:13:26.994+0000] {dag.py:2941} INFO - Sync 1 DAGs
[2024-10-06T23:13:26.999+0000] {logging_mixin.py:154} INFO - [2024-10-06T23:13:26.999+0000] {dag.py:3722} INFO - Setting next_dagrun for tutorial_taskflow_api to None, run_after=None
[2024-10-06T23:13:27.005+0000] {processor.py:179} INFO - Processing /home/airflow/.local/lib/python3.8/site-packages/airflow/example_dags/tutorial_taskflow_api.py took 0.024 seconds
[2024-10-06T23:13:57.421+0000] {processor.py:157} INFO - Started process (PID=28927) to work on /home/airflow/.local/lib/python3.8/site-packages/airflow/example_dags/tutorial_taskflow_api.py
[2024-10-06T23:13:57.421+0000] {processor.py:829} INFO - Processing file /home/airflow/.local/lib/python3.8/site-packages/airflow/example_dags/tutorial_taskflow_api.py for tasks to queue
[2024-10-06T23:13:57.423+0000] {logging_mixin.py:154} INFO - [2024-10-06T23:13:57.422+0000] {dagbag.py:536} INFO - Filling up the DagBag from /home/airflow/.local/lib/python3.8/site-packages/airflow/example_dags/tutorial_taskflow_api.py
[2024-10-06T23:13:57.425+0000] {processor.py:839} INFO - DAG(s) dict_keys(['tutorial_taskflow_api']) retrieved from /home/airflow/.local/lib/python3.8/site-packages/airflow/example_dags/tutorial_taskflow_api.py
[2024-10-06T23:13:57.433+0000] {logging_mixin.py:154} INFO - [2024-10-06T23:13:57.433+0000] {dag.py:2941} INFO - Sync 1 DAGs
[2024-10-06T23:13:57.438+0000] {logging_mixin.py:154} INFO - [2024-10-06T23:13:57.437+0000] {dag.py:3722} INFO - Setting next_dagrun for tutorial_taskflow_api to None, run_after=None
[2024-10-06T23:13:57.443+0000] {processor.py:179} INFO - Processing /home/airflow/.local/lib/python3.8/site-packages/airflow/example_dags/tutorial_taskflow_api.py took 0.024 seconds
[2024-10-06T23:14:27.928+0000] {processor.py:157} INFO - Started process (PID=28981) to work on /home/airflow/.local/lib/python3.8/site-packages/airflow/example_dags/tutorial_taskflow_api.py
[2024-10-06T23:14:27.929+0000] {processor.py:829} INFO - Processing file /home/airflow/.local/lib/python3.8/site-packages/airflow/example_dags/tutorial_taskflow_api.py for tasks to queue
[2024-10-06T23:14:27.930+0000] {logging_mixin.py:154} INFO - [2024-10-06T23:14:27.930+0000] {dagbag.py:536} INFO - Filling up the DagBag from /home/airflow/.local/lib/python3.8/site-packages/airflow/example_dags/tutorial_taskflow_api.py
[2024-10-06T23:14:27.932+0000] {processor.py:839} INFO - DAG(s) dict_keys(['tutorial_taskflow_api']) retrieved from /home/airflow/.local/lib/python3.8/site-packages/airflow/example_dags/tutorial_taskflow_api.py
[2024-10-06T23:14:27.940+0000] {logging_mixin.py:154} INFO - [2024-10-06T23:14:27.940+0000] {dag.py:2941} INFO - Sync 1 DAGs
[2024-10-06T23:14:27.945+0000] {logging_mixin.py:154} INFO - [2024-10-06T23:14:27.945+0000] {dag.py:3722} INFO - Setting next_dagrun for tutorial_taskflow_api to None, run_after=None
[2024-10-06T23:14:27.952+0000] {processor.py:179} INFO - Processing /home/airflow/.local/lib/python3.8/site-packages/airflow/example_dags/tutorial_taskflow_api.py took 0.025 seconds
[2024-10-06T23:14:58.412+0000] {processor.py:157} INFO - Started process (PID=29035) to work on /home/airflow/.local/lib/python3.8/site-packages/airflow/example_dags/tutorial_taskflow_api.py
[2024-10-06T23:14:58.412+0000] {processor.py:829} INFO - Processing file /home/airflow/.local/lib/python3.8/site-packages/airflow/example_dags/tutorial_taskflow_api.py for tasks to queue
[2024-10-06T23:14:58.413+0000] {logging_mixin.py:154} INFO - [2024-10-06T23:14:58.413+0000] {dagbag.py:536} INFO - Filling up the DagBag from /home/airflow/.local/lib/python3.8/site-packages/airflow/example_dags/tutorial_taskflow_api.py
[2024-10-06T23:14:58.416+0000] {processor.py:839} INFO - DAG(s) dict_keys(['tutorial_taskflow_api']) retrieved from /home/airflow/.local/lib/python3.8/site-packages/airflow/example_dags/tutorial_taskflow_api.py
[2024-10-06T23:14:58.425+0000] {logging_mixin.py:154} INFO - [2024-10-06T23:14:58.424+0000] {dag.py:2941} INFO - Sync 1 DAGs
[2024-10-06T23:14:58.429+0000] {logging_mixin.py:154} INFO - [2024-10-06T23:14:58.429+0000] {dag.py:3722} INFO - Setting next_dagrun for tutorial_taskflow_api to None, run_after=None
[2024-10-06T23:14:58.435+0000] {processor.py:179} INFO - Processing /home/airflow/.local/lib/python3.8/site-packages/airflow/example_dags/tutorial_taskflow_api.py took 0.025 seconds
[2024-10-06T23:15:28.795+0000] {processor.py:157} INFO - Started process (PID=29089) to work on /home/airflow/.local/lib/python3.8/site-packages/airflow/example_dags/tutorial_taskflow_api.py
[2024-10-06T23:15:28.795+0000] {processor.py:829} INFO - Processing file /home/airflow/.local/lib/python3.8/site-packages/airflow/example_dags/tutorial_taskflow_api.py for tasks to queue
[2024-10-06T23:15:28.796+0000] {logging_mixin.py:154} INFO - [2024-10-06T23:15:28.796+0000] {dagbag.py:536} INFO - Filling up the DagBag from /home/airflow/.local/lib/python3.8/site-packages/airflow/example_dags/tutorial_taskflow_api.py
[2024-10-06T23:15:28.799+0000] {processor.py:839} INFO - DAG(s) dict_keys(['tutorial_taskflow_api']) retrieved from /home/airflow/.local/lib/python3.8/site-packages/airflow/example_dags/tutorial_taskflow_api.py
[2024-10-06T23:15:28.807+0000] {logging_mixin.py:154} INFO - [2024-10-06T23:15:28.807+0000] {dag.py:2941} INFO - Sync 1 DAGs
[2024-10-06T23:15:28.812+0000] {logging_mixin.py:154} INFO - [2024-10-06T23:15:28.812+0000] {dag.py:3722} INFO - Setting next_dagrun for tutorial_taskflow_api to None, run_after=None
[2024-10-06T23:15:28.818+0000] {processor.py:179} INFO - Processing /home/airflow/.local/lib/python3.8/site-packages/airflow/example_dags/tutorial_taskflow_api.py took 0.024 seconds
[2024-10-06T23:54:56.349+0000] {processor.py:157} INFO - Started process (PID=29136) to work on /home/airflow/.local/lib/python3.8/site-packages/airflow/example_dags/tutorial_taskflow_api.py
[2024-10-06T23:54:56.351+0000] {processor.py:829} INFO - Processing file /home/airflow/.local/lib/python3.8/site-packages/airflow/example_dags/tutorial_taskflow_api.py for tasks to queue
[2024-10-06T23:54:56.353+0000] {logging_mixin.py:154} INFO - [2024-10-06T23:54:56.353+0000] {dagbag.py:536} INFO - Filling up the DagBag from /home/airflow/.local/lib/python3.8/site-packages/airflow/example_dags/tutorial_taskflow_api.py
[2024-10-06T23:54:56.357+0000] {processor.py:839} INFO - DAG(s) dict_keys(['tutorial_taskflow_api']) retrieved from /home/airflow/.local/lib/python3.8/site-packages/airflow/example_dags/tutorial_taskflow_api.py
[2024-10-06T23:54:56.374+0000] {logging_mixin.py:154} INFO - [2024-10-06T23:54:56.374+0000] {dag.py:2941} INFO - Sync 1 DAGs
[2024-10-06T23:54:56.384+0000] {logging_mixin.py:154} INFO - [2024-10-06T23:54:56.384+0000] {dag.py:3722} INFO - Setting next_dagrun for tutorial_taskflow_api to None, run_after=None
[2024-10-06T23:54:56.399+0000] {processor.py:179} INFO - Processing /home/airflow/.local/lib/python3.8/site-packages/airflow/example_dags/tutorial_taskflow_api.py took 0.052 seconds
