[2024-10-06T00:48:01.131+0000] {processor.py:157} INFO - Started process (PID=25778) to work on /home/airflow/.local/lib/python3.8/site-packages/airflow/example_dags/tutorial.py
[2024-10-06T00:48:01.132+0000] {processor.py:829} INFO - Processing file /home/airflow/.local/lib/python3.8/site-packages/airflow/example_dags/tutorial.py for tasks to queue
[2024-10-06T00:48:01.134+0000] {logging_mixin.py:154} INFO - [2024-10-06T00:48:01.134+0000] {dagbag.py:536} INFO - Filling up the DagBag from /home/airflow/.local/lib/python3.8/site-packages/airflow/example_dags/tutorial.py
[2024-10-06T00:48:01.139+0000] {processor.py:839} INFO - DAG(s) dict_keys(['tutorial']) retrieved from /home/airflow/.local/lib/python3.8/site-packages/airflow/example_dags/tutorial.py
[2024-10-06T00:48:01.155+0000] {logging_mixin.py:154} INFO - [2024-10-06T00:48:01.155+0000] {dag.py:2941} INFO - Sync 1 DAGs
[2024-10-06T00:48:01.167+0000] {logging_mixin.py:154} INFO - [2024-10-06T00:48:01.167+0000] {dag.py:3722} INFO - Setting next_dagrun for tutorial to 2024-10-05T00:48:01.167301+00:00, run_after=2024-10-06T00:48:01.167301+00:00
[2024-10-06T00:48:01.180+0000] {processor.py:179} INFO - Processing /home/airflow/.local/lib/python3.8/site-packages/airflow/example_dags/tutorial.py took 0.052 seconds
[2024-10-06T00:59:18.212+0000] {processor.py:157} INFO - Started process (PID=25832) to work on /home/airflow/.local/lib/python3.8/site-packages/airflow/example_dags/tutorial.py
[2024-10-06T00:59:18.212+0000] {processor.py:829} INFO - Processing file /home/airflow/.local/lib/python3.8/site-packages/airflow/example_dags/tutorial.py for tasks to queue
[2024-10-06T00:59:18.213+0000] {logging_mixin.py:154} INFO - [2024-10-06T00:59:18.213+0000] {dagbag.py:536} INFO - Filling up the DagBag from /home/airflow/.local/lib/python3.8/site-packages/airflow/example_dags/tutorial.py
[2024-10-06T00:59:18.216+0000] {processor.py:839} INFO - DAG(s) dict_keys(['tutorial']) retrieved from /home/airflow/.local/lib/python3.8/site-packages/airflow/example_dags/tutorial.py
[2024-10-06T00:59:18.225+0000] {logging_mixin.py:154} INFO - [2024-10-06T00:59:18.225+0000] {dag.py:2941} INFO - Sync 1 DAGs
[2024-10-06T00:59:18.233+0000] {logging_mixin.py:154} INFO - [2024-10-06T00:59:18.233+0000] {dag.py:3722} INFO - Setting next_dagrun for tutorial to 2024-10-05T00:59:18.233086+00:00, run_after=2024-10-06T00:59:18.233086+00:00
[2024-10-06T00:59:18.240+0000] {processor.py:179} INFO - Processing /home/airflow/.local/lib/python3.8/site-packages/airflow/example_dags/tutorial.py took 0.029 seconds
[2024-10-06T02:12:19.295+0000] {processor.py:157} INFO - Started process (PID=25886) to work on /home/airflow/.local/lib/python3.8/site-packages/airflow/example_dags/tutorial.py
[2024-10-06T02:12:19.295+0000] {processor.py:829} INFO - Processing file /home/airflow/.local/lib/python3.8/site-packages/airflow/example_dags/tutorial.py for tasks to queue
[2024-10-06T02:12:19.296+0000] {logging_mixin.py:154} INFO - [2024-10-06T02:12:19.296+0000] {dagbag.py:536} INFO - Filling up the DagBag from /home/airflow/.local/lib/python3.8/site-packages/airflow/example_dags/tutorial.py
[2024-10-06T02:12:19.299+0000] {processor.py:839} INFO - DAG(s) dict_keys(['tutorial']) retrieved from /home/airflow/.local/lib/python3.8/site-packages/airflow/example_dags/tutorial.py
[2024-10-06T02:12:19.308+0000] {logging_mixin.py:154} INFO - [2024-10-06T02:12:19.308+0000] {dag.py:2941} INFO - Sync 1 DAGs
[2024-10-06T02:12:19.316+0000] {logging_mixin.py:154} INFO - [2024-10-06T02:12:19.316+0000] {dag.py:3722} INFO - Setting next_dagrun for tutorial to 2024-10-05T02:12:19.316682+00:00, run_after=2024-10-06T02:12:19.316682+00:00
[2024-10-06T02:12:19.323+0000] {processor.py:179} INFO - Processing /home/airflow/.local/lib/python3.8/site-packages/airflow/example_dags/tutorial.py took 0.029 seconds
[2024-10-06T02:48:45.940+0000] {processor.py:157} INFO - Started process (PID=25940) to work on /home/airflow/.local/lib/python3.8/site-packages/airflow/example_dags/tutorial.py
[2024-10-06T02:48:45.941+0000] {processor.py:829} INFO - Processing file /home/airflow/.local/lib/python3.8/site-packages/airflow/example_dags/tutorial.py for tasks to queue
[2024-10-06T02:48:45.943+0000] {logging_mixin.py:154} INFO - [2024-10-06T02:48:45.943+0000] {dagbag.py:536} INFO - Filling up the DagBag from /home/airflow/.local/lib/python3.8/site-packages/airflow/example_dags/tutorial.py
[2024-10-06T02:48:45.949+0000] {processor.py:839} INFO - DAG(s) dict_keys(['tutorial']) retrieved from /home/airflow/.local/lib/python3.8/site-packages/airflow/example_dags/tutorial.py
[2024-10-06T02:48:45.964+0000] {logging_mixin.py:154} INFO - [2024-10-06T02:48:45.964+0000] {dag.py:2941} INFO - Sync 1 DAGs
[2024-10-06T02:48:45.978+0000] {logging_mixin.py:154} INFO - [2024-10-06T02:48:45.978+0000] {dag.py:3722} INFO - Setting next_dagrun for tutorial to 2024-10-05T02:48:45.978201+00:00, run_after=2024-10-06T02:48:45.978201+00:00
[2024-10-06T02:48:45.992+0000] {processor.py:179} INFO - Processing /home/airflow/.local/lib/python3.8/site-packages/airflow/example_dags/tutorial.py took 0.055 seconds
[2024-10-06T03:19:21.966+0000] {processor.py:157} INFO - Started process (PID=25994) to work on /home/airflow/.local/lib/python3.8/site-packages/airflow/example_dags/tutorial.py
[2024-10-06T03:19:21.967+0000] {processor.py:829} INFO - Processing file /home/airflow/.local/lib/python3.8/site-packages/airflow/example_dags/tutorial.py for tasks to queue
[2024-10-06T03:19:21.969+0000] {logging_mixin.py:154} INFO - [2024-10-06T03:19:21.969+0000] {dagbag.py:536} INFO - Filling up the DagBag from /home/airflow/.local/lib/python3.8/site-packages/airflow/example_dags/tutorial.py
[2024-10-06T03:19:21.973+0000] {processor.py:839} INFO - DAG(s) dict_keys(['tutorial']) retrieved from /home/airflow/.local/lib/python3.8/site-packages/airflow/example_dags/tutorial.py
[2024-10-06T03:19:21.985+0000] {logging_mixin.py:154} INFO - [2024-10-06T03:19:21.985+0000] {dag.py:2941} INFO - Sync 1 DAGs
[2024-10-06T03:19:21.995+0000] {logging_mixin.py:154} INFO - [2024-10-06T03:19:21.995+0000] {dag.py:3722} INFO - Setting next_dagrun for tutorial to 2024-10-05T03:19:21.995635+00:00, run_after=2024-10-06T03:19:21.995635+00:00
[2024-10-06T03:19:22.005+0000] {processor.py:179} INFO - Processing /home/airflow/.local/lib/python3.8/site-packages/airflow/example_dags/tutorial.py took 0.040 seconds
[2024-10-06T04:34:55.713+0000] {processor.py:157} INFO - Started process (PID=26048) to work on /home/airflow/.local/lib/python3.8/site-packages/airflow/example_dags/tutorial.py
[2024-10-06T04:34:55.714+0000] {processor.py:829} INFO - Processing file /home/airflow/.local/lib/python3.8/site-packages/airflow/example_dags/tutorial.py for tasks to queue
[2024-10-06T04:34:55.716+0000] {logging_mixin.py:154} INFO - [2024-10-06T04:34:55.715+0000] {dagbag.py:536} INFO - Filling up the DagBag from /home/airflow/.local/lib/python3.8/site-packages/airflow/example_dags/tutorial.py
[2024-10-06T04:34:55.720+0000] {processor.py:839} INFO - DAG(s) dict_keys(['tutorial']) retrieved from /home/airflow/.local/lib/python3.8/site-packages/airflow/example_dags/tutorial.py
[2024-10-06T04:34:55.733+0000] {logging_mixin.py:154} INFO - [2024-10-06T04:34:55.733+0000] {dag.py:2941} INFO - Sync 1 DAGs
[2024-10-06T04:34:55.744+0000] {logging_mixin.py:154} INFO - [2024-10-06T04:34:55.744+0000] {dag.py:3722} INFO - Setting next_dagrun for tutorial to 2024-10-05T04:34:55.744484+00:00, run_after=2024-10-06T04:34:55.744484+00:00
[2024-10-06T04:34:55.753+0000] {processor.py:179} INFO - Processing /home/airflow/.local/lib/python3.8/site-packages/airflow/example_dags/tutorial.py took 0.042 seconds
[2024-10-06T05:54:00.589+0000] {processor.py:157} INFO - Started process (PID=26102) to work on /home/airflow/.local/lib/python3.8/site-packages/airflow/example_dags/tutorial.py
[2024-10-06T05:54:00.590+0000] {processor.py:829} INFO - Processing file /home/airflow/.local/lib/python3.8/site-packages/airflow/example_dags/tutorial.py for tasks to queue
[2024-10-06T05:54:00.591+0000] {logging_mixin.py:154} INFO - [2024-10-06T05:54:00.591+0000] {dagbag.py:536} INFO - Filling up the DagBag from /home/airflow/.local/lib/python3.8/site-packages/airflow/example_dags/tutorial.py
[2024-10-06T05:54:00.594+0000] {processor.py:839} INFO - DAG(s) dict_keys(['tutorial']) retrieved from /home/airflow/.local/lib/python3.8/site-packages/airflow/example_dags/tutorial.py
[2024-10-06T05:54:00.603+0000] {logging_mixin.py:154} INFO - [2024-10-06T05:54:00.603+0000] {dag.py:2941} INFO - Sync 1 DAGs
[2024-10-06T05:54:00.612+0000] {logging_mixin.py:154} INFO - [2024-10-06T05:54:00.612+0000] {dag.py:3722} INFO - Setting next_dagrun for tutorial to 2024-10-05T05:54:00.611939+00:00, run_after=2024-10-06T05:54:00.611939+00:00
[2024-10-06T05:54:00.618+0000] {processor.py:179} INFO - Processing /home/airflow/.local/lib/python3.8/site-packages/airflow/example_dags/tutorial.py took 0.031 seconds
[2024-10-06T06:41:06.339+0000] {processor.py:157} INFO - Started process (PID=26156) to work on /home/airflow/.local/lib/python3.8/site-packages/airflow/example_dags/tutorial.py
[2024-10-06T06:41:06.339+0000] {processor.py:829} INFO - Processing file /home/airflow/.local/lib/python3.8/site-packages/airflow/example_dags/tutorial.py for tasks to queue
[2024-10-06T06:41:06.341+0000] {logging_mixin.py:154} INFO - [2024-10-06T06:41:06.340+0000] {dagbag.py:536} INFO - Filling up the DagBag from /home/airflow/.local/lib/python3.8/site-packages/airflow/example_dags/tutorial.py
[2024-10-06T06:41:06.344+0000] {processor.py:839} INFO - DAG(s) dict_keys(['tutorial']) retrieved from /home/airflow/.local/lib/python3.8/site-packages/airflow/example_dags/tutorial.py
[2024-10-06T06:41:06.352+0000] {logging_mixin.py:154} INFO - [2024-10-06T06:41:06.352+0000] {dag.py:2941} INFO - Sync 1 DAGs
[2024-10-06T06:41:06.359+0000] {logging_mixin.py:154} INFO - [2024-10-06T06:41:06.359+0000] {dag.py:3722} INFO - Setting next_dagrun for tutorial to 2024-10-05T06:41:06.359440+00:00, run_after=2024-10-06T06:41:06.359440+00:00
[2024-10-06T06:41:06.365+0000] {processor.py:179} INFO - Processing /home/airflow/.local/lib/python3.8/site-packages/airflow/example_dags/tutorial.py took 0.028 seconds
[2024-10-06T08:19:28.987+0000] {processor.py:157} INFO - Started process (PID=26210) to work on /home/airflow/.local/lib/python3.8/site-packages/airflow/example_dags/tutorial.py
[2024-10-06T08:19:28.987+0000] {processor.py:829} INFO - Processing file /home/airflow/.local/lib/python3.8/site-packages/airflow/example_dags/tutorial.py for tasks to queue
[2024-10-06T08:19:28.988+0000] {logging_mixin.py:154} INFO - [2024-10-06T08:19:28.988+0000] {dagbag.py:536} INFO - Filling up the DagBag from /home/airflow/.local/lib/python3.8/site-packages/airflow/example_dags/tutorial.py
[2024-10-06T08:19:28.991+0000] {processor.py:839} INFO - DAG(s) dict_keys(['tutorial']) retrieved from /home/airflow/.local/lib/python3.8/site-packages/airflow/example_dags/tutorial.py
[2024-10-06T08:19:29.000+0000] {logging_mixin.py:154} INFO - [2024-10-06T08:19:29.000+0000] {dag.py:2941} INFO - Sync 1 DAGs
[2024-10-06T08:19:29.009+0000] {logging_mixin.py:154} INFO - [2024-10-06T08:19:29.009+0000] {dag.py:3722} INFO - Setting next_dagrun for tutorial to 2024-10-05T08:19:29.009215+00:00, run_after=2024-10-06T08:19:29.009215+00:00
[2024-10-06T08:19:29.016+0000] {processor.py:179} INFO - Processing /home/airflow/.local/lib/python3.8/site-packages/airflow/example_dags/tutorial.py took 0.031 seconds
[2024-10-06T09:31:45.059+0000] {processor.py:157} INFO - Started process (PID=26264) to work on /home/airflow/.local/lib/python3.8/site-packages/airflow/example_dags/tutorial.py
[2024-10-06T09:31:45.060+0000] {processor.py:829} INFO - Processing file /home/airflow/.local/lib/python3.8/site-packages/airflow/example_dags/tutorial.py for tasks to queue
[2024-10-06T09:31:45.061+0000] {logging_mixin.py:154} INFO - [2024-10-06T09:31:45.061+0000] {dagbag.py:536} INFO - Filling up the DagBag from /home/airflow/.local/lib/python3.8/site-packages/airflow/example_dags/tutorial.py
[2024-10-06T09:31:45.066+0000] {processor.py:839} INFO - DAG(s) dict_keys(['tutorial']) retrieved from /home/airflow/.local/lib/python3.8/site-packages/airflow/example_dags/tutorial.py
[2024-10-06T09:31:45.080+0000] {logging_mixin.py:154} INFO - [2024-10-06T09:31:45.080+0000] {dag.py:2941} INFO - Sync 1 DAGs
[2024-10-06T09:31:45.093+0000] {logging_mixin.py:154} INFO - [2024-10-06T09:31:45.093+0000] {dag.py:3722} INFO - Setting next_dagrun for tutorial to 2024-10-05T09:31:45.093012+00:00, run_after=2024-10-06T09:31:45.093012+00:00
[2024-10-06T09:31:45.103+0000] {processor.py:179} INFO - Processing /home/airflow/.local/lib/python3.8/site-packages/airflow/example_dags/tutorial.py took 0.046 seconds
[2024-10-06T10:45:24.650+0000] {processor.py:157} INFO - Started process (PID=26318) to work on /home/airflow/.local/lib/python3.8/site-packages/airflow/example_dags/tutorial.py
[2024-10-06T10:45:24.650+0000] {processor.py:829} INFO - Processing file /home/airflow/.local/lib/python3.8/site-packages/airflow/example_dags/tutorial.py for tasks to queue
[2024-10-06T10:45:24.651+0000] {logging_mixin.py:154} INFO - [2024-10-06T10:45:24.651+0000] {dagbag.py:536} INFO - Filling up the DagBag from /home/airflow/.local/lib/python3.8/site-packages/airflow/example_dags/tutorial.py
[2024-10-06T10:45:24.654+0000] {processor.py:839} INFO - DAG(s) dict_keys(['tutorial']) retrieved from /home/airflow/.local/lib/python3.8/site-packages/airflow/example_dags/tutorial.py
[2024-10-06T10:45:24.663+0000] {logging_mixin.py:154} INFO - [2024-10-06T10:45:24.663+0000] {dag.py:2941} INFO - Sync 1 DAGs
[2024-10-06T10:45:24.671+0000] {logging_mixin.py:154} INFO - [2024-10-06T10:45:24.671+0000] {dag.py:3722} INFO - Setting next_dagrun for tutorial to 2024-10-05T10:45:24.671519+00:00, run_after=2024-10-06T10:45:24.671519+00:00
[2024-10-06T10:45:24.679+0000] {processor.py:179} INFO - Processing /home/airflow/.local/lib/python3.8/site-packages/airflow/example_dags/tutorial.py took 0.030 seconds
[2024-10-06T11:46:24.912+0000] {processor.py:157} INFO - Started process (PID=26372) to work on /home/airflow/.local/lib/python3.8/site-packages/airflow/example_dags/tutorial.py
[2024-10-06T11:46:24.913+0000] {processor.py:829} INFO - Processing file /home/airflow/.local/lib/python3.8/site-packages/airflow/example_dags/tutorial.py for tasks to queue
[2024-10-06T11:46:24.915+0000] {logging_mixin.py:154} INFO - [2024-10-06T11:46:24.914+0000] {dagbag.py:536} INFO - Filling up the DagBag from /home/airflow/.local/lib/python3.8/site-packages/airflow/example_dags/tutorial.py
[2024-10-06T11:46:24.919+0000] {processor.py:839} INFO - DAG(s) dict_keys(['tutorial']) retrieved from /home/airflow/.local/lib/python3.8/site-packages/airflow/example_dags/tutorial.py
[2024-10-06T11:46:24.930+0000] {logging_mixin.py:154} INFO - [2024-10-06T11:46:24.930+0000] {dag.py:2941} INFO - Sync 1 DAGs
[2024-10-06T11:46:24.940+0000] {logging_mixin.py:154} INFO - [2024-10-06T11:46:24.940+0000] {dag.py:3722} INFO - Setting next_dagrun for tutorial to 2024-10-05T11:46:24.940334+00:00, run_after=2024-10-06T11:46:24.940334+00:00
[2024-10-06T11:46:24.951+0000] {processor.py:179} INFO - Processing /home/airflow/.local/lib/python3.8/site-packages/airflow/example_dags/tutorial.py took 0.041 seconds
[2024-10-06T12:33:56.834+0000] {processor.py:157} INFO - Started process (PID=26426) to work on /home/airflow/.local/lib/python3.8/site-packages/airflow/example_dags/tutorial.py
[2024-10-06T12:33:56.835+0000] {processor.py:829} INFO - Processing file /home/airflow/.local/lib/python3.8/site-packages/airflow/example_dags/tutorial.py for tasks to queue
[2024-10-06T12:33:56.836+0000] {logging_mixin.py:154} INFO - [2024-10-06T12:33:56.836+0000] {dagbag.py:536} INFO - Filling up the DagBag from /home/airflow/.local/lib/python3.8/site-packages/airflow/example_dags/tutorial.py
[2024-10-06T12:33:56.841+0000] {processor.py:839} INFO - DAG(s) dict_keys(['tutorial']) retrieved from /home/airflow/.local/lib/python3.8/site-packages/airflow/example_dags/tutorial.py
[2024-10-06T12:33:56.853+0000] {logging_mixin.py:154} INFO - [2024-10-06T12:33:56.853+0000] {dag.py:2941} INFO - Sync 1 DAGs
[2024-10-06T12:33:56.865+0000] {logging_mixin.py:154} INFO - [2024-10-06T12:33:56.865+0000] {dag.py:3722} INFO - Setting next_dagrun for tutorial to 2024-10-05T12:33:56.865410+00:00, run_after=2024-10-06T12:33:56.865410+00:00
[2024-10-06T12:33:56.875+0000] {processor.py:179} INFO - Processing /home/airflow/.local/lib/python3.8/site-packages/airflow/example_dags/tutorial.py took 0.042 seconds
[2024-10-06T13:17:27.349+0000] {processor.py:157} INFO - Started process (PID=26480) to work on /home/airflow/.local/lib/python3.8/site-packages/airflow/example_dags/tutorial.py
[2024-10-06T13:17:27.350+0000] {processor.py:829} INFO - Processing file /home/airflow/.local/lib/python3.8/site-packages/airflow/example_dags/tutorial.py for tasks to queue
[2024-10-06T13:17:27.355+0000] {logging_mixin.py:154} INFO - [2024-10-06T13:17:27.355+0000] {dagbag.py:536} INFO - Filling up the DagBag from /home/airflow/.local/lib/python3.8/site-packages/airflow/example_dags/tutorial.py
[2024-10-06T13:17:27.360+0000] {processor.py:839} INFO - DAG(s) dict_keys(['tutorial']) retrieved from /home/airflow/.local/lib/python3.8/site-packages/airflow/example_dags/tutorial.py
[2024-10-06T13:17:27.377+0000] {logging_mixin.py:154} INFO - [2024-10-06T13:17:27.377+0000] {dag.py:2941} INFO - Sync 1 DAGs
[2024-10-06T13:17:27.390+0000] {logging_mixin.py:154} INFO - [2024-10-06T13:17:27.390+0000] {dag.py:3722} INFO - Setting next_dagrun for tutorial to 2024-10-05T13:17:27.389850+00:00, run_after=2024-10-06T13:17:27.389850+00:00
[2024-10-06T13:17:27.401+0000] {processor.py:179} INFO - Processing /home/airflow/.local/lib/python3.8/site-packages/airflow/example_dags/tutorial.py took 0.054 seconds
[2024-10-06T14:49:25.862+0000] {processor.py:157} INFO - Started process (PID=26534) to work on /home/airflow/.local/lib/python3.8/site-packages/airflow/example_dags/tutorial.py
[2024-10-06T14:49:25.863+0000] {processor.py:829} INFO - Processing file /home/airflow/.local/lib/python3.8/site-packages/airflow/example_dags/tutorial.py for tasks to queue
[2024-10-06T14:49:25.864+0000] {logging_mixin.py:154} INFO - [2024-10-06T14:49:25.864+0000] {dagbag.py:536} INFO - Filling up the DagBag from /home/airflow/.local/lib/python3.8/site-packages/airflow/example_dags/tutorial.py
[2024-10-06T14:49:25.868+0000] {processor.py:839} INFO - DAG(s) dict_keys(['tutorial']) retrieved from /home/airflow/.local/lib/python3.8/site-packages/airflow/example_dags/tutorial.py
[2024-10-06T14:49:25.879+0000] {logging_mixin.py:154} INFO - [2024-10-06T14:49:25.879+0000] {dag.py:2941} INFO - Sync 1 DAGs
[2024-10-06T14:49:25.891+0000] {logging_mixin.py:154} INFO - [2024-10-06T14:49:25.890+0000] {dag.py:3722} INFO - Setting next_dagrun for tutorial to 2024-10-05T14:49:25.890773+00:00, run_after=2024-10-06T14:49:25.890773+00:00
[2024-10-06T14:49:25.900+0000] {processor.py:179} INFO - Processing /home/airflow/.local/lib/python3.8/site-packages/airflow/example_dags/tutorial.py took 0.040 seconds
[2024-10-06T15:50:30.023+0000] {processor.py:157} INFO - Started process (PID=26588) to work on /home/airflow/.local/lib/python3.8/site-packages/airflow/example_dags/tutorial.py
[2024-10-06T15:50:30.023+0000] {processor.py:829} INFO - Processing file /home/airflow/.local/lib/python3.8/site-packages/airflow/example_dags/tutorial.py for tasks to queue
[2024-10-06T15:50:30.025+0000] {logging_mixin.py:154} INFO - [2024-10-06T15:50:30.024+0000] {dagbag.py:536} INFO - Filling up the DagBag from /home/airflow/.local/lib/python3.8/site-packages/airflow/example_dags/tutorial.py
[2024-10-06T15:50:30.027+0000] {processor.py:839} INFO - DAG(s) dict_keys(['tutorial']) retrieved from /home/airflow/.local/lib/python3.8/site-packages/airflow/example_dags/tutorial.py
[2024-10-06T15:50:30.036+0000] {logging_mixin.py:154} INFO - [2024-10-06T15:50:30.036+0000] {dag.py:2941} INFO - Sync 1 DAGs
[2024-10-06T15:50:30.044+0000] {logging_mixin.py:154} INFO - [2024-10-06T15:50:30.044+0000] {dag.py:3722} INFO - Setting next_dagrun for tutorial to 2024-10-05T15:50:30.044628+00:00, run_after=2024-10-06T15:50:30.044628+00:00
[2024-10-06T15:50:30.051+0000] {processor.py:179} INFO - Processing /home/airflow/.local/lib/python3.8/site-packages/airflow/example_dags/tutorial.py took 0.030 seconds
[2024-10-06T16:11:22.900+0000] {processor.py:157} INFO - Started process (PID=26642) to work on /home/airflow/.local/lib/python3.8/site-packages/airflow/example_dags/tutorial.py
[2024-10-06T16:11:22.902+0000] {processor.py:829} INFO - Processing file /home/airflow/.local/lib/python3.8/site-packages/airflow/example_dags/tutorial.py for tasks to queue
[2024-10-06T16:11:22.904+0000] {logging_mixin.py:154} INFO - [2024-10-06T16:11:22.904+0000] {dagbag.py:536} INFO - Filling up the DagBag from /home/airflow/.local/lib/python3.8/site-packages/airflow/example_dags/tutorial.py
[2024-10-06T16:11:22.909+0000] {processor.py:839} INFO - DAG(s) dict_keys(['tutorial']) retrieved from /home/airflow/.local/lib/python3.8/site-packages/airflow/example_dags/tutorial.py
[2024-10-06T16:11:22.925+0000] {logging_mixin.py:154} INFO - [2024-10-06T16:11:22.925+0000] {dag.py:2941} INFO - Sync 1 DAGs
[2024-10-06T16:11:22.936+0000] {logging_mixin.py:154} INFO - [2024-10-06T16:11:22.936+0000] {dag.py:3722} INFO - Setting next_dagrun for tutorial to 2024-10-05T16:11:22.936268+00:00, run_after=2024-10-06T16:11:22.936268+00:00
[2024-10-06T16:11:22.949+0000] {processor.py:179} INFO - Processing /home/airflow/.local/lib/python3.8/site-packages/airflow/example_dags/tutorial.py took 0.055 seconds
[2024-10-06T16:17:00.039+0000] {processor.py:157} INFO - Started process (PID=26696) to work on /home/airflow/.local/lib/python3.8/site-packages/airflow/example_dags/tutorial.py
[2024-10-06T16:17:00.040+0000] {processor.py:829} INFO - Processing file /home/airflow/.local/lib/python3.8/site-packages/airflow/example_dags/tutorial.py for tasks to queue
[2024-10-06T16:17:00.042+0000] {logging_mixin.py:154} INFO - [2024-10-06T16:17:00.042+0000] {dagbag.py:536} INFO - Filling up the DagBag from /home/airflow/.local/lib/python3.8/site-packages/airflow/example_dags/tutorial.py
[2024-10-06T16:17:00.047+0000] {processor.py:839} INFO - DAG(s) dict_keys(['tutorial']) retrieved from /home/airflow/.local/lib/python3.8/site-packages/airflow/example_dags/tutorial.py
[2024-10-06T16:17:00.062+0000] {logging_mixin.py:154} INFO - [2024-10-06T16:17:00.061+0000] {dag.py:2941} INFO - Sync 1 DAGs
[2024-10-06T16:17:00.074+0000] {logging_mixin.py:154} INFO - [2024-10-06T16:17:00.074+0000] {dag.py:3722} INFO - Setting next_dagrun for tutorial to 2024-10-05T16:17:00.074387+00:00, run_after=2024-10-06T16:17:00.074387+00:00
[2024-10-06T16:17:00.083+0000] {processor.py:179} INFO - Processing /home/airflow/.local/lib/python3.8/site-packages/airflow/example_dags/tutorial.py took 0.047 seconds
[2024-10-06T17:25:36.946+0000] {processor.py:157} INFO - Started process (PID=26750) to work on /home/airflow/.local/lib/python3.8/site-packages/airflow/example_dags/tutorial.py
[2024-10-06T17:25:36.946+0000] {processor.py:829} INFO - Processing file /home/airflow/.local/lib/python3.8/site-packages/airflow/example_dags/tutorial.py for tasks to queue
[2024-10-06T17:25:36.948+0000] {logging_mixin.py:154} INFO - [2024-10-06T17:25:36.948+0000] {dagbag.py:536} INFO - Filling up the DagBag from /home/airflow/.local/lib/python3.8/site-packages/airflow/example_dags/tutorial.py
[2024-10-06T17:25:36.953+0000] {processor.py:839} INFO - DAG(s) dict_keys(['tutorial']) retrieved from /home/airflow/.local/lib/python3.8/site-packages/airflow/example_dags/tutorial.py
[2024-10-06T17:25:36.967+0000] {logging_mixin.py:154} INFO - [2024-10-06T17:25:36.967+0000] {dag.py:2941} INFO - Sync 1 DAGs
[2024-10-06T17:25:36.979+0000] {logging_mixin.py:154} INFO - [2024-10-06T17:25:36.979+0000] {dag.py:3722} INFO - Setting next_dagrun for tutorial to 2024-10-05T17:25:36.979501+00:00, run_after=2024-10-06T17:25:36.979501+00:00
[2024-10-06T17:25:36.989+0000] {processor.py:179} INFO - Processing /home/airflow/.local/lib/python3.8/site-packages/airflow/example_dags/tutorial.py took 0.046 seconds
[2024-10-06T17:48:09.386+0000] {processor.py:157} INFO - Started process (PID=26804) to work on /home/airflow/.local/lib/python3.8/site-packages/airflow/example_dags/tutorial.py
[2024-10-06T17:48:09.386+0000] {processor.py:829} INFO - Processing file /home/airflow/.local/lib/python3.8/site-packages/airflow/example_dags/tutorial.py for tasks to queue
[2024-10-06T17:48:09.387+0000] {logging_mixin.py:154} INFO - [2024-10-06T17:48:09.387+0000] {dagbag.py:536} INFO - Filling up the DagBag from /home/airflow/.local/lib/python3.8/site-packages/airflow/example_dags/tutorial.py
[2024-10-06T17:48:09.390+0000] {processor.py:839} INFO - DAG(s) dict_keys(['tutorial']) retrieved from /home/airflow/.local/lib/python3.8/site-packages/airflow/example_dags/tutorial.py
[2024-10-06T17:48:09.399+0000] {logging_mixin.py:154} INFO - [2024-10-06T17:48:09.399+0000] {dag.py:2941} INFO - Sync 1 DAGs
[2024-10-06T17:48:09.407+0000] {logging_mixin.py:154} INFO - [2024-10-06T17:48:09.407+0000] {dag.py:3722} INFO - Setting next_dagrun for tutorial to 2024-10-05T17:48:09.407800+00:00, run_after=2024-10-06T17:48:09.407800+00:00
[2024-10-06T17:48:09.414+0000] {processor.py:179} INFO - Processing /home/airflow/.local/lib/python3.8/site-packages/airflow/example_dags/tutorial.py took 0.030 seconds
[2024-10-06T18:17:57.679+0000] {processor.py:157} INFO - Started process (PID=26858) to work on /home/airflow/.local/lib/python3.8/site-packages/airflow/example_dags/tutorial.py
[2024-10-06T18:17:57.680+0000] {processor.py:829} INFO - Processing file /home/airflow/.local/lib/python3.8/site-packages/airflow/example_dags/tutorial.py for tasks to queue
[2024-10-06T18:17:57.681+0000] {logging_mixin.py:154} INFO - [2024-10-06T18:17:57.681+0000] {dagbag.py:536} INFO - Filling up the DagBag from /home/airflow/.local/lib/python3.8/site-packages/airflow/example_dags/tutorial.py
[2024-10-06T18:17:57.685+0000] {processor.py:839} INFO - DAG(s) dict_keys(['tutorial']) retrieved from /home/airflow/.local/lib/python3.8/site-packages/airflow/example_dags/tutorial.py
[2024-10-06T18:17:57.694+0000] {logging_mixin.py:154} INFO - [2024-10-06T18:17:57.693+0000] {dag.py:2941} INFO - Sync 1 DAGs
[2024-10-06T18:17:57.702+0000] {logging_mixin.py:154} INFO - [2024-10-06T18:17:57.702+0000] {dag.py:3722} INFO - Setting next_dagrun for tutorial to 2024-10-05T18:17:57.702261+00:00, run_after=2024-10-06T18:17:57.702261+00:00
[2024-10-06T18:17:57.709+0000] {processor.py:179} INFO - Processing /home/airflow/.local/lib/python3.8/site-packages/airflow/example_dags/tutorial.py took 0.032 seconds
[2024-10-06T19:43:22.189+0000] {processor.py:157} INFO - Started process (PID=26912) to work on /home/airflow/.local/lib/python3.8/site-packages/airflow/example_dags/tutorial.py
[2024-10-06T19:43:22.190+0000] {processor.py:829} INFO - Processing file /home/airflow/.local/lib/python3.8/site-packages/airflow/example_dags/tutorial.py for tasks to queue
[2024-10-06T19:43:22.191+0000] {logging_mixin.py:154} INFO - [2024-10-06T19:43:22.191+0000] {dagbag.py:536} INFO - Filling up the DagBag from /home/airflow/.local/lib/python3.8/site-packages/airflow/example_dags/tutorial.py
[2024-10-06T19:43:22.194+0000] {processor.py:839} INFO - DAG(s) dict_keys(['tutorial']) retrieved from /home/airflow/.local/lib/python3.8/site-packages/airflow/example_dags/tutorial.py
[2024-10-06T19:43:22.203+0000] {logging_mixin.py:154} INFO - [2024-10-06T19:43:22.203+0000] {dag.py:2941} INFO - Sync 1 DAGs
[2024-10-06T19:43:22.211+0000] {logging_mixin.py:154} INFO - [2024-10-06T19:43:22.211+0000] {dag.py:3722} INFO - Setting next_dagrun for tutorial to 2024-10-05T19:43:22.211602+00:00, run_after=2024-10-06T19:43:22.211602+00:00
[2024-10-06T19:43:22.219+0000] {processor.py:179} INFO - Processing /home/airflow/.local/lib/python3.8/site-packages/airflow/example_dags/tutorial.py took 0.031 seconds
[2024-10-06T20:31:09.405+0000] {processor.py:157} INFO - Started process (PID=26966) to work on /home/airflow/.local/lib/python3.8/site-packages/airflow/example_dags/tutorial.py
[2024-10-06T20:31:09.406+0000] {processor.py:829} INFO - Processing file /home/airflow/.local/lib/python3.8/site-packages/airflow/example_dags/tutorial.py for tasks to queue
[2024-10-06T20:31:09.407+0000] {logging_mixin.py:154} INFO - [2024-10-06T20:31:09.407+0000] {dagbag.py:536} INFO - Filling up the DagBag from /home/airflow/.local/lib/python3.8/site-packages/airflow/example_dags/tutorial.py
[2024-10-06T20:31:09.410+0000] {processor.py:839} INFO - DAG(s) dict_keys(['tutorial']) retrieved from /home/airflow/.local/lib/python3.8/site-packages/airflow/example_dags/tutorial.py
[2024-10-06T20:31:09.418+0000] {logging_mixin.py:154} INFO - [2024-10-06T20:31:09.418+0000] {dag.py:2941} INFO - Sync 1 DAGs
[2024-10-06T20:31:09.426+0000] {logging_mixin.py:154} INFO - [2024-10-06T20:31:09.426+0000] {dag.py:3722} INFO - Setting next_dagrun for tutorial to 2024-10-05T20:31:09.426348+00:00, run_after=2024-10-06T20:31:09.426348+00:00
[2024-10-06T20:31:09.433+0000] {processor.py:179} INFO - Processing /home/airflow/.local/lib/python3.8/site-packages/airflow/example_dags/tutorial.py took 0.029 seconds
[2024-10-06T20:40:14.365+0000] {processor.py:157} INFO - Started process (PID=27020) to work on /home/airflow/.local/lib/python3.8/site-packages/airflow/example_dags/tutorial.py
[2024-10-06T20:40:14.366+0000] {processor.py:829} INFO - Processing file /home/airflow/.local/lib/python3.8/site-packages/airflow/example_dags/tutorial.py for tasks to queue
[2024-10-06T20:40:14.367+0000] {logging_mixin.py:154} INFO - [2024-10-06T20:40:14.367+0000] {dagbag.py:536} INFO - Filling up the DagBag from /home/airflow/.local/lib/python3.8/site-packages/airflow/example_dags/tutorial.py
[2024-10-06T20:40:14.370+0000] {processor.py:839} INFO - DAG(s) dict_keys(['tutorial']) retrieved from /home/airflow/.local/lib/python3.8/site-packages/airflow/example_dags/tutorial.py
[2024-10-06T20:40:14.379+0000] {logging_mixin.py:154} INFO - [2024-10-06T20:40:14.379+0000] {dag.py:2941} INFO - Sync 1 DAGs
[2024-10-06T20:40:14.388+0000] {logging_mixin.py:154} INFO - [2024-10-06T20:40:14.388+0000] {dag.py:3722} INFO - Setting next_dagrun for tutorial to 2024-10-05T20:40:14.388155+00:00, run_after=2024-10-06T20:40:14.388155+00:00
[2024-10-06T20:40:14.394+0000] {processor.py:179} INFO - Processing /home/airflow/.local/lib/python3.8/site-packages/airflow/example_dags/tutorial.py took 0.031 seconds
[2024-10-06T20:43:24.735+0000] {processor.py:157} INFO - Started process (PID=27074) to work on /home/airflow/.local/lib/python3.8/site-packages/airflow/example_dags/tutorial.py
[2024-10-06T20:43:24.735+0000] {processor.py:829} INFO - Processing file /home/airflow/.local/lib/python3.8/site-packages/airflow/example_dags/tutorial.py for tasks to queue
[2024-10-06T20:43:24.737+0000] {logging_mixin.py:154} INFO - [2024-10-06T20:43:24.736+0000] {dagbag.py:536} INFO - Filling up the DagBag from /home/airflow/.local/lib/python3.8/site-packages/airflow/example_dags/tutorial.py
[2024-10-06T20:43:24.740+0000] {processor.py:839} INFO - DAG(s) dict_keys(['tutorial']) retrieved from /home/airflow/.local/lib/python3.8/site-packages/airflow/example_dags/tutorial.py
[2024-10-06T20:43:24.748+0000] {logging_mixin.py:154} INFO - [2024-10-06T20:43:24.748+0000] {dag.py:2941} INFO - Sync 1 DAGs
[2024-10-06T20:43:24.757+0000] {logging_mixin.py:154} INFO - [2024-10-06T20:43:24.756+0000] {dag.py:3722} INFO - Setting next_dagrun for tutorial to 2024-10-05T20:43:24.756875+00:00, run_after=2024-10-06T20:43:24.756875+00:00
[2024-10-06T20:43:24.763+0000] {processor.py:179} INFO - Processing /home/airflow/.local/lib/python3.8/site-packages/airflow/example_dags/tutorial.py took 0.030 seconds
[2024-10-06T21:12:02.866+0000] {processor.py:157} INFO - Started process (PID=27128) to work on /home/airflow/.local/lib/python3.8/site-packages/airflow/example_dags/tutorial.py
[2024-10-06T21:12:02.867+0000] {processor.py:829} INFO - Processing file /home/airflow/.local/lib/python3.8/site-packages/airflow/example_dags/tutorial.py for tasks to queue
[2024-10-06T21:12:02.870+0000] {logging_mixin.py:154} INFO - [2024-10-06T21:12:02.870+0000] {dagbag.py:536} INFO - Filling up the DagBag from /home/airflow/.local/lib/python3.8/site-packages/airflow/example_dags/tutorial.py
[2024-10-06T21:12:02.875+0000] {processor.py:839} INFO - DAG(s) dict_keys(['tutorial']) retrieved from /home/airflow/.local/lib/python3.8/site-packages/airflow/example_dags/tutorial.py
[2024-10-06T21:12:02.888+0000] {logging_mixin.py:154} INFO - [2024-10-06T21:12:02.888+0000] {dag.py:2941} INFO - Sync 1 DAGs
[2024-10-06T21:12:02.901+0000] {logging_mixin.py:154} INFO - [2024-10-06T21:12:02.901+0000] {dag.py:3722} INFO - Setting next_dagrun for tutorial to 2024-10-05T21:12:02.900934+00:00, run_after=2024-10-06T21:12:02.900934+00:00
[2024-10-06T21:12:02.911+0000] {processor.py:179} INFO - Processing /home/airflow/.local/lib/python3.8/site-packages/airflow/example_dags/tutorial.py took 0.047 seconds
[2024-10-06T21:13:25.756+0000] {processor.py:157} INFO - Started process (PID=27182) to work on /home/airflow/.local/lib/python3.8/site-packages/airflow/example_dags/tutorial.py
[2024-10-06T21:13:25.756+0000] {processor.py:829} INFO - Processing file /home/airflow/.local/lib/python3.8/site-packages/airflow/example_dags/tutorial.py for tasks to queue
[2024-10-06T21:13:25.757+0000] {logging_mixin.py:154} INFO - [2024-10-06T21:13:25.757+0000] {dagbag.py:536} INFO - Filling up the DagBag from /home/airflow/.local/lib/python3.8/site-packages/airflow/example_dags/tutorial.py
[2024-10-06T21:13:25.760+0000] {processor.py:839} INFO - DAG(s) dict_keys(['tutorial']) retrieved from /home/airflow/.local/lib/python3.8/site-packages/airflow/example_dags/tutorial.py
[2024-10-06T21:13:25.768+0000] {logging_mixin.py:154} INFO - [2024-10-06T21:13:25.768+0000] {dag.py:2941} INFO - Sync 1 DAGs
[2024-10-06T21:13:25.777+0000] {logging_mixin.py:154} INFO - [2024-10-06T21:13:25.777+0000] {dag.py:3722} INFO - Setting next_dagrun for tutorial to 2024-10-05T21:13:25.776923+00:00, run_after=2024-10-06T21:13:25.776923+00:00
[2024-10-06T21:13:25.784+0000] {processor.py:179} INFO - Processing /home/airflow/.local/lib/python3.8/site-packages/airflow/example_dags/tutorial.py took 0.030 seconds
[2024-10-06T21:23:59.866+0000] {processor.py:157} INFO - Started process (PID=27236) to work on /home/airflow/.local/lib/python3.8/site-packages/airflow/example_dags/tutorial.py
[2024-10-06T21:23:59.866+0000] {processor.py:829} INFO - Processing file /home/airflow/.local/lib/python3.8/site-packages/airflow/example_dags/tutorial.py for tasks to queue
[2024-10-06T21:23:59.867+0000] {logging_mixin.py:154} INFO - [2024-10-06T21:23:59.867+0000] {dagbag.py:536} INFO - Filling up the DagBag from /home/airflow/.local/lib/python3.8/site-packages/airflow/example_dags/tutorial.py
[2024-10-06T21:23:59.871+0000] {processor.py:839} INFO - DAG(s) dict_keys(['tutorial']) retrieved from /home/airflow/.local/lib/python3.8/site-packages/airflow/example_dags/tutorial.py
[2024-10-06T21:23:59.879+0000] {logging_mixin.py:154} INFO - [2024-10-06T21:23:59.879+0000] {dag.py:2941} INFO - Sync 1 DAGs
[2024-10-06T21:23:59.886+0000] {logging_mixin.py:154} INFO - [2024-10-06T21:23:59.886+0000] {dag.py:3722} INFO - Setting next_dagrun for tutorial to 2024-10-05T21:23:59.886607+00:00, run_after=2024-10-06T21:23:59.886607+00:00
[2024-10-06T21:23:59.893+0000] {processor.py:179} INFO - Processing /home/airflow/.local/lib/python3.8/site-packages/airflow/example_dags/tutorial.py took 0.029 seconds
[2024-10-06T22:02:21.570+0000] {processor.py:157} INFO - Started process (PID=27290) to work on /home/airflow/.local/lib/python3.8/site-packages/airflow/example_dags/tutorial.py
[2024-10-06T22:02:21.570+0000] {processor.py:829} INFO - Processing file /home/airflow/.local/lib/python3.8/site-packages/airflow/example_dags/tutorial.py for tasks to queue
[2024-10-06T22:02:21.572+0000] {logging_mixin.py:154} INFO - [2024-10-06T22:02:21.571+0000] {dagbag.py:536} INFO - Filling up the DagBag from /home/airflow/.local/lib/python3.8/site-packages/airflow/example_dags/tutorial.py
[2024-10-06T22:02:21.576+0000] {processor.py:839} INFO - DAG(s) dict_keys(['tutorial']) retrieved from /home/airflow/.local/lib/python3.8/site-packages/airflow/example_dags/tutorial.py
[2024-10-06T22:02:21.587+0000] {logging_mixin.py:154} INFO - [2024-10-06T22:02:21.587+0000] {dag.py:2941} INFO - Sync 1 DAGs
[2024-10-06T22:02:21.597+0000] {logging_mixin.py:154} INFO - [2024-10-06T22:02:21.597+0000] {dag.py:3722} INFO - Setting next_dagrun for tutorial to 2024-10-05T22:02:21.597641+00:00, run_after=2024-10-06T22:02:21.597641+00:00
[2024-10-06T22:02:21.606+0000] {processor.py:179} INFO - Processing /home/airflow/.local/lib/python3.8/site-packages/airflow/example_dags/tutorial.py took 0.038 seconds
[2024-10-06T22:28:54.503+0000] {processor.py:157} INFO - Started process (PID=27344) to work on /home/airflow/.local/lib/python3.8/site-packages/airflow/example_dags/tutorial.py
[2024-10-06T22:28:54.503+0000] {processor.py:829} INFO - Processing file /home/airflow/.local/lib/python3.8/site-packages/airflow/example_dags/tutorial.py for tasks to queue
[2024-10-06T22:28:54.505+0000] {logging_mixin.py:154} INFO - [2024-10-06T22:28:54.505+0000] {dagbag.py:536} INFO - Filling up the DagBag from /home/airflow/.local/lib/python3.8/site-packages/airflow/example_dags/tutorial.py
[2024-10-06T22:28:54.510+0000] {processor.py:839} INFO - DAG(s) dict_keys(['tutorial']) retrieved from /home/airflow/.local/lib/python3.8/site-packages/airflow/example_dags/tutorial.py
[2024-10-06T22:28:54.525+0000] {logging_mixin.py:154} INFO - [2024-10-06T22:28:54.524+0000] {dag.py:2941} INFO - Sync 1 DAGs
[2024-10-06T22:28:54.535+0000] {logging_mixin.py:154} INFO - [2024-10-06T22:28:54.535+0000] {dag.py:3722} INFO - Setting next_dagrun for tutorial to 2024-10-05T22:28:54.535673+00:00, run_after=2024-10-06T22:28:54.535673+00:00
[2024-10-06T22:28:54.544+0000] {processor.py:179} INFO - Processing /home/airflow/.local/lib/python3.8/site-packages/airflow/example_dags/tutorial.py took 0.044 seconds
[2024-10-06T22:59:43.896+0000] {processor.py:157} INFO - Started process (PID=27398) to work on /home/airflow/.local/lib/python3.8/site-packages/airflow/example_dags/tutorial.py
[2024-10-06T22:59:43.897+0000] {processor.py:829} INFO - Processing file /home/airflow/.local/lib/python3.8/site-packages/airflow/example_dags/tutorial.py for tasks to queue
[2024-10-06T22:59:43.898+0000] {logging_mixin.py:154} INFO - [2024-10-06T22:59:43.898+0000] {dagbag.py:536} INFO - Filling up the DagBag from /home/airflow/.local/lib/python3.8/site-packages/airflow/example_dags/tutorial.py
[2024-10-06T22:59:43.902+0000] {processor.py:839} INFO - DAG(s) dict_keys(['tutorial']) retrieved from /home/airflow/.local/lib/python3.8/site-packages/airflow/example_dags/tutorial.py
[2024-10-06T22:59:43.912+0000] {logging_mixin.py:154} INFO - [2024-10-06T22:59:43.912+0000] {dag.py:2941} INFO - Sync 1 DAGs
[2024-10-06T22:59:43.923+0000] {logging_mixin.py:154} INFO - [2024-10-06T22:59:43.923+0000] {dag.py:3722} INFO - Setting next_dagrun for tutorial to 2024-10-05T22:59:43.923430+00:00, run_after=2024-10-06T22:59:43.923430+00:00
[2024-10-06T22:59:43.932+0000] {processor.py:179} INFO - Processing /home/airflow/.local/lib/python3.8/site-packages/airflow/example_dags/tutorial.py took 0.037 seconds
[2024-10-06T23:00:14.792+0000] {processor.py:157} INFO - Started process (PID=27452) to work on /home/airflow/.local/lib/python3.8/site-packages/airflow/example_dags/tutorial.py
[2024-10-06T23:00:14.792+0000] {processor.py:829} INFO - Processing file /home/airflow/.local/lib/python3.8/site-packages/airflow/example_dags/tutorial.py for tasks to queue
[2024-10-06T23:00:14.794+0000] {logging_mixin.py:154} INFO - [2024-10-06T23:00:14.793+0000] {dagbag.py:536} INFO - Filling up the DagBag from /home/airflow/.local/lib/python3.8/site-packages/airflow/example_dags/tutorial.py
[2024-10-06T23:00:14.798+0000] {processor.py:839} INFO - DAG(s) dict_keys(['tutorial']) retrieved from /home/airflow/.local/lib/python3.8/site-packages/airflow/example_dags/tutorial.py
[2024-10-06T23:00:14.808+0000] {logging_mixin.py:154} INFO - [2024-10-06T23:00:14.808+0000] {dag.py:2941} INFO - Sync 1 DAGs
[2024-10-06T23:00:14.819+0000] {logging_mixin.py:154} INFO - [2024-10-06T23:00:14.819+0000] {dag.py:3722} INFO - Setting next_dagrun for tutorial to 2024-10-05T23:00:14.819393+00:00, run_after=2024-10-06T23:00:14.819393+00:00
[2024-10-06T23:00:14.831+0000] {processor.py:179} INFO - Processing /home/airflow/.local/lib/python3.8/site-packages/airflow/example_dags/tutorial.py took 0.040 seconds
[2024-10-06T23:00:45.710+0000] {processor.py:157} INFO - Started process (PID=27506) to work on /home/airflow/.local/lib/python3.8/site-packages/airflow/example_dags/tutorial.py
[2024-10-06T23:00:45.710+0000] {processor.py:829} INFO - Processing file /home/airflow/.local/lib/python3.8/site-packages/airflow/example_dags/tutorial.py for tasks to queue
[2024-10-06T23:00:45.712+0000] {logging_mixin.py:154} INFO - [2024-10-06T23:00:45.712+0000] {dagbag.py:536} INFO - Filling up the DagBag from /home/airflow/.local/lib/python3.8/site-packages/airflow/example_dags/tutorial.py
[2024-10-06T23:00:45.715+0000] {processor.py:839} INFO - DAG(s) dict_keys(['tutorial']) retrieved from /home/airflow/.local/lib/python3.8/site-packages/airflow/example_dags/tutorial.py
[2024-10-06T23:00:45.724+0000] {logging_mixin.py:154} INFO - [2024-10-06T23:00:45.724+0000] {dag.py:2941} INFO - Sync 1 DAGs
[2024-10-06T23:00:45.733+0000] {logging_mixin.py:154} INFO - [2024-10-06T23:00:45.733+0000] {dag.py:3722} INFO - Setting next_dagrun for tutorial to 2024-10-05T23:00:45.733233+00:00, run_after=2024-10-06T23:00:45.733233+00:00
[2024-10-06T23:00:45.740+0000] {processor.py:179} INFO - Processing /home/airflow/.local/lib/python3.8/site-packages/airflow/example_dags/tutorial.py took 0.031 seconds
[2024-10-06T23:01:16.259+0000] {processor.py:157} INFO - Started process (PID=27560) to work on /home/airflow/.local/lib/python3.8/site-packages/airflow/example_dags/tutorial.py
[2024-10-06T23:01:16.259+0000] {processor.py:829} INFO - Processing file /home/airflow/.local/lib/python3.8/site-packages/airflow/example_dags/tutorial.py for tasks to queue
[2024-10-06T23:01:16.260+0000] {logging_mixin.py:154} INFO - [2024-10-06T23:01:16.260+0000] {dagbag.py:536} INFO - Filling up the DagBag from /home/airflow/.local/lib/python3.8/site-packages/airflow/example_dags/tutorial.py
[2024-10-06T23:01:16.264+0000] {processor.py:839} INFO - DAG(s) dict_keys(['tutorial']) retrieved from /home/airflow/.local/lib/python3.8/site-packages/airflow/example_dags/tutorial.py
[2024-10-06T23:01:16.271+0000] {logging_mixin.py:154} INFO - [2024-10-06T23:01:16.271+0000] {dag.py:2941} INFO - Sync 1 DAGs
[2024-10-06T23:01:16.279+0000] {logging_mixin.py:154} INFO - [2024-10-06T23:01:16.279+0000] {dag.py:3722} INFO - Setting next_dagrun for tutorial to 2024-10-05T23:01:16.279282+00:00, run_after=2024-10-06T23:01:16.279282+00:00
[2024-10-06T23:01:16.286+0000] {processor.py:179} INFO - Processing /home/airflow/.local/lib/python3.8/site-packages/airflow/example_dags/tutorial.py took 0.028 seconds
[2024-10-06T23:01:46.814+0000] {processor.py:157} INFO - Started process (PID=27614) to work on /home/airflow/.local/lib/python3.8/site-packages/airflow/example_dags/tutorial.py
[2024-10-06T23:01:46.815+0000] {processor.py:829} INFO - Processing file /home/airflow/.local/lib/python3.8/site-packages/airflow/example_dags/tutorial.py for tasks to queue
[2024-10-06T23:01:46.816+0000] {logging_mixin.py:154} INFO - [2024-10-06T23:01:46.815+0000] {dagbag.py:536} INFO - Filling up the DagBag from /home/airflow/.local/lib/python3.8/site-packages/airflow/example_dags/tutorial.py
[2024-10-06T23:01:46.819+0000] {processor.py:839} INFO - DAG(s) dict_keys(['tutorial']) retrieved from /home/airflow/.local/lib/python3.8/site-packages/airflow/example_dags/tutorial.py
[2024-10-06T23:01:46.827+0000] {logging_mixin.py:154} INFO - [2024-10-06T23:01:46.827+0000] {dag.py:2941} INFO - Sync 1 DAGs
[2024-10-06T23:01:46.836+0000] {logging_mixin.py:154} INFO - [2024-10-06T23:01:46.836+0000] {dag.py:3722} INFO - Setting next_dagrun for tutorial to 2024-10-05T23:01:46.836388+00:00, run_after=2024-10-06T23:01:46.836388+00:00
[2024-10-06T23:01:46.843+0000] {processor.py:179} INFO - Processing /home/airflow/.local/lib/python3.8/site-packages/airflow/example_dags/tutorial.py took 0.030 seconds
[2024-10-06T23:02:17.196+0000] {processor.py:157} INFO - Started process (PID=27668) to work on /home/airflow/.local/lib/python3.8/site-packages/airflow/example_dags/tutorial.py
[2024-10-06T23:02:17.196+0000] {processor.py:829} INFO - Processing file /home/airflow/.local/lib/python3.8/site-packages/airflow/example_dags/tutorial.py for tasks to queue
[2024-10-06T23:02:17.197+0000] {logging_mixin.py:154} INFO - [2024-10-06T23:02:17.197+0000] {dagbag.py:536} INFO - Filling up the DagBag from /home/airflow/.local/lib/python3.8/site-packages/airflow/example_dags/tutorial.py
[2024-10-06T23:02:17.200+0000] {processor.py:839} INFO - DAG(s) dict_keys(['tutorial']) retrieved from /home/airflow/.local/lib/python3.8/site-packages/airflow/example_dags/tutorial.py
[2024-10-06T23:02:17.208+0000] {logging_mixin.py:154} INFO - [2024-10-06T23:02:17.208+0000] {dag.py:2941} INFO - Sync 1 DAGs
[2024-10-06T23:02:17.215+0000] {logging_mixin.py:154} INFO - [2024-10-06T23:02:17.215+0000] {dag.py:3722} INFO - Setting next_dagrun for tutorial to 2024-10-05T23:02:17.215789+00:00, run_after=2024-10-06T23:02:17.215789+00:00
[2024-10-06T23:02:17.222+0000] {processor.py:179} INFO - Processing /home/airflow/.local/lib/python3.8/site-packages/airflow/example_dags/tutorial.py took 0.028 seconds
[2024-10-06T23:02:47.606+0000] {processor.py:157} INFO - Started process (PID=27722) to work on /home/airflow/.local/lib/python3.8/site-packages/airflow/example_dags/tutorial.py
[2024-10-06T23:02:47.607+0000] {processor.py:829} INFO - Processing file /home/airflow/.local/lib/python3.8/site-packages/airflow/example_dags/tutorial.py for tasks to queue
[2024-10-06T23:02:47.608+0000] {logging_mixin.py:154} INFO - [2024-10-06T23:02:47.608+0000] {dagbag.py:536} INFO - Filling up the DagBag from /home/airflow/.local/lib/python3.8/site-packages/airflow/example_dags/tutorial.py
[2024-10-06T23:02:47.611+0000] {processor.py:839} INFO - DAG(s) dict_keys(['tutorial']) retrieved from /home/airflow/.local/lib/python3.8/site-packages/airflow/example_dags/tutorial.py
[2024-10-06T23:02:47.621+0000] {logging_mixin.py:154} INFO - [2024-10-06T23:02:47.620+0000] {dag.py:2941} INFO - Sync 1 DAGs
[2024-10-06T23:02:47.628+0000] {logging_mixin.py:154} INFO - [2024-10-06T23:02:47.628+0000] {dag.py:3722} INFO - Setting next_dagrun for tutorial to 2024-10-05T23:02:47.628530+00:00, run_after=2024-10-06T23:02:47.628530+00:00
[2024-10-06T23:02:47.635+0000] {processor.py:179} INFO - Processing /home/airflow/.local/lib/python3.8/site-packages/airflow/example_dags/tutorial.py took 0.030 seconds
[2024-10-06T23:03:18.016+0000] {processor.py:157} INFO - Started process (PID=27776) to work on /home/airflow/.local/lib/python3.8/site-packages/airflow/example_dags/tutorial.py
[2024-10-06T23:03:18.016+0000] {processor.py:829} INFO - Processing file /home/airflow/.local/lib/python3.8/site-packages/airflow/example_dags/tutorial.py for tasks to queue
[2024-10-06T23:03:18.017+0000] {logging_mixin.py:154} INFO - [2024-10-06T23:03:18.017+0000] {dagbag.py:536} INFO - Filling up the DagBag from /home/airflow/.local/lib/python3.8/site-packages/airflow/example_dags/tutorial.py
[2024-10-06T23:03:18.020+0000] {processor.py:839} INFO - DAG(s) dict_keys(['tutorial']) retrieved from /home/airflow/.local/lib/python3.8/site-packages/airflow/example_dags/tutorial.py
[2024-10-06T23:03:18.029+0000] {logging_mixin.py:154} INFO - [2024-10-06T23:03:18.029+0000] {dag.py:2941} INFO - Sync 1 DAGs
[2024-10-06T23:03:18.036+0000] {logging_mixin.py:154} INFO - [2024-10-06T23:03:18.036+0000] {dag.py:3722} INFO - Setting next_dagrun for tutorial to 2024-10-05T23:03:18.036676+00:00, run_after=2024-10-06T23:03:18.036676+00:00
[2024-10-06T23:03:18.043+0000] {processor.py:179} INFO - Processing /home/airflow/.local/lib/python3.8/site-packages/airflow/example_dags/tutorial.py took 0.029 seconds
[2024-10-06T23:03:48.529+0000] {processor.py:157} INFO - Started process (PID=27830) to work on /home/airflow/.local/lib/python3.8/site-packages/airflow/example_dags/tutorial.py
[2024-10-06T23:03:48.529+0000] {processor.py:829} INFO - Processing file /home/airflow/.local/lib/python3.8/site-packages/airflow/example_dags/tutorial.py for tasks to queue
[2024-10-06T23:03:48.530+0000] {logging_mixin.py:154} INFO - [2024-10-06T23:03:48.530+0000] {dagbag.py:536} INFO - Filling up the DagBag from /home/airflow/.local/lib/python3.8/site-packages/airflow/example_dags/tutorial.py
[2024-10-06T23:03:48.533+0000] {processor.py:839} INFO - DAG(s) dict_keys(['tutorial']) retrieved from /home/airflow/.local/lib/python3.8/site-packages/airflow/example_dags/tutorial.py
[2024-10-06T23:03:48.541+0000] {logging_mixin.py:154} INFO - [2024-10-06T23:03:48.541+0000] {dag.py:2941} INFO - Sync 1 DAGs
[2024-10-06T23:03:48.550+0000] {logging_mixin.py:154} INFO - [2024-10-06T23:03:48.550+0000] {dag.py:3722} INFO - Setting next_dagrun for tutorial to 2024-10-05T23:03:48.550322+00:00, run_after=2024-10-06T23:03:48.550322+00:00
[2024-10-06T23:03:48.557+0000] {processor.py:179} INFO - Processing /home/airflow/.local/lib/python3.8/site-packages/airflow/example_dags/tutorial.py took 0.029 seconds
[2024-10-06T23:04:18.937+0000] {processor.py:157} INFO - Started process (PID=27884) to work on /home/airflow/.local/lib/python3.8/site-packages/airflow/example_dags/tutorial.py
[2024-10-06T23:04:18.937+0000] {processor.py:829} INFO - Processing file /home/airflow/.local/lib/python3.8/site-packages/airflow/example_dags/tutorial.py for tasks to queue
[2024-10-06T23:04:18.938+0000] {logging_mixin.py:154} INFO - [2024-10-06T23:04:18.938+0000] {dagbag.py:536} INFO - Filling up the DagBag from /home/airflow/.local/lib/python3.8/site-packages/airflow/example_dags/tutorial.py
[2024-10-06T23:04:18.942+0000] {processor.py:839} INFO - DAG(s) dict_keys(['tutorial']) retrieved from /home/airflow/.local/lib/python3.8/site-packages/airflow/example_dags/tutorial.py
[2024-10-06T23:04:18.950+0000] {logging_mixin.py:154} INFO - [2024-10-06T23:04:18.950+0000] {dag.py:2941} INFO - Sync 1 DAGs
[2024-10-06T23:04:18.957+0000] {logging_mixin.py:154} INFO - [2024-10-06T23:04:18.957+0000] {dag.py:3722} INFO - Setting next_dagrun for tutorial to 2024-10-05T23:04:18.957274+00:00, run_after=2024-10-06T23:04:18.957274+00:00
[2024-10-06T23:04:18.964+0000] {processor.py:179} INFO - Processing /home/airflow/.local/lib/python3.8/site-packages/airflow/example_dags/tutorial.py took 0.028 seconds
[2024-10-06T23:04:49.423+0000] {processor.py:157} INFO - Started process (PID=27938) to work on /home/airflow/.local/lib/python3.8/site-packages/airflow/example_dags/tutorial.py
[2024-10-06T23:04:49.423+0000] {processor.py:829} INFO - Processing file /home/airflow/.local/lib/python3.8/site-packages/airflow/example_dags/tutorial.py for tasks to queue
[2024-10-06T23:04:49.425+0000] {logging_mixin.py:154} INFO - [2024-10-06T23:04:49.424+0000] {dagbag.py:536} INFO - Filling up the DagBag from /home/airflow/.local/lib/python3.8/site-packages/airflow/example_dags/tutorial.py
[2024-10-06T23:04:49.428+0000] {processor.py:839} INFO - DAG(s) dict_keys(['tutorial']) retrieved from /home/airflow/.local/lib/python3.8/site-packages/airflow/example_dags/tutorial.py
[2024-10-06T23:04:49.436+0000] {logging_mixin.py:154} INFO - [2024-10-06T23:04:49.436+0000] {dag.py:2941} INFO - Sync 1 DAGs
[2024-10-06T23:04:49.444+0000] {logging_mixin.py:154} INFO - [2024-10-06T23:04:49.444+0000] {dag.py:3722} INFO - Setting next_dagrun for tutorial to 2024-10-05T23:04:49.444677+00:00, run_after=2024-10-06T23:04:49.444677+00:00
[2024-10-06T23:04:49.451+0000] {processor.py:179} INFO - Processing /home/airflow/.local/lib/python3.8/site-packages/airflow/example_dags/tutorial.py took 0.029 seconds
[2024-10-06T23:05:19.754+0000] {processor.py:157} INFO - Started process (PID=27992) to work on /home/airflow/.local/lib/python3.8/site-packages/airflow/example_dags/tutorial.py
[2024-10-06T23:05:19.755+0000] {processor.py:829} INFO - Processing file /home/airflow/.local/lib/python3.8/site-packages/airflow/example_dags/tutorial.py for tasks to queue
[2024-10-06T23:05:19.756+0000] {logging_mixin.py:154} INFO - [2024-10-06T23:05:19.756+0000] {dagbag.py:536} INFO - Filling up the DagBag from /home/airflow/.local/lib/python3.8/site-packages/airflow/example_dags/tutorial.py
[2024-10-06T23:05:19.759+0000] {processor.py:839} INFO - DAG(s) dict_keys(['tutorial']) retrieved from /home/airflow/.local/lib/python3.8/site-packages/airflow/example_dags/tutorial.py
[2024-10-06T23:05:19.767+0000] {logging_mixin.py:154} INFO - [2024-10-06T23:05:19.767+0000] {dag.py:2941} INFO - Sync 1 DAGs
[2024-10-06T23:05:19.776+0000] {logging_mixin.py:154} INFO - [2024-10-06T23:05:19.775+0000] {dag.py:3722} INFO - Setting next_dagrun for tutorial to 2024-10-05T23:05:19.775895+00:00, run_after=2024-10-06T23:05:19.775895+00:00
[2024-10-06T23:05:19.782+0000] {processor.py:179} INFO - Processing /home/airflow/.local/lib/python3.8/site-packages/airflow/example_dags/tutorial.py took 0.030 seconds
[2024-10-06T23:05:50.220+0000] {processor.py:157} INFO - Started process (PID=28046) to work on /home/airflow/.local/lib/python3.8/site-packages/airflow/example_dags/tutorial.py
[2024-10-06T23:05:50.220+0000] {processor.py:829} INFO - Processing file /home/airflow/.local/lib/python3.8/site-packages/airflow/example_dags/tutorial.py for tasks to queue
[2024-10-06T23:05:50.221+0000] {logging_mixin.py:154} INFO - [2024-10-06T23:05:50.221+0000] {dagbag.py:536} INFO - Filling up the DagBag from /home/airflow/.local/lib/python3.8/site-packages/airflow/example_dags/tutorial.py
[2024-10-06T23:05:50.224+0000] {processor.py:839} INFO - DAG(s) dict_keys(['tutorial']) retrieved from /home/airflow/.local/lib/python3.8/site-packages/airflow/example_dags/tutorial.py
[2024-10-06T23:05:50.233+0000] {logging_mixin.py:154} INFO - [2024-10-06T23:05:50.233+0000] {dag.py:2941} INFO - Sync 1 DAGs
[2024-10-06T23:05:50.241+0000] {logging_mixin.py:154} INFO - [2024-10-06T23:05:50.241+0000] {dag.py:3722} INFO - Setting next_dagrun for tutorial to 2024-10-05T23:05:50.241490+00:00, run_after=2024-10-06T23:05:50.241490+00:00
[2024-10-06T23:05:50.247+0000] {processor.py:179} INFO - Processing /home/airflow/.local/lib/python3.8/site-packages/airflow/example_dags/tutorial.py took 0.029 seconds
[2024-10-06T23:06:20.634+0000] {processor.py:157} INFO - Started process (PID=28100) to work on /home/airflow/.local/lib/python3.8/site-packages/airflow/example_dags/tutorial.py
[2024-10-06T23:06:20.634+0000] {processor.py:829} INFO - Processing file /home/airflow/.local/lib/python3.8/site-packages/airflow/example_dags/tutorial.py for tasks to queue
[2024-10-06T23:06:20.635+0000] {logging_mixin.py:154} INFO - [2024-10-06T23:06:20.635+0000] {dagbag.py:536} INFO - Filling up the DagBag from /home/airflow/.local/lib/python3.8/site-packages/airflow/example_dags/tutorial.py
[2024-10-06T23:06:20.638+0000] {processor.py:839} INFO - DAG(s) dict_keys(['tutorial']) retrieved from /home/airflow/.local/lib/python3.8/site-packages/airflow/example_dags/tutorial.py
[2024-10-06T23:06:20.646+0000] {logging_mixin.py:154} INFO - [2024-10-06T23:06:20.646+0000] {dag.py:2941} INFO - Sync 1 DAGs
[2024-10-06T23:06:20.654+0000] {logging_mixin.py:154} INFO - [2024-10-06T23:06:20.654+0000] {dag.py:3722} INFO - Setting next_dagrun for tutorial to 2024-10-05T23:06:20.654220+00:00, run_after=2024-10-06T23:06:20.654220+00:00
[2024-10-06T23:06:20.661+0000] {processor.py:179} INFO - Processing /home/airflow/.local/lib/python3.8/site-packages/airflow/example_dags/tutorial.py took 0.029 seconds
[2024-10-06T23:06:51.076+0000] {processor.py:157} INFO - Started process (PID=28154) to work on /home/airflow/.local/lib/python3.8/site-packages/airflow/example_dags/tutorial.py
[2024-10-06T23:06:51.076+0000] {processor.py:829} INFO - Processing file /home/airflow/.local/lib/python3.8/site-packages/airflow/example_dags/tutorial.py for tasks to queue
[2024-10-06T23:06:51.077+0000] {logging_mixin.py:154} INFO - [2024-10-06T23:06:51.077+0000] {dagbag.py:536} INFO - Filling up the DagBag from /home/airflow/.local/lib/python3.8/site-packages/airflow/example_dags/tutorial.py
[2024-10-06T23:06:51.080+0000] {processor.py:839} INFO - DAG(s) dict_keys(['tutorial']) retrieved from /home/airflow/.local/lib/python3.8/site-packages/airflow/example_dags/tutorial.py
[2024-10-06T23:06:51.089+0000] {logging_mixin.py:154} INFO - [2024-10-06T23:06:51.089+0000] {dag.py:2941} INFO - Sync 1 DAGs
[2024-10-06T23:06:51.097+0000] {logging_mixin.py:154} INFO - [2024-10-06T23:06:51.097+0000] {dag.py:3722} INFO - Setting next_dagrun for tutorial to 2024-10-05T23:06:51.097545+00:00, run_after=2024-10-06T23:06:51.097545+00:00
[2024-10-06T23:06:51.104+0000] {processor.py:179} INFO - Processing /home/airflow/.local/lib/python3.8/site-packages/airflow/example_dags/tutorial.py took 0.030 seconds
[2024-10-06T23:07:21.475+0000] {processor.py:157} INFO - Started process (PID=28208) to work on /home/airflow/.local/lib/python3.8/site-packages/airflow/example_dags/tutorial.py
[2024-10-06T23:07:21.475+0000] {processor.py:829} INFO - Processing file /home/airflow/.local/lib/python3.8/site-packages/airflow/example_dags/tutorial.py for tasks to queue
[2024-10-06T23:07:21.476+0000] {logging_mixin.py:154} INFO - [2024-10-06T23:07:21.476+0000] {dagbag.py:536} INFO - Filling up the DagBag from /home/airflow/.local/lib/python3.8/site-packages/airflow/example_dags/tutorial.py
[2024-10-06T23:07:21.479+0000] {processor.py:839} INFO - DAG(s) dict_keys(['tutorial']) retrieved from /home/airflow/.local/lib/python3.8/site-packages/airflow/example_dags/tutorial.py
[2024-10-06T23:07:21.487+0000] {logging_mixin.py:154} INFO - [2024-10-06T23:07:21.487+0000] {dag.py:2941} INFO - Sync 1 DAGs
[2024-10-06T23:07:21.494+0000] {logging_mixin.py:154} INFO - [2024-10-06T23:07:21.494+0000] {dag.py:3722} INFO - Setting next_dagrun for tutorial to 2024-10-05T23:07:21.494614+00:00, run_after=2024-10-06T23:07:21.494614+00:00
[2024-10-06T23:07:21.501+0000] {processor.py:179} INFO - Processing /home/airflow/.local/lib/python3.8/site-packages/airflow/example_dags/tutorial.py took 0.028 seconds
[2024-10-06T23:07:51.959+0000] {processor.py:157} INFO - Started process (PID=28262) to work on /home/airflow/.local/lib/python3.8/site-packages/airflow/example_dags/tutorial.py
[2024-10-06T23:07:51.959+0000] {processor.py:829} INFO - Processing file /home/airflow/.local/lib/python3.8/site-packages/airflow/example_dags/tutorial.py for tasks to queue
[2024-10-06T23:07:51.960+0000] {logging_mixin.py:154} INFO - [2024-10-06T23:07:51.960+0000] {dagbag.py:536} INFO - Filling up the DagBag from /home/airflow/.local/lib/python3.8/site-packages/airflow/example_dags/tutorial.py
[2024-10-06T23:07:51.964+0000] {processor.py:839} INFO - DAG(s) dict_keys(['tutorial']) retrieved from /home/airflow/.local/lib/python3.8/site-packages/airflow/example_dags/tutorial.py
[2024-10-06T23:07:51.972+0000] {logging_mixin.py:154} INFO - [2024-10-06T23:07:51.972+0000] {dag.py:2941} INFO - Sync 1 DAGs
[2024-10-06T23:07:51.980+0000] {logging_mixin.py:154} INFO - [2024-10-06T23:07:51.980+0000] {dag.py:3722} INFO - Setting next_dagrun for tutorial to 2024-10-05T23:07:51.979937+00:00, run_after=2024-10-06T23:07:51.979937+00:00
[2024-10-06T23:07:51.986+0000] {processor.py:179} INFO - Processing /home/airflow/.local/lib/python3.8/site-packages/airflow/example_dags/tutorial.py took 0.029 seconds
[2024-10-06T23:08:22.318+0000] {processor.py:157} INFO - Started process (PID=28316) to work on /home/airflow/.local/lib/python3.8/site-packages/airflow/example_dags/tutorial.py
[2024-10-06T23:08:22.318+0000] {processor.py:829} INFO - Processing file /home/airflow/.local/lib/python3.8/site-packages/airflow/example_dags/tutorial.py for tasks to queue
[2024-10-06T23:08:22.319+0000] {logging_mixin.py:154} INFO - [2024-10-06T23:08:22.319+0000] {dagbag.py:536} INFO - Filling up the DagBag from /home/airflow/.local/lib/python3.8/site-packages/airflow/example_dags/tutorial.py
[2024-10-06T23:08:22.322+0000] {processor.py:839} INFO - DAG(s) dict_keys(['tutorial']) retrieved from /home/airflow/.local/lib/python3.8/site-packages/airflow/example_dags/tutorial.py
[2024-10-06T23:08:22.330+0000] {logging_mixin.py:154} INFO - [2024-10-06T23:08:22.330+0000] {dag.py:2941} INFO - Sync 1 DAGs
[2024-10-06T23:08:22.338+0000] {logging_mixin.py:154} INFO - [2024-10-06T23:08:22.338+0000] {dag.py:3722} INFO - Setting next_dagrun for tutorial to 2024-10-05T23:08:22.338056+00:00, run_after=2024-10-06T23:08:22.338056+00:00
[2024-10-06T23:08:22.345+0000] {processor.py:179} INFO - Processing /home/airflow/.local/lib/python3.8/site-packages/airflow/example_dags/tutorial.py took 0.028 seconds
[2024-10-06T23:08:52.778+0000] {processor.py:157} INFO - Started process (PID=28370) to work on /home/airflow/.local/lib/python3.8/site-packages/airflow/example_dags/tutorial.py
[2024-10-06T23:08:52.779+0000] {processor.py:829} INFO - Processing file /home/airflow/.local/lib/python3.8/site-packages/airflow/example_dags/tutorial.py for tasks to queue
[2024-10-06T23:08:52.780+0000] {logging_mixin.py:154} INFO - [2024-10-06T23:08:52.780+0000] {dagbag.py:536} INFO - Filling up the DagBag from /home/airflow/.local/lib/python3.8/site-packages/airflow/example_dags/tutorial.py
[2024-10-06T23:08:52.783+0000] {processor.py:839} INFO - DAG(s) dict_keys(['tutorial']) retrieved from /home/airflow/.local/lib/python3.8/site-packages/airflow/example_dags/tutorial.py
[2024-10-06T23:08:52.791+0000] {logging_mixin.py:154} INFO - [2024-10-06T23:08:52.791+0000] {dag.py:2941} INFO - Sync 1 DAGs
[2024-10-06T23:08:52.799+0000] {logging_mixin.py:154} INFO - [2024-10-06T23:08:52.799+0000] {dag.py:3722} INFO - Setting next_dagrun for tutorial to 2024-10-05T23:08:52.799776+00:00, run_after=2024-10-06T23:08:52.799776+00:00
[2024-10-06T23:08:52.806+0000] {processor.py:179} INFO - Processing /home/airflow/.local/lib/python3.8/site-packages/airflow/example_dags/tutorial.py took 0.029 seconds
[2024-10-06T23:09:23.173+0000] {processor.py:157} INFO - Started process (PID=28431) to work on /home/airflow/.local/lib/python3.8/site-packages/airflow/example_dags/tutorial.py
[2024-10-06T23:09:23.173+0000] {processor.py:829} INFO - Processing file /home/airflow/.local/lib/python3.8/site-packages/airflow/example_dags/tutorial.py for tasks to queue
[2024-10-06T23:09:23.174+0000] {logging_mixin.py:154} INFO - [2024-10-06T23:09:23.174+0000] {dagbag.py:536} INFO - Filling up the DagBag from /home/airflow/.local/lib/python3.8/site-packages/airflow/example_dags/tutorial.py
[2024-10-06T23:09:23.177+0000] {processor.py:839} INFO - DAG(s) dict_keys(['tutorial']) retrieved from /home/airflow/.local/lib/python3.8/site-packages/airflow/example_dags/tutorial.py
[2024-10-06T23:09:23.186+0000] {logging_mixin.py:154} INFO - [2024-10-06T23:09:23.186+0000] {dag.py:2941} INFO - Sync 1 DAGs
[2024-10-06T23:09:23.194+0000] {logging_mixin.py:154} INFO - [2024-10-06T23:09:23.194+0000] {dag.py:3722} INFO - Setting next_dagrun for tutorial to 2024-10-05T23:09:23.194649+00:00, run_after=2024-10-06T23:09:23.194649+00:00
[2024-10-06T23:09:23.201+0000] {processor.py:179} INFO - Processing /home/airflow/.local/lib/python3.8/site-packages/airflow/example_dags/tutorial.py took 0.029 seconds
[2024-10-06T23:09:53.630+0000] {processor.py:157} INFO - Started process (PID=28485) to work on /home/airflow/.local/lib/python3.8/site-packages/airflow/example_dags/tutorial.py
[2024-10-06T23:09:53.631+0000] {processor.py:829} INFO - Processing file /home/airflow/.local/lib/python3.8/site-packages/airflow/example_dags/tutorial.py for tasks to queue
[2024-10-06T23:09:53.634+0000] {logging_mixin.py:154} INFO - [2024-10-06T23:09:53.634+0000] {dagbag.py:536} INFO - Filling up the DagBag from /home/airflow/.local/lib/python3.8/site-packages/airflow/example_dags/tutorial.py
[2024-10-06T23:09:53.637+0000] {processor.py:839} INFO - DAG(s) dict_keys(['tutorial']) retrieved from /home/airflow/.local/lib/python3.8/site-packages/airflow/example_dags/tutorial.py
[2024-10-06T23:09:53.646+0000] {logging_mixin.py:154} INFO - [2024-10-06T23:09:53.646+0000] {dag.py:2941} INFO - Sync 1 DAGs
[2024-10-06T23:09:53.655+0000] {logging_mixin.py:154} INFO - [2024-10-06T23:09:53.655+0000] {dag.py:3722} INFO - Setting next_dagrun for tutorial to 2024-10-05T23:09:53.655246+00:00, run_after=2024-10-06T23:09:53.655246+00:00
[2024-10-06T23:09:53.662+0000] {processor.py:179} INFO - Processing /home/airflow/.local/lib/python3.8/site-packages/airflow/example_dags/tutorial.py took 0.034 seconds
[2024-10-06T23:10:24.057+0000] {processor.py:157} INFO - Started process (PID=28539) to work on /home/airflow/.local/lib/python3.8/site-packages/airflow/example_dags/tutorial.py
[2024-10-06T23:10:24.058+0000] {processor.py:829} INFO - Processing file /home/airflow/.local/lib/python3.8/site-packages/airflow/example_dags/tutorial.py for tasks to queue
[2024-10-06T23:10:24.059+0000] {logging_mixin.py:154} INFO - [2024-10-06T23:10:24.059+0000] {dagbag.py:536} INFO - Filling up the DagBag from /home/airflow/.local/lib/python3.8/site-packages/airflow/example_dags/tutorial.py
[2024-10-06T23:10:24.062+0000] {processor.py:839} INFO - DAG(s) dict_keys(['tutorial']) retrieved from /home/airflow/.local/lib/python3.8/site-packages/airflow/example_dags/tutorial.py
[2024-10-06T23:10:24.070+0000] {logging_mixin.py:154} INFO - [2024-10-06T23:10:24.070+0000] {dag.py:2941} INFO - Sync 1 DAGs
[2024-10-06T23:10:24.078+0000] {logging_mixin.py:154} INFO - [2024-10-06T23:10:24.078+0000] {dag.py:3722} INFO - Setting next_dagrun for tutorial to 2024-10-05T23:10:24.078298+00:00, run_after=2024-10-06T23:10:24.078298+00:00
[2024-10-06T23:10:24.085+0000] {processor.py:179} INFO - Processing /home/airflow/.local/lib/python3.8/site-packages/airflow/example_dags/tutorial.py took 0.029 seconds
[2024-10-06T23:10:54.497+0000] {processor.py:157} INFO - Started process (PID=28593) to work on /home/airflow/.local/lib/python3.8/site-packages/airflow/example_dags/tutorial.py
[2024-10-06T23:10:54.497+0000] {processor.py:829} INFO - Processing file /home/airflow/.local/lib/python3.8/site-packages/airflow/example_dags/tutorial.py for tasks to queue
[2024-10-06T23:10:54.498+0000] {logging_mixin.py:154} INFO - [2024-10-06T23:10:54.498+0000] {dagbag.py:536} INFO - Filling up the DagBag from /home/airflow/.local/lib/python3.8/site-packages/airflow/example_dags/tutorial.py
[2024-10-06T23:10:54.501+0000] {processor.py:839} INFO - DAG(s) dict_keys(['tutorial']) retrieved from /home/airflow/.local/lib/python3.8/site-packages/airflow/example_dags/tutorial.py
[2024-10-06T23:10:54.510+0000] {logging_mixin.py:154} INFO - [2024-10-06T23:10:54.510+0000] {dag.py:2941} INFO - Sync 1 DAGs
[2024-10-06T23:10:54.518+0000] {logging_mixin.py:154} INFO - [2024-10-06T23:10:54.518+0000] {dag.py:3722} INFO - Setting next_dagrun for tutorial to 2024-10-05T23:10:54.518570+00:00, run_after=2024-10-06T23:10:54.518570+00:00
[2024-10-06T23:10:54.525+0000] {processor.py:179} INFO - Processing /home/airflow/.local/lib/python3.8/site-packages/airflow/example_dags/tutorial.py took 0.030 seconds
[2024-10-06T23:11:24.902+0000] {processor.py:157} INFO - Started process (PID=28647) to work on /home/airflow/.local/lib/python3.8/site-packages/airflow/example_dags/tutorial.py
[2024-10-06T23:11:24.903+0000] {processor.py:829} INFO - Processing file /home/airflow/.local/lib/python3.8/site-packages/airflow/example_dags/tutorial.py for tasks to queue
[2024-10-06T23:11:24.904+0000] {logging_mixin.py:154} INFO - [2024-10-06T23:11:24.904+0000] {dagbag.py:536} INFO - Filling up the DagBag from /home/airflow/.local/lib/python3.8/site-packages/airflow/example_dags/tutorial.py
[2024-10-06T23:11:24.907+0000] {processor.py:839} INFO - DAG(s) dict_keys(['tutorial']) retrieved from /home/airflow/.local/lib/python3.8/site-packages/airflow/example_dags/tutorial.py
[2024-10-06T23:11:24.916+0000] {logging_mixin.py:154} INFO - [2024-10-06T23:11:24.916+0000] {dag.py:2941} INFO - Sync 1 DAGs
[2024-10-06T23:11:24.924+0000] {logging_mixin.py:154} INFO - [2024-10-06T23:11:24.924+0000] {dag.py:3722} INFO - Setting next_dagrun for tutorial to 2024-10-05T23:11:24.924811+00:00, run_after=2024-10-06T23:11:24.924811+00:00
[2024-10-06T23:11:24.931+0000] {processor.py:179} INFO - Processing /home/airflow/.local/lib/python3.8/site-packages/airflow/example_dags/tutorial.py took 0.031 seconds
[2024-10-06T23:11:55.375+0000] {processor.py:157} INFO - Started process (PID=28701) to work on /home/airflow/.local/lib/python3.8/site-packages/airflow/example_dags/tutorial.py
[2024-10-06T23:11:55.376+0000] {processor.py:829} INFO - Processing file /home/airflow/.local/lib/python3.8/site-packages/airflow/example_dags/tutorial.py for tasks to queue
[2024-10-06T23:11:55.377+0000] {logging_mixin.py:154} INFO - [2024-10-06T23:11:55.377+0000] {dagbag.py:536} INFO - Filling up the DagBag from /home/airflow/.local/lib/python3.8/site-packages/airflow/example_dags/tutorial.py
[2024-10-06T23:11:55.380+0000] {processor.py:839} INFO - DAG(s) dict_keys(['tutorial']) retrieved from /home/airflow/.local/lib/python3.8/site-packages/airflow/example_dags/tutorial.py
[2024-10-06T23:11:55.390+0000] {logging_mixin.py:154} INFO - [2024-10-06T23:11:55.390+0000] {dag.py:2941} INFO - Sync 1 DAGs
[2024-10-06T23:11:55.399+0000] {logging_mixin.py:154} INFO - [2024-10-06T23:11:55.399+0000] {dag.py:3722} INFO - Setting next_dagrun for tutorial to 2024-10-05T23:11:55.399453+00:00, run_after=2024-10-06T23:11:55.399453+00:00
[2024-10-06T23:11:55.407+0000] {processor.py:179} INFO - Processing /home/airflow/.local/lib/python3.8/site-packages/airflow/example_dags/tutorial.py took 0.034 seconds
[2024-10-06T23:12:25.841+0000] {processor.py:157} INFO - Started process (PID=28755) to work on /home/airflow/.local/lib/python3.8/site-packages/airflow/example_dags/tutorial.py
[2024-10-06T23:12:25.841+0000] {processor.py:829} INFO - Processing file /home/airflow/.local/lib/python3.8/site-packages/airflow/example_dags/tutorial.py for tasks to queue
[2024-10-06T23:12:25.842+0000] {logging_mixin.py:154} INFO - [2024-10-06T23:12:25.842+0000] {dagbag.py:536} INFO - Filling up the DagBag from /home/airflow/.local/lib/python3.8/site-packages/airflow/example_dags/tutorial.py
[2024-10-06T23:12:25.845+0000] {processor.py:839} INFO - DAG(s) dict_keys(['tutorial']) retrieved from /home/airflow/.local/lib/python3.8/site-packages/airflow/example_dags/tutorial.py
[2024-10-06T23:12:25.853+0000] {logging_mixin.py:154} INFO - [2024-10-06T23:12:25.853+0000] {dag.py:2941} INFO - Sync 1 DAGs
[2024-10-06T23:12:25.861+0000] {logging_mixin.py:154} INFO - [2024-10-06T23:12:25.861+0000] {dag.py:3722} INFO - Setting next_dagrun for tutorial to 2024-10-05T23:12:25.861117+00:00, run_after=2024-10-06T23:12:25.861117+00:00
[2024-10-06T23:12:25.868+0000] {processor.py:179} INFO - Processing /home/airflow/.local/lib/python3.8/site-packages/airflow/example_dags/tutorial.py took 0.029 seconds
[2024-10-06T23:12:56.260+0000] {processor.py:157} INFO - Started process (PID=28809) to work on /home/airflow/.local/lib/python3.8/site-packages/airflow/example_dags/tutorial.py
[2024-10-06T23:12:56.261+0000] {processor.py:829} INFO - Processing file /home/airflow/.local/lib/python3.8/site-packages/airflow/example_dags/tutorial.py for tasks to queue
[2024-10-06T23:12:56.263+0000] {logging_mixin.py:154} INFO - [2024-10-06T23:12:56.262+0000] {dagbag.py:536} INFO - Filling up the DagBag from /home/airflow/.local/lib/python3.8/site-packages/airflow/example_dags/tutorial.py
[2024-10-06T23:12:56.266+0000] {processor.py:839} INFO - DAG(s) dict_keys(['tutorial']) retrieved from /home/airflow/.local/lib/python3.8/site-packages/airflow/example_dags/tutorial.py
[2024-10-06T23:12:56.276+0000] {logging_mixin.py:154} INFO - [2024-10-06T23:12:56.276+0000] {dag.py:2941} INFO - Sync 1 DAGs
[2024-10-06T23:12:56.284+0000] {logging_mixin.py:154} INFO - [2024-10-06T23:12:56.284+0000] {dag.py:3722} INFO - Setting next_dagrun for tutorial to 2024-10-05T23:12:56.284662+00:00, run_after=2024-10-06T23:12:56.284662+00:00
[2024-10-06T23:12:56.291+0000] {processor.py:179} INFO - Processing /home/airflow/.local/lib/python3.8/site-packages/airflow/example_dags/tutorial.py took 0.033 seconds
[2024-10-06T23:13:26.790+0000] {processor.py:157} INFO - Started process (PID=28863) to work on /home/airflow/.local/lib/python3.8/site-packages/airflow/example_dags/tutorial.py
[2024-10-06T23:13:26.790+0000] {processor.py:829} INFO - Processing file /home/airflow/.local/lib/python3.8/site-packages/airflow/example_dags/tutorial.py for tasks to queue
[2024-10-06T23:13:26.792+0000] {logging_mixin.py:154} INFO - [2024-10-06T23:13:26.791+0000] {dagbag.py:536} INFO - Filling up the DagBag from /home/airflow/.local/lib/python3.8/site-packages/airflow/example_dags/tutorial.py
[2024-10-06T23:13:26.795+0000] {processor.py:839} INFO - DAG(s) dict_keys(['tutorial']) retrieved from /home/airflow/.local/lib/python3.8/site-packages/airflow/example_dags/tutorial.py
[2024-10-06T23:13:26.804+0000] {logging_mixin.py:154} INFO - [2024-10-06T23:13:26.804+0000] {dag.py:2941} INFO - Sync 1 DAGs
[2024-10-06T23:13:26.813+0000] {logging_mixin.py:154} INFO - [2024-10-06T23:13:26.812+0000] {dag.py:3722} INFO - Setting next_dagrun for tutorial to 2024-10-05T23:13:26.812865+00:00, run_after=2024-10-06T23:13:26.812865+00:00
[2024-10-06T23:13:26.819+0000] {processor.py:179} INFO - Processing /home/airflow/.local/lib/python3.8/site-packages/airflow/example_dags/tutorial.py took 0.031 seconds
[2024-10-06T23:13:57.179+0000] {processor.py:157} INFO - Started process (PID=28917) to work on /home/airflow/.local/lib/python3.8/site-packages/airflow/example_dags/tutorial.py
[2024-10-06T23:13:57.180+0000] {processor.py:829} INFO - Processing file /home/airflow/.local/lib/python3.8/site-packages/airflow/example_dags/tutorial.py for tasks to queue
[2024-10-06T23:13:57.184+0000] {logging_mixin.py:154} INFO - [2024-10-06T23:13:57.184+0000] {dagbag.py:536} INFO - Filling up the DagBag from /home/airflow/.local/lib/python3.8/site-packages/airflow/example_dags/tutorial.py
[2024-10-06T23:13:57.187+0000] {processor.py:839} INFO - DAG(s) dict_keys(['tutorial']) retrieved from /home/airflow/.local/lib/python3.8/site-packages/airflow/example_dags/tutorial.py
[2024-10-06T23:13:57.197+0000] {logging_mixin.py:154} INFO - [2024-10-06T23:13:57.196+0000] {dag.py:2941} INFO - Sync 1 DAGs
[2024-10-06T23:13:57.205+0000] {logging_mixin.py:154} INFO - [2024-10-06T23:13:57.205+0000] {dag.py:3722} INFO - Setting next_dagrun for tutorial to 2024-10-05T23:13:57.205162+00:00, run_after=2024-10-06T23:13:57.205162+00:00
[2024-10-06T23:13:57.212+0000] {processor.py:179} INFO - Processing /home/airflow/.local/lib/python3.8/site-packages/airflow/example_dags/tutorial.py took 0.035 seconds
[2024-10-06T23:14:27.704+0000] {processor.py:157} INFO - Started process (PID=28971) to work on /home/airflow/.local/lib/python3.8/site-packages/airflow/example_dags/tutorial.py
[2024-10-06T23:14:27.705+0000] {processor.py:829} INFO - Processing file /home/airflow/.local/lib/python3.8/site-packages/airflow/example_dags/tutorial.py for tasks to queue
[2024-10-06T23:14:27.708+0000] {logging_mixin.py:154} INFO - [2024-10-06T23:14:27.708+0000] {dagbag.py:536} INFO - Filling up the DagBag from /home/airflow/.local/lib/python3.8/site-packages/airflow/example_dags/tutorial.py
[2024-10-06T23:14:27.711+0000] {processor.py:839} INFO - DAG(s) dict_keys(['tutorial']) retrieved from /home/airflow/.local/lib/python3.8/site-packages/airflow/example_dags/tutorial.py
[2024-10-06T23:14:27.720+0000] {logging_mixin.py:154} INFO - [2024-10-06T23:14:27.719+0000] {dag.py:2941} INFO - Sync 1 DAGs
[2024-10-06T23:14:27.727+0000] {logging_mixin.py:154} INFO - [2024-10-06T23:14:27.727+0000] {dag.py:3722} INFO - Setting next_dagrun for tutorial to 2024-10-05T23:14:27.727824+00:00, run_after=2024-10-06T23:14:27.727824+00:00
[2024-10-06T23:14:27.734+0000] {processor.py:179} INFO - Processing /home/airflow/.local/lib/python3.8/site-packages/airflow/example_dags/tutorial.py took 0.031 seconds
[2024-10-06T23:14:58.218+0000] {processor.py:157} INFO - Started process (PID=29025) to work on /home/airflow/.local/lib/python3.8/site-packages/airflow/example_dags/tutorial.py
[2024-10-06T23:14:58.218+0000] {processor.py:829} INFO - Processing file /home/airflow/.local/lib/python3.8/site-packages/airflow/example_dags/tutorial.py for tasks to queue
[2024-10-06T23:14:58.219+0000] {logging_mixin.py:154} INFO - [2024-10-06T23:14:58.219+0000] {dagbag.py:536} INFO - Filling up the DagBag from /home/airflow/.local/lib/python3.8/site-packages/airflow/example_dags/tutorial.py
[2024-10-06T23:14:58.222+0000] {processor.py:839} INFO - DAG(s) dict_keys(['tutorial']) retrieved from /home/airflow/.local/lib/python3.8/site-packages/airflow/example_dags/tutorial.py
[2024-10-06T23:14:58.231+0000] {logging_mixin.py:154} INFO - [2024-10-06T23:14:58.231+0000] {dag.py:2941} INFO - Sync 1 DAGs
[2024-10-06T23:14:58.239+0000] {logging_mixin.py:154} INFO - [2024-10-06T23:14:58.239+0000] {dag.py:3722} INFO - Setting next_dagrun for tutorial to 2024-10-05T23:14:58.239816+00:00, run_after=2024-10-06T23:14:58.239816+00:00
[2024-10-06T23:14:58.246+0000] {processor.py:179} INFO - Processing /home/airflow/.local/lib/python3.8/site-packages/airflow/example_dags/tutorial.py took 0.030 seconds
[2024-10-06T23:15:28.571+0000] {processor.py:157} INFO - Started process (PID=29079) to work on /home/airflow/.local/lib/python3.8/site-packages/airflow/example_dags/tutorial.py
[2024-10-06T23:15:28.572+0000] {processor.py:829} INFO - Processing file /home/airflow/.local/lib/python3.8/site-packages/airflow/example_dags/tutorial.py for tasks to queue
[2024-10-06T23:15:28.573+0000] {logging_mixin.py:154} INFO - [2024-10-06T23:15:28.573+0000] {dagbag.py:536} INFO - Filling up the DagBag from /home/airflow/.local/lib/python3.8/site-packages/airflow/example_dags/tutorial.py
[2024-10-06T23:15:28.576+0000] {processor.py:839} INFO - DAG(s) dict_keys(['tutorial']) retrieved from /home/airflow/.local/lib/python3.8/site-packages/airflow/example_dags/tutorial.py
[2024-10-06T23:15:28.584+0000] {logging_mixin.py:154} INFO - [2024-10-06T23:15:28.584+0000] {dag.py:2941} INFO - Sync 1 DAGs
[2024-10-06T23:15:28.593+0000] {logging_mixin.py:154} INFO - [2024-10-06T23:15:28.593+0000] {dag.py:3722} INFO - Setting next_dagrun for tutorial to 2024-10-05T23:15:28.593235+00:00, run_after=2024-10-06T23:15:28.593235+00:00
[2024-10-06T23:15:28.599+0000] {processor.py:179} INFO - Processing /home/airflow/.local/lib/python3.8/site-packages/airflow/example_dags/tutorial.py took 0.030 seconds
[2024-10-06T23:54:55.587+0000] {processor.py:157} INFO - Started process (PID=29126) to work on /home/airflow/.local/lib/python3.8/site-packages/airflow/example_dags/tutorial.py
[2024-10-06T23:54:55.587+0000] {processor.py:829} INFO - Processing file /home/airflow/.local/lib/python3.8/site-packages/airflow/example_dags/tutorial.py for tasks to queue
[2024-10-06T23:54:55.589+0000] {logging_mixin.py:154} INFO - [2024-10-06T23:54:55.588+0000] {dagbag.py:536} INFO - Filling up the DagBag from /home/airflow/.local/lib/python3.8/site-packages/airflow/example_dags/tutorial.py
[2024-10-06T23:54:55.592+0000] {processor.py:839} INFO - DAG(s) dict_keys(['tutorial']) retrieved from /home/airflow/.local/lib/python3.8/site-packages/airflow/example_dags/tutorial.py
[2024-10-06T23:54:55.599+0000] {logging_mixin.py:154} INFO - [2024-10-06T23:54:55.599+0000] {dag.py:2941} INFO - Sync 1 DAGs
[2024-10-06T23:54:55.607+0000] {logging_mixin.py:154} INFO - [2024-10-06T23:54:55.607+0000] {dag.py:3722} INFO - Setting next_dagrun for tutorial to 2024-10-05T23:54:55.607427+00:00, run_after=2024-10-06T23:54:55.607427+00:00
[2024-10-06T23:54:55.614+0000] {processor.py:179} INFO - Processing /home/airflow/.local/lib/python3.8/site-packages/airflow/example_dags/tutorial.py took 0.029 seconds
