[2024-10-06T00:48:01.622+0000] {processor.py:157} INFO - Started process (PID=25795) to work on /home/airflow/.local/lib/python3.8/site-packages/airflow/example_dags/tutorial_dag.py
[2024-10-06T00:48:01.622+0000] {processor.py:829} INFO - Processing file /home/airflow/.local/lib/python3.8/site-packages/airflow/example_dags/tutorial_dag.py for tasks to queue
[2024-10-06T00:48:01.623+0000] {logging_mixin.py:154} INFO - [2024-10-06T00:48:01.623+0000] {dagbag.py:536} INFO - Filling up the DagBag from /home/airflow/.local/lib/python3.8/site-packages/airflow/example_dags/tutorial_dag.py
[2024-10-06T00:48:01.626+0000] {processor.py:839} INFO - DAG(s) dict_keys(['tutorial_dag']) retrieved from /home/airflow/.local/lib/python3.8/site-packages/airflow/example_dags/tutorial_dag.py
[2024-10-06T00:48:01.634+0000] {logging_mixin.py:154} INFO - [2024-10-06T00:48:01.634+0000] {dag.py:2941} INFO - Sync 1 DAGs
[2024-10-06T00:48:01.639+0000] {logging_mixin.py:154} INFO - [2024-10-06T00:48:01.639+0000] {dag.py:3722} INFO - Setting next_dagrun for tutorial_dag to None, run_after=None
[2024-10-06T00:48:01.646+0000] {processor.py:179} INFO - Processing /home/airflow/.local/lib/python3.8/site-packages/airflow/example_dags/tutorial_dag.py took 0.025 seconds
[2024-10-06T00:59:18.692+0000] {processor.py:157} INFO - Started process (PID=25849) to work on /home/airflow/.local/lib/python3.8/site-packages/airflow/example_dags/tutorial_dag.py
[2024-10-06T00:59:18.692+0000] {processor.py:829} INFO - Processing file /home/airflow/.local/lib/python3.8/site-packages/airflow/example_dags/tutorial_dag.py for tasks to queue
[2024-10-06T00:59:18.694+0000] {logging_mixin.py:154} INFO - [2024-10-06T00:59:18.693+0000] {dagbag.py:536} INFO - Filling up the DagBag from /home/airflow/.local/lib/python3.8/site-packages/airflow/example_dags/tutorial_dag.py
[2024-10-06T00:59:18.697+0000] {processor.py:839} INFO - DAG(s) dict_keys(['tutorial_dag']) retrieved from /home/airflow/.local/lib/python3.8/site-packages/airflow/example_dags/tutorial_dag.py
[2024-10-06T00:59:18.710+0000] {logging_mixin.py:154} INFO - [2024-10-06T00:59:18.710+0000] {dag.py:2941} INFO - Sync 1 DAGs
[2024-10-06T00:59:18.717+0000] {logging_mixin.py:154} INFO - [2024-10-06T00:59:18.716+0000] {dag.py:3722} INFO - Setting next_dagrun for tutorial_dag to None, run_after=None
[2024-10-06T00:59:18.728+0000] {processor.py:179} INFO - Processing /home/airflow/.local/lib/python3.8/site-packages/airflow/example_dags/tutorial_dag.py took 0.038 seconds
[2024-10-06T02:12:19.714+0000] {processor.py:157} INFO - Started process (PID=25903) to work on /home/airflow/.local/lib/python3.8/site-packages/airflow/example_dags/tutorial_dag.py
[2024-10-06T02:12:19.715+0000] {processor.py:829} INFO - Processing file /home/airflow/.local/lib/python3.8/site-packages/airflow/example_dags/tutorial_dag.py for tasks to queue
[2024-10-06T02:12:19.717+0000] {logging_mixin.py:154} INFO - [2024-10-06T02:12:19.716+0000] {dagbag.py:536} INFO - Filling up the DagBag from /home/airflow/.local/lib/python3.8/site-packages/airflow/example_dags/tutorial_dag.py
[2024-10-06T02:12:19.720+0000] {processor.py:839} INFO - DAG(s) dict_keys(['tutorial_dag']) retrieved from /home/airflow/.local/lib/python3.8/site-packages/airflow/example_dags/tutorial_dag.py
[2024-10-06T02:12:19.733+0000] {logging_mixin.py:154} INFO - [2024-10-06T02:12:19.733+0000] {dag.py:2941} INFO - Sync 1 DAGs
[2024-10-06T02:12:19.740+0000] {logging_mixin.py:154} INFO - [2024-10-06T02:12:19.740+0000] {dag.py:3722} INFO - Setting next_dagrun for tutorial_dag to None, run_after=None
[2024-10-06T02:12:19.750+0000] {processor.py:179} INFO - Processing /home/airflow/.local/lib/python3.8/site-packages/airflow/example_dags/tutorial_dag.py took 0.038 seconds
[2024-10-06T02:48:47.054+0000] {processor.py:157} INFO - Started process (PID=25957) to work on /home/airflow/.local/lib/python3.8/site-packages/airflow/example_dags/tutorial_dag.py
[2024-10-06T02:48:47.054+0000] {processor.py:829} INFO - Processing file /home/airflow/.local/lib/python3.8/site-packages/airflow/example_dags/tutorial_dag.py for tasks to queue
[2024-10-06T02:48:47.055+0000] {logging_mixin.py:154} INFO - [2024-10-06T02:48:47.055+0000] {dagbag.py:536} INFO - Filling up the DagBag from /home/airflow/.local/lib/python3.8/site-packages/airflow/example_dags/tutorial_dag.py
[2024-10-06T02:48:47.058+0000] {processor.py:839} INFO - DAG(s) dict_keys(['tutorial_dag']) retrieved from /home/airflow/.local/lib/python3.8/site-packages/airflow/example_dags/tutorial_dag.py
[2024-10-06T02:48:47.067+0000] {logging_mixin.py:154} INFO - [2024-10-06T02:48:47.067+0000] {dag.py:2941} INFO - Sync 1 DAGs
[2024-10-06T02:48:47.072+0000] {logging_mixin.py:154} INFO - [2024-10-06T02:48:47.072+0000] {dag.py:3722} INFO - Setting next_dagrun for tutorial_dag to None, run_after=None
[2024-10-06T02:48:47.080+0000] {processor.py:179} INFO - Processing /home/airflow/.local/lib/python3.8/site-packages/airflow/example_dags/tutorial_dag.py took 0.028 seconds
[2024-10-06T03:19:22.563+0000] {processor.py:157} INFO - Started process (PID=26011) to work on /home/airflow/.local/lib/python3.8/site-packages/airflow/example_dags/tutorial_dag.py
[2024-10-06T03:19:22.564+0000] {processor.py:829} INFO - Processing file /home/airflow/.local/lib/python3.8/site-packages/airflow/example_dags/tutorial_dag.py for tasks to queue
[2024-10-06T03:19:22.565+0000] {logging_mixin.py:154} INFO - [2024-10-06T03:19:22.565+0000] {dagbag.py:536} INFO - Filling up the DagBag from /home/airflow/.local/lib/python3.8/site-packages/airflow/example_dags/tutorial_dag.py
[2024-10-06T03:19:22.569+0000] {processor.py:839} INFO - DAG(s) dict_keys(['tutorial_dag']) retrieved from /home/airflow/.local/lib/python3.8/site-packages/airflow/example_dags/tutorial_dag.py
[2024-10-06T03:19:22.583+0000] {logging_mixin.py:154} INFO - [2024-10-06T03:19:22.583+0000] {dag.py:2941} INFO - Sync 1 DAGs
[2024-10-06T03:19:22.590+0000] {logging_mixin.py:154} INFO - [2024-10-06T03:19:22.590+0000] {dag.py:3722} INFO - Setting next_dagrun for tutorial_dag to None, run_after=None
[2024-10-06T03:19:22.599+0000] {processor.py:179} INFO - Processing /home/airflow/.local/lib/python3.8/site-packages/airflow/example_dags/tutorial_dag.py took 0.038 seconds
[2024-10-06T04:34:56.222+0000] {processor.py:157} INFO - Started process (PID=26065) to work on /home/airflow/.local/lib/python3.8/site-packages/airflow/example_dags/tutorial_dag.py
[2024-10-06T04:34:56.222+0000] {processor.py:829} INFO - Processing file /home/airflow/.local/lib/python3.8/site-packages/airflow/example_dags/tutorial_dag.py for tasks to queue
[2024-10-06T04:34:56.224+0000] {logging_mixin.py:154} INFO - [2024-10-06T04:34:56.224+0000] {dagbag.py:536} INFO - Filling up the DagBag from /home/airflow/.local/lib/python3.8/site-packages/airflow/example_dags/tutorial_dag.py
[2024-10-06T04:34:56.228+0000] {processor.py:839} INFO - DAG(s) dict_keys(['tutorial_dag']) retrieved from /home/airflow/.local/lib/python3.8/site-packages/airflow/example_dags/tutorial_dag.py
[2024-10-06T04:34:56.240+0000] {logging_mixin.py:154} INFO - [2024-10-06T04:34:56.240+0000] {dag.py:2941} INFO - Sync 1 DAGs
[2024-10-06T04:34:56.246+0000] {logging_mixin.py:154} INFO - [2024-10-06T04:34:56.246+0000] {dag.py:3722} INFO - Setting next_dagrun for tutorial_dag to None, run_after=None
[2024-10-06T04:34:56.255+0000] {processor.py:179} INFO - Processing /home/airflow/.local/lib/python3.8/site-packages/airflow/example_dags/tutorial_dag.py took 0.036 seconds
[2024-10-06T05:54:00.950+0000] {processor.py:157} INFO - Started process (PID=26119) to work on /home/airflow/.local/lib/python3.8/site-packages/airflow/example_dags/tutorial_dag.py
[2024-10-06T05:54:00.950+0000] {processor.py:829} INFO - Processing file /home/airflow/.local/lib/python3.8/site-packages/airflow/example_dags/tutorial_dag.py for tasks to queue
[2024-10-06T05:54:00.951+0000] {logging_mixin.py:154} INFO - [2024-10-06T05:54:00.951+0000] {dagbag.py:536} INFO - Filling up the DagBag from /home/airflow/.local/lib/python3.8/site-packages/airflow/example_dags/tutorial_dag.py
[2024-10-06T05:54:00.953+0000] {processor.py:839} INFO - DAG(s) dict_keys(['tutorial_dag']) retrieved from /home/airflow/.local/lib/python3.8/site-packages/airflow/example_dags/tutorial_dag.py
[2024-10-06T05:54:00.962+0000] {logging_mixin.py:154} INFO - [2024-10-06T05:54:00.962+0000] {dag.py:2941} INFO - Sync 1 DAGs
[2024-10-06T05:54:00.967+0000] {logging_mixin.py:154} INFO - [2024-10-06T05:54:00.967+0000] {dag.py:3722} INFO - Setting next_dagrun for tutorial_dag to None, run_after=None
[2024-10-06T05:54:00.973+0000] {processor.py:179} INFO - Processing /home/airflow/.local/lib/python3.8/site-packages/airflow/example_dags/tutorial_dag.py took 0.025 seconds
[2024-10-06T06:41:06.751+0000] {processor.py:157} INFO - Started process (PID=26173) to work on /home/airflow/.local/lib/python3.8/site-packages/airflow/example_dags/tutorial_dag.py
[2024-10-06T06:41:06.751+0000] {processor.py:829} INFO - Processing file /home/airflow/.local/lib/python3.8/site-packages/airflow/example_dags/tutorial_dag.py for tasks to queue
[2024-10-06T06:41:06.752+0000] {logging_mixin.py:154} INFO - [2024-10-06T06:41:06.752+0000] {dagbag.py:536} INFO - Filling up the DagBag from /home/airflow/.local/lib/python3.8/site-packages/airflow/example_dags/tutorial_dag.py
[2024-10-06T06:41:06.755+0000] {processor.py:839} INFO - DAG(s) dict_keys(['tutorial_dag']) retrieved from /home/airflow/.local/lib/python3.8/site-packages/airflow/example_dags/tutorial_dag.py
[2024-10-06T06:41:06.764+0000] {logging_mixin.py:154} INFO - [2024-10-06T06:41:06.763+0000] {dag.py:2941} INFO - Sync 1 DAGs
[2024-10-06T06:41:06.769+0000] {logging_mixin.py:154} INFO - [2024-10-06T06:41:06.768+0000] {dag.py:3722} INFO - Setting next_dagrun for tutorial_dag to None, run_after=None
[2024-10-06T06:41:06.775+0000] {processor.py:179} INFO - Processing /home/airflow/.local/lib/python3.8/site-packages/airflow/example_dags/tutorial_dag.py took 0.026 seconds
[2024-10-06T08:19:29.420+0000] {processor.py:157} INFO - Started process (PID=26227) to work on /home/airflow/.local/lib/python3.8/site-packages/airflow/example_dags/tutorial_dag.py
[2024-10-06T08:19:29.421+0000] {processor.py:829} INFO - Processing file /home/airflow/.local/lib/python3.8/site-packages/airflow/example_dags/tutorial_dag.py for tasks to queue
[2024-10-06T08:19:29.423+0000] {logging_mixin.py:154} INFO - [2024-10-06T08:19:29.422+0000] {dagbag.py:536} INFO - Filling up the DagBag from /home/airflow/.local/lib/python3.8/site-packages/airflow/example_dags/tutorial_dag.py
[2024-10-06T08:19:29.426+0000] {processor.py:839} INFO - DAG(s) dict_keys(['tutorial_dag']) retrieved from /home/airflow/.local/lib/python3.8/site-packages/airflow/example_dags/tutorial_dag.py
[2024-10-06T08:19:29.439+0000] {logging_mixin.py:154} INFO - [2024-10-06T08:19:29.438+0000] {dag.py:2941} INFO - Sync 1 DAGs
[2024-10-06T08:19:29.446+0000] {logging_mixin.py:154} INFO - [2024-10-06T08:19:29.446+0000] {dag.py:3722} INFO - Setting next_dagrun for tutorial_dag to None, run_after=None
[2024-10-06T08:19:29.458+0000] {processor.py:179} INFO - Processing /home/airflow/.local/lib/python3.8/site-packages/airflow/example_dags/tutorial_dag.py took 0.039 seconds
[2024-10-06T09:31:45.461+0000] {processor.py:157} INFO - Started process (PID=26281) to work on /home/airflow/.local/lib/python3.8/site-packages/airflow/example_dags/tutorial_dag.py
[2024-10-06T09:31:45.461+0000] {processor.py:829} INFO - Processing file /home/airflow/.local/lib/python3.8/site-packages/airflow/example_dags/tutorial_dag.py for tasks to queue
[2024-10-06T09:31:45.462+0000] {logging_mixin.py:154} INFO - [2024-10-06T09:31:45.462+0000] {dagbag.py:536} INFO - Filling up the DagBag from /home/airflow/.local/lib/python3.8/site-packages/airflow/example_dags/tutorial_dag.py
[2024-10-06T09:31:45.465+0000] {processor.py:839} INFO - DAG(s) dict_keys(['tutorial_dag']) retrieved from /home/airflow/.local/lib/python3.8/site-packages/airflow/example_dags/tutorial_dag.py
[2024-10-06T09:31:45.474+0000] {logging_mixin.py:154} INFO - [2024-10-06T09:31:45.473+0000] {dag.py:2941} INFO - Sync 1 DAGs
[2024-10-06T09:31:45.478+0000] {logging_mixin.py:154} INFO - [2024-10-06T09:31:45.478+0000] {dag.py:3722} INFO - Setting next_dagrun for tutorial_dag to None, run_after=None
[2024-10-06T09:31:45.485+0000] {processor.py:179} INFO - Processing /home/airflow/.local/lib/python3.8/site-packages/airflow/example_dags/tutorial_dag.py took 0.026 seconds
[2024-10-06T10:45:25.237+0000] {processor.py:157} INFO - Started process (PID=26335) to work on /home/airflow/.local/lib/python3.8/site-packages/airflow/example_dags/tutorial_dag.py
[2024-10-06T10:45:25.237+0000] {processor.py:829} INFO - Processing file /home/airflow/.local/lib/python3.8/site-packages/airflow/example_dags/tutorial_dag.py for tasks to queue
[2024-10-06T10:45:25.239+0000] {logging_mixin.py:154} INFO - [2024-10-06T10:45:25.239+0000] {dagbag.py:536} INFO - Filling up the DagBag from /home/airflow/.local/lib/python3.8/site-packages/airflow/example_dags/tutorial_dag.py
[2024-10-06T10:45:25.242+0000] {processor.py:839} INFO - DAG(s) dict_keys(['tutorial_dag']) retrieved from /home/airflow/.local/lib/python3.8/site-packages/airflow/example_dags/tutorial_dag.py
[2024-10-06T10:45:25.254+0000] {logging_mixin.py:154} INFO - [2024-10-06T10:45:25.254+0000] {dag.py:2941} INFO - Sync 1 DAGs
[2024-10-06T10:45:25.260+0000] {logging_mixin.py:154} INFO - [2024-10-06T10:45:25.260+0000] {dag.py:3722} INFO - Setting next_dagrun for tutorial_dag to None, run_after=None
[2024-10-06T10:45:25.273+0000] {processor.py:179} INFO - Processing /home/airflow/.local/lib/python3.8/site-packages/airflow/example_dags/tutorial_dag.py took 0.038 seconds
[2024-10-06T11:46:25.750+0000] {processor.py:157} INFO - Started process (PID=26389) to work on /home/airflow/.local/lib/python3.8/site-packages/airflow/example_dags/tutorial_dag.py
[2024-10-06T11:46:25.750+0000] {processor.py:829} INFO - Processing file /home/airflow/.local/lib/python3.8/site-packages/airflow/example_dags/tutorial_dag.py for tasks to queue
[2024-10-06T11:46:25.751+0000] {logging_mixin.py:154} INFO - [2024-10-06T11:46:25.751+0000] {dagbag.py:536} INFO - Filling up the DagBag from /home/airflow/.local/lib/python3.8/site-packages/airflow/example_dags/tutorial_dag.py
[2024-10-06T11:46:25.753+0000] {processor.py:839} INFO - DAG(s) dict_keys(['tutorial_dag']) retrieved from /home/airflow/.local/lib/python3.8/site-packages/airflow/example_dags/tutorial_dag.py
[2024-10-06T11:46:25.762+0000] {logging_mixin.py:154} INFO - [2024-10-06T11:46:25.762+0000] {dag.py:2941} INFO - Sync 1 DAGs
[2024-10-06T11:46:25.767+0000] {logging_mixin.py:154} INFO - [2024-10-06T11:46:25.767+0000] {dag.py:3722} INFO - Setting next_dagrun for tutorial_dag to None, run_after=None
[2024-10-06T11:46:25.774+0000] {processor.py:179} INFO - Processing /home/airflow/.local/lib/python3.8/site-packages/airflow/example_dags/tutorial_dag.py took 0.025 seconds
[2024-10-06T12:33:57.320+0000] {processor.py:157} INFO - Started process (PID=26443) to work on /home/airflow/.local/lib/python3.8/site-packages/airflow/example_dags/tutorial_dag.py
[2024-10-06T12:33:57.320+0000] {processor.py:829} INFO - Processing file /home/airflow/.local/lib/python3.8/site-packages/airflow/example_dags/tutorial_dag.py for tasks to queue
[2024-10-06T12:33:57.321+0000] {logging_mixin.py:154} INFO - [2024-10-06T12:33:57.321+0000] {dagbag.py:536} INFO - Filling up the DagBag from /home/airflow/.local/lib/python3.8/site-packages/airflow/example_dags/tutorial_dag.py
[2024-10-06T12:33:57.324+0000] {processor.py:839} INFO - DAG(s) dict_keys(['tutorial_dag']) retrieved from /home/airflow/.local/lib/python3.8/site-packages/airflow/example_dags/tutorial_dag.py
[2024-10-06T12:33:57.333+0000] {logging_mixin.py:154} INFO - [2024-10-06T12:33:57.333+0000] {dag.py:2941} INFO - Sync 1 DAGs
[2024-10-06T12:33:57.338+0000] {logging_mixin.py:154} INFO - [2024-10-06T12:33:57.338+0000] {dag.py:3722} INFO - Setting next_dagrun for tutorial_dag to None, run_after=None
[2024-10-06T12:33:57.345+0000] {processor.py:179} INFO - Processing /home/airflow/.local/lib/python3.8/site-packages/airflow/example_dags/tutorial_dag.py took 0.026 seconds
[2024-10-06T13:17:27.928+0000] {processor.py:157} INFO - Started process (PID=26497) to work on /home/airflow/.local/lib/python3.8/site-packages/airflow/example_dags/tutorial_dag.py
[2024-10-06T13:17:27.929+0000] {processor.py:829} INFO - Processing file /home/airflow/.local/lib/python3.8/site-packages/airflow/example_dags/tutorial_dag.py for tasks to queue
[2024-10-06T13:17:27.931+0000] {logging_mixin.py:154} INFO - [2024-10-06T13:17:27.931+0000] {dagbag.py:536} INFO - Filling up the DagBag from /home/airflow/.local/lib/python3.8/site-packages/airflow/example_dags/tutorial_dag.py
[2024-10-06T13:17:27.934+0000] {processor.py:839} INFO - DAG(s) dict_keys(['tutorial_dag']) retrieved from /home/airflow/.local/lib/python3.8/site-packages/airflow/example_dags/tutorial_dag.py
[2024-10-06T13:17:27.948+0000] {logging_mixin.py:154} INFO - [2024-10-06T13:17:27.947+0000] {dag.py:2941} INFO - Sync 1 DAGs
[2024-10-06T13:17:27.956+0000] {logging_mixin.py:154} INFO - [2024-10-06T13:17:27.955+0000] {dag.py:3722} INFO - Setting next_dagrun for tutorial_dag to None, run_after=None
[2024-10-06T13:17:27.967+0000] {processor.py:179} INFO - Processing /home/airflow/.local/lib/python3.8/site-packages/airflow/example_dags/tutorial_dag.py took 0.042 seconds
[2024-10-06T14:49:26.380+0000] {processor.py:157} INFO - Started process (PID=26551) to work on /home/airflow/.local/lib/python3.8/site-packages/airflow/example_dags/tutorial_dag.py
[2024-10-06T14:49:26.380+0000] {processor.py:829} INFO - Processing file /home/airflow/.local/lib/python3.8/site-packages/airflow/example_dags/tutorial_dag.py for tasks to queue
[2024-10-06T14:49:26.382+0000] {logging_mixin.py:154} INFO - [2024-10-06T14:49:26.382+0000] {dagbag.py:536} INFO - Filling up the DagBag from /home/airflow/.local/lib/python3.8/site-packages/airflow/example_dags/tutorial_dag.py
[2024-10-06T14:49:26.386+0000] {processor.py:839} INFO - DAG(s) dict_keys(['tutorial_dag']) retrieved from /home/airflow/.local/lib/python3.8/site-packages/airflow/example_dags/tutorial_dag.py
[2024-10-06T14:49:26.398+0000] {logging_mixin.py:154} INFO - [2024-10-06T14:49:26.398+0000] {dag.py:2941} INFO - Sync 1 DAGs
[2024-10-06T14:49:26.405+0000] {logging_mixin.py:154} INFO - [2024-10-06T14:49:26.405+0000] {dag.py:3722} INFO - Setting next_dagrun for tutorial_dag to None, run_after=None
[2024-10-06T14:49:26.412+0000] {processor.py:179} INFO - Processing /home/airflow/.local/lib/python3.8/site-packages/airflow/example_dags/tutorial_dag.py took 0.034 seconds
[2024-10-06T15:50:30.592+0000] {processor.py:157} INFO - Started process (PID=26605) to work on /home/airflow/.local/lib/python3.8/site-packages/airflow/example_dags/tutorial_dag.py
[2024-10-06T15:50:30.592+0000] {processor.py:829} INFO - Processing file /home/airflow/.local/lib/python3.8/site-packages/airflow/example_dags/tutorial_dag.py for tasks to queue
[2024-10-06T15:50:30.594+0000] {logging_mixin.py:154} INFO - [2024-10-06T15:50:30.594+0000] {dagbag.py:536} INFO - Filling up the DagBag from /home/airflow/.local/lib/python3.8/site-packages/airflow/example_dags/tutorial_dag.py
[2024-10-06T15:50:30.597+0000] {processor.py:839} INFO - DAG(s) dict_keys(['tutorial_dag']) retrieved from /home/airflow/.local/lib/python3.8/site-packages/airflow/example_dags/tutorial_dag.py
[2024-10-06T15:50:30.612+0000] {logging_mixin.py:154} INFO - [2024-10-06T15:50:30.612+0000] {dag.py:2941} INFO - Sync 1 DAGs
[2024-10-06T15:50:30.619+0000] {logging_mixin.py:154} INFO - [2024-10-06T15:50:30.619+0000] {dag.py:3722} INFO - Setting next_dagrun for tutorial_dag to None, run_after=None
[2024-10-06T15:50:30.629+0000] {processor.py:179} INFO - Processing /home/airflow/.local/lib/python3.8/site-packages/airflow/example_dags/tutorial_dag.py took 0.040 seconds
[2024-10-06T16:11:23.628+0000] {processor.py:157} INFO - Started process (PID=26659) to work on /home/airflow/.local/lib/python3.8/site-packages/airflow/example_dags/tutorial_dag.py
[2024-10-06T16:11:23.629+0000] {processor.py:829} INFO - Processing file /home/airflow/.local/lib/python3.8/site-packages/airflow/example_dags/tutorial_dag.py for tasks to queue
[2024-10-06T16:11:23.630+0000] {logging_mixin.py:154} INFO - [2024-10-06T16:11:23.630+0000] {dagbag.py:536} INFO - Filling up the DagBag from /home/airflow/.local/lib/python3.8/site-packages/airflow/example_dags/tutorial_dag.py
[2024-10-06T16:11:23.635+0000] {processor.py:839} INFO - DAG(s) dict_keys(['tutorial_dag']) retrieved from /home/airflow/.local/lib/python3.8/site-packages/airflow/example_dags/tutorial_dag.py
[2024-10-06T16:11:23.648+0000] {logging_mixin.py:154} INFO - [2024-10-06T16:11:23.647+0000] {dag.py:2941} INFO - Sync 1 DAGs
[2024-10-06T16:11:23.654+0000] {logging_mixin.py:154} INFO - [2024-10-06T16:11:23.654+0000] {dag.py:3722} INFO - Setting next_dagrun for tutorial_dag to None, run_after=None
[2024-10-06T16:11:23.664+0000] {processor.py:179} INFO - Processing /home/airflow/.local/lib/python3.8/site-packages/airflow/example_dags/tutorial_dag.py took 0.038 seconds
[2024-10-06T16:17:00.522+0000] {processor.py:157} INFO - Started process (PID=26713) to work on /home/airflow/.local/lib/python3.8/site-packages/airflow/example_dags/tutorial_dag.py
[2024-10-06T16:17:00.522+0000] {processor.py:829} INFO - Processing file /home/airflow/.local/lib/python3.8/site-packages/airflow/example_dags/tutorial_dag.py for tasks to queue
[2024-10-06T16:17:00.523+0000] {logging_mixin.py:154} INFO - [2024-10-06T16:17:00.523+0000] {dagbag.py:536} INFO - Filling up the DagBag from /home/airflow/.local/lib/python3.8/site-packages/airflow/example_dags/tutorial_dag.py
[2024-10-06T16:17:00.525+0000] {processor.py:839} INFO - DAG(s) dict_keys(['tutorial_dag']) retrieved from /home/airflow/.local/lib/python3.8/site-packages/airflow/example_dags/tutorial_dag.py
[2024-10-06T16:17:00.534+0000] {logging_mixin.py:154} INFO - [2024-10-06T16:17:00.534+0000] {dag.py:2941} INFO - Sync 1 DAGs
[2024-10-06T16:17:00.539+0000] {logging_mixin.py:154} INFO - [2024-10-06T16:17:00.539+0000] {dag.py:3722} INFO - Setting next_dagrun for tutorial_dag to None, run_after=None
[2024-10-06T16:17:00.546+0000] {processor.py:179} INFO - Processing /home/airflow/.local/lib/python3.8/site-packages/airflow/example_dags/tutorial_dag.py took 0.026 seconds
[2024-10-06T17:25:37.427+0000] {processor.py:157} INFO - Started process (PID=26767) to work on /home/airflow/.local/lib/python3.8/site-packages/airflow/example_dags/tutorial_dag.py
[2024-10-06T17:25:37.428+0000] {processor.py:829} INFO - Processing file /home/airflow/.local/lib/python3.8/site-packages/airflow/example_dags/tutorial_dag.py for tasks to queue
[2024-10-06T17:25:37.429+0000] {logging_mixin.py:154} INFO - [2024-10-06T17:25:37.429+0000] {dagbag.py:536} INFO - Filling up the DagBag from /home/airflow/.local/lib/python3.8/site-packages/airflow/example_dags/tutorial_dag.py
[2024-10-06T17:25:37.431+0000] {processor.py:839} INFO - DAG(s) dict_keys(['tutorial_dag']) retrieved from /home/airflow/.local/lib/python3.8/site-packages/airflow/example_dags/tutorial_dag.py
[2024-10-06T17:25:37.440+0000] {logging_mixin.py:154} INFO - [2024-10-06T17:25:37.439+0000] {dag.py:2941} INFO - Sync 1 DAGs
[2024-10-06T17:25:37.444+0000] {logging_mixin.py:154} INFO - [2024-10-06T17:25:37.444+0000] {dag.py:3722} INFO - Setting next_dagrun for tutorial_dag to None, run_after=None
[2024-10-06T17:25:37.450+0000] {processor.py:179} INFO - Processing /home/airflow/.local/lib/python3.8/site-packages/airflow/example_dags/tutorial_dag.py took 0.025 seconds
[2024-10-06T17:48:10.236+0000] {processor.py:157} INFO - Started process (PID=26821) to work on /home/airflow/.local/lib/python3.8/site-packages/airflow/example_dags/tutorial_dag.py
[2024-10-06T17:48:10.237+0000] {processor.py:829} INFO - Processing file /home/airflow/.local/lib/python3.8/site-packages/airflow/example_dags/tutorial_dag.py for tasks to queue
[2024-10-06T17:48:10.239+0000] {logging_mixin.py:154} INFO - [2024-10-06T17:48:10.239+0000] {dagbag.py:536} INFO - Filling up the DagBag from /home/airflow/.local/lib/python3.8/site-packages/airflow/example_dags/tutorial_dag.py
[2024-10-06T17:48:10.243+0000] {processor.py:839} INFO - DAG(s) dict_keys(['tutorial_dag']) retrieved from /home/airflow/.local/lib/python3.8/site-packages/airflow/example_dags/tutorial_dag.py
[2024-10-06T17:48:10.257+0000] {logging_mixin.py:154} INFO - [2024-10-06T17:48:10.257+0000] {dag.py:2941} INFO - Sync 1 DAGs
[2024-10-06T17:48:10.264+0000] {logging_mixin.py:154} INFO - [2024-10-06T17:48:10.264+0000] {dag.py:3722} INFO - Setting next_dagrun for tutorial_dag to None, run_after=None
[2024-10-06T17:48:10.275+0000] {processor.py:179} INFO - Processing /home/airflow/.local/lib/python3.8/site-packages/airflow/example_dags/tutorial_dag.py took 0.042 seconds
[2024-10-06T18:17:58.114+0000] {processor.py:157} INFO - Started process (PID=26875) to work on /home/airflow/.local/lib/python3.8/site-packages/airflow/example_dags/tutorial_dag.py
[2024-10-06T18:17:58.114+0000] {processor.py:829} INFO - Processing file /home/airflow/.local/lib/python3.8/site-packages/airflow/example_dags/tutorial_dag.py for tasks to queue
[2024-10-06T18:17:58.116+0000] {logging_mixin.py:154} INFO - [2024-10-06T18:17:58.115+0000] {dagbag.py:536} INFO - Filling up the DagBag from /home/airflow/.local/lib/python3.8/site-packages/airflow/example_dags/tutorial_dag.py
[2024-10-06T18:17:58.118+0000] {processor.py:839} INFO - DAG(s) dict_keys(['tutorial_dag']) retrieved from /home/airflow/.local/lib/python3.8/site-packages/airflow/example_dags/tutorial_dag.py
[2024-10-06T18:17:58.128+0000] {logging_mixin.py:154} INFO - [2024-10-06T18:17:58.128+0000] {dag.py:2941} INFO - Sync 1 DAGs
[2024-10-06T18:17:58.133+0000] {logging_mixin.py:154} INFO - [2024-10-06T18:17:58.133+0000] {dag.py:3722} INFO - Setting next_dagrun for tutorial_dag to None, run_after=None
[2024-10-06T18:17:58.144+0000] {processor.py:179} INFO - Processing /home/airflow/.local/lib/python3.8/site-packages/airflow/example_dags/tutorial_dag.py took 0.032 seconds
[2024-10-06T19:43:22.734+0000] {processor.py:157} INFO - Started process (PID=26929) to work on /home/airflow/.local/lib/python3.8/site-packages/airflow/example_dags/tutorial_dag.py
[2024-10-06T19:43:22.734+0000] {processor.py:829} INFO - Processing file /home/airflow/.local/lib/python3.8/site-packages/airflow/example_dags/tutorial_dag.py for tasks to queue
[2024-10-06T19:43:22.736+0000] {logging_mixin.py:154} INFO - [2024-10-06T19:43:22.736+0000] {dagbag.py:536} INFO - Filling up the DagBag from /home/airflow/.local/lib/python3.8/site-packages/airflow/example_dags/tutorial_dag.py
[2024-10-06T19:43:22.739+0000] {processor.py:839} INFO - DAG(s) dict_keys(['tutorial_dag']) retrieved from /home/airflow/.local/lib/python3.8/site-packages/airflow/example_dags/tutorial_dag.py
[2024-10-06T19:43:22.752+0000] {logging_mixin.py:154} INFO - [2024-10-06T19:43:22.752+0000] {dag.py:2941} INFO - Sync 1 DAGs
[2024-10-06T19:43:22.759+0000] {logging_mixin.py:154} INFO - [2024-10-06T19:43:22.759+0000] {dag.py:3722} INFO - Setting next_dagrun for tutorial_dag to None, run_after=None
[2024-10-06T19:43:22.769+0000] {processor.py:179} INFO - Processing /home/airflow/.local/lib/python3.8/site-packages/airflow/example_dags/tutorial_dag.py took 0.037 seconds
[2024-10-06T20:31:09.826+0000] {processor.py:157} INFO - Started process (PID=26983) to work on /home/airflow/.local/lib/python3.8/site-packages/airflow/example_dags/tutorial_dag.py
[2024-10-06T20:31:09.827+0000] {processor.py:829} INFO - Processing file /home/airflow/.local/lib/python3.8/site-packages/airflow/example_dags/tutorial_dag.py for tasks to queue
[2024-10-06T20:31:09.828+0000] {logging_mixin.py:154} INFO - [2024-10-06T20:31:09.828+0000] {dagbag.py:536} INFO - Filling up the DagBag from /home/airflow/.local/lib/python3.8/site-packages/airflow/example_dags/tutorial_dag.py
[2024-10-06T20:31:09.831+0000] {processor.py:839} INFO - DAG(s) dict_keys(['tutorial_dag']) retrieved from /home/airflow/.local/lib/python3.8/site-packages/airflow/example_dags/tutorial_dag.py
[2024-10-06T20:31:09.839+0000] {logging_mixin.py:154} INFO - [2024-10-06T20:31:09.839+0000] {dag.py:2941} INFO - Sync 1 DAGs
[2024-10-06T20:31:09.844+0000] {logging_mixin.py:154} INFO - [2024-10-06T20:31:09.844+0000] {dag.py:3722} INFO - Setting next_dagrun for tutorial_dag to None, run_after=None
[2024-10-06T20:31:09.851+0000] {processor.py:179} INFO - Processing /home/airflow/.local/lib/python3.8/site-packages/airflow/example_dags/tutorial_dag.py took 0.026 seconds
[2024-10-06T20:40:14.808+0000] {processor.py:157} INFO - Started process (PID=27037) to work on /home/airflow/.local/lib/python3.8/site-packages/airflow/example_dags/tutorial_dag.py
[2024-10-06T20:40:14.808+0000] {processor.py:829} INFO - Processing file /home/airflow/.local/lib/python3.8/site-packages/airflow/example_dags/tutorial_dag.py for tasks to queue
[2024-10-06T20:40:14.810+0000] {logging_mixin.py:154} INFO - [2024-10-06T20:40:14.810+0000] {dagbag.py:536} INFO - Filling up the DagBag from /home/airflow/.local/lib/python3.8/site-packages/airflow/example_dags/tutorial_dag.py
[2024-10-06T20:40:14.814+0000] {processor.py:839} INFO - DAG(s) dict_keys(['tutorial_dag']) retrieved from /home/airflow/.local/lib/python3.8/site-packages/airflow/example_dags/tutorial_dag.py
[2024-10-06T20:40:14.827+0000] {logging_mixin.py:154} INFO - [2024-10-06T20:40:14.827+0000] {dag.py:2941} INFO - Sync 1 DAGs
[2024-10-06T20:40:14.834+0000] {logging_mixin.py:154} INFO - [2024-10-06T20:40:14.834+0000] {dag.py:3722} INFO - Setting next_dagrun for tutorial_dag to None, run_after=None
[2024-10-06T20:40:14.844+0000] {processor.py:179} INFO - Processing /home/airflow/.local/lib/python3.8/site-packages/airflow/example_dags/tutorial_dag.py took 0.038 seconds
[2024-10-06T20:43:25.113+0000] {processor.py:157} INFO - Started process (PID=27091) to work on /home/airflow/.local/lib/python3.8/site-packages/airflow/example_dags/tutorial_dag.py
[2024-10-06T20:43:25.113+0000] {processor.py:829} INFO - Processing file /home/airflow/.local/lib/python3.8/site-packages/airflow/example_dags/tutorial_dag.py for tasks to queue
[2024-10-06T20:43:25.115+0000] {logging_mixin.py:154} INFO - [2024-10-06T20:43:25.114+0000] {dagbag.py:536} INFO - Filling up the DagBag from /home/airflow/.local/lib/python3.8/site-packages/airflow/example_dags/tutorial_dag.py
[2024-10-06T20:43:25.117+0000] {processor.py:839} INFO - DAG(s) dict_keys(['tutorial_dag']) retrieved from /home/airflow/.local/lib/python3.8/site-packages/airflow/example_dags/tutorial_dag.py
[2024-10-06T20:43:25.125+0000] {logging_mixin.py:154} INFO - [2024-10-06T20:43:25.125+0000] {dag.py:2941} INFO - Sync 1 DAGs
[2024-10-06T20:43:25.130+0000] {logging_mixin.py:154} INFO - [2024-10-06T20:43:25.130+0000] {dag.py:3722} INFO - Setting next_dagrun for tutorial_dag to None, run_after=None
[2024-10-06T20:43:25.137+0000] {processor.py:179} INFO - Processing /home/airflow/.local/lib/python3.8/site-packages/airflow/example_dags/tutorial_dag.py took 0.025 seconds
[2024-10-06T21:12:03.390+0000] {processor.py:157} INFO - Started process (PID=27145) to work on /home/airflow/.local/lib/python3.8/site-packages/airflow/example_dags/tutorial_dag.py
[2024-10-06T21:12:03.391+0000] {processor.py:829} INFO - Processing file /home/airflow/.local/lib/python3.8/site-packages/airflow/example_dags/tutorial_dag.py for tasks to queue
[2024-10-06T21:12:03.393+0000] {logging_mixin.py:154} INFO - [2024-10-06T21:12:03.393+0000] {dagbag.py:536} INFO - Filling up the DagBag from /home/airflow/.local/lib/python3.8/site-packages/airflow/example_dags/tutorial_dag.py
[2024-10-06T21:12:03.398+0000] {processor.py:839} INFO - DAG(s) dict_keys(['tutorial_dag']) retrieved from /home/airflow/.local/lib/python3.8/site-packages/airflow/example_dags/tutorial_dag.py
[2024-10-06T21:12:03.411+0000] {logging_mixin.py:154} INFO - [2024-10-06T21:12:03.410+0000] {dag.py:2941} INFO - Sync 1 DAGs
[2024-10-06T21:12:03.418+0000] {logging_mixin.py:154} INFO - [2024-10-06T21:12:03.418+0000] {dag.py:3722} INFO - Setting next_dagrun for tutorial_dag to None, run_after=None
[2024-10-06T21:12:03.428+0000] {processor.py:179} INFO - Processing /home/airflow/.local/lib/python3.8/site-packages/airflow/example_dags/tutorial_dag.py took 0.041 seconds
[2024-10-06T21:13:26.167+0000] {processor.py:157} INFO - Started process (PID=27199) to work on /home/airflow/.local/lib/python3.8/site-packages/airflow/example_dags/tutorial_dag.py
[2024-10-06T21:13:26.167+0000] {processor.py:829} INFO - Processing file /home/airflow/.local/lib/python3.8/site-packages/airflow/example_dags/tutorial_dag.py for tasks to queue
[2024-10-06T21:13:26.168+0000] {logging_mixin.py:154} INFO - [2024-10-06T21:13:26.168+0000] {dagbag.py:536} INFO - Filling up the DagBag from /home/airflow/.local/lib/python3.8/site-packages/airflow/example_dags/tutorial_dag.py
[2024-10-06T21:13:26.171+0000] {processor.py:839} INFO - DAG(s) dict_keys(['tutorial_dag']) retrieved from /home/airflow/.local/lib/python3.8/site-packages/airflow/example_dags/tutorial_dag.py
[2024-10-06T21:13:26.179+0000] {logging_mixin.py:154} INFO - [2024-10-06T21:13:26.179+0000] {dag.py:2941} INFO - Sync 1 DAGs
[2024-10-06T21:13:26.184+0000] {logging_mixin.py:154} INFO - [2024-10-06T21:13:26.184+0000] {dag.py:3722} INFO - Setting next_dagrun for tutorial_dag to None, run_after=None
[2024-10-06T21:13:26.190+0000] {processor.py:179} INFO - Processing /home/airflow/.local/lib/python3.8/site-packages/airflow/example_dags/tutorial_dag.py took 0.025 seconds
[2024-10-06T21:24:00.282+0000] {processor.py:157} INFO - Started process (PID=27253) to work on /home/airflow/.local/lib/python3.8/site-packages/airflow/example_dags/tutorial_dag.py
[2024-10-06T21:24:00.283+0000] {processor.py:829} INFO - Processing file /home/airflow/.local/lib/python3.8/site-packages/airflow/example_dags/tutorial_dag.py for tasks to queue
[2024-10-06T21:24:00.284+0000] {logging_mixin.py:154} INFO - [2024-10-06T21:24:00.284+0000] {dagbag.py:536} INFO - Filling up the DagBag from /home/airflow/.local/lib/python3.8/site-packages/airflow/example_dags/tutorial_dag.py
[2024-10-06T21:24:00.288+0000] {processor.py:839} INFO - DAG(s) dict_keys(['tutorial_dag']) retrieved from /home/airflow/.local/lib/python3.8/site-packages/airflow/example_dags/tutorial_dag.py
[2024-10-06T21:24:00.300+0000] {logging_mixin.py:154} INFO - [2024-10-06T21:24:00.299+0000] {dag.py:2941} INFO - Sync 1 DAGs
[2024-10-06T21:24:00.305+0000] {logging_mixin.py:154} INFO - [2024-10-06T21:24:00.305+0000] {dag.py:3722} INFO - Setting next_dagrun for tutorial_dag to None, run_after=None
[2024-10-06T21:24:00.314+0000] {processor.py:179} INFO - Processing /home/airflow/.local/lib/python3.8/site-packages/airflow/example_dags/tutorial_dag.py took 0.034 seconds
[2024-10-06T22:02:21.976+0000] {processor.py:157} INFO - Started process (PID=27307) to work on /home/airflow/.local/lib/python3.8/site-packages/airflow/example_dags/tutorial_dag.py
[2024-10-06T22:02:21.976+0000] {processor.py:829} INFO - Processing file /home/airflow/.local/lib/python3.8/site-packages/airflow/example_dags/tutorial_dag.py for tasks to queue
[2024-10-06T22:02:21.977+0000] {logging_mixin.py:154} INFO - [2024-10-06T22:02:21.977+0000] {dagbag.py:536} INFO - Filling up the DagBag from /home/airflow/.local/lib/python3.8/site-packages/airflow/example_dags/tutorial_dag.py
[2024-10-06T22:02:21.980+0000] {processor.py:839} INFO - DAG(s) dict_keys(['tutorial_dag']) retrieved from /home/airflow/.local/lib/python3.8/site-packages/airflow/example_dags/tutorial_dag.py
[2024-10-06T22:02:21.989+0000] {logging_mixin.py:154} INFO - [2024-10-06T22:02:21.988+0000] {dag.py:2941} INFO - Sync 1 DAGs
[2024-10-06T22:02:21.993+0000] {logging_mixin.py:154} INFO - [2024-10-06T22:02:21.993+0000] {dag.py:3722} INFO - Setting next_dagrun for tutorial_dag to None, run_after=None
[2024-10-06T22:02:22.000+0000] {processor.py:179} INFO - Processing /home/airflow/.local/lib/python3.8/site-packages/airflow/example_dags/tutorial_dag.py took 0.026 seconds
[2024-10-06T22:28:54.971+0000] {processor.py:157} INFO - Started process (PID=27361) to work on /home/airflow/.local/lib/python3.8/site-packages/airflow/example_dags/tutorial_dag.py
[2024-10-06T22:28:54.971+0000] {processor.py:829} INFO - Processing file /home/airflow/.local/lib/python3.8/site-packages/airflow/example_dags/tutorial_dag.py for tasks to queue
[2024-10-06T22:28:54.973+0000] {logging_mixin.py:154} INFO - [2024-10-06T22:28:54.973+0000] {dagbag.py:536} INFO - Filling up the DagBag from /home/airflow/.local/lib/python3.8/site-packages/airflow/example_dags/tutorial_dag.py
[2024-10-06T22:28:54.976+0000] {processor.py:839} INFO - DAG(s) dict_keys(['tutorial_dag']) retrieved from /home/airflow/.local/lib/python3.8/site-packages/airflow/example_dags/tutorial_dag.py
[2024-10-06T22:28:54.986+0000] {logging_mixin.py:154} INFO - [2024-10-06T22:28:54.986+0000] {dag.py:2941} INFO - Sync 1 DAGs
[2024-10-06T22:28:54.991+0000] {logging_mixin.py:154} INFO - [2024-10-06T22:28:54.991+0000] {dag.py:3722} INFO - Setting next_dagrun for tutorial_dag to None, run_after=None
[2024-10-06T22:28:54.998+0000] {processor.py:179} INFO - Processing /home/airflow/.local/lib/python3.8/site-packages/airflow/example_dags/tutorial_dag.py took 0.029 seconds
[2024-10-06T22:59:44.529+0000] {processor.py:157} INFO - Started process (PID=27415) to work on /home/airflow/.local/lib/python3.8/site-packages/airflow/example_dags/tutorial_dag.py
[2024-10-06T22:59:44.530+0000] {processor.py:829} INFO - Processing file /home/airflow/.local/lib/python3.8/site-packages/airflow/example_dags/tutorial_dag.py for tasks to queue
[2024-10-06T22:59:44.532+0000] {logging_mixin.py:154} INFO - [2024-10-06T22:59:44.531+0000] {dagbag.py:536} INFO - Filling up the DagBag from /home/airflow/.local/lib/python3.8/site-packages/airflow/example_dags/tutorial_dag.py
[2024-10-06T22:59:44.536+0000] {processor.py:839} INFO - DAG(s) dict_keys(['tutorial_dag']) retrieved from /home/airflow/.local/lib/python3.8/site-packages/airflow/example_dags/tutorial_dag.py
[2024-10-06T22:59:44.551+0000] {logging_mixin.py:154} INFO - [2024-10-06T22:59:44.551+0000] {dag.py:2941} INFO - Sync 1 DAGs
[2024-10-06T22:59:44.559+0000] {logging_mixin.py:154} INFO - [2024-10-06T22:59:44.559+0000] {dag.py:3722} INFO - Setting next_dagrun for tutorial_dag to None, run_after=None
[2024-10-06T22:59:44.570+0000] {processor.py:179} INFO - Processing /home/airflow/.local/lib/python3.8/site-packages/airflow/example_dags/tutorial_dag.py took 0.043 seconds
[2024-10-06T23:00:15.503+0000] {processor.py:157} INFO - Started process (PID=27469) to work on /home/airflow/.local/lib/python3.8/site-packages/airflow/example_dags/tutorial_dag.py
[2024-10-06T23:00:15.504+0000] {processor.py:829} INFO - Processing file /home/airflow/.local/lib/python3.8/site-packages/airflow/example_dags/tutorial_dag.py for tasks to queue
[2024-10-06T23:00:15.505+0000] {logging_mixin.py:154} INFO - [2024-10-06T23:00:15.505+0000] {dagbag.py:536} INFO - Filling up the DagBag from /home/airflow/.local/lib/python3.8/site-packages/airflow/example_dags/tutorial_dag.py
[2024-10-06T23:00:15.508+0000] {processor.py:839} INFO - DAG(s) dict_keys(['tutorial_dag']) retrieved from /home/airflow/.local/lib/python3.8/site-packages/airflow/example_dags/tutorial_dag.py
[2024-10-06T23:00:15.518+0000] {logging_mixin.py:154} INFO - [2024-10-06T23:00:15.517+0000] {dag.py:2941} INFO - Sync 1 DAGs
[2024-10-06T23:00:15.523+0000] {logging_mixin.py:154} INFO - [2024-10-06T23:00:15.523+0000] {dag.py:3722} INFO - Setting next_dagrun for tutorial_dag to None, run_after=None
[2024-10-06T23:00:15.530+0000] {processor.py:179} INFO - Processing /home/airflow/.local/lib/python3.8/site-packages/airflow/example_dags/tutorial_dag.py took 0.029 seconds
[2024-10-06T23:00:46.104+0000] {processor.py:157} INFO - Started process (PID=27523) to work on /home/airflow/.local/lib/python3.8/site-packages/airflow/example_dags/tutorial_dag.py
[2024-10-06T23:00:46.104+0000] {processor.py:829} INFO - Processing file /home/airflow/.local/lib/python3.8/site-packages/airflow/example_dags/tutorial_dag.py for tasks to queue
[2024-10-06T23:00:46.106+0000] {logging_mixin.py:154} INFO - [2024-10-06T23:00:46.105+0000] {dagbag.py:536} INFO - Filling up the DagBag from /home/airflow/.local/lib/python3.8/site-packages/airflow/example_dags/tutorial_dag.py
[2024-10-06T23:00:46.108+0000] {processor.py:839} INFO - DAG(s) dict_keys(['tutorial_dag']) retrieved from /home/airflow/.local/lib/python3.8/site-packages/airflow/example_dags/tutorial_dag.py
[2024-10-06T23:00:46.118+0000] {logging_mixin.py:154} INFO - [2024-10-06T23:00:46.117+0000] {dag.py:2941} INFO - Sync 1 DAGs
[2024-10-06T23:00:46.123+0000] {logging_mixin.py:154} INFO - [2024-10-06T23:00:46.123+0000] {dag.py:3722} INFO - Setting next_dagrun for tutorial_dag to None, run_after=None
[2024-10-06T23:00:46.130+0000] {processor.py:179} INFO - Processing /home/airflow/.local/lib/python3.8/site-packages/airflow/example_dags/tutorial_dag.py took 0.027 seconds
[2024-10-06T23:01:16.622+0000] {processor.py:157} INFO - Started process (PID=27576) to work on /home/airflow/.local/lib/python3.8/site-packages/airflow/example_dags/tutorial_dag.py
[2024-10-06T23:01:16.622+0000] {processor.py:829} INFO - Processing file /home/airflow/.local/lib/python3.8/site-packages/airflow/example_dags/tutorial_dag.py for tasks to queue
[2024-10-06T23:01:16.623+0000] {logging_mixin.py:154} INFO - [2024-10-06T23:01:16.623+0000] {dagbag.py:536} INFO - Filling up the DagBag from /home/airflow/.local/lib/python3.8/site-packages/airflow/example_dags/tutorial_dag.py
[2024-10-06T23:01:16.626+0000] {processor.py:839} INFO - DAG(s) dict_keys(['tutorial_dag']) retrieved from /home/airflow/.local/lib/python3.8/site-packages/airflow/example_dags/tutorial_dag.py
[2024-10-06T23:01:16.635+0000] {logging_mixin.py:154} INFO - [2024-10-06T23:01:16.634+0000] {dag.py:2941} INFO - Sync 1 DAGs
[2024-10-06T23:01:16.640+0000] {logging_mixin.py:154} INFO - [2024-10-06T23:01:16.640+0000] {dag.py:3722} INFO - Setting next_dagrun for tutorial_dag to None, run_after=None
[2024-10-06T23:01:16.646+0000] {processor.py:179} INFO - Processing /home/airflow/.local/lib/python3.8/site-packages/airflow/example_dags/tutorial_dag.py took 0.026 seconds
[2024-10-06T23:01:47.156+0000] {processor.py:157} INFO - Started process (PID=27630) to work on /home/airflow/.local/lib/python3.8/site-packages/airflow/example_dags/tutorial_dag.py
[2024-10-06T23:01:47.156+0000] {processor.py:829} INFO - Processing file /home/airflow/.local/lib/python3.8/site-packages/airflow/example_dags/tutorial_dag.py for tasks to queue
[2024-10-06T23:01:47.157+0000] {logging_mixin.py:154} INFO - [2024-10-06T23:01:47.157+0000] {dagbag.py:536} INFO - Filling up the DagBag from /home/airflow/.local/lib/python3.8/site-packages/airflow/example_dags/tutorial_dag.py
[2024-10-06T23:01:47.160+0000] {processor.py:839} INFO - DAG(s) dict_keys(['tutorial_dag']) retrieved from /home/airflow/.local/lib/python3.8/site-packages/airflow/example_dags/tutorial_dag.py
[2024-10-06T23:01:47.168+0000] {logging_mixin.py:154} INFO - [2024-10-06T23:01:47.168+0000] {dag.py:2941} INFO - Sync 1 DAGs
[2024-10-06T23:01:47.173+0000] {logging_mixin.py:154} INFO - [2024-10-06T23:01:47.173+0000] {dag.py:3722} INFO - Setting next_dagrun for tutorial_dag to None, run_after=None
[2024-10-06T23:01:47.179+0000] {processor.py:179} INFO - Processing /home/airflow/.local/lib/python3.8/site-packages/airflow/example_dags/tutorial_dag.py took 0.025 seconds
[2024-10-06T23:02:17.604+0000] {processor.py:157} INFO - Started process (PID=27685) to work on /home/airflow/.local/lib/python3.8/site-packages/airflow/example_dags/tutorial_dag.py
[2024-10-06T23:02:17.604+0000] {processor.py:829} INFO - Processing file /home/airflow/.local/lib/python3.8/site-packages/airflow/example_dags/tutorial_dag.py for tasks to queue
[2024-10-06T23:02:17.605+0000] {logging_mixin.py:154} INFO - [2024-10-06T23:02:17.605+0000] {dagbag.py:536} INFO - Filling up the DagBag from /home/airflow/.local/lib/python3.8/site-packages/airflow/example_dags/tutorial_dag.py
[2024-10-06T23:02:17.608+0000] {processor.py:839} INFO - DAG(s) dict_keys(['tutorial_dag']) retrieved from /home/airflow/.local/lib/python3.8/site-packages/airflow/example_dags/tutorial_dag.py
[2024-10-06T23:02:17.616+0000] {logging_mixin.py:154} INFO - [2024-10-06T23:02:17.616+0000] {dag.py:2941} INFO - Sync 1 DAGs
[2024-10-06T23:02:17.621+0000] {logging_mixin.py:154} INFO - [2024-10-06T23:02:17.621+0000] {dag.py:3722} INFO - Setting next_dagrun for tutorial_dag to None, run_after=None
[2024-10-06T23:02:17.628+0000] {processor.py:179} INFO - Processing /home/airflow/.local/lib/python3.8/site-packages/airflow/example_dags/tutorial_dag.py took 0.025 seconds
[2024-10-06T23:02:48.022+0000] {processor.py:157} INFO - Started process (PID=27739) to work on /home/airflow/.local/lib/python3.8/site-packages/airflow/example_dags/tutorial_dag.py
[2024-10-06T23:02:48.023+0000] {processor.py:829} INFO - Processing file /home/airflow/.local/lib/python3.8/site-packages/airflow/example_dags/tutorial_dag.py for tasks to queue
[2024-10-06T23:02:48.024+0000] {logging_mixin.py:154} INFO - [2024-10-06T23:02:48.024+0000] {dagbag.py:536} INFO - Filling up the DagBag from /home/airflow/.local/lib/python3.8/site-packages/airflow/example_dags/tutorial_dag.py
[2024-10-06T23:02:48.026+0000] {processor.py:839} INFO - DAG(s) dict_keys(['tutorial_dag']) retrieved from /home/airflow/.local/lib/python3.8/site-packages/airflow/example_dags/tutorial_dag.py
[2024-10-06T23:02:48.035+0000] {logging_mixin.py:154} INFO - [2024-10-06T23:02:48.035+0000] {dag.py:2941} INFO - Sync 1 DAGs
[2024-10-06T23:02:48.040+0000] {logging_mixin.py:154} INFO - [2024-10-06T23:02:48.040+0000] {dag.py:3722} INFO - Setting next_dagrun for tutorial_dag to None, run_after=None
[2024-10-06T23:02:48.046+0000] {processor.py:179} INFO - Processing /home/airflow/.local/lib/python3.8/site-packages/airflow/example_dags/tutorial_dag.py took 0.026 seconds
[2024-10-06T23:03:18.423+0000] {processor.py:157} INFO - Started process (PID=27793) to work on /home/airflow/.local/lib/python3.8/site-packages/airflow/example_dags/tutorial_dag.py
[2024-10-06T23:03:18.424+0000] {processor.py:829} INFO - Processing file /home/airflow/.local/lib/python3.8/site-packages/airflow/example_dags/tutorial_dag.py for tasks to queue
[2024-10-06T23:03:18.425+0000] {logging_mixin.py:154} INFO - [2024-10-06T23:03:18.425+0000] {dagbag.py:536} INFO - Filling up the DagBag from /home/airflow/.local/lib/python3.8/site-packages/airflow/example_dags/tutorial_dag.py
[2024-10-06T23:03:18.428+0000] {processor.py:839} INFO - DAG(s) dict_keys(['tutorial_dag']) retrieved from /home/airflow/.local/lib/python3.8/site-packages/airflow/example_dags/tutorial_dag.py
[2024-10-06T23:03:18.436+0000] {logging_mixin.py:154} INFO - [2024-10-06T23:03:18.436+0000] {dag.py:2941} INFO - Sync 1 DAGs
[2024-10-06T23:03:18.441+0000] {logging_mixin.py:154} INFO - [2024-10-06T23:03:18.441+0000] {dag.py:3722} INFO - Setting next_dagrun for tutorial_dag to None, run_after=None
[2024-10-06T23:03:18.447+0000] {processor.py:179} INFO - Processing /home/airflow/.local/lib/python3.8/site-packages/airflow/example_dags/tutorial_dag.py took 0.026 seconds
[2024-10-06T23:03:48.912+0000] {processor.py:157} INFO - Started process (PID=27847) to work on /home/airflow/.local/lib/python3.8/site-packages/airflow/example_dags/tutorial_dag.py
[2024-10-06T23:03:48.913+0000] {processor.py:829} INFO - Processing file /home/airflow/.local/lib/python3.8/site-packages/airflow/example_dags/tutorial_dag.py for tasks to queue
[2024-10-06T23:03:48.914+0000] {logging_mixin.py:154} INFO - [2024-10-06T23:03:48.914+0000] {dagbag.py:536} INFO - Filling up the DagBag from /home/airflow/.local/lib/python3.8/site-packages/airflow/example_dags/tutorial_dag.py
[2024-10-06T23:03:48.916+0000] {processor.py:839} INFO - DAG(s) dict_keys(['tutorial_dag']) retrieved from /home/airflow/.local/lib/python3.8/site-packages/airflow/example_dags/tutorial_dag.py
[2024-10-06T23:03:48.925+0000] {logging_mixin.py:154} INFO - [2024-10-06T23:03:48.925+0000] {dag.py:2941} INFO - Sync 1 DAGs
[2024-10-06T23:03:48.930+0000] {logging_mixin.py:154} INFO - [2024-10-06T23:03:48.930+0000] {dag.py:3722} INFO - Setting next_dagrun for tutorial_dag to None, run_after=None
[2024-10-06T23:03:48.937+0000] {processor.py:179} INFO - Processing /home/airflow/.local/lib/python3.8/site-packages/airflow/example_dags/tutorial_dag.py took 0.026 seconds
[2024-10-06T23:04:19.345+0000] {processor.py:157} INFO - Started process (PID=27901) to work on /home/airflow/.local/lib/python3.8/site-packages/airflow/example_dags/tutorial_dag.py
[2024-10-06T23:04:19.345+0000] {processor.py:829} INFO - Processing file /home/airflow/.local/lib/python3.8/site-packages/airflow/example_dags/tutorial_dag.py for tasks to queue
[2024-10-06T23:04:19.346+0000] {logging_mixin.py:154} INFO - [2024-10-06T23:04:19.346+0000] {dagbag.py:536} INFO - Filling up the DagBag from /home/airflow/.local/lib/python3.8/site-packages/airflow/example_dags/tutorial_dag.py
[2024-10-06T23:04:19.349+0000] {processor.py:839} INFO - DAG(s) dict_keys(['tutorial_dag']) retrieved from /home/airflow/.local/lib/python3.8/site-packages/airflow/example_dags/tutorial_dag.py
[2024-10-06T23:04:19.358+0000] {logging_mixin.py:154} INFO - [2024-10-06T23:04:19.358+0000] {dag.py:2941} INFO - Sync 1 DAGs
[2024-10-06T23:04:19.363+0000] {logging_mixin.py:154} INFO - [2024-10-06T23:04:19.363+0000] {dag.py:3722} INFO - Setting next_dagrun for tutorial_dag to None, run_after=None
[2024-10-06T23:04:19.369+0000] {processor.py:179} INFO - Processing /home/airflow/.local/lib/python3.8/site-packages/airflow/example_dags/tutorial_dag.py took 0.026 seconds
[2024-10-06T23:04:49.800+0000] {processor.py:157} INFO - Started process (PID=27955) to work on /home/airflow/.local/lib/python3.8/site-packages/airflow/example_dags/tutorial_dag.py
[2024-10-06T23:04:49.801+0000] {processor.py:829} INFO - Processing file /home/airflow/.local/lib/python3.8/site-packages/airflow/example_dags/tutorial_dag.py for tasks to queue
[2024-10-06T23:04:49.802+0000] {logging_mixin.py:154} INFO - [2024-10-06T23:04:49.802+0000] {dagbag.py:536} INFO - Filling up the DagBag from /home/airflow/.local/lib/python3.8/site-packages/airflow/example_dags/tutorial_dag.py
[2024-10-06T23:04:49.804+0000] {processor.py:839} INFO - DAG(s) dict_keys(['tutorial_dag']) retrieved from /home/airflow/.local/lib/python3.8/site-packages/airflow/example_dags/tutorial_dag.py
[2024-10-06T23:04:49.813+0000] {logging_mixin.py:154} INFO - [2024-10-06T23:04:49.813+0000] {dag.py:2941} INFO - Sync 1 DAGs
[2024-10-06T23:04:49.818+0000] {logging_mixin.py:154} INFO - [2024-10-06T23:04:49.818+0000] {dag.py:3722} INFO - Setting next_dagrun for tutorial_dag to None, run_after=None
[2024-10-06T23:04:49.825+0000] {processor.py:179} INFO - Processing /home/airflow/.local/lib/python3.8/site-packages/airflow/example_dags/tutorial_dag.py took 0.026 seconds
[2024-10-06T23:05:20.216+0000] {processor.py:157} INFO - Started process (PID=28009) to work on /home/airflow/.local/lib/python3.8/site-packages/airflow/example_dags/tutorial_dag.py
[2024-10-06T23:05:20.217+0000] {processor.py:829} INFO - Processing file /home/airflow/.local/lib/python3.8/site-packages/airflow/example_dags/tutorial_dag.py for tasks to queue
[2024-10-06T23:05:20.218+0000] {logging_mixin.py:154} INFO - [2024-10-06T23:05:20.218+0000] {dagbag.py:536} INFO - Filling up the DagBag from /home/airflow/.local/lib/python3.8/site-packages/airflow/example_dags/tutorial_dag.py
[2024-10-06T23:05:20.221+0000] {processor.py:839} INFO - DAG(s) dict_keys(['tutorial_dag']) retrieved from /home/airflow/.local/lib/python3.8/site-packages/airflow/example_dags/tutorial_dag.py
[2024-10-06T23:05:20.230+0000] {logging_mixin.py:154} INFO - [2024-10-06T23:05:20.230+0000] {dag.py:2941} INFO - Sync 1 DAGs
[2024-10-06T23:05:20.235+0000] {logging_mixin.py:154} INFO - [2024-10-06T23:05:20.235+0000] {dag.py:3722} INFO - Setting next_dagrun for tutorial_dag to None, run_after=None
[2024-10-06T23:05:20.242+0000] {processor.py:179} INFO - Processing /home/airflow/.local/lib/python3.8/site-packages/airflow/example_dags/tutorial_dag.py took 0.027 seconds
[2024-10-06T23:05:50.600+0000] {processor.py:157} INFO - Started process (PID=28063) to work on /home/airflow/.local/lib/python3.8/site-packages/airflow/example_dags/tutorial_dag.py
[2024-10-06T23:05:50.600+0000] {processor.py:829} INFO - Processing file /home/airflow/.local/lib/python3.8/site-packages/airflow/example_dags/tutorial_dag.py for tasks to queue
[2024-10-06T23:05:50.601+0000] {logging_mixin.py:154} INFO - [2024-10-06T23:05:50.601+0000] {dagbag.py:536} INFO - Filling up the DagBag from /home/airflow/.local/lib/python3.8/site-packages/airflow/example_dags/tutorial_dag.py
[2024-10-06T23:05:50.604+0000] {processor.py:839} INFO - DAG(s) dict_keys(['tutorial_dag']) retrieved from /home/airflow/.local/lib/python3.8/site-packages/airflow/example_dags/tutorial_dag.py
[2024-10-06T23:05:50.613+0000] {logging_mixin.py:154} INFO - [2024-10-06T23:05:50.613+0000] {dag.py:2941} INFO - Sync 1 DAGs
[2024-10-06T23:05:50.618+0000] {logging_mixin.py:154} INFO - [2024-10-06T23:05:50.618+0000] {dag.py:3722} INFO - Setting next_dagrun for tutorial_dag to None, run_after=None
[2024-10-06T23:05:50.624+0000] {processor.py:179} INFO - Processing /home/airflow/.local/lib/python3.8/site-packages/airflow/example_dags/tutorial_dag.py took 0.026 seconds
[2024-10-06T23:06:21.040+0000] {processor.py:157} INFO - Started process (PID=28117) to work on /home/airflow/.local/lib/python3.8/site-packages/airflow/example_dags/tutorial_dag.py
[2024-10-06T23:06:21.041+0000] {processor.py:829} INFO - Processing file /home/airflow/.local/lib/python3.8/site-packages/airflow/example_dags/tutorial_dag.py for tasks to queue
[2024-10-06T23:06:21.042+0000] {logging_mixin.py:154} INFO - [2024-10-06T23:06:21.042+0000] {dagbag.py:536} INFO - Filling up the DagBag from /home/airflow/.local/lib/python3.8/site-packages/airflow/example_dags/tutorial_dag.py
[2024-10-06T23:06:21.045+0000] {processor.py:839} INFO - DAG(s) dict_keys(['tutorial_dag']) retrieved from /home/airflow/.local/lib/python3.8/site-packages/airflow/example_dags/tutorial_dag.py
[2024-10-06T23:06:21.054+0000] {logging_mixin.py:154} INFO - [2024-10-06T23:06:21.053+0000] {dag.py:2941} INFO - Sync 1 DAGs
[2024-10-06T23:06:21.058+0000] {logging_mixin.py:154} INFO - [2024-10-06T23:06:21.058+0000] {dag.py:3722} INFO - Setting next_dagrun for tutorial_dag to None, run_after=None
[2024-10-06T23:06:21.065+0000] {processor.py:179} INFO - Processing /home/airflow/.local/lib/python3.8/site-packages/airflow/example_dags/tutorial_dag.py took 0.026 seconds
[2024-10-06T23:06:51.484+0000] {processor.py:157} INFO - Started process (PID=28171) to work on /home/airflow/.local/lib/python3.8/site-packages/airflow/example_dags/tutorial_dag.py
[2024-10-06T23:06:51.485+0000] {processor.py:829} INFO - Processing file /home/airflow/.local/lib/python3.8/site-packages/airflow/example_dags/tutorial_dag.py for tasks to queue
[2024-10-06T23:06:51.486+0000] {logging_mixin.py:154} INFO - [2024-10-06T23:06:51.486+0000] {dagbag.py:536} INFO - Filling up the DagBag from /home/airflow/.local/lib/python3.8/site-packages/airflow/example_dags/tutorial_dag.py
[2024-10-06T23:06:51.489+0000] {processor.py:839} INFO - DAG(s) dict_keys(['tutorial_dag']) retrieved from /home/airflow/.local/lib/python3.8/site-packages/airflow/example_dags/tutorial_dag.py
[2024-10-06T23:06:51.497+0000] {logging_mixin.py:154} INFO - [2024-10-06T23:06:51.497+0000] {dag.py:2941} INFO - Sync 1 DAGs
[2024-10-06T23:06:51.502+0000] {logging_mixin.py:154} INFO - [2024-10-06T23:06:51.502+0000] {dag.py:3722} INFO - Setting next_dagrun for tutorial_dag to None, run_after=None
[2024-10-06T23:06:51.508+0000] {processor.py:179} INFO - Processing /home/airflow/.local/lib/python3.8/site-packages/airflow/example_dags/tutorial_dag.py took 0.025 seconds
[2024-10-06T23:07:21.914+0000] {processor.py:157} INFO - Started process (PID=28225) to work on /home/airflow/.local/lib/python3.8/site-packages/airflow/example_dags/tutorial_dag.py
[2024-10-06T23:07:21.915+0000] {processor.py:829} INFO - Processing file /home/airflow/.local/lib/python3.8/site-packages/airflow/example_dags/tutorial_dag.py for tasks to queue
[2024-10-06T23:07:21.916+0000] {logging_mixin.py:154} INFO - [2024-10-06T23:07:21.915+0000] {dagbag.py:536} INFO - Filling up the DagBag from /home/airflow/.local/lib/python3.8/site-packages/airflow/example_dags/tutorial_dag.py
[2024-10-06T23:07:21.918+0000] {processor.py:839} INFO - DAG(s) dict_keys(['tutorial_dag']) retrieved from /home/airflow/.local/lib/python3.8/site-packages/airflow/example_dags/tutorial_dag.py
[2024-10-06T23:07:21.928+0000] {logging_mixin.py:154} INFO - [2024-10-06T23:07:21.928+0000] {dag.py:2941} INFO - Sync 1 DAGs
[2024-10-06T23:07:21.933+0000] {logging_mixin.py:154} INFO - [2024-10-06T23:07:21.933+0000] {dag.py:3722} INFO - Setting next_dagrun for tutorial_dag to None, run_after=None
[2024-10-06T23:07:21.939+0000] {processor.py:179} INFO - Processing /home/airflow/.local/lib/python3.8/site-packages/airflow/example_dags/tutorial_dag.py took 0.027 seconds
[2024-10-06T23:07:52.366+0000] {processor.py:157} INFO - Started process (PID=28279) to work on /home/airflow/.local/lib/python3.8/site-packages/airflow/example_dags/tutorial_dag.py
[2024-10-06T23:07:52.367+0000] {processor.py:829} INFO - Processing file /home/airflow/.local/lib/python3.8/site-packages/airflow/example_dags/tutorial_dag.py for tasks to queue
[2024-10-06T23:07:52.368+0000] {logging_mixin.py:154} INFO - [2024-10-06T23:07:52.368+0000] {dagbag.py:536} INFO - Filling up the DagBag from /home/airflow/.local/lib/python3.8/site-packages/airflow/example_dags/tutorial_dag.py
[2024-10-06T23:07:52.370+0000] {processor.py:839} INFO - DAG(s) dict_keys(['tutorial_dag']) retrieved from /home/airflow/.local/lib/python3.8/site-packages/airflow/example_dags/tutorial_dag.py
[2024-10-06T23:07:52.379+0000] {logging_mixin.py:154} INFO - [2024-10-06T23:07:52.379+0000] {dag.py:2941} INFO - Sync 1 DAGs
[2024-10-06T23:07:52.384+0000] {logging_mixin.py:154} INFO - [2024-10-06T23:07:52.384+0000] {dag.py:3722} INFO - Setting next_dagrun for tutorial_dag to None, run_after=None
[2024-10-06T23:07:52.390+0000] {processor.py:179} INFO - Processing /home/airflow/.local/lib/python3.8/site-packages/airflow/example_dags/tutorial_dag.py took 0.026 seconds
[2024-10-06T23:08:22.724+0000] {processor.py:157} INFO - Started process (PID=28333) to work on /home/airflow/.local/lib/python3.8/site-packages/airflow/example_dags/tutorial_dag.py
[2024-10-06T23:08:22.725+0000] {processor.py:829} INFO - Processing file /home/airflow/.local/lib/python3.8/site-packages/airflow/example_dags/tutorial_dag.py for tasks to queue
[2024-10-06T23:08:22.726+0000] {logging_mixin.py:154} INFO - [2024-10-06T23:08:22.726+0000] {dagbag.py:536} INFO - Filling up the DagBag from /home/airflow/.local/lib/python3.8/site-packages/airflow/example_dags/tutorial_dag.py
[2024-10-06T23:08:22.729+0000] {processor.py:839} INFO - DAG(s) dict_keys(['tutorial_dag']) retrieved from /home/airflow/.local/lib/python3.8/site-packages/airflow/example_dags/tutorial_dag.py
[2024-10-06T23:08:22.737+0000] {logging_mixin.py:154} INFO - [2024-10-06T23:08:22.737+0000] {dag.py:2941} INFO - Sync 1 DAGs
[2024-10-06T23:08:22.742+0000] {logging_mixin.py:154} INFO - [2024-10-06T23:08:22.742+0000] {dag.py:3722} INFO - Setting next_dagrun for tutorial_dag to None, run_after=None
[2024-10-06T23:08:22.748+0000] {processor.py:179} INFO - Processing /home/airflow/.local/lib/python3.8/site-packages/airflow/example_dags/tutorial_dag.py took 0.025 seconds
[2024-10-06T23:08:53.163+0000] {processor.py:157} INFO - Started process (PID=28394) to work on /home/airflow/.local/lib/python3.8/site-packages/airflow/example_dags/tutorial_dag.py
[2024-10-06T23:08:53.164+0000] {processor.py:829} INFO - Processing file /home/airflow/.local/lib/python3.8/site-packages/airflow/example_dags/tutorial_dag.py for tasks to queue
[2024-10-06T23:08:53.165+0000] {logging_mixin.py:154} INFO - [2024-10-06T23:08:53.165+0000] {dagbag.py:536} INFO - Filling up the DagBag from /home/airflow/.local/lib/python3.8/site-packages/airflow/example_dags/tutorial_dag.py
[2024-10-06T23:08:53.167+0000] {processor.py:839} INFO - DAG(s) dict_keys(['tutorial_dag']) retrieved from /home/airflow/.local/lib/python3.8/site-packages/airflow/example_dags/tutorial_dag.py
[2024-10-06T23:08:53.176+0000] {logging_mixin.py:154} INFO - [2024-10-06T23:08:53.176+0000] {dag.py:2941} INFO - Sync 1 DAGs
[2024-10-06T23:08:53.181+0000] {logging_mixin.py:154} INFO - [2024-10-06T23:08:53.181+0000] {dag.py:3722} INFO - Setting next_dagrun for tutorial_dag to None, run_after=None
[2024-10-06T23:08:53.187+0000] {processor.py:179} INFO - Processing /home/airflow/.local/lib/python3.8/site-packages/airflow/example_dags/tutorial_dag.py took 0.026 seconds
[2024-10-06T23:09:23.551+0000] {processor.py:157} INFO - Started process (PID=28448) to work on /home/airflow/.local/lib/python3.8/site-packages/airflow/example_dags/tutorial_dag.py
[2024-10-06T23:09:23.552+0000] {processor.py:829} INFO - Processing file /home/airflow/.local/lib/python3.8/site-packages/airflow/example_dags/tutorial_dag.py for tasks to queue
[2024-10-06T23:09:23.554+0000] {logging_mixin.py:154} INFO - [2024-10-06T23:09:23.553+0000] {dagbag.py:536} INFO - Filling up the DagBag from /home/airflow/.local/lib/python3.8/site-packages/airflow/example_dags/tutorial_dag.py
[2024-10-06T23:09:23.556+0000] {processor.py:839} INFO - DAG(s) dict_keys(['tutorial_dag']) retrieved from /home/airflow/.local/lib/python3.8/site-packages/airflow/example_dags/tutorial_dag.py
[2024-10-06T23:09:23.566+0000] {logging_mixin.py:154} INFO - [2024-10-06T23:09:23.565+0000] {dag.py:2941} INFO - Sync 1 DAGs
[2024-10-06T23:09:23.571+0000] {logging_mixin.py:154} INFO - [2024-10-06T23:09:23.571+0000] {dag.py:3722} INFO - Setting next_dagrun for tutorial_dag to None, run_after=None
[2024-10-06T23:09:23.577+0000] {processor.py:179} INFO - Processing /home/airflow/.local/lib/python3.8/site-packages/airflow/example_dags/tutorial_dag.py took 0.028 seconds
[2024-10-06T23:09:54.071+0000] {processor.py:157} INFO - Started process (PID=28502) to work on /home/airflow/.local/lib/python3.8/site-packages/airflow/example_dags/tutorial_dag.py
[2024-10-06T23:09:54.072+0000] {processor.py:829} INFO - Processing file /home/airflow/.local/lib/python3.8/site-packages/airflow/example_dags/tutorial_dag.py for tasks to queue
[2024-10-06T23:09:54.073+0000] {logging_mixin.py:154} INFO - [2024-10-06T23:09:54.073+0000] {dagbag.py:536} INFO - Filling up the DagBag from /home/airflow/.local/lib/python3.8/site-packages/airflow/example_dags/tutorial_dag.py
[2024-10-06T23:09:54.075+0000] {processor.py:839} INFO - DAG(s) dict_keys(['tutorial_dag']) retrieved from /home/airflow/.local/lib/python3.8/site-packages/airflow/example_dags/tutorial_dag.py
[2024-10-06T23:09:54.085+0000] {logging_mixin.py:154} INFO - [2024-10-06T23:09:54.085+0000] {dag.py:2941} INFO - Sync 1 DAGs
[2024-10-06T23:09:54.091+0000] {logging_mixin.py:154} INFO - [2024-10-06T23:09:54.091+0000] {dag.py:3722} INFO - Setting next_dagrun for tutorial_dag to None, run_after=None
[2024-10-06T23:09:54.098+0000] {processor.py:179} INFO - Processing /home/airflow/.local/lib/python3.8/site-packages/airflow/example_dags/tutorial_dag.py took 0.029 seconds
[2024-10-06T23:10:24.506+0000] {processor.py:157} INFO - Started process (PID=28556) to work on /home/airflow/.local/lib/python3.8/site-packages/airflow/example_dags/tutorial_dag.py
[2024-10-06T23:10:24.507+0000] {processor.py:829} INFO - Processing file /home/airflow/.local/lib/python3.8/site-packages/airflow/example_dags/tutorial_dag.py for tasks to queue
[2024-10-06T23:10:24.508+0000] {logging_mixin.py:154} INFO - [2024-10-06T23:10:24.507+0000] {dagbag.py:536} INFO - Filling up the DagBag from /home/airflow/.local/lib/python3.8/site-packages/airflow/example_dags/tutorial_dag.py
[2024-10-06T23:10:24.510+0000] {processor.py:839} INFO - DAG(s) dict_keys(['tutorial_dag']) retrieved from /home/airflow/.local/lib/python3.8/site-packages/airflow/example_dags/tutorial_dag.py
[2024-10-06T23:10:24.519+0000] {logging_mixin.py:154} INFO - [2024-10-06T23:10:24.519+0000] {dag.py:2941} INFO - Sync 1 DAGs
[2024-10-06T23:10:24.524+0000] {logging_mixin.py:154} INFO - [2024-10-06T23:10:24.524+0000] {dag.py:3722} INFO - Setting next_dagrun for tutorial_dag to None, run_after=None
[2024-10-06T23:10:24.531+0000] {processor.py:179} INFO - Processing /home/airflow/.local/lib/python3.8/site-packages/airflow/example_dags/tutorial_dag.py took 0.026 seconds
[2024-10-06T23:10:54.911+0000] {processor.py:157} INFO - Started process (PID=28610) to work on /home/airflow/.local/lib/python3.8/site-packages/airflow/example_dags/tutorial_dag.py
[2024-10-06T23:10:54.911+0000] {processor.py:829} INFO - Processing file /home/airflow/.local/lib/python3.8/site-packages/airflow/example_dags/tutorial_dag.py for tasks to queue
[2024-10-06T23:10:54.912+0000] {logging_mixin.py:154} INFO - [2024-10-06T23:10:54.912+0000] {dagbag.py:536} INFO - Filling up the DagBag from /home/airflow/.local/lib/python3.8/site-packages/airflow/example_dags/tutorial_dag.py
[2024-10-06T23:10:54.915+0000] {processor.py:839} INFO - DAG(s) dict_keys(['tutorial_dag']) retrieved from /home/airflow/.local/lib/python3.8/site-packages/airflow/example_dags/tutorial_dag.py
[2024-10-06T23:10:54.924+0000] {logging_mixin.py:154} INFO - [2024-10-06T23:10:54.924+0000] {dag.py:2941} INFO - Sync 1 DAGs
[2024-10-06T23:10:54.929+0000] {logging_mixin.py:154} INFO - [2024-10-06T23:10:54.929+0000] {dag.py:3722} INFO - Setting next_dagrun for tutorial_dag to None, run_after=None
[2024-10-06T23:10:54.935+0000] {processor.py:179} INFO - Processing /home/airflow/.local/lib/python3.8/site-packages/airflow/example_dags/tutorial_dag.py took 0.026 seconds
[2024-10-06T23:11:25.310+0000] {processor.py:157} INFO - Started process (PID=28664) to work on /home/airflow/.local/lib/python3.8/site-packages/airflow/example_dags/tutorial_dag.py
[2024-10-06T23:11:25.310+0000] {processor.py:829} INFO - Processing file /home/airflow/.local/lib/python3.8/site-packages/airflow/example_dags/tutorial_dag.py for tasks to queue
[2024-10-06T23:11:25.311+0000] {logging_mixin.py:154} INFO - [2024-10-06T23:11:25.311+0000] {dagbag.py:536} INFO - Filling up the DagBag from /home/airflow/.local/lib/python3.8/site-packages/airflow/example_dags/tutorial_dag.py
[2024-10-06T23:11:25.314+0000] {processor.py:839} INFO - DAG(s) dict_keys(['tutorial_dag']) retrieved from /home/airflow/.local/lib/python3.8/site-packages/airflow/example_dags/tutorial_dag.py
[2024-10-06T23:11:25.323+0000] {logging_mixin.py:154} INFO - [2024-10-06T23:11:25.322+0000] {dag.py:2941} INFO - Sync 1 DAGs
[2024-10-06T23:11:25.328+0000] {logging_mixin.py:154} INFO - [2024-10-06T23:11:25.328+0000] {dag.py:3722} INFO - Setting next_dagrun for tutorial_dag to None, run_after=None
[2024-10-06T23:11:25.334+0000] {processor.py:179} INFO - Processing /home/airflow/.local/lib/python3.8/site-packages/airflow/example_dags/tutorial_dag.py took 0.025 seconds
[2024-10-06T23:11:55.775+0000] {processor.py:157} INFO - Started process (PID=28718) to work on /home/airflow/.local/lib/python3.8/site-packages/airflow/example_dags/tutorial_dag.py
[2024-10-06T23:11:55.775+0000] {processor.py:829} INFO - Processing file /home/airflow/.local/lib/python3.8/site-packages/airflow/example_dags/tutorial_dag.py for tasks to queue
[2024-10-06T23:11:55.776+0000] {logging_mixin.py:154} INFO - [2024-10-06T23:11:55.776+0000] {dagbag.py:536} INFO - Filling up the DagBag from /home/airflow/.local/lib/python3.8/site-packages/airflow/example_dags/tutorial_dag.py
[2024-10-06T23:11:55.779+0000] {processor.py:839} INFO - DAG(s) dict_keys(['tutorial_dag']) retrieved from /home/airflow/.local/lib/python3.8/site-packages/airflow/example_dags/tutorial_dag.py
[2024-10-06T23:11:55.789+0000] {logging_mixin.py:154} INFO - [2024-10-06T23:11:55.789+0000] {dag.py:2941} INFO - Sync 1 DAGs
[2024-10-06T23:11:55.795+0000] {logging_mixin.py:154} INFO - [2024-10-06T23:11:55.795+0000] {dag.py:3722} INFO - Setting next_dagrun for tutorial_dag to None, run_after=None
[2024-10-06T23:11:55.802+0000] {processor.py:179} INFO - Processing /home/airflow/.local/lib/python3.8/site-packages/airflow/example_dags/tutorial_dag.py took 0.029 seconds
[2024-10-06T23:12:26.257+0000] {processor.py:157} INFO - Started process (PID=28772) to work on /home/airflow/.local/lib/python3.8/site-packages/airflow/example_dags/tutorial_dag.py
[2024-10-06T23:12:26.257+0000] {processor.py:829} INFO - Processing file /home/airflow/.local/lib/python3.8/site-packages/airflow/example_dags/tutorial_dag.py for tasks to queue
[2024-10-06T23:12:26.258+0000] {logging_mixin.py:154} INFO - [2024-10-06T23:12:26.258+0000] {dagbag.py:536} INFO - Filling up the DagBag from /home/airflow/.local/lib/python3.8/site-packages/airflow/example_dags/tutorial_dag.py
[2024-10-06T23:12:26.261+0000] {processor.py:839} INFO - DAG(s) dict_keys(['tutorial_dag']) retrieved from /home/airflow/.local/lib/python3.8/site-packages/airflow/example_dags/tutorial_dag.py
[2024-10-06T23:12:26.270+0000] {logging_mixin.py:154} INFO - [2024-10-06T23:12:26.270+0000] {dag.py:2941} INFO - Sync 1 DAGs
[2024-10-06T23:12:26.275+0000] {logging_mixin.py:154} INFO - [2024-10-06T23:12:26.275+0000] {dag.py:3722} INFO - Setting next_dagrun for tutorial_dag to None, run_after=None
[2024-10-06T23:12:26.281+0000] {processor.py:179} INFO - Processing /home/airflow/.local/lib/python3.8/site-packages/airflow/example_dags/tutorial_dag.py took 0.026 seconds
[2024-10-06T23:12:56.726+0000] {processor.py:157} INFO - Started process (PID=28826) to work on /home/airflow/.local/lib/python3.8/site-packages/airflow/example_dags/tutorial_dag.py
[2024-10-06T23:12:56.727+0000] {processor.py:829} INFO - Processing file /home/airflow/.local/lib/python3.8/site-packages/airflow/example_dags/tutorial_dag.py for tasks to queue
[2024-10-06T23:12:56.728+0000] {logging_mixin.py:154} INFO - [2024-10-06T23:12:56.727+0000] {dagbag.py:536} INFO - Filling up the DagBag from /home/airflow/.local/lib/python3.8/site-packages/airflow/example_dags/tutorial_dag.py
[2024-10-06T23:12:56.730+0000] {processor.py:839} INFO - DAG(s) dict_keys(['tutorial_dag']) retrieved from /home/airflow/.local/lib/python3.8/site-packages/airflow/example_dags/tutorial_dag.py
[2024-10-06T23:12:56.739+0000] {logging_mixin.py:154} INFO - [2024-10-06T23:12:56.739+0000] {dag.py:2941} INFO - Sync 1 DAGs
[2024-10-06T23:12:56.744+0000] {logging_mixin.py:154} INFO - [2024-10-06T23:12:56.744+0000] {dag.py:3722} INFO - Setting next_dagrun for tutorial_dag to None, run_after=None
[2024-10-06T23:12:56.751+0000] {processor.py:179} INFO - Processing /home/airflow/.local/lib/python3.8/site-packages/airflow/example_dags/tutorial_dag.py took 0.026 seconds
[2024-10-06T23:13:27.176+0000] {processor.py:157} INFO - Started process (PID=28880) to work on /home/airflow/.local/lib/python3.8/site-packages/airflow/example_dags/tutorial_dag.py
[2024-10-06T23:13:27.176+0000] {processor.py:829} INFO - Processing file /home/airflow/.local/lib/python3.8/site-packages/airflow/example_dags/tutorial_dag.py for tasks to queue
[2024-10-06T23:13:27.177+0000] {logging_mixin.py:154} INFO - [2024-10-06T23:13:27.177+0000] {dagbag.py:536} INFO - Filling up the DagBag from /home/airflow/.local/lib/python3.8/site-packages/airflow/example_dags/tutorial_dag.py
[2024-10-06T23:13:27.180+0000] {processor.py:839} INFO - DAG(s) dict_keys(['tutorial_dag']) retrieved from /home/airflow/.local/lib/python3.8/site-packages/airflow/example_dags/tutorial_dag.py
[2024-10-06T23:13:27.188+0000] {logging_mixin.py:154} INFO - [2024-10-06T23:13:27.188+0000] {dag.py:2941} INFO - Sync 1 DAGs
[2024-10-06T23:13:27.194+0000] {logging_mixin.py:154} INFO - [2024-10-06T23:13:27.194+0000] {dag.py:3722} INFO - Setting next_dagrun for tutorial_dag to None, run_after=None
[2024-10-06T23:13:27.200+0000] {processor.py:179} INFO - Processing /home/airflow/.local/lib/python3.8/site-packages/airflow/example_dags/tutorial_dag.py took 0.026 seconds
[2024-10-06T23:13:57.642+0000] {processor.py:157} INFO - Started process (PID=28934) to work on /home/airflow/.local/lib/python3.8/site-packages/airflow/example_dags/tutorial_dag.py
[2024-10-06T23:13:57.643+0000] {processor.py:829} INFO - Processing file /home/airflow/.local/lib/python3.8/site-packages/airflow/example_dags/tutorial_dag.py for tasks to queue
[2024-10-06T23:13:57.644+0000] {logging_mixin.py:154} INFO - [2024-10-06T23:13:57.644+0000] {dagbag.py:536} INFO - Filling up the DagBag from /home/airflow/.local/lib/python3.8/site-packages/airflow/example_dags/tutorial_dag.py
[2024-10-06T23:13:57.647+0000] {processor.py:839} INFO - DAG(s) dict_keys(['tutorial_dag']) retrieved from /home/airflow/.local/lib/python3.8/site-packages/airflow/example_dags/tutorial_dag.py
[2024-10-06T23:13:57.657+0000] {logging_mixin.py:154} INFO - [2024-10-06T23:13:57.657+0000] {dag.py:2941} INFO - Sync 1 DAGs
[2024-10-06T23:13:57.662+0000] {logging_mixin.py:154} INFO - [2024-10-06T23:13:57.662+0000] {dag.py:3722} INFO - Setting next_dagrun for tutorial_dag to None, run_after=None
[2024-10-06T23:13:57.669+0000] {processor.py:179} INFO - Processing /home/airflow/.local/lib/python3.8/site-packages/airflow/example_dags/tutorial_dag.py took 0.028 seconds
[2024-10-06T23:14:28.122+0000] {processor.py:157} INFO - Started process (PID=28988) to work on /home/airflow/.local/lib/python3.8/site-packages/airflow/example_dags/tutorial_dag.py
[2024-10-06T23:14:28.122+0000] {processor.py:829} INFO - Processing file /home/airflow/.local/lib/python3.8/site-packages/airflow/example_dags/tutorial_dag.py for tasks to queue
[2024-10-06T23:14:28.123+0000] {logging_mixin.py:154} INFO - [2024-10-06T23:14:28.123+0000] {dagbag.py:536} INFO - Filling up the DagBag from /home/airflow/.local/lib/python3.8/site-packages/airflow/example_dags/tutorial_dag.py
[2024-10-06T23:14:28.126+0000] {processor.py:839} INFO - DAG(s) dict_keys(['tutorial_dag']) retrieved from /home/airflow/.local/lib/python3.8/site-packages/airflow/example_dags/tutorial_dag.py
[2024-10-06T23:14:28.135+0000] {logging_mixin.py:154} INFO - [2024-10-06T23:14:28.135+0000] {dag.py:2941} INFO - Sync 1 DAGs
[2024-10-06T23:14:28.140+0000] {logging_mixin.py:154} INFO - [2024-10-06T23:14:28.140+0000] {dag.py:3722} INFO - Setting next_dagrun for tutorial_dag to None, run_after=None
[2024-10-06T23:14:28.146+0000] {processor.py:179} INFO - Processing /home/airflow/.local/lib/python3.8/site-packages/airflow/example_dags/tutorial_dag.py took 0.026 seconds
[2024-10-06T23:14:58.603+0000] {processor.py:157} INFO - Started process (PID=29042) to work on /home/airflow/.local/lib/python3.8/site-packages/airflow/example_dags/tutorial_dag.py
[2024-10-06T23:14:58.604+0000] {processor.py:829} INFO - Processing file /home/airflow/.local/lib/python3.8/site-packages/airflow/example_dags/tutorial_dag.py for tasks to queue
[2024-10-06T23:14:58.605+0000] {logging_mixin.py:154} INFO - [2024-10-06T23:14:58.604+0000] {dagbag.py:536} INFO - Filling up the DagBag from /home/airflow/.local/lib/python3.8/site-packages/airflow/example_dags/tutorial_dag.py
[2024-10-06T23:14:58.607+0000] {processor.py:839} INFO - DAG(s) dict_keys(['tutorial_dag']) retrieved from /home/airflow/.local/lib/python3.8/site-packages/airflow/example_dags/tutorial_dag.py
[2024-10-06T23:14:58.617+0000] {logging_mixin.py:154} INFO - [2024-10-06T23:14:58.616+0000] {dag.py:2941} INFO - Sync 1 DAGs
[2024-10-06T23:14:58.622+0000] {logging_mixin.py:154} INFO - [2024-10-06T23:14:58.622+0000] {dag.py:3722} INFO - Setting next_dagrun for tutorial_dag to None, run_after=None
[2024-10-06T23:14:58.628+0000] {processor.py:179} INFO - Processing /home/airflow/.local/lib/python3.8/site-packages/airflow/example_dags/tutorial_dag.py took 0.027 seconds
[2024-10-06T23:15:29.001+0000] {processor.py:157} INFO - Started process (PID=29096) to work on /home/airflow/.local/lib/python3.8/site-packages/airflow/example_dags/tutorial_dag.py
[2024-10-06T23:15:29.001+0000] {processor.py:829} INFO - Processing file /home/airflow/.local/lib/python3.8/site-packages/airflow/example_dags/tutorial_dag.py for tasks to queue
[2024-10-06T23:15:29.002+0000] {logging_mixin.py:154} INFO - [2024-10-06T23:15:29.002+0000] {dagbag.py:536} INFO - Filling up the DagBag from /home/airflow/.local/lib/python3.8/site-packages/airflow/example_dags/tutorial_dag.py
[2024-10-06T23:15:29.004+0000] {processor.py:839} INFO - DAG(s) dict_keys(['tutorial_dag']) retrieved from /home/airflow/.local/lib/python3.8/site-packages/airflow/example_dags/tutorial_dag.py
[2024-10-06T23:15:29.013+0000] {logging_mixin.py:154} INFO - [2024-10-06T23:15:29.013+0000] {dag.py:2941} INFO - Sync 1 DAGs
[2024-10-06T23:15:29.019+0000] {logging_mixin.py:154} INFO - [2024-10-06T23:15:29.018+0000] {dag.py:3722} INFO - Setting next_dagrun for tutorial_dag to None, run_after=None
[2024-10-06T23:15:29.025+0000] {processor.py:179} INFO - Processing /home/airflow/.local/lib/python3.8/site-packages/airflow/example_dags/tutorial_dag.py took 0.026 seconds
[2024-10-06T23:54:56.683+0000] {processor.py:157} INFO - Started process (PID=29143) to work on /home/airflow/.local/lib/python3.8/site-packages/airflow/example_dags/tutorial_dag.py
[2024-10-06T23:54:56.684+0000] {processor.py:829} INFO - Processing file /home/airflow/.local/lib/python3.8/site-packages/airflow/example_dags/tutorial_dag.py for tasks to queue
[2024-10-06T23:54:56.686+0000] {logging_mixin.py:154} INFO - [2024-10-06T23:54:56.686+0000] {dagbag.py:536} INFO - Filling up the DagBag from /home/airflow/.local/lib/python3.8/site-packages/airflow/example_dags/tutorial_dag.py
[2024-10-06T23:54:56.689+0000] {processor.py:839} INFO - DAG(s) dict_keys(['tutorial_dag']) retrieved from /home/airflow/.local/lib/python3.8/site-packages/airflow/example_dags/tutorial_dag.py
[2024-10-06T23:54:56.701+0000] {logging_mixin.py:154} INFO - [2024-10-06T23:54:56.701+0000] {dag.py:2941} INFO - Sync 1 DAGs
[2024-10-06T23:54:56.708+0000] {logging_mixin.py:154} INFO - [2024-10-06T23:54:56.708+0000] {dag.py:3722} INFO - Setting next_dagrun for tutorial_dag to None, run_after=None
[2024-10-06T23:54:56.717+0000] {processor.py:179} INFO - Processing /home/airflow/.local/lib/python3.8/site-packages/airflow/example_dags/tutorial_dag.py took 0.036 seconds
